This is LuaHBTeX, Version 1.13.0 (TeX Live 2021)  (format=lualatex 2021.12.5)  20 AUG 2023 02:15
 restricted system commands enabled.
**bare_conf.tex
(./bare_conf.tex
LaTeX2e <2020-10-01> patch level 4
Lua module: luaotfload 2021-01-08 3.17 Lua based OpenType font support
Lua module: lualibs 2020-12-30 2.73 ConTeXt Lua standard libraries.
Lua module: lualibs-extended 2020-12-30 2.73 ConTeXt Lua libraries -- extended c
ollection.
luaotfload | conf : Root cache directory is "/Users/jovyntan/Library/texlive/202
1/texmf-var/luatex-cache/generic/names".
luaotfload | init : Loading fontloader "fontloader-2021-01-07.lua" from kpse-res
olved path "/usr/local/texlive/2021/texmf-dist/tex/luatex/luaotfload/fontloader-
2021-01-07.lua".
Lua-only attribute luaotfload@noligature = 1
Lua-only attribute luaotfload@syllabe = 2
luaotfload | init : Context OpenType loader version 0x1.8e76c8b439581p+1
Inserting `luaotfload.node_processor' at position 1 in `pre_linebreak_filter'.
Inserting `luaotfload.node_processor' at position 1 in `hpack_filter'.
Inserting `luaotfload.glyph_stream' at position 1 in `glyph_stream_provider'.
Inserting `luaotfload.define_font' at position 1 in `define_font'.
Lua-only attribute luaotfload_color_attribute = 3
luaotfload | conf : Root cache directory is "/Users/jovyntan/Library/texlive/202
1/texmf-var/luatex-cache/generic/names".
Inserting `luaotfload.harf.strip_prefix' at position 1 in `find_opentype_file'.
Inserting `luaotfload.harf.strip_prefix' at position 1 in `find_truetype_file'.
Inserting `luaotfload.harf.finalize_vlist' at position 1 in `post_linebreak_filt
er'.
Inserting `luaotfload.harf.finalize_hlist' at position 2 in `hpack_filter'.
Inserting `luaotfload.cleanup_files' at position 1 in `wrapup_run'.
Inserting `luaotfload.harf.finalize_unicode' at position 1 in `finish_pdffile'.
Inserting `luaotfload.glyphinfo' at position 1 in `glyph_info'.
Inserting `luaotfload.aux.set_sscale_dimens' at position 1 in `luaotfload.patch_
font'.
Inserting `luaotfload.aux.set_font_index' at position 2 in `luaotfload.patch_fon
t'.
Inserting `luaotfload.aux.patch_cambria_domh' at position 3 in `luaotfload.patch
_font'.
Inserting `luaotfload.aux.fixup_fontdata' at position 1 in `luaotfload.patch_fon
t_unsafe'.
Inserting `luaotfload.aux.set_capheight' at position 4 in `luaotfload.patch_font
'.
Inserting `luaotfload.aux.set_xheight' at position 5 in `luaotfload.patch_font'.
Inserting `luaotfload.rewrite_fontname' at position 6 in `luaotfload.patch_font'
. L3 programming layer <2021-02-18>
(/usr/local/texlive/2021/texmf-dist/tex/latex/IEEEtran/IEEEtran.cls
Document Class: IEEEtran 2015/08/26 V1.8b by Michael Shell
-- See the "IEEEtran_HOWTO" manual for usage information.
-- http://www.michaelshell.org/tex/ieeetran/
\@IEEEtrantmpdimenA=\dimen138
\@IEEEtrantmpdimenB=\dimen139
\@IEEEtrantmpdimenC=\dimen140
\@IEEEtrantmpcountA=\count175
\@IEEEtrantmpcountB=\count176
\@IEEEtrantmpcountC=\count177
\@IEEEtrantmptoksA=\toks15
LaTeX Font Info:    Trying to load font information for TU+ptm on input line 50
3.
LaTeX Font Info:    No file TUptm.fd. on input line 503.

LaTeX Font Warning: Font shape `TU/ptm/m/n' undefined
(Font)              using `TU/lmr/m/n' instead on input line 503.

luaotfload | db : Font names database loaded from /Users/jovyntan/Library/texliv
e/2021/texmf-var/luatex-cache/generic/names/luaotfload-names.luc
-- Using IEEE Communications Society mode.
-- Using 8.5in x 11in (letter) paper.
-- Using DVI output.
\@IEEEnormalsizeunitybaselineskip=\dimen141
-- This is a 10 point document.
\CLASSINFOnormalsizebaselineskip=\dimen142
\CLASSINFOnormalsizeunitybaselineskip=\dimen143
\IEEEnormaljot=\dimen144

LaTeX Font Warning: Font shape `TU/ptm/bx/n' undefined
(Font)              using `TU/ptm/m/n' instead on input line 1090.


LaTeX Font Warning: Font shape `TU/ptm/m/it' undefined
(Font)              using `TU/ptm/m/n' instead on input line 1090.


LaTeX Font Warning: Font shape `TU/ptm/bx/it' undefined
(Font)              using `TU/ptm/bx/n' instead on input line 1090.

\IEEEquantizedlength=\dimen145
\IEEEquantizedlengthdiff=\dimen146
\IEEEquantizedtextheightdiff=\dimen147
\IEEEilabelindentA=\dimen148
\IEEEilabelindentB=\dimen149
\IEEEilabelindent=\dimen150
\IEEEelabelindent=\dimen151
\IEEEdlabelindent=\dimen152
\IEEElabelindent=\dimen153
\IEEEiednormlabelsep=\dimen154
\IEEEiedmathlabelsep=\dimen155
\IEEEiedtopsep=\skip47
\c@section=\count178
\c@subsection=\count179
\c@subsubsection=\count180
\c@paragraph=\count181
\c@IEEEsubequation=\count182
\abovecaptionskip=\skip48
\belowcaptionskip=\skip49
\c@figure=\count183
\c@table=\count184
\@IEEEeqnnumcols=\count185
\@IEEEeqncolcnt=\count186
\@IEEEsubeqnnumrollback=\count187
\@IEEEquantizeheightA=\dimen156
\@IEEEquantizeheightB=\dimen157
\@IEEEquantizeheightC=\dimen158
\@IEEEquantizeprevdepth=\dimen159
\@IEEEquantizemultiple=\count188
\@IEEEquantizeboxA=\box47
\@IEEEtmpitemindent=\dimen160
\IEEEPARstartletwidth=\dimen161
\c@IEEEbiography=\count189
\@IEEEtranrubishbin=\box48
) (/usr/local/texlive/2021/texmf-dist/tex/latex/base/fontenc.sty
Package: fontenc 2020/08/10 v2.0s Standard LaTeX package
LaTeX Font Info:    Trying to load font information for T1+ptm on input line 11
2.

(/usr/local/texlive/2021/texmf-dist/tex/latex/psnfss/t1ptm.fd
File: t1ptm.fd 2001/06/04 font definitions for T1/ptm.
))
(/usr/local/texlive/2021/texmf-dist/tex/latex/amsmath/amsmath.sty
Package: amsmath 2020/09/23 v2.17i AMS math features
\@mathmargin=\skip50

For additional information on amsmath, use the `?' option.
(/usr/local/texlive/2021/texmf-dist/tex/latex/amsmath/amstext.sty
Package: amstext 2000/06/29 v2.01 AMS text

(/usr/local/texlive/2021/texmf-dist/tex/latex/amsmath/amsgen.sty
File: amsgen.sty 1999/11/30 v2.0 generic functions
\@emptytoks=\toks16
\ex@=\dimen162
))
(/usr/local/texlive/2021/texmf-dist/tex/latex/amsmath/amsbsy.sty
Package: amsbsy 1999/11/29 v1.2d Bold Symbols
\pmbraise@=\dimen163
)
(/usr/local/texlive/2021/texmf-dist/tex/latex/amsmath/amsopn.sty
Package: amsopn 2016/03/08 v2.02 operator names
)
\inf@bad=\count190
LaTeX Info: Redefining \frac on input line 236.
\uproot@=\count191
\leftroot@=\count192
LaTeX Info: Redefining \overline on input line 399.
\classnum@=\count193
\DOTSCASE@=\count194
LaTeX Info: Redefining \ldots on input line 496.
LaTeX Info: Redefining \dots on input line 499.
LaTeX Info: Redefining \cdots on input line 620.
\Mathstrutbox@=\box49
\strutbox@=\box50
\big@size=\dimen164
LaTeX Font Info:    Redeclaring font encoding OML on input line 743.
LaTeX Font Info:    Redeclaring font encoding OMS on input line 744.
\macc@depth=\count195
\c@MaxMatrixCols=\count196
\dotsspace@=\muskip16
\c@parentequation=\count197
\dspbrk@lvl=\count198
\tag@help=\toks17
\row@=\count199
\column@=\count266
\maxfields@=\count267
\andhelp@=\toks18
\eqnshift@=\dimen165
\alignsep@=\dimen166
\tagshift@=\dimen167
\tagwidth@=\dimen168
\totwidth@=\dimen169
\lineht@=\dimen170
\@envbody=\toks19
\multlinegap=\skip51
\multlinetaggap=\skip52
\mathdisplay@stack=\toks20
LaTeX Info: Redefining \[ on input line 2923.
LaTeX Info: Redefining \] on input line 2924.
)
(/usr/local/texlive/2021/texmf-dist/tex/latex/comment/comment.sty
\CommentStream=\write3

Excluding comment 'comment')
(/usr/local/texlive/2021/texmf-dist/tex/latex/cite/cite.sty
LaTeX Info: Redefining \cite on input line 302.
LaTeX Info: Redefining \nocite on input line 332.
Package: cite 2015/02/27  v 5.5
)
(/usr/local/texlive/2021/texmf-dist/tex/latex/graphics/graphicx.sty
Package: graphicx 2020/09/09 v1.2b Enhanced LaTeX Graphics (DPC,SPQR)

(/usr/local/texlive/2021/texmf-dist/tex/latex/graphics/keyval.sty
Package: keyval 2014/10/28 v1.15 key=value parser (DPC)
\KV@toks@=\toks21
)
(/usr/local/texlive/2021/texmf-dist/tex/latex/graphics/graphics.sty
Package: graphics 2020/08/30 v1.4c Standard LaTeX Graphics (DPC,SPQR)

(/usr/local/texlive/2021/texmf-dist/tex/latex/graphics/trig.sty
Package: trig 2016/01/03 v1.10 sin cos tan (DPC)
)
(/usr/local/texlive/2021/texmf-dist/tex/latex/graphics-cfg/graphics.cfg
File: graphics.cfg 2016/06/04 v1.11 sample graphics configuration
)
Package graphics Info: Driver file: luatex.def on input line 105.

(/usr/local/texlive/2021/texmf-dist/tex/latex/graphics-def/luatex.def
File: luatex.def 2020/10/05 v1.2a Graphics/color driver for luatex
))
\Gin@req@height=\dimen171
\Gin@req@width=\dimen172
)
(/usr/local/texlive/2021/texmf-dist/tex/latex/graphics/epsfig.sty
Package: epsfig 2017/06/25 v1.7b (e)psfig emulation (SPQR)
\epsfxsize=\dimen173
\epsfysize=\dimen174
)
(/usr/local/texlive/2021/texmf-dist/tex/latex/subfigure/subfigure.sty
Package: subfigure 2002/03/15 v2.1.5 subfigure package
\subfigtopskip=\skip53
\subfigcapskip=\skip54
\subfigcaptopadj=\dimen175
\subfigbottomskip=\skip55
\subfigcapmargin=\dimen176
\subfiglabelskip=\skip56
\c@subfigure=\count268
\c@lofdepth=\count269
\c@subtable=\count270
\c@lotdepth=\count271

****************************************
* Local config file subfigure.cfg used *
****************************************
(/usr/local/texlive/2021/texmf-dist/tex/latex/subfigure/subfigure.cfg)
\subfig@top=\skip57
\subfig@bottom=\skip58
)
(/usr/local/texlive/2021/texmf-dist/tex/latex/psfrag/psfrag.sty
Package: psfrag 1998/04/11 v3.04 PSfrag (MCG)
\pfg@pcount=\count272
\pfg@scount=\count273
\pfg@temp=\write4
)
(/usr/local/texlive/2021/texmf-dist/tex/latex/amsfonts/amssymb.sty
Package: amssymb 2013/01/14 v3.01 AMS font symbols

(/usr/local/texlive/2021/texmf-dist/tex/latex/amsfonts/amsfonts.sty
Package: amsfonts 2013/01/14 v3.01 Basic AMSFonts support
\symAMSa=\mathgroup4
\symAMSb=\mathgroup5
LaTeX Font Info:    Redeclaring math symbol \hbar on input line 98.
LaTeX Font Info:    Overwriting math alphabet `\mathfrak' in version `bold'
(Font)                  U/euf/m/n --> U/euf/b/n on input line 106.
))
(/usr/local/texlive/2021/texmf-dist/tex/latex/booktabs/booktabs.sty
Package: booktabs 2020/01/12 v1.61803398 Publication quality tables
\heavyrulewidth=\dimen177
\lightrulewidth=\dimen178
\cmidrulewidth=\dimen179
\belowrulesep=\dimen180
\belowbottomsep=\dimen181
\aboverulesep=\dimen182
\abovetopsep=\dimen183
\cmidrulesep=\dimen184
\cmidrulekern=\dimen185
\defaultaddspace=\dimen186
\@cmidla=\count274
\@cmidlb=\count275
\@aboverulesep=\dimen187
\@belowrulesep=\dimen188
\@thisruleclass=\count276
\@lastruleclass=\count277
\@thisrulewidth=\dimen189
)
(/usr/local/texlive/2021/texmf-dist/tex/latex/epstopdf-pkg/epstopdf.sty
Package: epstopdf 2020-01-24 v2.11 Conversion with epstopdf on the fly (HO)

(/usr/local/texlive/2021/texmf-dist/tex/generic/infwarerr/infwarerr.sty
Package: infwarerr 2019/12/03 v1.5 Providing info/warning/error messages (HO)
)
(/usr/local/texlive/2021/texmf-dist/tex/latex/grfext/grfext.sty
Package: grfext 2019/12/03 v1.3 Manage graphics extensions (HO)

(/usr/local/texlive/2021/texmf-dist/tex/generic/kvdefinekeys/kvdefinekeys.sty
Package: kvdefinekeys 2019-12-19 v1.6 Define keys (HO)
)) (/usr/local/texlive/2021/texmf-dist/tex/latex/kvoptions/kvoptions.sty
Package: kvoptions 2020-10-07 v3.14 Key value format for package options (HO)

(/usr/local/texlive/2021/texmf-dist/tex/generic/ltxcmds/ltxcmds.sty
Package: ltxcmds 2020-05-10 v1.25 LaTeX kernel commands for general use (HO)
)
(/usr/local/texlive/2021/texmf-dist/tex/generic/kvsetkeys/kvsetkeys.sty
Package: kvsetkeys 2019/12/15 v1.18 Key value parser (HO)
))
(/usr/local/texlive/2021/texmf-dist/tex/generic/pdftexcmds/pdftexcmds.sty
Package: pdftexcmds 2020-06-27 v0.33 Utility functions of pdfTeX for LuaTeX (HO
)

(/usr/local/texlive/2021/texmf-dist/tex/generic/iftex/iftex.sty
Package: iftex 2020/03/06 v1.0d TeX engine tests
)
Package pdftexcmds Info: \pdf@primitive is available.
Package pdftexcmds Info: \pdf@ifprimitive is available.
Package pdftexcmds Info: \pdfdraftmode found.
\pdftexcmds@toks=\toks22
)
(/usr/local/texlive/2021/texmf-dist/tex/latex/epstopdf-pkg/epstopdf-base.sty
Package: epstopdf-base 2020-01-24 v2.11 Base part for package epstopdf
Package epstopdf-base Info: Redefining graphics rule for `.eps' on input line 4
85.
Package grfext Info: Graphics extension search list:
(grfext)             [.pdf,.png,.jpg,.mps,.jpeg,.jbig2,.jb2,.PDF,.PNG,.JPG,.JPE
G,.JBIG2,.JB2,.eps]
(grfext)             \AppendGraphicsExtensions on input line 504.

(/usr/local/texlive/2021/texmf-dist/tex/latex/latexconfig/epstopdf-sys.cfg
File: epstopdf-sys.cfg 2010/07/13 v1.3 Configuration of (r)epstopdf for TeX Liv
e
)))
(/usr/local/texlive/2021/texmf-dist/tex/latex/tools/array.sty
Package: array 2020/10/01 v2.5c Tabular extension package (FMi)
\col@sep=\dimen190
\ar@mcellbox=\box51
\extrarowheight=\dimen191
\NC@list=\toks23
\extratabsurround=\skip59
\backup@length=\skip60
\ar@cellbox=\box52
)
(/usr/local/texlive/2021/texmf-dist/tex/latex/makecell/makecell.sty
Package: makecell 2009/08/03 V0.1e Managing of Tab Column Heads and Cells
\rotheadsize=\dimen192
\c@nlinenum=\count278
\TeXr@lab=\toks24
)
(/usr/local/texlive/2021/texmf-dist/tex/latex/multirow/multirow.sty
Package: multirow 2021/03/15 v2.8 Span multiple rows of a table
\multirow@colwidth=\skip61
\multirow@cntb=\count279
\multirow@dima=\skip62
\bigstrutjot=\dimen193
)
(/usr/local/texlive/2021/texmf-dist/tex/latex/l3backend/l3backend-luatex.def
File: l3backend-luatex.def 2021-03-18 L3 backend support: PDF output (LuaTeX)
\l__color_backend_stack_int=\count280
\l__pdf_internal_box=\box53
)
No file 2308.02135_lualatex.aux.

\openout1 = 2308.02135_lualatex.aux
LaTeX Font Info:    Checking defaults for OML/cmm/m/it on input line 54.
LaTeX Font Info:    ... okay on input line 54.
LaTeX Font Info:    Checking defaults for OMS/cmsy/m/n on input line 54.
LaTeX Font Info:    ... okay on input line 54.
LaTeX Font Info:    Checking defaults for OT1/cmr/m/n on input line 54.
LaTeX Font Info:    ... okay on input line 54.
LaTeX Font Info:    Checking defaults for T1/cmr/m/n on input line 54.
LaTeX Font Info:    ... okay on input line 54.
LaTeX Font Info:    Checking defaults for TS1/cmr/m/n on input line 54.
LaTeX Font Info:    Trying to load font information for TS1+cmr on input line 5
4.
(/usr/local/texlive/2021/texmf-dist/tex/latex/base/ts1cmr.fd
File: ts1cmr.fd 2019/12/16 v2.5j Standard LaTeX font definitions
)
LaTeX Font Info:    ... okay on input line 54.
LaTeX Font Info:    Checking defaults for TU/lmr/m/n on input line 54.
LaTeX Font Info:    ... okay on input line 54.
LaTeX Font Info:    Checking defaults for OMX/cmex/m/n on input line 54.
LaTeX Font Info:    ... okay on input line 54.
LaTeX Font Info:    Checking defaults for U/cmr/m/n on input line 54.
LaTeX Font Info:    ... okay on input line 54.

-- Verifying Times compatible math font.
** Times compatible math font not found, forcing.
-- Found newtxmath, loading.
(/usr/local/texlive/2021/texmf-dist/tex/latex/newtx/newtxmath.sty
Package: newtxmath 2020/12/20 v1.640

`newtxmath' v1.640, 2020/12/20 Math macros based originally on txfonts (msharpe
) (/usr/local/texlive/2021/texmf-dist/tex/latex/base/ifthen.sty
Package: ifthen 2014/09/29 v1.1c Standard LaTeX ifthen package (DPC)
)
(/usr/local/texlive/2021/texmf-dist/tex/latex/etoolbox/etoolbox.sty
Package: etoolbox 2020/10/05 v2.5k e-TeX tools for LaTeX (JAW)
\etb@tempcnta=\count281
)
(/usr/local/texlive/2021/texmf-dist/tex/generic/iftex/ifxetex.sty
Package: ifxetex 2019/10/25 v0.7 ifxetex legacy package. Use iftex instead.
)
(/usr/local/texlive/2021/texmf-dist/tex/generic/iftex/ifluatex.sty
Package: ifluatex 2019/10/25 v1.5 ifluatex legacy package. Use iftex instead.
)
(/usr/local/texlive/2021/texmf-dist/tex/latex/xkeyval/xkeyval.sty
Package: xkeyval 2020/11/20 v2.8 package option processing (HA)

(/usr/local/texlive/2021/texmf-dist/tex/generic/xkeyval/xkeyval.tex
(/usr/local/texlive/2021/texmf-dist/tex/generic/xkeyval/xkvutils.tex
\XKV@toks=\toks25
\XKV@tempa@toks=\toks26
)
\XKV@depth=\count282
File: xkeyval.tex 2014/12/03 v2.7a key=value parser (HA)
))
(/usr/local/texlive/2021/texmf-dist/tex/latex/oberdiek/centernot.sty
Package: centernot 2016/05/16 v1.4 Centers the not symbol horizontally (HO)
)
\tx@cntz=\count283

(/usr/local/texlive/2021/texmf-dist/tex/generic/kastrup/binhex.tex)
\tx@Isdigit=\count284
\tx@IsAlNum=\count285
\tx@tA=\toks27
\tx@tB=\toks28
\tx@su=\read2
LaTeX Font Info:    Redeclaring symbol font `operators' on input line 360.
LaTeX Font Info:    Overwriting symbol font `operators' in version `normal'
(Font)                  OT1/cmr/m/n --> OT1/ntxtlf/m/n on input line 360.
LaTeX Font Info:    Overwriting symbol font `operators' in version `bold'
(Font)                  OT1/cmr/bx/n --> OT1/ntxtlf/m/n on input line 360.
LaTeX Font Info:    Overwriting symbol font `operators' in version `bold'
(Font)                  OT1/ntxtlf/m/n --> OT1/ntxtlf/b/n on input line 361.
LaTeX Font Info:    Redeclaring math alphabet \mathsf on input line 369.
LaTeX Font Info:    Overwriting math alphabet `\mathsf' in version `normal'
(Font)                  OT1/cmss/m/n --> T1/phv/m/n on input line 369.
LaTeX Font Info:    Overwriting math alphabet `\mathsf' in version `bold'
(Font)                  OT1/cmss/bx/n --> T1/phv/m/n on input line 369.
LaTeX Font Info:    Redeclaring math alphabet \mathit on input line 370.
LaTeX Font Info:    Overwriting math alphabet `\mathit' in version `normal'
(Font)                  OT1/cmr/m/it --> OT1/ntxtlf/m/it on input line 370.
LaTeX Font Info:    Overwriting math alphabet `\mathit' in version `bold'
(Font)                  OT1/cmr/bx/it --> OT1/ntxtlf/m/it on input line 370.
LaTeX Font Info:    Redeclaring math alphabet \mathtt on input line 371.
LaTeX Font Info:    Overwriting math alphabet `\mathtt' in version `normal'
(Font)                  OT1/cmtt/m/n --> T1/pcr/m/n on input line 371.
LaTeX Font Info:    Overwriting math alphabet `\mathtt' in version `bold'
(Font)                  OT1/cmtt/m/n --> T1/pcr/m/n on input line 371.
LaTeX Font Info:    Redeclaring math alphabet \mathbf on input line 373.
LaTeX Font Info:    Overwriting math alphabet `\mathbf' in version `normal'
(Font)                  OT1/cmr/bx/n --> OT1/ntxtlf/b/n on input line 373.
LaTeX Font Info:    Overwriting math alphabet `\mathbf' in version `bold'
(Font)                  OT1/cmr/bx/n --> OT1/ntxtlf/b/n on input line 373.
LaTeX Font Info:    Overwriting math alphabet `\mathit' in version `bold'
(Font)                  OT1/ntxtlf/m/it --> OT1/ntxtlf/b/it on input line 374.
LaTeX Font Info:    Overwriting math alphabet `\mathsf' in version `bold'
(Font)                  T1/phv/m/n --> T1/phv/b/n on input line 375.
LaTeX Font Info:    Overwriting math alphabet `\mathtt' in version `bold'
(Font)                  T1/pcr/m/n --> T1/pcr/b/n on input line 376.
LaTeX Font Info:    Redeclaring symbol font `letters' on input line 477.
LaTeX Font Info:    Overwriting symbol font `letters' in version `normal'
(Font)                  OML/cmm/m/it --> OML/ntxmi/m/it on input line 477.
LaTeX Font Info:    Overwriting symbol font `letters' in version `bold'
(Font)                  OML/cmm/b/it --> OML/ntxmi/m/it on input line 477.
LaTeX Font Info:    Overwriting symbol font `letters' in version `bold'
(Font)                  OML/ntxmi/m/it --> OML/ntxmi/b/it on input line 478.
\symlettersA=\mathgroup6
LaTeX Font Info:    Overwriting symbol font `lettersA' in version `bold'
(Font)                  U/ntxmia/m/it --> U/ntxmia/b/it on input line 542.
LaTeX Font Info:    Redeclaring math alphabet \mathfrak on input line 544.
LaTeX Font Info:    Redeclaring symbol font `symbols' on input line 563.
LaTeX Font Info:    Encoding `OMS' has changed to `LMS' for symbol font
(Font)              `symbols' in the math version `normal' on input line 563.
LaTeX Font Info:    Overwriting symbol font `symbols' in version `normal'
(Font)                  OMS/cmsy/m/n --> LMS/ntxsy/m/n on input line 563.
LaTeX Font Info:    Encoding `OMS' has changed to `LMS' for symbol font
(Font)              `symbols' in the math version `bold' on input line 563.
LaTeX Font Info:    Overwriting symbol font `symbols' in version `bold'
(Font)                  OMS/cmsy/b/n --> LMS/ntxsy/m/n on input line 563.
LaTeX Font Info:    Overwriting symbol font `symbols' in version `bold'
(Font)                  LMS/ntxsy/m/n --> LMS/ntxsy/b/n on input line 564.
\symAMSm=\mathgroup7
LaTeX Font Info:    Overwriting symbol font `AMSm' in version `bold'
(Font)                  U/ntxsym/m/n --> U/ntxsym/b/n on input line 587.
\symsymbolsC=\mathgroup8
LaTeX Font Info:    Overwriting symbol font `symbolsC' in version `bold'
(Font)                  U/ntxsyc/m/n --> U/ntxsyc/b/n on input line 608.
LaTeX Font Info:    Redeclaring symbol font `largesymbols' on input line 621.
LaTeX Font Info:    Encoding `OMX' has changed to `LMX' for symbol font
(Font)              `largesymbols' in the math version `normal' on input line 6
21.
LaTeX Font Info:    Overwriting symbol font `largesymbols' in version `normal'
(Font)                  OMX/cmex/m/n --> LMX/ntxexx/m/n on input line 621.
LaTeX Font Info:    Encoding `OMX' has changed to `LMX' for symbol font
(Font)              `largesymbols' in the math version `bold' on input line 621
.
LaTeX Font Info:    Overwriting symbol font `largesymbols' in version `bold'
(Font)                  OMX/cmex/m/n --> LMX/ntxexx/m/n on input line 621.
LaTeX Font Info:    Overwriting symbol font `largesymbols' in version `bold'
(Font)                  LMX/ntxexx/m/n --> LMX/ntxexx/b/n on input line 622.
\symlargesymbolsTXA=\mathgroup9
LaTeX Font Info:    Overwriting symbol font `largesymbolsTXA' in version `bold'

(Font)                  U/ntxexa/m/n --> U/ntxexa/b/n on input line 636.
\tx@sbptoks=\toks29
LaTeX Font Info:    Redeclaring math delimiter \lfloor on input line 858.
LaTeX Font Info:    Redeclaring math delimiter \rfloor on input line 859.
LaTeX Font Info:    Redeclaring math delimiter \lceil on input line 860.
LaTeX Font Info:    Redeclaring math delimiter \rceil on input line 861.
LaTeX Font Info:    Redeclaring math delimiter \lbrace on input line 862.
LaTeX Font Info:    Redeclaring math delimiter \rbrace on input line 863.
LaTeX Font Info:    Redeclaring math delimiter \langle on input line 864.
LaTeX Font Info:    Redeclaring math delimiter \rangle on input line 866.
LaTeX Font Info:    Redeclaring math delimiter \arrowvert on input line 870.
LaTeX Font Info:    Redeclaring math delimiter \vert on input line 871.
LaTeX Font Info:    Redeclaring math accent \dot on input line 942.
LaTeX Font Info:    Redeclaring math accent \ddot on input line 943.
LaTeX Font Info:    Redeclaring math accent \vec on input line 2006.
LaTeX Font Info:    Redeclaring math symbol \imathscr on input line 2646.
LaTeX Font Info:    Redeclaring math symbol \jmathscr on input line 2647.
LaTeX Info: Redefining \Bbbk on input line 2780.
LaTeX Info: Redefining \not on input line 2929.
)
-- Lines per column: 58 (exact).
(/usr/local/texlive/2021/texmf-dist/tex/context/base/mkii/supp-pdf.mkii
[Loading MPS to PDF converter (version 2006.09.02).]
\scratchcounter=\count286
\scratchdimen=\dimen194
\scratchbox=\box54
\nofMPsegments=\count287
\nofMParguments=\count288
\everyMPshowfont=\toks30
\MPscratchCnt=\count289
\MPscratchDim=\dimen195
\MPnumerator=\count290
\makeMPintoPDFobject=\count291
\everyMPtoPDFconversion=\toks31
)
Underfull \hbox (badness 2600) in paragraph at lines 84--84
[][][]\T1/ptm/m/n/8 Qing Xue, Yongjun Xu, and Qian-bin Chen are with the School
 []


Underfull \hbox (badness 2269) in paragraph at lines 92--94
[]\T1/ptm/b/it/9 In-dex Terms\T1/ptm/b/n/9 ---beam man-age-ment (beam align-ment
/train-
 []


LaTeX Warning: Citation `IEEE-Std-802.11ad' on page 1 undefined on input line 1
02.


LaTeX Warning: Citation `IEEE-Std-802.11ay' on page 1 undefined on input line 1
02.


LaTeX Warning: Citation `IEEE-Std-802.15.3c' on page 1 undefined on input line 
102.


LaTeX Warning: Citation `3GPP-TR-21.915-Release15' on page 1 undefined on input
 line 102.


LaTeX Warning: Citation `3GPP-TR-21.916-Release16' on page 1 undefined on input
 line 102.


LaTeX Warning: Citation `3GPP-TR-21.917-Release17' on page 1 undefined on input
 line 102.


LaTeX Warning: Citation `Overview-5G-Advanced-3GPP-Release18' on page 1 undefin
ed on input line 102.


LaTeX Warning: Citation `IEEE-Std-802.15.3d' on page 1 undefined on input line 
102.


LaTeX Warning: Citation `6G-Wireless-Networks-MVT-2019' on page 1 undefined on 
input line 106.


LaTeX Warning: Citation `A-Vision-6G-MNET-2020' on page 1 undefined on input li
ne 106.


LaTeX Warning: Citation `Toward-6G-Networks-MCOM-2020' on page 1 undefined on i
nput line 106.


LaTeX Warning: Citation `6G-Wireless-Systems-JPROC-2021' on page 1 undefined on
 input line 106.


LaTeX Warning: Citation `On-the-Road-to-6G' on page 1 undefined on input line 1
06.


LaTeX Warning: Citation `IMT2020-2015' on page 1 undefined on input line 108.

[1
Non-PDF special ignored!
Non-PDF special ignored!{/usr/local/texlive/2021/texmf-var/fonts/map/pdftex/updm
ap/pdftex.map}


]
LaTeX Font Info:    Trying to load font information for OT1+ntxtlf on input lin
e 110.

(/usr/local/texlive/2021/texmf-dist/tex/latex/newtx/ot1ntxtlf.fd
File: ot1ntxtlf.fd 2015/01/17 v1.0 font definition file for OT1/ntx/tlf
)
LaTeX Font Info:    Trying to load font information for OML+ntxmi on input line
 110.

(/usr/local/texlive/2021/texmf-dist/tex/latex/newtx/omlntxmi.fd
File: omlntxmi.fd 2015/08/25 Fontinst v1.933 font definitions for OML/ntxmi.
)
LaTeX Font Info:    Trying to load font information for LMS+ntxsy on input line
 110.

(/usr/local/texlive/2021/texmf-dist/tex/latex/newtx/lmsntxsy.fd
File: lmsntxsy.fd 2016/07/02 Fontinst v1.933 font definitions for LMS/ntxsy.
)
LaTeX Font Info:    Trying to load font information for LMX+ntxexx on input lin
e 110.

(/usr/local/texlive/2021/texmf-dist/tex/latex/newtx/lmxntxexx.fd
File: lmxntxexx.fd 2016/07/03 Fontinst v1.933 font definitions for LMX/ntxexx.
)
LaTeX Font Info:    Trying to load font information for U+msa on input line 110
.

(/usr/local/texlive/2021/texmf-dist/tex/latex/amsfonts/umsa.fd
File: umsa.fd 2013/01/14 v3.01 AMS symbols A
)
LaTeX Font Info:    Trying to load font information for U+msb on input line 110
.

(/usr/local/texlive/2021/texmf-dist/tex/latex/amsfonts/umsb.fd
File: umsb.fd 2013/01/14 v3.01 AMS symbols B
)
LaTeX Font Info:    Trying to load font information for U+ntxmia on input line 
110.

(/usr/local/texlive/2021/texmf-dist/tex/latex/newtx/untxmia.fd
File: untxmia.fd 2018/04/14 Fontinst v1.933 font definitions for U/ntxmia.
)
LaTeX Font Info:    Trying to load font information for U+ntxsym on input line 
110.

(/usr/local/texlive/2021/texmf-dist/tex/latex/newtx/untxsym.fd
File: untxsym.fd 2015/03/20 Fontinst v1.933 font definitions for U/ntxsym.
)
LaTeX Font Info:    Trying to load font information for U+ntxsyc on input line 
110.

(/usr/local/texlive/2021/texmf-dist/tex/latex/newtx/untxsyc.fd
File: untxsyc.fd 2012/04/12 Fontinst v1.933 font definitions for U/ntxsyc.
)
LaTeX Font Info:    Trying to load font information for U+ntxexa on input line 
110.

(/usr/local/texlive/2021/texmf-dist/tex/latex/newtx/untxexa.fd
File: untxexa.fd 2012/04/16 Fontinst v1.933 font definitions for U/ntxexa.
)

LaTeX Warning: Citation `Space-Air-Ground-Survey-2018' on page 2 undefined on i
nput line 136.


LaTeX Warning: Citation `Edge-Artificial-Intelligence-6G-2022' on page 2 undefi
ned on input line 141.


LaTeX Warning: Citation `Integrated-Sensing-Communications-2022' on page 2 unde
fined on input line 147.


LaTeX Warning: Citation `Smart-Radio-Environments-RIS-2020' on page 2 undefined
 on input line 152.


LaTeX Warning: Citation `Beamspace-SU-MIMO-2017' on page 2 undefined on input l
ine 165.


LaTeX Warning: Citation `Beamspace-MU-MIMO-2019' on page 2 undefined on input l
ine 165.


LaTeX Warning: Citation `User-Centric-Association-Ultra-Dense-mmWave-2021' on p
age 2 undefined on input line 165.


LaTeX Warning: Citation `XUE20221115' on page 2 undefined on input line 165.


LaTeX Warning: Citation `Beam-Management-Ultra-Dense-mmWave-Network-2023' on pa
ge 2 undefined on input line 165.

[2]
Underfull \hbox (badness 1838) in paragraph at lines 202--203
[]\T1/ptm/m/n/10 1) \T1/ptm/m/it/10 The ad-vance-ments of beam man-age-ment for both
 []


LaTeX Warning: Reference `fig:Survey-outline' on page 3 undefined on input line
 222.

Package epstopdf Info: Source file: <Survey-outline.eps>
(epstopdf)                    date: 2023-08-04 11:37:57
(epstopdf)                    size: 7115413 bytes
(epstopdf)             Output file: <Survey-outline-eps-converted-to.pdf>
(epstopdf)                    date: 2023-08-04 11:37:57
(epstopdf)                    size: 12549 bytes
(epstopdf)             Command: <repstopdf --outfile=Survey-outline-eps-convert
ed-to.pdf Survey-outline.eps>
(epstopdf)             \includegraphics on input line 228.
Package epstopdf Info: Output file is already uptodate.
<Survey-outline-eps-converted-to.pdf, id=16, 429.34904pt x 771.31664pt>
File: Survey-outline-eps-converted-to.pdf Graphic file (type pdf)
<use Survey-outline-eps-converted-to.pdf>
Package luatex.def Info: Survey-outline-eps-converted-to.pdf  used on input lin
e 228.
(luatex.def)             Requested size: 227.62204pt x 408.91356pt.

LaTeX Warning: Reference `view-beam-Management' on page 3 undefined on input li
ne 257.

Package epstopdf Info: Source file: <3GPP-BM.eps>
(epstopdf)                    date: 2023-08-04 11:37:55
(epstopdf)                    size: 2896777 bytes
(epstopdf)             Output file: <3GPP-BM-eps-converted-to.pdf>
(epstopdf)                    date: 2023-08-04 11:37:55
(epstopdf)                    size: 19516 bytes
(epstopdf)             Command: <repstopdf --outfile=3GPP-BM-eps-converted-to.p
df 3GPP-BM.eps>
(epstopdf)             \includegraphics on input line 263.
Package epstopdf Info: Output file is already uptodate.
<3GPP-BM-eps-converted-to.pdf, id=17, 363.32036pt x 327.51358pt>
File: 3GPP-BM-eps-converted-to.pdf Graphic file (type pdf)
<use 3GPP-BM-eps-converted-to.pdf>
Package luatex.def Info: 3GPP-BM-eps-converted-to.pdf  used on input line 263.
(luatex.def)             Requested size: 227.62204pt x 205.19022pt.

LaTeX Warning: Reference `fig:3GPP-BM' on page 3 undefined on input line 269.


LaTeX Warning: Citation `3GPP-TR-38802' on page 3 undefined on input line 269.


Underfull \hbox (badness 3701) in paragraph at lines 275--276
[][]\T1/ptm/m/it/10 Beam mea-sure-ment\T1/ptm/m/n/10 : an op-er-a-tion for trans
mission-
 []

[3]

LaTeX Warning: Citation `Six-Key-Challenges-Beam-Management-2021' on page 4 und
efined on input line 284.


LaTeX Warning: Citation `Beam-Management-2020' on page 4 undefined on input lin
e 284.

[4<./Survey-outline-eps-converted-to.pdf><./3GPP-BM-eps-converted-to.pdf>]

LaTeX Warning: Citation `3GPP-TR-38803' on page 5 undefined on input line 288.


LaTeX Warning: Citation `3GPP-TR-38807' on page 5 undefined on input line 290.


LaTeX Warning: Citation `3GPP-TR-38843' on page 5 undefined on input line 292.


LaTeX Warning: Citation `3GPP-TR-38811' on page 5 undefined on input line 295.


LaTeX Warning: Citation `3GPP-TR-38874' on page 5 undefined on input line 297.


Underfull \hbox (badness 2781) in paragraph at lines 300--301
\T1/ptm/m/n/10 stan-dards of mmWave have been de-signed, i.e., IEEE
 []


LaTeX Warning: Citation `IEEE-Std-802.11ad' on page 5 undefined on input line 3
02.

[5]

LaTeX Warning: Citation `IEEE-Std-802.11ay' on page 6 undefined on input line 3
17.


LaTeX Warning: Citation `IEEE-Std-802.15.3c' on page 6 undefined on input line 
336.


LaTeX Warning: Citation `Beamforming-Survey-2016' on page 6 undefined on input 
line 391.


LaTeX Warning: Citation `Hybrid-Beamforming-Massive-MIMO-Survey-2017' on page 6
 undefined on input line 391.


LaTeX Warning: Citation `Survey-Hybrid-Beamforming-2018' on page 6 undefined on
 input line 391.


LaTeX Warning: Citation `Modular-CSI-Beam-Management-2018' on page 6 undefined 
on input line 391.


LaTeX Warning: Citation `802.11ay-2018' on page 6 undefined on input line 391.


LaTeX Warning: Citation `Tutorial-Beam-Management-3GPP-NR-2019' on page 6 undef
ined on input line 391.


LaTeX Warning: Citation `Beam-Management-2020' on page 6 undefined on input lin
e 391.


LaTeX Warning: Citation `Beam-Based-Mobility-V2X-Survey-2021' on page 6 undefin
ed on input line 391.


LaTeX Warning: Citation `Millimeter-Wave-Hardware-Beam-Management-2021' on page
 6 undefined on input line 391.


LaTeX Warning: Citation `Initial-Access-Beam-Alignment-mmWave-Terahertz-2022' o
n page 6 undefined on input line 391.


LaTeX Warning: Citation `Wi-Fi-Meets-ML-2022' on page 6 undefined on input line
 391.


LaTeX Warning: Citation `Enabling-JCAS-survey-2022' on page 6 undefined on inpu
t line 391.


LaTeX Warning: Citation `Machine-Learning-Beam-management-survey-2023' on page 
6 undefined on input line 391.


LaTeX Warning: Reference `Related-surveys' on page 6 undefined on input line 39
8.


LaTeX Warning: Citation `Beamforming-Survey-2016' on page 6 undefined on input 
line 400.


LaTeX Warning: Citation `CSI-Feedback-Massive-MIMO' on page 6 undefined on inpu
t line 400.


LaTeX Warning: Citation `Antenna-Selection' on page 6 undefined on input line 4
00.


LaTeX Warning: Citation `Hybrid-Beamforming-Massive-MIMO-Survey-2017' on page 6
 undefined on input line 400.


LaTeX Warning: Citation `Survey-Hybrid-Beamforming-2018' on page 6 undefined on
 input line 400.


LaTeX Warning: Citation `Hybrid-Beamforming-Massive-MIMO-Survey-2017' on page 6
 undefined on input line 400.


LaTeX Warning: Citation `Survey-Hybrid-Beamforming-2018' on page 6 undefined on
 input line 400.

[6]

LaTeX Warning: Citation `Successive-Localization-Beamforming' on page 7 undefin
ed on input line 402.


LaTeX Warning: Citation `Modular-CSI-Beam-Management-2018' on page 7 undefined 
on input line 402.


LaTeX Warning: Citation `Tutorial-Beam-Management-3GPP-NR-2019' on page 7 undef
ined on input line 402.


LaTeX Warning: Citation `Standalone-Non-Standalone-Beam-Management-3GPP-NR-2019
' on page 7 undefined on input line 402.


LaTeX Warning: Citation `802.11ay-2018' on page 7 undefined on input line 402.


Underfull \vbox (badness 10000) has occurred while \output is active []



LaTeX Warning: Citation `Beam-Management-2020' on page 7 undefined on input lin
e 404.


LaTeX Warning: Citation `Beam-Based-Mobility-V2X-Survey-2021' on page 7 undefin
ed on input line 404.


LaTeX Warning: Citation `Millimeter-Wave-Hardware-Beam-Management-2021' on page
 7 undefined on input line 404.


LaTeX Warning: Citation `Initial-Access-Beam-Alignment-mmWave-Terahertz-2022' o
n page 7 undefined on input line 404.


LaTeX Warning: Citation `Beam-Management-2020' on page 7 undefined on input lin
e 404.


LaTeX Warning: Citation `Beam-Based-Mobility-V2X-Survey-2021' on page 7 undefin
ed on input line 404.


LaTeX Warning: Citation `Millimeter-Wave-Hardware-Beam-Management-2021' on page
 7 undefined on input line 404.


LaTeX Warning: Citation `Initial-Access-Beam-Alignment-mmWave-Terahertz-2022' o
n page 7 undefined on input line 404.


LaTeX Warning: Citation `Wi-Fi-Meets-ML-2022' on page 7 undefined on input line
 404.


LaTeX Warning: Citation `Machine-Learning-Beam-management-survey-2023' on page 
7 undefined on input line 404.


Underfull \vbox (badness 10000) has occurred while \output is active []

 [7]

LaTeX Warning: Citation `Joint-Optimization-Beamforming-Multi-IRS-2022' on page
 8 undefined on input line 406.


LaTeX Warning: Citation `Refracting-RIS-Hybrid-Satellite-Terrestrial-Relay' on 
page 8 undefined on input line 406.


LaTeX Warning: Citation `IRS-Aided-Wireless-Powered-MEC-2023' on page 8 undefin
ed on input line 406.


LaTeX Warning: Citation `CSI-Feedback' on page 8 undefined on input line 406.


LaTeX Warning: Citation `Beam-Based-Mobility-V2X-Survey-2021' on page 8 undefin
ed on input line 406.


LaTeX Warning: Citation `ML-beam-management-IRS' on page 8 undefined on input l
ine 406.


LaTeX Warning: Citation `Initial-Access-Beam-Alignment-mmWave-Terahertz-2022' o
n page 8 undefined on input line 406.


LaTeX Warning: Citation `Enabling-JCAS-survey-2022' on page 8 undefined on inpu
t line 406.


LaTeX Warning: Citation `Enabling-JCAS-survey-2022' on page 8 undefined on inpu
t line 406.

Package epstopdf Info: Source file: <BM-Classification.eps>
(epstopdf)                    date: 2023-08-04 11:37:56
(epstopdf)                    size: 5764369 bytes
(epstopdf)             Output file: <BM-Classification-eps-converted-to.pdf>
(epstopdf)                    date: 2023-08-04 11:37:56
(epstopdf)                    size: 12475 bytes
(epstopdf)             Command: <repstopdf --outfile=BM-Classification-eps-conv
erted-to.pdf BM-Classification.eps>
(epstopdf)             \includegraphics on input line 413.
Package epstopdf Info: Output file is already uptodate.
<BM-Classification-eps-converted-to.pdf, id=50, 994.95816pt x 275.9389pt>
File: BM-Classification-eps-converted-to.pdf Graphic file (type pdf)
<use BM-Classification-eps-converted-to.pdf>
Package luatex.def Info: BM-Classification-eps-converted-to.pdf  used on input 
line 413.
(luatex.def)             Requested size: 483.69684pt x 134.14598pt.

LaTeX Warning: Reference `fig:BM-Classification' on page 8 undefined on input l
ine 420.

Package epstopdf Info: Source file: <AI-history.eps>
(epstopdf)                    date: 2023-08-04 11:37:56
(epstopdf)                    size: 8471560 bytes
(epstopdf)             Output file: <AI-history-eps-converted-to.pdf>
(epstopdf)                    date: 2023-08-20 02:15:20
(epstopdf)                    size: 248216 bytes
(epstopdf)             Command: <repstopdf --outfile=AI-history-eps-converted-t
o.pdf AI-history.eps>
(epstopdf)             \includegraphics on input line 425.
Package epstopdf Info: Output file is already uptodate.
<AI-history-eps-converted-to.pdf, id=51, 1103.12125pt x 276.03125pt>
File: AI-history-eps-converted-to.pdf Graphic file (type pdf)
<use AI-history-eps-converted-to.pdf>
Package luatex.def Info: AI-history-eps-converted-to.pdf  used on input line 42
5.
(luatex.def)             Requested size: 483.69684pt x 121.03293pt.

LaTeX Warning: Citation `IEEE-Guide-FL' on page 8 undefined on input line 426.


LaTeX Warning: Citation `IEEE-Guide-FL' on page 8 undefined on input line 426.


LaTeX Warning: Reference `fig:AI-history' on page 8 undefined on input line 432
.


LaTeX Warning: Citation `Deep-Learning-Beam-Management-Arxiv-2021' on page 8 un
defined on input line 435.

[8]

LaTeX Warning: Citation `Unmanned-Aerial-Vehicle-Wireless-Networks' on page 9 u
ndefined on input line 454.


Underfull \vbox (badness 3364) has occurred while \output is active []


Underfull \vbox (badness 10000) has occurred while \output is active []

 [9<./BM-Classification-eps-converted-to.pdf><./AI-history-eps-converted-to.pdf>
]

LaTeX Warning: Citation `Data-Driven-Analog-Beam-Selection-2018' on page 10 und
efined on input line 495.


LaTeX Warning: Citation `Deep-Learning-Beam-Management-Interference-Coordinatio
n-2019' on page 10 undefined on input line 495.


LaTeX Warning: Citation `Deep-Learning-Aided-Fingerprint-Beam-Alignment-2019' o
n page 10 undefined on input line 495.


LaTeX Warning: Citation `Machine-Learning-Analog-Beam-Selection-2020' on page 1
0 undefined on input line 495.


LaTeX Warning: Citation `Machine-Learning-Beam-Alignment-MIMO-2020' on page 10 
undefined on input line 495.


LaTeX Warning: Citation `Deep-Learning-mmWave-Beam-Blockage-Prediction-2020' on
 page 10 undefined on input line 495.


LaTeX Warning: Citation `Learning-Predictive-Beamforming-UAV-2020' on page 10 u
ndefined on input line 495.


LaTeX Warning: Citation `A-Deep-Learning-Low-Overhead-Beam-Selection-2021' on p
age 10 undefined on input line 495.


LaTeX Warning: Citation `Learning-Predictive-Transmitter-Receiver-Beam-Alignmen
t-2021' on page 10 undefined on input line 495.


LaTeX Warning: Citation `Machine-Learning-Beam-Selection-Low-Complexity-Hybrid-
Beamforming-2021' on page 10 undefined on input line 495.


LaTeX Warning: Citation `Machine-Learning-Assisted-Beam-Alignment-2021' on page
 10 undefined on input line 495.


LaTeX Warning: Citation `Deep-Learning-Calibrated-Beam-Training-2021' on page 1
0 undefined on input line 495.


LaTeX Warning: Citation `Deep-Learning-Beam-Tracking-2021' on page 10 undefined
 on input line 495.


LaTeX Warning: Citation `KF-LSTM-Beam-Tracking-UAV-2022' on page 10 undefined o
n input line 495.


LaTeX Warning: Citation `A-Deep-Learning-Approach-Location-2022' on page 10 und
efined on input line 495.


LaTeX Warning: Citation `Novel-Design-User-Scheduling-Analog-Beam-Selection-202
2' on page 10 undefined on input line 495.


LaTeX Warning: Citation `A-Deep-Learning-Framework-Beam-Selection-2022' on page
 10 undefined on input line 495.


LaTeX Warning: Citation `Deep-Learning-Beam-Training-Large-Scale-2023' on page 
10 undefined on input line 495.


LaTeX Warning: Citation `Deep-Learning-Multi-Finger-Beam-Training-2023' on page
 10 undefined on input line 495.


LaTeX Warning: Citation `User-Centric-Association-Ultra-Dense-mmWave-2021' on p
age 10 undefined on input line 495.


LaTeX Warning: Citation `Multi-Armed-Bandit-Beam-Alignment-Tracking-2019' on pa
ge 10 undefined on input line 495.


LaTeX Warning: Citation `Fast-Beam-Alignment-Correlated-Bandit-2019' on page 10
 undefined on input line 495.


LaTeX Warning: Citation `Beam-Alignment-Tracking-Bandit-Learning-2020' on page 
10 undefined on input line 495.


LaTeX Warning: Citation `Beam-Alignment-Non-Stationary-Bandits-2020' on page 10
 undefined on input line 495.


LaTeX Warning: Citation `Intelligent-Interactive-Beam-Training-2021' on page 10
 undefined on input line 495.


LaTeX Warning: Citation `Design-Implementation-Deep-Learning-Adjustable-Beamfor
ming-Training-2021' on page 10 undefined on input line 495.


LaTeX Warning: Citation `Joint-Deep-Reinforcement-Learning-Unfolding-2021' on p
age 10 undefined on input line 495.


LaTeX Warning: Citation `Context-and-Social-Aware-Online-Beam-Selection-2021' o
n page 10 undefined on input line 495.


LaTeX Warning: Citation `Beam-Drift-2021' on page 10 undefined on input line 49
5.


LaTeX Warning: Citation `Millimeter-Wave-Communications-Overhead-Messenger-Wire
-2021' on page 10 undefined on input line 495.


LaTeX Warning: Citation `Learning-Adaptation-Millimeter-Wave-Beam-Tracking-Trai
ning-2022' on page 10 undefined on input line 495.


LaTeX Warning: Citation `Zero-Shot-Adaptation-Beam-Tracking-2022' on page 10 un
defined on input line 495.


LaTeX Warning: Citation `Cost-Efficient-Beam-Management-Resource-Allocation-202
2' on page 10 undefined on input line 495.


LaTeX Warning: Citation `Deep-Reinforcement-Learning-Blind-Alignment-2022' on p
age 10 undefined on input line 495.


LaTeX Warning: Citation `Deep-Recurrent-Q-Network-Beam-Tracking-2022' on page 1
0 undefined on input line 495.


LaTeX Warning: Citation `Training-Beam-Sequence-Design-2022' on page 10 undefin
ed on input line 495.


LaTeX Warning: Citation `Beam-Management-Ultra-Dense-mmWave-Network-2023' on pa
ge 10 undefined on input line 495.


LaTeX Warning: Citation `Federated-Learning-Hybrid-Beamforming-2020' on page 10
 undefined on input line 495.


LaTeX Warning: Citation `Federated-mmWave-Beam-Selection-LIDAR-2021' on page 10
 undefined on input line 495.


LaTeX Warning: Citation `Fully-Decentralized-Federated-Learning-On-Board-Missio
n-2021' on page 10 undefined on input line 495.


LaTeX Warning: Citation `Learning-Rate-Optimization-Federated-Learning-2021' on
 page 10 undefined on input line 495.


LaTeX Warning: Citation `Federated-Deep-Reinforcement-Learning-THz-Beam-Search-
2022' on page 10 undefined on input line 495.


LaTeX Warning: Citation `Backdoor-Federated-Learning-2022' on page 10 undefined
 on input line 495.


LaTeX Warning: Citation `Self-Supervised-Deep-Learning-Beam-Steering-2022' on p
age 10 undefined on input line 495.


LaTeX Warning: Citation `Over-the-Air-Federated-Multi-Task-Learning-2023' on pa
ge 10 undefined on input line 495.


LaTeX Warning: Citation `A-Privacy-Preserved-Split-Learning-2022' on page 10 un
defined on input line 495.


LaTeX Warning: Citation `Deep-Learning-mmWave-Beam-Blockage-Prediction-2020' on
 page 10 undefined on input line 495.


LaTeX Warning: Citation `Beams-Selection-MmWave-Multi-Connection-2021' on page 
10 undefined on input line 495.


LaTeX Warning: Citation `Deep-Transfer-Learning-Location-Aware-2021' on page 10
 undefined on input line 495.


LaTeX Warning: Citation `Intelligent-Analog-Beam-Selection-Beamspace-Channel-Tr
acking-2023' on page 10 undefined on input line 495.


LaTeX Warning: Citation `Optimal-Beam-Association-High-Mobility-2021' on page 1
0 undefined on input line 495.


LaTeX Warning: Citation `Joint-Beam-Training-Data-Transmission-Control-2022' on
 page 10 undefined on input line 495.


LaTeX Warning: Citation `Decentralized-Beamforming-Cell-Free-Massive-MIMO-2022'
 on page 10 undefined on input line 495.


Overfull \hbox (166.67577pt too wide) in paragraph at lines 495--496
 [][] 
 []


LaTeX Warning: Reference `Classification-AI-BM' on page 10 undefined on input l
ine 500.


LaTeX Warning: Citation `Blockchain-Artificial-Intelligence' on page 10 undefin
ed on input line 503.


LaTeX Warning: Citation `Artificial-Neural-Networks-2019' on page 10 undefined 
on input line 503.


LaTeX Warning: Citation `Deep-Learning-Beam-Management-Interference-Coordinatio
n-2019' on page 10 undefined on input line 558.


LaTeX Warning: Citation `Deep-Learning-Aided-Fingerprint-Beam-Alignment-2019' o
n page 10 undefined on input line 558.


LaTeX Warning: Citation `Deep-Learning-mmWave-Beam-Blockage-Prediction-2020' on
 page 10 undefined on input line 558.


LaTeX Warning: Citation `Machine-Learning-Beam-Selection-Low-Complexity-Hybrid-
Beamforming-2021' on page 10 undefined on input line 558.


LaTeX Warning: Citation `A-Deep-Learning-Approach-Location-2022' on page 10 und
efined on input line 558.


LaTeX Warning: Citation `Learning-Predictive-Beamforming-UAV-2020' on page 10 u
ndefined on input line 558.


LaTeX Warning: Citation `Deep-Learning-Calibrated-Beam-Training-2021' on page 1
0 undefined on input line 558.


LaTeX Warning: Citation `Deep-Learning-Beam-Tracking-2021' on page 10 undefined
 on input line 558.


LaTeX Warning: Citation `KF-LSTM-Beam-Tracking-UAV-2022' on page 10 undefined o
n input line 558.


LaTeX Warning: Citation `A-Deep-Learning-Framework-Beam-Selection-2022' on page
 10 undefined on input line 558.


LaTeX Warning: Citation `Machine-Learning-Beam-Alignment-MIMO-2020' on page 10 
undefined on input line 558.


LaTeX Warning: Citation `A-Deep-Learning-Low-Overhead-Beam-Selection-2021' on p
age 10 undefined on input line 558.


LaTeX Warning: Citation `Deep-Learning-Calibrated-Beam-Training-2021' on page 1
0 undefined on input line 558.


LaTeX Warning: Citation `Deep-Learning-Beam-Training-Large-Scale-2023' on page 
10 undefined on input line 558.


LaTeX Warning: Citation `Deep-Learning-Multi-Finger-Beam-Training-2023' on page
 10 undefined on input line 558.


LaTeX Warning: Citation `Data-Driven-Analog-Beam-Selection-2018' on page 10 und
efined on input line 558.


LaTeX Warning: Citation `Machine-Learning-Analog-Beam-Selection-2020' on page 1
0 undefined on input line 558.


LaTeX Warning: Citation `Learning-Predictive-Transmitter-Receiver-Beam-Alignmen
t-2021' on page 10 undefined on input line 558.


LaTeX Warning: Citation `Machine-Learning-Assisted-Beam-Alignment-2021' on page
 10 undefined on input line 558.


LaTeX Warning: Citation `Novel-Design-User-Scheduling-Analog-Beam-Selection-202
2' on page 10 undefined on input line 558.


LaTeX Warning: Reference `SL-BM' on page 10 undefined on input line 562.


LaTeX Warning: Citation `Deep-Learning-Beam-Management-Interference-Coordinatio
n-2019' on page 10 undefined on input line 565.


LaTeX Warning: Citation `Deep-Learning-Aided-Fingerprint-Beam-Alignment-2019' o
n page 10 undefined on input line 565.


LaTeX Warning: Citation `Steering-eyes-closed' on page 10 undefined on input li
ne 565.


LaTeX Warning: Citation `Out-of-Band-Millimeter-Beamforming' on page 10 undefin
ed on input line 565.


LaTeX Warning: Citation `Deep-Learning-Assisted-Beam-Prediction-2020' on page 1
0 undefined on input line 565.


LaTeX Warning: Citation `Deep-Learning-mmWave-Beam-Prediction-2021' on page 10 
undefined on input line 565.


LaTeX Warning: Citation `Deep-Learning-mmWave-Beam-Blockage-Prediction-2020' on
 page 10 undefined on input line 565.


LaTeX Warning: Citation `A-Deep-Learning-Approach-Location-2022' on page 10 und
efined on input line 565.


LaTeX Warning: Citation `Learning-Predictive-Beamforming-UAV-2020' on page 10 u
ndefined on input line 567.


LaTeX Warning: Citation `Deep-Learning-Calibrated-Beam-Training-2021' on page 1
0 undefined on input line 567.


LaTeX Warning: Citation `Deep-Learning-Beam-Tracking-2021' on page 10 undefined
 on input line 567.


LaTeX Warning: Citation `KF-LSTM-Beam-Tracking-UAV-2022' on page 10 undefined o
n input line 567.


LaTeX Warning: Citation `A-Deep-Learning-Framework-Beam-Selection-2022' on page
 10 undefined on input line 567.

[10]
Underfull \vbox (badness 10000) has occurred while \output is active []



LaTeX Warning: Citation `Machine-Learning-Beam-Alignment-MIMO-2020' on page 11 
undefined on input line 570.


LaTeX Warning: Citation `A-Deep-Learning-Low-Overhead-Beam-Selection-2021' on p
age 11 undefined on input line 570.


LaTeX Warning: Citation `Deep-Learning-Multi-Finger-Beam-Training-2023' on page
 11 undefined on input line 570.


LaTeX Warning: Citation `Fraunhofer-Fresnel-Distances' on page 11 undefined on 
input line 570.


LaTeX Warning: Citation `Deep-Learning-Beam-Training-Large-Scale-2023' on page 
11 undefined on input line 570.

[11]

LaTeX Warning: Citation `Data-Driven-Analog-Beam-Selection-2018' on page 12 und
efined on input line 573.


LaTeX Warning: Citation `Machine-Learning-Analog-Beam-Selection-2020' on page 1
2 undefined on input line 573.


LaTeX Warning: Citation `Learning-Predictive-Transmitter-Receiver-Beam-Alignmen
t-2021' on page 12 undefined on input line 573.


LaTeX Warning: Citation `Machine-Learning-Assisted-Beam-Alignment-2021' on page
 12 undefined on input line 573.


LaTeX Warning: Citation `Novel-Design-User-Scheduling-Analog-Beam-Selection-202
2' on page 12 undefined on input line 573.


LaTeX Warning: Citation `Data-Driven-Analog-Beam-Selection-2018' on page 12 und
efined on input line 573.


LaTeX Warning: Citation `Novel-Design-User-Scheduling-Analog-Beam-Selection-202
2' on page 12 undefined on input line 573.


LaTeX Warning: Citation `Machine-Learning-Analog-Beam-Selection-2020' on page 1
2 undefined on input line 573.


LaTeX Warning: Citation `Multi-Armed-Bandit-Beam-Alignment-Tracking-2019' on pa
ge 12 undefined on input line 616.


LaTeX Warning: Citation `Fast-Beam-Alignment-Correlated-Bandit-2019' on page 12
 undefined on input line 616.


LaTeX Warning: Citation `Beam-Alignment-Tracking-Bandit-Learning-2020' on page 
12 undefined on input line 616.


LaTeX Warning: Citation `Beam-Alignment-Non-Stationary-Bandits-2020' on page 12
 undefined on input line 616.


LaTeX Warning: Citation `Context-and-Social-Aware-Online-Beam-Selection-2021' o
n page 12 undefined on input line 616.


LaTeX Warning: Citation `Beam-Drift-2021' on page 12 undefined on input line 61
6.


LaTeX Warning: Citation `User-Centric-Association-Ultra-Dense-mmWave-2021' on p
age 12 undefined on input line 616.


LaTeX Warning: Citation `Intelligent-Interactive-Beam-Training-2021' on page 12
 undefined on input line 616.


LaTeX Warning: Citation `Joint-Deep-Reinforcement-Learning-Unfolding-2021' on p
age 12 undefined on input line 616.


LaTeX Warning: Citation `Learning-Adaptation-Millimeter-Wave-Beam-Tracking-Trai
ning-2022' on page 12 undefined on input line 616.


LaTeX Warning: Citation `Zero-Shot-Adaptation-Beam-Tracking-2022' on page 12 un
defined on input line 616.


LaTeX Warning: Citation `Deep-Reinforcement-Learning-Blind-Alignment-2022' on p
age 12 undefined on input line 616.


LaTeX Warning: Citation `Deep-Recurrent-Q-Network-Beam-Tracking-2022' on page 1
2 undefined on input line 616.


LaTeX Warning: Citation `Training-Beam-Sequence-Design-2022' on page 12 undefin
ed on input line 616.


LaTeX Warning: Citation `Reinforcement-Learning-2018' on page 12 undefined on i
nput line 620.


LaTeX Warning: Reference `RL-BM' on page 12 undefined on input line 620.


LaTeX Warning: Citation `Introduction-Bandits' on page 12 undefined on input li
ne 623.


LaTeX Warning: Citation `Multi-Armed-Bandit-Beam-Alignment-Tracking-2019' on pa
ge 12 undefined on input line 623.


LaTeX Warning: Citation `Fast-Beam-Alignment-Correlated-Bandit-2019' on page 12
 undefined on input line 623.


LaTeX Warning: Citation `Beam-Alignment-Tracking-Bandit-Learning-2020' on page 
12 undefined on input line 623.


LaTeX Warning: Citation `Beam-Alignment-Non-Stationary-Bandits-2020' on page 12
 undefined on input line 623.


LaTeX Warning: Citation `Context-and-Social-Aware-Online-Beam-Selection-2021' o
n page 12 undefined on input line 623.


LaTeX Warning: Citation `Beam-Drift-2021' on page 12 undefined on input line 62
3.


LaTeX Warning: Citation `Multi-Armed-Bandit-Beam-Alignment-Tracking-2019' on pa
ge 12 undefined on input line 625.


LaTeX Warning: Citation `Fast-Beam-Alignment-Correlated-Bandit-2019' on page 12
 undefined on input line 625.


LaTeX Warning: Citation `Beam-Alignment-Tracking-Bandit-Learning-2020' on page 
12 undefined on input line 625.


LaTeX Warning: Citation `Fast-Beam-Alignment-Correlated-Bandit-2019' on page 12
 undefined on input line 625.


LaTeX Warning: Citation `Beam-Alignment-Tracking-Bandit-Learning-2020' on page 
12 undefined on input line 625.


LaTeX Warning: Citation `Beam-Alignment-Non-Stationary-Bandits-2020' on page 12
 undefined on input line 625.

[12]

LaTeX Warning: Citation `Context-and-Social-Aware-Online-Beam-Selection-2021' o
n page 13 undefined on input line 627.


LaTeX Warning: Citation `Beam-Drift-2021' on page 13 undefined on input line 62
7.

Package epstopdf Info: Source file: <MDP.eps>
(epstopdf)                    date: 2023-08-04 11:37:57
(epstopdf)                    size: 1694749 bytes
(epstopdf)             Output file: <MDP-eps-converted-to.pdf>
(epstopdf)                    date: 2023-08-04 11:37:57
(epstopdf)                    size: 26208 bytes
(epstopdf)             Command: <repstopdf --outfile=MDP-eps-converted-to.pdf M
DP.eps>
(epstopdf)             \includegraphics on input line 634.
Package epstopdf Info: Output file is already uptodate.
<MDP-eps-converted-to.pdf, id=167, 353.90419pt x 210.24046pt>
File: MDP-eps-converted-to.pdf Graphic file (type pdf)
<use MDP-eps-converted-to.pdf>
Package luatex.def Info: MDP-eps-converted-to.pdf  used on input line 634.
(luatex.def)             Requested size: 227.62204pt x 135.2239pt.

LaTeX Warning: Reference `fig:MDP' on page 13 undefined on input line 640.


LaTeX Warning: Citation `Reinforcement-Learning-2018' on page 13 undefined on i
nput line 640.

[13]

LaTeX Warning: Citation `Intelligent-Interactive-Beam-Training-2021' on page 14
 undefined on input line 642.


LaTeX Warning: Citation `Double-Q-Learning-2016' on page 14 undefined on input 
line 642.


LaTeX Warning: Citation `Joint-Deep-Reinforcement-Learning-Unfolding-2021' on p
age 14 undefined on input line 642.


LaTeX Warning: Citation `User-Centric-Association-Ultra-Dense-mmWave-2021' on p
age 14 undefined on input line 642.


LaTeX Warning: Citation `Deep-Recurrent-Q-Learning' on page 14 undefined on inp
ut line 642.


LaTeX Warning: Citation `Deep-Recurrent-Q-Network-Beam-Tracking-2022' on page 1
4 undefined on input line 642.


LaTeX Warning: Citation `Cost-Efficient-Beam-Management-Resource-Allocation-202
2' on page 14 undefined on input line 645.


LaTeX Warning: Citation `Deep-Reinforcement-Learning-Blind-Alignment-2022' on p
age 14 undefined on input line 645.


LaTeX Warning: Citation `Training-Beam-Sequence-Design-2022' on page 14 undefin
ed on input line 645.

[14<./MDP-eps-converted-to.pdf>]

LaTeX Warning: Citation `Edge-Artificial-Intelligence-6G-2022' on page 15 undef
ined on input line 652.


LaTeX Warning: Citation `AI-in-6G-2022' on page 15 undefined on input line 652.



LaTeX Warning: Citation `Distributed-Artificial-Intelligence-End-Edge-Cloud-202
3' on page 15 undefined on input line 652.


LaTeX Warning: Citation `Energy-Efficient-Mobile-Edge-Computing-2022' on page 1
5 undefined on input line 652.

Package epstopdf Info: Source file: <Central-FL.eps>
(epstopdf)                    date: 2023-08-04 11:37:56
(epstopdf)                    size: 4440047 bytes
(epstopdf)             Output file: <Central-FL-eps-converted-to.pdf>
(epstopdf)                    date: 2023-08-04 11:37:56
(epstopdf)                    size: 64246 bytes
(epstopdf)             Command: <repstopdf --outfile=Central-FL-eps-converted-t
o.pdf Central-FL.eps>
(epstopdf)             \includegraphics on input line 657.
Package epstopdf Info: Output file is already uptodate.
<Central-FL-eps-converted-to.pdf, id=190, 847.96599pt x 334.19254pt>
File: Central-FL-eps-converted-to.pdf Graphic file (type pdf)
<use Central-FL-eps-converted-to.pdf>
Package luatex.def Info: Central-FL-eps-converted-to.pdf  used on input line 65
7.
(luatex.def)             Requested size: 483.69684pt x 190.63449pt.

LaTeX Warning: Citation `FL-2021' on page 15 undefined on input line 663.


LaTeX Warning: Citation `Fairness-Awar-Federated-Learning' on page 15 undefined
 on input line 663.


LaTeX Warning: Citation `Beam-Management-Ultra-Dense-mmWave-Network-2023' on pa
ge 15 undefined on input line 663.


LaTeX Warning: Citation `Federated-Learning-Hybrid-Beamforming-2020' on page 15
 undefined on input line 663.


LaTeX Warning: Citation `Federated-mmWave-Beam-Selection-LIDAR-2021' on page 15
 undefined on input line 663.


LaTeX Warning: Citation `Fully-Decentralized-Federated-Learning-On-Board-Missio
n-2021' on page 15 undefined on input line 663.


LaTeX Warning: Citation `Learning-Rate-Optimization-Federated-Learning-2021' on
 page 15 undefined on input line 663.


LaTeX Warning: Citation `Federated-Deep-Reinforcement-Learning-THz-Beam-Search-
2022' on page 15 undefined on input line 663.


LaTeX Warning: Citation `Backdoor-Federated-Learning-2022' on page 15 undefined
 on input line 663.


LaTeX Warning: Citation `Self-Supervised-Deep-Learning-Beam-Steering-2022' on p
age 15 undefined on input line 663.


LaTeX Warning: Citation `Over-the-Air-Federated-Multi-Task-Learning-2023' on pa
ge 15 undefined on input line 663.


LaTeX Warning: Reference `fig:Central-FL' on page 15 undefined on input line 66
5.


LaTeX Warning: Citation `Beam-Management-Ultra-Dense-mmWave-Network-2023' on pa
ge 15 undefined on input line 665.


LaTeX Warning: Citation `Communication-Efficient-Learning-2023' on page 15 unde
fined on input line 665.


LaTeX Warning: Citation `Federated-Learning-Hybrid-Beamforming-2020' on page 15
 undefined on input line 665.


LaTeX Warning: Citation `Federated-mmWave-Beam-Selection-LIDAR-2021' on page 15
 undefined on input line 665.


LaTeX Warning: Citation `Federated-Deep-Reinforcement-Learning-THz-Beam-Search-
2022' on page 15 undefined on input line 665.


LaTeX Warning: Citation `Federated-Learning-Over-the-Air-2020' on page 15 undef
ined on input line 665.


LaTeX Warning: Citation `Learning-Rate-Optimization-Federated-Learning-2021' on
 page 15 undefined on input line 665.


LaTeX Warning: Citation `Over-the-Air-Federated-Multi-Task-Learning-2023' on pa
ge 15 undefined on input line 665.


LaTeX Warning: Citation `Fully-Decentralized-Federated-Learning-On-Board-Missio
n-2021' on page 15 undefined on input line 668.


LaTeX Warning: Citation `AI-in-6G-2022' on page 15 undefined on input line 674.



LaTeX Warning: Citation `A-Privacy-Preserved-Split-Learning-2022' on page 15 un
defined on input line 674.

[15]

LaTeX Warning: Citation `Communication-Efficient-Distributed-Learning-2021' on 
page 16 undefined on input line 676.


LaTeX Warning: Citation `Survey-Transfer-Learning-2021' on page 16 undefined on
 input line 679.


LaTeX Warning: Citation `Beams-Selection-MmWave-Multi-Connection-2021' on page 
16 undefined on input line 679.


LaTeX Warning: Citation `Deep-Transfer-Learning-Location-Aware-2021' on page 16
 undefined on input line 679.


LaTeX Warning: Citation `Intelligent-Analog-Beam-Selection-Beamspace-Channel-Tr
acking-2023' on page 16 undefined on input line 679.


LaTeX Warning: Citation `Beams-Selection-MmWave-Multi-Connection-2021' on page 
16 undefined on input line 679.


LaTeX Warning: Citation `Deep-Transfer-Learning-Location-Aware-2021' on page 16
 undefined on input line 679.


LaTeX Warning: Citation `Intelligent-Analog-Beam-Selection-Beamspace-Channel-Tr
acking-2023' on page 16 undefined on input line 679.


Underfull \vbox (badness 8000) has occurred while \output is active []


Underfull \vbox (badness 10000) has occurred while \output is active []

 [16<./Central-FL-eps-converted-to.pdf>]

LaTeX Warning: Citation `Efficient-Parallel-Methods-2017' on page 17 undefined 
on input line 685.


LaTeX Warning: Citation `Optimal-Beam-Association-High-Mobility-2021' on page 1
7 undefined on input line 685.


LaTeX Warning: Citation `Joint-Beam-Training-Data-Transmission-Control-2022' on
 page 17 undefined on input line 685.


LaTeX Warning: Citation `Decentralized-Beamforming-Cell-Free-Massive-MIMO-2022'
 on page 17 undefined on input line 685.

Package epstopdf Info: Source file: <Use-Case-ISAC.eps>
(epstopdf)                    date: 2023-08-04 11:37:57
(epstopdf)                    size: 1988653 bytes
(epstopdf)             Output file: <Use-Case-ISAC-eps-converted-to.pdf>
(epstopdf)                    date: 2023-08-04 11:37:57
(epstopdf)                    size: 158163 bytes
(epstopdf)             Command: <repstopdf --outfile=Use-Case-ISAC-eps-converte
d-to.pdf Use-Case-ISAC.eps>
(epstopdf)             \includegraphics on input line 690.
Package epstopdf Info: Output file is already uptodate.

warning  (file Use-Case-ISAC-eps-converted-to.pdf) (pdf inclusion): PDF inclusio
n: found PDF version '1.7', but at most version '1.5' allowed
<Use-Case-ISAC-eps-converted-to.pdf, id=225, 418.56656pt x 245.07861pt>
File: Use-Case-ISAC-eps-converted-to.pdf Graphic file (type pdf)
<use Use-Case-ISAC-eps-converted-to.pdf>
Package luatex.def Info: Use-Case-ISAC-eps-converted-to.pdf  used on input line
 690.
(luatex.def)             Requested size: 483.69684pt x 283.21437pt.

LaTeX Warning: Citation `Radar-aided-beam-alignment-V2I-2016' on page 17 undefi
ned on input line 773.


LaTeX Warning: Citation `Passive-Radar-Roadside-Unit-2020' on page 17 undefined
 on input line 773.


LaTeX Warning: Citation `MIMO-Radar-mmWave-Channel-Estimation-2021' on page 17 
undefined on input line 773.


LaTeX Warning: Citation `Integrated-Scheduling-UAV-2022' on page 17 undefined o
n input line 773.


LaTeX Warning: Citation `DRL-Beam-Management-ISAC-HSR-2022' on page 17 undefine
d on input line 773.


LaTeX Warning: Citation `Radar-6G-Beam-Prediction-2022' on page 17 undefined on
 input line 773.


LaTeX Warning: Citation `An-Overview-80211bf-sensing-2022' on page 17 undefined
 on input line 773.


LaTeX Warning: Citation `Enhancing-THz-mmWave-Beam-Alignment-2022' on page 17 u
ndefined on input line 773.


LaTeX Warning: Citation `An-ISAC-based-Beam-Alignment-2022' on page 17 undefine
d on input line 773.


LaTeX Warning: Citation `Radar-Assisted-Predictive-Beamforming-2020' on page 17
 undefined on input line 773.


LaTeX Warning: Citation `Bayesian-Predictive-Beamforming-2021' on page 17 undef
ined on input line 773.


LaTeX Warning: Citation `Predictive-Beam-Tracking-Cooperative-Sensing-2021' on 
page 17 undefined on input line 773.


LaTeX Warning: Citation `A-Novel-ISAC-2022' on page 17 undefined on input line 
773.


LaTeX Warning: Citation `ISAC-V2I-beamforming-2022' on page 17 undefined on inp
ut line 773.


LaTeX Warning: Citation `Vehicular-Connectivity-Complex-Trajectories-2022' on p
age 17 undefined on input line 773.


LaTeX Warning: Citation `Motion-Sensor-Beam-Tracking-2018' on page 17 undefined
 on input line 773.


LaTeX Warning: Citation `LIDAR-Data-DL-2019' on page 17 undefined on input line
 773.


LaTeX Warning: Citation `3D-Scene-Beam-Selection-2020' on page 17 undefined on 
input line 773.


LaTeX Warning: Citation `Millimeter-Wave-Cameras-2020' on page 17 undefined on 
input line 773.


LaTeX Warning: Citation `Environment-Aware-Beam-Alignment-2021' on page 17 unde
fined on input line 773.


LaTeX Warning: Citation `Vision-Aided-Beam-Tracking-DL-2021' on page 17 undefin
ed on input line 773.


LaTeX Warning: Citation `Image-Index-2021' on page 17 undefined on input line 7
73.


LaTeX Warning: Citation `Vision-Aided-6G-Blockage-2021' on page 17 undefined on
 input line 773.


LaTeX Warning: Citation `Testbed-Performance-Evaluation-2022' on page 17 undefi
ned on input line 773.


LaTeX Warning: Citation `Camera-Sensing-Beam-Tracking-2022' on page 17 undefine
d on input line 773.


LaTeX Warning: Citation `Joint-Sensing-Communications-DRL-2022' on page 17 unde
fined on input line 773.


LaTeX Warning: Citation `Vision-Position-Multi-Modal-Beam-Prediction-2022' on p
age 17 undefined on input line 773.


LaTeX Warning: Citation `Computer-Vision-Beam-Tracking-Real-World-2022' on page
 17 undefined on input line 773.


LaTeX Warning: Citation `Towards-Real-World-6G-Drone-Communication-2022' on pag
e 17 undefined on input line 773.


LaTeX Warning: Citation `LIDAR-Position-Aided-mmWave-Beam-Selection-2022' on pa
ge 17 undefined on input line 773.


LaTeX Warning: Citation `Machine-Learning-Based-Vision-Aided-Beam-Selection-202
2' on page 17 undefined on input line 773.


LaTeX Warning: Citation `A-Personalized-Solution-2023' on page 17 undefined on 
input line 773.


LaTeX Warning: Citation `LiDAR-Future-Beam-Prediction-2023' on page 17 undefine
d on input line 773.


LaTeX Warning: Reference `ISAC-BM' on page 17 undefined on input line 779.


LaTeX Warning: Reference `fig:Use-Case-ISAC' on page 17 undefined on input line
 779.


LaTeX Warning: Citation `Radar-aided-beam-alignment-V2I-2016' on page 17 undefi
ned on input line 782.


LaTeX Warning: Citation `Passive-Radar-Roadside-Unit-2020' on page 17 undefined
 on input line 782.


LaTeX Warning: Citation `MIMO-Radar-mmWave-Channel-Estimation-2021' on page 17 
undefined on input line 782.


LaTeX Warning: Citation `Integrated-Scheduling-UAV-2022' on page 17 undefined o
n input line 782.


LaTeX Warning: Citation `DRL-Beam-Management-ISAC-HSR-2022' on page 17 undefine
d on input line 782.


LaTeX Warning: Citation `Radar-6G-Beam-Prediction-2022' on page 17 undefined on
 input line 782.


LaTeX Warning: Citation `Radar-aided-beam-alignment-V2I-2016' on page 17 undefi
ned on input line 784.


LaTeX Warning: Citation `Passive-Radar-Roadside-Unit-2020' on page 17 undefined
 on input line 784.


LaTeX Warning: Citation `MIMO-Radar-mmWave-Channel-Estimation-2021' on page 17 
undefined on input line 784.


LaTeX Warning: Citation `Integrated-Scheduling-UAV-2022' on page 17 undefined o
n input line 784.


LaTeX Warning: Citation `Radar-6G-Beam-Prediction-2022' on page 17 undefined on
 input line 784.


LaTeX Warning: Citation `DRL-Beam-Management-ISAC-HSR-2022' on page 17 undefine
d on input line 786.


LaTeX Warning: Citation `Multibeam-Joint-Communication-Radar-2019' on page 17 u
ndefined on input line 786.


LaTeX Warning: Citation `Multibeam-Design-ISAC-2020' on page 17 undefined on in
put line 786.


LaTeX Warning: Citation `DRL-Beam-Management-ISAC-HSR-2022' on page 17 undefine
d on input line 786.


LaTeX Warning: Citation `Multibeam-Joint-Communication-Radar-2019' on page 17 u
ndefined on input line 786.


LaTeX Warning: Citation `Multibeam-Design-ISAC-2020' on page 17 undefined on in
put line 786.

[17]
Underfull \vbox (badness 10000) has occurred while \output is active []



LaTeX Warning: Citation `IEEE-Std-802.11bf' on page 18 undefined on input line 
800.


LaTeX Warning: Citation `An-Overview-80211bf-sensing-2022' on page 18 undefined
 on input line 800.


Underfull \vbox (badness 10000) has occurred while \output is active []

 [18<./Use-Case-ISAC-eps-converted-to.pdf>]
Package epstopdf Info: Source file: <DMG-sensing.eps>
(epstopdf)                    date: 2023-08-04 11:37:57
(epstopdf)                    size: 10130767 bytes
(epstopdf)             Output file: <DMG-sensing-eps-converted-to.pdf>
(epstopdf)                    date: 2023-08-20 02:15:20
(epstopdf)                    size: 43798 bytes
(epstopdf)             Command: <repstopdf --outfile=DMG-sensing-eps-converted-
to.pdf DMG-sensing.eps>
(epstopdf)             \includegraphics on input line 805.
Package epstopdf Info: Output file is already uptodate.
<DMG-sensing-eps-converted-to.pdf, id=234, 464.73625pt x 405.515pt>
File: DMG-sensing-eps-converted-to.pdf Graphic file (type pdf)
<use DMG-sensing-eps-converted-to.pdf>
Package luatex.def Info: DMG-sensing-eps-converted-to.pdf  used on input line 8
05.
(luatex.def)             Requested size: 227.62204pt x 198.61127pt.


LaTeX Warning: Reference `fig:DMG-sensing' on page 19 undefined on input line 8
11.


Underfull \vbox (badness 4096) has occurred while \output is active []

 [19<./DMG-sensing-eps-converted-to.pdf>]

LaTeX Warning: Citation `Integrated-Sensing-Communications-2022' on page 20 und
efined on input line 840.


LaTeX Warning: Citation `Perceptive-Mobile-Networks-2021' on page 20 undefined 
on input line 840.


LaTeX Warning: Citation `5G-PRS-Based-Sensing-2022' on page 20 undefined on inp
ut line 840.


LaTeX Warning: Citation `Enhancing-THz-mmWave-Beam-Alignment-2022' on page 20 u
ndefined on input line 840.


LaTeX Warning: Citation `An-ISAC-based-Beam-Alignment-2022' on page 20 undefine
d on input line 840.


LaTeX Warning: Citation `Enhancing-THz-mmWave-Beam-Alignment-2022' on page 20 u
ndefined on input line 840.


LaTeX Warning: Citation `An-ISAC-based-Beam-Alignment-2022' on page 20 undefine
d on input line 840.


LaTeX Warning: Citation `Perceptive-Mobile-Networks-2021' on page 20 undefined 
on input line 840.


LaTeX Warning: Citation `ISAC-signal-Survey-2023' on page 20 undefined on input
 line 844.


Underfull \vbox (badness 10000) has occurred while \output is active []

 [20]

LaTeX Warning: Citation `Radar-Assisted-Predictive-Beamforming-2020' on page 21
 undefined on input line 847.


LaTeX Warning: Citation `Bayesian-Predictive-Beamforming-2021' on page 21 undef
ined on input line 847.


LaTeX Warning: Citation `Predictive-Beam-Tracking-Cooperative-Sensing-2021' on 
page 21 undefined on input line 847.


LaTeX Warning: Citation `A-Novel-ISAC-2022' on page 21 undefined on input line 
847.


LaTeX Warning: Citation `ISAC-V2I-beamforming-2022' on page 21 undefined on inp
ut line 847.


LaTeX Warning: Citation `Vehicular-Connectivity-Complex-Trajectories-2022' on p
age 21 undefined on input line 847.


LaTeX Warning: Citation `Radar-Assisted-Predictive-Beamforming-2020' on page 21
 undefined on input line 847.


LaTeX Warning: Citation `Bayesian-Predictive-Beamforming-2021' on page 21 undef
ined on input line 847.


LaTeX Warning: Citation `ISAC-V2I-beamforming-2022' on page 21 undefined on inp
ut line 848.


LaTeX Warning: Citation `Vehicular-Connectivity-Complex-Trajectories-2022' on p
age 21 undefined on input line 848.


LaTeX Warning: Citation `Radar-Assisted-Predictive-Beamforming-2020' on page 21
 undefined on input line 848.


LaTeX Warning: Citation `Predictive-Beam-Tracking-Cooperative-Sensing-2021' on 
page 21 undefined on input line 848.


LaTeX Warning: Citation `Predictive-Beam-Tracking-Cooperative-Sensing-2021' on 
page 21 undefined on input line 848.


LaTeX Warning: Citation `A-Novel-ISAC-2022' on page 21 undefined on input line 
848.


LaTeX Warning: Citation `Motion-Sensor-Beam-Tracking-2018' on page 21 undefined
 on input line 853.


LaTeX Warning: Citation `Environment-Aware-Beam-Alignment-2021' on page 21 unde
fined on input line 853.


LaTeX Warning: Citation `Joint-Sensing-Communications-DRL-2022' on page 21 unde
fined on input line 853.


LaTeX Warning: Citation `3D-Scene-Beam-Selection-2020' on page 21 undefined on 
input line 857.


LaTeX Warning: Citation `Millimeter-Wave-Cameras-2020' on page 21 undefined on 
input line 857.


LaTeX Warning: Citation `Vision-Aided-Beam-Tracking-DL-2021' on page 21 undefin
ed on input line 857.


LaTeX Warning: Citation `Image-Index-2021' on page 21 undefined on input line 8
57.


LaTeX Warning: Citation `Vision-Position-Multi-Modal-Beam-Prediction-2022' on p
age 21 undefined on input line 857.


LaTeX Warning: Citation `Computer-Vision-Beam-Tracking-Real-World-2022' on page
 21 undefined on input line 857.


LaTeX Warning: Citation `Towards-Real-World-6G-Drone-Communication-2022' on pag
e 21 undefined on input line 857.


LaTeX Warning: Citation `Vision-Aided-6G-Blockage-2021' on page 21 undefined on
 input line 857.


LaTeX Warning: Citation `Camera-Sensing-Beam-Tracking-2022' on page 21 undefine
d on input line 857.


LaTeX Warning: Citation `Testbed-Performance-Evaluation-2022' on page 21 undefi
ned on input line 857.


LaTeX Warning: Citation `Machine-Learning-Based-Vision-Aided-Beam-Selection-202
2' on page 21 undefined on input line 857.


LaTeX Warning: Citation `3D-Scene-Beam-Selection-2020' on page 21 undefined on 
input line 857.


LaTeX Warning: Citation `Millimeter-Wave-Cameras-2020' on page 21 undefined on 
input line 857.


LaTeX Warning: Citation `Vision-Aided-Beam-Tracking-DL-2021' on page 21 undefin
ed on input line 857.


LaTeX Warning: Citation `Image-Index-2021' on page 21 undefined on input line 8
57.


LaTeX Warning: Citation `Vision-Position-Multi-Modal-Beam-Prediction-2022' on p
age 21 undefined on input line 857.


LaTeX Warning: Citation `Computer-Vision-Beam-Tracking-Real-World-2022' on page
 21 undefined on input line 857.


LaTeX Warning: Citation `Towards-Real-World-6G-Drone-Communication-2022' on pag
e 21 undefined on input line 857.


LaTeX Warning: Citation `Vision-Aided-6G-Blockage-2021' on page 21 undefined on
 input line 857.


LaTeX Warning: Citation `Camera-Sensing-Beam-Tracking-2022' on page 21 undefine
d on input line 857.


LaTeX Warning: Citation `Testbed-Performance-Evaluation-2022' on page 21 undefi
ned on input line 857.

[21]

LaTeX Warning: Citation `Federated-mmWave-Beam-Selection-LIDAR-2021' on page 22
 undefined on input line 860.


LaTeX Warning: Citation `Backdoor-Federated-Learning-2022' on page 22 undefined
 on input line 860.


LaTeX Warning: Citation `A-Privacy-Preserved-Split-Learning-2022' on page 22 un
defined on input line 860.


LaTeX Warning: Citation `LIDAR-Data-DL-2019' on page 22 undefined on input line
 860.


LaTeX Warning: Citation `LIDAR-Position-Aided-mmWave-Beam-Selection-2022' on pa
ge 22 undefined on input line 860.


LaTeX Warning: Citation `A-Personalized-Solution-2023' on page 22 undefined on 
input line 860.


LaTeX Warning: Citation `LiDAR-Future-Beam-Prediction-2023' on page 22 undefine
d on input line 860.


LaTeX Warning: Citation `LIDAR-Data-DL-2019' on page 22 undefined on input line
 860.


LaTeX Warning: Citation `LIDAR-Position-Aided-mmWave-Beam-Selection-2022' on pa
ge 22 undefined on input line 860.


LaTeX Warning: Citation `LiDAR-Future-Beam-Prediction-2023' on page 22 undefine
d on input line 860.


LaTeX Warning: Citation `LIDAR-Data-DL-2019' on page 22 undefined on input line
 860.


LaTeX Warning: Citation `LIDAR-Position-Aided-mmWave-Beam-Selection-2022' on pa
ge 22 undefined on input line 860.


LaTeX Warning: Citation `LiDAR-Future-Beam-Prediction-2023' on page 22 undefine
d on input line 860.

Package epstopdf Info: Source file: <Use-Case-RIS.eps>
(epstopdf)                    date: 2023-08-04 11:37:58
(epstopdf)                    size: 1523386 bytes
(epstopdf)             Output file: <Use-Case-RIS-eps-converted-to.pdf>
(epstopdf)                    date: 2023-08-04 11:37:58
(epstopdf)                    size: 162062 bytes
(epstopdf)             Command: <repstopdf --outfile=Use-Case-RIS-eps-converted
-to.pdf Use-Case-RIS.eps>
(epstopdf)             \includegraphics on input line 864.
Package epstopdf Info: Output file is already uptodate.
<Use-Case-RIS-eps-converted-to.pdf, id=270, 921.89418pt x 310.10254pt>
File: Use-Case-RIS-eps-converted-to.pdf Graphic file (type pdf)
<use Use-Case-RIS-eps-converted-to.pdf>
Package luatex.def Info: Use-Case-RIS-eps-converted-to.pdf  used on input line 
864.
(luatex.def)             Requested size: 483.69684pt x 162.70216pt.

LaTeX Warning: Citation `Fast-Beam-Training-IRS-2020' on page 22 undefined on i
nput line 919.


LaTeX Warning: Citation `Terahertz-MIMO-RIS-2021' on page 22 undefined on input
 line 919.


LaTeX Warning: Citation `Joint-Beam-Training-Positioning-RIS-2021' on page 22 u
ndefined on input line 919.


LaTeX Warning: Citation `Distributed-Beam-Training-2021' on page 22 undefined o
n input line 919.


LaTeX Warning: Citation `Multi-Path-Beam-Routing-RIS-2022' on page 22 undefined
 on input line 919.


LaTeX Warning: Citation `Beam-Training-Alignment-RIS-2022' on page 22 undefined
 on input line 919.


LaTeX Warning: Citation `Codebook-design-beam-training-RIS-2022' on page 22 und
efined on input line 919.


LaTeX Warning: Citation `Fast-Beam-Training-Alignment-IRS-2022' on page 22 unde
fined on input line 919.


Underfull \hbox (badness 1430) in paragraph at lines 919--919
\T1/ptm/m/n/8 antenna users, where all BS-user
 []


LaTeX Warning: Citation `Real-Time-Beam-steering' on page 22 undefined on input
 line 919.


LaTeX Warning: Citation `RIS-Aided-Indoor-Beam-Alignment' on page 22 undefined 
on input line 919.


LaTeX Warning: Citation `Deep-Learning-THz-Drones' on page 22 undefined on inpu
t line 919.


LaTeX Warning: Citation `Active-Sensing-learning-2022' on page 22 undefined on 
input line 919.


LaTeX Warning: Citation `Enabling-Efficient-Blockage-Aware-Handover' on page 22
 undefined on input line 919.


LaTeX Warning: Citation `Low-overhead-Beam-Training-Large-Scale-RIS-2022' on pa
ge 22 undefined on input line 919.


LaTeX Warning: Citation `Stratified-Federated-Learning-Beamforming-Design-2023'
 on page 22 undefined on input line 919.


LaTeX Warning: Citation `Joint-Hybrid-3D-Beamforming-2022' on page 22 undefined
 on input line 919.


Underfull \hbox (badness 6157) in paragraph at lines 919--919
[]|\T1/ptm/m/n/8 An RIS-assisted THz multi-user
 []


LaTeX Warning: Citation `Computer-Vision-Aided-RIS-Beam-Tracking' on page 22 un
defined on input line 919.


LaTeX Warning: Citation `Sensing-Aided-RIS-3GPP-5G' on page 22 undefined on inp
ut line 919.


Underfull \hbox (badness 1515) in paragraph at lines 919--919
\T1/ptm/m/n/8 antenna BS and a single-antenna
 []


LaTeX Warning: Reference `fig:Use-Case-RIS' on page 22 undefined on input line 
923.


LaTeX Warning: Reference `RIS-BM' on page 22 undefined on input line 923.

Package epstopdf Info: Source file: <Use-Case-RIS-beam-sweeping.eps>
(epstopdf)                    date: 2023-08-04 11:37:57
(epstopdf)                    size: 3575811 bytes
(epstopdf)             Output file: <Use-Case-RIS-beam-sweeping-eps-converted-t
o.pdf>
(epstopdf)                    date: 2023-08-04 11:37:57
(epstopdf)                    size: 32657 bytes
(epstopdf)             Command: <repstopdf --outfile=Use-Case-RIS-beam-sweeping
-eps-converted-to.pdf Use-Case-RIS-beam-sweeping.eps>
(epstopdf)             \includegraphics on input line 927.
Package epstopdf Info: Output file is already uptodate.
<Use-Case-RIS-beam-sweeping-eps-converted-to.pdf, id=271, 454.64284pt x 981.553
07pt>
File: Use-Case-RIS-beam-sweeping-eps-converted-to.pdf Graphic file (type pdf)
<use Use-Case-RIS-beam-sweeping-eps-converted-to.pdf>
Package luatex.def Info: Use-Case-RIS-beam-sweeping-eps-converted-to.pdf  used 
on input line 927.
(luatex.def)             Requested size: 227.62204pt x 491.41936pt.

LaTeX Warning: Citation `Fast-Beam-Training-IRS-2020' on page 22 undefined on i
nput line 933.


LaTeX Warning: Citation `Terahertz-MIMO-RIS-2021' on page 22 undefined on input
 line 933.


LaTeX Warning: Citation `Joint-Beam-Training-Positioning-RIS-2021' on page 22 u
ndefined on input line 933.


LaTeX Warning: Citation `Distributed-Beam-Training-2021' on page 22 undefined o
n input line 933.


LaTeX Warning: Citation `Multi-Path-Beam-Routing-RIS-2022' on page 22 undefined
 on input line 933.


LaTeX Warning: Citation `Beam-Training-Alignment-RIS-2022' on page 22 undefined
 on input line 933.


LaTeX Warning: Citation `Codebook-design-beam-training-RIS-2022' on page 22 und
efined on input line 933.


LaTeX Warning: Citation `Fast-Beam-Training-Alignment-IRS-2022' on page 22 unde
fined on input line 933.


LaTeX Warning: Reference `fig:Use-Case-RIS-beam-sweeping' on page 22 undefined 
on input line 933.


LaTeX Warning: Citation `Fast-Beam-Training-IRS-2020' on page 22 undefined on i
nput line 935.


LaTeX Warning: Citation `Terahertz-MIMO-RIS-2021' on page 22 undefined on input
 line 935.


LaTeX Warning: Citation `Distributed-Beam-Training-2021' on page 22 undefined o
n input line 935.


LaTeX Warning: Citation `Beam-Training-Alignment-RIS-2022' on page 22 undefined
 on input line 935.


LaTeX Warning: Citation `Fast-Beam-Training-Alignment-IRS-2022' on page 22 unde
fined on input line 935.


LaTeX Warning: Citation `Beam-Training-Alignment-RIS-2022' on page 22 undefined
 on input line 935.


LaTeX Warning: Citation `Terahertz-MIMO-RIS-2021' on page 22 undefined on input
 line 938.


LaTeX Warning: Citation `Beam-Training-Alignment-RIS-2022' on page 22 undefined
 on input line 938.


LaTeX Warning: Citation `Codebook-design-beam-training-RIS-2022' on page 22 und
efined on input line 938.


LaTeX Warning: Citation `Terahertz-MIMO-RIS-2021' on page 22 undefined on input
 line 938.


LaTeX Warning: Citation `Codebook-design-beam-training-RIS-2022' on page 22 und
efined on input line 938.


LaTeX Warning: Citation `Fast-Beam-Training-IRS-2020' on page 22 undefined on i
nput line 938.


LaTeX Warning: Citation `Terahertz-MIMO-RIS-2021' on page 22 undefined on input
 line 938.

[22]

LaTeX Warning: Citation `Fast-Beam-Training-IRS-2020' on page 23 undefined on i
nput line 941.


LaTeX Warning: Citation `Multi-Path-Beam-Routing-RIS-2022' on page 23 undefined
 on input line 941.


LaTeX Warning: Citation `Beam-Training-Alignment-RIS-2022' on page 23 undefined
 on input line 941.


LaTeX Warning: Citation `Fast-Beam-Training-Alignment-IRS-2022' on page 23 unde
fined on input line 941.


LaTeX Warning: Citation `Fast-Beam-Training-IRS-2020' on page 23 undefined on i
nput line 941.


LaTeX Warning: Citation `Multi-Path-Beam-Routing-RIS-2022' on page 23 undefined
 on input line 941.


LaTeX Warning: Citation `Beam-Training-Alignment-RIS-2022' on page 23 undefined
 on input line 941.


LaTeX Warning: Citation `Fast-Beam-Training-Alignment-IRS-2022' on page 23 unde
fined on input line 941.


Underfull \vbox (badness 10000) has occurred while \output is active []



LaTeX Warning: Citation `Joint-Beam-Training-Positioning-RIS-2021' on page 23 u
ndefined on input line 944.


LaTeX Warning: Citation `Distributed-Beam-Training-2021' on page 23 undefined o
n input line 944.


LaTeX Warning: Citation `Differential-Data-Aided-Beam-Training' on page 23 unde
fined on input line 944.


LaTeX Warning: Citation `Enabling-Large-RIS-DL-2021' on page 23 undefined on in
put line 948.

[23<./Use-Case-RIS-eps-converted-to.pdf>]

LaTeX Warning: Citation `RIS-Multiuser-MISO-DRL-2020' on page 24 undefined on i
nput line 952.


LaTeX Warning: Citation `Millimeter-Wave-Communications-IR-DRL-2022' on page 24
 undefined on input line 952.


LaTeX Warning: Citation `ML-RIS-2022' on page 24 undefined on input line 952.


Underfull \vbox (badness 10000) has occurred while \output is active []


Underfull \vbox (badness 10000) has occurred while \output is active []

 [24]
Package epstopdf Info: Source file: <RIS-DRL.eps>
(epstopdf)                    date: 2023-08-04 11:37:57
(epstopdf)                    size: 1896370 bytes
(epstopdf)             Output file: <RIS-DRL-eps-converted-to.pdf>
(epstopdf)                    date: 2023-08-04 11:37:57
(epstopdf)                    size: 67622 bytes
(epstopdf)             Command: <repstopdf --outfile=RIS-DRL-eps-converted-to.p
df RIS-DRL.eps>
(epstopdf)             \includegraphics on input line 957.
Package epstopdf Info: Output file is already uptodate.
<RIS-DRL-eps-converted-to.pdf, id=725, 390.7928pt x 268.68982pt>
File: RIS-DRL-eps-converted-to.pdf Graphic file (type pdf)
<use RIS-DRL-eps-converted-to.pdf>
Package luatex.def Info: RIS-DRL-eps-converted-to.pdf  used on input line 957.
(luatex.def)             Requested size: 227.62204pt x 156.50436pt.

Underfull \vbox (badness 6493) has occurred while \output is active []



LaTeX Warning: Citation `Real-Time-Beam-steering' on page 25 undefined on input
 line 962.


LaTeX Warning: Citation `RIS-Aided-Indoor-Beam-Alignment' on page 25 undefined 
on input line 962.


LaTeX Warning: Citation `Deep-Learning-THz-Drones' on page 25 undefined on inpu
t line 962.


LaTeX Warning: Citation `Active-Sensing-learning-2022' on page 25 undefined on 
input line 962.


LaTeX Warning: Citation `Enabling-Efficient-Blockage-Aware-Handover' on page 25
 undefined on input line 962.


LaTeX Warning: Citation `Low-overhead-Beam-Training-Large-Scale-RIS-2022' on pa
ge 25 undefined on input line 962.


LaTeX Warning: Reference `fig:RIS-DRL' on page 25 undefined on input line 962.


LaTeX Warning: Citation `Real-Time-Beam-steering' on page 25 undefined on input
 line 962.


LaTeX Warning: Citation `RIS-Aided-Indoor-Beam-Alignment' on page 25 undefined 
on input line 962.


LaTeX Warning: Citation `Deep-Learning-THz-Drones' on page 25 undefined on inpu
t line 962.


LaTeX Warning: Citation `Active-Sensing-learning-2022' on page 25 undefined on 
input line 962.


LaTeX Warning: Citation `Enabling-Efficient-Blockage-Aware-Handover' on page 25
 undefined on input line 962.


LaTeX Warning: Citation `Low-overhead-Beam-Training-Large-Scale-RIS-2022' on pa
ge 25 undefined on input line 962.


LaTeX Warning: Citation `Enhanced-RIS-FL-2020' on page 25 undefined on input li
ne 964.


LaTeX Warning: Citation `Stratified-Federated-Learning-Beamforming-Design-2023'
 on page 25 undefined on input line 964.

[25<./Use-Case-RIS-beam-sweeping-eps-converted-to.pdf><./RIS-DRL-eps-converted-t
o.pdf>]

LaTeX Warning: Citation `The-Rise-IRS-ISAC-2022' on page 26 undefined on input 
line 969.


LaTeX Warning: Citation `ISAC-RIS-2022' on page 26 undefined on input line 972.



LaTeX Warning: Citation `JCAS-RIS-mmWave-2022' on page 26 undefined on input li
ne 972.


LaTeX Warning: Citation `NOMA-RIS-ISAC-2022' on page 26 undefined on input line
 972.


LaTeX Warning: Citation `Joint-Beamforming-Design-RIS-ISAC' on page 26 undefine
d on input line 972.


LaTeX Warning: Citation `Resource-Allocation-RIS' on page 26 undefined on input
 line 972.


LaTeX Warning: Citation `Joint-Transmit-Reflective-Beamforming-RIS-ISAC' on pag
e 26 undefined on input line 972.


LaTeX Warning: Citation `Joint-Active-Passive-Beamforming-Design-HuaMeng' on pa
ge 26 undefined on input line 972.


LaTeX Warning: Citation `Joint-Hybrid-3D-Beamforming-2022' on page 26 undefined
 on input line 978.


LaTeX Warning: Citation `Computer-Vision-Aided-RIS-Beam-Tracking' on page 26 un
defined on input line 978.


LaTeX Warning: Citation `Computer-Vision-Aided-RIS-Beam-Tracking' on page 26 un
defined on input line 978.


LaTeX Warning: Citation `Sensing-Aided-RIS-3GPP-5G' on page 26 undefined on inp
ut line 978.

[26] [27]

LaTeX Warning: Citation `Meta-Learning-2020' on page 28 undefined on input line
 1004.


LaTeX Warning: Citation `R1-2301586' on page 28 undefined on input line 1008.

[28]

LaTeX Warning: Citation `Collaborative-Sensing-2022' on page 29 undefined on in
put line 1020.


LaTeX Warning: Citation `Federated-Sensing-2021' on page 29 undefined on input 
line 1020.

[29]

LaTeX Warning: Citation `Joint-Beam-Training-Positioning-RIS-2021' on page 30 u
ndefined on input line 1043.


LaTeX Warning: Citation `Enabling-Large-RIS-DL-2021' on page 30 undefined on in
put line 1046.


LaTeX Warning: Citation `Sensing-Aided-RIS-3GPP-5G' on page 30 undefined on inp
ut line 1046.


LaTeX Warning: Citation `Tensor-Algebraic-Channel-Estimation' on page 30 undefi
ned on input line 1046.


LaTeX Warning: Citation `Hybrid-Relay-Reflecting-2022' on page 30 undefined on 
input line 1046.


LaTeX Warning: Citation `Active-RIS-vs-Passive-2023' on page 30 undefined on in
put line 1046.


LaTeX Warning: Citation `RDARS-2023' on page 30 undefined on input line 1046.

[30]
No file 2308.02135_lualatex.bbl.
[31]
(/Users/jovyntan/Desktop/work/fyp/exploration/diff_test_tex_engines/bin/compile
d_tex_pdf/2308.02135/2308.02135_lualatex.aux)

LaTeX Font Warning: Some font shapes were not available, defaults substituted.


LaTeX Warning: There were undefined references.


LaTeX Warning: Label(s) may have changed. Rerun to get cross-references right.

)

Here is how much of LuaTeX's memory you used:
 7934 strings out of 478531
 244187,460012 words of node,token memory allocated
 9667 words of node memory still in use:
   6 hlist, 2 vlist, 2 rule, 12 glue, 1444 kern, 1 glyph, 478 attribute, 57 glue
_spec, 478 attribute_list, 1 write nodes
   avail lists: 2:2358,3:312,4:24,5:480,6:102,7:23300,8:19,9:2853,10:21,11:1825
 27248 multiletter control sequences out of 65536+600000
 231 fonts using 18385127 bytes
 68i,17n,71p,3420b,352s stack positions out of 5000i,500n,10000p,200000b,80000s
{/usr/local/texlive/2021/texmf-dist/fonts/enc/dvips/newtx/ntx-ot1-tlf.enc}{/usr/
local/texlive/2021/texmf-dist/fonts/enc/dvips/base/8r.enc}</usr/local/texlive/20
21/texmf-dist/fonts/type1/public/newtx/NewTXMI.pfb></usr/local/texlive/2021/texm
f-dist/fonts/type1/public/newtx/NewTXMI7.pfb></usr/local/texlive/2021/texmf-dist
/fonts/type1/public/txfonts/txsya.pfb></usr/local/texlive/2021/texmf-dist/fonts/
type1/public/newtx/txsys.pfb></usr/local/texlive/2021/texmf-dist/fonts/type1/urw
/times/utmb8a.pfb></usr/local/texlive/2021/texmf-dist/fonts/type1/urw/times/utmb
i8a.pfb></usr/local/texlive/2021/texmf-dist/fonts/type1/urw/times/utmr8a.pfb></u
sr/local/texlive/2021/texmf-dist/fonts/type1/urw/times/utmri8a.pfb></usr/local/t
exlive/2021/texmf-dist/fonts/type1/public/newtx/ztmr.pfb>
Output written on 2308.02135_lualatex.pdf (31 pages, 985588 bytes).

PDF statistics: 1027 PDF objects out of 1200 (max. 8388607)
 803 compressed objects within 9 object streams
 0 named destinations out of 1000 (max. 131072)
 1 words of extra memory for PDF output out of 10000 (max. 100000000)

