This is LuaHBTeX, Version 1.13.0 (TeX Live 2021)  (format=lualatex 2021.12.5)  20 AUG 2023 02:10
 restricted system commands enabled.
**main.tex
(./main.tex
LaTeX2e <2020-10-01> patch level 4
Lua module: luaotfload 2021-01-08 3.17 Lua based OpenType font support
Lua module: lualibs 2020-12-30 2.73 ConTeXt Lua standard libraries.
Lua module: lualibs-extended 2020-12-30 2.73 ConTeXt Lua libraries -- extended c
ollection.
luaotfload | conf : Root cache directory is "/Users/jovyntan/Library/texlive/202
1/texmf-var/luatex-cache/generic/names".
luaotfload | init : Loading fontloader "fontloader-2021-01-07.lua" from kpse-res
olved path "/usr/local/texlive/2021/texmf-dist/tex/luatex/luaotfload/fontloader-
2021-01-07.lua".
Lua-only attribute luaotfload@noligature = 1
Lua-only attribute luaotfload@syllabe = 2
luaotfload | init : Context OpenType loader version 0x1.8e76c8b439581p+1
Inserting `luaotfload.node_processor' at position 1 in `pre_linebreak_filter'.
Inserting `luaotfload.node_processor' at position 1 in `hpack_filter'.
Inserting `luaotfload.glyph_stream' at position 1 in `glyph_stream_provider'.
Inserting `luaotfload.define_font' at position 1 in `define_font'.
Lua-only attribute luaotfload_color_attribute = 3
luaotfload | conf : Root cache directory is "/Users/jovyntan/Library/texlive/202
1/texmf-var/luatex-cache/generic/names".
Inserting `luaotfload.harf.strip_prefix' at position 1 in `find_opentype_file'.
Inserting `luaotfload.harf.strip_prefix' at position 1 in `find_truetype_file'.
Inserting `luaotfload.harf.finalize_vlist' at position 1 in `post_linebreak_filt
er'.
Inserting `luaotfload.harf.finalize_hlist' at position 2 in `hpack_filter'.
Inserting `luaotfload.cleanup_files' at position 1 in `wrapup_run'.
Inserting `luaotfload.harf.finalize_unicode' at position 1 in `finish_pdffile'.
Inserting `luaotfload.glyphinfo' at position 1 in `glyph_info'.
Inserting `luaotfload.aux.set_sscale_dimens' at position 1 in `luaotfload.patch_
font'.
Inserting `luaotfload.aux.set_font_index' at position 2 in `luaotfload.patch_fon
t'.
Inserting `luaotfload.aux.patch_cambria_domh' at position 3 in `luaotfload.patch
_font'.
Inserting `luaotfload.aux.fixup_fontdata' at position 1 in `luaotfload.patch_fon
t_unsafe'.
Inserting `luaotfload.aux.set_capheight' at position 4 in `luaotfload.patch_font
'.
Inserting `luaotfload.aux.set_xheight' at position 5 in `luaotfload.patch_font'.
Inserting `luaotfload.rewrite_fontname' at position 6 in `luaotfload.patch_font'
. L3 programming layer <2021-02-18> (./IEEEtran.cls
Document Class: IEEEtran 2015/08/26 V1.8b by Michael Shell
-- See the "IEEEtran_HOWTO" manual for usage information.
-- http://www.michaelshell.org/tex/ieeetran/
\@IEEEtrantmpdimenA=\dimen138
\@IEEEtrantmpdimenB=\dimen139
\@IEEEtrantmpdimenC=\dimen140
\@IEEEtrantmpcountA=\count175
\@IEEEtrantmpcountB=\count176
\@IEEEtrantmpcountC=\count177
\@IEEEtrantmptoksA=\toks15
LaTeX Font Info:    Trying to load font information for TU+ptm on input line 50
3.
LaTeX Font Info:    No file TUptm.fd. on input line 503.

LaTeX Font Warning: Font shape `TU/ptm/m/n' undefined
(Font)              using `TU/lmr/m/n' instead on input line 503.

luaotfload | db : Font names database loaded from /Users/jovyntan/Library/texliv
e/2021/texmf-var/luatex-cache/generic/names/luaotfload-names.luc
-- Using 210mm x 297mm (a4) paper.
-- Using DVI output.
\@IEEEnormalsizeunitybaselineskip=\dimen141
-- This is a 10 point document.
\CLASSINFOnormalsizebaselineskip=\dimen142
\CLASSINFOnormalsizeunitybaselineskip=\dimen143
\IEEEnormaljot=\dimen144

LaTeX Font Warning: Font shape `TU/ptm/bx/n' undefined
(Font)              using `TU/ptm/m/n' instead on input line 1090.


LaTeX Font Warning: Font shape `TU/ptm/m/it' undefined
(Font)              using `TU/ptm/m/n' instead on input line 1090.


LaTeX Font Warning: Font shape `TU/ptm/bx/it' undefined
(Font)              using `TU/ptm/bx/n' instead on input line 1090.

\IEEEquantizedlength=\dimen145
\IEEEquantizedlengthdiff=\dimen146
\IEEEquantizedtextheightdiff=\dimen147
\IEEEilabelindentA=\dimen148
\IEEEilabelindentB=\dimen149
\IEEEilabelindent=\dimen150
\IEEEelabelindent=\dimen151
\IEEEdlabelindent=\dimen152
\IEEElabelindent=\dimen153
\IEEEiednormlabelsep=\dimen154
\IEEEiedmathlabelsep=\dimen155
\IEEEiedtopsep=\skip47
\c@section=\count178
\c@subsection=\count179
\c@subsubsection=\count180
\c@paragraph=\count181
\c@IEEEsubequation=\count182
\abovecaptionskip=\skip48
\belowcaptionskip=\skip49
\c@figure=\count183
\c@table=\count184
\@IEEEeqnnumcols=\count185
\@IEEEeqncolcnt=\count186
\@IEEEsubeqnnumrollback=\count187
\@IEEEquantizeheightA=\dimen156
\@IEEEquantizeheightB=\dimen157
\@IEEEquantizeheightC=\dimen158
\@IEEEquantizeprevdepth=\dimen159
\@IEEEquantizemultiple=\count188
\@IEEEquantizeboxA=\box47
\@IEEEtmpitemindent=\dimen160
\IEEEPARstartletwidth=\dimen161
\c@IEEEbiography=\count189
\@IEEEtranrubishbin=\box48
) (/usr/local/texlive/2021/texmf-dist/tex/latex/amsmath/amsmath.sty
Package: amsmath 2020/09/23 v2.17i AMS math features
\@mathmargin=\skip50

For additional information on amsmath, use the `?' option.
(/usr/local/texlive/2021/texmf-dist/tex/latex/amsmath/amstext.sty
Package: amstext 2000/06/29 v2.01 AMS text

(/usr/local/texlive/2021/texmf-dist/tex/latex/amsmath/amsgen.sty
File: amsgen.sty 1999/11/30 v2.0 generic functions
\@emptytoks=\toks16
\ex@=\dimen162
))
(/usr/local/texlive/2021/texmf-dist/tex/latex/amsmath/amsbsy.sty
Package: amsbsy 1999/11/29 v1.2d Bold Symbols
\pmbraise@=\dimen163
)
(/usr/local/texlive/2021/texmf-dist/tex/latex/amsmath/amsopn.sty
Package: amsopn 2016/03/08 v2.02 operator names
)
\inf@bad=\count190
LaTeX Info: Redefining \frac on input line 236.
\uproot@=\count191
\leftroot@=\count192
LaTeX Info: Redefining \overline on input line 399.
\classnum@=\count193
\DOTSCASE@=\count194
LaTeX Info: Redefining \ldots on input line 496.
LaTeX Info: Redefining \dots on input line 499.
LaTeX Info: Redefining \cdots on input line 620.
\Mathstrutbox@=\box49
\strutbox@=\box50
\big@size=\dimen164
LaTeX Font Info:    Redeclaring font encoding OML on input line 743.
LaTeX Font Info:    Redeclaring font encoding OMS on input line 744.
\macc@depth=\count195
\c@MaxMatrixCols=\count196
\dotsspace@=\muskip16
\c@parentequation=\count197
\dspbrk@lvl=\count198
\tag@help=\toks17
\row@=\count199
\column@=\count266
\maxfields@=\count267
\andhelp@=\toks18
\eqnshift@=\dimen165
\alignsep@=\dimen166
\tagshift@=\dimen167
\tagwidth@=\dimen168
\totwidth@=\dimen169
\lineht@=\dimen170
\@envbody=\toks19
\multlinegap=\skip51
\multlinetaggap=\skip52
\mathdisplay@stack=\toks20
LaTeX Info: Redefining \[ on input line 2923.
LaTeX Info: Redefining \] on input line 2924.
)
(/usr/local/texlive/2021/texmf-dist/tex/latex/tools/bm.sty
Package: bm 2019/07/24 v1.2d Bold Symbol Support (DPC/FMi)
\symboldoperators=\mathgroup4
\symboldletters=\mathgroup5
\symboldsymbols=\mathgroup6
LaTeX Font Info:    Redeclaring math alphabet \mathbf on input line 141.
LaTeX Info: Redefining \bm on input line 209.
)
(/usr/local/texlive/2021/texmf-dist/tex/latex/amsfonts/amssymb.sty
Package: amssymb 2013/01/14 v3.01 AMS font symbols

(/usr/local/texlive/2021/texmf-dist/tex/latex/amsfonts/amsfonts.sty
Package: amsfonts 2013/01/14 v3.01 Basic AMSFonts support
\symAMSa=\mathgroup7
\symAMSb=\mathgroup8
LaTeX Font Info:    Redeclaring math symbol \hbar on input line 98.
LaTeX Font Info:    Overwriting math alphabet `\mathfrak' in version `bold'
(Font)                  U/euf/m/n --> U/euf/b/n on input line 106.
))
(/usr/local/texlive/2021/texmf-dist/tex/latex/tools/multicol.sty
Package: multicol 2019/12/09 v1.8y multicolumn formatting (FMi)
\c@tracingmulticols=\count268
\mult@box=\box51
\multicol@leftmargin=\dimen171
\c@unbalance=\count269
\c@collectmore=\count270
\doublecol@number=\count271
\multicoltolerance=\count272
\multicolpretolerance=\count273
\full@width=\dimen172
\page@free=\dimen173
\premulticols=\dimen174
\postmulticols=\dimen175
\multicolsep=\skip53
\multicolbaselineskip=\skip54
\partial@page=\box52
\last@line=\box53
\maxbalancingoverflow=\dimen176
\mult@rightbox=\box54
\mult@grightbox=\box55
\mult@gfirstbox=\box56
\mult@firstbox=\box57
\@tempa=\box58
\@tempa=\box59
\@tempa=\box60
\@tempa=\box61
\@tempa=\box62
\@tempa=\box63
\@tempa=\box64
\@tempa=\box65
\@tempa=\box66
\@tempa=\box67
\@tempa=\box68
\@tempa=\box69
\@tempa=\box70
\@tempa=\box71
\@tempa=\box72
\@tempa=\box73
\@tempa=\box74
\@tempa=\box75
\@tempa=\box76
\@tempa=\box77
\@tempa=\box78
\@tempa=\box79
\@tempa=\box80
\@tempa=\box81
\@tempa=\box82
\@tempa=\box83
\@tempa=\box84
\@tempa=\box85
\@tempa=\box86
\@tempa=\box87
\@tempa=\box88
\@tempa=\box89
\@tempa=\box90
\@tempa=\box91
\@tempa=\box92
\@tempa=\box93
\@tempa=\box94
\c@minrows=\count274
\c@columnbadness=\count275
\c@finalcolumnbadness=\count276
\last@try=\dimen177
\multicolovershoot=\dimen178
\multicolundershoot=\dimen179
\mult@nat@firstbox=\box95
\colbreak@box=\box96
\mc@col@check@num=\count277
)
(/usr/local/texlive/2021/texmf-dist/tex/latex/graphics/graphicx.sty
Package: graphicx 2020/09/09 v1.2b Enhanced LaTeX Graphics (DPC,SPQR)

(/usr/local/texlive/2021/texmf-dist/tex/latex/graphics/keyval.sty
Package: keyval 2014/10/28 v1.15 key=value parser (DPC)
\KV@toks@=\toks21
)
(/usr/local/texlive/2021/texmf-dist/tex/latex/graphics/graphics.sty
Package: graphics 2020/08/30 v1.4c Standard LaTeX Graphics (DPC,SPQR)

(/usr/local/texlive/2021/texmf-dist/tex/latex/graphics/trig.sty
Package: trig 2016/01/03 v1.10 sin cos tan (DPC)
)
(/usr/local/texlive/2021/texmf-dist/tex/latex/graphics-cfg/graphics.cfg
File: graphics.cfg 2016/06/04 v1.11 sample graphics configuration
)
Package graphics Info: Driver file: luatex.def on input line 105.

(/usr/local/texlive/2021/texmf-dist/tex/latex/graphics-def/luatex.def
File: luatex.def 2020/10/05 v1.2a Graphics/color driver for luatex
))
\Gin@req@height=\dimen180
\Gin@req@width=\dimen181
)
(/usr/local/texlive/2021/texmf-dist/tex/latex/epstopdf-pkg/epstopdf.sty
Package: epstopdf 2020-01-24 v2.11 Conversion with epstopdf on the fly (HO)

(/usr/local/texlive/2021/texmf-dist/tex/generic/infwarerr/infwarerr.sty
Package: infwarerr 2019/12/03 v1.5 Providing info/warning/error messages (HO)
)
(/usr/local/texlive/2021/texmf-dist/tex/latex/grfext/grfext.sty
Package: grfext 2019/12/03 v1.3 Manage graphics extensions (HO)

(/usr/local/texlive/2021/texmf-dist/tex/generic/kvdefinekeys/kvdefinekeys.sty
Package: kvdefinekeys 2019-12-19 v1.6 Define keys (HO)
)) (/usr/local/texlive/2021/texmf-dist/tex/latex/kvoptions/kvoptions.sty
Package: kvoptions 2020-10-07 v3.14 Key value format for package options (HO)

(/usr/local/texlive/2021/texmf-dist/tex/generic/ltxcmds/ltxcmds.sty
Package: ltxcmds 2020-05-10 v1.25 LaTeX kernel commands for general use (HO)
)
(/usr/local/texlive/2021/texmf-dist/tex/generic/kvsetkeys/kvsetkeys.sty
Package: kvsetkeys 2019/12/15 v1.18 Key value parser (HO)
))
(/usr/local/texlive/2021/texmf-dist/tex/generic/pdftexcmds/pdftexcmds.sty
Package: pdftexcmds 2020-06-27 v0.33 Utility functions of pdfTeX for LuaTeX (HO
)

(/usr/local/texlive/2021/texmf-dist/tex/generic/iftex/iftex.sty
Package: iftex 2020/03/06 v1.0d TeX engine tests
)
Package pdftexcmds Info: \pdf@primitive is available.
Package pdftexcmds Info: \pdf@ifprimitive is available.
Package pdftexcmds Info: \pdfdraftmode found.
\pdftexcmds@toks=\toks22
)
(/usr/local/texlive/2021/texmf-dist/tex/latex/epstopdf-pkg/epstopdf-base.sty
Package: epstopdf-base 2020-01-24 v2.11 Base part for package epstopdf
Package epstopdf-base Info: Redefining graphics rule for `.eps' on input line 4
85.
Package grfext Info: Graphics extension search list:
(grfext)             [.pdf,.png,.jpg,.mps,.jpeg,.jbig2,.jb2,.PDF,.PNG,.JPG,.JPE
G,.JBIG2,.JB2,.eps]
(grfext)             \AppendGraphicsExtensions on input line 504.

(/usr/local/texlive/2021/texmf-dist/tex/latex/latexconfig/epstopdf-sys.cfg
File: epstopdf-sys.cfg 2010/07/13 v1.3 Configuration of (r)epstopdf for TeX Liv
e
)))
(/usr/local/texlive/2021/texmf-dist/tex/latex/booktabs/booktabs.sty
Package: booktabs 2020/01/12 v1.61803398 Publication quality tables
\heavyrulewidth=\dimen182
\lightrulewidth=\dimen183
\cmidrulewidth=\dimen184
\belowrulesep=\dimen185
\belowbottomsep=\dimen186
\aboverulesep=\dimen187
\abovetopsep=\dimen188
\cmidrulesep=\dimen189
\cmidrulekern=\dimen190
\defaultaddspace=\dimen191
\@cmidla=\count278
\@cmidlb=\count279
\@aboverulesep=\dimen192
\@belowrulesep=\dimen193
\@thisruleclass=\count280
\@lastruleclass=\count281
\@thisrulewidth=\dimen194
)
(/usr/local/texlive/2021/texmf-dist/tex/latex/graphics/color.sty
Package: color 2020/02/24 v1.2b Standard LaTeX Color (DPC)

(/usr/local/texlive/2021/texmf-dist/tex/latex/graphics-cfg/color.cfg
File: color.cfg 2016/01/02 v1.6 sample color configuration
)
Package color Info: Driver file: luatex.def on input line 147.
)
(/usr/local/texlive/2021/texmf-dist/tex/latex/psfrag/psfrag.sty
Package: psfrag 1998/04/11 v3.04 PSfrag (MCG)
\pfg@pcount=\count282
\pfg@scount=\count283
\pfg@temp=\write3
)
(/usr/local/texlive/2021/texmf-dist/tex/latex/cleveref/cleveref.sty
Package: cleveref 2018/03/27 v0.21.4 Intelligent cross-referencing
)
(/usr/local/texlive/2021/texmf-dist/tex/latex/cite/cite.sty
LaTeX Info: Redefining \cite on input line 302.
LaTeX Info: Redefining \nocite on input line 332.
Package: cite 2015/02/27  v 5.5
)
(/usr/local/texlive/2021/texmf-dist/tex/latex/acronym/acronym.sty
Package: acronym 2020/04/17 v1.47 Support for acronyms (Tobias Oetiker)

(/usr/local/texlive/2021/texmf-dist/tex/latex/bigfoot/suffix.sty
Package: suffix 2006/07/15 1.5a Variant command support
)
(/usr/local/texlive/2021/texmf-dist/tex/generic/xstring/xstring.sty
(/usr/local/texlive/2021/texmf-dist/tex/generic/xstring/xstring.tex
\integerpart=\count284
\decimalpart=\count285
)
Package: xstring 2019/02/06 v1.83 String manipulations (CT)
)
\AC@clearlist=\toks23
)
(/usr/local/texlive/2021/texmf-dist/tex/latex/arydshln/arydshln.sty
Package: arydshln 2019/02/21 v1.76 
\dashlinedash=\dimen195
\dashlinegap=\dimen196
\adl@box=\box97
\adl@height=\dimen197
\adl@heightsave=\dimen198
\adl@depth=\dimen199
\adl@depthsave=\dimen256
\adl@finaldepth=\dimen257
\adl@columns=\count286
\adl@ncol=\count287
\adl@currentcolumn=\count288
\adl@currentcolumnsave=\count289
\adl@totalheight=\count290
\adl@totalheightsave=\count291
\adl@dash=\count292
\adl@gap=\count293
\adl@cla=\count294
\adl@clb=\count295
\adl@everyvbox=\toks24
\adl@LTpagetotal=\dimen258
)
(/usr/local/texlive/2021/texmf-dist/tex/latex/sttools/stfloats.sty
Package: stfloats 2017/03/27 v3.3 Improve float mechanism and baselineskip sett
ings
\@dblbotnum=\count296
\c@dblbotnumber=\count297
)
(/usr/local/texlive/2021/texmf-dist/tex/latex/subfigure/subfigure.sty
Package: subfigure 2002/03/15 v2.1.5 subfigure package
\subfigtopskip=\skip55
\subfigcapskip=\skip56
\subfigcaptopadj=\dimen259
\subfigbottomskip=\skip57
\subfigcapmargin=\dimen260
\subfiglabelskip=\skip58
\c@subfigure=\count298
\c@lofdepth=\count299
\c@subtable=\count300
\c@lotdepth=\count301

****************************************
* Local config file subfigure.cfg used *
****************************************
(/usr/local/texlive/2021/texmf-dist/tex/latex/subfigure/subfigure.cfg)
\subfig@top=\skip59
\subfig@bottom=\skip60
)
(/usr/local/texlive/2021/texmf-dist/tex/latex/caption/caption.sty
Package: caption 2020/10/26 v3.5g Customizing captions (AR)

(/usr/local/texlive/2021/texmf-dist/tex/latex/caption/caption3.sty
Package: caption3 2020/10/21 v2.2e caption3 kernel (AR)
\captionmargin=\dimen261
\captionmargin@=\dimen262
\captionwidth=\dimen263
\caption@tempdima=\dimen264
\caption@indent=\dimen265
\caption@parindent=\dimen266
\caption@hangindent=\dimen267
Package caption Info: Unknown document class (or package),
(caption)             standard defaults will be used.
Package caption Info: \@makecaption = \long macro:#1#2->\ifx \@captype \@IEEEta
blestring \footnotesize \bgroup \par \centering \@IEEEtabletopskipstrut {\norma
lfont \footnotesize #1}\\{\normalfont \footnotesize \scshape #2}\par \addvspace
 {0.5\baselineskip }\egroup \@IEEEtablecaptionsepspace \else \@IEEEfigurecaptio
nsepspace \setbox \@tempboxa \hbox {\normalfont \footnotesize {#1.}\nobreakspac
e \nobreakspace #2}\ifdim \wd \@tempboxa >\hsize \setbox \@tempboxa \hbox {\nor
malfont \footnotesize {#1.}\nobreakspace \nobreakspace }\parbox [t]{\hsize }{\n
ormalfont \footnotesize \noindent \unhbox \@tempboxa #2}\else \ifCLASSOPTIONcon
ference \hbox to\hsize {\normalfont \footnotesize \hfil \box \@tempboxa \hfil }
\else \hbox to\hsize {\normalfont \footnotesize \box \@tempboxa \hfil }\fi \fi 
\fi  on input line 1139.
)

Package caption Warning: Unknown document class (or package),
(caption)                standard defaults will be used.
See the caption package documentation for explanation.

\c@caption@flags=\count302
\c@continuedfloat=\count303
Package caption Info: subfigure package is loaded.
) (/usr/local/texlive/2021/texmf-dist/tex/latex/setspace/setspace.sty
Package: setspace 2011/12/19 v6.7a set line spacing
)
(/usr/local/texlive/2021/texmf-dist/tex/latex/base/latexsym.sty
Package: latexsym 1998/08/17 v2.2e Standard LaTeX package (lasy symbols)
\symlasy=\mathgroup9
LaTeX Font Info:    Overwriting symbol font `lasy' in version `bold'
(Font)                  U/lasy/m/n --> U/lasy/b/n on input line 52.
)
LaTeX Font Info:    Overwriting math alphabet `\mathsfbr' in version `bold'
(Font)                  OT1/cmss/m/n --> OT1/cmss/bx/n on input line 138.
\symsfgreek=\mathgroup10
LaTeX Font Info:    Overwriting symbol font `sfgreek' in version `bold'
(Font)                  LGR/cmss/m/n --> LGR/cmss/bx/n on input line 184.
\c@proposition=\count304
\c@remark=\count305
\c@definition=\count306
\c@theorem=\count307
\c@corollary=\count308

(/usr/local/texlive/2021/texmf-dist/tex/latex/l3backend/l3backend-luatex.def
File: l3backend-luatex.def 2021-03-18 L3 backend support: PDF output (LuaTeX)
\l__color_backend_stack_int=\count309
\l__pdf_internal_box=\box98
)
No file 2308.00543_lualatex.aux.

\openout1 = 2308.00543_lualatex.aux
LaTeX Font Info:    Checking defaults for OML/cmm/m/it on input line 517.
LaTeX Font Info:    ... okay on input line 517.
LaTeX Font Info:    Checking defaults for OMS/cmsy/m/n on input line 517.
LaTeX Font Info:    ... okay on input line 517.
LaTeX Font Info:    Checking defaults for OT1/cmr/m/n on input line 517.
LaTeX Font Info:    ... okay on input line 517.
LaTeX Font Info:    Checking defaults for T1/cmr/m/n on input line 517.
LaTeX Font Info:    ... okay on input line 517.
LaTeX Font Info:    Checking defaults for TS1/cmr/m/n on input line 517.
LaTeX Font Info:    Trying to load font information for TS1+cmr on input line 5
17.
(/usr/local/texlive/2021/texmf-dist/tex/latex/base/ts1cmr.fd
File: ts1cmr.fd 2019/12/16 v2.5j Standard LaTeX font definitions
)
LaTeX Font Info:    ... okay on input line 517.
LaTeX Font Info:    Checking defaults for TU/lmr/m/n on input line 517.
LaTeX Font Info:    ... okay on input line 517.
LaTeX Font Info:    Checking defaults for OMX/cmex/m/n on input line 517.
LaTeX Font Info:    ... okay on input line 517.
LaTeX Font Info:    Checking defaults for U/cmr/m/n on input line 517.
LaTeX Font Info:    ... okay on input line 517.
LaTeX Font Info:    Checking defaults for LGR/lmr/m/n on input line 517.
LaTeX Font Info:    Trying to load font information for LGR+lmr on input line 5
17.

(/usr/local/texlive/2021/texmf-dist/tex/latex/cbfonts-fd/lgrlmr.fd
File: lgrlmr.fd 2017/07/29 v1.2 Scalable Greek Latin Modern Regular
)
LaTeX Font Info:    ... okay on input line 517.


LaTeX Font Warning: Font shape `TU/ptm/b/n' undefined
(Font)              using `TU/ptm/bx/n' instead on input line 517.


LaTeX Font Warning: Font shape `TU/ptm/b/it' undefined
(Font)              using `TU/ptm/bx/it' instead on input line 517.


LaTeX Font Warning: Font shape `TU/ptm/b/n' undefined
(Font)              using `TU/ptm/bx/n' instead on input line 517.


LaTeX Font Warning: Font shape `TU/ptm/b/it' undefined
(Font)              using `TU/ptm/bx/it' instead on input line 517.


LaTeX Font Warning: Font shape `TU/ptm/b/n' undefined
(Font)              using `TU/ptm/bx/n' instead on input line 517.


LaTeX Font Warning: Font shape `TU/ptm/b/it' undefined
(Font)              using `TU/ptm/bx/it' instead on input line 517.


LaTeX Font Warning: Font shape `TU/ptm/b/n' undefined
(Font)              using `TU/ptm/bx/n' instead on input line 517.


LaTeX Font Warning: Font shape `TU/ptm/b/it' undefined
(Font)              using `TU/ptm/bx/it' instead on input line 517.


LaTeX Font Warning: Font shape `TU/ptm/b/n' undefined
(Font)              using `TU/ptm/bx/n' instead on input line 517.


LaTeX Font Warning: Font shape `TU/ptm/b/it' undefined
(Font)              using `TU/ptm/bx/it' instead on input line 517.


LaTeX Font Warning: Font shape `TU/ptm/b/n' undefined
(Font)              using `TU/ptm/bx/n' instead on input line 517.


LaTeX Font Warning: Font shape `TU/ptm/b/it' undefined
(Font)              using `TU/ptm/bx/it' instead on input line 517.


LaTeX Font Warning: Font shape `TU/ptm/b/n' undefined
(Font)              using `TU/ptm/bx/n' instead on input line 517.


LaTeX Font Warning: Font shape `TU/ptm/b/it' undefined
(Font)              using `TU/ptm/bx/it' instead on input line 517.


LaTeX Font Warning: Font shape `TU/ptm/b/n' undefined
(Font)              using `TU/ptm/bx/n' instead on input line 517.


LaTeX Font Warning: Font shape `TU/ptm/b/it' undefined
(Font)              using `TU/ptm/bx/it' instead on input line 517.


LaTeX Font Warning: Font shape `TU/ptm/b/n' undefined
(Font)              using `TU/ptm/bx/n' instead on input line 517.


LaTeX Font Warning: Font shape `TU/ptm/b/it' undefined
(Font)              using `TU/ptm/bx/it' instead on input line 517.


LaTeX Font Warning: Font shape `TU/ptm/b/n' undefined
(Font)              using `TU/ptm/bx/n' instead on input line 517.


LaTeX Font Warning: Font shape `TU/ptm/b/it' undefined
(Font)              using `TU/ptm/bx/it' instead on input line 517.

-- Lines per column: 56 (exact).
(/usr/local/texlive/2021/texmf-dist/tex/context/base/mkii/supp-pdf.mkii
[Loading MPS to PDF converter (version 2006.09.02).]
\scratchcounter=\count310
\scratchdimen=\dimen268
\scratchbox=\box99
\nofMPsegments=\count311
\nofMParguments=\count312
\everyMPshowfont=\toks25
\MPscratchCnt=\count313
\MPscratchDim=\dimen269
\MPnumerator=\count314
\makeMPintoPDFobject=\count315
\everyMPtoPDFconversion=\toks26
)
Package caption Info: Begin \AtBeginDocument code.
Package caption Info: End \AtBeginDocument code.
LaTeX Font Info:    Calculating math sizes for size <11> on input line 571.
LaTeX Font Info:    Trying to load font information for U+msa on input line 571
.
 (/usr/local/texlive/2021/texmf-dist/tex/latex/amsfonts/umsa.fd
File: umsa.fd 2013/01/14 v3.01 AMS symbols A
)
LaTeX Font Info:    Trying to load font information for U+msb on input line 571
.

(/usr/local/texlive/2021/texmf-dist/tex/latex/amsfonts/umsb.fd
File: umsb.fd 2013/01/14 v3.01 AMS symbols B
)
LaTeX Font Info:    Trying to load font information for U+lasy on input line 57
1.

(/usr/local/texlive/2021/texmf-dist/tex/latex/base/ulasy.fd
File: ulasy.fd 1998/08/17 v2.2e LaTeX symbol font definitions
)
LaTeX Font Info:    Trying to load font information for LGR+cmss on input line 
571.

(/usr/local/texlive/2021/texmf-dist/tex/latex/cbfonts-fd/lgrcmss.fd
File: lgrcmss.fd 2017/07/29 v1.2 Greek European Computer Sans Serif
)

LaTeX Font Warning: Font shape `TU/ptm/b/n' undefined
(Font)              using `TU/ptm/bx/n' instead on input line 576.


LaTeX Font Warning: Font shape `TU/ptm/b/n' undefined
(Font)              using `TU/ptm/bx/n' instead on input line 580.


LaTeX Font Warning: Font shape `TU/ptm/m/sc' undefined
(Font)              using `TU/ptm/m/n' instead on input line 601.


LaTeX Font Warning: Font shape `TU/ptm/b/n' undefined
(Font)              using `TU/ptm/bx/n' instead on input line 604.


LaTeX Warning: Citation `HugKawSim:J15' on page 1 undefined on input line 604.


LaTeX Font Warning: Font shape `TU/ptm/b/n' undefined
(Font)              using `TU/ptm/bx/n' instead on input line 604.


LaTeX Warning: Citation `LiuCuiMas:J22' on page 1 undefined on input line 604.


LaTeX Font Warning: Font shape `TU/ptm/b/n' undefined
(Font)              using `TU/ptm/bx/n' instead on input line 604.


LaTeX Warning: Citation `StuWie:J11' on page 1 undefined on input line 604.


LaTeX Font Warning: Font shape `TU/ptm/b/n' undefined
(Font)              using `TU/ptm/bx/n' instead on input line 607.


LaTeX Warning: Citation `ZhaRahWu:J21' on page 1 undefined on input line 607.


LaTeX Font Warning: Font shape `TU/ptm/b/n' undefined
(Font)              using `TU/ptm/bx/n' instead on input line 609.


LaTeX Warning: Citation `AhmKobWig:J22' on page 1 undefined on input line 609.


LaTeX Font Warning: Font shape `TU/ptm/b/n' undefined
(Font)              using `TU/ptm/bx/n' instead on input line 609.


LaTeX Warning: Citation `ChaMoeHim:J17' on page 1 undefined on input line 609.


LaTeX Font Warning: Font shape `TU/ptm/b/n' undefined
(Font)              using `TU/ptm/bx/n' instead on input line 609.


LaTeX Warning: Citation `XioLiuCui:J22' on page 1 undefined on input line 609.

[1
Non-PDF special ignored!
Non-PDF special ignored!{/usr/local/texlive/2021/texmf-var/fonts/map/pdftex/updm
ap/pdftex.map}


]

LaTeX Font Warning: Font shape `TU/ptm/b/n' undefined
(Font)              using `TU/ptm/bx/n' instead on input line 627.


LaTeX Warning: Reference `Fig_scheme' on page 2 undefined on input line 627.


warning  (file Fig_scheme.pdf) (pdf inclusion): PDF inclusion: found PDF version
 '1.6', but at most version '1.5' allowed
<Fig_scheme.pdf, id=12, 643.03217pt x 237.5806pt>
File: Fig_scheme.pdf Graphic file (type pdf)
<use Fig_scheme.pdf>
Package luatex.def Info: Fig_scheme.pdf  used on input line 631.
(luatex.def)             Requested size: 241.85274pt x 85.35855pt.

LaTeX Font Warning: Font shape `TU/ptm/b/n' undefined
(Font)              using `TU/ptm/bx/n' instead on input line 636.


LaTeX Warning: Citation `PolPooVer:J10' on page 2 undefined on input line 636.


Underfull \vbox (badness 10000) has occurred while \output is active []



LaTeX Font Warning: Font shape `TU/ptm/b/n' undefined
(Font)              using `TU/ptm/bx/n' instead on input line 661.


LaTeX Warning: Citation `VanBel:B68' on page 2 undefined on input line 661.


LaTeX Font Warning: Font shape `TU/ptm/b/n' undefined
(Font)              using `TU/ptm/bx/n' instead on input line 666.


LaTeX Warning: Citation `ZhaLiuMas:J21' on page 2 undefined on input line 666.


Underfull \vbox (badness 1009) has occurred while \output is active []

 [2<./Fig_scheme.pdf>]

LaTeX Font Warning: Font shape `TU/ptm/b/n' undefined
(Font)              using `TU/ptm/bx/n' instead on input line 695.


LaTeX Warning: Citation `PolPooVer:J10' on page 3 undefined on input line 695.


LaTeX Font Warning: Font shape `TU/ptm/b/n' undefined
(Font)              using `TU/ptm/bx/n' instead on input line 695.


LaTeX Warning: Citation `YanDurKoc:C13' on page 3 undefined on input line 695.


LaTeX Font Warning: Font shape `TU/ptm/b/n' undefined
(Font)              using `TU/ptm/bx/n' instead on input line 695.


LaTeX Warning: Citation `YanDurKoc:J10' on page 3 undefined on input line 695.


LaTeX Font Warning: Font shape `TU/ptm/b/n' undefined
(Font)              using `TU/ptm/bx/n' instead on input line 698.


LaTeX Warning: Citation `AhmKobWig:J22' on page 3 undefined on input line 698.


LaTeX Font Warning: Font shape `TU/ptm/b/n' undefined
(Font)              using `TU/ptm/bx/n' instead on input line 698.


LaTeX Warning: Citation `ChaMoeHim:J17' on page 3 undefined on input line 698.


LaTeX Font Warning: Font shape `TU/ptm/b/n' undefined
(Font)              using `TU/ptm/bx/n' instead on input line 698.


LaTeX Warning: Citation `XioLiuCui:J22' on page 3 undefined on input line 698.


LaTeX Font Warning: Font shape `TU/ptm/b/n' undefined
(Font)              using `TU/ptm/bx/n' instead on input line 707.


LaTeX Warning: Reference `Power-constraint' on page 3 undefined on input line 7
07.


LaTeX Font Warning: Font shape `TU/ptm/b/n' undefined
(Font)              using `TU/ptm/bx/n' instead on input line 707.


LaTeX Warning: Citation `PolPooVer:J10' on page 3 undefined on input line 707.


LaTeX Font Warning: Font shape `TU/ptm/b/n' undefined
(Font)              using `TU/ptm/bx/n' instead on input line 713.


LaTeX Warning: Reference `MSE' on page 3 undefined on input line 713.


LaTeX Font Warning: Font shape `TU/ptm/b/n' undefined
(Font)              using `TU/ptm/bx/n' instead on input line 723.


LaTeX Warning: Reference `ML-estimator' on page 3 undefined on input line 723.


LaTeX Font Warning: Font shape `TU/ptm/b/n' undefined
(Font)              using `TU/ptm/bx/n' instead on input line 736.


LaTeX Warning: Reference `Pro:Error-upperbound' on page 3 undefined on input li
ne 736.

[3]

LaTeX Font Warning: Font shape `TU/ptm/b/n' undefined
(Font)              using `TU/ptm/bx/n' instead on input line 739.


LaTeX Warning: Reference `Pro:Error-upperbound' on page 4 undefined on input li
ne 739.


LaTeX Font Warning: Font shape `TU/ptm/b/n' undefined
(Font)              using `TU/ptm/bx/n' instead on input line 746.


LaTeX Warning: Citation `YanDurKoc:C13' on page 4 undefined on input line 746.


LaTeX Font Warning: Font shape `TU/ptm/b/n' undefined
(Font)              using `TU/ptm/bx/n' instead on input line 746.


LaTeX Warning: Citation `YanDurKoc:J10' on page 4 undefined on input line 746.


LaTeX Font Warning: Font shape `TU/ptm/b/n' undefined
(Font)              using `TU/ptm/bx/n' instead on input line 754.


LaTeX Warning: Reference `Pro:Saturate' on page 4 undefined on input line 754.


LaTeX Font Warning: Font shape `TU/ptm/b/n' undefined
(Font)              using `TU/ptm/bx/n' instead on input line 785.


LaTeX Warning: Reference `Pro:Saturate' on page 4 undefined on input line 785.


LaTeX Font Warning: Font shape `TU/ptm/b/n' undefined
(Font)              using `TU/ptm/bx/n' instead on input line 785.


LaTeX Warning: Reference `Pro:achievability-bound' on page 4 undefined on input
 line 785.


LaTeX Font Warning: Font shape `TU/ptm/b/n' undefined
(Font)              using `TU/ptm/bx/n' instead on input line 785.


LaTeX Warning: Citation `YanDurKoc:C13' on page 4 undefined on input line 785.


Overfull \hbox (1.9389pt too wide) detected at line 792
\OML/cmm/m/it/10 R[] \OT1/cmr/m/n/10 = []
 []


warning  (file Achievability.pdf) (pdf inclusion): PDF inclusion: found PDF vers
ion '1.6', but at most version '1.5' allowed
<Achievability.pdf, id=88, 384.11264pt x 257.49701pt>
File: Achievability.pdf Graphic file (type pdf)
<use Achievability.pdf>
Package luatex.def Info: Achievability.pdf  used on input line 801.
(luatex.def)             Requested size: 127.33194pt x 85.35826pt.

warning  (file Converse.pdf) (pdf inclusion): PDF inclusion: found PDF version '
1.6', but at most version '1.5' allowed
<Converse.pdf, id=89, 290.21725pt x 257.49701pt>
File: Converse.pdf Graphic file (type pdf)
<use Converse.pdf>
Package luatex.def Info: Converse.pdf  used on input line 803.
(luatex.def)             Requested size: 96.20596pt x 85.35826pt.

LaTeX Font Warning: Font shape `TU/ptm/b/n' undefined
(Font)              using `TU/ptm/bx/n' instead on input line 828.


LaTeX Warning: Reference `Power-constraint' on page 4 undefined on input line 8
28.


LaTeX Font Warning: Font shape `TU/ptm/b/n' undefined
(Font)              using `TU/ptm/bx/n' instead on input line 828.


LaTeX Warning: Reference `Average-power-constraint' on page 4 undefined on inpu
t line 828.


LaTeX Font Warning: Font shape `TU/ptm/b/n' undefined
(Font)              using `TU/ptm/bx/n' instead on input line 828.


LaTeX Warning: Reference `Average-power-constraint' on page 4 undefined on inpu
t line 828.


LaTeX Font Warning: Font shape `TU/ptm/b/n' undefined
(Font)              using `TU/ptm/bx/n' instead on input line 832.


LaTeX Warning: Reference `Power-constraint' on page 4 undefined on input line 8
32.


LaTeX Font Warning: Font shape `TU/ptm/b/n' undefined
(Font)              using `TU/ptm/bx/n' instead on input line 832.


LaTeX Warning: Reference `Average-power-constraint' on page 4 undefined on inpu
t line 832.

[4<./Achievability.pdf><./Converse.pdf>]

LaTeX Font Warning: Font shape `TU/ptm/b/n' undefined
(Font)              using `TU/ptm/bx/n' instead on input line 855.


LaTeX Warning: Citation `Sha:J59' on page 5 undefined on input line 855.


LaTeX Font Warning: Font shape `TU/ptm/b/n' undefined
(Font)              using `TU/ptm/bx/n' instead on input line 855.


LaTeX Warning: Reference `Pro:Converse-bound' on page 5 undefined on input line
 855.


LaTeX Font Warning: Font shape `TU/ptm/b/n' undefined
(Font)              using `TU/ptm/bx/n' instead on input line 855.


LaTeX Warning: Reference `Converse-bound' on page 5 undefined on input line 855
.


LaTeX Font Warning: Font shape `TU/ptm/b/n' undefined
(Font)              using `TU/ptm/bx/n' instead on input line 859.


LaTeX Warning: Reference `Pro:Converse-bound' on page 5 undefined on input line
 859.


LaTeX Font Warning: Font shape `TU/ptm/b/n' undefined
(Font)              using `TU/ptm/bx/n' instead on input line 859.


LaTeX Warning: Reference `Converse-bound' on page 5 undefined on input line 859
.


LaTeX Font Warning: Font shape `TU/ptm/b/n' undefined
(Font)              using `TU/ptm/bx/n' instead on input line 929.


LaTeX Warning: Citation `YanDurKoc:C13' on page 5 undefined on input line 929.


LaTeX Font Warning: Font shape `TU/ptm/b/n' undefined
(Font)              using `TU/ptm/bx/n' instead on input line 933.


LaTeX Warning: Reference `Maximal-error' on page 5 undefined on input line 933.



Underfull \vbox (badness 1117) has occurred while \output is active []



LaTeX Font Warning: Font shape `TU/ptm/b/n' undefined
(Font)              using `TU/ptm/bx/n' instead on input line 939.


LaTeX Warning: Citation `FozMcLSch:J03' on page 5 undefined on input line 939.

Package epstopdf Info: Source file: <Fig_rate_error.eps>
(epstopdf)                    date: 2023-08-01 21:36:29
(epstopdf)                    size: 332885 bytes
(epstopdf)             Output file: <Fig_rate_error-eps-converted-to.pdf>
(epstopdf)                    date: 2023-08-01 21:36:29
(epstopdf)                    size: 107169 bytes
(epstopdf)             Command: <repstopdf --outfile=Fig_rate_error-eps-convert
ed-to.pdf Fig_rate_error.eps>
(epstopdf)             \includegraphics on input line 976.
Package epstopdf Info: Output file is already uptodate.
<Fig_rate_error-eps-converted-to.pdf, id=186, 421.575pt x 316.18124pt>
File: Fig_rate_error-eps-converted-to.pdf Graphic file (type pdf)
<use Fig_rate_error-eps-converted-to.pdf>
Package luatex.def Info: Fig_rate_error-eps-converted-to.pdf  used on input lin
e 976.
(luatex.def)             Requested size: 256.07967pt x 199.17111pt.

Overfull \hbox (4.07967pt too wide) in paragraph at lines 976--977
 [][] 
 []


LaTeX Font Warning: Font shape `TU/ptm/b/n' undefined
(Font)              using `TU/ptm/bx/n' instead on input line 985.


LaTeX Warning: Reference `Channel' on page 5 undefined on input line 985.


LaTeX Font Warning: Font shape `TU/ptm/b/n' undefined
(Font)              using `TU/ptm/bx/n' instead on input line 985.


LaTeX Warning: Reference `Fig_rate_error' on page 5 undefined on input line 985
.

[5]

LaTeX Font Warning: Font shape `TU/ptm/b/n' undefined
(Font)              using `TU/ptm/bx/n' instead on input line 989.


LaTeX Warning: Reference `Fig_rate_error' on page 6 undefined on input line 989
.


LaTeX Font Warning: Font shape `TU/ptm/b/n' undefined
(Font)              using `TU/ptm/bx/n' instead on input line 991.


LaTeX Warning: Reference `Fig_region' on page 6 undefined on input line 991.

Package epstopdf Info: Source file: <Fig_region.eps>
(epstopdf)                    date: 2023-08-01 21:36:29
(epstopdf)                    size: 142160 bytes
(epstopdf)             Output file: <Fig_region-eps-converted-to.pdf>
(epstopdf)                    date: 2023-08-01 21:36:29
(epstopdf)                    size: 49124 bytes
(epstopdf)             Command: <repstopdf --outfile=Fig_region-eps-converted-t
o.pdf Fig_region.eps>
(epstopdf)             \includegraphics on input line 995.
Package epstopdf Info: Output file is already uptodate.
<Fig_region-eps-converted-to.pdf, id=190, 421.575pt x 316.18124pt>
File: Fig_region-eps-converted-to.pdf Graphic file (type pdf)
<use Fig_region-eps-converted-to.pdf>
Package luatex.def Info: Fig_region-eps-converted-to.pdf  used on input line 99
5.
(luatex.def)             Requested size: 256.07967pt x 199.17111pt.

Overfull \hbox (4.07967pt too wide) in paragraph at lines 995--996
 [][] 
 []


LaTeX Font Warning: Font shape `TU/ptm/b/n' undefined
(Font)              using `TU/ptm/bx/n' instead on input line 1001.


LaTeX Warning: Reference `Fig_region' on page 6 undefined on input line 1001.


LaTeX Font Warning: Font shape `TU/ptm/b/n' undefined
(Font)              using `TU/ptm/bx/n' instead on input line 1001.


LaTeX Warning: Reference `Achievability-rate-loss' on page 6 undefined on input
 line 1001.


LaTeX Font Warning: Font shape `TU/ptm/b/n' undefined
(Font)              using `TU/ptm/bx/n' instead on input line 1001.


LaTeX Warning: Reference `Fig_region' on page 6 undefined on input line 1001.

No file 2308.00543_lualatex.bbl.

** Conference Paper **
Before submitting the final camera ready copy, remember to:

 1. Manually equalize the lengths of two columns on the last page
 of your paper;

 2. Ensure that any PostScript and/or PDF output post-processing
 uses only Type 1 fonts and that every step in the generation
 process uses the appropriate paper size.

[6<./Fig_rate_error-eps-converted-to.pdf><./Fig_region-eps-converted-to.pdf>]
(/Users/jovyntan/Desktop/work/fyp/exploration/diff_test_tex_engines/bin/compile
d_tex_pdf/2308.00543/2308.00543_lualatex.aux)

LaTeX Font Warning: Some font shapes were not available, defaults substituted.


LaTeX Warning: There were undefined references.


LaTeX Warning: Label(s) may have changed. Rerun to get cross-references right.

)

Here is how much of LuaTeX's memory you used:
 8682 strings out of 478531
 125007,552014 words of node,token memory allocated
 842 words of node memory still in use:
   6 hlist, 2 vlist, 2 rule, 3 glue, 4 kern, 1 glyph, 85 attribute, 59 glue_spec
, 85 attribute_list, 1 write nodes
   avail lists: 2:845,3:268,4:36,5:1022,6:43,7:11829,8:50,9:1098,10:21,11:1046
 28265 multiletter control sequences out of 65536+600000
 140 fonts using 10799407 bytes
 68i,11n,71p,1051b,385s stack positions out of 5000i,500n,10000p,200000b,80000s
</usr/local/texlive/2021/texmf-dist/fonts/opentype/public/lm/lmroman8-regular.ot
f></usr/local/texlive/2021/texmf-dist/fonts/opentype/public/lm/lmroman6-regular.
otf></usr/local/texlive/2021/texmf-dist/fonts/opentype/public/lm/lmroman7-regula
r.otf></usr/local/texlive/2021/texmf-dist/fonts/opentype/public/lm/lmroman9-regu
lar.otf></usr/local/texlive/2021/texmf-dist/fonts/opentype/public/lm/lmroman10-r
egular.otf></usr/local/texlive/2021/texmf-dist/fonts/opentype/public/lm/lmroman1
2-regular.otf></usr/local/texlive/2021/texmf-dist/fonts/opentype/public/lm/lmrom
an17-regular.otf></usr/local/texlive/2021/texmf-dist/fonts/type1/public/amsfonts
/cm/cmbx10.pfb></usr/local/texlive/2021/texmf-dist/fonts/type1/public/amsfonts/c
m/cmbx7.pfb></usr/local/texlive/2021/texmf-dist/fonts/type1/public/amsfonts/cm/c
mex10.pfb></usr/local/texlive/2021/texmf-dist/fonts/type1/public/amsfonts/cm/cmm
i10.pfb></usr/local/texlive/2021/texmf-dist/fonts/type1/public/amsfonts/cm/cmmi6
.pfb></usr/local/texlive/2021/texmf-dist/fonts/type1/public/amsfonts/cm/cmmi7.pf
b></usr/local/texlive/2021/texmf-dist/fonts/type1/public/amsfonts/cm/cmmi9.pfb><
/usr/local/texlive/2021/texmf-dist/fonts/type1/public/amsfonts/cm/cmmib10.pfb></
usr/local/texlive/2021/texmf-dist/fonts/type1/public/amsfonts/cm/cmr10.pfb></usr
/local/texlive/2021/texmf-dist/fonts/type1/public/amsfonts/cm/cmr5.pfb></usr/loc
al/texlive/2021/texmf-dist/fonts/type1/public/amsfonts/cm/cmr6.pfb></usr/local/t
exlive/2021/texmf-dist/fonts/type1/public/amsfonts/cm/cmr7.pfb></usr/local/texli
ve/2021/texmf-dist/fonts/type1/public/amsfonts/cm/cmr9.pfb></usr/local/texlive/2
021/texmf-dist/fonts/type1/public/amsfonts/cm/cmss10.pfb></usr/local/texlive/202
1/texmf-dist/fonts/type1/public/amsfonts/cm/cmsy10.pfb></usr/local/texlive/2021/
texmf-dist/fonts/type1/public/amsfonts/cm/cmsy6.pfb></usr/local/texlive/2021/tex
mf-dist/fonts/type1/public/amsfonts/cm/cmsy7.pfb></usr/local/texlive/2021/texmf-
dist/fonts/type1/public/amsfonts/cm/cmsy8.pfb></usr/local/texlive/2021/texmf-dis
t/fonts/type1/public/amsfonts/symbols/msam10.pfb></usr/local/texlive/2021/texmf-
dist/fonts/type1/public/amsfonts/symbols/msbm10.pfb>
Output written on 2308.00543_lualatex.pdf (6 pages, 630874 bytes).

PDF statistics: 309 PDF objects out of 1000 (max. 8388607)
 154 compressed objects within 2 object streams
 0 named destinations out of 1000 (max. 131072)
 1 words of extra memory for PDF output out of 10000 (max. 100000000)

