This is XeTeX, Version 3.141592653-2.6-0.999993 (TeX Live 2021) (preloaded format=xelatex)
 restricted \write18 enabled.
entering extended mode
(./Final.tex
LaTeX2e <2020-10-01> patch level 4
L3 programming layer <2021-02-18> (./IEEEtran.cls
Document Class: IEEEtran 2015/08/26 V1.8b by Michael Shell
-- See the "IEEEtran_HOWTO" manual for usage information.
-- http://www.michaelshell.org/tex/ieeetran/

LaTeX Font Warning: Font shape `TU/ptm/m/n' undefined
(Font)              using `TU/lmr/m/n' instead on input line 503.

-- Using IEEE Communications Society mode.
-- Using 8.5in x 11in (letter) paper.
-- Using DVI output.
-- This is a 10 point document.

LaTeX Font Warning: Font shape `TU/ptm/bx/n' undefined
(Font)              using `TU/ptm/m/n' instead on input line 1090.


LaTeX Font Warning: Font shape `TU/ptm/m/it' undefined
(Font)              using `TU/ptm/m/n' instead on input line 1090.


LaTeX Font Warning: Font shape `TU/ptm/bx/it' undefined
(Font)              using `TU/ptm/bx/n' instead on input line 1090.

) (/usr/local/texlive/2021/texmf-dist/tex/latex/was/gensymb.sty)
(/usr/local/texlive/2021/texmf-dist/tex/latex/cite/cite.sty)
(/usr/local/texlive/2021/texmf-dist/tex/latex/amsmath/amsmath.sty
For additional information on amsmath, use the `?' option.
(/usr/local/texlive/2021/texmf-dist/tex/latex/amsmath/amstext.sty
(/usr/local/texlive/2021/texmf-dist/tex/latex/amsmath/amsgen.sty))
(/usr/local/texlive/2021/texmf-dist/tex/latex/amsmath/amsbsy.sty)
(/usr/local/texlive/2021/texmf-dist/tex/latex/amsmath/amsopn.sty))
(/usr/local/texlive/2021/texmf-dist/tex/latex/amsfonts/amssymb.sty
(/usr/local/texlive/2021/texmf-dist/tex/latex/amsfonts/amsfonts.sty))
(/usr/local/texlive/2021/texmf-dist/tex/latex/graphics/graphicx.sty
(/usr/local/texlive/2021/texmf-dist/tex/latex/graphics/keyval.sty)
(/usr/local/texlive/2021/texmf-dist/tex/latex/graphics/graphics.sty
(/usr/local/texlive/2021/texmf-dist/tex/latex/graphics/trig.sty)
(/usr/local/texlive/2021/texmf-dist/tex/latex/graphics-cfg/graphics.cfg)
(/usr/local/texlive/2021/texmf-dist/tex/latex/graphics-def/xetex.def)))
(/usr/local/texlive/2021/texmf-dist/tex/latex/xcolor/xcolor.sty
(/usr/local/texlive/2021/texmf-dist/tex/latex/graphics-cfg/color.cfg))
(/usr/local/texlive/2021/texmf-dist/tex/latex/cjk-ko/kotex.sty
(/usr/local/texlive/2021/texmf-dist/tex/latex/kotex-utf/kotex.cfg)
(/usr/local/texlive/2021/texmf-dist/tex/xetex/xetexko/xetexko.sty
(/usr/local/texlive/2021/texmf-dist/tex/generic/unicode-data/load-unicode-xetex
-classes.tex 
load-unicode-xetex-classes.tex v1.14 (2020-10-24)
Reading Unicode east Asian character class data
# LineBreak-13.0.0.txt 
# Date: 2020-02-17, 07:43:02 GMT [KW, LI] 
# EastAsianWidth-13.0.0.txt 
# Date: 2029-01-21, 18:14:00 GMT [KW, LI] 
) (/usr/local/texlive/2021/texmf-dist/tex/latex/fontspec/fontspec.sty
(/usr/local/texlive/2021/texmf-dist/tex/latex/l3packages/xparse/xparse.sty
(/usr/local/texlive/2021/texmf-dist/tex/latex/l3kernel/expl3.sty
(/usr/local/texlive/2021/texmf-dist/tex/latex/l3backend/l3backend-xetex.def
(|extractbb --version)))
(/usr/local/texlive/2021/texmf-dist/tex/latex/l3packages/xparse/xparse-2020-10-
01.sty
(/usr/local/texlive/2021/texmf-dist/tex/latex/l3packages/xparse/xparse-generic.
tex)))
(/usr/local/texlive/2021/texmf-dist/tex/latex/fontspec/fontspec-xetex.sty
(/usr/local/texlive/2021/texmf-dist/tex/latex/base/fontenc.sty)
(/usr/local/texlive/2021/texmf-dist/tex/latex/fontspec/fontspec.cfg)))
(/usr/local/texlive/2021/texmf-dist/tex/latex/everysel/everysel.sty
(/usr/local/texlive/2021/texmf-dist/tex/latex/everysel/everysel-2011-10-28.sty)
) (/usr/local/texlive/2021/texmf-dist/tex/latex/cjk-ko/kolabels-utf.sty)))
(/usr/local/texlive/2021/texmf-dist/tex/latex/caption/caption.sty
(/usr/local/texlive/2021/texmf-dist/tex/latex/caption/caption3.sty)

Package caption Warning: Unknown document class (or package),
(caption)                standard defaults will be used.
See the caption package documentation for explanation.

) (/usr/local/texlive/2021/texmf-dist/tex/latex/caption/subcaption.sty)
(/usr/local/texlive/2021/texmf-dist/tex/latex/sttools/stfloats.sty)
(/usr/local/texlive/2021/texmf-dist/tex/latex/float/float.sty)
(/usr/local/texlive/2021/texmf-dist/tex/latex/wrapfig/wrapfig.sty)
(/usr/local/texlive/2021/texmf-dist/tex/latex/colortbl/colortbl.sty
(/usr/local/texlive/2021/texmf-dist/tex/latex/tools/array.sty))
(/usr/local/texlive/2021/texmf-dist/tex/generic/soul/soul.sty)
(/usr/local/texlive/2021/texmf-dist/tex/latex/url/url.sty)
(/usr/local/texlive/2021/texmf-dist/tex/latex/tools/verbatim.sty)
(/usr/local/texlive/2021/texmf-dist/tex/latex/multirow/multirow.sty)
(/usr/local/texlive/2021/texmf-dist/tex/latex/shipunov/boldline.sty)
(/usr/local/texlive/2021/texmf-dist/tex/latex/makecell/makecell.sty)
(/usr/local/texlive/2021/texmf-dist/tex/latex/booktabs/booktabs.sty)
(/usr/local/texlive/2021/texmf-dist/tex/latex/tools/longtable.sty)
(/usr/local/texlive/2021/texmf-dist/tex/latex/siunitx/siunitx.sty
(/usr/local/texlive/2021/texmf-dist/tex/latex/l3packages/l3keys2e/l3keys2e.sty)
(/usr/local/texlive/2021/texmf-dist/tex/latex/translator/translator.sty))
No file 2308.01227_xelatex.aux.
(/usr/local/texlive/2021/texmf-dist/tex/latex/base/ts1cmr.fd)
-- Verifying Times compatible math font.
** Times compatible math font not found, forcing.
-- Found newtxmath, loading.
(/usr/local/texlive/2021/texmf-dist/tex/latex/newtx/newtxmath.sty
`newtxmath' v1.640, 2020/12/20 Math macros based originally on txfonts (msharpe
) (/usr/local/texlive/2021/texmf-dist/tex/latex/base/ifthen.sty)
(/usr/local/texlive/2021/texmf-dist/tex/latex/etoolbox/etoolbox.sty)
(/usr/local/texlive/2021/texmf-dist/tex/generic/iftex/ifxetex.sty
(/usr/local/texlive/2021/texmf-dist/tex/generic/iftex/iftex.sty))
(/usr/local/texlive/2021/texmf-dist/tex/generic/iftex/ifluatex.sty)
(/usr/local/texlive/2021/texmf-dist/tex/latex/xkeyval/xkeyval.sty
(/usr/local/texlive/2021/texmf-dist/tex/generic/xkeyval/xkeyval.tex
(/usr/local/texlive/2021/texmf-dist/tex/generic/xkeyval/xkvutils.tex)))
(/usr/local/texlive/2021/texmf-dist/tex/latex/oberdiek/centernot.sty)
(/usr/local/texlive/2021/texmf-dist/tex/generic/kastrup/binhex.tex))
-- Lines per column: 58 (exact).

Package gensymb Warning: Not defining \perthousand.


Package gensymb Warning: Not defining \micro.

ABD: EverySelectfont initializing macros
(/usr/local/texlive/2021/texmf-dist/tex/latex/caption/ltcaption.sty)
(/usr/local/texlive/2021/texmf-dist/tex/latex/siunitx/siunitx-abbreviations.cfg
)
(/usr/local/texlive/2021/texmf-dist/tex/latex/translator/translator-basic-dicti
onary-English.dict) (/usr/local/texlive/2021/texmf-dist/tex/latex/lm/ot1lmr.fd)
(/usr/local/texlive/2021/texmf-dist/tex/latex/newtx/omlntxmi.fd)
(/usr/local/texlive/2021/texmf-dist/tex/latex/newtx/lmsntxsy.fd)
(/usr/local/texlive/2021/texmf-dist/tex/latex/newtx/lmxntxexx.fd)
(/usr/local/texlive/2021/texmf-dist/tex/latex/amsfonts/umsa.fd)
(/usr/local/texlive/2021/texmf-dist/tex/latex/amsfonts/umsb.fd)
(/usr/local/texlive/2021/texmf-dist/tex/latex/newtx/untxmia.fd)
(/usr/local/texlive/2021/texmf-dist/tex/latex/newtx/untxsym.fd)
(/usr/local/texlive/2021/texmf-dist/tex/latex/newtx/untxsyc.fd)
(/usr/local/texlive/2021/texmf-dist/tex/latex/newtx/untxexa.fd)

LaTeX Font Warning: Font shape `TU/UnBatang.ttf(0)/m/it' undefined
(Font)              using `TU/UnBatang.ttf(0)/m/n' instead on input line 108.


LaTeX Font Warning: Font shape `TU/UnBatang.ttf(0)/bx/it' undefined
(Font)              using `TU/UnBatang.ttf(0)/bx/n' instead on input line 113.


LaTeX Font Warning: Font shape `TU/UnBatang.ttf(0)/m/sc' undefined
(Font)              using `TU/UnBatang.ttf(0)/m/n' instead on input line 125.


LaTeX Warning: Reference `fig1a' on page 1 undefined on input line 129.


LaTeX Warning: Citation `itur' on page 1 undefined on input line 138.


LaTeX Warning: Citation `itur' on page 1 undefined on input line 138.


LaTeX Warning: Citation `l1' on page 1 undefined on input line 156.


Underfull \hbox (badness 3503) in paragraph at lines 158--160
\TU/ptm/bx/it/10 lance, healthcare monitoring, and environmental

Underfull \vbox (badness 4940) has occurred while \output is active [1]

LaTeX Warning: Reference `fig2a' on page 2 undefined on input line 168.


LaTeX Warning: Citation `Marco' on page 2 undefined on input line 188.


LaTeX Warning: Citation `rohit' on page 2 undefined on input line 191.


LaTeX Warning: Citation `holo' on page 2 undefined on input line 193.


Underfull \hbox (badness 2103) in paragraph at lines 193--194
[]\TU/lmr/m/it/10 Holographic Radio: \TU/ptm/bx/it/10 Holographic radio is anot
her
[2]

LaTeX Warning: Citation `tera' on page 3 undefined on input line 195.

[3]
Underfull \hbox (badness 7326) in paragraph at lines 231--231
 \TU/lmr/m/it/10 C. []European Telecommunications Standards Institute

LaTeX Warning: Citation `eMIMO' on page 4 undefined on input line 248.

[4]

LaTeX Warning: Citation `2921208' on page 5 undefined on input line 259.


LaTeX Warning: Citation `3071493' on page 5 undefined on input line 261.


LaTeX Warning: Reference `figure_OTFS_1' on page 5 undefined on input line 295.



LaTeX Warning: Reference `figure_OTFS_1' on page 5 undefined on input line 295.



LaTeX Warning: Citation `2998583' on page 5 undefined on input line 295.


LaTeX Warning: Citation `3209651' on page 5 undefined on input line 295.


LaTeX Warning: Citation `7507195' on page 5 undefined on input line 297.


LaTeX Warning: Reference `figure_OTFS_2' on page 5 undefined on input line 297.



LaTeX Warning: Reference `figure_OTFS_2' on page 5 undefined on input line 297.



Overfull \hbox (0.84283pt too wide) in paragraph at lines 313--315
 [][] 

LaTeX Warning: Reference `Fig_Interference_management' on page 5 undefined on i
nput line 321.


LaTeX Warning: Citation `liu2022integrated' on page 5 undefined on input line 3
21.

[5]

LaTeX Warning: Reference `Fig_Interference_management' on page 6 undefined on i
nput line 328.


LaTeX Warning: Citation `xu2021rate' on page 6 undefined on input line 330.

[6]

LaTeX Warning: Citation `sec' on page 7 undefined on input line 343.

[7]
No file 2308.01227_xelatex.bbl.
[8]
(/Users/jovyntan/Desktop/work/fyp/exploration/diff_test_tex_engines/bin/compile
d_tex_pdf/2308.01227/2308.01227_xelatex.aux)

LaTeX Font Warning: Some font shapes were not available, defaults substituted.


LaTeX Warning: There were undefined references.


LaTeX Warning: Label(s) may have changed. Rerun to get cross-references right.

 )
(see the transcript file for additional information)
Output written on /Users/jovyntan/Desktop/work/fyp/exploration/diff_test_tex_en
gines/bin/compiled_tex_pdf/2308.01227/2308.01227_xelatex.pdf (8 pages).
Transcript written on /Users/jovyntan/Desktop/work/fyp/exploration/diff_test_te
x_engines/bin/compiled_tex_pdf/2308.01227/2308.01227_xelatex.log.
