This is pdfTeX, Version 3.141592653-2.6-1.40.22 (TeX Live 2021) (preloaded format=pdflatex)
 restricted \write18 enabled.
entering extended mode
(./Final.tex
LaTeX2e <2020-10-01> patch level 4
L3 programming layer <2021-02-18> (./IEEEtran.cls
Document Class: IEEEtran 2015/08/26 V1.8b by Michael Shell
-- See the "IEEEtran_HOWTO" manual for usage information.
-- http://www.michaelshell.org/tex/ieeetran/
(/usr/local/texlive/2021/texmf-dist/tex/latex/psnfss/ot1ptm.fd)
-- Using IEEE Communications Society mode.
-- Using 8.5in x 11in (letter) paper.
-- Using PDF output.
-- This is a 10 point document.
) (/usr/local/texlive/2021/texmf-dist/tex/latex/was/gensymb.sty)
(/usr/local/texlive/2021/texmf-dist/tex/latex/cite/cite.sty)
(/usr/local/texlive/2021/texmf-dist/tex/latex/amsmath/amsmath.sty
For additional information on amsmath, use the `?' option.
(/usr/local/texlive/2021/texmf-dist/tex/latex/amsmath/amstext.sty
(/usr/local/texlive/2021/texmf-dist/tex/latex/amsmath/amsgen.sty))
(/usr/local/texlive/2021/texmf-dist/tex/latex/amsmath/amsbsy.sty)
(/usr/local/texlive/2021/texmf-dist/tex/latex/amsmath/amsopn.sty))
(/usr/local/texlive/2021/texmf-dist/tex/latex/amsfonts/amssymb.sty
(/usr/local/texlive/2021/texmf-dist/tex/latex/amsfonts/amsfonts.sty))
(/usr/local/texlive/2021/texmf-dist/tex/latex/graphics/graphicx.sty
(/usr/local/texlive/2021/texmf-dist/tex/latex/graphics/keyval.sty)
(/usr/local/texlive/2021/texmf-dist/tex/latex/graphics/graphics.sty
(/usr/local/texlive/2021/texmf-dist/tex/latex/graphics/trig.sty)
(/usr/local/texlive/2021/texmf-dist/tex/latex/graphics-cfg/graphics.cfg)
(/usr/local/texlive/2021/texmf-dist/tex/latex/graphics-def/pdftex.def)))
(/usr/local/texlive/2021/texmf-dist/tex/latex/xcolor/xcolor.sty
(/usr/local/texlive/2021/texmf-dist/tex/latex/graphics-cfg/color.cfg))
(/usr/local/texlive/2021/texmf-dist/tex/latex/cjk-ko/kotex.sty
(/usr/local/texlive/2021/texmf-dist/tex/latex/kotex-utf/kotex.cfg)
(/usr/local/texlive/2021/texmf-dist/tex/latex/kotex-utf/kotexutf.sty
(/usr/local/texlive/2021/texmf-dist/tex/latex/base/inputenc.sty)
(/usr/local/texlive/2021/texmf-dist/tex/plain/kotex-plain/kotexutf-core.tex)
(/usr/local/texlive/2021/texmf-dist/tex/latex/kotex-utf/lucenc.dfu)
(/usr/local/texlive/2021/texmf-dist/tex/latex/cjk-ko/kolabels-utf.sty)))
(/usr/local/texlive/2021/texmf-dist/tex/latex/caption/caption.sty
(/usr/local/texlive/2021/texmf-dist/tex/latex/caption/caption3.sty)

Package caption Warning: Unknown document class (or package),
(caption)                standard defaults will be used.
See the caption package documentation for explanation.

) (/usr/local/texlive/2021/texmf-dist/tex/latex/caption/subcaption.sty)
(/usr/local/texlive/2021/texmf-dist/tex/latex/sttools/stfloats.sty)
(/usr/local/texlive/2021/texmf-dist/tex/latex/float/float.sty)
(/usr/local/texlive/2021/texmf-dist/tex/latex/wrapfig/wrapfig.sty)
(/usr/local/texlive/2021/texmf-dist/tex/latex/colortbl/colortbl.sty
(/usr/local/texlive/2021/texmf-dist/tex/latex/tools/array.sty))
(/usr/local/texlive/2021/texmf-dist/tex/generic/soul/soul.sty)
(/usr/local/texlive/2021/texmf-dist/tex/latex/url/url.sty)
(/usr/local/texlive/2021/texmf-dist/tex/latex/tools/verbatim.sty)
(/usr/local/texlive/2021/texmf-dist/tex/latex/multirow/multirow.sty)
(/usr/local/texlive/2021/texmf-dist/tex/latex/shipunov/boldline.sty)
(/usr/local/texlive/2021/texmf-dist/tex/latex/makecell/makecell.sty)
(/usr/local/texlive/2021/texmf-dist/tex/latex/booktabs/booktabs.sty)
(/usr/local/texlive/2021/texmf-dist/tex/latex/tools/longtable.sty)
(/usr/local/texlive/2021/texmf-dist/tex/latex/siunitx/siunitx.sty
(/usr/local/texlive/2021/texmf-dist/tex/latex/l3kernel/expl3.sty
(/usr/local/texlive/2021/texmf-dist/tex/latex/l3backend/l3backend-pdftex.def))
(/usr/local/texlive/2021/texmf-dist/tex/latex/l3packages/xparse/xparse.sty
(/usr/local/texlive/2021/texmf-dist/tex/latex/l3packages/xparse/xparse-2020-10-
01.sty
(/usr/local/texlive/2021/texmf-dist/tex/latex/l3packages/xparse/xparse-generic.
tex)))
(/usr/local/texlive/2021/texmf-dist/tex/latex/l3packages/l3keys2e/l3keys2e.sty)
(/usr/local/texlive/2021/texmf-dist/tex/latex/translator/translator.sty))
No file 2308.01227_pdflatex.aux.
(/usr/local/texlive/2021/texmf-dist/tex/latex/nanumtype1/lucnanummj.fd)
-- Verifying Times compatible math font.
** Times compatible math font not found, forcing.
-- Found newtxmath, loading.
(/usr/local/texlive/2021/texmf-dist/tex/latex/newtx/newtxmath.sty
`newtxmath' v1.640, 2020/12/20 Math macros based originally on txfonts (msharpe
) (/usr/local/texlive/2021/texmf-dist/tex/latex/base/ifthen.sty)
(/usr/local/texlive/2021/texmf-dist/tex/latex/etoolbox/etoolbox.sty)
(/usr/local/texlive/2021/texmf-dist/tex/generic/iftex/ifxetex.sty
(/usr/local/texlive/2021/texmf-dist/tex/generic/iftex/iftex.sty))
(/usr/local/texlive/2021/texmf-dist/tex/generic/iftex/ifluatex.sty)
(/usr/local/texlive/2021/texmf-dist/tex/latex/xkeyval/xkeyval.sty
(/usr/local/texlive/2021/texmf-dist/tex/generic/xkeyval/xkeyval.tex
(/usr/local/texlive/2021/texmf-dist/tex/generic/xkeyval/xkvutils.tex)))
(/usr/local/texlive/2021/texmf-dist/tex/latex/oberdiek/centernot.sty)
(/usr/local/texlive/2021/texmf-dist/tex/generic/kastrup/binhex.tex))
-- Lines per column: 58 (exact).

Package gensymb Warning: Not defining \perthousand.


Package gensymb Warning: Not defining \micro.

(/usr/local/texlive/2021/texmf-dist/tex/context/base/mkii/supp-pdf.mkii
[Loading MPS to PDF converter (version 2006.09.02).]
) (/usr/local/texlive/2021/texmf-dist/tex/latex/epstopdf-pkg/epstopdf-base.sty
(/usr/local/texlive/2021/texmf-dist/tex/generic/infwarerr/infwarerr.sty)
(/usr/local/texlive/2021/texmf-dist/tex/latex/grfext/grfext.sty
(/usr/local/texlive/2021/texmf-dist/tex/generic/kvdefinekeys/kvdefinekeys.sty))
 (/usr/local/texlive/2021/texmf-dist/tex/latex/kvoptions/kvoptions.sty
(/usr/local/texlive/2021/texmf-dist/tex/generic/ltxcmds/ltxcmds.sty)
(/usr/local/texlive/2021/texmf-dist/tex/generic/kvsetkeys/kvsetkeys.sty))
(/usr/local/texlive/2021/texmf-dist/tex/generic/pdftexcmds/pdftexcmds.sty)
(/usr/local/texlive/2021/texmf-dist/tex/latex/latexconfig/epstopdf-sys.cfg))
(/usr/local/texlive/2021/texmf-dist/tex/latex/caption/ltcaption.sty)
(/usr/local/texlive/2021/texmf-dist/tex/latex/siunitx/siunitx-abbreviations.cfg
)
(/usr/local/texlive/2021/texmf-dist/tex/latex/translator/translator-basic-dicti
onary-English.dict)
(/usr/local/texlive/2021/texmf-dist/tex/latex/newtx/ot1ntxtlf.fd)
(/usr/local/texlive/2021/texmf-dist/tex/latex/newtx/omlntxmi.fd)
(/usr/local/texlive/2021/texmf-dist/tex/latex/newtx/lmsntxsy.fd)
(/usr/local/texlive/2021/texmf-dist/tex/latex/newtx/lmxntxexx.fd)
(/usr/local/texlive/2021/texmf-dist/tex/latex/amsfonts/umsa.fd)
(/usr/local/texlive/2021/texmf-dist/tex/latex/amsfonts/umsb.fd)
(/usr/local/texlive/2021/texmf-dist/tex/latex/newtx/untxmia.fd)
(/usr/local/texlive/2021/texmf-dist/tex/latex/newtx/untxsym.fd)
(/usr/local/texlive/2021/texmf-dist/tex/latex/newtx/untxsyc.fd)
(/usr/local/texlive/2021/texmf-dist/tex/latex/newtx/untxexa.fd)
(/usr/local/texlive/2021/texmf-dist/tex/latex/psnfss/ot1phv.fd)
(/usr/local/texlive/2021/texmf-dist/tex/latex/psnfss/ot1pcr.fd)
(/usr/local/texlive/2021/texmf-dist/tex/latex/kotex-utf/lucuhcmj.fd)
(/usr/local/texlive/2021/texmf-dist/tex/latex/psnfss/omsptm.fd)

LaTeX Warning: Reference `fig1a' on page 1 undefined on input line 129.


LaTeX Warning: Citation `itur' on page 1 undefined on input line 138.


LaTeX Warning: Citation `itur' on page 1 undefined on input line 138.


LaTeX Warning: Citation `l1' on page 1 undefined on input line 156.

[1{/usr/local/texlive/2021/texmf-var/fonts/map/pdftex/updmap/pdftex.map} <./Fig
ures/ITU_ISAC2.pdf>]

LaTeX Warning: Reference `fig2a' on page 2 undefined on input line 168.

[2 <./Figures/scene1.pdf>]

LaTeX Warning: Citation `Marco' on page 3 undefined on input line 188.


LaTeX Warning: Citation `rohit' on page 3 undefined on input line 191.


LaTeX Warning: Citation `holo' on page 3 undefined on input line 193.


LaTeX Warning: Citation `tera' on page 3 undefined on input line 195.

[3]
Underfull \hbox (badness 1502) in paragraph at lines 236--237
[]\OT1/ptm/m/n/10 ISAC wave-form, se-quence, cod-ing, mod-u-la-tion, and

LaTeX Warning: Citation `eMIMO' on page 4 undefined on input line 248.


LaTeX Warning: Citation `2921208' on page 4 undefined on input line 259.

[4]

LaTeX Warning: Citation `3071493' on page 5 undefined on input line 261.


LaTeX Warning: Reference `figure_OTFS_1' on page 5 undefined on input line 295.



LaTeX Warning: Reference `figure_OTFS_1' on page 5 undefined on input line 295.



LaTeX Warning: Citation `2998583' on page 5 undefined on input line 295.


LaTeX Warning: Citation `3209651' on page 5 undefined on input line 295.


Underfull \vbox (badness 1043) has occurred while \output is active

LaTeX Warning: Citation `7507195' on page 5 undefined on input line 297.


LaTeX Warning: Reference `figure_OTFS_2' on page 5 undefined on input line 297.



LaTeX Warning: Reference `figure_OTFS_2' on page 5 undefined on input line 297.



Overfull \hbox (0.84283pt too wide) in paragraph at lines 313--315
 [][] 
[5 <./Figures/Contour_4QAM_OTFS_M4_N8_Example1.pdf> <./Figures/Contour_4QAM_OTF
S_M4_N8_Example2.pdf

pdfTeX warning: pdflatex (file ./Figures/Contour_4QAM_OTFS_M4_N8_Example2.pdf):
 PDF inclusion: multiple pdfs with page group included in a single page
> <./Figures/PSLR_dB_OTFS_M_N_4_mean_7_8118.pdf

pdfTeX warning: pdflatex (file ./Figures/PSLR_dB_OTFS_M_N_4_mean_7_8118.pdf): P
DF inclusion: multiple pdfs with page group included in a single page
>]

LaTeX Warning: Reference `Fig_Interference_management' on page 6 undefined on i
nput line 321.


LaTeX Warning: Citation `liu2022integrated' on page 6 undefined on input line 3
21.


LaTeX Warning: Reference `Fig_Interference_management' on page 6 undefined on i
nput line 328.


LaTeX Warning: Citation `xu2021rate' on page 6 undefined on input line 330.


LaTeX Warning: Citation `sec' on page 6 undefined on input line 343.

[6 <./Figures/Fig_Interference_management.pdf>]
Underfull \hbox (badness 1852) in paragraph at lines 354--355
[]\OT1/ptm/m/it/10 Envisioned Use Cases and Ap-pli-ca-tions: \OT1/ptm/m/n/10 IS
AC co-
No file 2308.01227_pdflatex.bbl.
[7]
(/Users/jovyntan/Desktop/work/fyp/exploration/diff_test_tex_engines/bin/compile
d_tex_pdf/2308.01227/2308.01227_pdflatex.aux)

LaTeX Warning: There were undefined references.


LaTeX Warning: Label(s) may have changed. Rerun to get cross-references right.

 )
(see the transcript file for additional information){/usr/local/texlive/2021/te
xmf-dist/fonts/enc/dvips/newtx/ntx-ot1-tlf.enc}{/usr/local/texlive/2021/texmf-d
ist/fonts/enc/dvips/base/8r.enc}</usr/local/texlive/2021/texmf-dist/fonts/type1
/public/newtx/NewTXMI.pfb></usr/local/texlive/2021/texmf-dist/fonts/type1/publi
c/amsfonts/cm/cmsy8.pfb></usr/local/texlive/2021/texmf-dist/fonts/type1/public/
newtx/txsys.pfb></usr/local/texlive/2021/texmf-dist/fonts/type1/urw/times/utmb8
a.pfb></usr/local/texlive/2021/texmf-dist/fonts/type1/urw/times/utmbi8a.pfb></u
sr/local/texlive/2021/texmf-dist/fonts/type1/urw/times/utmr8a.pfb></usr/local/t
exlive/2021/texmf-dist/fonts/type1/urw/times/utmri8a.pfb></usr/local/texlive/20
21/texmf-dist/fonts/type1/public/newtx/ztmr.pfb>
Output written on /Users/jovyntan/Desktop/work/fyp/exploration/diff_test_tex_en
gines/bin/compiled_tex_pdf/2308.01227/2308.01227_pdflatex.pdf (7 pages, 2136050
 bytes).
Transcript written on /Users/jovyntan/Desktop/work/fyp/exploration/diff_test_te
x_engines/bin/compiled_tex_pdf/2308.01227/2308.01227_pdflatex.log.
