This is XeTeX, Version 3.141592653-2.6-0.999993 (TeX Live 2021) (preloaded format=xelatex)
 restricted \write18 enabled.
entering extended mode
(./bare_conf.tex
LaTeX2e <2020-10-01> patch level 4
L3 programming layer <2021-02-18>
(/usr/local/texlive/2021/texmf-dist/tex/latex/IEEEtran/IEEEtran.cls
Document Class: IEEEtran 2015/08/26 V1.8b by Michael Shell
-- See the "IEEEtran_HOWTO" manual for usage information.
-- http://www.michaelshell.org/tex/ieeetran/

LaTeX Font Warning: Font shape `TU/ptm/m/n' undefined
(Font)              using `TU/lmr/m/n' instead on input line 503.

-- Using IEEE Communications Society mode.
-- Using 8.5in x 11in (letter) paper.
-- Using DVI output.
-- This is a 10 point document.

LaTeX Font Warning: Font shape `TU/ptm/bx/n' undefined
(Font)              using `TU/ptm/m/n' instead on input line 1090.


LaTeX Font Warning: Font shape `TU/ptm/m/it' undefined
(Font)              using `TU/ptm/m/n' instead on input line 1090.


LaTeX Font Warning: Font shape `TU/ptm/bx/it' undefined
(Font)              using `TU/ptm/bx/n' instead on input line 1090.

) (/usr/local/texlive/2021/texmf-dist/tex/latex/base/fontenc.sty
(/usr/local/texlive/2021/texmf-dist/tex/latex/psnfss/t1ptm.fd))
(/usr/local/texlive/2021/texmf-dist/tex/latex/amsmath/amsmath.sty
For additional information on amsmath, use the `?' option.
(/usr/local/texlive/2021/texmf-dist/tex/latex/amsmath/amstext.sty
(/usr/local/texlive/2021/texmf-dist/tex/latex/amsmath/amsgen.sty))
(/usr/local/texlive/2021/texmf-dist/tex/latex/amsmath/amsbsy.sty)
(/usr/local/texlive/2021/texmf-dist/tex/latex/amsmath/amsopn.sty))
(/usr/local/texlive/2021/texmf-dist/tex/latex/comment/comment.sty
Excluding comment 'comment')
(/usr/local/texlive/2021/texmf-dist/tex/latex/cite/cite.sty)
(/usr/local/texlive/2021/texmf-dist/tex/latex/graphics/graphicx.sty
(/usr/local/texlive/2021/texmf-dist/tex/latex/graphics/keyval.sty)
(/usr/local/texlive/2021/texmf-dist/tex/latex/graphics/graphics.sty
(/usr/local/texlive/2021/texmf-dist/tex/latex/graphics/trig.sty)
(/usr/local/texlive/2021/texmf-dist/tex/latex/graphics-cfg/graphics.cfg)
(/usr/local/texlive/2021/texmf-dist/tex/latex/graphics-def/xetex.def)))
(/usr/local/texlive/2021/texmf-dist/tex/latex/graphics/epsfig.sty)
(/usr/local/texlive/2021/texmf-dist/tex/latex/subfigure/subfigure.sty
****************************************
* Local config file subfigure.cfg used *
****************************************
(/usr/local/texlive/2021/texmf-dist/tex/latex/subfigure/subfigure.cfg))
(/usr/local/texlive/2021/texmf-dist/tex/latex/psfrag/psfrag.sty)
(/usr/local/texlive/2021/texmf-dist/tex/latex/amsfonts/amssymb.sty
(/usr/local/texlive/2021/texmf-dist/tex/latex/amsfonts/amsfonts.sty))
(/usr/local/texlive/2021/texmf-dist/tex/latex/booktabs/booktabs.sty)
(/usr/local/texlive/2021/texmf-dist/tex/latex/epstopdf-pkg/epstopdf.sty
(/usr/local/texlive/2021/texmf-dist/tex/generic/infwarerr/infwarerr.sty)
(/usr/local/texlive/2021/texmf-dist/tex/latex/grfext/grfext.sty
(/usr/local/texlive/2021/texmf-dist/tex/generic/kvdefinekeys/kvdefinekeys.sty))
 (/usr/local/texlive/2021/texmf-dist/tex/latex/kvoptions/kvoptions.sty
(/usr/local/texlive/2021/texmf-dist/tex/generic/ltxcmds/ltxcmds.sty)
(/usr/local/texlive/2021/texmf-dist/tex/generic/kvsetkeys/kvsetkeys.sty))
(/usr/local/texlive/2021/texmf-dist/tex/generic/pdftexcmds/pdftexcmds.sty
(/usr/local/texlive/2021/texmf-dist/tex/generic/iftex/iftex.sty))
(/usr/local/texlive/2021/texmf-dist/tex/latex/epstopdf-pkg/epstopdf-base.sty

Package epstopdf Warning: Drivers other than `pdftex' and `luatex' are not supp
orted.

)) (/usr/local/texlive/2021/texmf-dist/tex/latex/tools/array.sty)
(/usr/local/texlive/2021/texmf-dist/tex/latex/makecell/makecell.sty)
(/usr/local/texlive/2021/texmf-dist/tex/latex/multirow/multirow.sty)
(/usr/local/texlive/2021/texmf-dist/tex/latex/l3backend/l3backend-xetex.def
(|extractbb --version))
No file 2308.02135_xelatex.aux.
(/usr/local/texlive/2021/texmf-dist/tex/latex/base/ts1cmr.fd)
-- Verifying Times compatible math font.
** Times compatible math font not found, forcing.
-- Found newtxmath, loading.
(/usr/local/texlive/2021/texmf-dist/tex/latex/newtx/newtxmath.sty
`newtxmath' v1.640, 2020/12/20 Math macros based originally on txfonts (msharpe
) (/usr/local/texlive/2021/texmf-dist/tex/latex/base/ifthen.sty)
(/usr/local/texlive/2021/texmf-dist/tex/latex/etoolbox/etoolbox.sty)
(/usr/local/texlive/2021/texmf-dist/tex/generic/iftex/ifxetex.sty)
(/usr/local/texlive/2021/texmf-dist/tex/generic/iftex/ifluatex.sty)
(/usr/local/texlive/2021/texmf-dist/tex/latex/xkeyval/xkeyval.sty
(/usr/local/texlive/2021/texmf-dist/tex/generic/xkeyval/xkeyval.tex
(/usr/local/texlive/2021/texmf-dist/tex/generic/xkeyval/xkvutils.tex)))
(/usr/local/texlive/2021/texmf-dist/tex/latex/oberdiek/centernot.sty)
(/usr/local/texlive/2021/texmf-dist/tex/generic/kastrup/binhex.tex))
-- Lines per column: 58 (exact).

Underfull \hbox (badness 2600) in paragraph at lines 84--84
[][][]\T1/ptm/m/n/8 Qing Xue, Yongjun Xu, and Qian-bin Chen are with the School


Underfull \hbox (badness 10000) in paragraph at lines 92--94
[]\T1/ptm/b/it/9 Index Terms\T1/ptm/b/n/9 ---beam man-age-ment (beam align-

Underfull \hbox (badness 2913) in paragraph at lines 92--94
\T1/ptm/b/n/9 ment/training/tracking), ar-ti-fi-cial in-tel-li-gence, re-con-fi
g-urable

LaTeX Warning: Citation `IEEE-Std-802.11ad' on page 1 undefined on input line 1
02.


LaTeX Warning: Citation `IEEE-Std-802.11ay' on page 1 undefined on input line 1
02.


LaTeX Warning: Citation `IEEE-Std-802.15.3c' on page 1 undefined on input line 
102.


LaTeX Warning: Citation `3GPP-TR-21.915-Release15' on page 1 undefined on input
 line 102.


LaTeX Warning: Citation `3GPP-TR-21.916-Release16' on page 1 undefined on input
 line 102.


LaTeX Warning: Citation `3GPP-TR-21.917-Release17' on page 1 undefined on input
 line 102.


LaTeX Warning: Citation `Overview-5G-Advanced-3GPP-Release18' on page 1 undefin
ed on input line 102.


LaTeX Warning: Citation `IEEE-Std-802.15.3d' on page 1 undefined on input line 
102.


LaTeX Warning: Citation `6G-Wireless-Networks-MVT-2019' on page 1 undefined on 
input line 106.


LaTeX Warning: Citation `A-Vision-6G-MNET-2020' on page 1 undefined on input li
ne 106.


LaTeX Warning: Citation `Toward-6G-Networks-MCOM-2020' on page 1 undefined on i
nput line 106.


LaTeX Warning: Citation `6G-Wireless-Systems-JPROC-2021' on page 1 undefined on
 input line 106.


LaTeX Warning: Citation `On-the-Road-to-6G' on page 1 undefined on input line 1
06.


LaTeX Warning: Citation `IMT2020-2015' on page 1 undefined on input line 108.

[1] (/usr/local/texlive/2021/texmf-dist/tex/latex/newtx/ot1ntxtlf.fd)
(/usr/local/texlive/2021/texmf-dist/tex/latex/newtx/omlntxmi.fd)
(/usr/local/texlive/2021/texmf-dist/tex/latex/newtx/lmsntxsy.fd)
(/usr/local/texlive/2021/texmf-dist/tex/latex/newtx/lmxntxexx.fd)
(/usr/local/texlive/2021/texmf-dist/tex/latex/amsfonts/umsa.fd)
(/usr/local/texlive/2021/texmf-dist/tex/latex/amsfonts/umsb.fd)
(/usr/local/texlive/2021/texmf-dist/tex/latex/newtx/untxmia.fd)
(/usr/local/texlive/2021/texmf-dist/tex/latex/newtx/untxsym.fd)
(/usr/local/texlive/2021/texmf-dist/tex/latex/newtx/untxsyc.fd)
(/usr/local/texlive/2021/texmf-dist/tex/latex/newtx/untxexa.fd)

LaTeX Warning: Citation `Space-Air-Ground-Survey-2018' on page 2 undefined on i
nput line 136.


LaTeX Warning: Citation `Edge-Artificial-Intelligence-6G-2022' on page 2 undefi
ned on input line 141.


LaTeX Warning: Citation `Integrated-Sensing-Communications-2022' on page 2 unde
fined on input line 147.


LaTeX Warning: Citation `Smart-Radio-Environments-RIS-2020' on page 2 undefined
 on input line 152.


LaTeX Warning: Citation `Beamspace-SU-MIMO-2017' on page 2 undefined on input l
ine 165.


LaTeX Warning: Citation `Beamspace-MU-MIMO-2019' on page 2 undefined on input l
ine 165.


LaTeX Warning: Citation `User-Centric-Association-Ultra-Dense-mmWave-2021' on p
age 2 undefined on input line 165.


LaTeX Warning: Citation `XUE20221115' on page 2 undefined on input line 165.


LaTeX Warning: Citation `Beam-Management-Ultra-Dense-mmWave-Network-2023' on pa
ge 2 undefined on input line 165.

[2]
Underfull \hbox (badness 1838) in paragraph at lines 202--203
[]\T1/ptm/m/n/10 1) \T1/ptm/m/it/10 The ad-vance-ments of beam man-age-ment for
 both

LaTeX Warning: Reference `fig:Survey-outline' on page 3 undefined on input line
 222.


LaTeX Warning: Reference `view-beam-Management' on page 3 undefined on input li
ne 257.


LaTeX Warning: Reference `fig:3GPP-BM' on page 3 undefined on input line 269.


LaTeX Warning: Citation `3GPP-TR-38802' on page 3 undefined on input line 269.


Underfull \hbox (badness 3701) in paragraph at lines 275--276
[][]\T1/ptm/m/it/10 Beam mea-sure-ment\T1/ptm/m/n/10 : an op-er-a-tion for tran
smission-
[3]

LaTeX Warning: Citation `Six-Key-Challenges-Beam-Management-2021' on page 4 und
efined on input line 284.


LaTeX Warning: Citation `Beam-Management-2020' on page 4 undefined on input lin
e 284.

[4]

LaTeX Warning: Citation `3GPP-TR-38803' on page 5 undefined on input line 288.


LaTeX Warning: Citation `3GPP-TR-38807' on page 5 undefined on input line 290.


LaTeX Warning: Citation `3GPP-TR-38843' on page 5 undefined on input line 292.


LaTeX Warning: Citation `3GPP-TR-38811' on page 5 undefined on input line 295.


LaTeX Warning: Citation `3GPP-TR-38874' on page 5 undefined on input line 297.


Underfull \hbox (badness 2781) in paragraph at lines 300--301
\T1/ptm/m/n/10 stan-dards of mmWave have been de-signed, i.e., IEEE

LaTeX Warning: Citation `IEEE-Std-802.11ad' on page 5 undefined on input line 3
02.

[5]

LaTeX Warning: Citation `IEEE-Std-802.11ay' on page 6 undefined on input line 3
17.


LaTeX Warning: Citation `IEEE-Std-802.15.3c' on page 6 undefined on input line 
336.


LaTeX Warning: Citation `Beamforming-Survey-2016' on page 6 undefined on input 
line 391.


LaTeX Warning: Citation `Hybrid-Beamforming-Massive-MIMO-Survey-2017' on page 6
 undefined on input line 391.


LaTeX Warning: Citation `Survey-Hybrid-Beamforming-2018' on page 6 undefined on
 input line 391.


LaTeX Warning: Citation `Modular-CSI-Beam-Management-2018' on page 6 undefined 
on input line 391.


LaTeX Warning: Citation `802.11ay-2018' on page 6 undefined on input line 391.


LaTeX Warning: Citation `Tutorial-Beam-Management-3GPP-NR-2019' on page 6 undef
ined on input line 391.


LaTeX Warning: Citation `Beam-Management-2020' on page 6 undefined on input lin
e 391.


LaTeX Warning: Citation `Beam-Based-Mobility-V2X-Survey-2021' on page 6 undefin
ed on input line 391.


LaTeX Warning: Citation `Millimeter-Wave-Hardware-Beam-Management-2021' on page
 6 undefined on input line 391.


LaTeX Warning: Citation `Initial-Access-Beam-Alignment-mmWave-Terahertz-2022' o
n page 6 undefined on input line 391.


LaTeX Warning: Citation `Wi-Fi-Meets-ML-2022' on page 6 undefined on input line
 391.


LaTeX Warning: Citation `Enabling-JCAS-survey-2022' on page 6 undefined on inpu
t line 391.


LaTeX Warning: Citation `Machine-Learning-Beam-management-survey-2023' on page 
6 undefined on input line 391.


LaTeX Warning: Reference `Related-surveys' on page 6 undefined on input line 39
8.


LaTeX Warning: Citation `Beamforming-Survey-2016' on page 6 undefined on input 
line 400.


LaTeX Warning: Citation `CSI-Feedback-Massive-MIMO' on page 6 undefined on inpu
t line 400.


LaTeX Warning: Citation `Antenna-Selection' on page 6 undefined on input line 4
00.


LaTeX Warning: Citation `Hybrid-Beamforming-Massive-MIMO-Survey-2017' on page 6
 undefined on input line 400.


LaTeX Warning: Citation `Survey-Hybrid-Beamforming-2018' on page 6 undefined on
 input line 400.


LaTeX Warning: Citation `Hybrid-Beamforming-Massive-MIMO-Survey-2017' on page 6
 undefined on input line 400.


LaTeX Warning: Citation `Survey-Hybrid-Beamforming-2018' on page 6 undefined on
 input line 400.

[6]

LaTeX Warning: Citation `Successive-Localization-Beamforming' on page 7 undefin
ed on input line 402.


LaTeX Warning: Citation `Modular-CSI-Beam-Management-2018' on page 7 undefined 
on input line 402.


LaTeX Warning: Citation `Tutorial-Beam-Management-3GPP-NR-2019' on page 7 undef
ined on input line 402.


LaTeX Warning: Citation `Standalone-Non-Standalone-Beam-Management-3GPP-NR-2019
' on page 7 undefined on input line 402.


LaTeX Warning: Citation `802.11ay-2018' on page 7 undefined on input line 402.


Underfull \vbox (badness 10000) has occurred while \output is active

LaTeX Warning: Citation `Beam-Management-2020' on page 7 undefined on input lin
e 404.


LaTeX Warning: Citation `Beam-Based-Mobility-V2X-Survey-2021' on page 7 undefin
ed on input line 404.


LaTeX Warning: Citation `Millimeter-Wave-Hardware-Beam-Management-2021' on page
 7 undefined on input line 404.


LaTeX Warning: Citation `Initial-Access-Beam-Alignment-mmWave-Terahertz-2022' o
n page 7 undefined on input line 404.


LaTeX Warning: Citation `Beam-Management-2020' on page 7 undefined on input lin
e 404.


LaTeX Warning: Citation `Beam-Based-Mobility-V2X-Survey-2021' on page 7 undefin
ed on input line 404.


LaTeX Warning: Citation `Millimeter-Wave-Hardware-Beam-Management-2021' on page
 7 undefined on input line 404.


LaTeX Warning: Citation `Initial-Access-Beam-Alignment-mmWave-Terahertz-2022' o
n page 7 undefined on input line 404.


LaTeX Warning: Citation `Wi-Fi-Meets-ML-2022' on page 7 undefined on input line
 404.


LaTeX Warning: Citation `Machine-Learning-Beam-management-survey-2023' on page 
7 undefined on input line 404.


Underfull \vbox (badness 10000) has occurred while \output is active [7]

LaTeX Warning: Citation `Joint-Optimization-Beamforming-Multi-IRS-2022' on page
 8 undefined on input line 406.


LaTeX Warning: Citation `Refracting-RIS-Hybrid-Satellite-Terrestrial-Relay' on 
page 8 undefined on input line 406.


LaTeX Warning: Citation `IRS-Aided-Wireless-Powered-MEC-2023' on page 8 undefin
ed on input line 406.


LaTeX Warning: Citation `CSI-Feedback' on page 8 undefined on input line 406.


LaTeX Warning: Citation `Beam-Based-Mobility-V2X-Survey-2021' on page 8 undefin
ed on input line 406.


LaTeX Warning: Citation `ML-beam-management-IRS' on page 8 undefined on input l
ine 406.


LaTeX Warning: Citation `Initial-Access-Beam-Alignment-mmWave-Terahertz-2022' o
n page 8 undefined on input line 406.


LaTeX Warning: Citation `Enabling-JCAS-survey-2022' on page 8 undefined on inpu
t line 406.


LaTeX Warning: Citation `Enabling-JCAS-survey-2022' on page 8 undefined on inpu
t line 406.


LaTeX Warning: Reference `fig:BM-Classification' on page 8 undefined on input l
ine 420.


LaTeX Warning: Citation `IEEE-Guide-FL' on page 8 undefined on input line 426.


LaTeX Warning: Citation `IEEE-Guide-FL' on page 8 undefined on input line 426.


LaTeX Warning: Reference `fig:AI-history' on page 8 undefined on input line 432
.


LaTeX Warning: Citation `Deep-Learning-Beam-Management-Arxiv-2021' on page 8 un
defined on input line 435.

[8]

LaTeX Warning: Citation `Unmanned-Aerial-Vehicle-Wireless-Networks' on page 9 u
ndefined on input line 454.


Underfull \vbox (badness 3612) has occurred while \output is active
Underfull \vbox (badness 10000) has occurred while \output is active [9]

LaTeX Warning: Citation `Data-Driven-Analog-Beam-Selection-2018' on page 10 und
efined on input line 495.


LaTeX Warning: Citation `Deep-Learning-Beam-Management-Interference-Coordinatio
n-2019' on page 10 undefined on input line 495.


LaTeX Warning: Citation `Deep-Learning-Aided-Fingerprint-Beam-Alignment-2019' o
n page 10 undefined on input line 495.


LaTeX Warning: Citation `Machine-Learning-Analog-Beam-Selection-2020' on page 1
0 undefined on input line 495.


LaTeX Warning: Citation `Machine-Learning-Beam-Alignment-MIMO-2020' on page 10 
undefined on input line 495.


LaTeX Warning: Citation `Deep-Learning-mmWave-Beam-Blockage-Prediction-2020' on
 page 10 undefined on input line 495.


LaTeX Warning: Citation `Learning-Predictive-Beamforming-UAV-2020' on page 10 u
ndefined on input line 495.


LaTeX Warning: Citation `A-Deep-Learning-Low-Overhead-Beam-Selection-2021' on p
age 10 undefined on input line 495.


LaTeX Warning: Citation `Learning-Predictive-Transmitter-Receiver-Beam-Alignmen
t-2021' on page 10 undefined on input line 495.


LaTeX Warning: Citation `Machine-Learning-Beam-Selection-Low-Complexity-Hybrid-
Beamforming-2021' on page 10 undefined on input line 495.


LaTeX Warning: Citation `Machine-Learning-Assisted-Beam-Alignment-2021' on page
 10 undefined on input line 495.


LaTeX Warning: Citation `Deep-Learning-Calibrated-Beam-Training-2021' on page 1
0 undefined on input line 495.


LaTeX Warning: Citation `Deep-Learning-Beam-Tracking-2021' on page 10 undefined
 on input line 495.


LaTeX Warning: Citation `KF-LSTM-Beam-Tracking-UAV-2022' on page 10 undefined o
n input line 495.


LaTeX Warning: Citation `A-Deep-Learning-Approach-Location-2022' on page 10 und
efined on input line 495.


LaTeX Warning: Citation `Novel-Design-User-Scheduling-Analog-Beam-Selection-202
2' on page 10 undefined on input line 495.


LaTeX Warning: Citation `A-Deep-Learning-Framework-Beam-Selection-2022' on page
 10 undefined on input line 495.


LaTeX Warning: Citation `Deep-Learning-Beam-Training-Large-Scale-2023' on page 
10 undefined on input line 495.


LaTeX Warning: Citation `Deep-Learning-Multi-Finger-Beam-Training-2023' on page
 10 undefined on input line 495.


LaTeX Warning: Citation `User-Centric-Association-Ultra-Dense-mmWave-2021' on p
age 10 undefined on input line 495.


LaTeX Warning: Citation `Multi-Armed-Bandit-Beam-Alignment-Tracking-2019' on pa
ge 10 undefined on input line 495.


LaTeX Warning: Citation `Fast-Beam-Alignment-Correlated-Bandit-2019' on page 10
 undefined on input line 495.


LaTeX Warning: Citation `Beam-Alignment-Tracking-Bandit-Learning-2020' on page 
10 undefined on input line 495.


LaTeX Warning: Citation `Beam-Alignment-Non-Stationary-Bandits-2020' on page 10
 undefined on input line 495.


LaTeX Warning: Citation `Intelligent-Interactive-Beam-Training-2021' on page 10
 undefined on input line 495.


LaTeX Warning: Citation `Design-Implementation-Deep-Learning-Adjustable-Beamfor
ming-Training-2021' on page 10 undefined on input line 495.


LaTeX Warning: Citation `Joint-Deep-Reinforcement-Learning-Unfolding-2021' on p
age 10 undefined on input line 495.


LaTeX Warning: Citation `Context-and-Social-Aware-Online-Beam-Selection-2021' o
n page 10 undefined on input line 495.


LaTeX Warning: Citation `Beam-Drift-2021' on page 10 undefined on input line 49
5.


LaTeX Warning: Citation `Millimeter-Wave-Communications-Overhead-Messenger-Wire
-2021' on page 10 undefined on input line 495.


LaTeX Warning: Citation `Learning-Adaptation-Millimeter-Wave-Beam-Tracking-Trai
ning-2022' on page 10 undefined on input line 495.


LaTeX Warning: Citation `Zero-Shot-Adaptation-Beam-Tracking-2022' on page 10 un
defined on input line 495.


LaTeX Warning: Citation `Cost-Efficient-Beam-Management-Resource-Allocation-202
2' on page 10 undefined on input line 495.


LaTeX Warning: Citation `Deep-Reinforcement-Learning-Blind-Alignment-2022' on p
age 10 undefined on input line 495.


LaTeX Warning: Citation `Deep-Recurrent-Q-Network-Beam-Tracking-2022' on page 1
0 undefined on input line 495.


LaTeX Warning: Citation `Training-Beam-Sequence-Design-2022' on page 10 undefin
ed on input line 495.


LaTeX Warning: Citation `Beam-Management-Ultra-Dense-mmWave-Network-2023' on pa
ge 10 undefined on input line 495.


LaTeX Warning: Citation `Federated-Learning-Hybrid-Beamforming-2020' on page 10
 undefined on input line 495.


LaTeX Warning: Citation `Federated-mmWave-Beam-Selection-LIDAR-2021' on page 10
 undefined on input line 495.


LaTeX Warning: Citation `Fully-Decentralized-Federated-Learning-On-Board-Missio
n-2021' on page 10 undefined on input line 495.


LaTeX Warning: Citation `Learning-Rate-Optimization-Federated-Learning-2021' on
 page 10 undefined on input line 495.


LaTeX Warning: Citation `Federated-Deep-Reinforcement-Learning-THz-Beam-Search-
2022' on page 10 undefined on input line 495.


LaTeX Warning: Citation `Backdoor-Federated-Learning-2022' on page 10 undefined
 on input line 495.


LaTeX Warning: Citation `Self-Supervised-Deep-Learning-Beam-Steering-2022' on p
age 10 undefined on input line 495.


LaTeX Warning: Citation `Over-the-Air-Federated-Multi-Task-Learning-2023' on pa
ge 10 undefined on input line 495.


LaTeX Warning: Citation `A-Privacy-Preserved-Split-Learning-2022' on page 10 un
defined on input line 495.


LaTeX Warning: Citation `Deep-Learning-mmWave-Beam-Blockage-Prediction-2020' on
 page 10 undefined on input line 495.


LaTeX Warning: Citation `Beams-Selection-MmWave-Multi-Connection-2021' on page 
10 undefined on input line 495.


LaTeX Warning: Citation `Deep-Transfer-Learning-Location-Aware-2021' on page 10
 undefined on input line 495.


LaTeX Warning: Citation `Intelligent-Analog-Beam-Selection-Beamspace-Channel-Tr
acking-2023' on page 10 undefined on input line 495.


LaTeX Warning: Citation `Optimal-Beam-Association-High-Mobility-2021' on page 1
0 undefined on input line 495.


LaTeX Warning: Citation `Joint-Beam-Training-Data-Transmission-Control-2022' on
 page 10 undefined on input line 495.


LaTeX Warning: Citation `Decentralized-Beamforming-Cell-Free-Massive-MIMO-2022'
 on page 10 undefined on input line 495.


Overfull \hbox (166.67577pt too wide) in paragraph at lines 495--496
 [][] 

LaTeX Warning: Reference `Classification-AI-BM' on page 10 undefined on input l
ine 500.


LaTeX Warning: Citation `Blockchain-Artificial-Intelligence' on page 10 undefin
ed on input line 503.


LaTeX Warning: Citation `Artificial-Neural-Networks-2019' on page 10 undefined 
on input line 503.


LaTeX Warning: Citation `Deep-Learning-Beam-Management-Interference-Coordinatio
n-2019' on page 10 undefined on input line 558.


LaTeX Warning: Citation `Deep-Learning-Aided-Fingerprint-Beam-Alignment-2019' o
n page 10 undefined on input line 558.


LaTeX Warning: Citation `Deep-Learning-mmWave-Beam-Blockage-Prediction-2020' on
 page 10 undefined on input line 558.


LaTeX Warning: Citation `Machine-Learning-Beam-Selection-Low-Complexity-Hybrid-
Beamforming-2021' on page 10 undefined on input line 558.


LaTeX Warning: Citation `A-Deep-Learning-Approach-Location-2022' on page 10 und
efined on input line 558.


LaTeX Warning: Citation `Learning-Predictive-Beamforming-UAV-2020' on page 10 u
ndefined on input line 558.


LaTeX Warning: Citation `Deep-Learning-Calibrated-Beam-Training-2021' on page 1
0 undefined on input line 558.


LaTeX Warning: Citation `Deep-Learning-Beam-Tracking-2021' on page 10 undefined
 on input line 558.


LaTeX Warning: Citation `KF-LSTM-Beam-Tracking-UAV-2022' on page 10 undefined o
n input line 558.


LaTeX Warning: Citation `A-Deep-Learning-Framework-Beam-Selection-2022' on page
 10 undefined on input line 558.


LaTeX Warning: Citation `Machine-Learning-Beam-Alignment-MIMO-2020' on page 10 
undefined on input line 558.


LaTeX Warning: Citation `A-Deep-Learning-Low-Overhead-Beam-Selection-2021' on p
age 10 undefined on input line 558.


LaTeX Warning: Citation `Deep-Learning-Calibrated-Beam-Training-2021' on page 1
0 undefined on input line 558.


LaTeX Warning: Citation `Deep-Learning-Beam-Training-Large-Scale-2023' on page 
10 undefined on input line 558.


LaTeX Warning: Citation `Deep-Learning-Multi-Finger-Beam-Training-2023' on page
 10 undefined on input line 558.


LaTeX Warning: Citation `Data-Driven-Analog-Beam-Selection-2018' on page 10 und
efined on input line 558.


LaTeX Warning: Citation `Machine-Learning-Analog-Beam-Selection-2020' on page 1
0 undefined on input line 558.


LaTeX Warning: Citation `Learning-Predictive-Transmitter-Receiver-Beam-Alignmen
t-2021' on page 10 undefined on input line 558.


LaTeX Warning: Citation `Machine-Learning-Assisted-Beam-Alignment-2021' on page
 10 undefined on input line 558.


LaTeX Warning: Citation `Novel-Design-User-Scheduling-Analog-Beam-Selection-202
2' on page 10 undefined on input line 558.


LaTeX Warning: Reference `SL-BM' on page 10 undefined on input line 562.


LaTeX Warning: Citation `Deep-Learning-Beam-Management-Interference-Coordinatio
n-2019' on page 10 undefined on input line 565.


LaTeX Warning: Citation `Deep-Learning-Aided-Fingerprint-Beam-Alignment-2019' o
n page 10 undefined on input line 565.


LaTeX Warning: Citation `Steering-eyes-closed' on page 10 undefined on input li
ne 565.


LaTeX Warning: Citation `Out-of-Band-Millimeter-Beamforming' on page 10 undefin
ed on input line 565.


LaTeX Warning: Citation `Deep-Learning-Assisted-Beam-Prediction-2020' on page 1
0 undefined on input line 565.


LaTeX Warning: Citation `Deep-Learning-mmWave-Beam-Prediction-2021' on page 10 
undefined on input line 565.


LaTeX Warning: Citation `Deep-Learning-mmWave-Beam-Blockage-Prediction-2020' on
 page 10 undefined on input line 565.


LaTeX Warning: Citation `A-Deep-Learning-Approach-Location-2022' on page 10 und
efined on input line 565.


LaTeX Warning: Citation `Learning-Predictive-Beamforming-UAV-2020' on page 10 u
ndefined on input line 567.


LaTeX Warning: Citation `Deep-Learning-Calibrated-Beam-Training-2021' on page 1
0 undefined on input line 567.


LaTeX Warning: Citation `Deep-Learning-Beam-Tracking-2021' on page 10 undefined
 on input line 567.


LaTeX Warning: Citation `KF-LSTM-Beam-Tracking-UAV-2022' on page 10 undefined o
n input line 567.


LaTeX Warning: Citation `A-Deep-Learning-Framework-Beam-Selection-2022' on page
 10 undefined on input line 567.

[10]
Underfull \vbox (badness 10000) has occurred while \output is active

LaTeX Warning: Citation `Machine-Learning-Beam-Alignment-MIMO-2020' on page 11 
undefined on input line 570.


LaTeX Warning: Citation `A-Deep-Learning-Low-Overhead-Beam-Selection-2021' on p
age 11 undefined on input line 570.


LaTeX Warning: Citation `Deep-Learning-Multi-Finger-Beam-Training-2023' on page
 11 undefined on input line 570.


LaTeX Warning: Citation `Fraunhofer-Fresnel-Distances' on page 11 undefined on 
input line 570.


LaTeX Warning: Citation `Deep-Learning-Beam-Training-Large-Scale-2023' on page 
11 undefined on input line 570.

[11]

LaTeX Warning: Citation `Data-Driven-Analog-Beam-Selection-2018' on page 12 und
efined on input line 573.


LaTeX Warning: Citation `Machine-Learning-Analog-Beam-Selection-2020' on page 1
2 undefined on input line 573.


LaTeX Warning: Citation `Learning-Predictive-Transmitter-Receiver-Beam-Alignmen
t-2021' on page 12 undefined on input line 573.


LaTeX Warning: Citation `Machine-Learning-Assisted-Beam-Alignment-2021' on page
 12 undefined on input line 573.


LaTeX Warning: Citation `Novel-Design-User-Scheduling-Analog-Beam-Selection-202
2' on page 12 undefined on input line 573.


LaTeX Warning: Citation `Data-Driven-Analog-Beam-Selection-2018' on page 12 und
efined on input line 573.


LaTeX Warning: Citation `Novel-Design-User-Scheduling-Analog-Beam-Selection-202
2' on page 12 undefined on input line 573.


LaTeX Warning: Citation `Machine-Learning-Analog-Beam-Selection-2020' on page 1
2 undefined on input line 573.


LaTeX Warning: Citation `Multi-Armed-Bandit-Beam-Alignment-Tracking-2019' on pa
ge 12 undefined on input line 616.


LaTeX Warning: Citation `Fast-Beam-Alignment-Correlated-Bandit-2019' on page 12
 undefined on input line 616.


LaTeX Warning: Citation `Beam-Alignment-Tracking-Bandit-Learning-2020' on page 
12 undefined on input line 616.


LaTeX Warning: Citation `Beam-Alignment-Non-Stationary-Bandits-2020' on page 12
 undefined on input line 616.


LaTeX Warning: Citation `Context-and-Social-Aware-Online-Beam-Selection-2021' o
n page 12 undefined on input line 616.


LaTeX Warning: Citation `Beam-Drift-2021' on page 12 undefined on input line 61
6.


LaTeX Warning: Citation `User-Centric-Association-Ultra-Dense-mmWave-2021' on p
age 12 undefined on input line 616.


LaTeX Warning: Citation `Intelligent-Interactive-Beam-Training-2021' on page 12
 undefined on input line 616.


LaTeX Warning: Citation `Joint-Deep-Reinforcement-Learning-Unfolding-2021' on p
age 12 undefined on input line 616.


LaTeX Warning: Citation `Learning-Adaptation-Millimeter-Wave-Beam-Tracking-Trai
ning-2022' on page 12 undefined on input line 616.


LaTeX Warning: Citation `Zero-Shot-Adaptation-Beam-Tracking-2022' on page 12 un
defined on input line 616.


LaTeX Warning: Citation `Deep-Reinforcement-Learning-Blind-Alignment-2022' on p
age 12 undefined on input line 616.


LaTeX Warning: Citation `Deep-Recurrent-Q-Network-Beam-Tracking-2022' on page 1
2 undefined on input line 616.


LaTeX Warning: Citation `Training-Beam-Sequence-Design-2022' on page 12 undefin
ed on input line 616.


LaTeX Warning: Citation `Reinforcement-Learning-2018' on page 12 undefined on i
nput line 620.


LaTeX Warning: Reference `RL-BM' on page 12 undefined on input line 620.


LaTeX Warning: Citation `Introduction-Bandits' on page 12 undefined on input li
ne 623.


LaTeX Warning: Citation `Multi-Armed-Bandit-Beam-Alignment-Tracking-2019' on pa
ge 12 undefined on input line 623.


LaTeX Warning: Citation `Fast-Beam-Alignment-Correlated-Bandit-2019' on page 12
 undefined on input line 623.


LaTeX Warning: Citation `Beam-Alignment-Tracking-Bandit-Learning-2020' on page 
12 undefined on input line 623.


LaTeX Warning: Citation `Beam-Alignment-Non-Stationary-Bandits-2020' on page 12
 undefined on input line 623.


LaTeX Warning: Citation `Context-and-Social-Aware-Online-Beam-Selection-2021' o
n page 12 undefined on input line 623.


LaTeX Warning: Citation `Beam-Drift-2021' on page 12 undefined on input line 62
3.


LaTeX Warning: Citation `Multi-Armed-Bandit-Beam-Alignment-Tracking-2019' on pa
ge 12 undefined on input line 625.


LaTeX Warning: Citation `Fast-Beam-Alignment-Correlated-Bandit-2019' on page 12
 undefined on input line 625.


LaTeX Warning: Citation `Beam-Alignment-Tracking-Bandit-Learning-2020' on page 
12 undefined on input line 625.


LaTeX Warning: Citation `Fast-Beam-Alignment-Correlated-Bandit-2019' on page 12
 undefined on input line 625.


LaTeX Warning: Citation `Beam-Alignment-Tracking-Bandit-Learning-2020' on page 
12 undefined on input line 625.


LaTeX Warning: Citation `Beam-Alignment-Non-Stationary-Bandits-2020' on page 12
 undefined on input line 625.

[12]

LaTeX Warning: Citation `Context-and-Social-Aware-Online-Beam-Selection-2021' o
n page 13 undefined on input line 627.


LaTeX Warning: Citation `Beam-Drift-2021' on page 13 undefined on input line 62
7.


LaTeX Warning: Reference `fig:MDP' on page 13 undefined on input line 640.


LaTeX Warning: Citation `Reinforcement-Learning-2018' on page 13 undefined on i
nput line 640.

[13]

LaTeX Warning: Citation `Intelligent-Interactive-Beam-Training-2021' on page 14
 undefined on input line 642.


LaTeX Warning: Citation `Double-Q-Learning-2016' on page 14 undefined on input 
line 642.


LaTeX Warning: Citation `Joint-Deep-Reinforcement-Learning-Unfolding-2021' on p
age 14 undefined on input line 642.


LaTeX Warning: Citation `User-Centric-Association-Ultra-Dense-mmWave-2021' on p
age 14 undefined on input line 642.


LaTeX Warning: Citation `Deep-Recurrent-Q-Learning' on page 14 undefined on inp
ut line 642.


LaTeX Warning: Citation `Deep-Recurrent-Q-Network-Beam-Tracking-2022' on page 1
4 undefined on input line 642.


LaTeX Warning: Citation `Cost-Efficient-Beam-Management-Resource-Allocation-202
2' on page 14 undefined on input line 645.


LaTeX Warning: Citation `Deep-Reinforcement-Learning-Blind-Alignment-2022' on p
age 14 undefined on input line 645.


LaTeX Warning: Citation `Training-Beam-Sequence-Design-2022' on page 14 undefin
ed on input line 645.

[14]

LaTeX Warning: Citation `Edge-Artificial-Intelligence-6G-2022' on page 15 undef
ined on input line 652.


LaTeX Warning: Citation `AI-in-6G-2022' on page 15 undefined on input line 652.



LaTeX Warning: Citation `Distributed-Artificial-Intelligence-End-Edge-Cloud-202
3' on page 15 undefined on input line 652.


LaTeX Warning: Citation `Energy-Efficient-Mobile-Edge-Computing-2022' on page 1
5 undefined on input line 652.


LaTeX Warning: Citation `FL-2021' on page 15 undefined on input line 663.


LaTeX Warning: Citation `Fairness-Awar-Federated-Learning' on page 15 undefined
 on input line 663.


LaTeX Warning: Citation `Beam-Management-Ultra-Dense-mmWave-Network-2023' on pa
ge 15 undefined on input line 663.


LaTeX Warning: Citation `Federated-Learning-Hybrid-Beamforming-2020' on page 15
 undefined on input line 663.


LaTeX Warning: Citation `Federated-mmWave-Beam-Selection-LIDAR-2021' on page 15
 undefined on input line 663.


LaTeX Warning: Citation `Fully-Decentralized-Federated-Learning-On-Board-Missio
n-2021' on page 15 undefined on input line 663.


LaTeX Warning: Citation `Learning-Rate-Optimization-Federated-Learning-2021' on
 page 15 undefined on input line 663.


LaTeX Warning: Citation `Federated-Deep-Reinforcement-Learning-THz-Beam-Search-
2022' on page 15 undefined on input line 663.


LaTeX Warning: Citation `Backdoor-Federated-Learning-2022' on page 15 undefined
 on input line 663.


LaTeX Warning: Citation `Self-Supervised-Deep-Learning-Beam-Steering-2022' on p
age 15 undefined on input line 663.


LaTeX Warning: Citation `Over-the-Air-Federated-Multi-Task-Learning-2023' on pa
ge 15 undefined on input line 663.


LaTeX Warning: Reference `fig:Central-FL' on page 15 undefined on input line 66
5.


LaTeX Warning: Citation `Beam-Management-Ultra-Dense-mmWave-Network-2023' on pa
ge 15 undefined on input line 665.


LaTeX Warning: Citation `Communication-Efficient-Learning-2023' on page 15 unde
fined on input line 665.


LaTeX Warning: Citation `Federated-Learning-Hybrid-Beamforming-2020' on page 15
 undefined on input line 665.


LaTeX Warning: Citation `Federated-mmWave-Beam-Selection-LIDAR-2021' on page 15
 undefined on input line 665.


LaTeX Warning: Citation `Federated-Deep-Reinforcement-Learning-THz-Beam-Search-
2022' on page 15 undefined on input line 665.


LaTeX Warning: Citation `Federated-Learning-Over-the-Air-2020' on page 15 undef
ined on input line 665.


LaTeX Warning: Citation `Learning-Rate-Optimization-Federated-Learning-2021' on
 page 15 undefined on input line 665.


LaTeX Warning: Citation `Over-the-Air-Federated-Multi-Task-Learning-2023' on pa
ge 15 undefined on input line 665.


LaTeX Warning: Citation `Fully-Decentralized-Federated-Learning-On-Board-Missio
n-2021' on page 15 undefined on input line 668.


LaTeX Warning: Citation `AI-in-6G-2022' on page 15 undefined on input line 674.



LaTeX Warning: Citation `A-Privacy-Preserved-Split-Learning-2022' on page 15 un
defined on input line 674.

[15]

LaTeX Warning: Citation `Communication-Efficient-Distributed-Learning-2021' on 
page 16 undefined on input line 676.


LaTeX Warning: Citation `Survey-Transfer-Learning-2021' on page 16 undefined on
 input line 679.


LaTeX Warning: Citation `Beams-Selection-MmWave-Multi-Connection-2021' on page 
16 undefined on input line 679.


LaTeX Warning: Citation `Deep-Transfer-Learning-Location-Aware-2021' on page 16
 undefined on input line 679.


LaTeX Warning: Citation `Intelligent-Analog-Beam-Selection-Beamspace-Channel-Tr
acking-2023' on page 16 undefined on input line 679.


LaTeX Warning: Citation `Beams-Selection-MmWave-Multi-Connection-2021' on page 
16 undefined on input line 679.


LaTeX Warning: Citation `Deep-Transfer-Learning-Location-Aware-2021' on page 16
 undefined on input line 679.


LaTeX Warning: Citation `Intelligent-Analog-Beam-Selection-Beamspace-Channel-Tr
acking-2023' on page 16 undefined on input line 679.


Underfull \vbox (badness 10000) has occurred while \output is active
Underfull \vbox (badness 10000) has occurred while \output is active [16]

LaTeX Warning: Citation `Efficient-Parallel-Methods-2017' on page 17 undefined 
on input line 685.


LaTeX Warning: Citation `Optimal-Beam-Association-High-Mobility-2021' on page 1
7 undefined on input line 685.


LaTeX Warning: Citation `Joint-Beam-Training-Data-Transmission-Control-2022' on
 page 17 undefined on input line 685.


LaTeX Warning: Citation `Decentralized-Beamforming-Cell-Free-Massive-MIMO-2022'
 on page 17 undefined on input line 685.


LaTeX Warning: Citation `Radar-aided-beam-alignment-V2I-2016' on page 17 undefi
ned on input line 773.


LaTeX Warning: Citation `Passive-Radar-Roadside-Unit-2020' on page 17 undefined
 on input line 773.


LaTeX Warning: Citation `MIMO-Radar-mmWave-Channel-Estimation-2021' on page 17 
undefined on input line 773.


LaTeX Warning: Citation `Integrated-Scheduling-UAV-2022' on page 17 undefined o
n input line 773.


LaTeX Warning: Citation `DRL-Beam-Management-ISAC-HSR-2022' on page 17 undefine
d on input line 773.


LaTeX Warning: Citation `Radar-6G-Beam-Prediction-2022' on page 17 undefined on
 input line 773.


LaTeX Warning: Citation `An-Overview-80211bf-sensing-2022' on page 17 undefined
 on input line 773.


LaTeX Warning: Citation `Enhancing-THz-mmWave-Beam-Alignment-2022' on page 17 u
ndefined on input line 773.


LaTeX Warning: Citation `An-ISAC-based-Beam-Alignment-2022' on page 17 undefine
d on input line 773.


LaTeX Warning: Citation `Radar-Assisted-Predictive-Beamforming-2020' on page 17
 undefined on input line 773.


LaTeX Warning: Citation `Bayesian-Predictive-Beamforming-2021' on page 17 undef
ined on input line 773.


LaTeX Warning: Citation `Predictive-Beam-Tracking-Cooperative-Sensing-2021' on 
page 17 undefined on input line 773.


LaTeX Warning: Citation `A-Novel-ISAC-2022' on page 17 undefined on input line 
773.


LaTeX Warning: Citation `ISAC-V2I-beamforming-2022' on page 17 undefined on inp
ut line 773.


LaTeX Warning: Citation `Vehicular-Connectivity-Complex-Trajectories-2022' on p
age 17 undefined on input line 773.


LaTeX Warning: Citation `Motion-Sensor-Beam-Tracking-2018' on page 17 undefined
 on input line 773.


LaTeX Warning: Citation `LIDAR-Data-DL-2019' on page 17 undefined on input line
 773.


LaTeX Warning: Citation `3D-Scene-Beam-Selection-2020' on page 17 undefined on 
input line 773.


LaTeX Warning: Citation `Millimeter-Wave-Cameras-2020' on page 17 undefined on 
input line 773.


LaTeX Warning: Citation `Environment-Aware-Beam-Alignment-2021' on page 17 unde
fined on input line 773.


LaTeX Warning: Citation `Vision-Aided-Beam-Tracking-DL-2021' on page 17 undefin
ed on input line 773.


LaTeX Warning: Citation `Image-Index-2021' on page 17 undefined on input line 7
73.


LaTeX Warning: Citation `Vision-Aided-6G-Blockage-2021' on page 17 undefined on
 input line 773.


LaTeX Warning: Citation `Testbed-Performance-Evaluation-2022' on page 17 undefi
ned on input line 773.


LaTeX Warning: Citation `Camera-Sensing-Beam-Tracking-2022' on page 17 undefine
d on input line 773.


LaTeX Warning: Citation `Joint-Sensing-Communications-DRL-2022' on page 17 unde
fined on input line 773.


LaTeX Warning: Citation `Vision-Position-Multi-Modal-Beam-Prediction-2022' on p
age 17 undefined on input line 773.


LaTeX Warning: Citation `Computer-Vision-Beam-Tracking-Real-World-2022' on page
 17 undefined on input line 773.


LaTeX Warning: Citation `Towards-Real-World-6G-Drone-Communication-2022' on pag
e 17 undefined on input line 773.


LaTeX Warning: Citation `LIDAR-Position-Aided-mmWave-Beam-Selection-2022' on pa
ge 17 undefined on input line 773.


LaTeX Warning: Citation `Machine-Learning-Based-Vision-Aided-Beam-Selection-202
2' on page 17 undefined on input line 773.


LaTeX Warning: Citation `A-Personalized-Solution-2023' on page 17 undefined on 
input line 773.


LaTeX Warning: Citation `LiDAR-Future-Beam-Prediction-2023' on page 17 undefine
d on input line 773.


LaTeX Warning: Reference `ISAC-BM' on page 17 undefined on input line 779.


LaTeX Warning: Reference `fig:Use-Case-ISAC' on page 17 undefined on input line
 779.


LaTeX Warning: Citation `Radar-aided-beam-alignment-V2I-2016' on page 17 undefi
ned on input line 782.


LaTeX Warning: Citation `Passive-Radar-Roadside-Unit-2020' on page 17 undefined
 on input line 782.


LaTeX Warning: Citation `MIMO-Radar-mmWave-Channel-Estimation-2021' on page 17 
undefined on input line 782.


LaTeX Warning: Citation `Integrated-Scheduling-UAV-2022' on page 17 undefined o
n input line 782.


LaTeX Warning: Citation `DRL-Beam-Management-ISAC-HSR-2022' on page 17 undefine
d on input line 782.


LaTeX Warning: Citation `Radar-6G-Beam-Prediction-2022' on page 17 undefined on
 input line 782.


LaTeX Warning: Citation `Radar-aided-beam-alignment-V2I-2016' on page 17 undefi
ned on input line 784.


LaTeX Warning: Citation `Passive-Radar-Roadside-Unit-2020' on page 17 undefined
 on input line 784.


LaTeX Warning: Citation `MIMO-Radar-mmWave-Channel-Estimation-2021' on page 17 
undefined on input line 784.


LaTeX Warning: Citation `Integrated-Scheduling-UAV-2022' on page 17 undefined o
n input line 784.


LaTeX Warning: Citation `Radar-6G-Beam-Prediction-2022' on page 17 undefined on
 input line 784.


LaTeX Warning: Citation `DRL-Beam-Management-ISAC-HSR-2022' on page 17 undefine
d on input line 786.


LaTeX Warning: Citation `Multibeam-Joint-Communication-Radar-2019' on page 17 u
ndefined on input line 786.


LaTeX Warning: Citation `Multibeam-Design-ISAC-2020' on page 17 undefined on in
put line 786.


LaTeX Warning: Citation `DRL-Beam-Management-ISAC-HSR-2022' on page 17 undefine
d on input line 786.


LaTeX Warning: Citation `Multibeam-Joint-Communication-Radar-2019' on page 17 u
ndefined on input line 786.


LaTeX Warning: Citation `Multibeam-Design-ISAC-2020' on page 17 undefined on in
put line 786.

[17]
Underfull \vbox (badness 10000) has occurred while \output is active

LaTeX Warning: Citation `IEEE-Std-802.11bf' on page 18 undefined on input line 
800.


LaTeX Warning: Citation `An-Overview-80211bf-sensing-2022' on page 18 undefined
 on input line 800.


Underfull \vbox (badness 10000) has occurred while \output is active [18]

LaTeX Warning: Reference `fig:DMG-sensing' on page 19 undefined on input line 8
11.


Underfull \vbox (badness 4096) has occurred while \output is active [19]

LaTeX Warning: Citation `Integrated-Sensing-Communications-2022' on page 20 und
efined on input line 840.


LaTeX Warning: Citation `Perceptive-Mobile-Networks-2021' on page 20 undefined 
on input line 840.


LaTeX Warning: Citation `5G-PRS-Based-Sensing-2022' on page 20 undefined on inp
ut line 840.


LaTeX Warning: Citation `Enhancing-THz-mmWave-Beam-Alignment-2022' on page 20 u
ndefined on input line 840.


LaTeX Warning: Citation `An-ISAC-based-Beam-Alignment-2022' on page 20 undefine
d on input line 840.


LaTeX Warning: Citation `Enhancing-THz-mmWave-Beam-Alignment-2022' on page 20 u
ndefined on input line 840.


LaTeX Warning: Citation `An-ISAC-based-Beam-Alignment-2022' on page 20 undefine
d on input line 840.


LaTeX Warning: Citation `Perceptive-Mobile-Networks-2021' on page 20 undefined 
on input line 840.


LaTeX Warning: Citation `ISAC-signal-Survey-2023' on page 20 undefined on input
 line 844.


Underfull \vbox (badness 10000) has occurred while \output is active [20]

LaTeX Warning: Citation `Radar-Assisted-Predictive-Beamforming-2020' on page 21
 undefined on input line 847.


LaTeX Warning: Citation `Bayesian-Predictive-Beamforming-2021' on page 21 undef
ined on input line 847.


LaTeX Warning: Citation `Predictive-Beam-Tracking-Cooperative-Sensing-2021' on 
page 21 undefined on input line 847.


LaTeX Warning: Citation `A-Novel-ISAC-2022' on page 21 undefined on input line 
847.


LaTeX Warning: Citation `ISAC-V2I-beamforming-2022' on page 21 undefined on inp
ut line 847.


LaTeX Warning: Citation `Vehicular-Connectivity-Complex-Trajectories-2022' on p
age 21 undefined on input line 847.


LaTeX Warning: Citation `Radar-Assisted-Predictive-Beamforming-2020' on page 21
 undefined on input line 847.


LaTeX Warning: Citation `Bayesian-Predictive-Beamforming-2021' on page 21 undef
ined on input line 847.


LaTeX Warning: Citation `ISAC-V2I-beamforming-2022' on page 21 undefined on inp
ut line 848.


LaTeX Warning: Citation `Vehicular-Connectivity-Complex-Trajectories-2022' on p
age 21 undefined on input line 848.


LaTeX Warning: Citation `Radar-Assisted-Predictive-Beamforming-2020' on page 21
 undefined on input line 848.


LaTeX Warning: Citation `Predictive-Beam-Tracking-Cooperative-Sensing-2021' on 
page 21 undefined on input line 848.


LaTeX Warning: Citation `Predictive-Beam-Tracking-Cooperative-Sensing-2021' on 
page 21 undefined on input line 848.


LaTeX Warning: Citation `A-Novel-ISAC-2022' on page 21 undefined on input line 
848.


LaTeX Warning: Citation `Motion-Sensor-Beam-Tracking-2018' on page 21 undefined
 on input line 853.


LaTeX Warning: Citation `Environment-Aware-Beam-Alignment-2021' on page 21 unde
fined on input line 853.


LaTeX Warning: Citation `Joint-Sensing-Communications-DRL-2022' on page 21 unde
fined on input line 853.


LaTeX Warning: Citation `3D-Scene-Beam-Selection-2020' on page 21 undefined on 
input line 857.


LaTeX Warning: Citation `Millimeter-Wave-Cameras-2020' on page 21 undefined on 
input line 857.


LaTeX Warning: Citation `Vision-Aided-Beam-Tracking-DL-2021' on page 21 undefin
ed on input line 857.


LaTeX Warning: Citation `Image-Index-2021' on page 21 undefined on input line 8
57.


LaTeX Warning: Citation `Vision-Position-Multi-Modal-Beam-Prediction-2022' on p
age 21 undefined on input line 857.


LaTeX Warning: Citation `Computer-Vision-Beam-Tracking-Real-World-2022' on page
 21 undefined on input line 857.


LaTeX Warning: Citation `Towards-Real-World-6G-Drone-Communication-2022' on pag
e 21 undefined on input line 857.


LaTeX Warning: Citation `Vision-Aided-6G-Blockage-2021' on page 21 undefined on
 input line 857.


LaTeX Warning: Citation `Camera-Sensing-Beam-Tracking-2022' on page 21 undefine
d on input line 857.


LaTeX Warning: Citation `Testbed-Performance-Evaluation-2022' on page 21 undefi
ned on input line 857.


LaTeX Warning: Citation `Machine-Learning-Based-Vision-Aided-Beam-Selection-202
2' on page 21 undefined on input line 857.


LaTeX Warning: Citation `3D-Scene-Beam-Selection-2020' on page 21 undefined on 
input line 857.


LaTeX Warning: Citation `Millimeter-Wave-Cameras-2020' on page 21 undefined on 
input line 857.


LaTeX Warning: Citation `Vision-Aided-Beam-Tracking-DL-2021' on page 21 undefin
ed on input line 857.


LaTeX Warning: Citation `Image-Index-2021' on page 21 undefined on input line 8
57.


LaTeX Warning: Citation `Vision-Position-Multi-Modal-Beam-Prediction-2022' on p
age 21 undefined on input line 857.


LaTeX Warning: Citation `Computer-Vision-Beam-Tracking-Real-World-2022' on page
 21 undefined on input line 857.


LaTeX Warning: Citation `Towards-Real-World-6G-Drone-Communication-2022' on pag
e 21 undefined on input line 857.


LaTeX Warning: Citation `Vision-Aided-6G-Blockage-2021' on page 21 undefined on
 input line 857.


LaTeX Warning: Citation `Camera-Sensing-Beam-Tracking-2022' on page 21 undefine
d on input line 857.


LaTeX Warning: Citation `Testbed-Performance-Evaluation-2022' on page 21 undefi
ned on input line 857.

[21]

LaTeX Warning: Citation `Federated-mmWave-Beam-Selection-LIDAR-2021' on page 22
 undefined on input line 860.


LaTeX Warning: Citation `Backdoor-Federated-Learning-2022' on page 22 undefined
 on input line 860.


LaTeX Warning: Citation `A-Privacy-Preserved-Split-Learning-2022' on page 22 un
defined on input line 860.


LaTeX Warning: Citation `LIDAR-Data-DL-2019' on page 22 undefined on input line
 860.


LaTeX Warning: Citation `LIDAR-Position-Aided-mmWave-Beam-Selection-2022' on pa
ge 22 undefined on input line 860.


LaTeX Warning: Citation `A-Personalized-Solution-2023' on page 22 undefined on 
input line 860.


LaTeX Warning: Citation `LiDAR-Future-Beam-Prediction-2023' on page 22 undefine
d on input line 860.


LaTeX Warning: Citation `LIDAR-Data-DL-2019' on page 22 undefined on input line
 860.


LaTeX Warning: Citation `LIDAR-Position-Aided-mmWave-Beam-Selection-2022' on pa
ge 22 undefined on input line 860.


LaTeX Warning: Citation `LiDAR-Future-Beam-Prediction-2023' on page 22 undefine
d on input line 860.


LaTeX Warning: Citation `LIDAR-Data-DL-2019' on page 22 undefined on input line
 860.


LaTeX Warning: Citation `LIDAR-Position-Aided-mmWave-Beam-Selection-2022' on pa
ge 22 undefined on input line 860.


LaTeX Warning: Citation `LiDAR-Future-Beam-Prediction-2023' on page 22 undefine
d on input line 860.


LaTeX Warning: Citation `Fast-Beam-Training-IRS-2020' on page 22 undefined on i
nput line 919.


LaTeX Warning: Citation `Terahertz-MIMO-RIS-2021' on page 22 undefined on input
 line 919.


LaTeX Warning: Citation `Joint-Beam-Training-Positioning-RIS-2021' on page 22 u
ndefined on input line 919.


LaTeX Warning: Citation `Distributed-Beam-Training-2021' on page 22 undefined o
n input line 919.


LaTeX Warning: Citation `Multi-Path-Beam-Routing-RIS-2022' on page 22 undefined
 on input line 919.


LaTeX Warning: Citation `Beam-Training-Alignment-RIS-2022' on page 22 undefined
 on input line 919.


LaTeX Warning: Citation `Codebook-design-beam-training-RIS-2022' on page 22 und
efined on input line 919.


LaTeX Warning: Citation `Fast-Beam-Training-Alignment-IRS-2022' on page 22 unde
fined on input line 919.


Underfull \hbox (badness 1430) in paragraph at lines 919--919
\T1/ptm/m/n/8 antenna users, where all BS-user

LaTeX Warning: Citation `Real-Time-Beam-steering' on page 22 undefined on input
 line 919.


LaTeX Warning: Citation `RIS-Aided-Indoor-Beam-Alignment' on page 22 undefined 
on input line 919.


LaTeX Warning: Citation `Deep-Learning-THz-Drones' on page 22 undefined on inpu
t line 919.


LaTeX Warning: Citation `Active-Sensing-learning-2022' on page 22 undefined on 
input line 919.


LaTeX Warning: Citation `Enabling-Efficient-Blockage-Aware-Handover' on page 22
 undefined on input line 919.


LaTeX Warning: Citation `Low-overhead-Beam-Training-Large-Scale-RIS-2022' on pa
ge 22 undefined on input line 919.


LaTeX Warning: Citation `Stratified-Federated-Learning-Beamforming-Design-2023'
 on page 22 undefined on input line 919.


LaTeX Warning: Citation `Joint-Hybrid-3D-Beamforming-2022' on page 22 undefined
 on input line 919.


Underfull \hbox (badness 6157) in paragraph at lines 919--919
[]|\T1/ptm/m/n/8 An RIS-assisted THz multi-user

LaTeX Warning: Citation `Computer-Vision-Aided-RIS-Beam-Tracking' on page 22 un
defined on input line 919.


LaTeX Warning: Citation `Sensing-Aided-RIS-3GPP-5G' on page 22 undefined on inp
ut line 919.


Underfull \hbox (badness 1515) in paragraph at lines 919--919
\T1/ptm/m/n/8 antenna BS and a single-antenna

LaTeX Warning: Reference `fig:Use-Case-RIS' on page 22 undefined on input line 
923.


LaTeX Warning: Reference `RIS-BM' on page 22 undefined on input line 923.


LaTeX Warning: Citation `Fast-Beam-Training-IRS-2020' on page 22 undefined on i
nput line 933.


LaTeX Warning: Citation `Terahertz-MIMO-RIS-2021' on page 22 undefined on input
 line 933.


LaTeX Warning: Citation `Joint-Beam-Training-Positioning-RIS-2021' on page 22 u
ndefined on input line 933.


LaTeX Warning: Citation `Distributed-Beam-Training-2021' on page 22 undefined o
n input line 933.


LaTeX Warning: Citation `Multi-Path-Beam-Routing-RIS-2022' on page 22 undefined
 on input line 933.


LaTeX Warning: Citation `Beam-Training-Alignment-RIS-2022' on page 22 undefined
 on input line 933.


LaTeX Warning: Citation `Codebook-design-beam-training-RIS-2022' on page 22 und
efined on input line 933.


LaTeX Warning: Citation `Fast-Beam-Training-Alignment-IRS-2022' on page 22 unde
fined on input line 933.


LaTeX Warning: Reference `fig:Use-Case-RIS-beam-sweeping' on page 22 undefined 
on input line 933.


LaTeX Warning: Citation `Fast-Beam-Training-IRS-2020' on page 22 undefined on i
nput line 935.


LaTeX Warning: Citation `Terahertz-MIMO-RIS-2021' on page 22 undefined on input
 line 935.


LaTeX Warning: Citation `Distributed-Beam-Training-2021' on page 22 undefined o
n input line 935.


LaTeX Warning: Citation `Beam-Training-Alignment-RIS-2022' on page 22 undefined
 on input line 935.


LaTeX Warning: Citation `Fast-Beam-Training-Alignment-IRS-2022' on page 22 unde
fined on input line 935.


LaTeX Warning: Citation `Beam-Training-Alignment-RIS-2022' on page 22 undefined
 on input line 935.


LaTeX Warning: Citation `Terahertz-MIMO-RIS-2021' on page 22 undefined on input
 line 938.


LaTeX Warning: Citation `Beam-Training-Alignment-RIS-2022' on page 22 undefined
 on input line 938.


LaTeX Warning: Citation `Codebook-design-beam-training-RIS-2022' on page 22 und
efined on input line 938.


LaTeX Warning: Citation `Terahertz-MIMO-RIS-2021' on page 22 undefined on input
 line 938.


LaTeX Warning: Citation `Codebook-design-beam-training-RIS-2022' on page 22 und
efined on input line 938.


LaTeX Warning: Citation `Fast-Beam-Training-IRS-2020' on page 22 undefined on i
nput line 938.


LaTeX Warning: Citation `Terahertz-MIMO-RIS-2021' on page 22 undefined on input
 line 938.

[22]

LaTeX Warning: Citation `Fast-Beam-Training-IRS-2020' on page 23 undefined on i
nput line 941.


LaTeX Warning: Citation `Multi-Path-Beam-Routing-RIS-2022' on page 23 undefined
 on input line 941.


LaTeX Warning: Citation `Beam-Training-Alignment-RIS-2022' on page 23 undefined
 on input line 941.


LaTeX Warning: Citation `Fast-Beam-Training-Alignment-IRS-2022' on page 23 unde
fined on input line 941.


LaTeX Warning: Citation `Fast-Beam-Training-IRS-2020' on page 23 undefined on i
nput line 941.


LaTeX Warning: Citation `Multi-Path-Beam-Routing-RIS-2022' on page 23 undefined
 on input line 941.


LaTeX Warning: Citation `Beam-Training-Alignment-RIS-2022' on page 23 undefined
 on input line 941.


LaTeX Warning: Citation `Fast-Beam-Training-Alignment-IRS-2022' on page 23 unde
fined on input line 941.


Underfull \vbox (badness 10000) has occurred while \output is active

LaTeX Warning: Citation `Joint-Beam-Training-Positioning-RIS-2021' on page 23 u
ndefined on input line 944.


LaTeX Warning: Citation `Distributed-Beam-Training-2021' on page 23 undefined o
n input line 944.


LaTeX Warning: Citation `Differential-Data-Aided-Beam-Training' on page 23 unde
fined on input line 944.


LaTeX Warning: Citation `Enabling-Large-RIS-DL-2021' on page 23 undefined on in
put line 948.

[23]

LaTeX Warning: Citation `RIS-Multiuser-MISO-DRL-2020' on page 24 undefined on i
nput line 952.


LaTeX Warning: Citation `Millimeter-Wave-Communications-IR-DRL-2022' on page 24
 undefined on input line 952.


LaTeX Warning: Citation `ML-RIS-2022' on page 24 undefined on input line 952.


Underfull \vbox (badness 10000) has occurred while \output is active
Underfull \vbox (badness 10000) has occurred while \output is active [24]
Underfull \vbox (badness 6461) has occurred while \output is active

LaTeX Warning: Citation `Real-Time-Beam-steering' on page 25 undefined on input
 line 962.


LaTeX Warning: Citation `RIS-Aided-Indoor-Beam-Alignment' on page 25 undefined 
on input line 962.


LaTeX Warning: Citation `Deep-Learning-THz-Drones' on page 25 undefined on inpu
t line 962.


LaTeX Warning: Citation `Active-Sensing-learning-2022' on page 25 undefined on 
input line 962.


LaTeX Warning: Citation `Enabling-Efficient-Blockage-Aware-Handover' on page 25
 undefined on input line 962.


LaTeX Warning: Citation `Low-overhead-Beam-Training-Large-Scale-RIS-2022' on pa
ge 25 undefined on input line 962.


LaTeX Warning: Reference `fig:RIS-DRL' on page 25 undefined on input line 962.


LaTeX Warning: Citation `Real-Time-Beam-steering' on page 25 undefined on input
 line 962.


LaTeX Warning: Citation `RIS-Aided-Indoor-Beam-Alignment' on page 25 undefined 
on input line 962.


LaTeX Warning: Citation `Deep-Learning-THz-Drones' on page 25 undefined on inpu
t line 962.


LaTeX Warning: Citation `Active-Sensing-learning-2022' on page 25 undefined on 
input line 962.


LaTeX Warning: Citation `Enabling-Efficient-Blockage-Aware-Handover' on page 25
 undefined on input line 962.


LaTeX Warning: Citation `Low-overhead-Beam-Training-Large-Scale-RIS-2022' on pa
ge 25 undefined on input line 962.


LaTeX Warning: Citation `Enhanced-RIS-FL-2020' on page 25 undefined on input li
ne 964.


LaTeX Warning: Citation `Stratified-Federated-Learning-Beamforming-Design-2023'
 on page 25 undefined on input line 964.

[25]

LaTeX Warning: Citation `The-Rise-IRS-ISAC-2022' on page 26 undefined on input 
line 969.


LaTeX Warning: Citation `ISAC-RIS-2022' on page 26 undefined on input line 972.



LaTeX Warning: Citation `JCAS-RIS-mmWave-2022' on page 26 undefined on input li
ne 972.


LaTeX Warning: Citation `NOMA-RIS-ISAC-2022' on page 26 undefined on input line
 972.


LaTeX Warning: Citation `Joint-Beamforming-Design-RIS-ISAC' on page 26 undefine
d on input line 972.


LaTeX Warning: Citation `Resource-Allocation-RIS' on page 26 undefined on input
 line 972.


LaTeX Warning: Citation `Joint-Transmit-Reflective-Beamforming-RIS-ISAC' on pag
e 26 undefined on input line 972.


LaTeX Warning: Citation `Joint-Active-Passive-Beamforming-Design-HuaMeng' on pa
ge 26 undefined on input line 972.


LaTeX Warning: Citation `Joint-Hybrid-3D-Beamforming-2022' on page 26 undefined
 on input line 978.


LaTeX Warning: Citation `Computer-Vision-Aided-RIS-Beam-Tracking' on page 26 un
defined on input line 978.


LaTeX Warning: Citation `Computer-Vision-Aided-RIS-Beam-Tracking' on page 26 un
defined on input line 978.


LaTeX Warning: Citation `Sensing-Aided-RIS-3GPP-5G' on page 26 undefined on inp
ut line 978.

[26] [27]

LaTeX Warning: Citation `Meta-Learning-2020' on page 28 undefined on input line
 1004.


LaTeX Warning: Citation `R1-2301586' on page 28 undefined on input line 1008.

[28]

LaTeX Warning: Citation `Collaborative-Sensing-2022' on page 29 undefined on in
put line 1020.


LaTeX Warning: Citation `Federated-Sensing-2021' on page 29 undefined on input 
line 1020.

[29]

LaTeX Warning: Citation `Joint-Beam-Training-Positioning-RIS-2021' on page 30 u
ndefined on input line 1043.


LaTeX Warning: Citation `Enabling-Large-RIS-DL-2021' on page 30 undefined on in
put line 1046.


LaTeX Warning: Citation `Sensing-Aided-RIS-3GPP-5G' on page 30 undefined on inp
ut line 1046.


LaTeX Warning: Citation `Tensor-Algebraic-Channel-Estimation' on page 30 undefi
ned on input line 1046.


LaTeX Warning: Citation `Hybrid-Relay-Reflecting-2022' on page 30 undefined on 
input line 1046.


LaTeX Warning: Citation `Active-RIS-vs-Passive-2023' on page 30 undefined on in
put line 1046.


LaTeX Warning: Citation `RDARS-2023' on page 30 undefined on input line 1046.

[30]
No file 2308.02135_xelatex.bbl.
[31]
(/Users/jovyntan/Desktop/work/fyp/exploration/diff_test_tex_engines/bin/compile
d_tex_pdf/2308.02135/2308.02135_xelatex.aux)

LaTeX Font Warning: Some font shapes were not available, defaults substituted.


LaTeX Warning: There were undefined references.


LaTeX Warning: Label(s) may have changed. Rerun to get cross-references right.

 )
(see the transcript file for additional information)
Output written on /Users/jovyntan/Desktop/work/fyp/exploration/diff_test_tex_en
gines/bin/compiled_tex_pdf/2308.02135/2308.02135_xelatex.pdf (31 pages).
Transcript written on /Users/jovyntan/Desktop/work/fyp/exploration/diff_test_te
x_engines/bin/compiled_tex_pdf/2308.02135/2308.02135_xelatex.log.
