This is pdfTeX, Version 3.141592653-2.6-1.40.22 (TeX Live 2021) (preloaded format=pdflatex)
 restricted \write18 enabled.
entering extended mode
(./main.tex
LaTeX2e <2020-10-01> patch level 4
L3 programming layer <2021-02-18>
(/usr/local/texlive/2021/texmf-dist/tex/latex/base/article.cls
Document Class: article 2020/04/10 v1.4m Standard LaTeX document class
(/usr/local/texlive/2021/texmf-dist/tex/latex/base/size10.clo))
(/usr/local/texlive/2021/texmf-dist/tex/latex/base/fontenc.sty
(/usr/local/texlive/2021/texmf-dist/tex/latex/cyrillic/t2aenc.def
(/usr/local/texlive/2021/texmf-dist/tex/latex/base/t2aenc.dfu))
(/usr/local/texlive/2021/texmf-dist/tex/latex/cyrillic/t2acmr.fd))
(/usr/local/texlive/2021/texmf-dist/tex/latex/base/inputenc.sty)
(/usr/local/texlive/2021/texmf-dist/tex/generic/babel/babel.sty
(/usr/local/texlive/2021/texmf-dist/tex/generic/babel/babel.def
(/usr/local/texlive/2021/texmf-dist/tex/generic/babel/txtbabel.def))
(/usr/local/texlive/2021/texmf-dist/tex/generic/babel-russian/russianb.ldf)
(/usr/local/texlive/2021/texmf-dist/tex/generic/babel-english/english.ldf))
(/usr/local/texlive/2021/texmf-dist/tex/latex/amscls/amsthm.sty)
(/usr/local/texlive/2021/texmf-dist/tex/latex/amsfonts/amssymb.sty
(/usr/local/texlive/2021/texmf-dist/tex/latex/amsfonts/amsfonts.sty))
(/usr/local/texlive/2021/texmf-dist/tex/latex/amsmath/amsmath.sty
For additional information on amsmath, use the `?' option.
(/usr/local/texlive/2021/texmf-dist/tex/latex/amsmath/amstext.sty
(/usr/local/texlive/2021/texmf-dist/tex/latex/amsmath/amsgen.sty))
(/usr/local/texlive/2021/texmf-dist/tex/latex/amsmath/amsbsy.sty)
(/usr/local/texlive/2021/texmf-dist/tex/latex/amsmath/amsopn.sty))
(/usr/local/texlive/2021/texmf-dist/tex/latex/preprint/authblk.sty)
(/usr/local/texlive/2021/texmf-dist/tex/latex/graphics/graphicx.sty
(/usr/local/texlive/2021/texmf-dist/tex/latex/graphics/keyval.sty)
(/usr/local/texlive/2021/texmf-dist/tex/latex/graphics/graphics.sty
(/usr/local/texlive/2021/texmf-dist/tex/latex/graphics/trig.sty)
(/usr/local/texlive/2021/texmf-dist/tex/latex/graphics-cfg/graphics.cfg)
(/usr/local/texlive/2021/texmf-dist/tex/latex/graphics-def/pdftex.def)))
(/usr/local/texlive/2021/texmf-dist/tex/latex/l3backend/l3backend-pdftex.def)
No file 2308.01092_pdflatex.aux.
(/usr/local/texlive/2021/texmf-dist/tex/context/base/mkii/supp-pdf.mkii
[Loading MPS to PDF converter (version 2006.09.02).]
) (/usr/local/texlive/2021/texmf-dist/tex/latex/epstopdf-pkg/epstopdf-base.sty
(/usr/local/texlive/2021/texmf-dist/tex/latex/latexconfig/epstopdf-sys.cfg))
(/usr/local/texlive/2021/texmf-dist/tex/latex/amsfonts/umsa.fd)
(/usr/local/texlive/2021/texmf-dist/tex/latex/amsfonts/umsb.fd)

LaTeX Warning: Citation `shannon1948mathematical' on page 1 undefined on input 
line 29.

[1{/usr/local/texlive/2021/texmf-var/fonts/map/pdftex/updmap/pdftex.map}]

LaTeX Warning: Reference `shannonlimit' on page 2 undefined on input line 33.


LaTeX Warning: Citation `haus1991quantum' on page 2 undefined on input line 35.



LaTeX Warning: Reference `NLSE' on page 2 undefined on input line 39.


LaTeX Warning: Reference `NLSE' on page 2 undefined on input line 39.


LaTeX Warning: Reference `noisecorrelatortime' on page 2 undefined on input lin
e 44.


LaTeX Warning: Reference `NLSE' on page 2 undefined on input line 48.


LaTeX Warning: Citation `kramer2018autocorrelation' on page 2 undefined on inpu
t line 50.


LaTeX Warning: Citation `kramer2018autocorrelation' on page 2 undefined on inpu
t line 50.

[2]

LaTeX Warning: Citation `turitsyn2003information' on page 3 undefined on input 
line 52.


LaTeX Warning: Citation `terekhov2017log' on page 3 undefined on input line 52.



LaTeX Warning: Citation `panarin2017next' on page 3 undefined on input line 52.



LaTeX Warning: Citation `reznichenko2019log' on page 3 undefined on input line 
52.


LaTeX Warning: Citation `reznichenko2022optimal' on page 3 undefined on input l
ine 52.


LaTeX Warning: Citation `zinn2021quantum' on page 3 undefined on input line 52.



LaTeX Warning: Citation `martin1973statistical' on page 3 undefined on input li
ne 52.


LaTeX Warning: Citation `shtaif2022challenges' on page 3 undefined on input lin
e 54.


LaTeX Warning: Citation `reznichenko2022optimal' on page 3 undefined on input l
ine 56.


LaTeX Warning: Reference `NLSE' on page 3 undefined on input line 58.


LaTeX Warning: Citation `terekhov2016calculation' on page 3 undefined on input 
line 61.

[3]

LaTeX Warning: Citation `haus1991quantum' on page 4 undefined on input line 68.



LaTeX Warning: Citation `agrawal2000nonlinear' on page 4 undefined on input lin
e 68.


LaTeX Warning: Citation `menyuk1999application' on page 4 undefined on input li
ne 68.


LaTeX Warning: Citation `kodama1985optical' on page 4 undefined on input line 6
8.


LaTeX Warning: Reference `nlse2' on page 4 undefined on input line 72.


LaTeX Warning: Citation `haus1991quantum' on page 4 undefined on input line 72.



LaTeX Warning: Reference `correlators1' on page 4 undefined on input line 77.


LaTeX Warning: Reference `correlatorfreq' on page 4 undefined on input line 85.


[4]

LaTeX Warning: Reference `P_domega' on page 5 undefined on input line 99.


LaTeX Warning: Reference `P_domega' on page 5 undefined on input line 99.

[5]

LaTeX Warning: Citation `terekhov2014conditional' on page 6 undefined on input 
line 123.


LaTeX Warning: Reference `NLSE' on page 6 undefined on input line 127.


LaTeX Warning: Reference `P[Y|X]second' on page 6 undefined on input line 131.


LaTeX Warning: Citation `terekhov2014conditional' on page 6 undefined on input 
line 131.


LaTeX Warning: Citation `hochberg1999effective' on page 6 undefined on input li
ne 131.


LaTeX Warning: Citation `terekhov2014conditional' on page 6 undefined on input 
line 131.


LaTeX Warning: Reference `P[Y|X]second' on page 6 undefined on input line 131.

[6]

LaTeX Warning: Reference `ELproblem' on page 7 undefined on input line 158.


LaTeX Warning: Reference `ELproblem' on page 7 undefined on input line 158.


LaTeX Warning: Reference `NLSE' on page 7 undefined on input line 158.


LaTeX Warning: Reference `ELproblem' on page 7 undefined on input line 170.

[7]

LaTeX Warning: Reference `phiproblem' on page 8 undefined on input line 177.


LaTeX Warning: Reference `ELproblem' on page 8 undefined on input line 204.


LaTeX Warning: Citation `terekhov2017log' on page 8 undefined on input line 212
.


LaTeX Warning: Reference `kappa0problem' on page 8 undefined on input line 212.



LaTeX Warning: Reference `kappa0problem' on page 8 undefined on input line 217.


[8]

LaTeX Warning: Reference `AfunctionF' on page 9 undefined on input line 225.


LaTeX Warning: Reference `S_0clintegral' on page 9 undefined on input line 246.


[9]

LaTeX Warning: Reference `S_cl0integraltilde' on page 10 undefined on input lin
e 293.


LaTeX Warning: Reference `subsYtildeY' on page 10 undefined on input line 293.


LaTeX Warning: Reference `a1' on page 10 undefined on input line 298.


LaTeX Warning: Reference `a11' on page 10 undefined on input line 298.


LaTeX Warning: Reference `Aij' on page 10 undefined on input line 298.


LaTeX Warning: Reference `Bsumsofbs' on page 10 undefined on input line 298.


LaTeX Warning: Reference `P_domega' on page 10 undefined on input line 300.


LaTeX Warning: Reference `P_domegatilde' on page 10 undefined on input line 300
.


LaTeX Warning: Reference `hierarchy' on page 10 undefined on input line 300.

[10]

LaTeX Warning: Reference `subsYtildeY' on page 11 undefined on input line 306.


LaTeX Warning: Reference `Ythroughy' on page 11 undefined on input line 314.


LaTeX Warning: Reference `Yomega' on page 11 undefined on input line 330.


Overfull \hbox (14.39021pt too wide) in paragraph at lines 329--331
\T2A/cmr/m/n/10 Now we re-call that the in-put sig-nal van-ishes out-side of th
e time in-ter-val $\OT1/cmr/m/n/10 [\OMS/cmsy/m/n/10 ^^@\OML/cmm/m/it/10 T=\OT1
/cmr/m/n/10 2; \OML/cmm/m/it/10 T=\OT1/cmr/m/n/10 2]$\T2A/cmr/m/n/10 ,

Overfull \hbox (1.33818pt too wide) detected at line 342
[]
[11]

LaTeX Warning: Reference `P_domega' on page 12 undefined on input line 344.


LaTeX Warning: Reference `P_domegatilde' on page 12 undefined on input line 344
.


LaTeX Warning: Reference `Yomega' on page 12 undefined on input line 344.


LaTeX Warning: Reference `Yomegayomega' on page 12 undefined on input line 348.



LaTeX Warning: Reference `P_domegatilde' on page 12 undefined on input line 348
.


LaTeX Warning: Reference `P_domega' on page 12 undefined on input line 348.


LaTeX Warning: Reference `P_domegatilde' on page 12 undefined on input line 355
.


LaTeX Warning: Reference `Pdtildet' on page 12 undefined on input line 363.

[12]

LaTeX Warning: Reference `Pdtildet' on page 13 undefined on input line 374.


LaTeX Warning: Reference `Pdtildet' on page 13 undefined on input line 376.


LaTeX Warning: Reference `tildelambda' on page 13 undefined on input line 376.


LaTeX Warning: Reference `Pdtildet' on page 13 undefined on input line 388.

[13]

LaTeX Warning: Reference `H[Ytilde|X]' on page 14 undefined on input line 405.


LaTeX Warning: Reference `curbrackets' on page 14 undefined on input line 410.


LaTeX Warning: Citation `terekhov2016calculation' on page 14 undefined on input
 line 428.

[14]

LaTeX Warning: Reference `subsYtildeY' on page 15 undefined on input line 433.


LaTeX Warning: Reference `H[Ytilde]' on page 15 undefined on input line 437.


LaTeX Warning: Reference `backsubstitution' on page 15 undefined on input line 
441.


LaTeX Warning: Citation `novikov1984theory' on page 15 undefined on input line 
441.


LaTeX Warning: Reference `H[Ytilde|X]' on page 15 undefined on input line 447.


LaTeX Warning: Reference `H[Ytilde]' on page 15 undefined on input line 447.


LaTeX Warning: Reference `tildelambda' on page 15 undefined on input line 452.


Overfull \hbox (4.07416pt too wide) in paragraph at lines 464--464
\T2A/cmr/bx/n/14.4 nal dis-tri-bu-tion with the re-strained sig-nal band-

LaTeX Warning: Reference `mutualinformation' on page 15 undefined on input line
 465.

[15]

LaTeX Warning: Reference `P0input' on page 16 undefined on input line 473.


LaTeX Warning: Reference `P0input' on page 16 undefined on input line 473.


LaTeX Warning: Reference `powerintegral' on page 16 undefined on input line 481
.


LaTeX Warning: Reference `xiequation' on page 16 undefined on input line 485.


LaTeX Warning: Reference `PXosc' on page 16 undefined on input line 498.


LaTeX Warning: Reference `PXosc' on page 16 undefined on input line 498.

[16]

LaTeX Warning: Reference `SXactionosc' on page 17 undefined on input line 510.


LaTeX Warning: Reference `PXthroughS' on page 17 undefined on input line 510.


LaTeX Warning: Reference `mutualinformation' on page 17 undefined on input line
 512.


LaTeX Warning: Reference `PXthroughS' on page 17 undefined on input line 512.


LaTeX Warning: Reference `generaldisc' on page 17 undefined on input line 516.


LaTeX Warning: Reference `Cnualpha' on page 17 undefined on input line 521.


LaTeX Warning: Reference `boundaryconditions' on page 17 undefined on input lin
e 521.


LaTeX Warning: Reference `mutualinformation' on page 17 undefined on input line
 521.


LaTeX Warning: Reference `widthintegral' on page 17 undefined on input line 521
.


LaTeX Warning: Reference `mutualinformation' on page 17 undefined on input line
 523.


LaTeX Warning: Reference `SXactionosc' on page 17 undefined on input line 523.

[17]

LaTeX Warning: Reference `firstintegral5' on page 18 undefined on input line 54
2.


LaTeX Warning: Reference `fintegral5' on page 18 undefined on input line 542.


LaTeX Warning: Reference `averagesresult' on page 18 undefined on input line 54
8.


LaTeX Warning: Reference `averagesresult' on page 18 undefined on input line 55
0.


LaTeX Warning: Reference `mutualinformation' on page 18 undefined on input line
 550.

[18]

LaTeX Warning: Reference `Iddefinition' on page 19 undefined on input line 583.



LaTeX Warning: Reference `IXdefinition' on page 19 undefined on input line 590.


[19 <./graphics/Id.pdf>] [20 <./graphics/IX.pdf> <./graphics/IdIX.pdf

pdfTeX warning: pdflatex (file ./graphics/IdIX.pdf): PDF inclusion: multiple pd
fs with page group included in a single page
>] [21 <./graphics/10ratioI.pdf> <./graphics/Gratios.pdf

pdfTeX warning: pdflatex (file ./graphics/Gratios.pdf): PDF inclusion: multiple
 pdfs with page group included in a single page
>]

LaTeX Warning: Reference `Pdtildet' on page 22 undefined on input line 632.


LaTeX Warning: Reference `PXosc' on page 22 undefined on input line 634.


LaTeX Warning: Reference `mutualinformation' on page 22 undefined on input line
 634.


LaTeX Warning: Reference `5r1definition' on page 22 undefined on input line 636
.

[22]

LaTeX Warning: Reference `3action' on page 23 undefined on input line 643.


LaTeX Warning: Reference `kappa0eqs' on page 23 undefined on input line 647.


LaTeX Warning: Reference `Aboundaryproblem' on page 23 undefined on input line 
664.

[23]
Overfull \hbox (5.61024pt too wide) detected at line 683
[]

LaTeX Warning: Reference `AGFfunc' on page 24 undefined on input line 684.


LaTeX Warning: Reference `AGFbarfunc' on page 24 undefined on input line 684.

[24]

LaTeX Warning: Reference `Pdtildet' on page 25 undefined on input line 753.


LaTeX Warning: Reference `P[Y|X]quas' on page 25 undefined on input line 753.

[25]

LaTeX Warning: Reference `subsYtildeY' on page 26 undefined on input line 757.


LaTeX Warning: Reference `a1' on page 26 undefined on input line 766.


LaTeX Warning: Reference `a11' on page 26 undefined on input line 766.


LaTeX Warning: Reference `Aij' on page 26 undefined on input line 766.

[26] [27]

LaTeX Warning: Reference `BP[Y|X]initial' on page 28 undefined on input line 86
0.


LaTeX Warning: Reference `Bfreqs' on page 28 undefined on input line 860.


LaTeX Warning: Reference `P_domegatilde' on page 28 undefined on input line 875
.

[28]

LaTeX Warning: Reference `BPdtildeomega0' on page 29 undefined on input line 90
9.


LaTeX Warning: Reference `Byvector' on page 29 undefined on input line 909.


LaTeX Warning: Reference `Bblockmatrices1' on page 29 undefined on input line 9
24.


LaTeX Warning: Reference `Bblockmatrices2' on page 29 undefined on input line 9
24.

[29]

LaTeX Warning: Reference `Bsmallbddefinition' on page 30 undefined on input lin
e 963.


LaTeX Warning: Reference `Bnormcondition' on page 30 undefined on input line 96
9.


LaTeX Warning: Reference `Lformula1' on page 30 undefined on input line 969.


LaTeX Warning: Reference `Lformula2' on page 30 undefined on input line 969.


LaTeX Warning: Reference `Bnormfactor0' on page 30 undefined on input line 979.



LaTeX Warning: Reference `Bnormfactor1' on page 30 undefined on input line 979.



LaTeX Warning: Reference `BPdtildeomega0' on page 30 undefined on input line 97
9.

[30]

LaTeX Warning: Reference `BPdtildeomega1' on page 31 undefined on input line 99
3.


LaTeX Warning: Reference `Bnormcondition' on page 31 undefined on input line 99
3.


LaTeX Warning: Reference `Bcoarsefourier' on page 31 undefined on input line 10
01.


LaTeX Warning: Reference `BPdtildeomega1' on page 31 undefined on input line 10
01.

[31]

LaTeX Warning: Reference `BtildePDFshort' on page 32 undefined on input line 10
12.


LaTeX Warning: Reference `Bcoarsefourier' on page 32 undefined on input line 10
12.


LaTeX Warning: Reference `BLambdad1omega' on page 32 undefined on input line 10
25.


LaTeX Warning: Reference `Bbmatrix' on page 32 undefined on input line 1025.


LaTeX Warning: Reference `BLambdad1omega' on page 32 undefined on input line 10
30.

[32]

LaTeX Warning: Reference `Trbd1' on page 33 undefined on input line 1035.


LaTeX Warning: Reference `Bsumsofbs' on page 33 undefined on input line 1042.


LaTeX Warning: Reference `Bfinalnormfactors' on page 33 undefined on input line
 1048.

[33]

LaTeX Warning: Reference `Cactionab' on page 34 undefined on input line 1068.


LaTeX Warning: Citation `kleinert2009path' on page 34 undefined on input line 1
068.


LaTeX Warning: Reference `Cintegrals' on page 34 undefined on input line 1068.


LaTeX Warning: Reference `Cintegrals' on page 34 undefined on input line 1079.


LaTeX Warning: Reference `Cactionab' on page 34 undefined on input line 1086.


LaTeX Warning: Reference `correlatorscont' on page 34 undefined on input line 1
093.


LaTeX Warning: Reference `disccorrelator' on page 34 undefined on input line 10
98.


LaTeX Warning: Reference `oscaction' on page 34 undefined on input line 1098.

[34]

LaTeX Warning: Reference `firstaverage' on page 35 undefined on input line 1107
.


LaTeX Warning: Reference `firstaverage' on page 35 undefined on input line 1107
.


LaTeX Warning: Reference `oscaction' on page 35 undefined on input line 1115.


LaTeX Warning: Reference `averagedeltaf' on page 35 undefined on input line 111
5.


LaTeX Warning: Reference `oldintegral' on page 35 undefined on input line 1119.



LaTeX Warning: Reference `averagedeltaf' on page 35 undefined on input line 112
8.

[35]

LaTeX Warning: Reference `firsttermfmu' on page 36 undefined on input line 1138
.


LaTeX Warning: Reference `disccorrelator' on page 36 undefined on input line 11
53.


LaTeX Warning: Reference `faveragedisc' on page 36 undefined on input line 1153
.


LaTeX Warning: Reference `correlatorscont' on page 36 undefined on input line 1
153.


LaTeX Warning: Reference `seconddercorr' on page 36 undefined on input line 115
8.

[36]

LaTeX Warning: Reference `CDDmatrix' on page 37 undefined on input line 1172.


LaTeX Warning: Reference `Cvvectors' on page 37 undefined on input line 1180.

[37]

LaTeX Warning: Reference `Cvvectors' on page 38 undefined on input line 1202.


LaTeX Warning: Reference `CDonvectors' on page 38 undefined on input line 1206.



LaTeX Warning: Reference `CDDonQ' on page 38 undefined on input line 1206.


Overfull \hbox (2.21329pt too wide) detected at line 1211
[]

LaTeX Warning: Reference `Csingular' on page 38 undefined on input line 1218.


LaTeX Warning: Reference `Cbandwidthsing' on page 38 undefined on input line 12
18.


LaTeX Warning: Reference `Csingular' on page 38 undefined on input line 1218.


LaTeX Warning: Reference `Csingularremoved' on page 38 undefined on input line 
1223.

[38]

LaTeX Warning: Reference `3fren' on page 39 undefined on input line 1229.


LaTeX Warning: Reference `3fren' on page 39 undefined on input line 1229.


LaTeX Warning: Reference `3firstsum' on page 39 undefined on input line 1233.


LaTeX Warning: Reference `3firstsum' on page 39 undefined on input line 1246.


LaTeX Warning: Reference `3secondsum' on page 39 undefined on input line 1252.


LaTeX Warning: Reference `3fren' on page 39 undefined on input line 1257.

[39]

LaTeX Warning: Reference `faveragecont' on page 40 undefined on input line 1263
.


LaTeX Warning: Reference `3momegaPTrelations' on page 40 undefined on input lin
e 1278.

No file 2308.01092_pdflatex.bbl.
[40]
(/Users/jovyntan/Desktop/work/fyp/exploration/diff_test_tex_engines/bin/compile
d_tex_pdf/2308.01092/2308.01092_pdflatex.aux)

LaTeX Warning: There were undefined references.


LaTeX Warning: Label(s) may have changed. Rerun to get cross-references right.

 )
(see the transcript file for additional information){/usr/local/texlive/2021/te
xmf-dist/fonts/enc/dvips/cm-super/cm-super-t2a.enc}</usr/local/texlive/2021/tex
mf-dist/fonts/type1/public/amsfonts/cm/cmex10.pfb></usr/local/texlive/2021/texm
f-dist/fonts/type1/public/amsfonts/cm/cmmi10.pfb></usr/local/texlive/2021/texmf
-dist/fonts/type1/public/amsfonts/cm/cmmi12.pfb></usr/local/texlive/2021/texmf-
dist/fonts/type1/public/amsfonts/cm/cmmi5.pfb></usr/local/texlive/2021/texmf-di
st/fonts/type1/public/amsfonts/cm/cmmi7.pfb></usr/local/texlive/2021/texmf-dist
/fonts/type1/public/amsfonts/cm/cmmi8.pfb></usr/local/texlive/2021/texmf-dist/f
onts/type1/public/amsfonts/cm/cmr10.pfb></usr/local/texlive/2021/texmf-dist/fon
ts/type1/public/amsfonts/cm/cmr12.pfb></usr/local/texlive/2021/texmf-dist/fonts
/type1/public/amsfonts/cm/cmr5.pfb></usr/local/texlive/2021/texmf-dist/fonts/ty
pe1/public/amsfonts/cm/cmr7.pfb></usr/local/texlive/2021/texmf-dist/fonts/type1
/public/amsfonts/cm/cmr9.pfb></usr/local/texlive/2021/texmf-dist/fonts/type1/pu
blic/amsfonts/cm/cmsy10.pfb></usr/local/texlive/2021/texmf-dist/fonts/type1/pub
lic/amsfonts/cm/cmsy5.pfb></usr/local/texlive/2021/texmf-dist/fonts/type1/publi
c/amsfonts/cm/cmsy7.pfb></usr/local/texlive/2021/texmf-dist/fonts/type1/public/
amsfonts/symbols/msam10.pfb></usr/local/texlive/2021/texmf-dist/fonts/type1/pub
lic/amsfonts/symbols/msbm10.pfb></usr/local/texlive/2021/texmf-dist/fonts/type1
/public/cm-super/sfbx0900.pfb></usr/local/texlive/2021/texmf-dist/fonts/type1/p
ublic/cm-super/sfbx1000.pfb></usr/local/texlive/2021/texmf-dist/fonts/type1/pub
lic/cm-super/sfbx1200.pfb></usr/local/texlive/2021/texmf-dist/fonts/type1/publi
c/cm-super/sfbx1440.pfb></usr/local/texlive/2021/texmf-dist/fonts/type1/public/
cm-super/sfrm0700.pfb></usr/local/texlive/2021/texmf-dist/fonts/type1/public/cm
-super/sfrm0800.pfb></usr/local/texlive/2021/texmf-dist/fonts/type1/public/cm-s
uper/sfrm0900.pfb></usr/local/texlive/2021/texmf-dist/fonts/type1/public/cm-sup
er/sfrm1000.pfb></usr/local/texlive/2021/texmf-dist/fonts/type1/public/cm-super
/sfrm1200.pfb></usr/local/texlive/2021/texmf-dist/fonts/type1/public/cm-super/s
frm1728.pfb>
Output written on /Users/jovyntan/Desktop/work/fyp/exploration/diff_test_tex_en
gines/bin/compiled_tex_pdf/2308.01092/2308.01092_pdflatex.pdf (40 pages, 569274
 bytes).
Transcript written on /Users/jovyntan/Desktop/work/fyp/exploration/diff_test_te
x_engines/bin/compiled_tex_pdf/2308.01092/2308.01092_pdflatex.log.
