This is pdfTeX, Version 3.141592653-2.6-1.40.22 (TeX Live 2021) (preloaded format=pdflatex)
 restricted \write18 enabled.
entering extended mode
(./cellfree.tex
LaTeX2e <2020-10-01> patch level 4
L3 programming layer <2021-02-18>
(/usr/local/texlive/2021/texmf-dist/tex/latex/IEEEtran/IEEEtran.cls
Document Class: IEEEtran 2015/08/26 V1.8b by Michael Shell
-- See the "IEEEtran_HOWTO" manual for usage information.
-- http://www.michaelshell.org/tex/ieeetran/
(/usr/local/texlive/2021/texmf-dist/tex/latex/psnfss/ot1ptm.fd)
-- Using 8.5in x 11in (letter) paper.
-- Using PDF output.
-- This is a 10 point document.
) (/usr/local/texlive/2021/texmf-dist/tex/latex/graphics/graphicx.sty
(/usr/local/texlive/2021/texmf-dist/tex/latex/graphics/keyval.sty)
(/usr/local/texlive/2021/texmf-dist/tex/latex/graphics/graphics.sty
(/usr/local/texlive/2021/texmf-dist/tex/latex/graphics/trig.sty)
(/usr/local/texlive/2021/texmf-dist/tex/latex/graphics-cfg/graphics.cfg)
(/usr/local/texlive/2021/texmf-dist/tex/latex/graphics-def/pdftex.def)))
(/usr/local/texlive/2021/texmf-dist/tex/latex/amsmath/amsmath.sty
For additional information on amsmath, use the `?' option.
(/usr/local/texlive/2021/texmf-dist/tex/latex/amsmath/amstext.sty
(/usr/local/texlive/2021/texmf-dist/tex/latex/amsmath/amsgen.sty))
(/usr/local/texlive/2021/texmf-dist/tex/latex/amsmath/amsbsy.sty)
(/usr/local/texlive/2021/texmf-dist/tex/latex/amsmath/amsopn.sty))
(/usr/local/texlive/2021/texmf-dist/tex/latex/cite/cite.sty)
(/usr/local/texlive/2021/texmf-dist/tex/latex/l3backend/l3backend-pdftex.def)
No file 2308.03547_pdflatex.aux.
-- Lines per column: 58 (exact).
(/usr/local/texlive/2021/texmf-dist/tex/context/base/mkii/supp-pdf.mkii
[Loading MPS to PDF converter (version 2006.09.02).]
) (/usr/local/texlive/2021/texmf-dist/tex/latex/epstopdf-pkg/epstopdf-base.sty
(/usr/local/texlive/2021/texmf-dist/tex/latex/latexconfig/epstopdf-sys.cfg))

LaTeX Warning: Citation `naylm17' on page 1 undefined on input line 56.


LaTeX Warning: Citation `naylm17' on page 1 undefined on input line 77.


LaTeX Warning: Reference `contr' on page 1 undefined on input line 101.


LaTeX Warning: Reference `smod' on page 1 undefined on input line 103.


LaTeX Warning: Citation `naylm17' on page 1 undefined on input line 103.


LaTeX Warning: Reference `alg' on page 1 undefined on input line 104.


LaTeX Warning: Reference `rslt' on page 1 undefined on input line 105.


LaTeX Warning: Citation `naylm17' on page 1 undefined on input line 111.


LaTeX Warning: Citation `lzja20' on page 1 undefined on input line 112.


LaTeX Warning: Citation `bdfzf21' on page 1 undefined on input line 112.


LaTeX Warning: Citation `zhlw21' on page 1 undefined on input line 112.


LaTeX Warning: Citation `qzj22' on page 1 undefined on input line 113.


LaTeX Warning: Citation `lzja20' on page 1 undefined on input line 113.


LaTeX Warning: Citation `bdfzf21' on page 1 undefined on input line 113.


LaTeX Warning: Citation `zhlw21' on page 1 undefined on input line 113.


LaTeX Warning: Citation `lzja20' on page 1 undefined on input line 116.


LaTeX Warning: Citation `bdfzf21' on page 1 undefined on input line 116.


LaTeX Warning: Reference `intr' on page 1 undefined on input line 119.


LaTeX Warning: Citation `zhlw21' on page 1 undefined on input line 126.

[1{/usr/local/texlive/2021/texmf-var/fonts/map/pdftex/updmap/pdftex.map}]

LaTeX Warning: Reference `intr' on page 2 undefined on input line 134.


LaTeX Warning: Reference `rslt' on page 2 undefined on input line 139.


LaTeX Warning: Citation `naylm17' on page 2 undefined on input line 159.


LaTeX Warning: Reference `sinr' on page 2 undefined on input line 200.


LaTeX Warning: Reference `cvx1' on page 2 undefined on input line 215.


LaTeX Warning: Reference `cvx2' on page 2 undefined on input line 216.


LaTeX Warning: Citation `naylm17' on page 2 undefined on input line 223.


LaTeX Warning: Reference `intr' on page 2 undefined on input line 238.


LaTeX Warning: Citation `kkbh08' on page 2 undefined on input line 251.

[2]

LaTeX Warning: Reference `weight-init' on page 3 undefined on input line 274.


LaTeX Warning: Reference `weight-general' on page 3 undefined on input line 276
.


LaTeX Warning: Reference `sumSvk' on page 3 undefined on input line 288.


LaTeX Warning: Reference `laststep' on page 3 undefined on input line 299.


LaTeX Warning: Reference `firstinloop' on page 3 undefined on input line 316.


LaTeX Warning: Citation `kkbh08' on page 3 undefined on input line 321.


LaTeX Warning: Citation `kkbh08' on page 3 undefined on input line 328.


LaTeX Warning: Reference `lemma1' on page 3 undefined on input line 335.


LaTeX Warning: Reference `contamination' on page 3 undefined on input line 349.



LaTeX Warning: Reference `intr' on page 3 undefined on input line 349.


LaTeX Warning: Reference `firstinloop' on page 3 undefined on input line 355.


LaTeX Warning: Reference `cost2a' on page 3 undefined on input line 356.


LaTeX Warning: Reference `cost2b' on page 3 undefined on input line 356.


LaTeX Warning: Reference `firstinloop' on page 3 undefined on input line 357.


LaTeX Warning: Reference `lastinloop' on page 3 undefined on input line 357.


LaTeX Warning: Reference `firstinloop' on page 3 undefined on input line 361.


LaTeX Warning: Citation `abss15' on page 3 undefined on input line 361.


LaTeX Warning: Reference `cost2a' on page 3 undefined on input line 362.


LaTeX Warning: Reference `cost2b' on page 3 undefined on input line 362.


LaTeX Warning: Reference `tab1' on page 3 undefined on input line 374.


LaTeX Warning: Citation `mlyn16' on page 3 undefined on input line 378.

(./table1.tex)

LaTeX Warning: Reference `weight-init' on page 3 undefined on input line 395.


LaTeX Warning: Reference `figsinr' on page 3 undefined on input line 396.


LaTeX Warning: Reference `figrate' on page 3 undefined on input line 396.

[3]

LaTeX Warning: Reference `jump' on page 4 undefined on input line 425.


LaTeX Warning: Reference `rate' on page 4 undefined on input line 426.

No file 2308.03547_pdflatex.bbl.
[4 <./sinr.png> <./rate.png>]
(/Users/jovyntan/Desktop/work/fyp/exploration/diff_test_tex_engines/bin/compile
d_tex_pdf/2308.03547/2308.03547_pdflatex.aux)

LaTeX Warning: There were undefined references.


LaTeX Warning: Label(s) may have changed. Rerun to get cross-references right.

 ){/usr/local/texlive/2021/texmf-dist/fonts/enc/dvips/base/8r.enc}</usr/local/t
exlive/2021/texmf-dist/fonts/type1/public/amsfonts/cm/cmbx9.pfb></usr/local/tex
live/2021/texmf-dist/fonts/type1/public/amsfonts/cm/cmex10.pfb></usr/local/texl
ive/2021/texmf-dist/fonts/type1/public/amsfonts/cm/cmmi10.pfb></usr/local/texli
ve/2021/texmf-dist/fonts/type1/public/amsfonts/cm/cmmi5.pfb></usr/local/texlive
/2021/texmf-dist/fonts/type1/public/amsfonts/cm/cmmi7.pfb></usr/local/texlive/2
021/texmf-dist/fonts/type1/public/amsfonts/cm/cmmi8.pfb></usr/local/texlive/202
1/texmf-dist/fonts/type1/public/amsfonts/cm/cmr10.pfb></usr/local/texlive/2021/
texmf-dist/fonts/type1/public/amsfonts/cm/cmr5.pfb></usr/local/texlive/2021/tex
mf-dist/fonts/type1/public/amsfonts/cm/cmr6.pfb></usr/local/texlive/2021/texmf-
dist/fonts/type1/public/amsfonts/cm/cmr7.pfb></usr/local/texlive/2021/texmf-dis
t/fonts/type1/public/amsfonts/cm/cmr8.pfb></usr/local/texlive/2021/texmf-dist/f
onts/type1/public/amsfonts/cm/cmsy10.pfb></usr/local/texlive/2021/texmf-dist/fo
nts/type1/public/amsfonts/cm/cmsy5.pfb></usr/local/texlive/2021/texmf-dist/font
s/type1/public/amsfonts/cm/cmsy6.pfb></usr/local/texlive/2021/texmf-dist/fonts/
type1/public/amsfonts/cm/cmsy7.pfb></usr/local/texlive/2021/texmf-dist/fonts/ty
pe1/public/amsfonts/cm/cmsy8.pfb></usr/local/texlive/2021/texmf-dist/fonts/type
1/urw/times/utmb8a.pfb></usr/local/texlive/2021/texmf-dist/fonts/type1/urw/time
s/utmbi8a.pfb></usr/local/texlive/2021/texmf-dist/fonts/type1/urw/times/utmr8a.
pfb></usr/local/texlive/2021/texmf-dist/fonts/type1/urw/times/utmri8a.pfb>
Output written on /Users/jovyntan/Desktop/work/fyp/exploration/diff_test_tex_en
gines/bin/compiled_tex_pdf/2308.03547/2308.03547_pdflatex.pdf (4 pages, 722793 
bytes).
Transcript written on /Users/jovyntan/Desktop/work/fyp/exploration/diff_test_te
x_engines/bin/compiled_tex_pdf/2308.03547/2308.03547_pdflatex.log.
