This is pdfTeX, Version 3.141592653-2.6-1.40.22 (TeX Live 2021) (preloaded format=pdflatex 2021.12.5)  20 AUG 2023 02:10
entering extended mode
 restricted \write18 enabled.
 %&-line parsing enabled.
**ISAC_Mag_1.tex
(./ISAC_Mag_1.tex
LaTeX2e <2020-10-01> patch level 4
L3 programming layer <2021-02-18> (./IEEEtran.cls
Document Class: IEEEtran 2007/03/05 V1.7a by Michael Shell
-- See the "IEEEtran_HOWTO" manual for usage information.
-- http://www.michaelshell.org/tex/ieeetran/
\@IEEEtrantmpdimenA=\dimen138
\@IEEEtrantmpdimenB=\dimen139
\@IEEEtrantmpcountA=\count179
\@IEEEtrantmpcountB=\count180
\@IEEEtrantmptoksA=\toks15
LaTeX Font Info:    Trying to load font information for OT1+ptm on input line 3
66.
(/usr/local/texlive/2021/texmf-dist/tex/latex/psnfss/ot1ptm.fd
File: ot1ptm.fd 2001/06/04 font definitions for OT1/ptm.
)
-- Using 8.5in x 11in (letter) paper.
-- Using PDF output.
\@IEEEnormalsizeunitybaselineskip=\dimen140
-- This is a 10 point document.
\CLASSINFOnormalsizebaselineskip=\dimen141
\CLASSINFOnormalsizeunitybaselineskip=\dimen142
\IEEEnormaljot=\dimen143
LaTeX Font Info:    Font shape `OT1/ptm/bx/n' in size <5> not available
(Font)              Font shape `OT1/ptm/b/n' tried instead on input line 724.
LaTeX Font Info:    Font shape `OT1/ptm/bx/it' in size <5> not available
(Font)              Font shape `OT1/ptm/b/it' tried instead on input line 724.
LaTeX Font Info:    Font shape `OT1/ptm/bx/n' in size <7> not available
(Font)              Font shape `OT1/ptm/b/n' tried instead on input line 724.
LaTeX Font Info:    Font shape `OT1/ptm/bx/it' in size <7> not available
(Font)              Font shape `OT1/ptm/b/it' tried instead on input line 724.
LaTeX Font Info:    Font shape `OT1/ptm/bx/n' in size <8> not available
(Font)              Font shape `OT1/ptm/b/n' tried instead on input line 724.
LaTeX Font Info:    Font shape `OT1/ptm/bx/it' in size <8> not available
(Font)              Font shape `OT1/ptm/b/it' tried instead on input line 724.
LaTeX Font Info:    Font shape `OT1/ptm/bx/n' in size <9> not available
(Font)              Font shape `OT1/ptm/b/n' tried instead on input line 724.
LaTeX Font Info:    Font shape `OT1/ptm/bx/it' in size <9> not available
(Font)              Font shape `OT1/ptm/b/it' tried instead on input line 724.
LaTeX Font Info:    Font shape `OT1/ptm/bx/n' in size <10> not available
(Font)              Font shape `OT1/ptm/b/n' tried instead on input line 724.
LaTeX Font Info:    Font shape `OT1/ptm/bx/it' in size <10> not available
(Font)              Font shape `OT1/ptm/b/it' tried instead on input line 724.
LaTeX Font Info:    Font shape `OT1/ptm/bx/n' in size <11> not available
(Font)              Font shape `OT1/ptm/b/n' tried instead on input line 724.
LaTeX Font Info:    Font shape `OT1/ptm/bx/it' in size <11> not available
(Font)              Font shape `OT1/ptm/b/it' tried instead on input line 724.
LaTeX Font Info:    Font shape `OT1/ptm/bx/n' in size <12> not available
(Font)              Font shape `OT1/ptm/b/n' tried instead on input line 724.
LaTeX Font Info:    Font shape `OT1/ptm/bx/it' in size <12> not available
(Font)              Font shape `OT1/ptm/b/it' tried instead on input line 724.
LaTeX Font Info:    Font shape `OT1/ptm/bx/n' in size <17> not available
(Font)              Font shape `OT1/ptm/b/n' tried instead on input line 724.
LaTeX Font Info:    Font shape `OT1/ptm/bx/it' in size <17> not available
(Font)              Font shape `OT1/ptm/b/it' tried instead on input line 724.
LaTeX Font Info:    Font shape `OT1/ptm/bx/n' in size <20> not available
(Font)              Font shape `OT1/ptm/b/n' tried instead on input line 724.
LaTeX Font Info:    Font shape `OT1/ptm/bx/it' in size <20> not available
(Font)              Font shape `OT1/ptm/b/it' tried instead on input line 724.
LaTeX Font Info:    Font shape `OT1/ptm/bx/n' in size <24> not available
(Font)              Font shape `OT1/ptm/b/n' tried instead on input line 724.
LaTeX Font Info:    Font shape `OT1/ptm/bx/it' in size <24> not available
(Font)              Font shape `OT1/ptm/b/it' tried instead on input line 724.
\IEEEilabelindentA=\dimen144
\IEEEilabelindentB=\dimen145
\IEEEilabelindent=\dimen146
\IEEEelabelindent=\dimen147
\IEEEdlabelindent=\dimen148
\IEEElabelindent=\dimen149
\IEEEiednormlabelsep=\dimen150
\IEEEiedmathlabelsep=\dimen151
\IEEEiedtopsep=\skip47
\c@section=\count181
\c@subsection=\count182
\c@subsubsection=\count183
\c@paragraph=\count184
\c@IEEEsubequation=\count185
\abovecaptionskip=\skip48
\belowcaptionskip=\skip49
\c@figure=\count186
\c@table=\count187
\@IEEEeqnnumcols=\count188
\@IEEEeqncolcnt=\count189
\@IEEEtmpitemindent=\dimen152
\c@IEEEbiography=\count190
\@IEEEtranrubishbin=\box47
) (/usr/local/texlive/2021/texmf-dist/tex/latex/subfigure/subfigure.sty
Package: subfigure 2002/03/15 v2.1.5 subfigure package
\subfigtopskip=\skip50
\subfigcapskip=\skip51
\subfigcaptopadj=\dimen153
\subfigbottomskip=\skip52
\subfigcapmargin=\dimen154
\subfiglabelskip=\skip53
\c@subfigure=\count191
\c@lofdepth=\count192
\c@subtable=\count193
\c@lotdepth=\count194

****************************************
* Local config file subfigure.cfg used *
****************************************
(/usr/local/texlive/2021/texmf-dist/tex/latex/subfigure/subfigure.cfg)
\subfig@top=\skip54
\subfig@bottom=\skip55
)
(/usr/local/texlive/2021/texmf-dist/tex/latex/amsmath/amsmath.sty
Package: amsmath 2020/09/23 v2.17i AMS math features
\@mathmargin=\skip56

For additional information on amsmath, use the `?' option.
(/usr/local/texlive/2021/texmf-dist/tex/latex/amsmath/amstext.sty
Package: amstext 2000/06/29 v2.01 AMS text

(/usr/local/texlive/2021/texmf-dist/tex/latex/amsmath/amsgen.sty
File: amsgen.sty 1999/11/30 v2.0 generic functions
\@emptytoks=\toks16
\ex@=\dimen155
))
(/usr/local/texlive/2021/texmf-dist/tex/latex/amsmath/amsbsy.sty
Package: amsbsy 1999/11/29 v1.2d Bold Symbols
\pmbraise@=\dimen156
)
(/usr/local/texlive/2021/texmf-dist/tex/latex/amsmath/amsopn.sty
Package: amsopn 2016/03/08 v2.02 operator names
)
\inf@bad=\count195
LaTeX Info: Redefining \frac on input line 234.
\uproot@=\count196
\leftroot@=\count197
LaTeX Info: Redefining \overline on input line 399.
\classnum@=\count198
\DOTSCASE@=\count199
LaTeX Info: Redefining \ldots on input line 496.
LaTeX Info: Redefining \dots on input line 499.
LaTeX Info: Redefining \cdots on input line 620.
\Mathstrutbox@=\box48
\strutbox@=\box49
\big@size=\dimen157
LaTeX Font Info:    Redeclaring font encoding OML on input line 743.
LaTeX Font Info:    Redeclaring font encoding OMS on input line 744.
\macc@depth=\count266
\c@MaxMatrixCols=\count267
\dotsspace@=\muskip16
\c@parentequation=\count268
\dspbrk@lvl=\count269
\tag@help=\toks17
\row@=\count270
\column@=\count271
\maxfields@=\count272
\andhelp@=\toks18
\eqnshift@=\dimen158
\alignsep@=\dimen159
\tagshift@=\dimen160
\tagwidth@=\dimen161
\totwidth@=\dimen162
\lineht@=\dimen163
\@envbody=\toks19
\multlinegap=\skip57
\multlinetaggap=\skip58
\mathdisplay@stack=\toks20
LaTeX Info: Redefining \[ on input line 2923.
LaTeX Info: Redefining \] on input line 2924.
)
(/usr/local/texlive/2021/texmf-dist/tex/latex/base/latexsym.sty
Package: latexsym 1998/08/17 v2.2e Standard LaTeX package (lasy symbols)
\symlasy=\mathgroup4
LaTeX Font Info:    Overwriting symbol font `lasy' in version `bold'
(Font)                  U/lasy/m/n --> U/lasy/b/n on input line 52.
)
(/usr/local/texlive/2021/texmf-dist/tex/latex/graphics/graphicx.sty
Package: graphicx 2020/09/09 v1.2b Enhanced LaTeX Graphics (DPC,SPQR)

(/usr/local/texlive/2021/texmf-dist/tex/latex/graphics/keyval.sty
Package: keyval 2014/10/28 v1.15 key=value parser (DPC)
\KV@toks@=\toks21
)
(/usr/local/texlive/2021/texmf-dist/tex/latex/graphics/graphics.sty
Package: graphics 2020/08/30 v1.4c Standard LaTeX Graphics (DPC,SPQR)

(/usr/local/texlive/2021/texmf-dist/tex/latex/graphics/trig.sty
Package: trig 2016/01/03 v1.10 sin cos tan (DPC)
)
(/usr/local/texlive/2021/texmf-dist/tex/latex/graphics-cfg/graphics.cfg
File: graphics.cfg 2016/06/04 v1.11 sample graphics configuration
)
Package graphics Info: Driver file: pdftex.def on input line 105.

(/usr/local/texlive/2021/texmf-dist/tex/latex/graphics-def/pdftex.def
File: pdftex.def 2020/10/05 v1.2a Graphics/color driver for pdftex
))
\Gin@req@height=\dimen164
\Gin@req@width=\dimen165
)
(/usr/local/texlive/2021/texmf-dist/tex/latex/bbding/bbding.sty
Package: bbding 1999/04/15 v1.01 Dingbats symbols
)
(/usr/local/texlive/2021/texmf-dist/tex/latex/tools/indentfirst.sty
Package: indentfirst 1995/11/23 v1.03 Indent first paragraph (DPC)
)
(/usr/local/texlive/2021/texmf-dist/tex/latex/setspace/setspace.sty
Package: setspace 2011/12/19 v6.7a set line spacing
)
(/usr/local/texlive/2021/texmf-dist/tex/latex/cite/cite.sty
LaTeX Info: Redefining \cite on input line 302.
LaTeX Info: Redefining \nocite on input line 332.
Package: cite 2015/02/27  v 5.5
)
(/usr/local/texlive/2021/texmf-dist/tex/latex/preprint/balance.sty
Package: balance 1999/02/23 4.3 (PWD)
\oldvsize=\dimen166
)
(/usr/local/texlive/2021/texmf-dist/tex/latex/float/float.sty
Package: float 2001/11/08 v1.3d Float enhancements (AL)
\c@float@type=\count273
\float@exts=\toks22
\float@box=\box50
\@float@everytoks=\toks23
\@floatcapt=\box51
)
(/usr/local/texlive/2021/texmf-dist/tex/latex/epstopdf-pkg/epstopdf.sty
Package: epstopdf 2020-01-24 v2.11 Conversion with epstopdf on the fly (HO)

(/usr/local/texlive/2021/texmf-dist/tex/generic/infwarerr/infwarerr.sty
Package: infwarerr 2019/12/03 v1.5 Providing info/warning/error messages (HO)
)
(/usr/local/texlive/2021/texmf-dist/tex/latex/grfext/grfext.sty
Package: grfext 2019/12/03 v1.3 Manage graphics extensions (HO)

(/usr/local/texlive/2021/texmf-dist/tex/generic/kvdefinekeys/kvdefinekeys.sty
Package: kvdefinekeys 2019-12-19 v1.6 Define keys (HO)
)) (/usr/local/texlive/2021/texmf-dist/tex/latex/kvoptions/kvoptions.sty
Package: kvoptions 2020-10-07 v3.14 Key value format for package options (HO)

(/usr/local/texlive/2021/texmf-dist/tex/generic/ltxcmds/ltxcmds.sty
Package: ltxcmds 2020-05-10 v1.25 LaTeX kernel commands for general use (HO)
)
(/usr/local/texlive/2021/texmf-dist/tex/generic/kvsetkeys/kvsetkeys.sty
Package: kvsetkeys 2019/12/15 v1.18 Key value parser (HO)
))
(/usr/local/texlive/2021/texmf-dist/tex/generic/pdftexcmds/pdftexcmds.sty
Package: pdftexcmds 2020-06-27 v0.33 Utility functions of pdfTeX for LuaTeX (HO
)

(/usr/local/texlive/2021/texmf-dist/tex/generic/iftex/iftex.sty
Package: iftex 2020/03/06 v1.0d TeX engine tests
)
Package pdftexcmds Info: \pdf@primitive is available.
Package pdftexcmds Info: \pdf@ifprimitive is available.
Package pdftexcmds Info: \pdfdraftmode found.
)
(/usr/local/texlive/2021/texmf-dist/tex/latex/epstopdf-pkg/epstopdf-base.sty
Package: epstopdf-base 2020-01-24 v2.11 Base part for package epstopdf
Package epstopdf-base Info: Redefining graphics rule for `.eps' on input line 4
85.
Package grfext Info: Graphics extension search list:
(grfext)             [.pdf,.png,.jpg,.mps,.jpeg,.jbig2,.jb2,.PDF,.PNG,.JPG,.JPE
G,.JBIG2,.JB2,.eps]
(grfext)             \AppendGraphicsExtensions on input line 504.

(/usr/local/texlive/2021/texmf-dist/tex/latex/latexconfig/epstopdf-sys.cfg
File: epstopdf-sys.cfg 2010/07/13 v1.3 Configuration of (r)epstopdf for TeX Liv
e
)))
(/usr/local/texlive/2021/texmf-dist/tex/latex/amsfonts/amssymb.sty
Package: amssymb 2013/01/14 v3.01 AMS font symbols

(/usr/local/texlive/2021/texmf-dist/tex/latex/amsfonts/amsfonts.sty
Package: amsfonts 2013/01/14 v3.01 Basic AMSFonts support
\symAMSa=\mathgroup5
\symAMSb=\mathgroup6
LaTeX Font Info:    Redeclaring math symbol \hbar on input line 98.
LaTeX Font Info:    Overwriting math alphabet `\mathfrak' in version `bold'
(Font)                  U/euf/m/n --> U/euf/b/n on input line 106.
))
(/usr/local/texlive/2021/texmf-dist/tex/latex/tools/enumerate.sty
Package: enumerate 2015/07/23 v3.00 enumerate extensions (DPC)
\@enLab=\toks24
)
(/usr/local/texlive/2021/texmf-dist/tex/latex/tools/multicol.sty
Package: multicol 2019/12/09 v1.8y multicolumn formatting (FMi)
\c@tracingmulticols=\count274
\mult@box=\box52
\multicol@leftmargin=\dimen167
\c@unbalance=\count275
\c@collectmore=\count276
\doublecol@number=\count277
\multicoltolerance=\count278
\multicolpretolerance=\count279
\full@width=\dimen168
\page@free=\dimen169
\premulticols=\dimen170
\postmulticols=\dimen171
\multicolsep=\skip59
\multicolbaselineskip=\skip60
\partial@page=\box53
\last@line=\box54
\maxbalancingoverflow=\dimen172
\mult@rightbox=\box55
\mult@grightbox=\box56
\mult@gfirstbox=\box57
\mult@firstbox=\box58
\@tempa=\box59
\@tempa=\box60
\@tempa=\box61
\@tempa=\box62
\@tempa=\box63
\@tempa=\box64
\@tempa=\box65
\@tempa=\box66
\@tempa=\box67
\@tempa=\box68
\@tempa=\box69
\@tempa=\box70
\@tempa=\box71
\@tempa=\box72
\@tempa=\box73
\@tempa=\box74
\@tempa=\box75
\@tempa=\box76
\@tempa=\box77
\@tempa=\box78
\@tempa=\box79
\@tempa=\box80
\@tempa=\box81
\@tempa=\box82
\@tempa=\box83
\@tempa=\box84
\@tempa=\box85
\@tempa=\box86
\@tempa=\box87
\@tempa=\box88
\@tempa=\box89
\@tempa=\box90
\@tempa=\box91
\@tempa=\box92
\@tempa=\box93
\@tempa=\box94
\@tempa=\box95
\c@minrows=\count280
\c@columnbadness=\count281
\c@finalcolumnbadness=\count282
\last@try=\dimen173
\multicolovershoot=\dimen174
\multicolundershoot=\dimen175
\mult@nat@firstbox=\box96
\colbreak@box=\box97
\mc@col@check@num=\count283
)
(/usr/local/texlive/2021/texmf-dist/tex/latex/graphics/color.sty
Package: color 2020/02/24 v1.2b Standard LaTeX Color (DPC)

(/usr/local/texlive/2021/texmf-dist/tex/latex/graphics-cfg/color.cfg
File: color.cfg 2016/01/02 v1.6 sample color configuration
)
Package color Info: Driver file: pdftex.def on input line 147.
)
(/usr/local/texlive/2021/texmf-dist/tex/latex/sttools/stfloats.sty
Package: stfloats 2017/03/27 v3.3 Improve float mechanism and baselineskip sett
ings
\@dblbotnum=\count284
\c@dblbotnumber=\count285
)
(/usr/local/texlive/2021/texmf-dist/tex/latex/tools/bm.sty
Package: bm 2019/07/24 v1.2d Bold Symbol Support (DPC/FMi)
\symboldoperators=\mathgroup7
\symboldletters=\mathgroup8
\symboldsymbols=\mathgroup9
\symboldlasy=\mathgroup10
LaTeX Font Info:    Redeclaring math alphabet \mathbf on input line 141.
LaTeX Info: Redefining \bm on input line 209.
)
(/usr/local/texlive/2021/texmf-dist/tex/latex/algorithms/algorithm.sty
Package: algorithm 2009/08/24 v0.1 Document Style `algorithm' - floating enviro
nment

(/usr/local/texlive/2021/texmf-dist/tex/latex/base/ifthen.sty
Package: ifthen 2014/09/29 v1.1c Standard LaTeX ifthen package (DPC)
)
\@float@every@algorithm=\toks25
\c@algorithm=\count286
)
(/usr/local/texlive/2021/texmf-dist/tex/latex/algorithmicx/algpseudocode.sty
Package: algpseudocode 

(/usr/local/texlive/2021/texmf-dist/tex/latex/algorithmicx/algorithmicx.sty
Package: algorithmicx 2005/04/27 v1.2 Algorithmicx

Document Style algorithmicx 1.2 - a greatly improved `algorithmic' style
\c@ALG@line=\count287
\c@ALG@rem=\count288
\c@ALG@nested=\count289
\ALG@tlm=\skip61
\ALG@thistlm=\skip62
\c@ALG@Lnr=\count290
\c@ALG@blocknr=\count291
\c@ALG@storecount=\count292
\c@ALG@tmpcounter=\count293
\ALG@tmplength=\skip63
)
Document Style - pseudocode environments for use with the `algorithmicx' style
) (/usr/local/texlive/2021/texmf-dist/tex/latex/lipsum/lipsum.sty
(/usr/local/texlive/2021/texmf-dist/tex/latex/l3kernel/expl3.sty
Package: expl3 2021-02-18 L3 programming layer (loader) 

(/usr/local/texlive/2021/texmf-dist/tex/latex/l3backend/l3backend-pdftex.def
File: l3backend-pdftex.def 2021-03-18 L3 backend support: PDF output (pdfTeX)
\l__color_backend_stack_int=\count294
\l__pdf_internal_box=\box98
))
(/usr/local/texlive/2021/texmf-dist/tex/latex/l3packages/xparse/xparse.sty
(/usr/local/texlive/2021/texmf-dist/tex/latex/l3packages/xparse/xparse-2020-10-
01.sty
(/usr/local/texlive/2021/texmf-dist/tex/latex/l3packages/xparse/xparse-generic.
tex)))
Package: lipsum 2021-03-03 v2.3 150 paragraphs of Lorem Ipsum dummy text
 (/usr/local/texlive/2021/texmf-dist/tex/latex/lipsum/lipsum.ltd.tex
File: lipsum.ltd.tex 2021-03-03 v2.3 The Lorem ipsum dummy text
))
(/usr/local/texlive/2021/texmf-dist/tex/latex/makecell/makecell.sty
Package: makecell 2009/08/03 V0.1e Managing of Tab Column Heads and Cells

(/usr/local/texlive/2021/texmf-dist/tex/latex/tools/array.sty
Package: array 2020/10/01 v2.5c Tabular extension package (FMi)
\col@sep=\dimen176
\ar@mcellbox=\box99
\extrarowheight=\dimen177
\NC@list=\toks26
\extratabsurround=\skip64
\backup@length=\skip65
\ar@cellbox=\box100
)
\rotheadsize=\dimen178
\c@nlinenum=\count295
\TeXr@lab=\toks27
)
(/usr/local/texlive/2021/texmf-dist/tex/latex/xcolor/xcolor.sty
Package: xcolor 2016/05/11 v2.12 LaTeX color extensions (UK)

(/usr/local/texlive/2021/texmf-dist/tex/latex/graphics-cfg/color.cfg
File: color.cfg 2016/01/02 v1.6 sample color configuration
)
Package xcolor Info: Driver file: pdftex.def on input line 225.

(/usr/local/texlive/2021/texmf-dist/tex/latex/colortbl/colortbl.sty
Package: colortbl 2020/01/04 v1.0e Color table columns (DPC)
\everycr=\toks28
\minrowclearance=\skip66
)
LaTeX Info: Redefining \color on input line 709.
\rownum=\count296
Package xcolor Info: Model `cmy' substituted by `cmy0' on input line 1348.
Package xcolor Info: Model `hsb' substituted by `rgb' on input line 1352.
Package xcolor Info: Model `RGB' extended on input line 1364.
Package xcolor Info: Model `HTML' substituted by `rgb' on input line 1366.
Package xcolor Info: Model `Hsb' substituted by `hsb' on input line 1367.
Package xcolor Info: Model `tHsb' substituted by `hsb' on input line 1368.
Package xcolor Info: Model `HSB' substituted by `hsb' on input line 1369.
Package xcolor Info: Model `Gray' substituted by `gray' on input line 1370.
Package xcolor Info: Model `wave' substituted by `hsb' on input line 1371.
)
(/usr/local/texlive/2021/texmf-dist/tex/latex/psnfss/pifont.sty
Package: pifont 2020/03/25 PSNFSS-v9.3 Pi font support (SPQR) 
LaTeX Font Info:    Trying to load font information for U+pzd on input line 63.


(/usr/local/texlive/2021/texmf-dist/tex/latex/psnfss/upzd.fd
File: upzd.fd 2001/06/04 font definitions for U/pzd.
)
LaTeX Font Info:    Trying to load font information for U+psy on input line 64.


(/usr/local/texlive/2021/texmf-dist/tex/latex/psnfss/upsy.fd
File: upsy.fd 2001/06/04 font definitions for U/psy.
))
** ATTENTION: Overriding command lockouts (line 36).

LaTeX Warning: Unused global option(s):
    [doublecolumn].

No file 2308.02676_pdflatex.aux.
\openout1 = `2308.02676_pdflatex.aux'.

LaTeX Font Info:    Checking defaults for OML/cmm/m/it on input line 60.
LaTeX Font Info:    ... okay on input line 60.
LaTeX Font Info:    Checking defaults for OMS/cmsy/m/n on input line 60.
LaTeX Font Info:    ... okay on input line 60.
LaTeX Font Info:    Checking defaults for OT1/cmr/m/n on input line 60.
LaTeX Font Info:    ... okay on input line 60.
LaTeX Font Info:    Checking defaults for T1/cmr/m/n on input line 60.
LaTeX Font Info:    ... okay on input line 60.
LaTeX Font Info:    Checking defaults for TS1/cmr/m/n on input line 60.
LaTeX Font Info:    ... okay on input line 60.
LaTeX Font Info:    Checking defaults for OMX/cmex/m/n on input line 60.
LaTeX Font Info:    ... okay on input line 60.
LaTeX Font Info:    Checking defaults for U/cmr/m/n on input line 60.
LaTeX Font Info:    ... okay on input line 60.
(/usr/local/texlive/2021/texmf-dist/tex/context/base/mkii/supp-pdf.mkii
[Loading MPS to PDF converter (version 2006.09.02).]
\scratchcounter=\count297
\scratchdimen=\dimen179
\scratchbox=\box101
\nofMPsegments=\count298
\nofMParguments=\count299
\everyMPshowfont=\toks29
\MPscratchCnt=\count300
\MPscratchDim=\dimen180
\MPnumerator=\count301
\makeMPintoPDFobject=\count302
\everyMPtoPDFconversion=\toks30
)

LaTeX Warning: Citation `6G' on page 1 undefined on input line 81.


LaTeX Warning: Citation `zeng_wave' on page 1 undefined on input line 81.


LaTeX Warning: Citation `liuan' on page 1 undefined on input line 81.


LaTeX Warning: Citation `cui' on page 1 undefined on input line 81.


LaTeX Warning: Citation `use' on page 1 undefined on input line 81.


LaTeX Warning: Citation `qing' on page 1 undefined on input line 86.


LaTeX Warning: Citation `wei' on page 1 undefined on input line 86.


LaTeX Warning: Citation `xujie' on page 1 undefined on input line 86.


LaTeX Warning: Citation `s2' on page 1 undefined on input line 86.


LaTeX Warning: Citation `s3' on page 1 undefined on input line 86.


LaTeX Warning: Citation `fangjun' on page 1 undefined on input line 86.


LaTeX Warning: Citation `isac0' on page 1 undefined on input line 86.


LaTeX Warning: Citation `isac-2' on page 1 undefined on input line 86.


LaTeX Warning: Citation `isac-3' on page 1 undefined on input line 86.


LaTeX Warning: Citation `shaos' on page 1 undefined on input line 86.


LaTeX Warning: Citation `shaos1' on page 1 undefined on input line 86.

[1{/usr/local/texlive/2021/texmf-var/fonts/map/pdftex/updmap/pdftex.map}


]

LaTeX Warning: Citation `qings' on page 2 undefined on input line 95.


LaTeX Warning: Citation `seuliu' on page 2 undefined on input line 95.


LaTeX Warning: Citation `shape' on page 2 undefined on input line 96.


LaTeX Warning: Citation `stealth' on page 2 undefined on input line 96.


LaTeX Warning: Citation `PA' on page 2 undefined on input line 96.


LaTeX Warning: Citation `shaos' on page 2 undefined on input line 96.


LaTeX Warning: Citation `shaos1' on page 2 undefined on input line 96.

<sys_model.pdf, id=10, 946.19218pt x 668.2832pt>
File: sys_model.pdf Graphic file (type pdf)
<use sys_model.pdf>
Package pdftex.def Info: sys_model.pdf  used on input line 101.
(pdftex.def)             Requested size: 252.84283pt x 178.57278pt.

Overfull \hbox (0.84283pt too wide) in paragraph at lines 101--102
 [][] 
 []


LaTeX Warning: Reference `sys_model' on page 2 undefined on input line 106.


LaTeX Warning: Reference `sys_model' on page 2 undefined on input line 106.

LaTeX Font Info:    Trying to load font information for U+lasy on input line 10
8.
(/usr/local/texlive/2021/texmf-dist/tex/latex/base/ulasy.fd
File: ulasy.fd 1998/08/17 v2.2e LaTeX symbol font definitions
)
LaTeX Font Info:    Trying to load font information for U+msa on input line 108
.

(/usr/local/texlive/2021/texmf-dist/tex/latex/amsfonts/umsa.fd
File: umsa.fd 2013/01/14 v3.01 AMS symbols A
)
LaTeX Font Info:    Trying to load font information for U+msb on input line 108
.

(/usr/local/texlive/2021/texmf-dist/tex/latex/amsfonts/umsb.fd
File: umsb.fd 2013/01/14 v3.01 AMS symbols B
)
LaTeX Font Info:    Font shape `U/lasy/b/n' in size <7> not available
(Font)              Font shape `U/lasy/m/n' tried instead on input line 108.
LaTeX Font Info:    Font shape `U/lasy/b/n' in size <5> not available
(Font)              Font shape `U/lasy/m/n' tried instead on input line 108.

Underfull \hbox (badness 2626) in paragraph at lines 112--113
[]\OT1/ptm/m/n/10 Next, to de-sign the IRS re-flec-tion for/against the
 []

[2 <./sys_model.pdf>]

LaTeX Warning: Reference `sys_model' on page 3 undefined on input line 131.


LaTeX Warning: Citation `stealth' on page 3 undefined on input line 132.

LaTeX Font Info:    Font shape `U/lasy/b/n' in size <8> not available
(Font)              Font shape `U/lasy/m/n' tried instead on input line 132.
LaTeX Font Info:    Font shape `U/lasy/b/n' in size <6> not available
(Font)              Font shape `U/lasy/m/n' tried instead on input line 132.

LaTeX Warning: Reference `channel_model' on page 3 undefined on input line 135.



LaTeX Warning: Reference `channel_model' on page 3 undefined on input line 136.



LaTeX Warning: Citation `qing' on page 3 undefined on input line 136.

<channel_model.pdf, id=48, 746.79pt x 490.83376pt>
File: channel_model.pdf Graphic file (type pdf)
<use channel_model.pdf>
Package pdftex.def Info: channel_model.pdf  used on input line 141.
(pdftex.def)             Requested size: 263.15717pt x 172.96274pt.

Overfull \hbox (11.15717pt too wide) in paragraph at lines 141--142
 [][] 
 []


LaTeX Warning: Reference `channel_model' on page 3 undefined on input line 147.



Underfull \hbox (badness 8189) in paragraph at lines 159--164
\OT1/ptm/m/n/10 respectively, where $\OML/cmm/m/it/10 ^^P[] \U/msa/m/n/10 , []\
OT1/cmr/m/n/10 (\OML/cmm/m/it/10 ^^^[]\OT1/cmr/m/n/10 ) [](\OML/cmm/m/it/10 ^^Q
[]\OT1/cmr/m/n/10 )$\OT1/ptm/m/n/10 , $\OML/cmm/m/it/10 ^^P[] \U/msa/m/n/10 ,
 []


Underfull \hbox (badness 3158) in paragraph at lines 159--164
[]\OT1/cmr/m/n/10 (\OML/cmm/m/it/10 ^^^[]\OT1/cmr/m/n/10 ) [](\OML/cmm/m/it/10 
^^Q[]\OT1/cmr/m/n/10 )$\OT1/ptm/m/n/10 , $\OML/cmm/m/it/10 ^^P[] \U/msa/m/n/10 
, []\OT1/cmr/m/n/10 (\OML/cmm/m/it/10 ^^Y \OMS/cmsy/m/n/10 ^^@ \OML/cmm/m/it/10
 ^^^[]\OT1/cmr/m/n/10 ) [](\OML/cmm/m/it/10 ^^Y \OT1/cmr/m/n/10 + \OML/cmm/m/it
/10 ^^Q[]\OT1/cmr/m/n/10 ) \U/msa/m/n/10 ,
 []

[3 <./channel_model.pdf>]

LaTeX Warning: Citation `liang' on page 4 undefined on input line 196.

<pulse.pdf, id=98, 416.93578pt x 179.63683pt>
File: pulse.pdf Graphic file (type pdf)
<use pulse.pdf>
Package pdftex.def Info: pulse.pdf  used on input line 202.
(pdftex.def)             Requested size: 345.71906pt x 148.96146pt.

LaTeX Warning: Reference `pulse' on page 4 undefined on input line 206.


LaTeX Warning: Reference `pulse' on page 4 undefined on input line 225.


LaTeX Warning: Reference `sys_model' on page 4 undefined on input line 230.


LaTeX Warning: Reference `sys_model' on page 4 undefined on input line 230.


LaTeX Warning: Reference `sys_model' on page 4 undefined on input line 240.


LaTeX Warning: Reference `sys_model' on page 4 undefined on input line 240.

[4]

LaTeX Warning: Reference `sys_model' on page 5 undefined on input line 248.


LaTeX Warning: Reference `sys_model' on page 5 undefined on input line 249.


LaTeX Warning: Citation `power' on page 5 undefined on input line 261.


LaTeX Warning: Reference `lrs1' on page 5 undefined on input line 263.


LaTeX Warning: Reference `lrs11' on page 5 undefined on input line 263.


Overfull \hbox (2.91862pt too wide) detected at line 273
[]
 []


Overfull \hbox (6.01471pt too wide) detected at line 283
[]
 []


Underfull \vbox (badness 6641) has occurred while \output is active []



LaTeX Warning: Reference `lrs22' on page 5 undefined on input line 295.


LaTeX Warning: Reference `lrs2' on page 5 undefined on input line 295.


Overfull \hbox (3.96713pt too wide) detected at line 305
[]
 []


Overfull \hbox (8.39653pt too wide) detected at line 315
[]
 []


LaTeX Warning: Reference `lrs3' on page 5 undefined on input line 325.


LaTeX Warning: Reference `lrs33' on page 5 undefined on input line 325.

[5 <./pulse.pdf>]

LaTeX Warning: Reference `oll' on page 6 undefined on input line 369.


LaTeX Warning: Reference `3oll' on page 6 undefined on input line 369.


Underfull \hbox (badness 10000) in paragraph at lines 353--370
\OT1/ptm/m/n/10 where $\OT1/cmr/bx/n/10 f \OT1/cmr/m/n/10 = \OML/cmm/m/it/10 e[
][]\OT1/cmr/bx/n/10 w[]b\OT1/cmr/m/n/10 (\OML/cmm/m/it/10 ^^Y \OMS/cmsy/m/n/10 
^^@ \OML/cmm/m/it/10 ^^^[]; ^^Y \OT1/cmr/m/n/10 +
 []


Underfull \hbox (badness 10000) in paragraph at lines 353--370
\OML/cmm/m/it/10 ^^^[]; ^^Y \OT1/cmr/m/n/10 + \OML/cmm/m/it/10 ^^Q[]\OT1/cmr/m/
n/10 )\OT1/cmr/bx/n/10 r[]\OML/cmm/b/it/10 ^^R\OT1/cmr/bx/n/10 c[]\OT1/cmr/m/n/
10 (\OML/cmm/m/it/10 ^^^[]; ^^Q[]\OT1/cmr/m/n/10 )\OT1/cmr/bx/n/10 w[]\OML/cmm/
m/it/10 s\OT1/cmr/m/n/10 (\OML/cmm/m/it/10 t\OT1/cmr/m/n/10 )$\OT1/ptm/m/n/10 ,
 $\OT1/cmr/bx/n/10 e \OT1/cmr/m/n/10 =
 []


Underfull \hbox (badness 10000) in paragraph at lines 353--370
\OT1/ptm/m/n/10 and $[] \OT1/cmr/m/n/10 = \OML/cmm/m/it/10 e[][]\OT1/cmr/bx/n/1
0 w[]c\OT1/cmr/m/n/10 (\OML/cmm/m/it/10 ^^Y \OMS/cmsy/m/n/10 ^^@ \OML/cmm/m/it/
10 ^^^[]; ^^Y \OT1/cmr/m/n/10 +
 []


Underfull \hbox (badness 1533) in paragraph at lines 353--370
\OT1/ptm/m/n/10 are taken w.r.t. the in-de-pen-dent ran-dom phases $\OML/cmm/m/
it/10 ^^W[]$ \OT1/ptm/m/n/10 and
 []

<protocol.pdf, id=146, 412.29953pt x 261.5397pt>
File: protocol.pdf Graphic file (type pdf)
<use protocol.pdf>
Package pdftex.def Info: protocol.pdf  used on input line 376.
(pdftex.def)             Requested size: 314.76031pt x 199.67413pt.

LaTeX Warning: Reference `waveformf' on page 6 undefined on input line 380.


LaTeX Warning: Citation `music' on page 6 undefined on input line 383.


LaTeX Warning: Citation `dein' on page 6 undefined on input line 383.


LaTeX Warning: Citation `ide' on page 6 undefined on input line 383.


LaTeX Warning: Citation `dein' on page 6 undefined on input line 383.


LaTeX Warning: Citation `filter' on page 6 undefined on input line 383.


LaTeX Warning: Citation `survey' on page 6 undefined on input line 383.


LaTeX Warning: Citation `mea' on page 6 undefined on input line 384.


LaTeX Warning: Citation `com' on page 6 undefined on input line 384.


LaTeX Warning: Reference `waveformf' on page 6 undefined on input line 387.


LaTeX Warning: Reference `waveformf' on page 6 undefined on input line 388.


Underfull \vbox (badness 10000) has occurred while \output is active []

 [6 <./protocol.pdf>]

LaTeX Warning: Reference `qll' on page 7 undefined on input line 398.


LaTeX Warning: Reference `qlu' on page 7 undefined on input line 398.


LaTeX Warning: Reference `qul' on page 7 undefined on input line 414.


LaTeX Warning: Reference `quu' on page 7 undefined on input line 414.


Underfull \hbox (badness 1584) in paragraph at lines 412--417
\OT1/ptm/m/n/10 i-mize the power of IRS-reflected URS sig-nal over the
 []


LaTeX Warning: Reference `qOL' on page 7 undefined on input line 427.


LaTeX Warning: Reference `3qOL' on page 7 undefined on input line 427.


Overfull \hbox (1.26033pt too wide) detected at line 459
[]
 []


LaTeX Warning: Reference `pqw1' on page 7 undefined on input line 464.


LaTeX Warning: Reference `lo1' on page 7 undefined on input line 464.


LaTeX Warning: Reference `lo11' on page 7 undefined on input line 464.


LaTeX Warning: Reference `pj1' on page 7 undefined on input line 464.


LaTeX Warning: Reference `eq' on page 7 undefined on input line 476.

[7]

LaTeX Warning: Citation `sdr' on page 8 undefined on input line 497.


LaTeX Warning: Reference `OP01' on page 8 undefined on input line 500.


LaTeX Warning: Reference `cc03' on page 8 undefined on input line 500.


LaTeX Warning: Citation `shi_pen' on page 8 undefined on input line 500.


LaTeX Warning: Reference `cc01' on page 8 undefined on input line 500.


LaTeX Warning: Reference `cc03' on page 8 undefined on input line 501.


LaTeX Warning: Reference `cc2' on page 8 undefined on input line 512.


LaTeX Warning: Citation `cvx' on page 8 undefined on input line 551.


LaTeX Warning: Citation `KKT' on page 8 undefined on input line 553.


Underfull \vbox (badness 5022) has occurred while \output is active []

 [8]

pdfTeX warning: pdflatex (file ./jie.pdf): PDF inclusion: found PDF version <1.
6>, but at most version <1.5> allowed
<jie.pdf, id=210, 257.54338pt x 256.6669pt>
File: jie.pdf Graphic file (type pdf)
<use jie.pdf>
Package pdftex.def Info: jie.pdf  used on input line 570.
(pdftex.def)             Requested size: 252.94499pt x 252.09187pt.

Overfull \hbox (0.94499pt too wide) in paragraph at lines 570--572
 [][] 
 []


LaTeX Warning: Citation `sdr' on page 9 undefined on input line 580.


LaTeX Warning: Citation `sdr' on page 9 undefined on input line 581.


LaTeX Warning: Citation `zeng_wave' on page 9 undefined on input line 587.


LaTeX Warning: Citation `sdr' on page 9 undefined on input line 602.

<NSR_BEAM.pdf, id=211, 507.8975pt x 382.42876pt>
File: NSR_BEAM.pdf Graphic file (type pdf)
<use NSR_BEAM.pdf>
Package pdftex.def Info: NSR_BEAM.pdf  used on input line 612.
(pdftex.def)             Requested size: 252.94499pt x 190.45529pt.

Overfull \hbox (0.94499pt too wide) in paragraph at lines 612--613
 [][] 
 []

<URS_only.pdf, id=212, 541.02126pt x 401.5pt>
File: URS_only.pdf Graphic file (type pdf)
<use URS_only.pdf>
Package pdftex.def Info: URS_only.pdf  used on input line 620.
(pdftex.def)             Requested size: 252.94499pt x 187.71254pt.

Overfull \hbox (0.94499pt too wide) in paragraph at lines 620--621
 [][] 
 []


LaTeX Warning: Reference `NSR_BEAM' on page 9 undefined on input line 625.

[9 <./jie.pdf>]

LaTeX Warning: Reference `go' on page 10 undefined on input line 649.

<tradeoff_sn.pdf, id=297, 541.02126pt x 456.70625pt>
File: tradeoff_sn.pdf Graphic file (type pdf)
<use tradeoff_sn.pdf>
Package pdftex.def Info: tradeoff_sn.pdf  used on input line 655.
(pdftex.def)             Requested size: 239.39923pt x 202.08727pt.
<tradeoff_ln.pdf, id=298, 541.02126pt x 456.70625pt>
File: tradeoff_ln.pdf Graphic file (type pdf)
<use tradeoff_ln.pdf>
Package pdftex.def Info: tradeoff_ln.pdf  used on input line 657.
(pdftex.def)             Requested size: 239.39923pt x 202.08727pt.

LaTeX Warning: Reference `uro' on page 10 undefined on input line 662.

** ATTENTION: \proof is deprecated (line 669). Use \IEEEproof instead.
[10 <./NSR_BEAM.pdf> <./URS_only.pdf> <./tradeoff_sn.pdf> <./tradeoff_ln.pdf>]

LaTeX Warning: Reference `URS_only' on page 11 undefined on input line 673.


LaTeX Warning: Reference `NSR_BEAM' on page 11 undefined on input line 673.

<pro_LRSO.pdf, id=340, 514.92375pt x 398.48875pt>
File: pro_LRSO.pdf Graphic file (type pdf)
<use pro_LRSO.pdf>
Package pdftex.def Info: pro_LRSO.pdf  used on input line 681.
(pdftex.def)             Requested size: 252.94499pt x 195.74763pt.

Overfull \hbox (0.94499pt too wide) in paragraph at lines 681--682
 [][] 
 []


LaTeX Warning: Reference `gain_N' on page 11 undefined on input line 686.


LaTeX Warning: Reference `eq' on page 11 undefined on input line 686.


LaTeX Warning: Reference `gain_N' on page 11 undefined on input line 686.


LaTeX Warning: Reference `gain_N' on page 11 undefined on input line 686.


LaTeX Warning: Reference `pro_LRSO' on page 11 undefined on input line 689.

<distance_short.pdf, id=341, 514.92375pt x 398.48875pt>
File: distance_short.pdf Graphic file (type pdf)
<use distance_short.pdf>
Package pdftex.def Info: distance_short.pdf  used on input line 694.
(pdftex.def)             Requested size: 252.94499pt x 195.74763pt.

Overfull \hbox (0.94499pt too wide) in paragraph at lines 694--695
 [][] 
 []

<angle_short.pdf, id=342, 514.92375pt x 398.48875pt>
File: angle_short.pdf Graphic file (type pdf)
<use angle_short.pdf>
Package pdftex.def Info: angle_short.pdf  used on input line 702.
(pdftex.def)             Requested size: 252.94499pt x 195.74763pt.

Overfull \hbox (0.94499pt too wide) in paragraph at lines 702--703
 [][] 
 []


LaTeX Warning: Reference `distance_short' on page 11 undefined on input line 70
7.


LaTeX Warning: Reference `angle_short' on page 11 undefined on input line 709.

<overlapped_ratio.pdf, id=343, 507.8975pt x 382.42876pt>
File: overlapped_ratio.pdf Graphic file (type pdf)
<use overlapped_ratio.pdf>
Package pdftex.def Info: overlapped_ratio.pdf  used on input line 713.
(pdftex.def)             Requested size: 252.94499pt x 190.45529pt.

Overfull \hbox (0.94499pt too wide) in paragraph at lines 713--714
 [][] 
 []

[11 <./pro_LRSO.pdf> <./distance_short.pdf>]
<error.pdf, id=366, 510.90875pt x 396.48125pt>
File: error.pdf Graphic file (type pdf)
<use error.pdf>
Package pdftex.def Info: error.pdf  used on input line 721.
(pdftex.def)             Requested size: 252.94499pt x 196.29208pt.

Overfull \hbox (0.94499pt too wide) in paragraph at lines 721--722
 [][] 
 []


LaTeX Warning: Reference `overlapped_ratio' on page 12 undefined on input line 
726.


LaTeX Warning: Reference `eq' on page 12 undefined on input line 726.


LaTeX Warning: Reference `error' on page 12 undefined on input line 730.


LaTeX Warning: Reference `so' on page 12 undefined on input line 748.


LaTeX Warning: Reference `uro' on page 12 undefined on input line 750.

[12 <./angle_short.pdf> <./overlapped_ratio.pdf> <./error.pdf>]

LaTeX Warning: Reference `hi' on page 13 undefined on input line 766.


LaTeX Warning: Reference `hi1' on page 13 undefined on input line 766.


LaTeX Warning: Reference `uro' on page 13 undefined on input line 772.


LaTeX Warning: Reference `so' on page 13 undefined on input line 773.

[13]
(/Users/jovyntan/Desktop/work/fyp/exploration/diff_test_tex_engines/bin/compile
d_tex_pdf/2308.02676/2308.02676_pdflatex.aux)

LaTeX Warning: There were undefined references.


LaTeX Warning: Label(s) may have changed. Rerun to get cross-references right.

 ) 
Here is how much of TeX's memory you used:
 6118 strings out of 478994
 92344 string characters out of 5858184
 575047 words of memory out of 5000000
 23408 multiletter control sequences out of 15000+600000
 450666 words of font info for 125 fonts, out of 8000000 for 9000
 1145 hyphenation exceptions out of 8191
 71i,18n,75p,1934b,271s stack positions out of 5000i,500n,10000p,200000b,80000s
{/usr/local/texlive/2021/texmf-dist/fonts/enc/dvips/base/8r.enc}</usr/local/t
exlive/2021/texmf-dist/fonts/type1/public/amsfonts/cm/cmbx10.pfb></usr/local/te
xlive/2021/texmf-dist/fonts/type1/public/amsfonts/cm/cmex10.pfb></usr/local/tex
live/2021/texmf-dist/fonts/type1/public/amsfonts/cm/cmmi10.pfb></usr/local/texl
ive/2021/texmf-dist/fonts/type1/public/amsfonts/cm/cmmi5.pfb></usr/local/texliv
e/2021/texmf-dist/fonts/type1/public/amsfonts/cm/cmmi6.pfb></usr/local/texlive/
2021/texmf-dist/fonts/type1/public/amsfonts/cm/cmmi7.pfb></usr/local/texlive/20
21/texmf-dist/fonts/type1/public/amsfonts/cm/cmmi8.pfb></usr/local/texlive/2021
/texmf-dist/fonts/type1/public/amsfonts/cm/cmmib10.pfb></usr/local/texlive/2021
/texmf-dist/fonts/type1/public/amsfonts/cmextra/cmmib7.pfb></usr/local/texlive/
2021/texmf-dist/fonts/type1/public/amsfonts/cm/cmr10.pfb></usr/local/texlive/20
21/texmf-dist/fonts/type1/public/amsfonts/cm/cmr5.pfb></usr/local/texlive/2021/
texmf-dist/fonts/type1/public/amsfonts/cm/cmr7.pfb></usr/local/texlive/2021/tex
mf-dist/fonts/type1/public/amsfonts/cm/cmr8.pfb></usr/local/texlive/2021/texmf-
dist/fonts/type1/public/amsfonts/cm/cmsy10.pfb></usr/local/texlive/2021/texmf-d
ist/fonts/type1/public/amsfonts/cm/cmsy7.pfb></usr/local/texlive/2021/texmf-dis
t/fonts/type1/public/amsfonts/cm/cmsy8.pfb></usr/local/texlive/2021/texmf-dist/
fonts/type1/public/amsfonts/symbols/msam10.pfb></usr/local/texlive/2021/texmf-d
ist/fonts/type1/public/amsfonts/symbols/msbm10.pfb></usr/local/texlive/2021/tex
mf-dist/fonts/type1/urw/times/utmb8a.pfb></usr/local/texlive/2021/texmf-dist/fo
nts/type1/urw/times/utmbi8a.pfb></usr/local/texlive/2021/texmf-dist/fonts/type1
/urw/times/utmr8a.pfb></usr/local/texlive/2021/texmf-dist/fonts/type1/urw/times
/utmri8a.pfb></usr/local/texlive/2021/texmf-dist/fonts/type1/urw/zapfding/uzdr.
pfb>
Output written on /Users/jovyntan/Desktop/work/fyp/exploration/diff_test_tex_en
gines/bin/compiled_tex_pdf/2308.02676/2308.02676_pdflatex.pdf (13 pages, 107424
4 bytes).
PDF statistics:
 470 PDF objects out of 1000 (max. 8388607)
 336 compressed objects within 4 object streams
 0 named destinations out of 1000 (max. 500000)
 71 words of extra memory for PDF output out of 10000 (max. 10000000)

