This is pdfTeX, Version 3.141592653-2.6-1.40.22 (TeX Live 2021) (preloaded format=pdflatex 2021.12.5)  20 AUG 2023 02:11
entering extended mode
 restricted \write18 enabled.
 %&-line parsing enabled.
**2308.00506
(./2308.00506
LaTeX2e <2020-10-01> patch level 4
L3 programming layer <2021-02-18>
(/usr/local/texlive/2021/texmf-dist/tex/latex/base/article.cls
Document Class: article 2020/04/10 v1.4m Standard LaTeX document class
(/usr/local/texlive/2021/texmf-dist/tex/latex/base/size11.clo
File: size11.clo 2020/04/10 v1.4m Standard LaTeX file (size option)
)
\c@part=\count179
\c@section=\count180
\c@subsection=\count181
\c@subsubsection=\count182
\c@paragraph=\count183
\c@subparagraph=\count184
\c@figure=\count185
\c@table=\count186
\abovecaptionskip=\skip47
\belowcaptionskip=\skip48
\bibindent=\dimen138
)
(/usr/local/texlive/2021/texmf-dist/tex/latex/amsmath/amsmath.sty
Package: amsmath 2020/09/23 v2.17i AMS math features
\@mathmargin=\skip49

For additional information on amsmath, use the `?' option.
(/usr/local/texlive/2021/texmf-dist/tex/latex/amsmath/amstext.sty
Package: amstext 2000/06/29 v2.01 AMS text

(/usr/local/texlive/2021/texmf-dist/tex/latex/amsmath/amsgen.sty
File: amsgen.sty 1999/11/30 v2.0 generic functions
\@emptytoks=\toks15
\ex@=\dimen139
))
(/usr/local/texlive/2021/texmf-dist/tex/latex/amsmath/amsbsy.sty
Package: amsbsy 1999/11/29 v1.2d Bold Symbols
\pmbraise@=\dimen140
)
(/usr/local/texlive/2021/texmf-dist/tex/latex/amsmath/amsopn.sty
Package: amsopn 2016/03/08 v2.02 operator names
)
\inf@bad=\count187
LaTeX Info: Redefining \frac on input line 234.
\uproot@=\count188
\leftroot@=\count189
LaTeX Info: Redefining \overline on input line 399.
\classnum@=\count190
\DOTSCASE@=\count191
LaTeX Info: Redefining \ldots on input line 496.
LaTeX Info: Redefining \dots on input line 499.
LaTeX Info: Redefining \cdots on input line 620.
\Mathstrutbox@=\box47
\strutbox@=\box48
\big@size=\dimen141
LaTeX Font Info:    Redeclaring font encoding OML on input line 743.
LaTeX Font Info:    Redeclaring font encoding OMS on input line 744.
\macc@depth=\count192
\c@MaxMatrixCols=\count193
\dotsspace@=\muskip16
\c@parentequation=\count194
\dspbrk@lvl=\count195
\tag@help=\toks16
\row@=\count196
\column@=\count197
\maxfields@=\count198
\andhelp@=\toks17
\eqnshift@=\dimen142
\alignsep@=\dimen143
\tagshift@=\dimen144
\tagwidth@=\dimen145
\totwidth@=\dimen146
\lineht@=\dimen147
\@envbody=\toks18
\multlinegap=\skip50
\multlinetaggap=\skip51
\mathdisplay@stack=\toks19
LaTeX Info: Redefining \[ on input line 2923.
LaTeX Info: Redefining \] on input line 2924.
)
(/usr/local/texlive/2021/texmf-dist/tex/latex/amsfonts/amsfonts.sty
Package: amsfonts 2013/01/14 v3.01 Basic AMSFonts support
\symAMSa=\mathgroup4
\symAMSb=\mathgroup5
LaTeX Font Info:    Redeclaring math symbol \hbar on input line 98.
LaTeX Font Info:    Overwriting math alphabet `\mathfrak' in version `bold'
(Font)                  U/euf/m/n --> U/euf/b/n on input line 106.
)
(/usr/local/texlive/2021/texmf-dist/tex/latex/amsfonts/amssymb.sty
Package: amssymb 2013/01/14 v3.01 AMS font symbols
)
(/usr/local/texlive/2021/texmf-dist/tex/latex/graphics/graphicx.sty
Package: graphicx 2020/09/09 v1.2b Enhanced LaTeX Graphics (DPC,SPQR)

(/usr/local/texlive/2021/texmf-dist/tex/latex/graphics/keyval.sty
Package: keyval 2014/10/28 v1.15 key=value parser (DPC)
\KV@toks@=\toks20
)
(/usr/local/texlive/2021/texmf-dist/tex/latex/graphics/graphics.sty
Package: graphics 2020/08/30 v1.4c Standard LaTeX Graphics (DPC,SPQR)

(/usr/local/texlive/2021/texmf-dist/tex/latex/graphics/trig.sty
Package: trig 2016/01/03 v1.10 sin cos tan (DPC)
)
(/usr/local/texlive/2021/texmf-dist/tex/latex/graphics-cfg/graphics.cfg
File: graphics.cfg 2016/06/04 v1.11 sample graphics configuration
)
Package graphics Info: Driver file: pdftex.def on input line 105.

(/usr/local/texlive/2021/texmf-dist/tex/latex/graphics-def/pdftex.def
File: pdftex.def 2020/10/05 v1.2a Graphics/color driver for pdftex
))
\Gin@req@height=\dimen148
\Gin@req@width=\dimen149
)
(/usr/local/texlive/2021/texmf-dist/tex/latex/graphics/color.sty
Package: color 2020/02/24 v1.2b Standard LaTeX Color (DPC)

(/usr/local/texlive/2021/texmf-dist/tex/latex/graphics-cfg/color.cfg
File: color.cfg 2016/01/02 v1.6 sample color configuration
)
Package color Info: Driver file: pdftex.def on input line 147.
)
(/usr/local/texlive/2021/texmf-dist/tex/latex/comment/comment.sty
\CommentStream=\write3

Excluding comment 'comment')
\c@theorem=\count199
\c@lemma=\count266

(/usr/local/texlive/2021/texmf-dist/tex/latex/l3backend/l3backend-pdftex.def
File: l3backend-pdftex.def 2021-03-18 L3 backend support: PDF output (pdfTeX)
\l__color_backend_stack_int=\count267
\l__pdf_internal_box=\box49
)

LaTeX Warning: Unused global option(s):
    [epsf].

No file 2308.00506_pdflatex.aux.
\openout1 = `2308.00506_pdflatex.aux'.

LaTeX Font Info:    Checking defaults for OML/cmm/m/it on input line 126.
LaTeX Font Info:    ... okay on input line 126.
LaTeX Font Info:    Checking defaults for OMS/cmsy/m/n on input line 126.
LaTeX Font Info:    ... okay on input line 126.
LaTeX Font Info:    Checking defaults for OT1/cmr/m/n on input line 126.
LaTeX Font Info:    ... okay on input line 126.
LaTeX Font Info:    Checking defaults for T1/cmr/m/n on input line 126.
LaTeX Font Info:    ... okay on input line 126.
LaTeX Font Info:    Checking defaults for TS1/cmr/m/n on input line 126.
LaTeX Font Info:    ... okay on input line 126.
LaTeX Font Info:    Checking defaults for OMX/cmex/m/n on input line 126.
LaTeX Font Info:    ... okay on input line 126.
LaTeX Font Info:    Checking defaults for U/cmr/m/n on input line 126.
LaTeX Font Info:    ... okay on input line 126.
(/usr/local/texlive/2021/texmf-dist/tex/context/base/mkii/supp-pdf.mkii
[Loading MPS to PDF converter (version 2006.09.02).]
\scratchcounter=\count268
\scratchdimen=\dimen150
\scratchbox=\box50
\nofMPsegments=\count269
\nofMParguments=\count270
\everyMPshowfont=\toks21
\MPscratchCnt=\count271
\MPscratchDim=\dimen151
\MPnumerator=\count272
\makeMPintoPDFobject=\count273
\everyMPtoPDFconversion=\toks22
) (/usr/local/texlive/2021/texmf-dist/tex/latex/epstopdf-pkg/epstopdf-base.sty
Package: epstopdf-base 2020-01-24 v2.11 Base part for package epstopdf
Package epstopdf-base Info: Redefining graphics rule for `.eps' on input line 4
85.

(/usr/local/texlive/2021/texmf-dist/tex/latex/latexconfig/epstopdf-sys.cfg
File: epstopdf-sys.cfg 2010/07/13 v1.3 Configuration of (r)epstopdf for TeX Liv
e
))
LaTeX Font Info:    Trying to load font information for U+msa on input line 137
.

(/usr/local/texlive/2021/texmf-dist/tex/latex/amsfonts/umsa.fd
File: umsa.fd 2013/01/14 v3.01 AMS symbols A
)
LaTeX Font Info:    Trying to load font information for U+msb on input line 137
.

(/usr/local/texlive/2021/texmf-dist/tex/latex/amsfonts/umsb.fd
File: umsb.fd 2013/01/14 v3.01 AMS symbols B
)
Underfull \hbox (badness 10000) in paragraph at lines 149--161

 []

[1

{/usr/local/texlive/2021/texmf-var/fonts/map/pdftex/updmap/pdftex.map}]

LaTeX Warning: Citation `WJ65' on page 2 undefined on input line 195.


LaTeX Warning: Citation `KGT17' on page 2 undefined on input line 198.


LaTeX Warning: Citation `Floor08' on page 2 undefined on input line 201.


LaTeX Warning: Citation `Hekland07' on page 2 undefined on input line 201.


LaTeX Warning: Citation `HFR09' on page 2 undefined on input line 201.


LaTeX Warning: Citation `KR07' on page 2 undefined on input line 202.


LaTeX Warning: Citation `WJ65' on page 2 undefined on input line 219.


LaTeX Warning: Citation `WJ65' on page 2 undefined on input line 226.

[2]

LaTeX Warning: Citation `Burnashev84' on page 3 undefined on input line 232.


LaTeX Warning: Citation `Burnashev85' on page 3 undefined on input line 232.


LaTeX Warning: Citation `Cohn70' on page 3 undefined on input line 232.


LaTeX Warning: Citation `WJ65' on page 3 undefined on input line 239.


LaTeX Warning: Citation `KGT17' on page 3 undefined on input line 241.


LaTeX Warning: Citation `KGT17' on page 3 undefined on input line 247.


LaTeX Warning: Citation `me19' on page 3 undefined on input line 259.


LaTeX Warning: Citation `KGT17' on page 3 undefined on input line 259.


LaTeX Warning: Citation `me19' on page 3 undefined on input line 263.


LaTeX Warning: Citation `KGT17' on page 3 undefined on input line 264.


LaTeX Warning: Citation `me19' on page 3 undefined on input line 266.


LaTeX Warning: Citation `me19' on page 3 undefined on input line 270.


LaTeX Warning: Citation `me19' on page 3 undefined on input line 273.

[3]

LaTeX Warning: Citation `Chen96' on page 4 undefined on input line 291.


LaTeX Warning: Citation `CXS99' on page 4 undefined on input line 292.


LaTeX Warning: Citation `CW98' on page 4 undefined on input line 292.


LaTeX Warning: Citation `Drake98' on page 4 undefined on input line 293.


LaTeX Warning: Citation `HM04' on page 4 undefined on input line 293.


LaTeX Warning: Citation `KK00' on page 4 undefined on input line 293.


LaTeX Warning: Citation `LSXW06' on page 4 undefined on input line 293.


LaTeX Warning: Citation `PVLS03' on page 4 undefined on input line 293.


LaTeX Warning: Citation `PW95' on page 4 undefined on input line 293.


LaTeX Warning: Citation `Wallinger13' on page 4 undefined on input line 293.


LaTeX Warning: Citation `WYL99' on page 4 undefined on input line 294.


LaTeX Warning: Citation `XTCL09' on page 4 undefined on input line 294.


LaTeX Warning: Citation `YWLZ18' on page 4 undefined on input line 294.


LaTeX Warning: Citation `WJ65' on page 4 undefined on input line 308.


LaTeX Warning: Citation `me19' on page 4 undefined on input line 310.


LaTeX Warning: Citation `me19' on page 4 undefined on input line 318.

[4]

LaTeX Warning: Citation `me19' on page 5 undefined on input line 333.


LaTeX Warning: Reference `ds' on page 5 undefined on input line 341.


LaTeX Warning: Reference `sys' on page 5 undefined on input line 350.


LaTeX Warning: Reference `properties' on page 5 undefined on input line 351.


LaTeX Warning: Reference `lowerbound' on page 5 undefined on input line 352.


LaTeX Warning: Reference `itinerary' on page 5 undefined on input line 354.


LaTeX Warning: Reference `longrange' on page 5 undefined on input line 356.

[5]

LaTeX Warning: Citation `WYL99' on page 6 undefined on input line 387.


LaTeX Warning: Citation `WYL99' on page 6 undefined on input line 400.


LaTeX Warning: Reference `recursion' on page 6 undefined on input line 411.


LaTeX Warning: Reference `properties' on page 6 undefined on input line 413.

[6]

LaTeX Warning: Reference `recursion' on page 7 undefined on input line 418.


LaTeX Warning: Citation `me19' on page 7 undefined on input line 451.


LaTeX Warning: Reference `obj' on page 7 undefined on input line 468.


LaTeX Warning: Reference `constraint' on page 7 undefined on input line 470.

[7]

LaTeX Warning: Reference `sys' on page 8 undefined on input line 482.


LaTeX Warning: Reference `lowerbound' on page 8 undefined on input line 485.


Underfull \hbox (badness 10000) in paragraph at lines 481--486

 []


LaTeX Warning: Reference `s0=w(x)' on page 8 undefined on input line 503.


LaTeX Warning: Reference `s0=w(x)' on page 8 undefined on input line 507.

[8]

LaTeX Warning: Reference `s0=w(x)' on page 9 undefined on input line 517.


LaTeX Warning: Reference `s0=w(x)' on page 9 undefined on input line 525.


LaTeX Warning: Reference `recursion' on page 9 undefined on input line 529.


Underfull \hbox (badness 10000) in paragraph at lines 551--556

 []


LaTeX Warning: Reference `recursion' on page 9 undefined on input line 561.


Underfull \hbox (badness 10000) in paragraph at lines 557--583

 []

[9]

LaTeX Warning: Citation `ER85' on page 10 undefined on input line 590.

[10]
Underfull \hbox (badness 10000) in paragraph at lines 606--609

 []


LaTeX Warning: Citation `WJ65' on page 11 undefined on input line 613.


LaTeX Warning: Citation `me19' on page 11 undefined on input line 614.


LaTeX Warning: Reference `ut' on page 11 undefined on input line 614.


LaTeX Warning: Reference `Ln' on page 11 undefined on input line 638.

[11]
Underfull \hbox (badness 10000) in paragraph at lines 669--674

 []

[12]

LaTeX Warning: Reference `ut' on page 13 undefined on input line 687.


LaTeX Warning: Citation `Papoulis91' on page 13 undefined on input line 723.


LaTeX Warning: Reference `bounds0' on page 13 undefined on input line 729.


LaTeX Warning: Citation `Papoulis91' on page 13 undefined on input line 731.

[13]
Underfull \hbox (badness 10000) in paragraph at lines 748--753

 []

[14]

LaTeX Warning: Reference `sys' on page 15 undefined on input line 784.


LaTeX Warning: Citation `me19' on page 15 undefined on input line 785.


LaTeX Warning: Reference `properties' on page 15 undefined on input line 787.


LaTeX Warning: Citation `me19' on page 15 undefined on input line 788.


LaTeX Warning: Citation `me19' on page 15 undefined on input line 789.


LaTeX Warning: Reference `constraint' on page 15 undefined on input line 793.


LaTeX Warning: Citation `me19' on page 15 undefined on input line 805.


Underfull \hbox (badness 10000) in paragraph at lines 804--806

 []


Underfull \hbox (badness 10000) in paragraph at lines 807--813

 []


Underfull \hbox (badness 10000) in paragraph at lines 814--823

 []


Underfull \hbox (badness 10000) in paragraph at lines 824--830

 []

[15]

LaTeX Warning: Citation `me19' on page 16 undefined on input line 836.


LaTeX Warning: Citation `me19' on page 16 undefined on input line 845.


LaTeX Warning: Reference `properties' on page 16 undefined on input line 859.


LaTeX Warning: Reference `1ststep' on page 16 undefined on input line 865.


LaTeX Warning: Reference `lbme19' on page 16 undefined on input line 868.


LaTeX Warning: Citation `WJ65' on page 16 undefined on input line 870.


LaTeX Warning: Citation `CT06' on page 16 undefined on input line 871.

[16]

LaTeX Warning: Citation `me19' on page 17 undefined on input line 904.


LaTeX Warning: Citation `WJ65' on page 17 undefined on input line 922.


LaTeX Warning: Citation `me19' on page 17 undefined on input line 923.

[17]

LaTeX Warning: Reference `properties' on page 18 undefined on input line 953.


LaTeX Warning: Citation `me19' on page 18 undefined on input line 963.


LaTeX Warning: Reference `1ststep' on page 18 undefined on input line 965.


LaTeX Warning: Citation `me19' on page 18 undefined on input line 973.


LaTeX Warning: Reference `properties' on page 18 undefined on input line 983.


LaTeX Warning: Reference `Adef' on page 18 undefined on input line 990.


LaTeX Warning: Reference `C1def' on page 18 undefined on input line 992.


LaTeX Warning: Citation `me19' on page 18 undefined on input line 1002.

[18]

LaTeX Warning: Citation `me19' on page 19 undefined on input line 1035.

[19]

LaTeX Warning: Reference `lowerbound' on page 20 undefined on input line 1089.

[20]

LaTeX Warning: Reference `s0=w(x)' on page 21 undefined on input line 1112.


LaTeX Warning: Citation `HV93' on page 21 undefined on input line 1139.

[21]

LaTeX Warning: Citation `HV93' on page 22 undefined on input line 1150.


Overfull \hbox (14.58627pt too wide) in paragraph at lines 1158--1182
\OT1/cmr/m/n/10.95 cer-tain ma-nip-u-la-tion of the bits of $\OML/cmm/m/it/10.9
5 S[]$ \OT1/cmr/m/n/10.95 whereas the mul-ti-pli-ca-tion by $[][]\OMS/cmsy/m/n/
10.95 f[]\OT1/cmr/m/n/10.95 [1\OML/cmm/m/it/10.95 =p[]\OT1/cmr/m/n/10.95 (\OML/
cmm/m/it/10.95 X[]\OMS/cmsy/m/n/10.95 j\OML/cmm/m/it/10.95 X[]; [] ; X[]\OT1/cm
r/m/n/10.95 )]\OMS/cmsy/m/n/10.95 g$
 []


Overfull \hbox (67.03961pt too wide) in paragraph at lines 1158--1182
\OT1/cmr/m/n/10.95 means a shift of $[][1\OML/cmm/m/it/10.95 =p[]\OT1/cmr/m/n/1
0.95 (\OML/cmm/m/it/10.95 X[]\OMS/cmsy/m/n/10.95 j\OML/cmm/m/it/10.95 X[]; [] ;
 X[]\OT1/cmr/m/n/10.95 )]$ bits to the left. Af-ter the shift, the left-most $[
][1\OML/cmm/m/it/10.95 =p[]\OT1/cmr/m/n/10.95 (\OML/cmm/m/it/10.95 X[]\OMS/cmsy
/m/n/10.95 j\OML/cmm/m/it/10.95 X[]; [] ; X[]\OT1/cmr/m/n/10.95 )]$
 []

Excluding 'comment' comment. [22]
Underfull \hbox (badness 10000) in paragraph at lines 1242--1244

 []


Underfull \hbox (badness 10000) in paragraph at lines 1260--1264

 []

[23] [24]

LaTeX Warning: Reference `ut' on page 25 undefined on input line 1338.


LaTeX Warning: Reference `bounds0' on page 25 undefined on input line 1340.

[25] [26] [27

] [28] [29]
(/Users/jovyntan/Desktop/work/fyp/exploration/diff_test_tex_engines/bin/compile
d_tex_pdf/2308.00506/2308.00506_pdflatex.aux)

LaTeX Warning: There were undefined references.


LaTeX Warning: Label(s) may have changed. Rerun to get cross-references right.

 ) 
Here is how much of TeX's memory you used:
 2633 strings out of 478994
 34193 string characters out of 5858184
 332687 words of memory out of 5000000
 20095 multiletter control sequences out of 15000+600000
 416616 words of font info for 76 fonts, out of 8000000 for 9000
 1141 hyphenation exceptions out of 8191
 68i,11n,74p,223b,223s stack positions out of 5000i,500n,10000p,200000b,80000s
</usr/local/texlive/2021/texmf-dist/fonts/type1/public/amsfonts/cm/cmbx10.pfb
></usr/local/texlive/2021/texmf-dist/fonts/type1/public/amsfonts/cm/cmbx12.pfb>
</usr/local/texlive/2021/texmf-dist/fonts/type1/public/amsfonts/cm/cmex10.pfb><
/usr/local/texlive/2021/texmf-dist/fonts/type1/public/amsfonts/cm/cmmi10.pfb></
usr/local/texlive/2021/texmf-dist/fonts/type1/public/amsfonts/cm/cmmi12.pfb></u
sr/local/texlive/2021/texmf-dist/fonts/type1/public/amsfonts/cm/cmmi6.pfb></usr
/local/texlive/2021/texmf-dist/fonts/type1/public/amsfonts/cm/cmmi8.pfb></usr/l
ocal/texlive/2021/texmf-dist/fonts/type1/public/amsfonts/cm/cmmi9.pfb></usr/loc
al/texlive/2021/texmf-dist/fonts/type1/public/amsfonts/cm/cmmib10.pfb></usr/loc
al/texlive/2021/texmf-dist/fonts/type1/public/amsfonts/cm/cmr10.pfb></usr/local
/texlive/2021/texmf-dist/fonts/type1/public/amsfonts/cm/cmr12.pfb></usr/local/t
exlive/2021/texmf-dist/fonts/type1/public/amsfonts/cm/cmr17.pfb></usr/local/tex
live/2021/texmf-dist/fonts/type1/public/amsfonts/cm/cmr6.pfb></usr/local/texliv
e/2021/texmf-dist/fonts/type1/public/amsfonts/cm/cmr8.pfb></usr/local/texlive/2
021/texmf-dist/fonts/type1/public/amsfonts/cm/cmr9.pfb></usr/local/texlive/2021
/texmf-dist/fonts/type1/public/amsfonts/cm/cmsy10.pfb></usr/local/texlive/2021/
texmf-dist/fonts/type1/public/amsfonts/cm/cmsy6.pfb></usr/local/texlive/2021/te
xmf-dist/fonts/type1/public/amsfonts/cm/cmsy8.pfb></usr/local/texlive/2021/texm
f-dist/fonts/type1/public/amsfonts/cm/cmti10.pfb></usr/local/texlive/2021/texmf
-dist/fonts/type1/public/amsfonts/cm/cmtt10.pfb>
Output written on /Users/jovyntan/Desktop/work/fyp/exploration/diff_test_tex_en
gines/bin/compiled_tex_pdf/2308.00506/2308.00506_pdflatex.pdf (29 pages, 333610
 bytes).
PDF statistics:
 178 PDF objects out of 1000 (max. 8388607)
 125 compressed objects within 2 object streams
 0 named destinations out of 1000 (max. 500000)
 1 words of extra memory for PDF output out of 10000 (max. 10000000)

