This is LuaHBTeX, Version 1.13.0 (TeX Live 2021)  (format=lualatex 2021.12.5)  20 AUG 2023 02:11
 restricted system commands enabled.
**2308.00506
(./2308.00506
LaTeX2e <2020-10-01> patch level 4
Lua module: luaotfload 2021-01-08 3.17 Lua based OpenType font support
Lua module: lualibs 2020-12-30 2.73 ConTeXt Lua standard libraries.
Lua module: lualibs-extended 2020-12-30 2.73 ConTeXt Lua libraries -- extended c
ollection.
luaotfload | conf : Root cache directory is "/Users/jovyntan/Library/texlive/202
1/texmf-var/luatex-cache/generic/names".
luaotfload | init : Loading fontloader "fontloader-2021-01-07.lua" from kpse-res
olved path "/usr/local/texlive/2021/texmf-dist/tex/luatex/luaotfload/fontloader-
2021-01-07.lua".
Lua-only attribute luaotfload@noligature = 1
Lua-only attribute luaotfload@syllabe = 2
luaotfload | init : Context OpenType loader version 0x1.8e76c8b439581p+1
Inserting `luaotfload.node_processor' at position 1 in `pre_linebreak_filter'.
Inserting `luaotfload.node_processor' at position 1 in `hpack_filter'.
Inserting `luaotfload.glyph_stream' at position 1 in `glyph_stream_provider'.
Inserting `luaotfload.define_font' at position 1 in `define_font'.
Lua-only attribute luaotfload_color_attribute = 3
luaotfload | conf : Root cache directory is "/Users/jovyntan/Library/texlive/202
1/texmf-var/luatex-cache/generic/names".
Inserting `luaotfload.harf.strip_prefix' at position 1 in `find_opentype_file'.
Inserting `luaotfload.harf.strip_prefix' at position 1 in `find_truetype_file'.
Inserting `luaotfload.harf.finalize_vlist' at position 1 in `post_linebreak_filt
er'.
Inserting `luaotfload.harf.finalize_hlist' at position 2 in `hpack_filter'.
Inserting `luaotfload.cleanup_files' at position 1 in `wrapup_run'.
Inserting `luaotfload.harf.finalize_unicode' at position 1 in `finish_pdffile'.
Inserting `luaotfload.glyphinfo' at position 1 in `glyph_info'.
Inserting `luaotfload.aux.set_sscale_dimens' at position 1 in `luaotfload.patch_
font'.
Inserting `luaotfload.aux.set_font_index' at position 2 in `luaotfload.patch_fon
t'.
Inserting `luaotfload.aux.patch_cambria_domh' at position 3 in `luaotfload.patch
_font'.
Inserting `luaotfload.aux.fixup_fontdata' at position 1 in `luaotfload.patch_fon
t_unsafe'.
Inserting `luaotfload.aux.set_capheight' at position 4 in `luaotfload.patch_font
'.
Inserting `luaotfload.aux.set_xheight' at position 5 in `luaotfload.patch_font'.
Inserting `luaotfload.rewrite_fontname' at position 6 in `luaotfload.patch_font'
. L3 programming layer <2021-02-18>
(/usr/local/texlive/2021/texmf-dist/tex/latex/base/article.cls
Document Class: article 2020/04/10 v1.4m Standard LaTeX document class
(/usr/local/texlive/2021/texmf-dist/tex/latex/base/size11.clo
File: size11.clo 2020/04/10 v1.4m Standard LaTeX file (size option)
luaotfload | db : Font names database loaded from /Users/jovyntan/Library/texliv
e/2021/texmf-var/luatex-cache/generic/names/luaotfload-names.luc)
\c@part=\count175
\c@section=\count176
\c@subsection=\count177
\c@subsubsection=\count178
\c@paragraph=\count179
\c@subparagraph=\count180
\c@figure=\count181
\c@table=\count182
\abovecaptionskip=\skip47
\belowcaptionskip=\skip48
\bibindent=\dimen138
)
(/usr/local/texlive/2021/texmf-dist/tex/latex/amsmath/amsmath.sty
Package: amsmath 2020/09/23 v2.17i AMS math features
\@mathmargin=\skip49

For additional information on amsmath, use the `?' option.
(/usr/local/texlive/2021/texmf-dist/tex/latex/amsmath/amstext.sty
Package: amstext 2000/06/29 v2.01 AMS text

(/usr/local/texlive/2021/texmf-dist/tex/latex/amsmath/amsgen.sty
File: amsgen.sty 1999/11/30 v2.0 generic functions
\@emptytoks=\toks15
\ex@=\dimen139
))
(/usr/local/texlive/2021/texmf-dist/tex/latex/amsmath/amsbsy.sty
Package: amsbsy 1999/11/29 v1.2d Bold Symbols
\pmbraise@=\dimen140
)
(/usr/local/texlive/2021/texmf-dist/tex/latex/amsmath/amsopn.sty
Package: amsopn 2016/03/08 v2.02 operator names
)
\inf@bad=\count183
LaTeX Info: Redefining \frac on input line 236.
\uproot@=\count184
\leftroot@=\count185
LaTeX Info: Redefining \overline on input line 399.
\classnum@=\count186
\DOTSCASE@=\count187
LaTeX Info: Redefining \ldots on input line 496.
LaTeX Info: Redefining \dots on input line 499.
LaTeX Info: Redefining \cdots on input line 620.
\Mathstrutbox@=\box47
\strutbox@=\box48
\big@size=\dimen141
LaTeX Font Info:    Redeclaring font encoding OML on input line 743.
LaTeX Font Info:    Redeclaring font encoding OMS on input line 744.
\macc@depth=\count188
\c@MaxMatrixCols=\count189
\dotsspace@=\muskip16
\c@parentequation=\count190
\dspbrk@lvl=\count191
\tag@help=\toks16
\row@=\count192
\column@=\count193
\maxfields@=\count194
\andhelp@=\toks17
\eqnshift@=\dimen142
\alignsep@=\dimen143
\tagshift@=\dimen144
\tagwidth@=\dimen145
\totwidth@=\dimen146
\lineht@=\dimen147
\@envbody=\toks18
\multlinegap=\skip50
\multlinetaggap=\skip51
\mathdisplay@stack=\toks19
LaTeX Info: Redefining \[ on input line 2923.
LaTeX Info: Redefining \] on input line 2924.
)
(/usr/local/texlive/2021/texmf-dist/tex/latex/amsfonts/amsfonts.sty
Package: amsfonts 2013/01/14 v3.01 Basic AMSFonts support
\symAMSa=\mathgroup4
\symAMSb=\mathgroup5
LaTeX Font Info:    Redeclaring math symbol \hbar on input line 98.
LaTeX Font Info:    Overwriting math alphabet `\mathfrak' in version `bold'
(Font)                  U/euf/m/n --> U/euf/b/n on input line 106.
)
(/usr/local/texlive/2021/texmf-dist/tex/latex/amsfonts/amssymb.sty
Package: amssymb 2013/01/14 v3.01 AMS font symbols
)
(/usr/local/texlive/2021/texmf-dist/tex/latex/graphics/graphicx.sty
Package: graphicx 2020/09/09 v1.2b Enhanced LaTeX Graphics (DPC,SPQR)

(/usr/local/texlive/2021/texmf-dist/tex/latex/graphics/keyval.sty
Package: keyval 2014/10/28 v1.15 key=value parser (DPC)
\KV@toks@=\toks20
)
(/usr/local/texlive/2021/texmf-dist/tex/latex/graphics/graphics.sty
Package: graphics 2020/08/30 v1.4c Standard LaTeX Graphics (DPC,SPQR)

(/usr/local/texlive/2021/texmf-dist/tex/latex/graphics/trig.sty
Package: trig 2016/01/03 v1.10 sin cos tan (DPC)
)
(/usr/local/texlive/2021/texmf-dist/tex/latex/graphics-cfg/graphics.cfg
File: graphics.cfg 2016/06/04 v1.11 sample graphics configuration
)
Package graphics Info: Driver file: luatex.def on input line 105.

(/usr/local/texlive/2021/texmf-dist/tex/latex/graphics-def/luatex.def
File: luatex.def 2020/10/05 v1.2a Graphics/color driver for luatex
))
\Gin@req@height=\dimen148
\Gin@req@width=\dimen149
)
(/usr/local/texlive/2021/texmf-dist/tex/latex/graphics/color.sty
Package: color 2020/02/24 v1.2b Standard LaTeX Color (DPC)

(/usr/local/texlive/2021/texmf-dist/tex/latex/graphics-cfg/color.cfg
File: color.cfg 2016/01/02 v1.6 sample color configuration
)
Package color Info: Driver file: luatex.def on input line 147.
)
(/usr/local/texlive/2021/texmf-dist/tex/latex/comment/comment.sty
\CommentStream=\write3

Excluding comment 'comment')
\c@theorem=\count195
\c@lemma=\count196

(/usr/local/texlive/2021/texmf-dist/tex/latex/l3backend/l3backend-luatex.def
File: l3backend-luatex.def 2021-03-18 L3 backend support: PDF output (LuaTeX)
\l__color_backend_stack_int=\count197
\l__pdf_internal_box=\box49
)

LaTeX Warning: Unused global option(s):
    [epsf].

No file 2308.00506_lualatex.aux.

\openout1 = 2308.00506_lualatex.aux
LaTeX Font Info:    Checking defaults for OML/cmm/m/it on input line 126.
LaTeX Font Info:    ... okay on input line 126.
LaTeX Font Info:    Checking defaults for OMS/cmsy/m/n on input line 126.
LaTeX Font Info:    ... okay on input line 126.
LaTeX Font Info:    Checking defaults for OT1/cmr/m/n on input line 126.
LaTeX Font Info:    ... okay on input line 126.
LaTeX Font Info:    Checking defaults for T1/cmr/m/n on input line 126.
LaTeX Font Info:    ... okay on input line 126.
LaTeX Font Info:    Checking defaults for TS1/cmr/m/n on input line 126.
LaTeX Font Info:    Trying to load font information for TS1+cmr on input line 1
26.
(/usr/local/texlive/2021/texmf-dist/tex/latex/base/ts1cmr.fd
File: ts1cmr.fd 2019/12/16 v2.5j Standard LaTeX font definitions
)
LaTeX Font Info:    ... okay on input line 126.
LaTeX Font Info:    Checking defaults for TU/lmr/m/n on input line 126.
LaTeX Font Info:    ... okay on input line 126.
LaTeX Font Info:    Checking defaults for OMX/cmex/m/n on input line 126.
LaTeX Font Info:    ... okay on input line 126.
LaTeX Font Info:    Checking defaults for U/cmr/m/n on input line 126.
LaTeX Font Info:    ... okay on input line 126.

(/usr/local/texlive/2021/texmf-dist/tex/context/base/mkii/supp-pdf.mkii
[Loading MPS to PDF converter (version 2006.09.02).]
\scratchcounter=\count198
\scratchdimen=\dimen150
\scratchbox=\box50
\nofMPsegments=\count199
\nofMParguments=\count266
\everyMPshowfont=\toks21
\MPscratchCnt=\count267
\MPscratchDim=\dimen151
\MPnumerator=\count268
\makeMPintoPDFobject=\count269
\everyMPtoPDFconversion=\toks22
) (/usr/local/texlive/2021/texmf-dist/tex/latex/epstopdf-pkg/epstopdf-base.sty
Package: epstopdf-base 2020-01-24 v2.11 Base part for package epstopdf
Package epstopdf-base Info: Redefining graphics rule for `.eps' on input line 4
85.

(/usr/local/texlive/2021/texmf-dist/tex/latex/latexconfig/epstopdf-sys.cfg
File: epstopdf-sys.cfg 2010/07/13 v1.3 Configuration of (r)epstopdf for TeX Liv
e
))
LaTeX Font Info:    Trying to load font information for U+msa on input line 137
.

(/usr/local/texlive/2021/texmf-dist/tex/latex/amsfonts/umsa.fd
File: umsa.fd 2013/01/14 v3.01 AMS symbols A
)
LaTeX Font Info:    Trying to load font information for U+msb on input line 137
.

(/usr/local/texlive/2021/texmf-dist/tex/latex/amsfonts/umsb.fd
File: umsb.fd 2013/01/14 v3.01 AMS symbols B
)
Underfull \hbox (badness 10000) in paragraph at lines 149--161

 []

[1

{/usr/local/texlive/2021/texmf-var/fonts/map/pdftex/updmap/pdftex.map}]

LaTeX Warning: Citation `WJ65' on page 2 undefined on input line 195.


LaTeX Warning: Citation `KGT17' on page 2 undefined on input line 198.


LaTeX Warning: Citation `Floor08' on page 2 undefined on input line 201.


LaTeX Warning: Citation `Hekland07' on page 2 undefined on input line 201.


LaTeX Warning: Citation `HFR09' on page 2 undefined on input line 201.


LaTeX Warning: Citation `KR07' on page 2 undefined on input line 202.


LaTeX Warning: Citation `WJ65' on page 2 undefined on input line 219.


LaTeX Warning: Citation `WJ65' on page 2 undefined on input line 226.

[2]

LaTeX Warning: Citation `Burnashev84' on page 3 undefined on input line 232.


LaTeX Warning: Citation `Burnashev85' on page 3 undefined on input line 232.


LaTeX Warning: Citation `Cohn70' on page 3 undefined on input line 232.


LaTeX Warning: Citation `WJ65' on page 3 undefined on input line 239.


LaTeX Warning: Citation `KGT17' on page 3 undefined on input line 241.


LaTeX Warning: Citation `KGT17' on page 3 undefined on input line 247.


LaTeX Warning: Citation `me19' on page 3 undefined on input line 259.


LaTeX Warning: Citation `KGT17' on page 3 undefined on input line 259.


LaTeX Warning: Citation `me19' on page 3 undefined on input line 263.


LaTeX Warning: Citation `KGT17' on page 3 undefined on input line 264.


LaTeX Warning: Citation `me19' on page 3 undefined on input line 266.


LaTeX Warning: Citation `me19' on page 3 undefined on input line 270.


LaTeX Warning: Citation `me19' on page 3 undefined on input line 273.

[3]

LaTeX Warning: Citation `Chen96' on page 4 undefined on input line 291.


LaTeX Warning: Citation `CXS99' on page 4 undefined on input line 292.


LaTeX Warning: Citation `CW98' on page 4 undefined on input line 292.


LaTeX Warning: Citation `Drake98' on page 4 undefined on input line 293.


LaTeX Warning: Citation `HM04' on page 4 undefined on input line 293.


LaTeX Warning: Citation `KK00' on page 4 undefined on input line 293.


LaTeX Warning: Citation `LSXW06' on page 4 undefined on input line 293.


LaTeX Warning: Citation `PVLS03' on page 4 undefined on input line 293.


LaTeX Warning: Citation `PW95' on page 4 undefined on input line 293.


LaTeX Warning: Citation `Wallinger13' on page 4 undefined on input line 293.


LaTeX Warning: Citation `WYL99' on page 4 undefined on input line 294.


LaTeX Warning: Citation `XTCL09' on page 4 undefined on input line 294.


LaTeX Warning: Citation `YWLZ18' on page 4 undefined on input line 294.


LaTeX Warning: Citation `WJ65' on page 4 undefined on input line 308.


LaTeX Warning: Citation `me19' on page 4 undefined on input line 310.


LaTeX Warning: Citation `me19' on page 4 undefined on input line 318.

[4]

LaTeX Warning: Citation `me19' on page 5 undefined on input line 333.


LaTeX Warning: Reference `ds' on page 5 undefined on input line 341.


LaTeX Warning: Reference `sys' on page 5 undefined on input line 350.


LaTeX Warning: Reference `properties' on page 5 undefined on input line 351.


LaTeX Warning: Reference `lowerbound' on page 5 undefined on input line 352.


LaTeX Warning: Reference `itinerary' on page 5 undefined on input line 354.


LaTeX Warning: Reference `longrange' on page 5 undefined on input line 356.

[5]

LaTeX Warning: Citation `WYL99' on page 6 undefined on input line 387.


LaTeX Warning: Citation `WYL99' on page 6 undefined on input line 400.


LaTeX Warning: Reference `recursion' on page 6 undefined on input line 411.


LaTeX Warning: Reference `properties' on page 6 undefined on input line 413.

[6]

LaTeX Warning: Reference `recursion' on page 7 undefined on input line 418.


LaTeX Warning: Citation `me19' on page 7 undefined on input line 451.


LaTeX Warning: Reference `obj' on page 7 undefined on input line 468.


LaTeX Warning: Reference `constraint' on page 7 undefined on input line 470.

[7]

LaTeX Warning: Reference `sys' on page 8 undefined on input line 482.


LaTeX Warning: Reference `lowerbound' on page 8 undefined on input line 485.


Underfull \hbox (badness 10000) in paragraph at lines 481--486

 []


LaTeX Warning: Reference `s0=w(x)' on page 8 undefined on input line 503.


LaTeX Warning: Reference `s0=w(x)' on page 8 undefined on input line 507.

[8]

LaTeX Warning: Reference `s0=w(x)' on page 9 undefined on input line 517.


LaTeX Warning: Reference `s0=w(x)' on page 9 undefined on input line 525.


LaTeX Warning: Reference `recursion' on page 9 undefined on input line 529.


Underfull \hbox (badness 10000) in paragraph at lines 551--556

 []


LaTeX Warning: Reference `recursion' on page 9 undefined on input line 561.


Underfull \hbox (badness 10000) in paragraph at lines 557--583

 []

[9]

LaTeX Warning: Citation `ER85' on page 10 undefined on input line 590.

[10]
Underfull \hbox (badness 10000) in paragraph at lines 606--609

 []


LaTeX Warning: Citation `WJ65' on page 11 undefined on input line 613.


LaTeX Warning: Citation `me19' on page 11 undefined on input line 614.


LaTeX Warning: Reference `ut' on page 11 undefined on input line 614.


LaTeX Warning: Reference `Ln' on page 11 undefined on input line 638.

[11]
Underfull \hbox (badness 10000) in paragraph at lines 669--674

 []

[12]

LaTeX Warning: Reference `ut' on page 13 undefined on input line 687.


LaTeX Warning: Citation `Papoulis91' on page 13 undefined on input line 723.


LaTeX Warning: Reference `bounds0' on page 13 undefined on input line 729.


LaTeX Warning: Citation `Papoulis91' on page 13 undefined on input line 731.

[13]
Underfull \hbox (badness 10000) in paragraph at lines 748--753

 []

[14]

LaTeX Warning: Reference `sys' on page 15 undefined on input line 784.


LaTeX Warning: Citation `me19' on page 15 undefined on input line 785.


LaTeX Warning: Reference `properties' on page 15 undefined on input line 787.


LaTeX Warning: Citation `me19' on page 15 undefined on input line 788.


LaTeX Warning: Citation `me19' on page 15 undefined on input line 789.


LaTeX Warning: Reference `constraint' on page 15 undefined on input line 793.


LaTeX Warning: Citation `me19' on page 15 undefined on input line 805.


Underfull \hbox (badness 10000) in paragraph at lines 804--806

 []


Underfull \hbox (badness 10000) in paragraph at lines 807--813

 []


Underfull \hbox (badness 10000) in paragraph at lines 814--823

 []


Underfull \hbox (badness 10000) in paragraph at lines 824--830

 []

[15]

LaTeX Warning: Citation `me19' on page 16 undefined on input line 836.


LaTeX Warning: Citation `me19' on page 16 undefined on input line 845.


LaTeX Warning: Reference `properties' on page 16 undefined on input line 859.


LaTeX Warning: Reference `1ststep' on page 16 undefined on input line 865.


LaTeX Warning: Reference `lbme19' on page 16 undefined on input line 868.


LaTeX Warning: Citation `WJ65' on page 16 undefined on input line 870.


LaTeX Warning: Citation `CT06' on page 16 undefined on input line 871.

[16]

LaTeX Warning: Citation `me19' on page 17 undefined on input line 904.


LaTeX Warning: Citation `WJ65' on page 17 undefined on input line 922.


LaTeX Warning: Citation `me19' on page 17 undefined on input line 923.

[17]

LaTeX Warning: Reference `properties' on page 18 undefined on input line 953.


LaTeX Warning: Citation `me19' on page 18 undefined on input line 963.


LaTeX Warning: Reference `1ststep' on page 18 undefined on input line 965.


LaTeX Warning: Citation `me19' on page 18 undefined on input line 973.


LaTeX Warning: Reference `properties' on page 18 undefined on input line 983.


LaTeX Warning: Reference `Adef' on page 18 undefined on input line 990.


LaTeX Warning: Reference `C1def' on page 18 undefined on input line 992.


LaTeX Warning: Citation `me19' on page 18 undefined on input line 1002.

[18]

LaTeX Warning: Citation `me19' on page 19 undefined on input line 1035.

[19]

LaTeX Warning: Reference `lowerbound' on page 20 undefined on input line 1089.

[20]

LaTeX Warning: Reference `s0=w(x)' on page 21 undefined on input line 1112.


LaTeX Warning: Citation `HV93' on page 21 undefined on input line 1139.

[21]

LaTeX Warning: Citation `HV93' on page 22 undefined on input line 1150.


Overfull \hbox (14.61621pt too wide) in paragraph at lines 1158--1182
\TU/lmr/m/n/10.95 cer-tain ma-nip-u-la-tion of the bits of $\OML/cmm/m/it/10.95
 S[]$ \TU/lmr/m/n/10.95 whereas the mul-ti-pli-ca-tion by $[][]\OMS/cmsy/m/n/10
.95 f[]\OT1/cmr/m/n/10.95 [1\OML/cmm/m/it/10.95 =p[]\OT1/cmr/m/n/10.95 (\OML/cm
m/m/it/10.95 X[]\OMS/cmsy/m/n/10.95 j\OML/cmm/m/it/10.95 X[]; [] ; X[]\OT1/cmr/
m/n/10.95 )]\OMS/cmsy/m/n/10.95 g$
 []


Overfull \hbox (67.03076pt too wide) in paragraph at lines 1158--1182
\TU/lmr/m/n/10.95 means a shift of $[]\OT1/cmr/m/n/10.95 [1\OML/cmm/m/it/10.95 
=p[]\OT1/cmr/m/n/10.95 (\OML/cmm/m/it/10.95 X[]\OMS/cmsy/m/n/10.95 j\OML/cmm/m/
it/10.95 X[]; [] ; X[]\OT1/cmr/m/n/10.95 )]$ \TU/lmr/m/n/10.95 bits to the left.
 Af-ter the shift, the left-most $[]\OT1/cmr/m/n/10.95 [1\OML/cmm/m/it/10.95 =p[]\OT1/cmr/m/n/10.95 (\OML/cmm/m/it/10.95 X[]\OMS/cmsy/m/n/10.95 j\OML/cmm/m/it/10.95 X[]; [] ; X[]\OT1/cmr/m/n/10.95 )]$
 []

Excluding 'comment' comment. [22]
Underfull \hbox (badness 10000) in paragraph at lines 1242--1244

 []


Underfull \hbox (badness 10000) in paragraph at lines 1260--1264

 []

[23] [24]

LaTeX Warning: Reference `ut' on page 25 undefined on input line 1338.


LaTeX Warning: Reference `bounds0' on page 25 undefined on input line 1340.

[25] [26] [27

] [28] [29]
(/Users/jovyntan/Desktop/work/fyp/exploration/diff_test_tex_engines/bin/compile
d_tex_pdf/2308.00506/2308.00506_lualatex.aux)

LaTeX Warning: There were undefined references.


LaTeX Warning: Label(s) may have changed. Rerun to get cross-references right.

)

Here is how much of LuaTeX's memory you used:
 2763 strings out of 478531
 100000,383344 words of node,token memory allocated
 1045 words of node memory still in use:
   6 hlist, 2 vlist, 2 rule, 3 glue, 4 kern, 2 sub_mlist, 1 glyph, 143 attribute
, 52 glue_spec, 143 attribute_list, 1 write nodes
   avail lists: 2:538,3:180,4:54,5:591,6:23,7:6955,8:87,9:934,10:28,11:524
 22620 multiletter control sequences out of 65536+600000
 81 fonts using 7146607 bytes
 68i,11n,71p,210b,234s stack positions out of 5000i,500n,10000p,200000b,80000s
</usr/local/texlive/2021/texmf-dist/fonts/opentype/public/lm/lmroman9-regular.ot
f></usr/local/texlive/2021/texmf-dist/fonts/opentype/public/lm/lmroman6-regular.
otf></usr/local/texlive/2021/texmf-dist/fonts/opentype/public/lm/lmroman8-regula
r.otf></usr/local/texlive/2021/texmf-dist/fonts/opentype/public/lm/lmroman10-ita
lic.otf></usr/local/texlive/2021/texmf-dist/fonts/opentype/public/lm/lmroman12-b
old.otf></usr/local/texlive/2021/texmf-dist/fonts/opentype/public/lm/lmroman10-b
old.otf></usr/local/texlive/2021/texmf-dist/fonts/opentype/public/lm/lmmono10-re
gular.otf></usr/local/texlive/2021/texmf-dist/fonts/opentype/public/lm/lmroman10
-regular.otf></usr/local/texlive/2021/texmf-dist/fonts/opentype/public/lm/lmroma
n12-regular.otf></usr/local/texlive/2021/texmf-dist/fonts/opentype/public/lm/lmr
oman17-regular.otf></usr/local/texlive/2021/texmf-dist/fonts/type1/public/amsfon
ts/cm/cmex10.pfb></usr/local/texlive/2021/texmf-dist/fonts/type1/public/amsfonts
/cm/cmmi10.pfb></usr/local/texlive/2021/texmf-dist/fonts/type1/public/amsfonts/c
m/cmmi12.pfb></usr/local/texlive/2021/texmf-dist/fonts/type1/public/amsfonts/cm/
cmmi6.pfb></usr/local/texlive/2021/texmf-dist/fonts/type1/public/amsfonts/cm/cmm
i8.pfb></usr/local/texlive/2021/texmf-dist/fonts/type1/public/amsfonts/cm/cmmi9.
pfb></usr/local/texlive/2021/texmf-dist/fonts/type1/public/amsfonts/cm/cmmib10.p
fb></usr/local/texlive/2021/texmf-dist/fonts/type1/public/amsfonts/cm/cmr10.pfb>
</usr/local/texlive/2021/texmf-dist/fonts/type1/public/amsfonts/cm/cmr12.pfb></u
sr/local/texlive/2021/texmf-dist/fonts/type1/public/amsfonts/cm/cmr6.pfb></usr/l
ocal/texlive/2021/texmf-dist/fonts/type1/public/amsfonts/cm/cmr8.pfb></usr/local
/texlive/2021/texmf-dist/fonts/type1/public/amsfonts/cm/cmsy10.pfb></usr/local/t
exlive/2021/texmf-dist/fonts/type1/public/amsfonts/cm/cmsy6.pfb></usr/local/texl
ive/2021/texmf-dist/fonts/type1/public/amsfonts/cm/cmsy8.pfb>
Output written on 2308.00506_lualatex.pdf (29 pages, 312748 bytes).

PDF statistics: 222 PDF objects out of 1000 (max. 8388607)
 145 compressed objects within 2 object streams
 0 named destinations out of 1000 (max. 131072)
 1 words of extra memory for PDF output out of 10000 (max. 100000000)

