This is pdfTeX, Version 3.141592653-2.6-1.40.22 (TeX Live 2021) (preloaded format=pdflatex 2021.12.5)  20 AUG 2023 02:12
entering extended mode
 restricted \write18 enabled.
 %&-line parsing enabled.
**conference_101719.tex
(./conference_101719.tex
LaTeX2e <2020-10-01> patch level 4
L3 programming layer <2021-02-18> (./IEEEtran.cls
Document Class: IEEEtran 2015/08/26 V1.8b by Michael Shell
-- See the "IEEEtran_HOWTO" manual for usage information.
-- http://www.michaelshell.org/tex/ieeetran/
\@IEEEtrantmpdimenA=\dimen138
\@IEEEtrantmpdimenB=\dimen139
\@IEEEtrantmpdimenC=\dimen140
\@IEEEtrantmpcountA=\count179
\@IEEEtrantmpcountB=\count180
\@IEEEtrantmpcountC=\count181
\@IEEEtrantmptoksA=\toks15
LaTeX Font Info:    Trying to load font information for OT1+ptm on input line 5
03.
(/usr/local/texlive/2021/texmf-dist/tex/latex/psnfss/ot1ptm.fd
File: ot1ptm.fd 2001/06/04 font definitions for OT1/ptm.
)
-- Using 8.5in x 11in (letter) paper.
-- Using PDF output.
\@IEEEnormalsizeunitybaselineskip=\dimen141
-- This is a 10 point document.
\CLASSINFOnormalsizebaselineskip=\dimen142
\CLASSINFOnormalsizeunitybaselineskip=\dimen143
\IEEEnormaljot=\dimen144
LaTeX Font Info:    Font shape `OT1/ptm/bx/n' in size <5> not available
(Font)              Font shape `OT1/ptm/b/n' tried instead on input line 1090.
LaTeX Font Info:    Font shape `OT1/ptm/bx/it' in size <5> not available
(Font)              Font shape `OT1/ptm/b/it' tried instead on input line 1090.

LaTeX Font Info:    Font shape `OT1/ptm/bx/n' in size <7> not available
(Font)              Font shape `OT1/ptm/b/n' tried instead on input line 1090.
LaTeX Font Info:    Font shape `OT1/ptm/bx/it' in size <7> not available
(Font)              Font shape `OT1/ptm/b/it' tried instead on input line 1090.

LaTeX Font Info:    Font shape `OT1/ptm/bx/n' in size <8> not available
(Font)              Font shape `OT1/ptm/b/n' tried instead on input line 1090.
LaTeX Font Info:    Font shape `OT1/ptm/bx/it' in size <8> not available
(Font)              Font shape `OT1/ptm/b/it' tried instead on input line 1090.

LaTeX Font Info:    Font shape `OT1/ptm/bx/n' in size <9> not available
(Font)              Font shape `OT1/ptm/b/n' tried instead on input line 1090.
LaTeX Font Info:    Font shape `OT1/ptm/bx/it' in size <9> not available
(Font)              Font shape `OT1/ptm/b/it' tried instead on input line 1090.

LaTeX Font Info:    Font shape `OT1/ptm/bx/n' in size <10> not available
(Font)              Font shape `OT1/ptm/b/n' tried instead on input line 1090.
LaTeX Font Info:    Font shape `OT1/ptm/bx/it' in size <10> not available
(Font)              Font shape `OT1/ptm/b/it' tried instead on input line 1090.

LaTeX Font Info:    Font shape `OT1/ptm/bx/n' in size <11> not available
(Font)              Font shape `OT1/ptm/b/n' tried instead on input line 1090.
LaTeX Font Info:    Font shape `OT1/ptm/bx/it' in size <11> not available
(Font)              Font shape `OT1/ptm/b/it' tried instead on input line 1090.

LaTeX Font Info:    Font shape `OT1/ptm/bx/n' in size <12> not available
(Font)              Font shape `OT1/ptm/b/n' tried instead on input line 1090.
LaTeX Font Info:    Font shape `OT1/ptm/bx/it' in size <12> not available
(Font)              Font shape `OT1/ptm/b/it' tried instead on input line 1090.

LaTeX Font Info:    Font shape `OT1/ptm/bx/n' in size <17> not available
(Font)              Font shape `OT1/ptm/b/n' tried instead on input line 1090.
LaTeX Font Info:    Font shape `OT1/ptm/bx/it' in size <17> not available
(Font)              Font shape `OT1/ptm/b/it' tried instead on input line 1090.

LaTeX Font Info:    Font shape `OT1/ptm/bx/n' in size <20> not available
(Font)              Font shape `OT1/ptm/b/n' tried instead on input line 1090.
LaTeX Font Info:    Font shape `OT1/ptm/bx/it' in size <20> not available
(Font)              Font shape `OT1/ptm/b/it' tried instead on input line 1090.

LaTeX Font Info:    Font shape `OT1/ptm/bx/n' in size <24> not available
(Font)              Font shape `OT1/ptm/b/n' tried instead on input line 1090.
LaTeX Font Info:    Font shape `OT1/ptm/bx/it' in size <24> not available
(Font)              Font shape `OT1/ptm/b/it' tried instead on input line 1090.

\IEEEquantizedlength=\dimen145
\IEEEquantizedlengthdiff=\dimen146
\IEEEquantizedtextheightdiff=\dimen147
\IEEEilabelindentA=\dimen148
\IEEEilabelindentB=\dimen149
\IEEEilabelindent=\dimen150
\IEEEelabelindent=\dimen151
\IEEEdlabelindent=\dimen152
\IEEElabelindent=\dimen153
\IEEEiednormlabelsep=\dimen154
\IEEEiedmathlabelsep=\dimen155
\IEEEiedtopsep=\skip47
\c@section=\count182
\c@subsection=\count183
\c@subsubsection=\count184
\c@paragraph=\count185
\c@IEEEsubequation=\count186
\abovecaptionskip=\skip48
\belowcaptionskip=\skip49
\c@figure=\count187
\c@table=\count188
\@IEEEeqnnumcols=\count189
\@IEEEeqncolcnt=\count190
\@IEEEsubeqnnumrollback=\count191
\@IEEEquantizeheightA=\dimen156
\@IEEEquantizeheightB=\dimen157
\@IEEEquantizeheightC=\dimen158
\@IEEEquantizeprevdepth=\dimen159
\@IEEEquantizemultiple=\count192
\@IEEEquantizeboxA=\box47
\@IEEEtmpitemindent=\dimen160
\IEEEPARstartletwidth=\dimen161
\c@IEEEbiography=\count193
\@IEEEtranrubishbin=\box48
)
** ATTENTION: Overriding command lockouts (line 2).
(/usr/local/texlive/2021/texmf-dist/tex/latex/cite/cite.sty
LaTeX Info: Redefining \cite on input line 302.
LaTeX Info: Redefining \nocite on input line 332.
Package: cite 2015/02/27  v 5.5
)
(/usr/local/texlive/2021/texmf-dist/tex/latex/amsmath/amsmath.sty
Package: amsmath 2020/09/23 v2.17i AMS math features
\@mathmargin=\skip50

For additional information on amsmath, use the `?' option.
(/usr/local/texlive/2021/texmf-dist/tex/latex/amsmath/amstext.sty
Package: amstext 2000/06/29 v2.01 AMS text

(/usr/local/texlive/2021/texmf-dist/tex/latex/amsmath/amsgen.sty
File: amsgen.sty 1999/11/30 v2.0 generic functions
\@emptytoks=\toks16
\ex@=\dimen162
))
(/usr/local/texlive/2021/texmf-dist/tex/latex/amsmath/amsbsy.sty
Package: amsbsy 1999/11/29 v1.2d Bold Symbols
\pmbraise@=\dimen163
)
(/usr/local/texlive/2021/texmf-dist/tex/latex/amsmath/amsopn.sty
Package: amsopn 2016/03/08 v2.02 operator names
)
\inf@bad=\count194
LaTeX Info: Redefining \frac on input line 234.
\uproot@=\count195
\leftroot@=\count196
LaTeX Info: Redefining \overline on input line 399.
\classnum@=\count197
\DOTSCASE@=\count198
LaTeX Info: Redefining \ldots on input line 496.
LaTeX Info: Redefining \dots on input line 499.
LaTeX Info: Redefining \cdots on input line 620.
\Mathstrutbox@=\box49
\strutbox@=\box50
\big@size=\dimen164
LaTeX Font Info:    Redeclaring font encoding OML on input line 743.
LaTeX Font Info:    Redeclaring font encoding OMS on input line 744.
\macc@depth=\count199
\c@MaxMatrixCols=\count266
\dotsspace@=\muskip16
\c@parentequation=\count267
\dspbrk@lvl=\count268
\tag@help=\toks17
\row@=\count269
\column@=\count270
\maxfields@=\count271
\andhelp@=\toks18
\eqnshift@=\dimen165
\alignsep@=\dimen166
\tagshift@=\dimen167
\tagwidth@=\dimen168
\totwidth@=\dimen169
\lineht@=\dimen170
\@envbody=\toks19
\multlinegap=\skip51
\multlinetaggap=\skip52
\mathdisplay@stack=\toks20
LaTeX Info: Redefining \[ on input line 2923.
LaTeX Info: Redefining \] on input line 2924.
)
(/usr/local/texlive/2021/texmf-dist/tex/latex/amsfonts/amssymb.sty
Package: amssymb 2013/01/14 v3.01 AMS font symbols

(/usr/local/texlive/2021/texmf-dist/tex/latex/amsfonts/amsfonts.sty
Package: amsfonts 2013/01/14 v3.01 Basic AMSFonts support
\symAMSa=\mathgroup4
\symAMSb=\mathgroup5
LaTeX Font Info:    Redeclaring math symbol \hbar on input line 98.
LaTeX Font Info:    Overwriting math alphabet `\mathfrak' in version `bold'
(Font)                  U/euf/m/n --> U/euf/b/n on input line 106.
))
(/usr/local/texlive/2021/texmf-dist/tex/latex/amscls/amsthm.sty
Package: amsthm 2020/05/29 v2.20.6
\thm@style=\toks21
\thm@bodyfont=\toks22
\thm@headfont=\toks23
\thm@notefont=\toks24
\thm@headpunct=\toks25
\thm@preskip=\skip53
\thm@postskip=\skip54
\thm@headsep=\skip55
\dth@everypar=\toks26
)
(/usr/local/texlive/2021/texmf-dist/tex/latex/algorithms/algorithmic.sty
Package: algorithmic 2009/08/24 v0.1 Document Style `algorithmic'

(/usr/local/texlive/2021/texmf-dist/tex/latex/base/ifthen.sty
Package: ifthen 2014/09/29 v1.1c Standard LaTeX ifthen package (DPC)
)
(/usr/local/texlive/2021/texmf-dist/tex/latex/graphics/keyval.sty
Package: keyval 2014/10/28 v1.15 key=value parser (DPC)
\KV@toks@=\toks27
)
\c@ALC@unique=\count272
\c@ALC@line=\count273
\c@ALC@rem=\count274
\c@ALC@depth=\count275
\ALC@tlm=\skip56
\algorithmicindent=\skip57
)
(/usr/local/texlive/2021/texmf-dist/tex/latex/graphics/graphicx.sty
Package: graphicx 2020/09/09 v1.2b Enhanced LaTeX Graphics (DPC,SPQR)

(/usr/local/texlive/2021/texmf-dist/tex/latex/graphics/graphics.sty
Package: graphics 2020/08/30 v1.4c Standard LaTeX Graphics (DPC,SPQR)

(/usr/local/texlive/2021/texmf-dist/tex/latex/graphics/trig.sty
Package: trig 2016/01/03 v1.10 sin cos tan (DPC)
)
(/usr/local/texlive/2021/texmf-dist/tex/latex/graphics-cfg/graphics.cfg
File: graphics.cfg 2016/06/04 v1.11 sample graphics configuration
)
Package graphics Info: Driver file: pdftex.def on input line 105.

(/usr/local/texlive/2021/texmf-dist/tex/latex/graphics-def/pdftex.def
File: pdftex.def 2020/10/05 v1.2a Graphics/color driver for pdftex
))
\Gin@req@height=\dimen171
\Gin@req@width=\dimen172
)
(/usr/local/texlive/2021/texmf-dist/tex/latex/base/textcomp.sty
Package: textcomp 2020/02/02 v2.0n Standard LaTeX package
)
(/usr/local/texlive/2021/texmf-dist/tex/latex/xcolor/xcolor.sty
Package: xcolor 2016/05/11 v2.12 LaTeX color extensions (UK)

(/usr/local/texlive/2021/texmf-dist/tex/latex/graphics-cfg/color.cfg
File: color.cfg 2016/01/02 v1.6 sample color configuration
)
Package xcolor Info: Driver file: pdftex.def on input line 225.
Package xcolor Info: Model `cmy' substituted by `cmy0' on input line 1348.
Package xcolor Info: Model `hsb' substituted by `rgb' on input line 1352.
Package xcolor Info: Model `RGB' extended on input line 1364.
Package xcolor Info: Model `HTML' substituted by `rgb' on input line 1366.
Package xcolor Info: Model `Hsb' substituted by `hsb' on input line 1367.
Package xcolor Info: Model `tHsb' substituted by `hsb' on input line 1368.
Package xcolor Info: Model `HSB' substituted by `hsb' on input line 1369.
Package xcolor Info: Model `Gray' substituted by `gray' on input line 1370.
Package xcolor Info: Model `wave' substituted by `hsb' on input line 1371.
)
(/usr/local/texlive/2021/texmf-dist/tex/latex/tools/longtable.sty
Package: longtable 2020/01/07 v4.13 Multi-page Table package (DPC)
\LTleft=\skip58
\LTright=\skip59
\LTpre=\skip60
\LTpost=\skip61
\LTchunksize=\count276
\LTcapwidth=\dimen173
\LT@head=\box51
\LT@firsthead=\box52
\LT@foot=\box53
\LT@lastfoot=\box54
\LT@cols=\count277
\LT@rows=\count278
\c@LT@tables=\count279
\c@LT@chunks=\count280
\LT@p@ftn=\toks28
)
(/usr/local/texlive/2021/texmf-dist/tex/latex/graphics/rotating.sty
Package: rotating 2016/08/11 v2.16d rotated objects in LaTeX
\c@r@tfl@t=\count281
\rotFPtop=\skip62
\rotFPbot=\skip63
\rot@float@box=\box55
\rot@mess@toks=\toks29
)
(/usr/local/texlive/2021/texmf-dist/tex/latex/multirow/multirow.sty
Package: multirow 2021/03/15 v2.8 Span multiple rows of a table
\multirow@colwidth=\skip64
\multirow@cntb=\count282
\multirow@dima=\skip65
\bigstrutjot=\dimen174
)
(/usr/local/texlive/2021/texmf-dist/tex/latex/makecell/makecell.sty
Package: makecell 2009/08/03 V0.1e Managing of Tab Column Heads and Cells

(/usr/local/texlive/2021/texmf-dist/tex/latex/tools/array.sty
Package: array 2020/10/01 v2.5c Tabular extension package (FMi)
\col@sep=\dimen175
\ar@mcellbox=\box56
\extrarowheight=\dimen176
\NC@list=\toks30
\extratabsurround=\skip66
\backup@length=\skip67
\ar@cellbox=\box57
)
\rotheadsize=\dimen177
\c@nlinenum=\count283
\TeXr@lab=\toks31
)
\c@theorem=\count284
\c@corollary=\count285
\c@property=\count286
\c@lemma=\count287
\c@remark=\count288

(/usr/local/texlive/2021/texmf-dist/tex/latex/l3backend/l3backend-pdftex.def
File: l3backend-pdftex.def 2021-03-18 L3 backend support: PDF output (pdfTeX)
\l__color_backend_stack_int=\count289
\l__pdf_internal_box=\box58
)
No file 2308.02295_pdflatex.aux.
\openout1 = `2308.02295_pdflatex.aux'.

LaTeX Font Info:    Checking defaults for OML/cmm/m/it on input line 36.
LaTeX Font Info:    ... okay on input line 36.
LaTeX Font Info:    Checking defaults for OMS/cmsy/m/n on input line 36.
LaTeX Font Info:    ... okay on input line 36.
LaTeX Font Info:    Checking defaults for OT1/cmr/m/n on input line 36.
LaTeX Font Info:    ... okay on input line 36.
LaTeX Font Info:    Checking defaults for T1/cmr/m/n on input line 36.
LaTeX Font Info:    ... okay on input line 36.
LaTeX Font Info:    Checking defaults for TS1/cmr/m/n on input line 36.
LaTeX Font Info:    ... okay on input line 36.
LaTeX Font Info:    Checking defaults for OMX/cmex/m/n on input line 36.
LaTeX Font Info:    ... okay on input line 36.
LaTeX Font Info:    Checking defaults for U/cmr/m/n on input line 36.
LaTeX Font Info:    ... okay on input line 36.
-- Lines per column: 56 (exact).
(/usr/local/texlive/2021/texmf-dist/tex/context/base/mkii/supp-pdf.mkii
[Loading MPS to PDF converter (version 2006.09.02).]
\scratchcounter=\count290
\scratchdimen=\dimen178
\scratchbox=\box59
\nofMPsegments=\count291
\nofMParguments=\count292
\everyMPshowfont=\toks32
\MPscratchCnt=\count293
\MPscratchDim=\dimen179
\MPnumerator=\count294
\makeMPintoPDFobject=\count295
\everyMPtoPDFconversion=\toks33
) (/usr/local/texlive/2021/texmf-dist/tex/latex/epstopdf-pkg/epstopdf-base.sty
Package: epstopdf-base 2020-01-24 v2.11 Base part for package epstopdf
Package epstopdf-base Info: Redefining graphics rule for `.eps' on input line 4
85.

(/usr/local/texlive/2021/texmf-dist/tex/latex/latexconfig/epstopdf-sys.cfg
File: epstopdf-sys.cfg 2010/07/13 v1.3 Configuration of (r)epstopdf for TeX Liv
e
))
LaTeX Font Info:    Calculating math sizes for size <11> on input line 46.
LaTeX Font Info:    Trying to load font information for U+msa on input line 46.


(/usr/local/texlive/2021/texmf-dist/tex/latex/amsfonts/umsa.fd
File: umsa.fd 2013/01/14 v3.01 AMS symbols A
)
LaTeX Font Info:    Trying to load font information for U+msb on input line 46.


(/usr/local/texlive/2021/texmf-dist/tex/latex/amsfonts/umsb.fd
File: umsb.fd 2013/01/14 v3.01 AMS symbols B
)
LaTeX Font Info:    Trying to load font information for TS1+ptm on input line 4
6.

(/usr/local/texlive/2021/texmf-dist/tex/latex/psnfss/ts1ptm.fd
File: ts1ptm.fd 2001/06/04 font definitions for TS1/ptm.
)
LaTeX Font Info:    Trying to load font information for OMS+ptm on input line 4
6.

(/usr/local/texlive/2021/texmf-dist/tex/latex/psnfss/omsptm.fd
File: omsptm.fd 
)
LaTeX Font Info:    Font shape `OMS/ptm/m/n' in size <10> not available
(Font)              Font shape `OMS/cmsy/m/n' tried instead on input line 46.


LaTeX Warning: Citation `intro_short1' on page 1 undefined on input line 57.


LaTeX Warning: Citation `intro_covert' on page 1 undefined on input line 59.


LaTeX Warning: Citation `intro_covert' on page 1 undefined on input line 59.


LaTeX Warning: Citation `intro_IRS1' on page 1 undefined on input line 59.


LaTeX Warning: Citation `IRS3' on page 1 undefined on input line 61.


LaTeX Warning: Citation `IRS_single10' on page 1 undefined on input line 61.


LaTeX Warning: Citation `IRS_single8' on page 1 undefined on input line 61.


LaTeX Warning: Citation `IRS_single7' on page 1 undefined on input line 61.


LaTeX Warning: Citation `IRS1' on page 1 undefined on input line 61.


LaTeX Warning: Citation `IRS_single2' on page 1 undefined on input line 61.


LaTeX Warning: Citation `IRS_UAV1' on page 1 undefined on input line 61.


LaTeX Warning: Citation `IRS3' on page 1 undefined on input line 63.


LaTeX Warning: Citation `IRS_single8' on page 1 undefined on input line 63.


LaTeX Warning: Citation `IRS_single10' on page 1 undefined on input line 63.


LaTeX Warning: Citation `IRS_single7' on page 1 undefined on input line 63.


LaTeX Warning: Citation `IRS_single2' on page 1 undefined on input line 63.


LaTeX Warning: Citation `IRS_UAV1' on page 1 undefined on input line 63.


LaTeX Warning: Citation `IRS1' on page 1 undefined on input line 63.

[1{/usr/local/texlive/2021/texmf-var/fonts/map/pdftex/updmap/pdftex.map}


]
Package epstopdf Info: Source file: <figure/system.eps>
(epstopdf)                    date: 2023-08-04 20:48:19
(epstopdf)                    size: 1888722 bytes
(epstopdf)             Output file: <figure/system-eps-converted-to.pdf>
(epstopdf)                    date: 2022-12-09 05:04:28
(epstopdf)                    size: 77496 bytes
(epstopdf)             Command: <repstopdf --outfile=figure/system-eps-converte
d-to.pdf figure/system.eps>
(epstopdf)             \includegraphics on input line 75.
runsystem(repstopdf --outfile=figure/system-eps-converted-to.pdf figure/system.
eps)...executed safely (allowed).

Package epstopdf Info: Result file: <figure/system-eps-converted-to.pdf>
(epstopdf)                    date: 2023-08-20 02:12:02
(epstopdf)                    size: 77437 bytes.
<figure/system-eps-converted-to.pdf, id=11, 346.29375pt x 274.02374pt>
File: figure/system-eps-converted-to.pdf Graphic file (type pdf)
<use figure/system-eps-converted-to.pdf>
Package pdftex.def Info: figure/system-eps-converted-to.pdf  used on input line
 75.
(pdftex.def)             Requested size: 214.20154pt x 169.5041pt.


LaTeX Warning: Citation `IRS1' on page 2 undefined on input line 84.


LaTeX Warning: Citation `channel_estimation' on page 2 undefined on input line 
84.


LaTeX Warning: Citation `Willie_CSI3' on page 2 undefined on input line 84.


LaTeX Warning: Citation `multi_antenna' on page 2 undefined on input line 93.


LaTeX Warning: Citation `multi_antenna' on page 2 undefined on input line 97.


LaTeX Warning: Citation `hardware' on page 2 undefined on input line 97.


LaTeX Warning: Citation `self3' on page 2 undefined on input line 102.


LaTeX Warning: Citation `linear' on page 2 undefined on input line 102.

[2 <./figure/system-eps-converted-to.pdf>]

LaTeX Warning: Citation `IRS_single2' on page 3 undefined on input line 126.


LaTeX Warning: Citation `IRS_single2' on page 3 undefined on input line 126.


LaTeX Warning: Citation `multi_exp' on page 3 undefined on input line 126.


LaTeX Warning: Reference `optimal_threshold1' on page 3 undefined on input line
 126.


LaTeX Warning: Reference `Pd1' on page 3 undefined on input line 126.


Underfull \hbox (badness 1852) in paragraph at lines 126--127
\OT1/ptm/m/n/10 fol-lows the com-plex Gaus-sian dis-tri-bu-tion, i.e., $[] \OMS
/cmsy/m/n/10 ^^X
 []


LaTeX Warning: Reference `Pd1_int' on page 3 undefined on input line 133.


LaTeX Warning: Citation `Quadrature' on page 3 undefined on input line 133.


LaTeX Warning: Reference `ave_Pd1' on page 3 undefined on input line 133.


LaTeX Warning: Reference `ave_Pd1' on page 3 undefined on input line 136.


LaTeX Warning: Reference `Pd1' on page 3 undefined on input line 145.


LaTeX Warning: Citation `linear' on page 3 undefined on input line 149.


LaTeX Warning: Reference `ave_Pd2' on page 3 undefined on input line 158.


LaTeX Warning: Reference `ave_Pd2' on page 3 undefined on input line 158.


LaTeX Warning: Reference `y_b' on page 3 undefined on input line 166.


LaTeX Warning: Citation `Q_app' on page 3 undefined on input line 166.


LaTeX Warning: Reference `Pout' on page 3 undefined on input line 174.


LaTeX Warning: Citation `short_IRS2' on page 3 undefined on input line 179.


LaTeX Warning: Citation `Q_app' on page 3 undefined on input line 206.


Underfull \hbox (badness 10000) in paragraph at lines 204--207
 \OT1/ptm/m/n/10 where step $\OT1/cmr/m/n/10 (\OML/cmm/m/it/10 a\OT1/cmr/m/n/10
 )$ \OT1/ptm/m/n/10 is due to lin-ear ap-prox-i-ma-tion
 []


Underfull \hbox (badness 2922) in paragraph at lines 204--207
\OT1/ptm/m/n/10 of Q-function [\OT1/ptm/b/n/10 ?\OT1/ptm/m/n/10 ], $\OML/cmm/m/
it/10 $  \OT1/cmr/m/n/10 =  []  \OMS/cmsy/m/n/10 ^^@  \OT1/cmr/m/n/10 1$\OT1/pt
m/m/n/10 , $\OML/cmm/m/it/10 ^^W  \OT1/cmr/m/n/10 =  []$\OT1/ptm/m/n/10 ,
 []


Underfull \hbox (badness 10000) in paragraph at lines 204--207
[] [] \OT1/cmr/m/n/10 = []\OML/cmm/m/it/10 ^^M []$ \OT1/ptm/m/n/10 and $\OML/cm
m/m/it/10 g\OT1/cmr/m/n/10 (\OML/cmm/m/it/10 t\OT1/cmr/m/n/10 ) =
 []

[3]

LaTeX Warning: Reference `ave_Pd2' on page 4 undefined on input line 210.


LaTeX Warning: Reference `Pout1' on page 4 undefined on input line 210.


LaTeX Warning: Reference `proof_theorem5' on page 4 undefined on input line 224
.


LaTeX Warning: Reference `ave_Pd2' on page 4 undefined on input line 229.


LaTeX Warning: Reference `Pout1' on page 4 undefined on input line 229.


LaTeX Warning: Reference `tradeoff' on page 4 undefined on input line 239.


LaTeX Warning: Reference `Pout1' on page 4 undefined on input line 243.

Package epstopdf Info: Source file: <figure/fig2_re.eps>
(epstopdf)                    date: 2023-08-04 20:48:19
(epstopdf)                    size: 176547 bytes
(epstopdf)             Output file: <figure/fig2_re-eps-converted-to.pdf>
(epstopdf)                    date: 2023-04-01 05:43:04
(epstopdf)                    size: 76980 bytes
(epstopdf)             Command: <repstopdf --outfile=figure/fig2_re-eps-convert
ed-to.pdf figure/fig2_re.eps>
(epstopdf)             \includegraphics on input line 256.
runsystem(repstopdf --outfile=figure/fig2_re-eps-converted-to.pdf figure/fig2_r
e.eps)...executed safely (allowed).

Package epstopdf Info: Result file: <figure/fig2_re-eps-converted-to.pdf>
(epstopdf)                    date: 2023-08-20 02:12:03
(epstopdf)                    size: 76594 bytes.
<figure/fig2_re-eps-converted-to.pdf, id=99, 610.28pt x 516.93124pt>
File: figure/fig2_re-eps-converted-to.pdf Graphic file (type pdf)
<use figure/fig2_re-eps-converted-to.pdf>
Package pdftex.def Info: figure/fig2_re-eps-converted-to.pdf  used on input lin
e 256.
(pdftex.def)             Requested size: 214.20154pt x 181.43346pt.

LaTeX Warning: Reference `ave_Pd1' on page 4 undefined on input line 259.


LaTeX Warning: Reference `ave_Pd2' on page 4 undefined on input line 259.


LaTeX Warning: Reference `Pout1' on page 4 undefined on input line 259.


LaTeX Warning: Reference `ave_Pd2' on page 4 undefined on input line 259.


LaTeX Warning: Reference `Pout1' on page 4 undefined on input line 259.

Package epstopdf Info: Source file: <figure/fig3_re.eps>
(epstopdf)                    date: 2023-08-04 20:48:19
(epstopdf)                    size: 250989 bytes
(epstopdf)             Output file: <figure/fig3_re-eps-converted-to.pdf>
(epstopdf)                    date: 2023-04-01 03:52:34
(epstopdf)                    size: 154868 bytes
(epstopdf)             Command: <repstopdf --outfile=figure/fig3_re-eps-convert
ed-to.pdf figure/fig3_re.eps>
(epstopdf)             \includegraphics on input line 263.
runsystem(repstopdf --outfile=figure/fig3_re-eps-converted-to.pdf figure/fig3_r
e.eps)...executed safely (allowed).

Package epstopdf Info: Result file: <figure/fig3_re-eps-converted-to.pdf>
(epstopdf)                    date: 2023-08-20 02:12:03
(epstopdf)                    size: 154806 bytes.
<figure/fig3_re-eps-converted-to.pdf, id=100, 610.28pt x 516.93124pt>
File: figure/fig3_re-eps-converted-to.pdf Graphic file (type pdf)
<use figure/fig3_re-eps-converted-to.pdf>
Package pdftex.def Info: figure/fig3_re-eps-converted-to.pdf  used on input lin
e 263.
(pdftex.def)             Requested size: 214.20154pt x 181.43346pt.

LaTeX Warning: Reference `Pout1' on page 4 undefined on input line 266.


LaTeX Warning: Reference `Pout1' on page 4 undefined on input line 266.


LaTeX Warning: Reference `tradeoff' on page 4 undefined on input line 266.

[4 <./figure/fig2_re-eps-converted-to.pdf>]
Package epstopdf Info: Source file: <figure/fig4_re.eps>
(epstopdf)                    date: 2023-08-04 20:48:19
(epstopdf)                    size: 220506 bytes
(epstopdf)             Output file: <figure/fig4_re-eps-converted-to.pdf>
(epstopdf)                    date: 2023-04-01 03:54:38
(epstopdf)                    size: 121537 bytes
(epstopdf)             Command: <repstopdf --outfile=figure/fig4_re-eps-convert
ed-to.pdf figure/fig4_re.eps>
(epstopdf)             \includegraphics on input line 270.
runsystem(repstopdf --outfile=figure/fig4_re-eps-converted-to.pdf figure/fig4_r
e.eps)...executed safely (allowed).

Package epstopdf Info: Result file: <figure/fig4_re-eps-converted-to.pdf>
(epstopdf)                    date: 2023-08-20 02:12:04
(epstopdf)                    size: 121266 bytes.
<figure/fig4_re-eps-converted-to.pdf, id=111, 610.28pt x 516.93124pt>
File: figure/fig4_re-eps-converted-to.pdf Graphic file (type pdf)
<use figure/fig4_re-eps-converted-to.pdf>
Package pdftex.def Info: figure/fig4_re-eps-converted-to.pdf  used on input lin
e 270.
(pdftex.def)             Requested size: 214.20154pt x 181.43346pt.


LaTeX Warning: Reference `Pout1' on page 5 undefined on input line 274.


LaTeX Warning: Reference `tradeoff' on page 5 undefined on input line 274.


LaTeX Warning: Reference `Pout1' on page 5 undefined on input line 284.


LaTeX Warning: Citation `gamma_asy' on page 5 undefined on input line 304.

[5 <./figure/fig3_re-eps-converted-to.pdf> <./figure/fig4_re-eps-converted-to.p
df>]

LaTeX Warning: Citation `gamma_resurg' on page 6 undefined on input line 310.


LaTeX Warning: Citation `gamma_asy' on page 6 undefined on input line 310.


LaTeX Warning: Reference `theorem_Pe_asy' on page 6 undefined on input line 324
.


Underfull \hbox (badness 10000) in paragraph at lines 324--325
[]\OT1/ptm/m/n/10 By sub-sti-tut-ing $\OML/cmm/m/it/10 x  \OT1/cmr/m/n/10 =  []
$ \OT1/ptm/m/n/10 and $\OML/cmm/m/it/10 r  \OT1/cmr/m/n/10 =
 []

No file 2308.02295_pdflatex.bbl.

** Conference Paper **
Before submitting the final camera ready copy, remember to:

 1. Manually equalize the lengths of two columns on the last page
 of your paper;

 2. Ensure that any PostScript and/or PDF output post-processing
 uses only Type 1 fonts and that every step in the generation
 process uses the appropriate paper size.

[6

]
(/Users/jovyntan/Desktop/work/fyp/exploration/diff_test_tex_engines/bin/compile
d_tex_pdf/2308.02295/2308.02295_pdflatex.aux)

LaTeX Warning: There were undefined references.


LaTeX Warning: Label(s) may have changed. Rerun to get cross-references right.

 ) 
Here is how much of TeX's memory you used:
 4573 strings out of 478994
 66157 string characters out of 5858184
 407287 words of memory out of 5000000
 21982 multiletter control sequences out of 15000+600000
 451061 words of font info for 128 fonts, out of 8000000 for 9000
 1141 hyphenation exceptions out of 8191
 68i,19n,74p,1593b,350s stack positions out of 5000i,500n,10000p,200000b,80000s
{/usr/local/texlive/2021/texmf-dist/fonts/enc/dvips/base/8r.enc}</usr/local/t
exlive/2021/texmf-dist/fonts/type1/public/amsfonts/cm/cmbx10.pfb></usr/local/te
xlive/2021/texmf-dist/fonts/type1/public/amsfonts/cm/cmex10.pfb></usr/local/tex
live/2021/texmf-dist/fonts/type1/public/amsfonts/cmextra/cmex7.pfb></usr/local/
texlive/2021/texmf-dist/fonts/type1/public/amsfonts/cmextra/cmex9.pfb></usr/loc
al/texlive/2021/texmf-dist/fonts/type1/public/amsfonts/cm/cmmi10.pfb></usr/loca
l/texlive/2021/texmf-dist/fonts/type1/public/amsfonts/cm/cmmi5.pfb></usr/local/
texlive/2021/texmf-dist/fonts/type1/public/amsfonts/cm/cmmi6.pfb></usr/local/te
xlive/2021/texmf-dist/fonts/type1/public/amsfonts/cm/cmmi7.pfb></usr/local/texl
ive/2021/texmf-dist/fonts/type1/public/amsfonts/cm/cmmi8.pfb></usr/local/texliv
e/2021/texmf-dist/fonts/type1/public/amsfonts/cm/cmmi9.pfb></usr/local/texlive/
2021/texmf-dist/fonts/type1/public/amsfonts/cm/cmr10.pfb></usr/local/texlive/20
21/texmf-dist/fonts/type1/public/amsfonts/cm/cmr5.pfb></usr/local/texlive/2021/
texmf-dist/fonts/type1/public/amsfonts/cm/cmr6.pfb></usr/local/texlive/2021/tex
mf-dist/fonts/type1/public/amsfonts/cm/cmr7.pfb></usr/local/texlive/2021/texmf-
dist/fonts/type1/public/amsfonts/cm/cmr8.pfb></usr/local/texlive/2021/texmf-dis
t/fonts/type1/public/amsfonts/cm/cmr9.pfb></usr/local/texlive/2021/texmf-dist/f
onts/type1/public/amsfonts/cm/cmsy10.pfb></usr/local/texlive/2021/texmf-dist/fo
nts/type1/public/amsfonts/cm/cmsy5.pfb></usr/local/texlive/2021/texmf-dist/font
s/type1/public/amsfonts/cm/cmsy6.pfb></usr/local/texlive/2021/texmf-dist/fonts/
type1/public/amsfonts/cm/cmsy7.pfb></usr/local/texlive/2021/texmf-dist/fonts/ty
pe1/public/amsfonts/cm/cmsy8.pfb></usr/local/texlive/2021/texmf-dist/fonts/type
1/public/amsfonts/cm/cmsy9.pfb></usr/local/texlive/2021/texmf-dist/fonts/type1/
public/amsfonts/symbols/msam10.pfb></usr/local/texlive/2021/texmf-dist/fonts/ty
pe1/urw/times/utmb8a.pfb></usr/local/texlive/2021/texmf-dist/fonts/type1/urw/ti
mes/utmbi8a.pfb></usr/local/texlive/2021/texmf-dist/fonts/type1/urw/times/utmr8
a.pfb></usr/local/texlive/2021/texmf-dist/fonts/type1/urw/times/utmri8a.pfb>
Output written on /Users/jovyntan/Desktop/work/fyp/exploration/diff_test_tex_en
gines/bin/compiled_tex_pdf/2308.02295/2308.02295_pdflatex.pdf (6 pages, 741765 
bytes).
PDF statistics:
 208 PDF objects out of 1000 (max. 8388607)
 135 compressed objects within 2 object streams
 0 named destinations out of 1000 (max. 500000)
 21 words of extra memory for PDF output out of 10000 (max. 10000000)

