
kpathsea: Running mktexpk --mfmode / --bdpi 600 --mag 1+0/600 --dpi 600 bbmss10
mktexpk: Running mf-nowin -progname=mf \mode:=ljfour; mag:=1+0/600; nonstopmode; input bbmss10
This is METAFONT, Version 2.71828182 (TeX Live 2021) (preloaded base=mf)

(/usr/local/texlive/2021/texmf-dist/fonts/source/public/bbm/bbmss10.mf
(/usr/local/texlive/2021/texmf-dist/fonts/source/public/bbm/blbbase.mf
(/usr/local/texlive/2021/texmf-dist/fonts/source/public/cm/cmbase.mf))
(/usr/local/texlive/2021/texmf-dist/fonts/source/public/bbm/blbord.mf
(/usr/local/texlive/2021/texmf-dist/fonts/source/public/bbm/blbordu.mf [65]
[66] [67] [68] [69] [70] [71] [72] [73] [74] [75] [76] [77] [78] [79] [80]
[81] [82] [83] [84] [85] [86] [87] [88] [89] [90])
(/usr/local/texlive/2021/texmf-dist/fonts/source/public/bbm/blbordl.mf [97]
[98] [99] [100] [101] [102] [103] [104] [105] [106] [107] [108] [109] [110]
[111] [112] [113] [114] [115] [116] [117] [118] [119] [120] [121] [122])
(/usr/local/texlive/2021/texmf-dist/fonts/source/public/bbm/blbordsp.mf
[49] [50] [40] [41] [91] [93]) ) )
Font metrics written on bbmss10.tfm.
Output written on bbmss10.600gf (58 characters, 15680 bytes).
Transcript written on bbmss10.log.
mktexpk: /Users/jovyntan/Library/texlive/2021/texmf-var/fonts/pk/ljfour/public/bbm/bbmss10.600pk: successfully generated.

kpathsea: Running mktexpk --mfmode / --bdpi 600 --mag 0+525/600 --dpi 525 bbmss8
mktexpk: Running mf-nowin -progname=mf \mode:=ljfour; mag:=0+525/600; nonstopmode; input bbmss8
This is METAFONT, Version 2.71828182 (TeX Live 2021) (preloaded base=mf)

(/usr/local/texlive/2021/texmf-dist/fonts/source/public/bbm/bbmss8.mf
(/usr/local/texlive/2021/texmf-dist/fonts/source/public/bbm/blbbase.mf
(/usr/local/texlive/2021/texmf-dist/fonts/source/public/cm/cmbase.mf))
(/usr/local/texlive/2021/texmf-dist/fonts/source/public/bbm/blbord.mf
(/usr/local/texlive/2021/texmf-dist/fonts/source/public/bbm/blbordu.mf [65]
[66] [67] [68] [69] [70] [71] [72] [73] [74] [75] [76] [77] [78] [79] [80]
[81] [82] [83] [84] [85] [86] [87] [88] [89] [90])
(/usr/local/texlive/2021/texmf-dist/fonts/source/public/bbm/blbordl.mf [97]
[98] [99] [100] [101] [102] [103] [104] [105] [106] [107] [108] [109] [110]
[111] [112] [113] [114] [115] [116] [117] [118] [119] [120] [121] [122])
(/usr/local/texlive/2021/texmf-dist/fonts/source/public/bbm/blbordsp.mf
[49] [50] [40] [41] [91] [93]) ) )
Font metrics written on bbmss8.tfm.
Output written on bbmss8.525gf (58 characters, 11208 bytes).
Transcript written on bbmss8.log.
mktexpk: /Users/jovyntan/Library/texlive/2021/texmf-var/fonts/pk/ljfour/public/bbm/bbmss8.525pk: successfully generated.
