This is XeTeX, Version 3.141592653-2.6-0.999993 (TeX Live 2021) (preloaded format=xelatex)
 restricted \write18 enabled.
entering extended mode
(./main.tex
LaTeX2e <2020-10-01> patch level 4
L3 programming layer <2021-02-18>
(/usr/local/texlive/2021/texmf-dist/tex/latex/IEEEtran/IEEEtran.cls
Document Class: IEEEtran 2015/08/26 V1.8b by Michael Shell
-- See the "IEEEtran_HOWTO" manual for usage information.
-- http://www.michaelshell.org/tex/ieeetran/

LaTeX Font Warning: Font shape `TU/ptm/m/n' undefined
(Font)              using `TU/lmr/m/n' instead on input line 503.

-- Using 8.5in x 11in (letter) paper.
-- Using DVI output.
-- This is a 10 point document.

LaTeX Font Warning: Font shape `TU/ptm/bx/n' undefined
(Font)              using `TU/ptm/m/n' instead on input line 1090.


LaTeX Font Warning: Font shape `TU/ptm/m/it' undefined
(Font)              using `TU/ptm/m/n' instead on input line 1090.


LaTeX Font Warning: Font shape `TU/ptm/bx/it' undefined
(Font)              using `TU/ptm/bx/n' instead on input line 1090.

)
** ATTENTION: Overriding command lockouts (line 10).
(/usr/local/texlive/2021/texmf-dist/tex/latex/cite/cite.sty)
(/usr/local/texlive/2021/texmf-dist/tex/latex/amsmath/amsmath.sty
For additional information on amsmath, use the `?' option.
(/usr/local/texlive/2021/texmf-dist/tex/latex/amsmath/amstext.sty
(/usr/local/texlive/2021/texmf-dist/tex/latex/amsmath/amsgen.sty))
(/usr/local/texlive/2021/texmf-dist/tex/latex/amsmath/amsbsy.sty)
(/usr/local/texlive/2021/texmf-dist/tex/latex/amsmath/amsopn.sty))
(/usr/local/texlive/2021/texmf-dist/tex/latex/amsfonts/amssymb.sty
(/usr/local/texlive/2021/texmf-dist/tex/latex/amsfonts/amsfonts.sty))
(/usr/local/texlive/2021/texmf-dist/tex/latex/adjustbox/adjustbox.sty
(/usr/local/texlive/2021/texmf-dist/tex/latex/xkeyval/xkeyval.sty
(/usr/local/texlive/2021/texmf-dist/tex/generic/xkeyval/xkeyval.tex
(/usr/local/texlive/2021/texmf-dist/tex/generic/xkeyval/xkvutils.tex
(/usr/local/texlive/2021/texmf-dist/tex/generic/xkeyval/keyval.tex))))
(/usr/local/texlive/2021/texmf-dist/tex/latex/adjustbox/adjcalc.sty)
(/usr/local/texlive/2021/texmf-dist/tex/latex/adjustbox/trimclip.sty
(/usr/local/texlive/2021/texmf-dist/tex/latex/graphics/graphicx.sty
(/usr/local/texlive/2021/texmf-dist/tex/latex/graphics/graphics.sty
(/usr/local/texlive/2021/texmf-dist/tex/latex/graphics/trig.sty)
(/usr/local/texlive/2021/texmf-dist/tex/latex/graphics-cfg/graphics.cfg)
(/usr/local/texlive/2021/texmf-dist/tex/latex/graphics-def/xetex.def)))
(/usr/local/texlive/2021/texmf-dist/tex/latex/collectbox/collectbox.sty)
(/usr/local/texlive/2021/texmf-dist/tex/latex/adjustbox/tc-xetex.def))
(/usr/local/texlive/2021/texmf-dist/tex/latex/ifoddpage/ifoddpage.sty)
(/usr/local/texlive/2021/texmf-dist/tex/latex/varwidth/varwidth.sty))
(/usr/local/texlive/2021/texmf-dist/tex/latex/booktabs/booktabs.sty)
(/usr/local/texlive/2021/texmf-dist/tex/latex/multirow/multirow.sty)
(/usr/local/texlive/2021/texmf-dist/tex/latex/placeins/placeins.sty)
(/usr/local/texlive/2021/texmf-dist/tex/latex/base/textcomp.sty)
(/usr/local/texlive/2021/texmf-dist/tex/latex/graphics/color.sty
(/usr/local/texlive/2021/texmf-dist/tex/latex/graphics-cfg/color.cfg))
(/usr/local/texlive/2021/texmf-dist/tex/latex/comment/comment.sty
Excluding comment 'comment') (./psfig.sty
psfig/tex 1.10-dvips
) (/usr/local/texlive/2021/texmf-dist/tex/latex/steinmetz/steinmetz.sty
(/usr/local/texlive/2021/texmf-dist/tex/latex/pict2e/pict2e.sty
(/usr/local/texlive/2021/texmf-dist/tex/latex/pict2e/pict2e.cfg)
(/usr/local/texlive/2021/texmf-dist/tex/latex/pict2e/p2e-xetex.def)))
(/usr/local/texlive/2021/texmf-dist/tex/latex/tools/tabularx.sty
(/usr/local/texlive/2021/texmf-dist/tex/latex/tools/array.sty))
(/usr/local/texlive/2021/texmf-dist/tex/latex/environ/environ.sty
(/usr/local/texlive/2021/texmf-dist/tex/latex/trimspaces/trimspaces.sty))
(/usr/local/texlive/2021/texmf-dist/tex/latex/algorithms/algorithm.sty
(/usr/local/texlive/2021/texmf-dist/tex/latex/float/float.sty)
(/usr/local/texlive/2021/texmf-dist/tex/latex/base/ifthen.sty))
(/usr/local/texlive/2021/texmf-dist/tex/latex/algorithmicx/algpseudocode.sty
(/usr/local/texlive/2021/texmf-dist/tex/latex/algorithmicx/algorithmicx.sty
Document Style algorithmicx 1.2 - a greatly improved `algorithmic' style
)
Document Style - pseudocode environments for use with the `algorithmicx' style
) (/usr/local/texlive/2021/texmf-dist/tex/latex/caption/caption.sty
(/usr/local/texlive/2021/texmf-dist/tex/latex/caption/caption3.sty)

Package caption Warning: Unknown document class (or package),
(caption)                standard defaults will be used.
See the caption package documentation for explanation.

) (/usr/local/texlive/2021/texmf-dist/tex/latex/etoolbox/etoolbox.sty)
(/usr/local/texlive/2021/texmf-dist/tex/latex/l3backend/l3backend-xetex.def
(|extractbb --version))
No file 2308.02673_xelatex.aux.
(/usr/local/texlive/2021/texmf-dist/tex/latex/base/ts1cmr.fd)

LaTeX Font Warning: Font shape `TU/ptm/b/n' undefined
(Font)              using `TU/ptm/bx/n' instead on input line 60.


LaTeX Font Warning: Font shape `TU/ptm/b/it' undefined
(Font)              using `TU/ptm/bx/it' instead on input line 60.


LaTeX Font Warning: Font shape `TU/ptm/b/n' undefined
(Font)              using `TU/ptm/bx/n' instead on input line 60.


LaTeX Font Warning: Font shape `TU/ptm/b/it' undefined
(Font)              using `TU/ptm/bx/it' instead on input line 60.


LaTeX Font Warning: Font shape `TU/ptm/b/n' undefined
(Font)              using `TU/ptm/bx/n' instead on input line 60.


LaTeX Font Warning: Font shape `TU/ptm/b/it' undefined
(Font)              using `TU/ptm/bx/it' instead on input line 60.


LaTeX Font Warning: Font shape `TU/ptm/b/n' undefined
(Font)              using `TU/ptm/bx/n' instead on input line 60.


LaTeX Font Warning: Font shape `TU/ptm/b/it' undefined
(Font)              using `TU/ptm/bx/it' instead on input line 60.


LaTeX Font Warning: Font shape `TU/ptm/b/n' undefined
(Font)              using `TU/ptm/bx/n' instead on input line 60.


LaTeX Font Warning: Font shape `TU/ptm/b/it' undefined
(Font)              using `TU/ptm/bx/it' instead on input line 60.


LaTeX Font Warning: Font shape `TU/ptm/b/n' undefined
(Font)              using `TU/ptm/bx/n' instead on input line 60.


LaTeX Font Warning: Font shape `TU/ptm/b/it' undefined
(Font)              using `TU/ptm/bx/it' instead on input line 60.


LaTeX Font Warning: Font shape `TU/ptm/b/n' undefined
(Font)              using `TU/ptm/bx/n' instead on input line 60.


LaTeX Font Warning: Font shape `TU/ptm/b/it' undefined
(Font)              using `TU/ptm/bx/it' instead on input line 60.


LaTeX Font Warning: Font shape `TU/ptm/b/n' undefined
(Font)              using `TU/ptm/bx/n' instead on input line 60.


LaTeX Font Warning: Font shape `TU/ptm/b/it' undefined
(Font)              using `TU/ptm/bx/it' instead on input line 60.


LaTeX Font Warning: Font shape `TU/ptm/b/n' undefined
(Font)              using `TU/ptm/bx/n' instead on input line 60.


LaTeX Font Warning: Font shape `TU/ptm/b/it' undefined
(Font)              using `TU/ptm/bx/it' instead on input line 60.


LaTeX Font Warning: Font shape `TU/ptm/b/n' undefined
(Font)              using `TU/ptm/bx/n' instead on input line 60.


LaTeX Font Warning: Font shape `TU/ptm/b/it' undefined
(Font)              using `TU/ptm/bx/it' instead on input line 60.

-- Lines per column: 56 (exact).

LaTeX Font Warning: Font shape `TU/ptm/b/n' undefined
(Font)              using `TU/ptm/bx/n' instead on input line 90.


LaTeX Warning: Citation `b1' on page 1 undefined on input line 91.


LaTeX Font Warning: Font shape `TU/ptm/b/n' undefined
(Font)              using `TU/ptm/bx/n' instead on input line 95.

(./introduction.tex

LaTeX Font Warning: Font shape `TU/ptm/m/sc' undefined
(Font)              using `TU/ptm/m/n' instead on input line 2.


LaTeX Font Warning: Font shape `TU/ptm/b/n' undefined
(Font)              using `TU/ptm/bx/n' instead on input line 4.


LaTeX Warning: Citation `b1' on page 1 undefined on input line 4.

(/usr/local/texlive/2021/texmf-dist/tex/latex/amsfonts/umsa.fd)
(/usr/local/texlive/2021/texmf-dist/tex/latex/amsfonts/umsb.fd)

LaTeX Font Warning: Font shape `TU/ptm/b/n' undefined
(Font)              using `TU/ptm/bx/n' instead on input line 9.


LaTeX Warning: Citation `b1' on page 1 undefined on input line 9.

) (./statements.tex

LaTeX Font Warning: Font shape `TU/ptm/b/sc' undefined
(Font)              using `TU/ptm/m/n' instead on input line 2.


LaTeX Warning: Citation `b1' on page 1 undefined on input line 2.


LaTeX Font Warning: Font shape `TU/ptm/b/n' undefined
(Font)              using `TU/ptm/bx/n' instead on input line 4.


LaTeX Warning: Citation `b1' on page 1 undefined on input line 4.


LaTeX Font Warning: Font shape `TU/ptm/b/n' undefined
(Font)              using `TU/ptm/bx/n' instead on input line 16.


LaTeX Warning: Citation `b1' on page 1 undefined on input line 16.


LaTeX Font Warning: Font shape `TU/ptm/b/n' undefined
(Font)              using `TU/ptm/bx/n' instead on input line 16.


LaTeX Warning: Citation `b1' on page 1 undefined on input line 16.


LaTeX Font Warning: Font shape `TU/ptm/b/n' undefined
(Font)              using `TU/ptm/bx/n' instead on input line 16.


LaTeX Warning: Citation `b1' on page 1 undefined on input line 16.


LaTeX Font Warning: Font shape `TU/ptm/b/n' undefined
(Font)              using `TU/ptm/bx/n' instead on input line 16.


LaTeX Warning: Citation `b1' on page 1 undefined on input line 16.


LaTeX Font Warning: Font shape `TU/ptm/b/n' undefined
(Font)              using `TU/ptm/bx/n' instead on input line 18.


LaTeX Warning: Citation `b1' on page 1 undefined on input line 18.

Excluding 'comment' comment.

LaTeX Font Warning: Font shape `TU/ptm/b/n' undefined
(Font)              using `TU/ptm/bx/n' instead on input line 42.


LaTeX Warning: Reference `tbl:compare' on page 1 undefined on input line 42.


LaTeX Font Warning: Font shape `TU/ptm/b/n' undefined
(Font)              using `TU/ptm/bx/n' instead on input line 43.


LaTeX Warning: Citation `b1' on page 1 undefined on input line 43.


LaTeX Font Warning: Font shape `TU/ptm/b/n' undefined
(Font)              using `TU/ptm/bx/n' instead on input line 44.


LaTeX Warning: Citation `b1' on page 1 undefined on input line 44.


LaTeX Font Warning: Font shape `TU/ptm/b/n' undefined
(Font)              using `TU/ptm/bx/n' instead on input line 45.


LaTeX Warning: Reference `tbl:compare' on page 1 undefined on input line 45.


LaTeX Font Warning: Font shape `TU/ptm/b/n' undefined
(Font)              using `TU/ptm/bx/n' instead on input line 50.


LaTeX Warning: Reference `tbl:compare' on page 1 undefined on input line 50.


LaTeX Font Warning: Font shape `TU/ptm/b/n' undefined
(Font)              using `TU/ptm/bx/n' instead on input line 52.


LaTeX Warning: Reference `tbl:compare' on page 1 undefined on input line 52.


LaTeX Font Warning: Font shape `TU/ptm/b/n' undefined
(Font)              using `TU/ptm/bx/n' instead on input line 54.


LaTeX Warning: Reference `tbl:compare' on page 1 undefined on input line 54.


LaTeX Font Warning: Font shape `TU/ptm/b/n' undefined
(Font)              using `TU/ptm/bx/n' instead on input line 74.


LaTeX Font Warning: Font shape `TU/ptm/b/n' undefined
(Font)              using `TU/ptm/bx/n' instead on input line 74.


LaTeX Font Warning: Font shape `TU/ptm/b/n' undefined
(Font)              using `TU/ptm/bx/n' instead on input line 74.


LaTeX Warning: Citation `b1' on page 1 undefined on input line 74.


LaTeX Font Warning: Font shape `TU/ptm/b/n' undefined
(Font)              using `TU/ptm/bx/n' instead on input line 74.


LaTeX Font Warning: Font shape `TU/ptm/b/n' undefined
(Font)              using `TU/ptm/bx/n' instead on input line 74.


LaTeX Font Warning: Font shape `TU/ptm/b/n' undefined
(Font)              using `TU/ptm/bx/n' instead on input line 74.


LaTeX Warning: Citation `b1' on page 1 undefined on input line 74.


LaTeX Font Warning: Font shape `TU/ptm/b/n' undefined
(Font)              using `TU/ptm/bx/n' instead on input line 85.


LaTeX Font Warning: Font shape `TU/ptm/b/n' undefined
(Font)              using `TU/ptm/bx/n' instead on input line 88.


LaTeX Font Warning: Font shape `TU/ptm/b/n' undefined
(Font)              using `TU/ptm/bx/n' instead on input line 93.


LaTeX Font Warning: Font shape `TU/ptm/b/n' undefined
(Font)              using `TU/ptm/bx/n' instead on input line 96.


LaTeX Font Warning: Font shape `TU/ptm/b/n' undefined
(Font)              using `TU/ptm/bx/n' instead on input line 100.


LaTeX Font Warning: Font shape `TU/ptm/b/n' undefined
(Font)              using `TU/ptm/bx/n' instead on input line 100.


LaTeX Font Warning: Font shape `TU/ptm/b/n' undefined
(Font)              using `TU/ptm/bx/n' instead on input line 100.


LaTeX Warning: Citation `b1' on page 1 undefined on input line 100.


LaTeX Font Warning: Font shape `TU/ptm/b/n' undefined
(Font)              using `TU/ptm/bx/n' instead on input line 100.


LaTeX Font Warning: Font shape `TU/ptm/b/n' undefined
(Font)              using `TU/ptm/bx/n' instead on input line 100.


LaTeX Font Warning: Font shape `TU/ptm/b/n' undefined
(Font)              using `TU/ptm/bx/n' instead on input line 100.


LaTeX Warning: Citation `b1' on page 1 undefined on input line 100.


LaTeX Font Warning: Font shape `TU/ptm/b/n' undefined
(Font)              using `TU/ptm/bx/n' instead on input line 104.


LaTeX Warning: Citation `b1' on page 1 undefined on input line 104.


LaTeX Font Warning: Font shape `TU/ptm/b/n' undefined
(Font)              using `TU/ptm/bx/n' instead on input line 106.


LaTeX Warning: Citation `b1' on page 1 undefined on input line 106.


LaTeX Font Warning: Font shape `TU/ptm/b/n' undefined
(Font)              using `TU/ptm/bx/n' instead on input line 106.


LaTeX Warning: Reference `tbl:compare' on page 1 undefined on input line 106.


LaTeX Font Warning: Font shape `TU/ptm/b/n' undefined
(Font)              using `TU/ptm/bx/n' instead on input line 107.


LaTeX Warning: Reference `tbl:compare2' on page 1 undefined on input line 107.


LaTeX Font Warning: Font shape `TU/ptm/b/n' undefined
(Font)              using `TU/ptm/bx/n' instead on input line 111.


LaTeX Warning: Reference `tbl:compare2' on page 1 undefined on input line 111.


LaTeX Font Warning: Font shape `TU/ptm/b/n' undefined
(Font)              using `TU/ptm/bx/n' instead on input line 113.


LaTeX Warning: Reference `tbl:compare2' on page 1 undefined on input line 113.


LaTeX Font Warning: Font shape `TU/ptm/b/n' undefined
(Font)              using `TU/ptm/bx/n' instead on input line 117.


LaTeX Warning: Reference `tbl:compare2' on page 1 undefined on input line 117.


LaTeX Font Warning: Font shape `TU/ptm/b/n' undefined
(Font)              using `TU/ptm/bx/n' instead on input line 119.


LaTeX Warning: Reference `tbl:compare' on page 1 undefined on input line 119.

[1]

LaTeX Font Warning: Font shape `TU/ptm/b/n' undefined
(Font)              using `TU/ptm/bx/n' instead on input line 140.


LaTeX Warning: Reference `eqn:absg' on page 2 undefined on input line 140.


LaTeX Font Warning: Font shape `TU/ptm/b/n' undefined
(Font)              using `TU/ptm/bx/n' instead on input line 144.


LaTeX Warning: Reference `eqn:lemma2' on page 2 undefined on input line 144.


LaTeX Font Warning: Font shape `TU/ptm/b/n' undefined
(Font)              using `TU/ptm/bx/n' instead on input line 147.


LaTeX Warning: Reference `tbl:compare2' on page 2 undefined on input line 147.


LaTeX Font Warning: Font shape `TU/ptm/b/n' undefined
(Font)              using `TU/ptm/bx/n' instead on input line 149.


LaTeX Warning: Reference `tbl:compare' on page 2 undefined on input line 149.


LaTeX Font Warning: Font shape `TU/ptm/b/n' undefined
(Font)              using `TU/ptm/bx/n' instead on input line 152.


LaTeX Warning: Citation `b1' on page 2 undefined on input line 152.


LaTeX Font Warning: Font shape `TU/ptm/b/n' undefined
(Font)              using `TU/ptm/bx/n' instead on input line 158.


LaTeX Warning: Citation `b1' on page 2 undefined on input line 158.


LaTeX Font Warning: Font shape `TU/ptm/b/n' undefined
(Font)              using `TU/ptm/bx/n' instead on input line 161.


LaTeX Warning: Citation `b1' on page 2 undefined on input line 161.


LaTeX Font Warning: Font shape `TU/ptm/b/n' undefined
(Font)              using `TU/ptm/bx/n' instead on input line 167.


LaTeX Warning: Citation `b1' on page 2 undefined on input line 167.

[2]) (./algorithm.tex

LaTeX Font Warning: Font shape `TU/ptm/b/n' undefined
(Font)              using `TU/ptm/bx/n' instead on input line 4.


LaTeX Warning: Citation `b1' on page 3 undefined on input line 4.


LaTeX Font Warning: Font shape `TU/ptm/b/n' undefined
(Font)              using `TU/ptm/bx/n' instead on input line 7.


LaTeX Warning: Citation `b1' on page 3 undefined on input line 7.


LaTeX Font Warning: Font shape `TU/ptm/b/n' undefined
(Font)              using `TU/ptm/bx/n' instead on input line 11.


LaTeX Font Warning: Font shape `TU/ptm/b/n' undefined
(Font)              using `TU/ptm/bx/n' instead on input line 11.


LaTeX Font Warning: Font shape `TU/ptm/b/n' undefined
(Font)              using `TU/ptm/bx/n' instead on input line 11.


LaTeX Font Warning: Font shape `TU/ptm/b/n' undefined
(Font)              using `TU/ptm/bx/n' instead on input line 11.


LaTeX Font Warning: Font shape `TU/ptm/b/n' undefined
(Font)              using `TU/ptm/bx/n' instead on input line 15.


LaTeX Font Warning: Font shape `TU/ptm/b/n' undefined
(Font)              using `TU/ptm/bx/n' instead on input line 26.


LaTeX Font Warning: Font shape `TU/ptm/b/n' undefined
(Font)              using `TU/ptm/bx/n' instead on input line 26.


LaTeX Font Warning: Font shape `TU/ptm/b/n' undefined
(Font)              using `TU/ptm/bx/n' instead on input line 32.


LaTeX Font Warning: Font shape `TU/ptm/b/n' undefined
(Font)              using `TU/ptm/bx/n' instead on input line 32.


LaTeX Font Warning: Font shape `TU/ptm/b/n' undefined
(Font)              using `TU/ptm/bx/n' instead on input line 35.


LaTeX Font Warning: Font shape `TU/ptm/b/n' undefined
(Font)              using `TU/ptm/bx/n' instead on input line 35.


LaTeX Font Warning: Font shape `TU/ptm/b/n' undefined
(Font)              using `TU/ptm/bx/n' instead on input line 36.


LaTeX Font Warning: Font shape `TU/ptm/b/n' undefined
(Font)              using `TU/ptm/bx/n' instead on input line 36.

) (./results.tex

LaTeX Font Warning: Font shape `TU/ptm/b/n' undefined
(Font)              using `TU/ptm/bx/n' instead on input line 6.


LaTeX Warning: Citation `b1' on page 3 undefined on input line 6.


LaTeX Font Warning: Font shape `TU/ptm/b/n' undefined
(Font)              using `TU/ptm/bx/n' instead on input line 13.


LaTeX Font Warning: Font shape `TU/ptm/b/n' undefined
(Font)              using `TU/ptm/bx/n' instead on input line 13.


LaTeX Font Warning: Font shape `TU/ptm/b/n' undefined
(Font)              using `TU/ptm/bx/n' instead on input line 13.


LaTeX Font Warning: Font shape `TU/ptm/b/n' undefined
(Font)              using `TU/ptm/bx/n' instead on input line 13.

Excluding 'comment' comment.

LaTeX Font Warning: Font shape `TU/ptm/b/n' undefined
(Font)              using `TU/ptm/bx/n' instead on input line 28.


LaTeX Warning: Citation `b1' on page 3 undefined on input line 28.


LaTeX Font Warning: Font shape `TU/ptm/b/n' undefined
(Font)              using `TU/ptm/bx/n' instead on input line 28.


LaTeX Warning: Reference `fig:SNRBoostK2' on page 3 undefined on input line 28.



LaTeX Font Warning: Font shape `TU/ptm/b/n' undefined
(Font)              using `TU/ptm/bx/n' instead on input line 39.


LaTeX Warning: Citation `b1' on page 3 undefined on input line 39.

)
No file 2308.02673_xelatex.bbl.

** Conference Paper **
Before submitting the final camera ready copy, remember to:

 1. Manually equalize the lengths of two columns on the last page
 of your paper;

 2. Ensure that any PostScript and/or PDF output post-processing
 uses only Type 1 fonts and that every step in the generation
 process uses the appropriate paper size.

[3]
(/Users/jovyntan/Desktop/work/fyp/exploration/diff_test_tex_engines/bin/compile
d_tex_pdf/2308.02673/2308.02673_xelatex.aux)

LaTeX Font Warning: Some font shapes were not available, defaults substituted.


LaTeX Warning: There were undefined references.


LaTeX Warning: Label(s) may have changed. Rerun to get cross-references right.

 )
(see the transcript file for additional information)
Output written on /Users/jovyntan/Desktop/work/fyp/exploration/diff_test_tex_en
gines/bin/compiled_tex_pdf/2308.02673/2308.02673_xelatex.pdf (3 pages).
Transcript written on /Users/jovyntan/Desktop/work/fyp/exploration/diff_test_te
x_engines/bin/compiled_tex_pdf/2308.02673/2308.02673_xelatex.log.
