This is LuaHBTeX, Version 1.13.0 (TeX Live 2021)  (format=lualatex 2021.12.5)  20 AUG 2023 02:08
 restricted system commands enabled.
**DDPG_XP.tex
(./DDPG_XP.tex
LaTeX2e <2020-10-01> patch level 4
Lua module: luaotfload 2021-01-08 3.17 Lua based OpenType font support
Lua module: lualibs 2020-12-30 2.73 ConTeXt Lua standard libraries.
Lua module: lualibs-extended 2020-12-30 2.73 ConTeXt Lua libraries -- extended c
ollection.
luaotfload | conf : Root cache directory is "/Users/jovyntan/Library/texlive/202
1/texmf-var/luatex-cache/generic/names".
luaotfload | init : Loading fontloader "fontloader-2021-01-07.lua" from kpse-res
olved path "/usr/local/texlive/2021/texmf-dist/tex/luatex/luaotfload/fontloader-
2021-01-07.lua".
Lua-only attribute luaotfload@noligature = 1
Lua-only attribute luaotfload@syllabe = 2
luaotfload | init : Context OpenType loader version 0x1.8e76c8b439581p+1
Inserting `luaotfload.node_processor' at position 1 in `pre_linebreak_filter'.
Inserting `luaotfload.node_processor' at position 1 in `hpack_filter'.
Inserting `luaotfload.glyph_stream' at position 1 in `glyph_stream_provider'.
Inserting `luaotfload.define_font' at position 1 in `define_font'.
Lua-only attribute luaotfload_color_attribute = 3
luaotfload | conf : Root cache directory is "/Users/jovyntan/Library/texlive/202
1/texmf-var/luatex-cache/generic/names".
Inserting `luaotfload.harf.strip_prefix' at position 1 in `find_opentype_file'.
Inserting `luaotfload.harf.strip_prefix' at position 1 in `find_truetype_file'.
Inserting `luaotfload.harf.finalize_vlist' at position 1 in `post_linebreak_filt
er'.
Inserting `luaotfload.harf.finalize_hlist' at position 2 in `hpack_filter'.
Inserting `luaotfload.cleanup_files' at position 1 in `wrapup_run'.
Inserting `luaotfload.harf.finalize_unicode' at position 1 in `finish_pdffile'.
Inserting `luaotfload.glyphinfo' at position 1 in `glyph_info'.
Inserting `luaotfload.aux.set_sscale_dimens' at position 1 in `luaotfload.patch_
font'.
Inserting `luaotfload.aux.set_font_index' at position 2 in `luaotfload.patch_fon
t'.
Inserting `luaotfload.aux.patch_cambria_domh' at position 3 in `luaotfload.patch
_font'.
Inserting `luaotfload.aux.fixup_fontdata' at position 1 in `luaotfload.patch_fon
t_unsafe'.
Inserting `luaotfload.aux.set_capheight' at position 4 in `luaotfload.patch_font
'.
Inserting `luaotfload.aux.set_xheight' at position 5 in `luaotfload.patch_font'.
Inserting `luaotfload.rewrite_fontname' at position 6 in `luaotfload.patch_font'
. L3 programming layer <2021-02-18>
(/usr/local/texlive/2021/texmf-dist/tex/latex/IEEEtran/IEEEtran.cls
Document Class: IEEEtran 2015/08/26 V1.8b by Michael Shell
-- See the "IEEEtran_HOWTO" manual for usage information.
-- http://www.michaelshell.org/tex/ieeetran/
\@IEEEtrantmpdimenA=\dimen138
\@IEEEtrantmpdimenB=\dimen139
\@IEEEtrantmpdimenC=\dimen140
\@IEEEtrantmpcountA=\count175
\@IEEEtrantmpcountB=\count176
\@IEEEtrantmpcountC=\count177
\@IEEEtrantmptoksA=\toks15
LaTeX Font Info:    Trying to load font information for TU+ptm on input line 50
3.
LaTeX Font Info:    No file TUptm.fd. on input line 503.

LaTeX Font Warning: Font shape `TU/ptm/m/n' undefined
(Font)              using `TU/lmr/m/n' instead on input line 503.

luaotfload | db : Font names database loaded from /Users/jovyntan/Library/texliv
e/2021/texmf-var/luatex-cache/generic/names/luaotfload-names.luc
-- Using 8.5in x 11in (letter) paper.
-- Using DVI output.
\@IEEEnormalsizeunitybaselineskip=\dimen141
-- This is a 10 point document.
\CLASSINFOnormalsizebaselineskip=\dimen142
\CLASSINFOnormalsizeunitybaselineskip=\dimen143
\IEEEnormaljot=\dimen144

LaTeX Font Warning: Font shape `TU/ptm/bx/n' undefined
(Font)              using `TU/ptm/m/n' instead on input line 1090.


LaTeX Font Warning: Font shape `TU/ptm/m/it' undefined
(Font)              using `TU/ptm/m/n' instead on input line 1090.


LaTeX Font Warning: Font shape `TU/ptm/bx/it' undefined
(Font)              using `TU/ptm/bx/n' instead on input line 1090.

\IEEEquantizedlength=\dimen145
\IEEEquantizedlengthdiff=\dimen146
\IEEEquantizedtextheightdiff=\dimen147
\IEEEilabelindentA=\dimen148
\IEEEilabelindentB=\dimen149
\IEEEilabelindent=\dimen150
\IEEEelabelindent=\dimen151
\IEEEdlabelindent=\dimen152
\IEEElabelindent=\dimen153
\IEEEiednormlabelsep=\dimen154
\IEEEiedmathlabelsep=\dimen155
\IEEEiedtopsep=\skip47
\c@section=\count178
\c@subsection=\count179
\c@subsubsection=\count180
\c@paragraph=\count181
\c@IEEEsubequation=\count182
\abovecaptionskip=\skip48
\belowcaptionskip=\skip49
\c@figure=\count183
\c@table=\count184
\@IEEEeqnnumcols=\count185
\@IEEEeqncolcnt=\count186
\@IEEEsubeqnnumrollback=\count187
\@IEEEquantizeheightA=\dimen156
\@IEEEquantizeheightB=\dimen157
\@IEEEquantizeheightC=\dimen158
\@IEEEquantizeprevdepth=\dimen159
\@IEEEquantizemultiple=\count188
\@IEEEquantizeboxA=\box47
\@IEEEtmpitemindent=\dimen160
\IEEEPARstartletwidth=\dimen161
\c@IEEEbiography=\count189
\@IEEEtranrubishbin=\box48
) (/usr/local/texlive/2021/texmf-dist/tex/latex/amsfonts/amsfonts.sty
Package: amsfonts 2013/01/14 v3.01 Basic AMSFonts support
\@emptytoks=\toks16
\symAMSa=\mathgroup4
\symAMSb=\mathgroup5
LaTeX Font Info:    Redeclaring math symbol \hbar on input line 98.
LaTeX Font Info:    Overwriting math alphabet `\mathfrak' in version `bold'
(Font)                  U/euf/m/n --> U/euf/b/n on input line 106.
)
(/usr/local/texlive/2021/texmf-dist/tex/latex/graphics/graphicx.sty
Package: graphicx 2020/09/09 v1.2b Enhanced LaTeX Graphics (DPC,SPQR)

(/usr/local/texlive/2021/texmf-dist/tex/latex/graphics/keyval.sty
Package: keyval 2014/10/28 v1.15 key=value parser (DPC)
\KV@toks@=\toks17
)
(/usr/local/texlive/2021/texmf-dist/tex/latex/graphics/graphics.sty
Package: graphics 2020/08/30 v1.4c Standard LaTeX Graphics (DPC,SPQR)

(/usr/local/texlive/2021/texmf-dist/tex/latex/graphics/trig.sty
Package: trig 2016/01/03 v1.10 sin cos tan (DPC)
)
(/usr/local/texlive/2021/texmf-dist/tex/latex/graphics-cfg/graphics.cfg
File: graphics.cfg 2016/06/04 v1.11 sample graphics configuration
)
Package graphics Info: Driver file: luatex.def on input line 105.

(/usr/local/texlive/2021/texmf-dist/tex/latex/graphics-def/luatex.def
File: luatex.def 2020/10/05 v1.2a Graphics/color driver for luatex
))
\Gin@req@height=\dimen162
\Gin@req@width=\dimen163
)
(/usr/local/texlive/2021/texmf-dist/tex/latex/graphics/color.sty
Package: color 2020/02/24 v1.2b Standard LaTeX Color (DPC)

(/usr/local/texlive/2021/texmf-dist/tex/latex/graphics-cfg/color.cfg
File: color.cfg 2016/01/02 v1.6 sample color configuration
)
Package color Info: Driver file: luatex.def on input line 147.
)
(/usr/local/texlive/2021/texmf-dist/tex/latex/amsmath/amsmath.sty
Package: amsmath 2020/09/23 v2.17i AMS math features
\@mathmargin=\skip50

For additional information on amsmath, use the `?' option.
(/usr/local/texlive/2021/texmf-dist/tex/latex/amsmath/amstext.sty
Package: amstext 2000/06/29 v2.01 AMS text

(/usr/local/texlive/2021/texmf-dist/tex/latex/amsmath/amsgen.sty
File: amsgen.sty 1999/11/30 v2.0 generic functions
\@emptytoks=\toks18
\ex@=\dimen164
))
(/usr/local/texlive/2021/texmf-dist/tex/latex/amsmath/amsbsy.sty
Package: amsbsy 1999/11/29 v1.2d Bold Symbols
\pmbraise@=\dimen165
)
(/usr/local/texlive/2021/texmf-dist/tex/latex/amsmath/amsopn.sty
Package: amsopn 2016/03/08 v2.02 operator names
)
\inf@bad=\count190
LaTeX Info: Redefining \frac on input line 236.
\uproot@=\count191
\leftroot@=\count192
LaTeX Info: Redefining \overline on input line 399.
\classnum@=\count193
\DOTSCASE@=\count194
LaTeX Info: Redefining \ldots on input line 496.
LaTeX Info: Redefining \dots on input line 499.
LaTeX Info: Redefining \cdots on input line 620.
\Mathstrutbox@=\box49
\strutbox@=\box50
\big@size=\dimen166
LaTeX Font Info:    Redeclaring font encoding OML on input line 743.
LaTeX Font Info:    Redeclaring font encoding OMS on input line 744.
\macc@depth=\count195
\c@MaxMatrixCols=\count196
\dotsspace@=\muskip16
\c@parentequation=\count197
\dspbrk@lvl=\count198
\tag@help=\toks19
\row@=\count199
\column@=\count266
\maxfields@=\count267
\andhelp@=\toks20
\eqnshift@=\dimen167
\alignsep@=\dimen168
\tagshift@=\dimen169
\tagwidth@=\dimen170
\totwidth@=\dimen171
\lineht@=\dimen172
\@envbody=\toks21
\multlinegap=\skip51
\multlinetaggap=\skip52
\mathdisplay@stack=\toks22
LaTeX Info: Redefining \[ on input line 2923.
LaTeX Info: Redefining \] on input line 2924.
)
(/usr/local/texlive/2021/texmf-dist/tex/latex/amsfonts/amssymb.sty
Package: amssymb 2013/01/14 v3.01 AMS font symbols
)
(/usr/local/texlive/2021/texmf-dist/tex/latex/amscls/amsthm.sty
Package: amsthm 2020/05/29 v2.20.6
\thm@style=\toks23
\thm@bodyfont=\toks24
\thm@headfont=\toks25
\thm@notefont=\toks26
\thm@headpunct=\toks27
\thm@preskip=\skip53
\thm@postskip=\skip54
\thm@headsep=\skip55
\dth@everypar=\toks28
)
(/usr/local/texlive/2021/texmf-dist/tex/latex/graphics/epsfig.sty
Package: epsfig 2017/06/25 v1.7b (e)psfig emulation (SPQR)
\epsfxsize=\dimen173
\epsfysize=\dimen174
)
(/usr/local/texlive/2021/texmf-dist/tex/latex/epstopdf-pkg/epstopdf.sty
Package: epstopdf 2020-01-24 v2.11 Conversion with epstopdf on the fly (HO)

(/usr/local/texlive/2021/texmf-dist/tex/generic/infwarerr/infwarerr.sty
Package: infwarerr 2019/12/03 v1.5 Providing info/warning/error messages (HO)
)
(/usr/local/texlive/2021/texmf-dist/tex/latex/grfext/grfext.sty
Package: grfext 2019/12/03 v1.3 Manage graphics extensions (HO)

(/usr/local/texlive/2021/texmf-dist/tex/generic/kvdefinekeys/kvdefinekeys.sty
Package: kvdefinekeys 2019-12-19 v1.6 Define keys (HO)
)) (/usr/local/texlive/2021/texmf-dist/tex/latex/kvoptions/kvoptions.sty
Package: kvoptions 2020-10-07 v3.14 Key value format for package options (HO)

(/usr/local/texlive/2021/texmf-dist/tex/generic/ltxcmds/ltxcmds.sty
Package: ltxcmds 2020-05-10 v1.25 LaTeX kernel commands for general use (HO)
)
(/usr/local/texlive/2021/texmf-dist/tex/generic/kvsetkeys/kvsetkeys.sty
Package: kvsetkeys 2019/12/15 v1.18 Key value parser (HO)
))
(/usr/local/texlive/2021/texmf-dist/tex/generic/pdftexcmds/pdftexcmds.sty
Package: pdftexcmds 2020-06-27 v0.33 Utility functions of pdfTeX for LuaTeX (HO
)

(/usr/local/texlive/2021/texmf-dist/tex/generic/iftex/iftex.sty
Package: iftex 2020/03/06 v1.0d TeX engine tests
)
Package pdftexcmds Info: \pdf@primitive is available.
Package pdftexcmds Info: \pdf@ifprimitive is available.
Package pdftexcmds Info: \pdfdraftmode found.
\pdftexcmds@toks=\toks29
)
(/usr/local/texlive/2021/texmf-dist/tex/latex/epstopdf-pkg/epstopdf-base.sty
Package: epstopdf-base 2020-01-24 v2.11 Base part for package epstopdf
Package epstopdf-base Info: Redefining graphics rule for `.eps' on input line 4
85.
Package grfext Info: Graphics extension search list:
(grfext)             [.pdf,.png,.jpg,.mps,.jpeg,.jbig2,.jb2,.PDF,.PNG,.JPG,.JPE
G,.JBIG2,.JB2,.eps]
(grfext)             \AppendGraphicsExtensions on input line 504.

(/usr/local/texlive/2021/texmf-dist/tex/latex/latexconfig/epstopdf-sys.cfg
File: epstopdf-sys.cfg 2010/07/13 v1.3 Configuration of (r)epstopdf for TeX Liv
e
)))
(/usr/local/texlive/2021/texmf-dist/tex/latex/url/url.sty
\Urlmuskip=\muskip17
Package: url 2013/09/16  ver 3.4  Verb mode for urls, etc.
)
(/usr/local/texlive/2021/texmf-dist/tex/latex/tools/array.sty
Package: array 2020/10/01 v2.5c Tabular extension package (FMi)
\col@sep=\dimen175
\ar@mcellbox=\box51
\extrarowheight=\dimen176
\NC@list=\toks30
\extratabsurround=\skip56
\backup@length=\skip57
\ar@cellbox=\box52
)
(/usr/local/texlive/2021/texmf-dist/tex/latex/base/textcomp.sty
Package: textcomp 2020/02/02 v2.0n Standard LaTeX package
)
(/usr/local/texlive/2021/texmf-dist/tex/latex/preprint/authblk.sty
Package: authblk 2001/02/27 1.3 (PWD)
\affilsep=\skip58
\@affilsep=\skip59
\c@Maxaffil=\count268
\c@authors=\count269
\c@affil=\count270
)
(/usr/local/texlive/2021/texmf-dist/tex/latex/cite/cite.sty
LaTeX Info: Redefining \cite on input line 302.
LaTeX Info: Redefining \nocite on input line 332.
Package: cite 2015/02/27  v 5.5
)
(/usr/local/texlive/2021/texmf-dist/tex/latex/tools/verbatim.sty
Package: verbatim 2020-07-07 v1.5u LaTeX2e package for verbatim enhancements
\every@verbatim=\toks31
\verbatim@line=\toks32
\verbatim@in@stream=\read2
)
(/usr/local/texlive/2021/texmf-dist/tex/latex/subfigure/subfigure.sty
Package: subfigure 2002/03/15 v2.1.5 subfigure package
\subfigtopskip=\skip60
\subfigcapskip=\skip61
\subfigcaptopadj=\dimen177
\subfigbottomskip=\skip62
\subfigcapmargin=\dimen178
\subfiglabelskip=\skip63
\c@subfigure=\count271
\c@lofdepth=\count272
\c@subtable=\count273
\c@lotdepth=\count274

****************************************
* Local config file subfigure.cfg used *
****************************************
(/usr/local/texlive/2021/texmf-dist/tex/latex/subfigure/subfigure.cfg)
\subfig@top=\skip64
\subfig@bottom=\skip65
)
(/usr/local/texlive/2021/texmf-dist/tex/latex/algorithms/algorithm.sty
Package: algorithm 2009/08/24 v0.1 Document Style `algorithm' - floating enviro
nment

(/usr/local/texlive/2021/texmf-dist/tex/latex/float/float.sty
Package: float 2001/11/08 v1.3d Float enhancements (AL)
\c@float@type=\count275
\float@exts=\toks33
\float@box=\box53
\@float@everytoks=\toks34
\@floatcapt=\box54
)
(/usr/local/texlive/2021/texmf-dist/tex/latex/base/ifthen.sty
Package: ifthen 2014/09/29 v1.1c Standard LaTeX ifthen package (DPC)
)
\@float@every@algorithm=\toks35
\c@algorithm=\count276
)
(/usr/local/texlive/2021/texmf-dist/tex/latex/algorithms/algorithmic.sty
Package: algorithmic 2009/08/24 v0.1 Document Style `algorithmic'
\c@ALC@unique=\count277
\c@ALC@line=\count278
\c@ALC@rem=\count279
\c@ALC@depth=\count280
\ALC@tlm=\skip66
\algorithmicindent=\skip67
)
(/usr/local/texlive/2021/texmf-dist/tex/latex/bbm-macros/bbm.sty
Package: bbm 1999/03/15 V 1.2 provides fonts for set symbols - TH
LaTeX Font Info:    Overwriting math alphabet `\mathbbm' in version `bold'
(Font)                  U/bbm/m/n --> U/bbm/bx/n on input line 33.
LaTeX Font Info:    Overwriting math alphabet `\mathbbmss' in version `bold'
(Font)                  U/bbmss/m/n --> U/bbmss/bx/n on input line 35.
)
(/usr/local/texlive/2021/texmf-dist/tex/latex/subfig/subfig.sty
Package: subfig 2005/06/28 ver: 1.3 subfig package

(/usr/local/texlive/2021/texmf-dist/tex/latex/caption/caption3.sty
Package: caption3 2020/10/21 v2.2e caption3 kernel (AR)
\captionmargin=\dimen179
\captionmargin@=\dimen180
\captionwidth=\dimen181
\caption@tempdima=\dimen182
\caption@indent=\dimen183
\caption@parindent=\dimen184
\caption@hangindent=\dimen185
Package caption Info: Unknown document class (or package),
(caption)             standard defaults will be used.
Package caption Info: \@makecaption = \long macro:#1#2->\ifx \@captype \@IEEEta
blestring \footnotesize \bgroup \par \centering \@IEEEtabletopskipstrut {\norma
lfont \footnotesize #1}\\{\normalfont \footnotesize \scshape #2}\par \addvspace
 {0.5\baselineskip }\egroup \@IEEEtablecaptionsepspace \else \@IEEEfigurecaptio
nsepspace \setbox \@tempboxa \hbox {\normalfont \footnotesize {#1.}\nobreakspac
e \nobreakspace #2}\ifdim \wd \@tempboxa >\hsize \setbox \@tempboxa \hbox {\nor
malfont \footnotesize {#1.}\nobreakspace \nobreakspace }\parbox [t]{\hsize }{\n
ormalfont \footnotesize \noindent \unhbox \@tempboxa #2}\else \ifCLASSOPTIONcon
ference \hbox to\hsize {\normalfont \footnotesize \hfil \box \@tempboxa \hfil }
\else \hbox to\hsize {\normalfont \footnotesize \box \@tempboxa \hfil }\fi \fi 
\fi  on input line 1139.
)
\c@KVtest=\count281
\sf@farskip=\skip68
\sf@captopadj=\dimen186
\sf@capskip=\skip69
\sf@nearskip=\skip70
\sf@top=\skip71
\sf@bottom=\skip72
)
(/usr/local/texlive/2021/texmf-dist/tex/latex/sttools/stfloats.sty
Package: stfloats 2017/03/27 v3.3 Improve float mechanism and baselineskip sett
ings
\@dblbotnum=\count282
\c@dblbotnumber=\count283
)
\c@theorem=\count284
\c@lemma=\count285
\c@corollary=\count286
\c@mydef=\count287
\c@remark=\count288

(/usr/local/texlive/2021/texmf-dist/tex/latex/l3backend/l3backend-luatex.def
File: l3backend-luatex.def 2021-03-18 L3 backend support: PDF output (LuaTeX)
\l__color_backend_stack_int=\count289
\l__pdf_internal_box=\box55
)

LaTeX Warning: Unused global option(s):
    [lettersize].

No file 2308.02140_lualatex.aux.

\openout1 = 2308.02140_lualatex.aux
LaTeX Font Info:    Checking defaults for OML/cmm/m/it on input line 41.
LaTeX Font Info:    ... okay on input line 41.
LaTeX Font Info:    Checking defaults for OMS/cmsy/m/n on input line 41.
LaTeX Font Info:    ... okay on input line 41.
LaTeX Font Info:    Checking defaults for OT1/cmr/m/n on input line 41.
LaTeX Font Info:    ... okay on input line 41.
LaTeX Font Info:    Checking defaults for T1/cmr/m/n on input line 41.
LaTeX Font Info:    ... okay on input line 41.
LaTeX Font Info:    Checking defaults for TS1/cmr/m/n on input line 41.
LaTeX Font Info:    Trying to load font information for TS1+cmr on input line 4
1.
(/usr/local/texlive/2021/texmf-dist/tex/latex/base/ts1cmr.fd
File: ts1cmr.fd 2019/12/16 v2.5j Standard LaTeX font definitions
)
LaTeX Font Info:    ... okay on input line 41.
LaTeX Font Info:    Checking defaults for TU/lmr/m/n on input line 41.
LaTeX Font Info:    ... okay on input line 41.
LaTeX Font Info:    Checking defaults for OMX/cmex/m/n on input line 41.
LaTeX Font Info:    ... okay on input line 41.
LaTeX Font Info:    Checking defaults for U/cmr/m/n on input line 41.
LaTeX Font Info:    ... okay on input line 41.


LaTeX Font Warning: Font shape `TU/ptm/b/n' undefined
(Font)              using `TU/ptm/bx/n' instead on input line 41.


LaTeX Font Warning: Font shape `TU/ptm/b/it' undefined
(Font)              using `TU/ptm/bx/it' instead on input line 41.


LaTeX Font Warning: Font shape `TU/ptm/b/n' undefined
(Font)              using `TU/ptm/bx/n' instead on input line 41.


LaTeX Font Warning: Font shape `TU/ptm/b/it' undefined
(Font)              using `TU/ptm/bx/it' instead on input line 41.


LaTeX Font Warning: Font shape `TU/ptm/b/n' undefined
(Font)              using `TU/ptm/bx/n' instead on input line 41.


LaTeX Font Warning: Font shape `TU/ptm/b/it' undefined
(Font)              using `TU/ptm/bx/it' instead on input line 41.


LaTeX Font Warning: Font shape `TU/ptm/b/n' undefined
(Font)              using `TU/ptm/bx/n' instead on input line 41.


LaTeX Font Warning: Font shape `TU/ptm/b/it' undefined
(Font)              using `TU/ptm/bx/it' instead on input line 41.


LaTeX Font Warning: Font shape `TU/ptm/b/n' undefined
(Font)              using `TU/ptm/bx/n' instead on input line 41.


LaTeX Font Warning: Font shape `TU/ptm/b/it' undefined
(Font)              using `TU/ptm/bx/it' instead on input line 41.


LaTeX Font Warning: Font shape `TU/ptm/b/n' undefined
(Font)              using `TU/ptm/bx/n' instead on input line 41.


LaTeX Font Warning: Font shape `TU/ptm/b/it' undefined
(Font)              using `TU/ptm/bx/it' instead on input line 41.


LaTeX Font Warning: Font shape `TU/ptm/b/n' undefined
(Font)              using `TU/ptm/bx/n' instead on input line 41.


LaTeX Font Warning: Font shape `TU/ptm/b/it' undefined
(Font)              using `TU/ptm/bx/it' instead on input line 41.


LaTeX Font Warning: Font shape `TU/ptm/b/n' undefined
(Font)              using `TU/ptm/bx/n' instead on input line 41.


LaTeX Font Warning: Font shape `TU/ptm/b/it' undefined
(Font)              using `TU/ptm/bx/it' instead on input line 41.


LaTeX Font Warning: Font shape `TU/ptm/b/n' undefined
(Font)              using `TU/ptm/bx/n' instead on input line 41.


LaTeX Font Warning: Font shape `TU/ptm/b/it' undefined
(Font)              using `TU/ptm/bx/it' instead on input line 41.


LaTeX Font Warning: Font shape `TU/ptm/b/n' undefined
(Font)              using `TU/ptm/bx/n' instead on input line 41.


LaTeX Font Warning: Font shape `TU/ptm/b/it' undefined
(Font)              using `TU/ptm/bx/it' instead on input line 41.

-- Lines per column: 58 (exact).
(/usr/local/texlive/2021/texmf-dist/tex/context/base/mkii/supp-pdf.mkii
[Loading MPS to PDF converter (version 2006.09.02).]
\scratchcounter=\count290
\scratchdimen=\dimen187
\scratchbox=\box56
\nofMPsegments=\count291
\nofMParguments=\count292
\everyMPshowfont=\toks36
\MPscratchCnt=\count293
\MPscratchDim=\dimen188
\MPnumerator=\count294
\makeMPintoPDFobject=\count295
\everyMPtoPDFconversion=\toks37
)
Package caption Info: Begin \AtBeginDocument code.
Package caption Info: subfig package v1.3 is loaded.
Package caption Info: End \AtBeginDocument code.

Underfull \hbox (badness 6157) in paragraph at lines 59--59
[][][]\TU/ptm/bx/it/8 Da Wu, Ji-ahui Feng, Zheng Shi, and Guanghua Yang
 []


Underfull \hbox (badness 10000) in paragraph at lines 59--59
\TU/ptm/bx/it/8 are with the School of In-tel-li-gent Sys-tems Sci-ence and
 []


Underfull \hbox (badness 10000) in paragraph at lines 59--59
\TU/ptm/bx/it/8 En-gi-neer-ing, Ji-nan Uni-ver-sity, Zhuhai 519070, China (e-
 []


Underfull \hbox (badness 10000) in paragraph at lines 59--59
\TU/ptm/bx/it/8 mails: 0x8a@stu2021.jnu.edu.cn; ji-ahui@stu2020.jnu.edu.cn;
 []


LaTeX Font Warning: Font shape `TU/ptm/b/n' undefined
(Font)              using `TU/ptm/bx/n' instead on input line 60.


LaTeX Font Warning: Font shape `TU/ptm/b/n' undefined
(Font)              using `TU/ptm/bx/n' instead on input line 70.


LaTeX Font Warning: Font shape `TU/ptm/m/sc' undefined
(Font)              using `TU/ptm/m/n' instead on input line 75.


LaTeX Font Warning: Font shape `TU/ptm/b/n' undefined
(Font)              using `TU/ptm/bx/n' instead on input line 83.


LaTeX Warning: Citation `jabi2017adaptive' on page 1 undefined on input line 83
.


LaTeX Font Warning: Font shape `TU/ptm/b/n' undefined
(Font)              using `TU/ptm/bx/n' instead on input line 83.


LaTeX Warning: Citation `jabi2017boost' on page 1 undefined on input line 83.


LaTeX Font Warning: Font shape `TU/ptm/b/n' undefined
(Font)              using `TU/ptm/bx/n' instead on input line 83.


LaTeX Warning: Citation `jabi2018amc' on page 1 undefined on input line 83.


LaTeX Font Warning: Font shape `TU/ptm/b/n' undefined
(Font)              using `TU/ptm/bx/n' instead on input line 85.


LaTeX Warning: Citation `jabi2017adaptive' on page 1 undefined on input line 85
.


LaTeX Font Warning: Font shape `TU/ptm/b/n' undefined
(Font)              using `TU/ptm/bx/n' instead on input line 85.


LaTeX Warning: Citation `jabi2017boost' on page 1 undefined on input line 85.


LaTeX Font Warning: Font shape `TU/ptm/b/n' undefined
(Font)              using `TU/ptm/bx/n' instead on input line 85.


LaTeX Warning: Citation `jabi2017boost' on page 1 undefined on input line 85.


LaTeX Font Warning: Font shape `TU/ptm/b/n' undefined
(Font)              using `TU/ptm/bx/n' instead on input line 85.


LaTeX Warning: Citation `jabi2018amc' on page 1 undefined on input line 85.


LaTeX Font Warning: Font shape `TU/ptm/b/n' undefined
(Font)              using `TU/ptm/bx/n' instead on input line 85.


LaTeX Warning: Citation `shi2019effective' on page 1 undefined on input line 85
.


LaTeX Font Warning: Font shape `TU/ptm/b/n' undefined
(Font)              using `TU/ptm/bx/n' instead on input line 85.


LaTeX Warning: Citation `jabi2017adaptive' on page 1 undefined on input line 85
.


LaTeX Font Warning: Font shape `TU/ptm/b/n' undefined
(Font)              using `TU/ptm/bx/n' instead on input line 85.


LaTeX Warning: Citation `jabi2017boost' on page 1 undefined on input line 85.


LaTeX Font Warning: Font shape `TU/ptm/b/n' undefined
(Font)              using `TU/ptm/bx/n' instead on input line 85.


LaTeX Warning: Citation `jabi2018amc' on page 1 undefined on input line 85.


LaTeX Font Warning: Font shape `TU/ptm/b/n' undefined
(Font)              using `TU/ptm/bx/n' instead on input line 85.


LaTeX Warning: Citation `shi2019effective' on page 1 undefined on input line 85
.


LaTeX Font Warning: Font shape `TU/ptm/b/n' undefined
(Font)              using `TU/ptm/bx/n' instead on input line 85.


LaTeX Warning: Citation `9768121' on page 1 undefined on input line 85.


LaTeX Font Warning: Font shape `TU/ptm/b/n' undefined
(Font)              using `TU/ptm/bx/n' instead on input line 118.


LaTeX Warning: Citation `9376717' on page 1 undefined on input line 118.


LaTeX Font Warning: Font shape `TU/ptm/b/n' undefined
(Font)              using `TU/ptm/bx/n' instead on input line 118.


LaTeX Warning: Citation `9217354' on page 1 undefined on input line 118.

[1
Non-PDF special ignored!{/usr/local/texlive/2021/texmf-var/fonts/map/pdftex/updm
ap/pdftex.map}


]

LaTeX Font Warning: Font shape `TU/ptm/b/n' undefined
(Font)              using `TU/ptm/bx/n' instead on input line 120.


LaTeX Warning: Reference `sec:sys mod' on page 2 undefined on input line 120.


LaTeX Font Warning: Font shape `TU/ptm/b/n' undefined
(Font)              using `TU/ptm/bx/n' instead on input line 120.


LaTeX Warning: Reference `sec:rein' on page 2 undefined on input line 120.


LaTeX Font Warning: Font shape `TU/ptm/b/n' undefined
(Font)              using `TU/ptm/bx/n' instead on input line 122.


LaTeX Warning: Reference `sec:eva' on page 2 undefined on input line 122.


LaTeX Font Warning: Font shape `TU/ptm/b/n' undefined
(Font)              using `TU/ptm/bx/n' instead on input line 122.


LaTeX Warning: Reference `sec:con' on page 2 undefined on input line 122.

Package epstopdf Info: Source file: <XP-HARQ_model-after.eps>
(epstopdf)                    date: 2023-08-04 13:13:33
(epstopdf)                    size: 393506 bytes
(epstopdf)             Output file: <XP-HARQ_model-after-eps-converted-to.pdf>
(epstopdf)                    date: 2023-08-20 02:08:19
(epstopdf)                    size: 30046 bytes
(epstopdf)             Command: <repstopdf --outfile=XP-HARQ_model-after-eps-co
nverted-to.pdf XP-HARQ_model-after.eps>
(epstopdf)             \includegraphics on input line 125.
Package epstopdf Info: Output file is already uptodate.
<XP-HARQ_model-after-eps-converted-to.pdf, id=12, 552.0625pt x 165.61874pt>
File: XP-HARQ_model-after-eps-converted-to.pdf Graphic file (type pdf)
<use XP-HARQ_model-after-eps-converted-to.pdf>
Package luatex.def Info: XP-HARQ_model-after-eps-converted-to.pdf  used on inpu
t line 125.
(luatex.def)             Requested size: 227.62204pt x 68.28824pt.
LaTeX Font Info:    Trying to load font information for U+msa on input line 126
.
(/usr/local/texlive/2021/texmf-dist/tex/latex/amsfonts/umsa.fd
File: umsa.fd 2013/01/14 v3.01 AMS symbols A
)
LaTeX Font Info:    Trying to load font information for U+msb on input line 126
.

(/usr/local/texlive/2021/texmf-dist/tex/latex/amsfonts/umsb.fd
File: umsb.fd 2013/01/14 v3.01 AMS symbols B
)

LaTeX Font Warning: Font shape `TU/ptm/b/n' undefined
(Font)              using `TU/ptm/bx/n' instead on input line 143.


LaTeX Warning: Reference `Fig.XP-HARQ model' on page 2 undefined on input line 
143.


Package amsfonts Warning: Obsolete command \frak; \mathfrak should be used inst
ead on input line 143.

LaTeX Font Info:    Trying to load font information for U+euf on input line 143
.
(/usr/local/texlive/2021/texmf-dist/tex/latex/amsfonts/ueuf.fd
File: ueuf.fd 2013/01/14 v3.01 Euler Fraktur
)

LaTeX Font Warning: Font shape `TU/ptm/b/n' undefined
(Font)              using `TU/ptm/bx/n' instead on input line 147.


LaTeX Warning: Citation `jabi2017adaptive' on page 2 undefined on input line 14
7.


LaTeX Font Warning: Font shape `TU/ptm/b/n' undefined
(Font)              using `TU/ptm/bx/n' instead on input line 151.


LaTeX Warning: Citation `7878518' on page 2 undefined on input line 151.


LaTeX Font Warning: Font shape `TU/ptm/b/n' undefined
(Font)              using `TU/ptm/bx/n' instead on input line 166.


LaTeX Warning: Citation `5710995' on page 2 undefined on input line 166.


LaTeX Font Warning: Font shape `TU/ptm/b/n' undefined
(Font)              using `TU/ptm/bx/n' instead on input line 178.


LaTeX Warning: Citation `jabi2017adaptive' on page 2 undefined on input line 17
8.

[2<./XP-HARQ_model-after-eps-converted-to.pdf>]

LaTeX Font Warning: Font shape `TU/ptm/b/n' undefined
(Font)              using `TU/ptm/bx/n' instead on input line 186.


LaTeX Warning: Citation `Caire2001' on page 3 undefined on input line 186.


LaTeX Font Warning: Font shape `TU/ptm/b/n' undefined
(Font)              using `TU/ptm/bx/n' instead on input line 187.


LaTeX Warning: Citation `jabi2017adaptive' on page 3 undefined on input line 18
7.


LaTeX Font Warning: Font shape `TU/ptm/b/n' undefined
(Font)              using `TU/ptm/bx/n' instead on input line 196.


LaTeX Warning: Reference `eqn:LTAT' on page 3 undefined on input line 196.


LaTeX Font Warning: Font shape `TU/ptm/b/n' undefined
(Font)              using `TU/ptm/bx/n' instead on input line 196.


LaTeX Warning: Citation `Caire2001' on page 3 undefined on input line 196.


LaTeX Font Warning: Font shape `TU/ptm/b/n' undefined
(Font)              using `TU/ptm/bx/n' instead on input line 196.


LaTeX Warning: Citation `jabi2017adaptive' on page 3 undefined on input line 19
6.


LaTeX Font Warning: Font shape `TU/ptm/b/n' undefined
(Font)              using `TU/ptm/bx/n' instead on input line 209.


LaTeX Warning: Reference `eqn:state transition' on page 3 undefined on input li
ne 209.


LaTeX Font Warning: Font shape `TU/ptm/b/n' undefined
(Font)              using `TU/ptm/bx/n' instead on input line 209.


LaTeX Warning: Reference `eq:out' on page 3 undefined on input line 209.


LaTeX Font Warning: Font shape `TU/ptm/b/n' undefined
(Font)              using `TU/ptm/bx/n' instead on input line 209.


LaTeX Warning: Reference `eq:ltat_max' on page 3 undefined on input line 209.


LaTeX Font Warning: Font shape `TU/ptm/b/n' undefined
(Font)              using `TU/ptm/bx/n' instead on input line 228.


LaTeX Warning: Reference `eq:ltat_max' on page 3 undefined on input line 228.


LaTeX Font Warning: Font shape `TU/ptm/b/n' undefined
(Font)              using `TU/ptm/bx/n' instead on input line 247.


LaTeX Warning: Reference `eqn:Throughput' on page 3 undefined on input line 247
.

[3]

LaTeX Font Warning: Font shape `TU/ptm/b/n' undefined
(Font)              using `TU/ptm/bx/n' instead on input line 281.


LaTeX Warning: Reference `Fig.DDPG_framework' on page 4 undefined on input line
 281.


LaTeX Font Warning: Font shape `TU/ptm/b/n' undefined
(Font)              using `TU/ptm/bx/n' instead on input line 281.


LaTeX Warning: Reference `eqn:prob_def' on page 4 undefined on input line 281.

Package epstopdf Info: Source file: <DDPG_frame3.eps>
(epstopdf)                    date: 2023-08-04 13:13:33
(epstopdf)                    size: 4266427 bytes
(epstopdf)             Output file: <DDPG_frame3-eps-converted-to.pdf>
(epstopdf)                    date: 2023-08-20 02:08:20
(epstopdf)                    size: 193347 bytes
(epstopdf)             Command: <repstopdf --outfile=DDPG_frame3-eps-converted-
to.pdf DDPG_frame3.eps>
(epstopdf)             \includegraphics on input line 290.
Package epstopdf Info: Output file is already uptodate.
<DDPG_frame3-eps-converted-to.pdf, id=64, 888.31876pt x 537.00626pt>
File: DDPG_frame3-eps-converted-to.pdf Graphic file (type pdf)
<use DDPG_frame3-eps-converted-to.pdf>
Package luatex.def Info: DDPG_frame3-eps-converted-to.pdf  used on input line 2
90.
(luatex.def)             Requested size: 252.94499pt x 152.90907pt.

Overfull \hbox (0.94499pt too wide) in paragraph at lines 290--291
 [][] 
 []


LaTeX Font Warning: Font shape `TU/ptm/b/n' undefined
(Font)              using `TU/ptm/bx/n' instead on input line 296.


LaTeX Warning: Citation `schaul2015prioritized' on page 4 undefined on input li
ne 296.


LaTeX Font Warning: Font shape `TU/ptm/b/n' undefined
(Font)              using `TU/ptm/bx/n' instead on input line 310.


LaTeX Warning: Citation `schaul2015prioritized' on page 4 undefined on input li
ne 310.


LaTeX Font Warning: Font shape `TU/ptm/b/n' undefined
(Font)              using `TU/ptm/bx/n' instead on input line 322.


LaTeX Warning: Citation `silver2014deterministic' on page 4 undefined on input 
line 322.


LaTeX Font Warning: Font shape `TU/ptm/b/n' undefined
(Font)              using `TU/ptm/bx/n' instead on input line 336.


LaTeX Warning: Reference `eqn:omega_up' on page 4 undefined on input line 336.


LaTeX Font Warning: Font shape `TU/ptm/b/n' undefined
(Font)              using `TU/ptm/bx/n' instead on input line 336.


LaTeX Warning: Reference `eqn:theta_up' on page 4 undefined on input line 336.

[4<./DDPG_frame3-eps-converted-to.pdf>]

LaTeX Font Warning: Font shape `TU/ptm/b/n' undefined
(Font)              using `TU/ptm/bx/n' instead on input line 388.


LaTeX Warning: Reference `Fig.throughputs' on page 5 undefined on input line 38
8.


LaTeX Font Warning: Font shape `TU/ptm/b/n' undefined
(Font)              using `TU/ptm/bx/n' instead on input line 388.


LaTeX Warning: Citation `7959548' on page 5 undefined on input line 388.


LaTeX Font Warning: Font shape `TU/ptm/b/n' undefined
(Font)              using `TU/ptm/bx/n' instead on input line 389.


LaTeX Warning: Citation `9768121' on page 5 undefined on input line 389.


LaTeX Font Warning: Font shape `TU/ptm/b/n' undefined
(Font)              using `TU/ptm/bx/n' instead on input line 389.


LaTeX Warning: Reference `Fig.throughputs' on page 5 undefined on input line 38
9.


LaTeX Font Warning: Font shape `TU/ptm/b/n' undefined
(Font)              using `TU/ptm/bx/n' instead on input line 389.


LaTeX Warning: Reference `Fig.throughputs' on page 5 undefined on input line 38
9.

Package epstopdf Info: Source file: <Throughput_Power_All.eps>
(epstopdf)                    date: 2023-08-04 13:13:33
(epstopdf)                    size: 111166 bytes
(epstopdf)             Output file: <Throughput_Power_All-eps-converted-to.pdf>

(epstopdf)                    date: 2023-08-20 02:08:20
(epstopdf)                    size: 56609 bytes
(epstopdf)             Command: <repstopdf --outfile=Throughput_Power_All-eps-c
onverted-to.pdf Throughput_Power_All.eps>
(epstopdf)             \includegraphics on input line 397.
Package epstopdf Info: Output file is already uptodate.
<Throughput_Power_All-eps-converted-to.pdf, id=169, 421.575pt x 316.18124pt>
File: Throughput_Power_All-eps-converted-to.pdf Graphic file (type pdf)
<use Throughput_Power_All-eps-converted-to.pdf>
Package luatex.def Info: Throughput_Power_All-eps-converted-to.pdf  used on inp
ut line 397.
(luatex.def)             Requested size: 199.16928pt x 149.37712pt.

LaTeX Font Warning: Font shape `TU/ptm/b/n' undefined
(Font)              using `TU/ptm/bx/n' instead on input line 416.


LaTeX Warning: Reference `Fig.Throughput_Rho' on page 5 undefined on input line
 416.


LaTeX Font Warning: Font shape `TU/ptm/b/n' undefined
(Font)              using `TU/ptm/bx/n' instead on input line 416.


LaTeX Warning: Citation `7959548' on page 5 undefined on input line 416.


LaTeX Font Warning: Font shape `TU/ptm/b/n' undefined
(Font)              using `TU/ptm/bx/n' instead on input line 416.


LaTeX Warning: Reference `Fig.Throughput_Rho' on page 5 undefined on input line
 416.

Package epstopdf Info: Source file: <Throughput_Rho.eps>
(epstopdf)                    date: 2023-08-04 13:13:33
(epstopdf)                    size: 116598 bytes
(epstopdf)             Output file: <Throughput_Rho-eps-converted-to.pdf>
(epstopdf)                    date: 2023-08-20 02:08:20
(epstopdf)                    size: 57588 bytes
(epstopdf)             Command: <repstopdf --outfile=Throughput_Rho-eps-convert
ed-to.pdf Throughput_Rho.eps>
(epstopdf)             \includegraphics on input line 423.
Package epstopdf Info: Output file is already uptodate.
<Throughput_Rho-eps-converted-to.pdf, id=170, 421.575pt x 316.18124pt>
File: Throughput_Rho-eps-converted-to.pdf Graphic file (type pdf)
<use Throughput_Rho-eps-converted-to.pdf>
Package luatex.def Info: Throughput_Rho-eps-converted-to.pdf  used on input lin
e 423.
(luatex.def)             Requested size: 199.16928pt x 149.37712pt.
No file 2308.02140_lualatex.bbl.
[5<./Throughput_Power_All-eps-converted-to.pdf><./Throughput_Rho-eps-converted-t
o.pdf>] [6

]
(/Users/jovyntan/Desktop/work/fyp/exploration/diff_test_tex_engines/bin/compile
d_tex_pdf/2308.02140/2308.02140_lualatex.aux)

LaTeX Font Warning: Some font shapes were not available, defaults substituted.


LaTeX Warning: There were undefined references.


LaTeX Warning: Label(s) may have changed. Rerun to get cross-references right.

)

Here is how much of LuaTeX's memory you used:
 5963 strings out of 478531
 156267,460012 words of node,token memory allocated
 776 words of node memory still in use:
   6 hlist, 2 vlist, 2 rule, 6 glue, 4 kern, 5 sub_mlist, 1 glyph, 52 attribute,
 65 glue_spec, 52 attribute_list, 1 write nodes
   avail lists: 1:1,2:814,3:220,4:27,5:846,6:33,7:13693,8:67,9:929,10:21,11:1175

 25534 multiletter control sequences out of 65536+600000
 78 fonts using 6670551 bytes
 68i,12n,71p,1875b,291s stack positions out of 5000i,500n,10000p,200000b,80000s
</usr/local/texlive/2021/texmf-dist/fonts/opentype/public/lm/lmroman8-regular.ot
f></usr/local/texlive/2021/texmf-dist/fonts/opentype/public/lm/lmroman10-regular
.otf></usr/local/texlive/2021/texmf-dist/fonts/opentype/public/lm/lmroman9-regul
ar.otf></usr/local/texlive/2021/texmf-dist/fonts/opentype/public/lm/lmroman12-re
gular.otf></usr/local/texlive/2021/texmf-dist/fonts/opentype/public/lm/lmroman17
-regular.otf></usr/local/texlive/2021/texmf-dist/fonts/opentype/public/lm/lmroma
n7-regular.otf></usr/local/texlive/2021/texmf-dist/fonts/type1/public/amsfonts/c
mextra/cmbsy7.pfb></usr/local/texlive/2021/texmf-dist/fonts/type1/public/amsfont
s/cm/cmbx10.pfb></usr/local/texlive/2021/texmf-dist/fonts/type1/public/amsfonts/
cm/cmex10.pfb></usr/local/texlive/2021/texmf-dist/fonts/type1/public/amsfonts/cm
/cmmi10.pfb></usr/local/texlive/2021/texmf-dist/fonts/type1/public/amsfonts/cm/c
mmi5.pfb></usr/local/texlive/2021/texmf-dist/fonts/type1/public/amsfonts/cm/cmmi
7.pfb></usr/local/texlive/2021/texmf-dist/fonts/type1/public/amsfonts/cm/cmmi8.p
fb></usr/local/texlive/2021/texmf-dist/fonts/type1/public/amsfonts/cm/cmmib10.pf
b></usr/local/texlive/2021/texmf-dist/fonts/type1/public/amsfonts/cmextra/cmmib7
.pfb></usr/local/texlive/2021/texmf-dist/fonts/type1/public/amsfonts/cm/cmr10.pf
b></usr/local/texlive/2021/texmf-dist/fonts/type1/public/amsfonts/cm/cmr5.pfb></
usr/local/texlive/2021/texmf-dist/fonts/type1/public/amsfonts/cm/cmr7.pfb></usr/
local/texlive/2021/texmf-dist/fonts/type1/public/amsfonts/cm/cmr8.pfb></usr/loca
l/texlive/2021/texmf-dist/fonts/type1/public/amsfonts/cm/cmsy10.pfb></usr/local/
texlive/2021/texmf-dist/fonts/type1/public/amsfonts/cm/cmsy7.pfb></usr/local/tex
live/2021/texmf-dist/fonts/type1/public/amsfonts/euler/eufm10.pfb></usr/local/te
xlive/2021/texmf-dist/fonts/type1/public/amsfonts/euler/eufm7.pfb></usr/local/te
xlive/2021/texmf-dist/fonts/type1/public/amsfonts/symbols/msam10.pfb></usr/local
/texlive/2021/texmf-dist/fonts/type1/public/amsfonts/symbols/msbm10.pfb>
Output written on 2308.02140_lualatex.pdf (6 pages, 540140 bytes).

PDF statistics: 284 PDF objects out of 1000 (max. 8388607)
 176 compressed objects within 2 object streams
 0 named destinations out of 1000 (max. 131072)
 1 words of extra memory for PDF output out of 10000 (max. 100000000)

