This is pdfTeX, Version 3.141592653-2.6-1.40.22 (TeX Live 2021) (preloaded format=pdflatex)
 restricted \write18 enabled.
entering extended mode
(./main.tex
LaTeX2e <2020-10-01> patch level 4
L3 programming layer <2021-02-18> (./IEEEtran.cls
Document Class: IEEEtran 2015/08/26 V1.8b by Michael Shell
-- See the "IEEEtran_HOWTO" manual for usage information.
-- http://www.michaelshell.org/tex/ieeetran/
(/usr/local/texlive/2021/texmf-dist/tex/latex/psnfss/ot1ptm.fd)
-- Using 210mm x 297mm (a4) paper.
-- Using PDF output.
-- This is a 10 point document.
) (/usr/local/texlive/2021/texmf-dist/tex/latex/amsmath/amsmath.sty
For additional information on amsmath, use the `?' option.
(/usr/local/texlive/2021/texmf-dist/tex/latex/amsmath/amstext.sty
(/usr/local/texlive/2021/texmf-dist/tex/latex/amsmath/amsgen.sty))
(/usr/local/texlive/2021/texmf-dist/tex/latex/amsmath/amsbsy.sty)
(/usr/local/texlive/2021/texmf-dist/tex/latex/amsmath/amsopn.sty))
(/usr/local/texlive/2021/texmf-dist/tex/latex/tools/bm.sty)
(/usr/local/texlive/2021/texmf-dist/tex/latex/amsfonts/amssymb.sty
(/usr/local/texlive/2021/texmf-dist/tex/latex/amsfonts/amsfonts.sty))
(/usr/local/texlive/2021/texmf-dist/tex/latex/tools/multicol.sty)
(/usr/local/texlive/2021/texmf-dist/tex/latex/graphics/graphicx.sty
(/usr/local/texlive/2021/texmf-dist/tex/latex/graphics/keyval.sty)
(/usr/local/texlive/2021/texmf-dist/tex/latex/graphics/graphics.sty
(/usr/local/texlive/2021/texmf-dist/tex/latex/graphics/trig.sty)
(/usr/local/texlive/2021/texmf-dist/tex/latex/graphics-cfg/graphics.cfg)
(/usr/local/texlive/2021/texmf-dist/tex/latex/graphics-def/pdftex.def)))
(/usr/local/texlive/2021/texmf-dist/tex/latex/epstopdf-pkg/epstopdf.sty
(/usr/local/texlive/2021/texmf-dist/tex/generic/infwarerr/infwarerr.sty)
(/usr/local/texlive/2021/texmf-dist/tex/latex/grfext/grfext.sty
(/usr/local/texlive/2021/texmf-dist/tex/generic/kvdefinekeys/kvdefinekeys.sty))
 (/usr/local/texlive/2021/texmf-dist/tex/latex/kvoptions/kvoptions.sty
(/usr/local/texlive/2021/texmf-dist/tex/generic/ltxcmds/ltxcmds.sty)
(/usr/local/texlive/2021/texmf-dist/tex/generic/kvsetkeys/kvsetkeys.sty))
(/usr/local/texlive/2021/texmf-dist/tex/generic/pdftexcmds/pdftexcmds.sty
(/usr/local/texlive/2021/texmf-dist/tex/generic/iftex/iftex.sty))
(/usr/local/texlive/2021/texmf-dist/tex/latex/epstopdf-pkg/epstopdf-base.sty
(/usr/local/texlive/2021/texmf-dist/tex/latex/latexconfig/epstopdf-sys.cfg)))
(/usr/local/texlive/2021/texmf-dist/tex/latex/booktabs/booktabs.sty)
(/usr/local/texlive/2021/texmf-dist/tex/latex/graphics/color.sty
(/usr/local/texlive/2021/texmf-dist/tex/latex/graphics-cfg/color.cfg))
(/usr/local/texlive/2021/texmf-dist/tex/latex/psfrag/psfrag.sty)
(/usr/local/texlive/2021/texmf-dist/tex/latex/cleveref/cleveref.sty)
(/usr/local/texlive/2021/texmf-dist/tex/latex/cite/cite.sty)
(/usr/local/texlive/2021/texmf-dist/tex/latex/acronym/acronym.sty
(/usr/local/texlive/2021/texmf-dist/tex/latex/bigfoot/suffix.sty)
(/usr/local/texlive/2021/texmf-dist/tex/generic/xstring/xstring.sty
(/usr/local/texlive/2021/texmf-dist/tex/generic/xstring/xstring.tex)))
(/usr/local/texlive/2021/texmf-dist/tex/latex/arydshln/arydshln.sty)
(/usr/local/texlive/2021/texmf-dist/tex/latex/sttools/stfloats.sty)
(/usr/local/texlive/2021/texmf-dist/tex/latex/subfigure/subfigure.sty
****************************************
* Local config file subfigure.cfg used *
****************************************
(/usr/local/texlive/2021/texmf-dist/tex/latex/subfigure/subfigure.cfg))
(/usr/local/texlive/2021/texmf-dist/tex/latex/caption/caption.sty
(/usr/local/texlive/2021/texmf-dist/tex/latex/caption/caption3.sty)

Package caption Warning: Unknown document class (or package),
(caption)                standard defaults will be used.
See the caption package documentation for explanation.

) (/usr/local/texlive/2021/texmf-dist/tex/latex/setspace/setspace.sty)
(/usr/local/texlive/2021/texmf-dist/tex/latex/base/latexsym.sty)
(/usr/local/texlive/2021/texmf-dist/tex/latex/greek-inputenc/lgrenc.dfu)
(/usr/local/texlive/2021/texmf-dist/tex/latex/l3backend/l3backend-pdftex.def)
No file 2308.00543_pdflatex.aux.
(/usr/local/texlive/2021/texmf-dist/tex/latex/cbfonts-fd/lgrcmr.fd)
-- Lines per column: 56 (exact).
(/usr/local/texlive/2021/texmf-dist/tex/context/base/mkii/supp-pdf.mkii
[Loading MPS to PDF converter (version 2006.09.02).]
) (/usr/local/texlive/2021/texmf-dist/tex/latex/amsfonts/umsa.fd)
(/usr/local/texlive/2021/texmf-dist/tex/latex/amsfonts/umsb.fd)
(/usr/local/texlive/2021/texmf-dist/tex/latex/base/ulasy.fd)
(/usr/local/texlive/2021/texmf-dist/tex/latex/cbfonts-fd/lgrcmss.fd)

LaTeX Warning: Citation `HugKawSim:J15' on page 1 undefined on input line 604.


LaTeX Warning: Citation `LiuCuiMas:J22' on page 1 undefined on input line 604.


LaTeX Warning: Citation `StuWie:J11' on page 1 undefined on input line 604.


LaTeX Warning: Citation `ZhaRahWu:J21' on page 1 undefined on input line 607.


LaTeX Warning: Citation `AhmKobWig:J22' on page 1 undefined on input line 609.


LaTeX Warning: Citation `ChaMoeHim:J17' on page 1 undefined on input line 609.


LaTeX Warning: Citation `XioLiuCui:J22' on page 1 undefined on input line 609.

[1
Non-PDF special ignored!
<special> header=psfrag.pro
{/usr/local/texlive/2021/texmf-var/fonts/map/pdftex/updmap/pdftex.map}]

LaTeX Warning: Reference `Fig_scheme' on page 2 undefined on input line 627.



pdfTeX warning: pdflatex (file ./Fig_scheme.pdf): PDF inclusion: found PDF vers
ion <1.6>, but at most version <1.5> allowed

LaTeX Warning: Citation `PolPooVer:J10' on page 2 undefined on input line 636.


LaTeX Warning: Citation `VanBel:B68' on page 2 undefined on input line 661.


LaTeX Warning: Citation `ZhaLiuMas:J21' on page 2 undefined on input line 666.

[2 <./Fig_scheme.pdf>]

LaTeX Warning: Citation `PolPooVer:J10' on page 3 undefined on input line 695.


LaTeX Warning: Citation `YanDurKoc:C13' on page 3 undefined on input line 695.


LaTeX Warning: Citation `YanDurKoc:J10' on page 3 undefined on input line 695.


LaTeX Warning: Citation `AhmKobWig:J22' on page 3 undefined on input line 698.


LaTeX Warning: Citation `ChaMoeHim:J17' on page 3 undefined on input line 698.


LaTeX Warning: Citation `XioLiuCui:J22' on page 3 undefined on input line 698.


LaTeX Warning: Reference `Power-constraint' on page 3 undefined on input line 7
07.


LaTeX Warning: Citation `PolPooVer:J10' on page 3 undefined on input line 707.


LaTeX Warning: Reference `MSE' on page 3 undefined on input line 713.


LaTeX Warning: Reference `ML-estimator' on page 3 undefined on input line 723.


LaTeX Warning: Reference `Pro:Error-upperbound' on page 3 undefined on input li
ne 736.


LaTeX Warning: Reference `Pro:Error-upperbound' on page 3 undefined on input li
ne 739.


LaTeX Warning: Citation `YanDurKoc:C13' on page 3 undefined on input line 746.


LaTeX Warning: Citation `YanDurKoc:J10' on page 3 undefined on input line 746.

[3]

LaTeX Warning: Reference `Pro:Saturate' on page 4 undefined on input line 754.


LaTeX Warning: Reference `Pro:Saturate' on page 4 undefined on input line 785.


LaTeX Warning: Reference `Pro:achievability-bound' on page 4 undefined on input
 line 785.


LaTeX Warning: Citation `YanDurKoc:C13' on page 4 undefined on input line 785.


Overfull \hbox (1.9389pt too wide) detected at line 792
\OML/cmm/m/it/10 R[] \OT1/cmr/m/n/10 = []


pdfTeX warning: pdflatex (file ./Achievability.pdf): PDF inclusion: found PDF v
ersion <1.6>, but at most version <1.5> allowed


pdfTeX warning: pdflatex (file ./Converse.pdf): PDF inclusion: found PDF versio
n <1.6>, but at most version <1.5> allowed

LaTeX Warning: Reference `Power-constraint' on page 4 undefined on input line 8
28.


LaTeX Warning: Reference `Average-power-constraint' on page 4 undefined on inpu
t line 828.


LaTeX Warning: Reference `Average-power-constraint' on page 4 undefined on inpu
t line 828.


LaTeX Warning: Reference `Power-constraint' on page 4 undefined on input line 8
32.


LaTeX Warning: Reference `Average-power-constraint' on page 4 undefined on inpu
t line 832.


LaTeX Warning: Citation `Sha:J59' on page 4 undefined on input line 855.


LaTeX Warning: Reference `Pro:Converse-bound' on page 4 undefined on input line
 855.


LaTeX Warning: Reference `Converse-bound' on page 4 undefined on input line 855
.

[4 <./Achievability.pdf> <./Converse.pdf

pdfTeX warning: pdflatex (file ./Converse.pdf): PDF inclusion: multiple pdfs wi
th page group included in a single page
>]

LaTeX Warning: Reference `Pro:Converse-bound' on page 5 undefined on input line
 859.


LaTeX Warning: Reference `Converse-bound' on page 5 undefined on input line 859
.


LaTeX Warning: Citation `YanDurKoc:C13' on page 5 undefined on input line 929.


LaTeX Warning: Reference `Maximal-error' on page 5 undefined on input line 933.



LaTeX Warning: Citation `FozMcLSch:J03' on page 5 undefined on input line 939.


Overfull \hbox (4.07967pt too wide) in paragraph at lines 976--977
 [][] 

LaTeX Warning: Reference `Channel' on page 5 undefined on input line 985.


LaTeX Warning: Reference `Fig_rate_error' on page 5 undefined on input line 985
.


Underfull \hbox (badness 1478) in paragraph at lines 985--986
[]\OT1/ptm/m/n/10 First, we ver-ify the ef-fec-tive-ness of the achiev-abil-ity


Underfull \hbox (badness 1616) in paragraph at lines 985--986
\OT1/ptm/m/n/10 and con-verse bounds de-rived for the rate-error trade-off
[5 <./Fig_rate_error-eps-converted-to.pdf>]

LaTeX Warning: Reference `Fig_rate_error' on page 6 undefined on input line 989
.


LaTeX Warning: Reference `Fig_region' on page 6 undefined on input line 991.


Overfull \hbox (4.07967pt too wide) in paragraph at lines 995--996
 [][] 

LaTeX Warning: Reference `Fig_region' on page 6 undefined on input line 1001.


LaTeX Warning: Reference `Achievability-rate-loss' on page 6 undefined on input
 line 1001.


LaTeX Warning: Reference `Fig_region' on page 6 undefined on input line 1001.


Underfull \vbox (badness 1448) has occurred while \output is active
No file 2308.00543_pdflatex.bbl.

** Conference Paper **
Before submitting the final camera ready copy, remember to:

 1. Manually equalize the lengths of two columns on the last page
 of your paper;

 2. Ensure that any PostScript and/or PDF output post-processing
 uses only Type 1 fonts and that every step in the generation
 process uses the appropriate paper size.

[6 <./Fig_region-eps-converted-to.pdf>]
(/Users/jovyntan/Desktop/work/fyp/exploration/diff_test_tex_engines/bin/compile
d_tex_pdf/2308.00543/2308.00543_pdflatex.aux)

LaTeX Warning: There were undefined references.


LaTeX Warning: Label(s) may have changed. Rerun to get cross-references right.

 )
(see the transcript file for additional information){/usr/local/texlive/2021/te
xmf-dist/fonts/enc/dvips/base/8r.enc}</usr/local/texlive/2021/texmf-dist/fonts/
type1/public/amsfonts/cm/cmbx10.pfb></usr/local/texlive/2021/texmf-dist/fonts/t
ype1/public/amsfonts/cm/cmbx7.pfb></usr/local/texlive/2021/texmf-dist/fonts/typ
e1/public/amsfonts/cm/cmex10.pfb></usr/local/texlive/2021/texmf-dist/fonts/type
1/public/amsfonts/cm/cmmi10.pfb></usr/local/texlive/2021/texmf-dist/fonts/type1
/public/amsfonts/cm/cmmi6.pfb></usr/local/texlive/2021/texmf-dist/fonts/type1/p
ublic/amsfonts/cm/cmmi7.pfb></usr/local/texlive/2021/texmf-dist/fonts/type1/pub
lic/amsfonts/cm/cmmi9.pfb></usr/local/texlive/2021/texmf-dist/fonts/type1/publi
c/amsfonts/cm/cmmib10.pfb></usr/local/texlive/2021/texmf-dist/fonts/type1/publi
c/amsfonts/cm/cmr10.pfb></usr/local/texlive/2021/texmf-dist/fonts/type1/public/
amsfonts/cm/cmr5.pfb></usr/local/texlive/2021/texmf-dist/fonts/type1/public/ams
fonts/cm/cmr6.pfb></usr/local/texlive/2021/texmf-dist/fonts/type1/public/amsfon
ts/cm/cmr7.pfb></usr/local/texlive/2021/texmf-dist/fonts/type1/public/amsfonts/
cm/cmr9.pfb></usr/local/texlive/2021/texmf-dist/fonts/type1/public/amsfonts/cm/
cmss10.pfb></usr/local/texlive/2021/texmf-dist/fonts/type1/public/amsfonts/cm/c
msy10.pfb></usr/local/texlive/2021/texmf-dist/fonts/type1/public/amsfonts/cm/cm
sy6.pfb></usr/local/texlive/2021/texmf-dist/fonts/type1/public/amsfonts/cm/cmsy
7.pfb></usr/local/texlive/2021/texmf-dist/fonts/type1/public/amsfonts/cm/cmsy8.
pfb></usr/local/texlive/2021/texmf-dist/fonts/type1/public/amsfonts/symbols/msa
m10.pfb></usr/local/texlive/2021/texmf-dist/fonts/type1/public/amsfonts/symbols
/msbm10.pfb></usr/local/texlive/2021/texmf-dist/fonts/type1/urw/times/utmb8a.pf
b></usr/local/texlive/2021/texmf-dist/fonts/type1/urw/times/utmbi8a.pfb></usr/l
ocal/texlive/2021/texmf-dist/fonts/type1/urw/times/utmr8a.pfb></usr/local/texli
ve/2021/texmf-dist/fonts/type1/urw/times/utmri8a.pfb>
Output written on /Users/jovyntan/Desktop/work/fyp/exploration/diff_test_tex_en
gines/bin/compiled_tex_pdf/2308.00543/2308.00543_pdflatex.pdf (6 pages, 644358 
bytes).
Transcript written on /Users/jovyntan/Desktop/work/fyp/exploration/diff_test_te
x_engines/bin/compiled_tex_pdf/2308.00543/2308.00543_pdflatex.log.
