This is LuaHBTeX, Version 1.13.0 (TeX Live 2021)  (format=lualatex 2021.12.5)  20 AUG 2023 02:11
 restricted system commands enabled.
**AE-GC.tex
(./AE-GC.tex
LaTeX2e <2020-10-01> patch level 4
Lua module: luaotfload 2021-01-08 3.17 Lua based OpenType font support
Lua module: lualibs 2020-12-30 2.73 ConTeXt Lua standard libraries.
Lua module: lualibs-extended 2020-12-30 2.73 ConTeXt Lua libraries -- extended c
ollection.
luaotfload | conf : Root cache directory is "/Users/jovyntan/Library/texlive/202
1/texmf-var/luatex-cache/generic/names".
luaotfload | init : Loading fontloader "fontloader-2021-01-07.lua" from kpse-res
olved path "/usr/local/texlive/2021/texmf-dist/tex/luatex/luaotfload/fontloader-
2021-01-07.lua".
Lua-only attribute luaotfload@noligature = 1
Lua-only attribute luaotfload@syllabe = 2
luaotfload | init : Context OpenType loader version 0x1.8e76c8b439581p+1
Inserting `luaotfload.node_processor' at position 1 in `pre_linebreak_filter'.
Inserting `luaotfload.node_processor' at position 1 in `hpack_filter'.
Inserting `luaotfload.glyph_stream' at position 1 in `glyph_stream_provider'.
Inserting `luaotfload.define_font' at position 1 in `define_font'.
Lua-only attribute luaotfload_color_attribute = 3
luaotfload | conf : Root cache directory is "/Users/jovyntan/Library/texlive/202
1/texmf-var/luatex-cache/generic/names".
Inserting `luaotfload.harf.strip_prefix' at position 1 in `find_opentype_file'.
Inserting `luaotfload.harf.strip_prefix' at position 1 in `find_truetype_file'.
Inserting `luaotfload.harf.finalize_vlist' at position 1 in `post_linebreak_filt
er'.
Inserting `luaotfload.harf.finalize_hlist' at position 2 in `hpack_filter'.
Inserting `luaotfload.cleanup_files' at position 1 in `wrapup_run'.
Inserting `luaotfload.harf.finalize_unicode' at position 1 in `finish_pdffile'.
Inserting `luaotfload.glyphinfo' at position 1 in `glyph_info'.
Inserting `luaotfload.aux.set_sscale_dimens' at position 1 in `luaotfload.patch_
font'.
Inserting `luaotfload.aux.set_font_index' at position 2 in `luaotfload.patch_fon
t'.
Inserting `luaotfload.aux.patch_cambria_domh' at position 3 in `luaotfload.patch
_font'.
Inserting `luaotfload.aux.fixup_fontdata' at position 1 in `luaotfload.patch_fon
t_unsafe'.
Inserting `luaotfload.aux.set_capheight' at position 4 in `luaotfload.patch_font
'.
Inserting `luaotfload.aux.set_xheight' at position 5 in `luaotfload.patch_font'.
Inserting `luaotfload.rewrite_fontname' at position 6 in `luaotfload.patch_font'
. L3 programming layer <2021-02-18>
(/usr/local/texlive/2021/texmf-dist/tex/latex/IEEEtran/IEEEtran.cls
Document Class: IEEEtran 2015/08/26 V1.8b by Michael Shell
-- See the "IEEEtran_HOWTO" manual for usage information.
-- http://www.michaelshell.org/tex/ieeetran/
\@IEEEtrantmpdimenA=\dimen138
\@IEEEtrantmpdimenB=\dimen139
\@IEEEtrantmpdimenC=\dimen140
\@IEEEtrantmpcountA=\count175
\@IEEEtrantmpcountB=\count176
\@IEEEtrantmpcountC=\count177
\@IEEEtrantmptoksA=\toks15
LaTeX Font Info:    Trying to load font information for TU+ptm on input line 50
3.
LaTeX Font Info:    No file TUptm.fd. on input line 503.

LaTeX Font Warning: Font shape `TU/ptm/m/n' undefined
(Font)              using `TU/lmr/m/n' instead on input line 503.

luaotfload | db : Font names database loaded from /Users/jovyntan/Library/texliv
e/2021/texmf-var/luatex-cache/generic/names/luaotfload-names.luc
-- Using 8.5in x 11in (letter) paper.
-- Using DVI output.
\@IEEEnormalsizeunitybaselineskip=\dimen141
-- This is a 10 point document.
\CLASSINFOnormalsizebaselineskip=\dimen142
\CLASSINFOnormalsizeunitybaselineskip=\dimen143
\IEEEnormaljot=\dimen144

LaTeX Font Warning: Font shape `TU/ptm/bx/n' undefined
(Font)              using `TU/ptm/m/n' instead on input line 1090.


LaTeX Font Warning: Font shape `TU/ptm/m/it' undefined
(Font)              using `TU/ptm/m/n' instead on input line 1090.


LaTeX Font Warning: Font shape `TU/ptm/bx/it' undefined
(Font)              using `TU/ptm/bx/n' instead on input line 1090.

\IEEEquantizedlength=\dimen145
\IEEEquantizedlengthdiff=\dimen146
\IEEEquantizedtextheightdiff=\dimen147
\IEEEilabelindentA=\dimen148
\IEEEilabelindentB=\dimen149
\IEEEilabelindent=\dimen150
\IEEEelabelindent=\dimen151
\IEEEdlabelindent=\dimen152
\IEEElabelindent=\dimen153
\IEEEiednormlabelsep=\dimen154
\IEEEiedmathlabelsep=\dimen155
\IEEEiedtopsep=\skip47
\c@section=\count178
\c@subsection=\count179
\c@subsubsection=\count180
\c@paragraph=\count181
\c@IEEEsubequation=\count182
\abovecaptionskip=\skip48
\belowcaptionskip=\skip49
\c@figure=\count183
\c@table=\count184
\@IEEEeqnnumcols=\count185
\@IEEEeqncolcnt=\count186
\@IEEEsubeqnnumrollback=\count187
\@IEEEquantizeheightA=\dimen156
\@IEEEquantizeheightB=\dimen157
\@IEEEquantizeheightC=\dimen158
\@IEEEquantizeprevdepth=\dimen159
\@IEEEquantizemultiple=\count188
\@IEEEquantizeboxA=\box47
\@IEEEtmpitemindent=\dimen160
\IEEEPARstartletwidth=\dimen161
\c@IEEEbiography=\count189
\@IEEEtranrubishbin=\box48
) (/usr/local/texlive/2021/texmf-dist/tex/latex/tools/bm.sty
Package: bm 2019/07/24 v1.2d Bold Symbol Support (DPC/FMi)
\symboldoperators=\mathgroup4
\symboldletters=\mathgroup5
\symboldsymbols=\mathgroup6
LaTeX Font Info:    Redeclaring math alphabet \mathbf on input line 141.
LaTeX Info: Redefining \bm on input line 209.
)
(/usr/local/texlive/2021/texmf-dist/tex/latex/setspace/setspace.sty
Package: setspace 2011/12/19 v6.7a set line spacing
)
(/usr/local/texlive/2021/texmf-dist/tex/latex/cite/cite.sty
LaTeX Info: Redefining \cite on input line 302.
LaTeX Info: Redefining \nocite on input line 332.
Package: cite 2015/02/27  v 5.5
)
(/usr/local/texlive/2021/texmf-dist/tex/latex/amscls/amsthm.sty
Package: amsthm 2020/05/29 v2.20.6
\thm@style=\toks16
\thm@bodyfont=\toks17
\thm@headfont=\toks18
\thm@notefont=\toks19
\thm@headpunct=\toks20
\thm@preskip=\skip50
\thm@postskip=\skip51
\thm@headsep=\skip52
\dth@everypar=\toks21
)
(/usr/local/texlive/2021/texmf-dist/tex/latex/graphics/epsfig.sty
Package: epsfig 2017/06/25 v1.7b (e)psfig emulation (SPQR)

(/usr/local/texlive/2021/texmf-dist/tex/latex/graphics/graphicx.sty
Package: graphicx 2020/09/09 v1.2b Enhanced LaTeX Graphics (DPC,SPQR)

(/usr/local/texlive/2021/texmf-dist/tex/latex/graphics/keyval.sty
Package: keyval 2014/10/28 v1.15 key=value parser (DPC)
\KV@toks@=\toks22
)
(/usr/local/texlive/2021/texmf-dist/tex/latex/graphics/graphics.sty
Package: graphics 2020/08/30 v1.4c Standard LaTeX Graphics (DPC,SPQR)

(/usr/local/texlive/2021/texmf-dist/tex/latex/graphics/trig.sty
Package: trig 2016/01/03 v1.10 sin cos tan (DPC)
)
(/usr/local/texlive/2021/texmf-dist/tex/latex/graphics-cfg/graphics.cfg
File: graphics.cfg 2016/06/04 v1.11 sample graphics configuration
)
Package graphics Info: Driver file: luatex.def on input line 105.

(/usr/local/texlive/2021/texmf-dist/tex/latex/graphics-def/luatex.def
File: luatex.def 2020/10/05 v1.2a Graphics/color driver for luatex
))
\Gin@req@height=\dimen162
\Gin@req@width=\dimen163
)
\epsfxsize=\dimen164
\epsfysize=\dimen165
)
(/usr/local/texlive/2021/texmf-dist/tex/latex/amsmath/amsmath.sty
Package: amsmath 2020/09/23 v2.17i AMS math features
\@mathmargin=\skip53

For additional information on amsmath, use the `?' option.
(/usr/local/texlive/2021/texmf-dist/tex/latex/amsmath/amstext.sty
Package: amstext 2000/06/29 v2.01 AMS text

(/usr/local/texlive/2021/texmf-dist/tex/latex/amsmath/amsgen.sty
File: amsgen.sty 1999/11/30 v2.0 generic functions
\@emptytoks=\toks23
\ex@=\dimen166
))
(/usr/local/texlive/2021/texmf-dist/tex/latex/amsmath/amsbsy.sty
Package: amsbsy 1999/11/29 v1.2d Bold Symbols
LaTeX Info: Redefining \boldsymbol on input line 28.
\pmbraise@=\dimen167
)
(/usr/local/texlive/2021/texmf-dist/tex/latex/amsmath/amsopn.sty
Package: amsopn 2016/03/08 v2.02 operator names
)
\inf@bad=\count190
LaTeX Info: Redefining \frac on input line 236.
\uproot@=\count191
\leftroot@=\count192
LaTeX Info: Redefining \overline on input line 399.
\classnum@=\count193
\DOTSCASE@=\count194
LaTeX Info: Redefining \ldots on input line 496.
LaTeX Info: Redefining \dots on input line 499.
LaTeX Info: Redefining \cdots on input line 620.
\Mathstrutbox@=\box49
\strutbox@=\box50
\big@size=\dimen168
LaTeX Font Info:    Redeclaring font encoding OML on input line 743.
LaTeX Font Info:    Redeclaring font encoding OMS on input line 744.
\macc@depth=\count195
\c@MaxMatrixCols=\count196
\dotsspace@=\muskip16
\c@parentequation=\count197
\dspbrk@lvl=\count198
\tag@help=\toks24
\row@=\count199
\column@=\count266
\maxfields@=\count267
\andhelp@=\toks25
\eqnshift@=\dimen169
\alignsep@=\dimen170
\tagshift@=\dimen171
\tagwidth@=\dimen172
\totwidth@=\dimen173
\lineht@=\dimen174
\@envbody=\toks26
\multlinegap=\skip54
\multlinetaggap=\skip55
\mathdisplay@stack=\toks27
LaTeX Info: Redefining \[ on input line 2923.
LaTeX Info: Redefining \] on input line 2924.
)
(/usr/local/texlive/2021/texmf-dist/tex/latex/amsfonts/amssymb.sty
Package: amssymb 2013/01/14 v3.01 AMS font symbols

(/usr/local/texlive/2021/texmf-dist/tex/latex/amsfonts/amsfonts.sty
Package: amsfonts 2013/01/14 v3.01 Basic AMSFonts support
\symAMSa=\mathgroup7
\symAMSb=\mathgroup8
LaTeX Font Info:    Redeclaring math symbol \hbar on input line 98.
LaTeX Font Info:    Overwriting math alphabet `\mathfrak' in version `bold'
(Font)                  U/euf/m/n --> U/euf/b/n on input line 106.
))
(/usr/local/texlive/2021/texmf-dist/tex/latex/base/latexsym.sty
Package: latexsym 1998/08/17 v2.2e Standard LaTeX package (lasy symbols)
\symlasy=\mathgroup9
LaTeX Font Info:    Overwriting symbol font `lasy' in version `bold'
(Font)                  U/lasy/m/n --> U/lasy/b/n on input line 52.
)
(/usr/local/texlive/2021/texmf-dist/tex/latex/enumitem/enumitem.sty
Package: enumitem 2019/06/20 v3.9 Customized lists
\labelindent=\skip56
\enit@outerparindent=\dimen175
\enit@toks=\toks28
\enit@inbox=\box51
\enit@count@id=\count268
\enitdp@description=\count269
)
(/usr/local/texlive/2021/texmf-dist/tex/latex/mathtools/mathtools.sty
Package: mathtools 2021/03/18 v1.25 mathematical typesetting tools

(/usr/local/texlive/2021/texmf-dist/tex/latex/tools/calc.sty
Package: calc 2017/05/25 v4.3 Infix arithmetic (KKT,FJ)
\calc@Acount=\count270
\calc@Bcount=\count271
\calc@Adimen=\dimen176
\calc@Bdimen=\dimen177
\calc@Askip=\skip57
\calc@Bskip=\skip58
LaTeX Info: Redefining \setlength on input line 80.
LaTeX Info: Redefining \addtolength on input line 81.
\calc@Ccount=\count272
\calc@Cskip=\skip59
)
(/usr/local/texlive/2021/texmf-dist/tex/latex/mathtools/mhsetup.sty
Package: mhsetup 2021/03/18 v1.4 programming setup (MH)
)
LaTeX Info: Thecontrolsequence`\('isalreadyrobust on input line 130.
LaTeX Info: Thecontrolsequence`\)'isalreadyrobust on input line 130.
LaTeX Info: Thecontrolsequence`\['isalreadyrobust on input line 130.
LaTeX Info: Thecontrolsequence`\]'isalreadyrobust on input line 130.
\g_MT_multlinerow_int=\count273
\l_MT_multwidth_dim=\dimen178
\origjot=\skip60
\l_MT_shortvdotswithinadjustabove_dim=\dimen179
\l_MT_shortvdotswithinadjustbelow_dim=\dimen180
\l_MT_above_intertext_sep=\dimen181
\l_MT_below_intertext_sep=\dimen182
\l_MT_above_shortintertext_sep=\dimen183
\l_MT_below_shortintertext_sep=\dimen184
\xmathstrut@box=\box52
\xmathstrut@dim=\dimen185
)
(/usr/local/texlive/2021/texmf-dist/tex/latex/graphics/color.sty
Package: color 2020/02/24 v1.2b Standard LaTeX Color (DPC)

(/usr/local/texlive/2021/texmf-dist/tex/latex/graphics-cfg/color.cfg
File: color.cfg 2016/01/02 v1.6 sample color configuration
)
Package color Info: Driver file: luatex.def on input line 147.
)
(/usr/local/texlive/2021/texmf-dist/tex/latex/optidef/optidef.sty
Package: optidef 2019/04/23 - version=3.1, Package for defining optimization pr
oblems

(/usr/local/texlive/2021/texmf-dist/tex/latex/environ/environ.sty
Package: environ 2014/05/04 v0.3 A new way to define environments

(/usr/local/texlive/2021/texmf-dist/tex/latex/trimspaces/trimspaces.sty
Package: trimspaces 2009/09/17 v1.1 Trim spaces around a token list
))
(/usr/local/texlive/2021/texmf-dist/tex/latex/xifthen/xifthen.sty
Package: xifthen 2015/11/05 v1.4.0 Extended ifthen features

(/usr/local/texlive/2021/texmf-dist/tex/latex/base/ifthen.sty
Package: ifthen 2014/09/29 v1.1c Standard LaTeX ifthen package (DPC)
)
(/usr/local/texlive/2021/texmf-dist/tex/latex/ifmtarg/ifmtarg.sty
Package: ifmtarg 2018/04/16 v1.2b check for an empty argument
))
(/usr/local/texlive/2021/texmf-dist/tex/latex/etoolbox/etoolbox.sty
Package: etoolbox 2020/10/05 v2.5k e-TeX tools for LaTeX (JAW)
\etb@tempcnta=\count274
)
(/usr/local/texlive/2021/texmf-dist/tex/latex/l3packages/xparse/xparse.sty
(/usr/local/texlive/2021/texmf-dist/tex/latex/l3kernel/expl3.sty
Package: expl3 2021-02-18 L3 programming layer (loader) 

(/usr/local/texlive/2021/texmf-dist/tex/latex/l3backend/l3backend-luatex.def
File: l3backend-luatex.def 2021-03-18 L3 backend support: PDF output (LuaTeX)
\l__color_backend_stack_int=\count275
\l__pdf_internal_box=\box53
))
(/usr/local/texlive/2021/texmf-dist/tex/latex/l3packages/xparse/xparse-2020-10-
01.sty
(/usr/local/texlive/2021/texmf-dist/tex/latex/l3packages/xparse/xparse-generic.
tex)))
\widthInit=\skip61
) (/usr/local/texlive/2021/texmf-dist/tex/latex/lettrine/lettrine.sty
File: lettrine.sty 2020-03-14 v2.23 (Daniel Flipo)

(/usr/local/texlive/2021/texmf-dist/tex/generic/minifp/minifp.sty
Package: minifp 2013/12/30 v0.96. Macros for real number operations and a stack
-based programing language.
\MFP@loopctr=\count276
)
\c@DefaultLines=\count277
\c@DefaultDepth=\count278
\DefaultFindent=\dimen186
\DefaultNindent=\dimen187
\DefaultSlope=\dimen188
\DiscardVskip=\dimen189
\L@lbox=\box54
\L@tbox=\box55
\c@L@lines=\count279
\c@L@depth=\count280
\L@Pindent=\dimen190
\L@Findent=\dimen191
\L@Nindent=\dimen192
\L@lraise=\dimen193
\L@first=\dimen194
\L@next=\dimen195
\L@slope=\dimen196
\L@height=\dimen197
\L@novskip=\dimen198
\L@target@ht=\dimen199
\L@target@dp=\dimen256
\L@target@tht=\dimen257
\LettrineWidth=\dimen258
\LettrineHeight=\dimen259
\LettrineDepth=\dimen260
\Llist@everypar=\toks29

Loading lettrine.cfg
(/usr/local/texlive/2021/texmf-dist/tex/latex/lettrine/lettrine.cfg))
(/usr/local/texlive/2021/texmf-dist/tex/latex/tools/multicol.sty
Package: multicol 2019/12/09 v1.8y multicolumn formatting (FMi)
\c@tracingmulticols=\count281
\mult@box=\box56
\multicol@leftmargin=\dimen261
\c@unbalance=\count282
\c@collectmore=\count283
\doublecol@number=\count284
\multicoltolerance=\count285
\multicolpretolerance=\count286
\full@width=\dimen262
\page@free=\dimen263
\premulticols=\dimen264
\postmulticols=\dimen265
\multicolsep=\skip62
\multicolbaselineskip=\skip63
\partial@page=\box57
\last@line=\box58
\maxbalancingoverflow=\dimen266
\mult@rightbox=\box59
\mult@grightbox=\box60
\mult@gfirstbox=\box61
\mult@firstbox=\box62
\@tempa=\box63
\@tempa=\box64
\@tempa=\box65
\@tempa=\box66
\@tempa=\box67
\@tempa=\box68
\@tempa=\box69
\@tempa=\box70
\@tempa=\box71
\@tempa=\box72
\@tempa=\box73
\@tempa=\box74
\@tempa=\box75
\@tempa=\box76
\@tempa=\box77
\@tempa=\box78
\@tempa=\box79
\@tempa=\box80
\@tempa=\box81
\@tempa=\box82
\@tempa=\box83
\@tempa=\box84
\@tempa=\box85
\@tempa=\box86
\@tempa=\box87
\@tempa=\box88
\@tempa=\box89
\@tempa=\box90
\@tempa=\box91
\@tempa=\box92
\@tempa=\box93
\@tempa=\box94
\@tempa=\box95
\@tempa=\box96
\@tempa=\box97
\@tempa=\box98
\@tempa=\box99
\c@minrows=\count287
\c@columnbadness=\count288
\c@finalcolumnbadness=\count289
\last@try=\dimen267
\multicolovershoot=\dimen268
\multicolundershoot=\dimen269
\mult@nat@firstbox=\box100
\colbreak@box=\box101
\mc@col@check@num=\count290
)
(/usr/local/texlive/2021/texmf-dist/tex/latex/sttools/flushend.sty
Package: flushend 2020/10/16 v3.5 Balancing columns in twocolumn mode
\flushend@@lastskip@a=\skip64
\flushend@@lastskip@b=\skip65
\flushend@@lastskip@c=\skip66
\flushend@@penalty@a=\count291
\var@@loop@iter=\count292
\flushend@@lastkern@a=\dimen270
\var@@temp@spread=\dimen271
\var@@temp@a=\dimen272
\var@@temp@loop=\dimen273
\flushend@@page@rule=\dimen274
\flushend@@varbox@a=\box102
\flushend@@varbox@c=\box103
\flushend@@tempbox@a=\box104
\flushend@@tempbox@c=\box105
\@viper=\box106
\hold@viper=\box107
\atColsBreak=\toks30
\atColsEnd=\toks31
)
(/usr/local/texlive/2021/texmf-dist/tex/latex/wasysym/wasysym.sty
Package: wasysym 2020/01/19 v2.4 Wasy-2 symbol support package
\symwasy=\mathgroup10
LaTeX Font Info:    Overwriting symbol font `wasy' in version `bold'
(Font)                  U/wasy/m/n --> U/wasy/b/n on input line 93.
)
(/usr/local/texlive/2021/texmf-dist/tex/latex/float/float.sty
Package: float 2001/11/08 v1.3d Float enhancements (AL)
\c@float@type=\count293
\float@exts=\toks32
\float@box=\box108
\@float@everytoks=\toks33
\@floatcapt=\box109
)
(/usr/local/texlive/2021/texmf-dist/tex/latex/algorithms/algorithm.sty
Package: algorithm 2009/08/24 v0.1 Document Style `algorithm' - floating enviro
nment
\@float@every@algorithm=\toks34
\c@algorithm=\count294
)
(/usr/local/texlive/2021/texmf-dist/tex/latex/algorithmicx/algpseudocode.sty
Package: algpseudocode 

(/usr/local/texlive/2021/texmf-dist/tex/latex/algorithmicx/algorithmicx.sty
Package: algorithmicx 2005/04/27 v1.2 Algorithmicx

Document Style algorithmicx 1.2 - a greatly improved `algorithmic' style
\c@ALG@line=\count295
\c@ALG@rem=\count296
\c@ALG@nested=\count297
\ALG@tlm=\skip67
\ALG@thistlm=\skip68
\c@ALG@Lnr=\count298
\c@ALG@blocknr=\count299
\c@ALG@storecount=\count300
\c@ALG@tmpcounter=\count301
\ALG@tmplength=\skip69
)
Document Style - pseudocode environments for use with the `algorithmicx' style
) (/usr/local/texlive/2021/texmf-dist/tex/latex/xcolor/xcolor.sty
Package: xcolor 2016/05/11 v2.12 LaTeX color extensions (UK)

(/usr/local/texlive/2021/texmf-dist/tex/latex/graphics-cfg/color.cfg
File: color.cfg 2016/01/02 v1.6 sample color configuration
)
Package xcolor Info: Driver file: luatex.def on input line 225.
LaTeX Info: Redefining \color on input line 709.
Package xcolor Info: Model `cmy' substituted by `cmy0' on input line 1348.
Package xcolor Info: Model `hsb' substituted by `rgb' on input line 1352.
Package xcolor Info: Model `RGB' extended on input line 1364.
Package xcolor Info: Model `HTML' substituted by `rgb' on input line 1366.
Package xcolor Info: Model `Hsb' substituted by `hsb' on input line 1367.
Package xcolor Info: Model `tHsb' substituted by `hsb' on input line 1368.
Package xcolor Info: Model `HSB' substituted by `hsb' on input line 1369.
Package xcolor Info: Model `Gray' substituted by `gray' on input line 1370.
Package xcolor Info: Model `wave' substituted by `hsb' on input line 1371.
)
(/usr/local/texlive/2021/texmf-dist/tex/latex/sttools/cuted.sty
Package: cuted 2012/10/04 v1.5 Mixing onecolumn and twocolumn modes
\At@ViperColsBreak=\toks35
\v@aaa=\box110
\v@ccc=\box111
\lastskip@a=\skip70
\lastskip@b=\skip71
\lastskip@d=\skip72
\lastbox@a=\box112
\stripsep=\skip73
\viper@penalty=\count302
\ht@viper=\dimen275
)
(/usr/local/texlive/2021/texmf-dist/tex/latex/url/url.sty
\Urlmuskip=\muskip17
Package: url 2013/09/16  ver 3.4  Verb mode for urls, etc.
)
(/usr/local/texlive/2021/texmf-dist/tex/latex/caption/caption.sty
Package: caption 2020/10/26 v3.5g Customizing captions (AR)

(/usr/local/texlive/2021/texmf-dist/tex/latex/caption/caption3.sty
Package: caption3 2020/10/21 v2.2e caption3 kernel (AR)
\captionmargin=\dimen276
\captionmargin@=\dimen277
\captionwidth=\dimen278
\caption@tempdima=\dimen279
\caption@indent=\dimen280
\caption@parindent=\dimen281
\caption@hangindent=\dimen282
Package caption Info: Unknown document class (or package),
(caption)             standard defaults will be used.
Package caption Info: \@makecaption = \long macro:#1#2->\ifx \@captype \@IEEEta
blestring \footnotesize \bgroup \par \centering \@IEEEtabletopskipstrut {\norma
lfont \footnotesize #1}\\{\normalfont \footnotesize \scshape #2}\par \addvspace
 {0.5\baselineskip }\egroup \@IEEEtablecaptionsepspace \else \@IEEEfigurecaptio
nsepspace \setbox \@tempboxa \hbox {\normalfont \footnotesize {#1.}\nobreakspac
e \nobreakspace #2}\ifdim \wd \@tempboxa >\hsize \setbox \@tempboxa \hbox {\nor
malfont \footnotesize {#1.}\nobreakspace \nobreakspace }\parbox [t]{\hsize }{\n
ormalfont \footnotesize \noindent \unhbox \@tempboxa #2}\else \ifCLASSOPTIONcon
ference \hbox to\hsize {\normalfont \footnotesize \hfil \box \@tempboxa \hfil }
\else \hbox to\hsize {\normalfont \footnotesize \box \@tempboxa \hfil }\fi \fi 
\fi  on input line 1139.
)

Package caption Warning: Unknown document class (or package),
(caption)                standard defaults will be used.
See the caption package documentation for explanation.

\c@caption@flags=\count303
\c@continuedfloat=\count304
Package caption Info: float package is loaded.
) (/usr/local/texlive/2021/texmf-dist/tex/latex/caption/subcaption.sty
Package: subcaption 2020/10/07 v1.3j Sub-captions (AR)
\c@subfigure=\count305
\c@subtable=\count306
)
\c@proposition=\count307
\c@lemma=\count308

No file 2308.02892_lualatex.aux.

\openout1 = 2308.02892_lualatex.aux
LaTeX Font Info:    Checking defaults for OML/cmm/m/it on input line 44.
LaTeX Font Info:    ... okay on input line 44.
LaTeX Font Info:    Checking defaults for OMS/cmsy/m/n on input line 44.
LaTeX Font Info:    ... okay on input line 44.
LaTeX Font Info:    Checking defaults for OT1/cmr/m/n on input line 44.
LaTeX Font Info:    ... okay on input line 44.
LaTeX Font Info:    Checking defaults for T1/cmr/m/n on input line 44.
LaTeX Font Info:    ... okay on input line 44.
LaTeX Font Info:    Checking defaults for TS1/cmr/m/n on input line 44.
LaTeX Font Info:    Trying to load font information for TS1+cmr on input line 4
4.
(/usr/local/texlive/2021/texmf-dist/tex/latex/base/ts1cmr.fd
File: ts1cmr.fd 2019/12/16 v2.5j Standard LaTeX font definitions
)
LaTeX Font Info:    ... okay on input line 44.
LaTeX Font Info:    Checking defaults for TU/lmr/m/n on input line 44.
LaTeX Font Info:    ... okay on input line 44.
LaTeX Font Info:    Checking defaults for OMX/cmex/m/n on input line 44.
LaTeX Font Info:    ... okay on input line 44.
LaTeX Font Info:    Checking defaults for U/cmr/m/n on input line 44.
LaTeX Font Info:    ... okay on input line 44.


LaTeX Font Warning: Font shape `TU/ptm/b/n' undefined
(Font)              using `TU/ptm/bx/n' instead on input line 44.


LaTeX Font Warning: Font shape `TU/ptm/b/it' undefined
(Font)              using `TU/ptm/bx/it' instead on input line 44.


LaTeX Font Warning: Font shape `TU/ptm/b/n' undefined
(Font)              using `TU/ptm/bx/n' instead on input line 44.


LaTeX Font Warning: Font shape `TU/ptm/b/it' undefined
(Font)              using `TU/ptm/bx/it' instead on input line 44.


LaTeX Font Warning: Font shape `TU/ptm/b/n' undefined
(Font)              using `TU/ptm/bx/n' instead on input line 44.


LaTeX Font Warning: Font shape `TU/ptm/b/it' undefined
(Font)              using `TU/ptm/bx/it' instead on input line 44.


LaTeX Font Warning: Font shape `TU/ptm/b/n' undefined
(Font)              using `TU/ptm/bx/n' instead on input line 44.


LaTeX Font Warning: Font shape `TU/ptm/b/it' undefined
(Font)              using `TU/ptm/bx/it' instead on input line 44.


LaTeX Font Warning: Font shape `TU/ptm/b/n' undefined
(Font)              using `TU/ptm/bx/n' instead on input line 44.


LaTeX Font Warning: Font shape `TU/ptm/b/it' undefined
(Font)              using `TU/ptm/bx/it' instead on input line 44.


LaTeX Font Warning: Font shape `TU/ptm/b/n' undefined
(Font)              using `TU/ptm/bx/n' instead on input line 44.


LaTeX Font Warning: Font shape `TU/ptm/b/it' undefined
(Font)              using `TU/ptm/bx/it' instead on input line 44.


LaTeX Font Warning: Font shape `TU/ptm/b/n' undefined
(Font)              using `TU/ptm/bx/n' instead on input line 44.


LaTeX Font Warning: Font shape `TU/ptm/b/it' undefined
(Font)              using `TU/ptm/bx/it' instead on input line 44.


LaTeX Font Warning: Font shape `TU/ptm/b/n' undefined
(Font)              using `TU/ptm/bx/n' instead on input line 44.


LaTeX Font Warning: Font shape `TU/ptm/b/it' undefined
(Font)              using `TU/ptm/bx/it' instead on input line 44.


LaTeX Font Warning: Font shape `TU/ptm/b/n' undefined
(Font)              using `TU/ptm/bx/n' instead on input line 44.


LaTeX Font Warning: Font shape `TU/ptm/b/it' undefined
(Font)              using `TU/ptm/bx/it' instead on input line 44.


LaTeX Font Warning: Font shape `TU/ptm/b/n' undefined
(Font)              using `TU/ptm/bx/n' instead on input line 44.


LaTeX Font Warning: Font shape `TU/ptm/b/it' undefined
(Font)              using `TU/ptm/bx/it' instead on input line 44.

-- Lines per column: 56 (exact).
(/usr/local/texlive/2021/texmf-dist/tex/context/base/mkii/supp-pdf.mkii
[Loading MPS to PDF converter (version 2006.09.02).]
\scratchcounter=\count309
\scratchdimen=\dimen283
\scratchbox=\box113
\nofMPsegments=\count310
\nofMParguments=\count311
\everyMPshowfont=\toks36
\MPscratchCnt=\count312
\MPscratchDim=\dimen284
\MPnumerator=\count313
\makeMPintoPDFobject=\count314
\everyMPtoPDFconversion=\toks37
) (/usr/local/texlive/2021/texmf-dist/tex/latex/epstopdf-pkg/epstopdf-base.sty
Package: epstopdf-base 2020-01-24 v2.11 Base part for package epstopdf
Package epstopdf-base Info: Redefining graphics rule for `.eps' on input line 4
85.

(/usr/local/texlive/2021/texmf-dist/tex/latex/latexconfig/epstopdf-sys.cfg
File: epstopdf-sys.cfg 2010/07/13 v1.3 Configuration of (r)epstopdf for TeX Liv
e
))
Package caption Info: Begin \AtBeginDocument code.
Package caption Info: End \AtBeginDocument code.
LaTeX Font Info:    Calculating math sizes for size <11> on input line 70.
LaTeX Font Info:    Trying to load font information for U+msa on input line 70.


(/usr/local/texlive/2021/texmf-dist/tex/latex/amsfonts/umsa.fd
File: umsa.fd 2013/01/14 v3.01 AMS symbols A
)
LaTeX Font Info:    Trying to load font information for U+msb on input line 70.


(/usr/local/texlive/2021/texmf-dist/tex/latex/amsfonts/umsb.fd
File: umsb.fd 2013/01/14 v3.01 AMS symbols B
)
LaTeX Font Info:    Trying to load font information for U+lasy on input line 70
.

(/usr/local/texlive/2021/texmf-dist/tex/latex/base/ulasy.fd
File: ulasy.fd 1998/08/17 v2.2e LaTeX symbol font definitions
)
LaTeX Font Info:    Trying to load font information for U+wasy on input line 70
.

(/usr/local/texlive/2021/texmf-dist/tex/latex/wasysym/uwasy.fd
File: uwasy.fd 2020/01/19 v2.4 Wasy-2 symbol font definitions
)
** WARNING: \IEEEaftertitletext is locked out when in conference mode (line 77)
.

LaTeX Font Warning: Font shape `TU/ptm/b/n' undefined
(Font)              using `TU/ptm/bx/n' instead on input line 80.


LaTeX Font Warning: Font shape `TU/ptm/b/n' undefined
(Font)              using `TU/ptm/bx/n' instead on input line 153.


Underfull \hbox (badness 1817) in paragraph at lines 153--155
[]\TU/ptm/bx/it/9 In-dex Terms---Secure Deep-JSCC, data-driven se-cu-rity,
 []


LaTeX Font Warning: Font shape `TU/ptm/m/sc' undefined
(Font)              using `TU/ptm/m/n' instead on input line 160.


LaTeX Font Warning: Font shape `TU/ptm/b/n' undefined
(Font)              using `TU/ptm/bx/n' instead on input line 162.


LaTeX Warning: Citation `SC' on page 1 undefined on input line 162.


LaTeX Font Warning: Font shape `TU/ptm/b/n' undefined
(Font)              using `TU/ptm/bx/n' instead on input line 164.


LaTeX Warning: Citation `AdHoc' on page 1 undefined on input line 164.


LaTeX Font Warning: Font shape `TU/ptm/b/n' undefined
(Font)              using `TU/ptm/bx/n' instead on input line 164.


LaTeX Warning: Citation `Im-retriev-deniz' on page 1 undefined on input line 16
4.


LaTeX Font Warning: Font shape `TU/ptm/b/n' undefined
(Font)              using `TU/ptm/bx/n' instead on input line 164.


LaTeX Warning: Citation `caching' on page 1 undefined on input line 164.


LaTeX Font Warning: Font shape `TU/ptm/b/n' undefined
(Font)              using `TU/ptm/bx/n' instead on input line 165.


LaTeX Warning: Citation `arxive' on page 1 undefined on input line 165.


LaTeX Font Warning: Font shape `TU/ptm/b/n' undefined
(Font)              using `TU/ptm/bx/n' instead on input line 165.


LaTeX Warning: Citation `medical' on page 1 undefined on input line 165.


LaTeX Font Warning: Font shape `TU/ptm/b/n' undefined
(Font)              using `TU/ptm/bx/n' instead on input line 169.


LaTeX Warning: Citation `6G-PLS' on page 1 undefined on input line 169.


LaTeX Font Warning: Font shape `TU/ptm/b/n' undefined
(Font)              using `TU/ptm/bx/n' instead on input line 170.


LaTeX Warning: Citation `WSKG-letter' on page 1 undefined on input line 170.


LaTeX Font Warning: Font shape `TU/ptm/b/n' undefined
(Font)              using `TU/ptm/bx/n' instead on input line 170.


LaTeX Warning: Citation `WSKG-GC' on page 1 undefined on input line 170.


LaTeX Font Warning: Font shape `TU/ptm/b/n' undefined
(Font)              using `TU/ptm/bx/n' instead on input line 180.


LaTeX Warning: Citation `DJSCC-Deniz' on page 1 undefined on input line 180.


LaTeX Font Warning: Font shape `TU/ptm/b/n' undefined
(Font)              using `TU/ptm/bx/n' instead on input line 180.


LaTeX Warning: Citation `BW-agile' on page 1 undefined on input line 180.


LaTeX Font Warning: Font shape `TU/ptm/b/n' undefined
(Font)              using `TU/ptm/bx/n' instead on input line 180.


LaTeX Warning: Citation `vtc2022' on page 1 undefined on input line 180.


LaTeX Font Warning: Font shape `TU/ptm/b/n' undefined
(Font)              using `TU/ptm/bx/n' instead on input line 186.


LaTeX Warning: Citation `Eduard-AE' on page 1 undefined on input line 186.


LaTeX Font Warning: Font shape `TU/ptm/b/n' undefined
(Font)              using `TU/ptm/bx/n' instead on input line 207.


LaTeX Warning: Citation `MI-estim-channel_coding' on page 1 undefined on input 
line 207.


LaTeX Font Warning: Font shape `TU/ptm/b/n' undefined
(Font)              using `TU/ptm/bx/n' instead on input line 207.


LaTeX Warning: Citation `MI-Wiretap-estim' on page 1 undefined on input line 20
7.


LaTeX Font Warning: Font shape `TU/ptm/b/n' undefined
(Font)              using `TU/ptm/bx/n' instead on input line 207.


LaTeX Warning: Citation `Eduard-AE' on page 1 undefined on input line 207.


LaTeX Font Warning: Font shape `TU/ptm/b/n' undefined
(Font)              using `TU/ptm/bx/n' instead on input line 230.


LaTeX Warning: Citation `DJSCC-Deniz' on page 1 undefined on input line 230.


LaTeX Font Warning: Font shape `TU/ptm/b/n' undefined
(Font)              using `TU/ptm/bx/n' instead on input line 233.


LaTeX Warning: Citation `AE-Deniz' on page 1 undefined on input line 233.


LaTeX Font Warning: Font shape `TU/ptm/b/n' undefined
(Font)              using `TU/ptm/bx/n' instead on input line 233.


LaTeX Warning: Citation `Ecenaz-icassp' on page 1 undefined on input line 233.


LaTeX Font Warning: Font shape `TU/ptm/b/n' undefined
(Font)              using `TU/ptm/bx/n' instead on input line 236.


LaTeX Warning: Citation `AE-Deniz' on page 1 undefined on input line 236.


LaTeX Font Warning: Font shape `TU/ptm/b/n' undefined
(Font)              using `TU/ptm/bx/n' instead on input line 236.


LaTeX Warning: Citation `Ecenaz-icassp' on page 1 undefined on input line 236.


LaTeX Font Warning: Font shape `TU/ptm/b/n' undefined
(Font)              using `TU/ptm/bx/n' instead on input line 241.


LaTeX Warning: Reference `fig:SysModel' on page 1 undefined on input line 241.


LaTeX Font Warning: Font shape `TU/ptm/b/n' undefined
(Font)              using `TU/ptm/bx/n' instead on input line 249.


LaTeX Warning: Citation `AE-Deniz' on page 1 undefined on input line 249.


LaTeX Font Warning: Font shape `TU/ptm/b/n' undefined
(Font)              using `TU/ptm/bx/n' instead on input line 249.


LaTeX Warning: Citation `Ecenaz-icassp' on page 1 undefined on input line 249.


LaTeX Font Warning: Font shape `TU/ptm/b/n' undefined
(Font)              using `TU/ptm/bx/n' instead on input line 251.


LaTeX Warning: Citation `AE-Deniz' on page 1 undefined on input line 251.


LaTeX Font Warning: Font shape `TU/ptm/b/n' undefined
(Font)              using `TU/ptm/bx/n' instead on input line 251.


LaTeX Warning: Citation `Ecenaz-icassp' on page 1 undefined on input line 251.


LaTeX Font Warning: Font shape `TU/ptm/b/n' undefined
(Font)              using `TU/ptm/bx/n' instead on input line 252.


LaTeX Warning: Citation `Eduard-AE' on page 1 undefined on input line 252.

[1
Non-PDF special ignored!{/usr/local/texlive/2021/texmf-var/fonts/map/pdftex/updm
ap/pdftex.map}


]
Package epstopdf Info: Source file: <AE_SysMod_8.eps>
(epstopdf)                    date: 2023-08-05 22:28:55
(epstopdf)                    size: 1255213 bytes
(epstopdf)             Output file: <AE_SysMod_8-eps-converted-to.pdf>
(epstopdf)                    date: 2023-08-05 22:28:55
(epstopdf)                    size: 86519 bytes
(epstopdf)             Command: <repstopdf --outfile=AE_SysMod_8-eps-converted-
to.pdf AE_SysMod_8.eps>
(epstopdf)             \includegraphics on input line 300.
Package epstopdf Info: Output file is already uptodate.
<AE_SysMod_8-eps-converted-to.pdf, id=16, 214.8025pt x 96.36pt>
File: AE_SysMod_8-eps-converted-to.pdf Graphic file (type pdf)
<use AE_SysMod_8-eps-converted-to.pdf>
Package luatex.def Info: AE_SysMod_8-eps-converted-to.pdf  used on input line 3
00.
(luatex.def)             Requested size: 271.01982pt x 83.11224pt.

Overfull \hbox (19.01982pt too wide) in paragraph at lines 298--303
 [][] 
 []


LaTeX Font Warning: Font shape `TU/ptm/b/n' undefined
(Font)              using `TU/ptm/bx/n' instead on input line 314.


LaTeX Warning: Reference `fig:SysModel' on page 2 undefined on input line 314.


LaTeX Font Warning: Font shape `TU/ptm/b/n' undefined
(Font)              using `TU/ptm/bx/n' instead on input line 318.


LaTeX Warning: Citation `DJSCC-Deniz' on page 2 undefined on input line 318.


LaTeX Font Warning: Font shape `TU/ptm/b/n' undefined
(Font)              using `TU/ptm/bx/n' instead on input line 318.


LaTeX Warning: Citation `DJSCC-Deniz' on page 2 undefined on input line 318.


LaTeX Font Warning: Font shape `TU/ptm/b/n' undefined
(Font)              using `TU/ptm/bx/n' instead on input line 332.


LaTeX Warning: Citation `ensemble' on page 2 undefined on input line 332.

Package epstopdf Info: Source file: <AE_SysMod_5.eps>
(epstopdf)                    date: 2023-08-05 22:28:55
(epstopdf)                    size: 387750 bytes
(epstopdf)             Output file: <AE_SysMod_5-eps-converted-to.pdf>
(epstopdf)                    date: 2023-08-05 22:28:55
(epstopdf)                    size: 28272 bytes
(epstopdf)             Command: <repstopdf --outfile=AE_SysMod_5-eps-converted-
to.pdf AE_SysMod_5.eps>
(epstopdf)             \includegraphics on input line 340.
Package epstopdf Info: Output file is already uptodate.
<AE_SysMod_5-eps-converted-to.pdf, id=18, 5128.15875pt x 1891.065pt>
File: AE_SysMod_5-eps-converted-to.pdf Graphic file (type pdf)
<use AE_SysMod_5-eps-converted-to.pdf>
Package luatex.def Info: AE_SysMod_5-eps-converted-to.pdf  used on input line 3
40.
(luatex.def)             Requested size: 397.4784pt x 144.51979pt.

LaTeX Font Warning: Font shape `TU/ptm/b/n' undefined
(Font)              using `TU/ptm/bx/n' instead on input line 352.


LaTeX Warning: Citation `DJSCC-Deniz' on page 2 undefined on input line 352.


LaTeX Font Warning: Font shape `TU/ptm/b/n' undefined
(Font)              using `TU/ptm/bx/n' instead on input line 352.


LaTeX Warning: Citation `DJSCC-Deniz' on page 2 undefined on input line 352.

Missing character: There is no ‌ (U+200C) in font cmr7!

LaTeX Font Warning: Font shape `TU/ptm/b/n' undefined
(Font)              using `TU/ptm/bx/n' instead on input line 412.


LaTeX Warning: Citation `funnel' on page 2 undefined on input line 412.


LaTeX Font Warning: Font shape `TU/ptm/b/n' undefined
(Font)              using `TU/ptm/bx/n' instead on input line 433.


LaTeX Warning: Reference `eq:P0' on page 2 undefined on input line 433.


LaTeX Font Warning: Font shape `TU/ptm/b/n' undefined
(Font)              using `TU/ptm/bx/n' instead on input line 433.


LaTeX Warning: Citation `MI-approx' on page 2 undefined on input line 433.

LaTeX Font Info:    Font shape `U/lasy/b/n' in size <7> not available
(Font)              Font shape `U/lasy/m/n' tried instead on input line 441.
LaTeX Font Info:    Font shape `U/lasy/b/n' in size <5> not available
(Font)              Font shape `U/lasy/m/n' tried instead on input line 441.

LaTeX Font Warning: Font shape `U/wasy/b/n' in size <7> not available
(Font)              Font shape `U/wasy/m/n' tried instead on input line 441.


LaTeX Font Warning: Font shape `U/wasy/b/n' in size <5> not available
(Font)              Font shape `U/wasy/m/n' tried instead on input line 441.

Missing character: There is no ‌ (U+200C) in font cmr10!
Missing character: There is no ‌ (U+200C) in font cmr10!

Overfull \hbox (2.56004pt too wide) detected at line 441
[]
 []


LaTeX Font Warning: Font shape `TU/ptm/b/n' undefined
(Font)              using `TU/ptm/bx/n' instead on input line 450.


LaTeX Warning: Reference `eq:P1' on page 2 undefined on input line 450.


LaTeX Font Warning: Font shape `TU/ptm/b/n' undefined
(Font)              using `TU/ptm/bx/n' instead on input line 453.


LaTeX Warning: Reference `eq:P1' on page 2 undefined on input line 453.


Underfull \vbox (badness 10000) has occurred while \output is active []

 [2<./AE_SysMod_8-eps-converted-to.pdf>]

LaTeX Font Warning: Font shape `TU/ptm/b/n' undefined
(Font)              using `TU/ptm/bx/n' instead on input line 498.


LaTeX Warning: Citation `DJSCC-Deniz' on page 3 undefined on input line 498.


LaTeX Font Warning: Font shape `TU/ptm/b/n' undefined
(Font)              using `TU/ptm/bx/n' instead on input line 504.


LaTeX Warning: Reference `fig:DNN' on page 3 undefined on input line 504.


LaTeX Font Warning: Font shape `TU/ptm/b/n' undefined
(Font)              using `TU/ptm/bx/n' instead on input line 505.


LaTeX Warning: Reference `fig:DNN-Advs' on page 3 undefined on input line 505.

Package epstopdf Info: Source file: <AE_SysMod_6.eps>
(epstopdf)                    date: 2023-08-05 22:28:55
(epstopdf)                    size: 626299 bytes
(epstopdf)             Output file: <AE_SysMod_6-eps-converted-to.pdf>
(epstopdf)                    date: 2023-08-05 22:28:55
(epstopdf)                    size: 53144 bytes
(epstopdf)             Command: <repstopdf --outfile=AE_SysMod_6-eps-converted-
to.pdf AE_SysMod_6.eps>
(epstopdf)             \includegraphics on input line 515.
Package epstopdf Info: Output file is already uptodate.
<AE_SysMod_6-eps-converted-to.pdf, id=82, 1531.7225pt x 999.735pt>
File: AE_SysMod_6-eps-converted-to.pdf Graphic file (type pdf)
<use AE_SysMod_6-eps-converted-to.pdf>
Package luatex.def Info: AE_SysMod_6-eps-converted-to.pdf  used on input line 5
15.
(luatex.def)             Requested size: 205.95673pt x 119.23926pt.

LaTeX Font Warning: Font shape `TU/ptm/b/n' undefined
(Font)              using `TU/ptm/bx/n' instead on input line 530.


LaTeX Warning: Citation `AE-Deniz' on page 3 undefined on input line 530.


LaTeX Font Warning: Font shape `TU/ptm/b/n' undefined
(Font)              using `TU/ptm/bx/n' instead on input line 530.


LaTeX Warning: Citation `Ecenaz-icassp' on page 3 undefined on input line 530.


LaTeX Font Warning: Font shape `TU/ptm/b/n' undefined
(Font)              using `TU/ptm/bx/n' instead on input line 534.


LaTeX Warning: Reference `fig:DNN-Advs' on page 3 undefined on input line 534.


LaTeX Font Warning: Font shape `TU/ptm/b/n' undefined
(Font)              using `TU/ptm/bx/n' instead on input line 540.


LaTeX Warning: Reference `eq:P-DL' on page 3 undefined on input line 540.


LaTeX Font Warning: Font shape `TU/ptm/b/n' undefined
(Font)              using `TU/ptm/bx/n' instead on input line 572.


LaTeX Warning: Citation `AE-Deniz' on page 3 undefined on input line 572.


LaTeX Font Warning: Font shape `TU/ptm/b/n' undefined
(Font)              using `TU/ptm/bx/n' instead on input line 572.


LaTeX Warning: Citation `Ecenaz-icassp' on page 3 undefined on input line 572.


LaTeX Font Warning: Font shape `TU/ptm/b/n' undefined
(Font)              using `TU/ptm/bx/n' instead on input line 572.


LaTeX Warning: Citation `Eduard-AE' on page 3 undefined on input line 572.


LaTeX Font Warning: Font shape `TU/ptm/b/n' undefined
(Font)              using `TU/ptm/bx/n' instead on input line 572.


LaTeX Warning: Citation `MI-Wiretap-estim' on page 3 undefined on input line 57
2.


LaTeX Font Warning: Font shape `TU/ptm/b/n' undefined
(Font)              using `TU/ptm/bx/n' instead on input line 572.


LaTeX Warning: Citation `MI-estim-channel_coding' on page 3 undefined on input 
line 572.

[3<./AE_SysMod_5-eps-converted-to.pdf><./AE_SysMod_6-eps-converted-to.pdf>]

LaTeX Font Warning: Font shape `TU/ptm/b/n' undefined
(Font)              using `TU/ptm/bx/n' instead on input line 578.


LaTeX Warning: Reference `eq:P-DL-CE' on page 4 undefined on input line 578.


Overfull \hbox (1.52194pt too wide) detected at line 594
[]
 []


LaTeX Font Warning: Font shape `TU/ptm/b/n' undefined
(Font)              using `TU/ptm/bx/n' instead on input line 642.


LaTeX Warning: Citation `AE-Deniz' on page 4 undefined on input line 642.


Underfull \vbox (badness 10000) has occurred while \output is active []



LaTeX Font Warning: Font shape `TU/ptm/b/n' undefined
(Font)              using `TU/ptm/bx/n' instead on input line 687.


LaTeX Warning: Citation `ssim-learning' on page 4 undefined on input line 687.

Package epstopdf Info: Source file: <acc_ours_colluding_rev2_v2.eps>
(epstopdf)                    date: 2023-08-05 22:28:56
(epstopdf)                    size: 20665 bytes
(epstopdf)             Output file: <acc_ours_colluding_rev2_v2-eps-converted-t
o.pdf>
(epstopdf)                    date: 2023-08-05 22:28:56
(epstopdf)                    size: 8689 bytes
(epstopdf)             Command: <repstopdf --outfile=acc_ours_colluding_rev2_v2
-eps-converted-to.pdf acc_ours_colluding_rev2_v2.eps>
(epstopdf)             \includegraphics on input line 758.
Package epstopdf Info: Output file is already uptodate.
<acc_ours_colluding_rev2_v2-eps-converted-to.pdf, id=128, 421.575pt x 316.18124
pt>
File: acc_ours_colluding_rev2_v2-eps-converted-to.pdf Graphic file (type pdf)
<use acc_ours_colluding_rev2_v2-eps-converted-to.pdf>
Package luatex.def Info: acc_ours_colluding_rev2_v2-eps-converted-to.pdf  used 
on input line 758.
(luatex.def)             Requested size: 216.81067pt x 144.5436pt.
Package epstopdf Info: Source file: <acc_ours_Nak_and_awgn_colluding_rev_v2.eps
>
(epstopdf)                    date: 2023-08-05 22:28:55
(epstopdf)                    size: 117647 bytes
(epstopdf)             Output file: <acc_ours_Nak_and_awgn_colluding_rev_v2-eps
-converted-to.pdf>
(epstopdf)                    date: 2023-08-05 22:28:55
(epstopdf)                    size: 73466 bytes
(epstopdf)             Command: <repstopdf --outfile=acc_ours_Nak_and_awgn_coll
uding_rev_v2-eps-converted-to.pdf acc_ours_Nak_and_awgn_colluding_rev_v2.eps>
(epstopdf)             \includegraphics on input line 774.
Package epstopdf Info: Output file is already uptodate.
<acc_ours_Nak_and_awgn_colluding_rev_v2-eps-converted-to.pdf, id=130, 421.575pt
 x 316.18124pt>
File: acc_ours_Nak_and_awgn_colluding_rev_v2-eps-converted-to.pdf Graphic file 
(type pdf)
<use acc_ours_Nak_and_awgn_colluding_rev_v2-eps-converted-to.pdf>
Package luatex.def Info: acc_ours_Nak_and_awgn_colluding_rev_v2-eps-converted-t
o.pdf  used on input line 774.
(luatex.def)             Requested size: 216.80865pt x 144.54294pt.

LaTeX Font Warning: Font shape `TU/ptm/b/n' undefined
(Font)              using `TU/ptm/bx/n' instead on input line 794.


LaTeX Warning: Citation `CIFARdataset' on page 4 undefined on input line 794.


LaTeX Font Warning: Font shape `TU/ptm/b/n' undefined
(Font)              using `TU/ptm/bx/n' instead on input line 837.


LaTeX Warning: Citation `adam' on page 4 undefined on input line 837.

[4<./acc_ours_colluding_rev2_v2-eps-converted-to.pdf><./acc_ours_Nak_and_awgn_co
lluding_rev_v2-eps-converted-to.pdf>]

LaTeX Font Warning: Font shape `TU/ptm/b/n' undefined
(Font)              using `TU/ptm/bx/n' instead on input line 845.


LaTeX Warning: Reference `fig:acc' on page 5 undefined on input line 845.


LaTeX Font Warning: Font shape `TU/ptm/b/n' undefined
(Font)              using `TU/ptm/bx/n' instead on input line 848.


LaTeX Warning: Reference `fig:acc_Nak' on page 5 undefined on input line 848.


LaTeX Font Warning: Font shape `TU/ptm/b/n' undefined
(Font)              using `TU/ptm/bx/n' instead on input line 858.


LaTeX Warning: Citation `ensemble' on page 5 undefined on input line 858.


LaTeX Font Warning: Font shape `TU/ptm/b/n' undefined
(Font)              using `TU/ptm/bx/n' instead on input line 871.


LaTeX Warning: Reference `fig:acc_Nak' on page 5 undefined on input line 871.

Package epstopdf Info: Source file: <ablation_ssim_acc_3adv.eps>
(epstopdf)                    date: 2023-08-05 22:28:55
(epstopdf)                    size: 36880 bytes
(epstopdf)             Output file: <ablation_ssim_acc_3adv-eps-converted-to.pd
f>
(epstopdf)                    date: 2023-08-05 22:28:55
(epstopdf)                    size: 13886 bytes
(epstopdf)             Command: <repstopdf --outfile=ablation_ssim_acc_3adv-eps
-converted-to.pdf ablation_ssim_acc_3adv.eps>
(epstopdf)             \includegraphics on input line 893.
Package epstopdf Info: Output file is already uptodate.
<ablation_ssim_acc_3adv-eps-converted-to.pdf, id=150, 421.575pt x 316.18124pt>
File: ablation_ssim_acc_3adv-eps-converted-to.pdf Graphic file (type pdf)
<use ablation_ssim_acc_3adv-eps-converted-to.pdf>
Package luatex.def Info: ablation_ssim_acc_3adv-eps-converted-to.pdf  used on i
nput line 893.
(luatex.def)             Requested size: 216.81442pt x 158.99724pt.

LaTeX Font Warning: Font shape `TU/ptm/b/n' undefined
(Font)              using `TU/ptm/bx/n' instead on input line 908.


LaTeX Warning: Reference `fig: ssim_ablation_test' on page 5 undefined on input
 line 908.


LaTeX Font Warning: Font shape `TU/ptm/b/n' undefined
(Font)              using `TU/ptm/bx/n' instead on input line 916.


LaTeX Warning: Citation `AE-Deniz' on page 5 undefined on input line 916.


LaTeX Font Warning: Font shape `TU/ptm/b/n' undefined
(Font)              using `TU/ptm/bx/n' instead on input line 916.


LaTeX Warning: Citation `Deniz-GDN' on page 5 undefined on input line 916.


LaTeX Font Warning: Font shape `TU/ptm/b/n' undefined
(Font)              using `TU/ptm/bx/n' instead on input line 922.


LaTeX Warning: Reference `fig: ssim_ablation_test' on page 5 undefined on input
 line 922.

[5<./ablation_ssim_acc_3adv-eps-converted-to.pdf>]
Package epstopdf Info: Source file: <3d_subplot2.eps>
(epstopdf)                    date: 2023-08-05 22:28:55
(epstopdf)                    size: 113410 bytes
(epstopdf)             Output file: <3d_subplot2-eps-converted-to.pdf>
(epstopdf)                    date: 2023-08-05 22:28:55
(epstopdf)                    size: 178878 bytes
(epstopdf)             Command: <repstopdf --outfile=3d_subplot2-eps-converted-
to.pdf 3d_subplot2.eps>
(epstopdf)             \includegraphics on input line 938.
Package epstopdf Info: Output file is already uptodate.
<3d_subplot2-eps-converted-to.pdf, id=162, 421.575pt x 316.18124pt>
File: 3d_subplot2-eps-converted-to.pdf Graphic file (type pdf)
<use 3d_subplot2-eps-converted-to.pdf>
Package luatex.def Info: 3d_subplot2-eps-converted-to.pdf  used on input line 9
38.
(luatex.def)             Requested size: 227.65353pt x 144.5421pt.


LaTeX Font Warning: Font shape `TU/ptm/b/n' undefined
(Font)              using `TU/ptm/bx/n' instead on input line 950.


LaTeX Warning: Reference `fig:3d_coeffs' on page 6 undefined on input line 950.



LaTeX Font Warning: Font shape `TU/ptm/b/n' undefined
(Font)              using `TU/ptm/bx/n' instead on input line 955.


LaTeX Warning: Reference `eq:distortion' on page 6 undefined on input line 955.



LaTeX Font Warning: Font shape `TU/ptm/b/n' undefined
(Font)              using `TU/ptm/bx/n' instead on input line 955.


LaTeX Warning: Reference `eq:L_AB-LE' on page 6 undefined on input line 955.


LaTeX Font Warning: Font shape `TU/ptm/b/n' undefined
(Font)              using `TU/ptm/bx/n' instead on input line 957.


LaTeX Warning: Reference `eq:distortion' on page 6 undefined on input line 957.



LaTeX Font Warning: Font shape `TU/ptm/b/n' undefined
(Font)              using `TU/ptm/bx/n' instead on input line 959.


LaTeX Warning: Reference `eq:P0' on page 6 undefined on input line 959.


LaTeX Font Warning: Font shape `TU/ptm/b/n' undefined
(Font)              using `TU/ptm/bx/n' instead on input line 959.


LaTeX Warning: Reference `eq:P-DL-CE' on page 6 undefined on input line 959.


LaTeX Font Warning: Font shape `TU/ptm/b/n' undefined
(Font)              using `TU/ptm/bx/n' instead on input line 959.


LaTeX Warning: Reference `eq:L_AB-LE' on page 6 undefined on input line 959.


LaTeX Font Warning: Font shape `TU/ptm/b/n' undefined
(Font)              using `TU/ptm/bx/n' instead on input line 964.


LaTeX Warning: Reference `fig:3d_coeffs' on page 6 undefined on input line 964.



Underfull \hbox (badness 1661) in paragraph at lines 1012--1013
[]\TU/ptm/bx/it/8 M. Letafati and S. Otoum. ``On the pri-vacy and se-cu-
 []

[6<./3d_subplot2-eps-converted-to.pdf>]

** Conference Paper **
Before submitting the final camera ready copy, remember to:

 1. Manually equalize the lengths of two columns on the last page
 of your paper;

 2. Ensure that any PostScript and/or PDF output post-processing
 uses only Type 1 fonts and that every step in the generation
 process uses the appropriate paper size.

- LAST -
Extra skip:9.0pt
Left:291.0pt/2.0pt
Right:282.0pt/2.0pt
Output:295.0pt
[7]
(/Users/jovyntan/Desktop/work/fyp/exploration/diff_test_tex_engines/bin/compile
d_tex_pdf/2308.02892/2308.02892_lualatex.aux)

LaTeX Font Warning: Some font shapes were not available, defaults substituted.


LaTeX Warning: There were undefined references.


LaTeX Warning: Label(s) may have changed. Rerun to get cross-references right.

)
(\end occurred inside a group at level 2)

### simple group (level 2) entered at line 814 ({)
### simple group (level 1) entered at line 648 ({)
### bottom level

Here is how much of LuaTeX's memory you used:
 8917 strings out of 478531
 156265,552014 words of node,token memory allocated
 631 words of node memory still in use:
   7 hlist, 2 vlist, 2 rule, 7 glue, 4 kern, 2 sub_mlist, 1 glyph, 14 attribute,
 65 glue_spec, 14 attribute_list, 1 write nodes
   avail lists: 2:1148,3:339,4:118,5:925,6:59,7:14900,8:69,9:1210,10:20,11:1345
 28410 multiletter control sequences out of 65536+600000
 142 fonts using 10619015 bytes
 83i,16n,85p,772b,386s stack positions out of 5000i,500n,10000p,200000b,80000s
</usr/local/texlive/2021/texmf-dist/fonts/opentype/public/lm/lmroman7-regular.ot
f></usr/local/texlive/2021/texmf-dist/fonts/opentype/public/lm/lmroman8-regular.
otf></usr/local/texlive/2021/texmf-dist/fonts/opentype/public/lm/lmroman6-regula
r.otf></usr/local/texlive/2021/texmf-dist/fonts/opentype/public/lm/lmroman10-reg
ular.otf></usr/local/texlive/2021/texmf-dist/fonts/opentype/public/lm/lmroman9-r
egular.otf></usr/local/texlive/2021/texmf-dist/fonts/opentype/public/lm/lmroman1
2-regular.otf></usr/local/texlive/2021/texmf-dist/fonts/opentype/public/lm/lmrom
an17-regular.otf></usr/local/texlive/2021/texmf-dist/fonts/type1/public/amsfonts
/cm/cmbx10.pfb></usr/local/texlive/2021/texmf-dist/fonts/type1/public/amsfonts/c
m/cmbx7.pfb></usr/local/texlive/2021/texmf-dist/fonts/type1/public/amsfonts/cm/c
mex10.pfb></usr/local/texlive/2021/texmf-dist/fonts/type1/public/amsfonts/cm/cmm
i10.pfb></usr/local/texlive/2021/texmf-dist/fonts/type1/public/amsfonts/cm/cmmi5
.pfb></usr/local/texlive/2021/texmf-dist/fonts/type1/public/amsfonts/cm/cmmi6.pf
b></usr/local/texlive/2021/texmf-dist/fonts/type1/public/amsfonts/cm/cmmi7.pfb><
/usr/local/texlive/2021/texmf-dist/fonts/type1/public/amsfonts/cm/cmmi8.pfb></us
r/local/texlive/2021/texmf-dist/fonts/type1/public/amsfonts/cm/cmmi9.pfb></usr/l
ocal/texlive/2021/texmf-dist/fonts/type1/public/amsfonts/cm/cmmib10.pfb></usr/lo
cal/texlive/2021/texmf-dist/fonts/type1/public/amsfonts/cmextra/cmmib7.pfb></usr
/local/texlive/2021/texmf-dist/fonts/type1/public/amsfonts/cm/cmr10.pfb></usr/lo
cal/texlive/2021/texmf-dist/fonts/type1/public/amsfonts/cm/cmr5.pfb></usr/local/
texlive/2021/texmf-dist/fonts/type1/public/amsfonts/cm/cmr6.pfb></usr/local/texl
ive/2021/texmf-dist/fonts/type1/public/amsfonts/cm/cmr7.pfb></usr/local/texlive/
2021/texmf-dist/fonts/type1/public/amsfonts/cm/cmr8.pfb></usr/local/texlive/2021
/texmf-dist/fonts/type1/public/amsfonts/cm/cmr9.pfb></usr/local/texlive/2021/tex
mf-dist/fonts/type1/public/amsfonts/cm/cmss10.pfb></usr/local/texlive/2021/texmf
-dist/fonts/type1/public/amsfonts/cm/cmss8.pfb></usr/local/texlive/2021/texmf-di
st/fonts/type1/public/amsfonts/cm/cmsy10.pfb></usr/local/texlive/2021/texmf-dist
/fonts/type1/public/amsfonts/cm/cmsy5.pfb></usr/local/texlive/2021/texmf-dist/fo
nts/type1/public/amsfonts/cm/cmsy6.pfb></usr/local/texlive/2021/texmf-dist/fonts
/type1/public/amsfonts/cm/cmsy7.pfb></usr/local/texlive/2021/texmf-dist/fonts/ty
pe1/public/amsfonts/cm/cmsy8.pfb></usr/local/texlive/2021/texmf-dist/fonts/type1
/public/amsfonts/cm/cmsy9.pfb></usr/local/texlive/2021/texmf-dist/fonts/type1/pu
blic/amsfonts/symbols/msbm10.pfb>
Output written on 2308.02892_lualatex.pdf (7 pages, 733617 bytes).

PDF statistics: 300 PDF objects out of 1000 (max. 8388607)
 194 compressed objects within 2 object streams
 0 named destinations out of 1000 (max. 131072)
 71 words of extra memory for PDF output out of 10000 (max. 100000000)

