This is pdfTeX, Version 3.141592653-2.6-1.40.22 (TeX Live 2021) (preloaded format=pdflatex)
 restricted \write18 enabled.
entering extended mode
(./motivating_example.tex
LaTeX2e <2020-10-01> patch level 4
L3 programming layer <2021-02-18>

! LaTeX Error: Environment figure undefined.

See the LaTeX manual or LaTeX Companion for explanation.
Type  H <return>  for immediate help.
 ...                                              
                                                  
l.1 \begin{figure}
                  [t]

! LaTeX Error: Missing \begin{document}.

See the LaTeX manual or LaTeX Companion for explanation.
Type  H <return>  for immediate help.
 ...                                              
                                                  
l.1 \begin{figure}[
                   t]
! Undefined control sequence.
l.3 \captionsetup
                 {justification=centering}
! Undefined control sequence.
l.4 \resizebox
              {0.8\linewidth}{!}{
! Missing number, treated as zero.
<to be read again> 
                   }
l.4 \resizebox{0.8\linewidth}
                             {!}{
! Illegal unit of measure (pt inserted).
<to be read again> 
                   }
l.4 \resizebox{0.8\linewidth}
                             {!}{

! LaTeX Error: Environment tikzpicture undefined.

See the LaTeX manual or LaTeX Companion for explanation.
Type  H <return>  for immediate help.
 ...                                              
                                                  
l.5 \begin{tikzpicture}
                       [auto, thick, node distance=2cm, >=triangle 45]
! Undefined control sequence.
l.6 \draw
         

Overfull \hbox (20.0pt too wide) in paragraph at lines 1--12
 [] 

Overfull \hbox (13.93057pt too wide) in paragraph at lines 1--12
 \OML/cmm/m/it/10 W[]$ 

Overfull \hbox (13.93057pt too wide) in paragraph at lines 1--12
 \OML/cmm/m/it/10 W[]$ 

Overfull \hbox (13.93057pt too wide) in paragraph at lines 1--12
 \OML/cmm/m/it/10 W[]$ 

Overfull \hbox (13.93057pt too wide) in paragraph at lines 1--12
 \OML/cmm/m/it/10 W[]$ 

Overfull \hbox (13.93057pt too wide) in paragraph at lines 1--12
 \OML/cmm/m/it/10 W[]$ 

! LaTeX Error: Missing \begin{document}.

See the LaTeX manual or LaTeX Companion for explanation.
Type  H <return>  for immediate help.
 ...                                              
                                                  
l.13     n
          ode [block, minimum width = 2.5cm, fill=green!30,below = 0.4 cm of...

! Undefined control sequence.
<recently read> \bfA 
                     
l.13 ...!30,below = 0.4 cm of blk1] (blk11) {$\bfA
                                                  _0$}
! Undefined control sequence.
<recently read> \bfA 
                     
l.14 ...below = 0.0005 cm of blk11] (blk12) {$\bfA
                                                  _1$}
! Undefined control sequence.
<recently read> \bfA 
                     
l.15 ...below = 0.0005 cm of blk12] (blk13) {$\bfA
                                                  _2$}
! Undefined control sequence.
<recently read> \bfA 
                     
l.16 ...below = 0.0005 cm of blk13] (blk14) {$\bfA
                                                  _3$}
! Undefined control sequence.
l.17 ...w = 0.0005 cm of blk14] (blk19) {$c_0 \bfA
                                                  _4 + c_1 \bfA_9$}
! Double subscript.
l.17 ... = 0.0005 cm of blk14] (blk19) {$c_0 \bfA_
                                                  4 + c_1 \bfA_9$}
! Undefined control sequence.
l.17 ... of blk14] (blk19) {$c_0 \bfA_4 + c_1 \bfA
                                                  _9$}
! Double subscript.
l.17 ...of blk14] (blk19) {$c_0 \bfA_4 + c_1 \bfA_
                                                  9$}
! Undefined control sequence.
l.18 ...elow = 0.2 cm of blk19] (blk15) {$r_0 \bfB
                                                  _0 + r_1 \bfB_1$}
! Double subscript.
l.18 ...low = 0.2 cm of blk19] (blk15) {$r_0 \bfB_
                                                  0 + r_1 \bfB_1$}
! Undefined control sequence.
l.18 ... of blk19] (blk15) {$r_0 \bfB_0 + r_1 \bfB
                                                  _1$}
! Double subscript.
l.18 ...of blk19] (blk15) {$r_0 \bfB_0 + r_1 \bfB_
                                                  1$}

Overfull \hbox (4.48613pt too wide) in paragraph at lines 13--19
 []$ 

Overfull \hbox (4.48613pt too wide) in paragraph at lines 13--19
 []$ 

Overfull \hbox (4.48613pt too wide) in paragraph at lines 13--19
 []$ 

Overfull \hbox (4.48613pt too wide) in paragraph at lines 13--19
 []$ 

Overfull \hbox (21.07762pt too wide) in paragraph at lines 13--19
 \OML/cmm/m/it/10 c[][] \OT1/cmr/m/n/10 + 

Overfull \hbox (13.29982pt too wide) in paragraph at lines 13--19
 \OML/cmm/m/it/10 c[][]$ 

Overfull \hbox (21.26164pt too wide) in paragraph at lines 13--19
 \OML/cmm/m/it/10 r[][] \OT1/cmr/m/n/10 + 

Overfull \hbox (13.48384pt too wide) in paragraph at lines 13--19
 \OML/cmm/m/it/10 r[][]$ 

! LaTeX Error: Missing \begin{document}.

See the LaTeX manual or LaTeX Companion for explanation.
Type  H <return>  for immediate help.
 ...                                              
                                                  
l.22     n
          ode [block, minimum width = 2.5cm, fill=blue!30,below = 0.4 cm of ...

! Undefined control sequence.
<recently read> \bfA 
                     
l.22 ...!30,below = 0.4 cm of blk2] (blk21) {$\bfA
                                                  _2$}
! Undefined control sequence.
<recently read> \bfA 
                     
l.23 ...below = 0.0005 cm of blk21] (blk22) {$\bfA
                                                  _3$}
! Undefined control sequence.
<recently read> \bfA 
                     
l.24 ...below = 0.0005 cm of blk22] (blk23) {$\bfA
                                                  _4$}
! Undefined control sequence.
<recently read> \bfA 
                     
l.25 ...below = 0.0005 cm of blk23] (blk24) {$\bfA
                                                  _5$}
! Undefined control sequence.
l.26 ...w = 0.0005 cm of blk24] (blk29) {$c_2 \bfA
                                                  _6 + c_3 \bfA_1$}
! Double subscript.
l.26 ... = 0.0005 cm of blk24] (blk29) {$c_2 \bfA_
                                                  6 + c_3 \bfA_1$}
! Undefined control sequence.
l.26 ... of blk24] (blk29) {$c_2 \bfA_6 + c_3 \bfA
                                                  _1$}
! Double subscript.
l.26 ...of blk24] (blk29) {$c_2 \bfA_6 + c_3 \bfA_
                                                  1$}
! Undefined control sequence.
l.27 ...elow = 0.2 cm of blk29] (blk25) {$r_2 \bfB
                                                  _0 + r_3 \bfB_1$}
! Double subscript.
l.27 ...low = 0.2 cm of blk29] (blk25) {$r_2 \bfB_
                                                  0 + r_3 \bfB_1$}
! Undefined control sequence.
l.27 ... of blk29] (blk25) {$r_2 \bfB_0 + r_3 \bfB
                                                  _1$}
! Double subscript.
l.27 ...of blk29] (blk25) {$r_2 \bfB_0 + r_3 \bfB_
                                                  1$}

Overfull \hbox (4.48613pt too wide) in paragraph at lines 22--29
 []$ 

Overfull \hbox (4.48613pt too wide) in paragraph at lines 22--29
 []$ 

Overfull \hbox (4.48613pt too wide) in paragraph at lines 22--29
 []$ 

Overfull \hbox (4.48613pt too wide) in paragraph at lines 22--29
 []$ 

Overfull \hbox (21.07762pt too wide) in paragraph at lines 22--29
 \OML/cmm/m/it/10 c[][] \OT1/cmr/m/n/10 + 

Overfull \hbox (13.29982pt too wide) in paragraph at lines 22--29
 \OML/cmm/m/it/10 c[][]$ 

Overfull \hbox (21.26164pt too wide) in paragraph at lines 22--29
 \OML/cmm/m/it/10 r[][] \OT1/cmr/m/n/10 + 

Overfull \hbox (13.48384pt too wide) in paragraph at lines 22--29
 \OML/cmm/m/it/10 r[][]$ 

! LaTeX Error: Missing \begin{document}.

See the LaTeX manual or LaTeX Companion for explanation.
Type  H <return>  for immediate help.
 ...                                              
                                                  
l.30     n
          ode [block, minimum width = 2.5cm, fill=green!30,below = 0.4 cm of...

! Undefined control sequence.
<recently read> \bfA 
                     
l.30 ...!30,below = 0.4 cm of blk3] (blk31) {$\bfA
                                                  _4$}
! Undefined control sequence.
<recently read> \bfA 
                     
l.31 ...below = 0.0005 cm of blk31] (blk32) {$\bfA
                                                  _5$}
! Undefined control sequence.
<recently read> \bfA 
                     
l.32 ...below = 0.0005 cm of blk32] (blk33) {$\bfA
                                                  _6$}
! Undefined control sequence.
<recently read> \bfA 
                     
l.33 ...below = 0.0005 cm of blk33] (blk34) {$\bfA
                                                  _7$}
! Undefined control sequence.
l.34 ...w = 0.0005 cm of blk34] (blk39) {$c_4 \bfA
                                                  _8 + c_5 \bfA_3$}
! Double subscript.
l.34 ... = 0.0005 cm of blk34] (blk39) {$c_4 \bfA_
                                                  8 + c_5 \bfA_3$}
! Undefined control sequence.
l.34 ... of blk34] (blk39) {$c_4 \bfA_8 + c_5 \bfA
                                                  _3$}
! Double subscript.
l.34 ...of blk34] (blk39) {$c_4 \bfA_8 + c_5 \bfA_
                                                  3$}
! Undefined control sequence.
l.35 ...elow = 0.2 cm of blk39] (blk35) {$r_4 \bfB
                                                  _0 + r_5 \bfB_1$}
! Double subscript.
l.35 ...low = 0.2 cm of blk39] (blk35) {$r_4 \bfB_
                                                  0 + r_5 \bfB_1$}
! Undefined control sequence.
l.35 ... of blk39] (blk35) {$r_4 \bfB_0 + r_5 \bfB
                                                  _1$}
! Double subscript.
l.35 ...of blk39] (blk35) {$r_4 \bfB_0 + r_5 \bfB_
                                                  1$}

Overfull \hbox (4.48613pt too wide) in paragraph at lines 30--37
 []$ 

Overfull \hbox (4.48613pt too wide) in paragraph at lines 30--37
 []$ 

Overfull \hbox (4.48613pt too wide) in paragraph at lines 30--37
 []$ 

Overfull \hbox (4.48613pt too wide) in paragraph at lines 30--37
 []$ 

Overfull \hbox (21.07762pt too wide) in paragraph at lines 30--37
 \OML/cmm/m/it/10 c[][] \OT1/cmr/m/n/10 + 

Overfull \hbox (13.29982pt too wide) in paragraph at lines 30--37
 \OML/cmm/m/it/10 c[][]$ 

Overfull \hbox (21.26164pt too wide) in paragraph at lines 30--37
 \OML/cmm/m/it/10 r[][] \OT1/cmr/m/n/10 + 

Overfull \hbox (13.48384pt too wide) in paragraph at lines 30--37
 \OML/cmm/m/it/10 r[][]$ 

! LaTeX Error: Missing \begin{document}.

See the LaTeX manual or LaTeX Companion for explanation.
Type  H <return>  for immediate help.
 ...                                              
                                                  
l.38     n
          ode [block, minimum width = 2.5cm, fill=blue!30,below = 0.4 cm of ...

! Undefined control sequence.
<recently read> \bfA 
                     
l.38 ...!30,below = 0.4 cm of blk4] (blk41) {$\bfA
                                                  _6$}
! Undefined control sequence.
<recently read> \bfA 
                     
l.39 ...below = 0.0005 cm of blk41] (blk42) {$\bfA
                                                  _7$}
! Undefined control sequence.
<recently read> \bfA 
                     
l.40 ...below = 0.0005 cm of blk42] (blk43) {$\bfA
                                                  _8$}
! Undefined control sequence.
<recently read> \bfA 
                     
l.41 ...below = 0.0005 cm of blk43] (blk44) {$\bfA
                                                  _9$}
! Undefined control sequence.
l.42 ...w = 0.0005 cm of blk44] (blk49) {$c_6 \bfA
                                                  _0 + c_7 \bfA_5$}
! Double subscript.
l.42 ... = 0.0005 cm of blk44] (blk49) {$c_6 \bfA_
                                                  0 + c_7 \bfA_5$}
! Undefined control sequence.
l.42 ... of blk44] (blk49) {$c_6 \bfA_0 + c_7 \bfA
                                                  _5$}
! Double subscript.
l.42 ...of blk44] (blk49) {$c_6 \bfA_0 + c_7 \bfA_
                                                  5$}
! Undefined control sequence.
l.43 ...elow = 0.2 cm of blk49] (blk45) {$r_6 \bfB
                                                  _0 + r_7 \bfB_1$}
! Double subscript.
l.43 ...low = 0.2 cm of blk49] (blk45) {$r_6 \bfB_
                                                  0 + r_7 \bfB_1$}
! Undefined control sequence.
l.43 ... of blk49] (blk45) {$r_6 \bfB_0 + r_7 \bfB
                                                  _1$}
! Double subscript.
l.43 ...of blk49] (blk45) {$r_6 \bfB_0 + r_7 \bfB_
                                                  1$}

Overfull \hbox (4.48613pt too wide) in paragraph at lines 38--45
 []$ 

Overfull \hbox (4.48613pt too wide) in paragraph at lines 38--45
 []$ 

Overfull \hbox (4.48613pt too wide) in paragraph at lines 38--45
 []$ 

Overfull \hbox (4.48613pt too wide) in paragraph at lines 38--45
 []$ 

Overfull \hbox (21.07762pt too wide) in paragraph at lines 38--45
 \OML/cmm/m/it/10 c[][] \OT1/cmr/m/n/10 + 

Overfull \hbox (13.29982pt too wide) in paragraph at lines 38--45
 \OML/cmm/m/it/10 c[][]$ 

Overfull \hbox (21.26164pt too wide) in paragraph at lines 38--45
 \OML/cmm/m/it/10 r[][] \OT1/cmr/m/n/10 + 

Overfull \hbox (13.48384pt too wide) in paragraph at lines 38--45
 \OML/cmm/m/it/10 r[][]$ 

! LaTeX Error: Missing \begin{document}.

See the LaTeX manual or LaTeX Companion for explanation.
Type  H <return>  for immediate help.
 ...                                              
                                                  
l.47     n
          ode [block, minimum width = 2.5cm, fill=green!30,below = 0.4 cm of...

! Undefined control sequence.
<recently read> \bfA 
                     
l.47 ...!30,below = 0.4 cm of blk5] (blk51) {$\bfA
                                                  _8$}
! Undefined control sequence.
<recently read> \bfA 
                     
l.48 ...below = 0.0005 cm of blk51] (blk52) {$\bfA
                                                  _9$}
! Undefined control sequence.
<recently read> \bfA 
                     
l.49 ...below = 0.0005 cm of blk52] (blk53) {$\bfA
                                                  _0$}
! Undefined control sequence.
<recently read> \bfA 
                     
l.50 ...below = 0.0005 cm of blk53] (blk54) {$\bfA
                                                  _1$}
! Undefined control sequence.
l.51 ...w = 0.0005 cm of blk54] (blk59) {$c_8 \bfA
                                                  _2 + c_9 \bfA_7$}
! Double subscript.
l.51 ... = 0.0005 cm of blk54] (blk59) {$c_8 \bfA_
                                                  2 + c_9 \bfA_7$}
! Undefined control sequence.
l.51 ... of blk54] (blk59) {$c_8 \bfA_2 + c_9 \bfA
                                                  _7$}
! Double subscript.
l.51 ...of blk54] (blk59) {$c_8 \bfA_2 + c_9 \bfA_
                                                  7$}
! Undefined control sequence.
l.52 ...elow = 0.2 cm of blk59] (blk55) {$r_8 \bfB
                                                  _0 + r_9 \bfB_1$}
! Double subscript.
l.52 ...low = 0.2 cm of blk59] (blk55) {$r_8 \bfB_
                                                  0 + r_9 \bfB_1$}
! Undefined control sequence.
l.52 ... of blk59] (blk55) {$r_8 \bfB_0 + r_9 \bfB
                                                  _1$}
! Double subscript.
l.52 ...of blk59] (blk55) {$r_8 \bfB_0 + r_9 \bfB_
                                                  1$}

Overfull \hbox (4.48613pt too wide) in paragraph at lines 47--54
 []$ 

Overfull \hbox (4.48613pt too wide) in paragraph at lines 47--54
 []$ 

Overfull \hbox (4.48613pt too wide) in paragraph at lines 47--54
 []$ 

Overfull \hbox (4.48613pt too wide) in paragraph at lines 47--54
 []$ 

Overfull \hbox (21.07762pt too wide) in paragraph at lines 47--54
 \OML/cmm/m/it/10 c[][] \OT1/cmr/m/n/10 + 

Overfull \hbox (13.29982pt too wide) in paragraph at lines 47--54
 \OML/cmm/m/it/10 c[][]$ 

Overfull \hbox (21.26164pt too wide) in paragraph at lines 47--54
 \OML/cmm/m/it/10 r[][] \OT1/cmr/m/n/10 + 

Overfull \hbox (13.48384pt too wide) in paragraph at lines 47--54
 \OML/cmm/m/it/10 r[][]$ 

! LaTeX Error: Missing \begin{document}.

See the LaTeX manual or LaTeX Companion for explanation.
Type  H <return>  for immediate help.
 ...                                              
                                                  
l.56     ;
          
! Undefined control sequence.
l.58 \draw
          [->](blk1) -- node{} (blk11);

! LaTeX Error: Missing \begin{document}.

See the LaTeX manual or LaTeX Companion for explanation.
Type  H <return>  for immediate help.
 ...                                              
                                                  
l.58 \draw[
           ->](blk1) -- node{} (blk11);
! Undefined control sequence.
l.59 \draw
          [->](blk2) -- node{} (blk21);
! Undefined control sequence.
l.60 \draw
          [->](blk3) -- node{} (blk31);
! Undefined control sequence.
l.61 \draw
          [->](blk4) -- node{} (blk41);
! Undefined control sequence.
l.62 \draw
          [->](blk5) -- node{} (blk51);

! LaTeX Error: \begin{document} ended by \end{tikzpicture}.

See the LaTeX manual or LaTeX Companion for explanation.
Type  H <return>  for immediate help.
 ...                                              
                                                  
l.64 \end{tikzpicture}
                      

! LaTeX Error: \caption outside float.

See the LaTeX manual or LaTeX Companion for explanation.
Type  H <return>  for immediate help.
 ...                                              
                                                  
l.67 \caption
             {\small Matrices $\bfA$ and $\bfB$ are partitioned into $ten$ a...

! Undefined control sequence.
l.67 \caption{\small
                     Matrices $\bfA$ and $\bfB$ are partitioned into $ten$ a...


! LaTeX Error: Missing \begin{document}.

See the LaTeX manual or LaTeX Companion for explanation.
Type  H <return>  for immediate help.
 ...                                              
                                                  
l.67 \caption{\small M
                      atrices $\bfA$ and $\bfB$ are partitioned into $ten$ a...

! Undefined control sequence.
<recently read> \bfA 
                     
l.67 \caption{\small Matrices $\bfA
                                   $ and $\bfB$ are partitioned into $ten$ a...

! Undefined control sequence.
<recently read> \bfB 
                     
l.67 \caption{\small Matrices $\bfA$ and $\bfB
                                              $ are partitioned into $ten$ a...


Overfull \hbox (14.26973pt too wide) in paragraph at lines 67--68
 \OML/cmm/m/it/10 ten$ 

Overfull \hbox (15.8866pt too wide) in paragraph at lines 67--68
 \OML/cmm/m/it/10 two$ 

Overfull \hbox (7.84087pt too wide) in paragraph at lines 67--68
 \OML/cmm/m/it/10 r[]$ 

Overfull \hbox (7.65685pt too wide) in paragraph at lines 67--68
 \OML/cmm/m/it/10 c[]$ 

! LaTeX Error: \begin{document} ended by \end{figure}.

See the LaTeX manual or LaTeX Companion for explanation.
Type  H <return>  for immediate help.
 ...                                              
                                                  
l.70 \end{figure}
                 
)
! Emergency stop.
<*> motivating_example.tex
                          
!  ==> Fatal error occurred, no output PDF file produced!
Transcript written on /Users/jovyntan/Desktop/work/fyp/exploration/diff_test_te
x_engines/bin/compiled_tex_pdf/2308.04331/2308.04331_pdflatex.log.
