This is pdfTeX, Version 3.141592653-2.6-1.40.22 (TeX Live 2021) (preloaded format=pdflatex)
 restricted \write18 enabled.
entering extended mode
(./OneColumnVersion.tex
LaTeX2e <2020-10-01> patch level 4
L3 programming layer <2021-02-18> (./IEEEtran.cls
Document Class: IEEEtran 2015/08/26 V1.8b by Michael Shell
-- See the "IEEEtran_HOWTO" manual for usage information.
-- http://www.michaelshell.org/tex/ieeetran/
(/usr/local/texlive/2021/texmf-dist/tex/latex/psnfss/ot1ptm.fd)
-- Using 8.5in x 11in (letter) paper.
-- Using PDF output.
-- This is a 12 point document.
) (/usr/local/texlive/2021/texmf-dist/tex/latex/url/url.sty)
(/usr/local/texlive/2021/texmf-dist/tex/latex/graphics/graphicx.sty
(/usr/local/texlive/2021/texmf-dist/tex/latex/graphics/keyval.sty)
(/usr/local/texlive/2021/texmf-dist/tex/latex/graphics/graphics.sty
(/usr/local/texlive/2021/texmf-dist/tex/latex/graphics/trig.sty)
(/usr/local/texlive/2021/texmf-dist/tex/latex/graphics-cfg/graphics.cfg)
(/usr/local/texlive/2021/texmf-dist/tex/latex/graphics-def/pdftex.def)))
(/usr/local/texlive/2021/texmf-dist/tex/latex/amsmath/amsmath.sty
For additional information on amsmath, use the `?' option.
(/usr/local/texlive/2021/texmf-dist/tex/latex/amsmath/amstext.sty
(/usr/local/texlive/2021/texmf-dist/tex/latex/amsmath/amsgen.sty))
(/usr/local/texlive/2021/texmf-dist/tex/latex/amsmath/amsbsy.sty)
(/usr/local/texlive/2021/texmf-dist/tex/latex/amsmath/amsopn.sty))
(/usr/local/texlive/2021/texmf-dist/tex/latex/comment/comment.sty
Excluding comment 'comment')
(/usr/local/texlive/2021/texmf-dist/tex/latex/base/inputenc.sty)
(/usr/local/texlive/2021/texmf-dist/tex/generic/babel/babel.sty
(/usr/local/texlive/2021/texmf-dist/tex/generic/babel/babel.def
(/usr/local/texlive/2021/texmf-dist/tex/generic/babel/txtbabel.def))
(/usr/local/texlive/2021/texmf-dist/tex/generic/babel-english/english.ldf))
(/usr/local/texlive/2021/texmf-dist/tex/latex/graphics/color.sty
(/usr/local/texlive/2021/texmf-dist/tex/latex/graphics-cfg/color.cfg))
(/usr/local/texlive/2021/texmf-dist/tex/latex/framed/framed.sty)
(/usr/local/texlive/2021/texmf-dist/tex/latex/cite/cite.sty)
(/usr/local/texlive/2021/texmf-dist/tex/latex/amsfonts/amssymb.sty
(/usr/local/texlive/2021/texmf-dist/tex/latex/amsfonts/amsfonts.sty))
(/usr/local/texlive/2021/texmf-dist/tex/latex/base/textcomp.sty)
(/usr/local/texlive/2021/texmf-dist/tex/latex/bbold/bbold.sty)
(/usr/local/texlive/2021/texmf-dist/tex/generic/iftex/ifpdf.sty
(/usr/local/texlive/2021/texmf-dist/tex/generic/iftex/iftex.sty))
(/usr/local/texlive/2021/texmf-dist/tex/latex/psnfss/times.sty)
(/usr/local/texlive/2021/texmf-dist/tex/latex/tools/layout.sty)
(/usr/local/texlive/2021/texmf-dist/tex/latex/float/float.sty)
(/usr/local/texlive/2021/texmf-dist/tex/latex/tools/afterpage.sty)
(/usr/local/texlive/2021/texmf-dist/tex/latex/tools/bm.sty)
(/usr/local/texlive/2021/texmf-dist/tex/latex/base/latexsym.sty)
(/usr/local/texlive/2021/texmf-dist/tex/latex/breqn/flexisym.sty
(/usr/local/texlive/2021/texmf-dist/tex/latex/l3kernel/expl3.sty
(/usr/local/texlive/2021/texmf-dist/tex/latex/l3backend/l3backend-pdftex.def))
(/usr/local/texlive/2021/texmf-dist/tex/latex/breqn/cmbase.sym)
(/usr/local/texlive/2021/texmf-dist/tex/latex/breqn/mathstyle.sty))
(/usr/local/texlive/2021/texmf-dist/tex/latex/kantlipsum/kantlipsum.sty
(/usr/local/texlive/2021/texmf-dist/tex/latex/l3packages/xparse/xparse.sty
(/usr/local/texlive/2021/texmf-dist/tex/latex/l3packages/xparse/xparse-2020-10-
01.sty
(/usr/local/texlive/2021/texmf-dist/tex/latex/l3packages/xparse/xparse-generic.
tex)))) (/usr/local/texlive/2021/texmf-dist/tex/latex/amscls/amsthm.sty)
(/usr/local/texlive/2021/texmf-dist/tex/latex/was/upgreek.sty)
(/usr/local/texlive/2021/texmf-dist/tex/latex/subfig/subfig.sty
(/usr/local/texlive/2021/texmf-dist/tex/latex/caption/caption3.sty))
(/usr/local/texlive/2021/texmf-dist/tex/latex/booktabs/booktabs.sty)
(/usr/local/texlive/2021/texmf-dist/tex/latex/tools/multicol.sty)
(/usr/local/texlive/2021/texmf-dist/tex/latex/enumitem/enumitem.sty)
(./symbols.tex
(/usr/local/texlive/2021/texmf-dist/tex/latex/algorithmicx/algpseudocode.sty
(/usr/local/texlive/2021/texmf-dist/tex/latex/base/ifthen.sty)
(/usr/local/texlive/2021/texmf-dist/tex/latex/algorithmicx/algorithmicx.sty
Document Style algorithmicx 1.2 - a greatly improved `algorithmic' style
)
Document Style - pseudocode environments for use with the `algorithmicx' style
) (/usr/local/texlive/2021/texmf-dist/tex/latex/doublestroke/dsfont.sty)
(/usr/local/texlive/2021/texmf-dist/tex/latex/algorithms/algorithm.sty)
(/usr/local/texlive/2021/texmf-dist/tex/latex/thmtools/thmtools.sty
(/usr/local/texlive/2021/texmf-dist/tex/latex/thmtools/thm-patch.sty
(/usr/local/texlive/2021/texmf-dist/tex/latex/thmtools/parseargs.sty))
(/usr/local/texlive/2021/texmf-dist/tex/latex/thmtools/thm-kv.sty
(/usr/local/texlive/2021/texmf-dist/tex/generic/kvsetkeys/kvsetkeys.sty))
(/usr/local/texlive/2021/texmf-dist/tex/latex/thmtools/thm-autoref.sty
(/usr/local/texlive/2021/texmf-dist/tex/latex/thmtools/aliasctr.sty))
(/usr/local/texlive/2021/texmf-dist/tex/latex/thmtools/thm-listof.sty)
(/usr/local/texlive/2021/texmf-dist/tex/latex/thmtools/thm-restate.sty)
(/usr/local/texlive/2021/texmf-dist/tex/latex/thmtools/thm-amsthm.sty))
(/usr/local/texlive/2021/texmf-dist/tex/latex/xcolor/xcolor.sty
(/usr/local/texlive/2021/texmf-dist/tex/latex/graphics-cfg/color.cfg)
(/usr/local/texlive/2021/texmf-dist/tex/latex/graphics/dvipsnam.def)))
No file 2308.00695_pdflatex.aux.
-- Lines per column: 32 (exact).
(/usr/local/texlive/2021/texmf-dist/tex/context/base/mkii/supp-pdf.mkii
[Loading MPS to PDF converter (version 2006.09.02).]
) (/usr/local/texlive/2021/texmf-dist/tex/latex/epstopdf-pkg/epstopdf-base.sty
(/usr/local/texlive/2021/texmf-dist/tex/generic/infwarerr/infwarerr.sty)
(/usr/local/texlive/2021/texmf-dist/tex/latex/grfext/grfext.sty
(/usr/local/texlive/2021/texmf-dist/tex/generic/kvdefinekeys/kvdefinekeys.sty))
 (/usr/local/texlive/2021/texmf-dist/tex/latex/kvoptions/kvoptions.sty
(/usr/local/texlive/2021/texmf-dist/tex/generic/ltxcmds/ltxcmds.sty))
(/usr/local/texlive/2021/texmf-dist/tex/generic/pdftexcmds/pdftexcmds.sty)
(/usr/local/texlive/2021/texmf-dist/tex/latex/latexconfig/epstopdf-sys.cfg))
[1{/usr/local/texlive/2021/texmf-var/fonts/map/pdftex/updmap/pdftex.map}]
** ATTENTION: \IEEEPARstart is disabled in draft mode (line 118).
(/usr/local/texlive/2021/texmf-dist/tex/latex/amsfonts/umsa.fd)
(/usr/local/texlive/2021/texmf-dist/tex/latex/amsfonts/umsb.fd)
(/usr/local/texlive/2021/texmf-dist/tex/latex/base/ulasy.fd)
(/usr/local/texlive/2021/texmf-dist/tex/latex/bbold/Ubbold.fd)

LaTeX Warning: Reference `eq:1nnnn' on page 2 undefined on input line 127.


LaTeX Warning: Citation `candes2015phase' on page 2 undefined on input line 130
.


LaTeX Warning: Citation `cai2010singular' on page 2 undefined on input line 130
.


LaTeX Warning: Citation `davenport20141' on page 2 undefined on input line 130.



LaTeX Warning: Citation `davenport2016overview' on page 2 undefined on input li
ne 130.


LaTeX Warning: Citation `candes2011tight' on page 2 undefined on input line 130
.


LaTeX Warning: Citation `chen2013low' on page 2 undefined on input line 130.


LaTeX Warning: Citation `li2019survey' on page 2 undefined on input line 130.


LaTeX Warning: Citation `haeffele2014structured' on page 2 undefined on input l
ine 130.


LaTeX Warning: Citation `nie2012low' on page 2 undefined on input line 130.


LaTeX Warning: Citation `blei2012probabilistic' on page 2 undefined on input li
ne 130.


LaTeX Warning: Citation `obozinski2010joint' on page 2 undefined on input line 
130.


LaTeX Warning: Citation `pontile2007convex' on page 2 undefined on input line 1
30.


LaTeX Warning: Citation `argyriou2006multi' on page 2 undefined on input line 1
30.


LaTeX Warning: Citation `tomasi1992shape' on page 2 undefined on input line 130
.


LaTeX Warning: Reference `eq:1nnnn' on page 2 undefined on input line 130.


LaTeX Warning: Citation `recht2011null' on page 2 undefined on input line 130.


LaTeX Warning: Citation `cai2010singular' on page 2 undefined on input line 130
.


LaTeX Warning: Citation `candes2006robust' on page 2 undefined on input line 13
2.


LaTeX Warning: Citation `candes2006compressive' on page 2 undefined on input li
ne 132.


LaTeX Warning: Citation `candes2008introduction' on page 2 undefined on input l
ine 132.


LaTeX Warning: Citation `boufounos2015quantization' on page 2 undefined on inpu
t line 139.


LaTeX Warning: Citation `eamaz2021modified' on page 2 undefined on input line 1
39.


LaTeX Warning: Reference `eq:1nnnn' on page 2 undefined on input line 139.


LaTeX Warning: Citation `candes2013phaselift' on page 2 undefined on input line
 139.


LaTeX Warning: Citation `candes2015phase' on page 2 undefined on input line 139
.


LaTeX Warning: Citation `eamaz2022phase' on page 2 undefined on input line 139.



LaTeX Warning: Citation `mezghani2018blind' on page 2 undefined on input line 1
39.


LaTeX Warning: Citation `eamaz2021modified' on page 2 undefined on input line 1
39.


LaTeX Warning: Citation `sedighi2020one' on page 2 undefined on input line 139.



LaTeX Warning: Citation `sedighi2021performance' on page 2 undefined on input l
ine 139.


LaTeX Warning: Citation `kong2018multipair' on page 2 undefined on input line 1
39.


LaTeX Warning: Citation `mezghani2018blind' on page 2 undefined on input line 1
39.


LaTeX Warning: Citation `maly2022new' on page 2 undefined on input line 139.


LaTeX Warning: Citation `li2017channel' on page 2 undefined on input line 139.


LaTeX Warning: Citation `choi2016near' on page 2 undefined on input line 139.


LaTeX Warning: Citation `liu2017one' on page 2 undefined on input line 139.


LaTeX Warning: Citation `gunturk2003one' on page 2 undefined on input line 139.



LaTeX Warning: Citation `deift2011optimal' on page 2 undefined on input line 13
9.


LaTeX Warning: Citation `benedetto2006sigma' on page 2 undefined on input line 
139.


LaTeX Warning: Citation `knudson2016one' on page 2 undefined on input line 139.



LaTeX Warning: Citation `boufounos2015quantization' on page 2 undefined on inpu
t line 139.

[2]

LaTeX Warning: Citation `dabeer2006signal' on page 3 undefined on input line 14
1.


LaTeX Warning: Citation `rousseau2003nonlinear' on page 3 undefined on input li
ne 141.


LaTeX Warning: Citation `schuchman1964dither' on page 3 undefined on input line
 142.


LaTeX Warning: Citation `vanderkooy1987dither' on page 3 undefined on input lin
e 142.


LaTeX Warning: Citation `wagdy1989validity' on page 3 undefined on input line 1
42.


LaTeX Warning: Citation `gray1993dithered' on page 3 undefined on input line 14
2.


LaTeX Warning: Citation `carbone1997quantitative' on page 3 undefined on input 
line 142.


LaTeX Warning: Citation `ali202012' on page 3 undefined on input line 142.


LaTeX Warning: Citation `carbone1997quantitative' on page 3 undefined on input 
line 142.

[3]

LaTeX Warning: Citation `carbone1997quantitative' on page 4 undefined on input 
line 144.


LaTeX Warning: Citation `schuchman1964dither' on page 4 undefined on input line
 145.


LaTeX Warning: Citation `carbone1994effect' on page 4 undefined on input line 1
45.


LaTeX Warning: Citation `wagdy1989effect' on page 4 undefined on input line 145
.


LaTeX Warning: Citation `wagdy1989effect' on page 4 undefined on input line 145
.


LaTeX Warning: Citation `xi2020gridless' on page 4 undefined on input line 145.



LaTeX Warning: Citation `carbone1997quantitative' on page 4 undefined on input 
line 145.


LaTeX Warning: Citation `robinson2019analog' on page 4 undefined on input line 
148.


LaTeX Warning: Citation `ali2020background' on page 4 undefined on input line 1
48.


LaTeX Warning: Citation `qian2017admm' on page 4 undefined on input line 150.


LaTeX Warning: Citation `gianelli2016one' on page 4 undefined on input line 150
.


LaTeX Warning: Citation `wang2017angular' on page 4 undefined on input line 150
.


LaTeX Warning: Citation `xi2020gridless' on page 4 undefined on input line 150.



LaTeX Warning: Citation `xu2020quantized' on page 4 undefined on input line 150
.


LaTeX Warning: Citation `eamaz2021modified' on page 4 undefined on input line 1
50.


LaTeX Warning: Citation `eamaz2023covariance' on page 4 undefined on input line
 150.


LaTeX Warning: Citation `eamaz2022covariance' on page 4 undefined on input line
 150.


LaTeX Warning: Citation `dirksen2022covariance' on page 4 undefined on input li
ne 150.


LaTeX Warning: Citation `gianelli2016one' on page 4 undefined on input line 150
.


LaTeX Warning: Citation `dabeer2006signal' on page 4 undefined on input line 15
0.


LaTeX Warning: Citation `thrampoulidis2020generalized' on page 4 undefined on i
nput line 150.


LaTeX Warning: Citation `eamaz2022phase' on page 4 undefined on input line 150.



LaTeX Warning: Citation `eamaz2022uno' on page 4 undefined on input line 150.


LaTeX Warning: Citation `eamaz2022covariance' on page 4 undefined on input line
 150.


LaTeX Warning: Citation `xi2020gridless' on page 4 undefined on input line 151.



LaTeX Warning: Citation `eamaz2023covariance' on page 4 undefined on input line
 151.

[4]

LaTeX Warning: Citation `martinsson2020randomized' on page 5 undefined on input
 line 154.


LaTeX Warning: Citation `strohmer2009randomized' on page 5 undefined on input l
ine 154.


LaTeX Warning: Citation `dai2013randomized' on page 5 undefined on input line 1
54.


LaTeX Warning: Citation `leventhal2010randomized' on page 5 undefined on input 
line 154.


LaTeX Warning: Citation `ma2015convergence' on page 5 undefined on input line 1
54.


LaTeX Warning: Citation `yuan2022sketched' on page 5 undefined on input line 15
4.


LaTeX Warning: Citation `kaczmarz1937angenaherte' on page 5 undefined on input 
line 157.


LaTeX Warning: Citation `feichtinger1995kaczmarz' on page 5 undefined on input 
line 159.


LaTeX Warning: Citation `sezan1987applications' on page 5 undefined on input li
ne 159.


LaTeX Warning: Citation `eamaz2022phase' on page 5 undefined on input line 159.



LaTeX Warning: Citation `strohmer2009randomized' on page 5 undefined on input l
ine 159.


LaTeX Warning: Citation `leventhal2010randomized' on page 5 undefined on input 
line 159.


LaTeX Warning: Citation `needell2014paved' on page 5 undefined on input line 15
9.


LaTeX Warning: Citation `briskman2015block' on page 5 undefined on input line 1
59.


LaTeX Warning: Citation `de2017sampling' on page 5 undefined on input line 159.


[5]

LaTeX Warning: Citation `foucart2019recovering' on page 6 undefined on input li
ne 164.


LaTeX Warning: Citation `foucart2019one' on page 6 undefined on input line 164.



LaTeX Warning: Citation `foucart2019recovering' on page 6 undefined on input li
ne 164.


LaTeX Warning: Citation `foucart2019one' on page 6 undefined on input line 165.



LaTeX Warning: Citation `boufounos20081' on page 6 undefined on input line 167.



LaTeX Warning: Citation `jacques2013robust' on page 6 undefined on input line 1
67.


LaTeX Warning: Citation `boufounos20081' on page 6 undefined on input line 167.



LaTeX Warning: Citation `boufounos2015quantization' on page 6 undefined on inpu
t line 167.


LaTeX Warning: Citation `bahmani2013robust' on page 6 undefined on input line 1
67.


LaTeX Warning: Citation `plan2013one' on page 6 undefined on input line 167.


LaTeX Warning: Citation `jacques2013quantized' on page 6 undefined on input lin
e 167.


LaTeX Warning: Citation `jacques2013robust' on page 6 undefined on input line 1
67.


LaTeX Warning: Citation `friedlander2021nbiht' on page 6 undefined on input lin
e 167.


LaTeX Warning: Citation `matsumoto2022binary' on page 6 undefined on input line
 167.


LaTeX Warning: Citation `haupt2011robust' on page 6 undefined on input line 168
.


LaTeX Warning: Citation `acharya2017improved' on page 6 undefined on input line
 168.


LaTeX Warning: Citation `flodin2019superset' on page 6 undefined on input line 
168.


LaTeX Warning: Citation `jacques2013robust' on page 6 undefined on input line 1
69.


LaTeX Warning: Citation `ai2014one' on page 6 undefined on input line 169.


LaTeX Warning: Citation `shi2016methods' on page 6 undefined on input line 169.



LaTeX Warning: Citation `friedlander2021nbiht' on page 6 undefined on input lin
e 169.


LaTeX Warning: Citation `liu2019one' on page 6 undefined on input line 169.


LaTeX Warning: Citation `jacques2013robust' on page 6 undefined on input line 1
70.


LaTeX Warning: Citation `knudson2016one' on page 6 undefined on input line 172.



LaTeX Warning: Citation `baraniuk2017exponential' on page 6 undefined on input 
line 172.


LaTeX Warning: Citation `dirksen2021non' on page 6 undefined on input line 172.



LaTeX Warning: Citation `xu2020quantized' on page 6 undefined on input line 172
.


LaTeX Warning: Citation `knudson2016one' on page 6 undefined on input line 174.



LaTeX Warning: Citation `baraniuk2017exponential' on page 6 undefined on input 
line 189.


LaTeX Warning: Citation `dirksen2020one' on page 6 undefined on input line 191.



LaTeX Warning: Citation `dirksen2021non' on page 6 undefined on input line 194.



LaTeX Warning: Citation `thrampoulidis2020generalized' on page 6 undefined on i
nput line 194.


LaTeX Warning: Citation `chen2023high' on page 6 undefined on input line 195.


LaTeX Warning: Citation `thrampoulidis2020generalized' on page 6 undefined on i
nput line 195.


LaTeX Warning: Citation `dirksen2018robust' on page 6 undefined on input line 1
97.


LaTeX Warning: Citation `xu2020quantized' on page 6 undefined on input line 199
.

[6] [7]

LaTeX Warning: Citation `xu2020quantized' on page 8 undefined on input line 203
.


LaTeX Warning: Citation `dirksen2021non' on page 8 undefined on input line 203.



LaTeX Warning: Reference `eq:1nnnn' on page 8 undefined on input line 204.


LaTeX Warning: Reference `eq:1nnnn' on page 8 undefined on input line 204.


LaTeX Warning: Reference `eq:1nnnn' on page 8 undefined on input line 212.


LaTeX Warning: Reference `eq:1nnnn' on page 8 undefined on input line 212.


LaTeX Warning: Citation `eamaz2022phase' on page 8 undefined on input line 213.



LaTeX Warning: Reference `eq:1nnnn' on page 8 undefined on input line 213.


LaTeX Warning: Reference `eq:1nnnn' on page 8 undefined on input line 213.


LaTeX Warning: Citation `candes2015phase' on page 8 undefined on input line 221
.


LaTeX Warning: Citation `jacques2013robust' on page 8 undefined on input line 2
31.


LaTeX Warning: Citation `baraniuk2017exponential' on page 8 undefined on input 
line 231.

[8] [9] [10]

LaTeX Warning: Reference `eq:1nnnn' on page 11 undefined on input line 236.


LaTeX Warning: Reference `eq:1nnnn' on page 11 undefined on input line 236.

[11]

LaTeX Warning: Reference `eq:1nnnn' on page 12 undefined on input line 250.


LaTeX Warning: Citation `daubechies2004iterative' on page 12 undefined on input
 line 250.


LaTeX Warning: Citation `combettes2005signal' on page 12 undefined on input lin
e 250.


LaTeX Warning: Citation `cai2010singular' on page 12 undefined on input line 25
0.


LaTeX Warning: Reference `eq:1nnnn' on page 12 undefined on input line 251.


LaTeX Warning: Citation `cai2010singular' on page 12 undefined on input line 25
3.


LaTeX Warning: Citation `recht2011null' on page 12 undefined on input line 261.



LaTeX Warning: Reference `eq:1nnnn' on page 12 undefined on input line 262.


LaTeX Warning: Citation `cai2010singular' on page 12 undefined on input line 26
2.


LaTeX Warning: Citation `yin2008bregman' on page 12 undefined on input line 262
.

[12]

LaTeX Warning: Citation `cai2010singular' on page 13 undefined on input line 27
3.


LaTeX Warning: Citation `candes2015phase' on page 13 undefined on input line 27
7.


LaTeX Warning: Reference `eq:1nnnn' on page 13 undefined on input line 279.


LaTeX Warning: Citation `eamaz2022phase' on page 13 undefined on input line 279
.


LaTeX Warning: Citation `candes2013phaselift' on page 13 undefined on input lin
e 279.


LaTeX Warning: Citation `eamaz2022phase' on page 13 undefined on input line 281
.


LaTeX Warning: Reference `eq:1nnnn' on page 13 undefined on input line 281.

[13]

LaTeX Warning: Reference `sec_RKA' on page 14 undefined on input line 285.


LaTeX Warning: Reference `sec_SKM' on page 14 undefined on input line 285.


LaTeX Warning: Reference `sec_preSKM' on page 14 undefined on input line 289.


LaTeX Warning: Reference `eq:1nnnn' on page 14 undefined on input line 292.


LaTeX Warning: Reference `ORKA' on page 14 undefined on input line 294.

Excluding 'comment' comment.

LaTeX Warning: Citation `ameri2018one' on page 14 undefined on input line 313.


LaTeX Warning: Citation `eamaz2023covariance' on page 14 undefined on input lin
e 313.

Excluding 'comment' comment. Excluding 'comment' comment.
Excluding 'comment' comment. Excluding 'comment' comment.

LaTeX Warning: Reference `eq:6' on page 14 undefined on input line 379.

Excluding 'comment' comment. [14]

LaTeX Warning: Reference `eq:7' on page 15 undefined on input line 409.


LaTeX Warning: Reference `eq:8' on page 15 undefined on input line 417.


LaTeX Warning: Reference `eq:8' on page 15 undefined on input line 418.


LaTeX Warning: Reference `eq:8' on page 15 undefined on input line 425.


LaTeX Warning: Citation `leventhal2010randomized' on page 15 undefined on input
 line 443.


LaTeX Warning: Citation `strohmer2009randomized' on page 15 undefined on input 
line 443.


LaTeX Warning: Citation `leventhal2010randomized' on page 15 undefined on input
 line 454.


LaTeX Warning: Citation `briskman2015block' on page 15 undefined on input line 
454.

[15]

LaTeX Warning: Citation `strohmer2009randomized' on page 16 undefined on input 
line 471.


LaTeX Warning: Citation `leventhal2010randomized' on page 16 undefined on input
 line 471.

Excluding 'comment' comment.

LaTeX Warning: Citation `de2017sampling' on page 16 undefined on input line 488
.


LaTeX Warning: Citation `de2017sampling' on page 16 undefined on input line 493
.


LaTeX Warning: Citation `sarowar2020sampling' on page 16 undefined on input lin
e 493.

Excluding 'comment' comment.

LaTeX Warning: Citation `strohmer2009randomized' on page 16 undefined on input 
line 500.

Excluding 'comment' comment. Excluding 'comment' comment.

LaTeX Warning: Reference `eq:15' on page 16 undefined on input line 525.

[16]

LaTeX Warning: Citation `van1996matrix' on page 17 undefined on input line 540.



LaTeX Warning: Citation `van1996matrix' on page 17 undefined on input line 545.


Excluding 'comment' comment.

LaTeX Warning: Reference `gorang' on page 17 undefined on input line 560.


LaTeX Warning: Reference `scaled_number' on page 17 undefined on input line 563
.

Excluding 'comment' comment.

LaTeX Warning: Reference `scaled_number' on page 17 undefined on input line 571
.


LaTeX Warning: Reference `sec_SKM' on page 17 undefined on input line 576.


LaTeX Warning: Reference `algorithm_1' on page 17 undefined on input line 580.

Excluding 'comment' comment.

LaTeX Warning: Reference `scaled_number' on page 17 undefined on input line 611
.


LaTeX Warning: Reference `algorithm_1' on page 17 undefined on input line 611.

[17]

LaTeX Warning: Reference `algorithm_1' on page 18 undefined on input line 616.


LaTeX Warning: Reference `eq:80n' on page 18 undefined on input line 616.


LaTeX Warning: Reference `theorem_2' on page 18 undefined on input line 616.


LaTeX Warning: Reference `algorithm_1' on page 18 undefined on input line 616.

[18]

LaTeX Warning: Citation `rokhlin2008fast' on page 19 undefined on input line 62
0.


LaTeX Warning: Citation `martinsson2020randomized' on page 19 undefined on inpu
t line 626.


LaTeX Warning: Citation `woodruff2014sketching' on page 19 undefined on input l
ine 626.


LaTeX Warning: Reference `algorithm_1' on page 19 undefined on input line 628.

[19]

LaTeX Warning: Reference `stprskm' on page 20 undefined on input line 646.


LaTeX Warning: Reference `ak' on page 20 undefined on input line 646.

Excluding 'comment' comment.

LaTeX Warning: Reference `eq:80n' on page 20 undefined on input line 669.


LaTeX Warning: Reference `eq:80n' on page 20 undefined on input line 673.


LaTeX Warning: Reference `eq:90' on page 20 undefined on input line 673.

Excluding 'comment' comment.

LaTeX Warning: Citation `elfving1980block' on page 20 undefined on input line 6
86.


LaTeX Warning: Citation `needell2014paved' on page 20 undefined on input line 6
86.


LaTeX Warning: Citation `briskman2015block' on page 20 undefined on input line 
686.


LaTeX Warning: Reference `algorithm_2' on page 20 undefined on input line 686.


LaTeX Warning: Reference `algorithm_2' on page 20 undefined on input line 686.


LaTeX Warning: Citation `derezinski2022sharp' on page 20 undefined on input lin
e 686.

Excluding 'comment' comment.

LaTeX Warning: Reference `sec_SKM' on page 20 undefined on input line 727.

Excluding 'comment' comment. Excluding 'comment' comment. [20]

LaTeX Warning: Reference `algorithm_2' on page 21 undefined on input line 767.


LaTeX Warning: Reference `kvm' on page 21 undefined on input line 769.


LaTeX Warning: Reference `A' on page 21 undefined on input line 769.

Excluding 'comment' comment.

LaTeX Warning: Reference `figure_1' on page 21 undefined on input line 796.


LaTeX Warning: Reference `eq:80n' on page 21 undefined on input line 796.


LaTeX Warning: Reference `figure_1' on page 21 undefined on input line 796.

[21]

LaTeX Warning: Reference `penalt' on page 22 undefined on input line 815.


LaTeX Warning: Reference `error' on page 22 undefined on input line 815.


LaTeX Warning: Reference `penalt' on page 22 undefined on input line 815.

Excluding 'comment' comment.

LaTeX Warning: Reference `eq:80n' on page 22 undefined on input line 849.


LaTeX Warning: Reference `eq:80n' on page 22 undefined on input line 854.

[22 <./nmse_inequality-eps-converted-to.pdf>]

LaTeX Warning: Citation `eamaz2022phase' on page 23 undefined on input line 864
.


LaTeX Warning: Citation `vershynin2018high' on page 23 undefined on input line 
864.


LaTeX Warning: Reference `theorem_0' on page 23 undefined on input line 864.


LaTeX Warning: Reference `eq:80n' on page 23 undefined on input line 864.


LaTeX Warning: Reference `distance' on page 23 undefined on input line 864.


LaTeX Warning: Reference `distance' on page 23 undefined on input line 869.


LaTeX Warning: Reference `eq:80n' on page 23 undefined on input line 869.


LaTeX Warning: Reference `theorem_0' on page 23 undefined on input line 882.


LaTeX Warning: Reference `eq:theorem_cher' on page 23 undefined on input line 8
87.

[23] Excluding 'comment' comment. Excluding 'comment' comment.
Excluding 'comment' comment.

LaTeX Warning: Reference `distance' on page 24 undefined on input line 951.

Excluding 'comment' comment.

LaTeX Warning: Reference `TH10-ST' on page 24 undefined on input line 980.


LaTeX Warning: Reference `ealmaz' on page 24 undefined on input line 980.


LaTeX Warning: Citation `xu2020quantized' on page 24 undefined on input line 98
6.


LaTeX Warning: Reference `uniform_dither' on page 24 undefined on input line 98
6.


LaTeX Warning: Reference `TH10-ST' on page 24 undefined on input line 986.

[24]

LaTeX Warning: Reference `uniform_dither' on page 25 undefined on input line 10
16.


LaTeX Warning: Reference `kvm_5' on page 25 undefined on input line 1016.


LaTeX Warning: Reference `TH10-ST' on page 25 undefined on input line 1016.


LaTeX Warning: Reference `jennifer' on page 25 undefined on input line 1040.


LaTeX Warning: Reference `A6' on page 25 undefined on input line 1040.

Excluding 'comment' comment.

LaTeX Warning: Citation `jacques2013robust' on page 25 undefined on input line 
1087.


LaTeX Warning: Citation `jacques2013robust' on page 25 undefined on input line 
1089.

[25]

LaTeX Warning: Reference `distance_st' on page 26 undefined on input line 1102.



LaTeX Warning: Reference `TH10-Stephania' on page 26 undefined on input line 11
15.


LaTeX Warning: Reference `arian' on page 26 undefined on input line 1115.


LaTeX Warning: Reference `TH10-Stephania' on page 26 undefined on input line 11
16.

Excluding 'comment' comment.

LaTeX Warning: Reference `kvm_35' on page 26 undefined on input line 1135.


LaTeX Warning: Reference `TH10-Stephania' on page 26 undefined on input line 11
35.


LaTeX Warning: Reference `jennifer' on page 26 undefined on input line 1135.


LaTeX Warning: Citation `candes2011tight' on page 26 undefined on input line 11
35.

[26]

LaTeX Warning: Reference `distance' on page 27 undefined on input line 1138.


LaTeX Warning: Reference `TH10-Stephania❤️' on page 27 undefined on input l
ine 1151.


LaTeX Warning: Reference `soli' on page 27 undefined on input line 1151.


LaTeX Warning: Reference `TH10-Stephania❤️' on page 27 undefined on input l
ine 1151.

Excluding 'comment' comment.

LaTeX Warning: Reference `kvm_53' on page 27 undefined on input line 1172.


LaTeX Warning: Reference `TH10-Stephania❤️' on page 27 undefined on input l
ine 1172.


LaTeX Warning: Reference `jennifer' on page 27 undefined on input line 1172.


LaTeX Warning: Reference `TH10-ST' on page 27 undefined on input line 1172.


LaTeX Warning: Reference `TH10-Stephania' on page 27 undefined on input line 11
72.


LaTeX Warning: Reference `TH10-Stephania❤️' on page 27 undefined on input l
ine 1172.

[27]
Overfull \hbox (22.61568pt too wide) in paragraph at lines 1184--1188
\OT1/ptm/m/it/12 varying thresh-olds which are gen-er-ated ac-cord-ing to $[][]
$ and $[][]$.

LaTeX Warning: Reference `kvm_57' on page 28 undefined on input line 1189.


LaTeX Warning: Reference `fy' on page 28 undefined on input line 1189.


LaTeX Warning: Reference `kvm_57' on page 28 undefined on input line 1189.


LaTeX Warning: Reference `uniform_dither' on page 28 undefined on input line 11
91.


LaTeX Warning: Reference `uniform_dither' on page 28 undefined on input line 11
91.


LaTeX Warning: Reference `eq:90' on page 28 undefined on input line 1195.


LaTeX Warning: Reference `eq:80n' on page 28 undefined on input line 1199.

Excluding 'comment' comment.

LaTeX Warning: Reference `theorem_2' on page 28 undefined on input line 1213.


LaTeX Warning: Reference `akk' on page 28 undefined on input line 1213.


LaTeX Warning: Reference `eq:8n' on page 28 undefined on input line 1215.


LaTeX Warning: Reference `theorem_2' on page 28 undefined on input line 1215.


LaTeX Warning: Reference `eq:8n' on page 28 undefined on input line 1218.


LaTeX Warning: Reference `scaled_number' on page 28 undefined on input line 122
0.

[28]

LaTeX Warning: Reference `theorem_2' on page 29 undefined on input line 1222.


LaTeX Warning: Reference `eq:80n' on page 29 undefined on input line 1229.


LaTeX Warning: Reference `eq:80n' on page 29 undefined on input line 1232.


LaTeX Warning: Reference `eq:80n' on page 29 undefined on input line 1233.

Excluding 'comment' comment.

LaTeX Warning: Reference `eq:80n' on page 29 undefined on input line 1243.


LaTeX Warning: Citation `leventhal2010randomized' on page 29 undefined on input
 line 1261.


LaTeX Warning: Reference `bound200' on page 29 undefined on input line 1268.

[29]

LaTeX Warning: Reference `bound200' on page 30 undefined on input line 1274.


LaTeX Warning: Reference `theorem_0' on page 30 undefined on input line 1280.


LaTeX Warning: Reference `penaltyyy' on page 30 undefined on input line 1290.

Excluding 'comment' comment.

LaTeX Warning: Reference `:-)' on page 30 undefined on input line 1313.


LaTeX Warning: Reference `A4' on page 30 undefined on input line 1313.


LaTeX Warning: Reference `goodarz_1' on page 30 undefined on input line 1315.


LaTeX Warning: Reference `goodarz_2' on page 30 undefined on input line 1316.

[30]

LaTeX Warning: Reference `penaltyyy' on page 31 undefined on input line 1318.

Excluding 'comment' comment.

LaTeX Warning: Citation `zymnis2009compressed' on page 31 undefined on input li
ne 1337.


LaTeX Warning: Citation `eamaz2022phase' on page 31 undefined on input line 133
7.


LaTeX Warning: Reference `St_8' on page 31 undefined on input line 1348.

Excluding 'comment' comment.

LaTeX Warning: Reference `eq:90' on page 31 undefined on input line 1361.


LaTeX Warning: Reference `eq:9' on page 31 undefined on input line 1361.


LaTeX Warning: Citation `needell2010randomized' on page 31 undefined on input l
ine 1369.


LaTeX Warning: Citation `romer2021randomized' on page 31 undefined on input lin
e 1369.


LaTeX Warning: Citation `huang2022linear' on page 31 undefined on input line 13
69.


LaTeX Warning: Reference `sec_noisy_a' on page 31 undefined on input line 1370.



LaTeX Warning: Reference `QRKA' on page 31 undefined on input line 1370.

[31]

LaTeX Warning: Citation `needell2010randomized' on page 32 undefined on input l
ine 1378.


LaTeX Warning: Citation `needell2010randomized' on page 32 undefined on input l
ine 1390.


LaTeX Warning: Reference `prop_noisyRKA' on page 32 undefined on input line 141
1.


LaTeX Warning: Reference `A5' on page 32 undefined on input line 1411.


LaTeX Warning: Reference `St_10' on page 32 undefined on input line 1413.


LaTeX Warning: Reference `St_15000' on page 32 undefined on input line 1413.


LaTeX Warning: Reference `St_15000' on page 32 undefined on input line 1413.

Excluding 'comment' comment. Excluding 'comment' comment.

LaTeX Warning: Reference `sec_noisy_a' on page 32 undefined on input line 1480.



LaTeX Warning: Reference `St_15000' on page 32 undefined on input line 1480.


LaTeX Warning: Citation `oudre2015automatic' on page 32 undefined on input line
 1480.


LaTeX Warning: Citation `nongpiur2008impulse' on page 32 undefined on input lin
e 1480.


LaTeX Warning: Citation `pham2011improved' on page 32 undefined on input line 1
480.

[32]

LaTeX Warning: Reference `St_10' on page 33 undefined on input line 1508.

Excluding 'comment' comment. Excluding 'comment' comment. [33]

LaTeX Warning: Reference `eq:80n' on page 34 undefined on input line 1579.


LaTeX Warning: Reference `eq:80n' on page 34 undefined on input line 1581.


LaTeX Warning: Reference `algorithm_20' on page 34 undefined on input line 1600
.


LaTeX Warning: Reference `distance' on page 34 undefined on input line 1600.


LaTeX Warning: Reference `eq:80n' on page 34 undefined on input line 1623.


LaTeX Warning: Reference `eq:1nnnn' on page 34 undefined on input line 1648.


LaTeX Warning: Reference `pr' on page 34 undefined on input line 1648.


LaTeX Warning: Reference `SVP' on page 34 undefined on input line 1652.


LaTeX Warning: Reference `ada_thresh_prob' on page 34 undefined on input line 1
652.

[34]

LaTeX Warning: Citation `davenport2016overview' on page 35 undefined on input l
ine 1669.


LaTeX Warning: Citation `candes2015phase' on page 35 undefined on input line 16
69.


LaTeX Warning: Citation `van1996matrix' on page 35 undefined on input line 1669
.


LaTeX Warning: Reference `eq:1nnnnn' on page 35 undefined on input line 1669.


LaTeX Warning: Citation `meka2008rank' on page 35 undefined on input line 1677.



LaTeX Warning: Citation `recht2011null' on page 35 undefined on input line 1677
.


LaTeX Warning: Citation `cai2010singular' on page 35 undefined on input line 16
79.


LaTeX Warning: Citation `recht2010guaranteed' on page 35 undefined on input lin
e 1679.


LaTeX Warning: Citation `recht2011null' on page 35 undefined on input line 1679
.

[35]

LaTeX Warning: Reference `eq:1nnnnnnn' on page 36 undefined on input line 1696.



LaTeX Warning: Citation `chi2019nonconvex' on page 36 undefined on input line 1
699.


LaTeX Warning: Reference `Stefanie_1' on page 36 undefined on input line 1714.


LaTeX Warning: Reference `Stefanie_1' on page 36 undefined on input line 1714.


LaTeX Warning: Reference `Stefanie_1' on page 36 undefined on input line 1715.


LaTeX Warning: Reference `kumar' on page 36 undefined on input line 1717.


LaTeX Warning: Reference `stephanie' on page 36 undefined on input line 1719.


LaTeX Warning: Citation `recht2011null' on page 36 undefined on input line 1719
.


LaTeX Warning: Reference `figure_1n' on page 36 undefined on input line 1719.


LaTeX Warning: Reference `kumar' on page 36 undefined on input line 1719.


LaTeX Warning: Reference `penalt' on page 36 undefined on input line 1719.

Excluding 'comment' comment.

LaTeX Warning: Reference `eq:80n' on page 36 undefined on input line 1771.


LaTeX Warning: Reference `eq:80n' on page 36 undefined on input line 1771.

[36]

LaTeX Warning: Citation `chi2019nonconvex' on page 37 undefined on input line 1
778.


LaTeX Warning: Citation `jain2010guaranteed' on page 37 undefined on input line
 1778.

[37 <./2hyper-eps-converted-to.pdf> <./6hyper-eps-converted-to.pdf> <./60hyper-
eps-converted-to.pdf> <./2D_2-eps-converted-to.pdf> <./2D_6-eps-converted-to.pd
f> <./2D_60-eps-converted-to.pdf>]

LaTeX Warning: Reference `algorithm_200' on page 38 undefined on input line 179
7.


LaTeX Warning: Reference `kvm_15' on page 38 undefined on input line 1814.


LaTeX Warning: Reference `kvm_15' on page 38 undefined on input line 1817.


LaTeX Warning: Reference `kvm_17' on page 38 undefined on input line 1822.


LaTeX Warning: Reference `kvm_16' on page 38 undefined on input line 1824.


LaTeX Warning: Reference `kumar' on page 38 undefined on input line 1843.

[38]

LaTeX Warning: Citation `jain2010guaranteed' on page 39 undefined on input line
 1853.


LaTeX Warning: Reference `pr' on page 39 undefined on input line 1857.


LaTeX Warning: Reference `Stefanie_1' on page 39 undefined on input line 1857.


LaTeX Warning: Reference `St_20' on page 39 undefined on input line 1866.

[39]

LaTeX Warning: Reference `St_20' on page 40 undefined on input line 1869.


LaTeX Warning: Reference `TH10-Stephania❤️' on page 40 undefined on input l
ine 1872.


LaTeX Warning: Reference `Ea' on page 40 undefined on input line 1884.


LaTeX Warning: Reference `svp_proof' on page 40 undefined on input line 1884.

Excluding 'comment' comment.

LaTeX Warning: Citation `eldar2012compressed' on page 40 undefined on input lin
e 1908.


LaTeX Warning: Citation `davenport2016overview' on page 40 undefined on input l
ine 1908.


LaTeX Warning: Citation `eldar2012compressed' on page 40 undefined on input lin
e 1910.


LaTeX Warning: Reference `ocs_abundance' on page 40 undefined on input line 193
4.


LaTeX Warning: Reference `ocs_constrained' on page 40 undefined on input line 1
936.

[40] Excluding 'comment' comment.

LaTeX Warning: Reference `eq:1nnnnnnnm' on page 41 undefined on input line 1975
.


LaTeX Warning: Reference `kvm_23' on page 41 undefined on input line 1988.


LaTeX Warning: Reference `Stefanie_500' on page 41 undefined on input line 1988
.


LaTeX Warning: Reference `penalt' on page 41 undefined on input line 1988.

Excluding 'comment' comment.
Overfull \hbox (12.93723pt too wide) in paragraph at lines 2014--2025
\OT1/ptm/m/n/12 where $\OML/cmm/m/it/12 j \OMS/cmsy/m/n/12 2 \OT1/cmr/m/n/12 [\
OML/cmm/m/it/12 n\OT1/cmr/m/n/12 ]$ \OT1/ptm/m/n/12 and $\OML/cmm/m/it/12 ` \OM
S/cmsy/m/n/12 2 \OT1/cmr/m/n/12 [\OML/cmm/m/it/12 m\OT1/cmr/m/n/12 ]$\OT1/ptm/m
/n/12 . De-fine the soft thresh-old-ing (ST) op-er-a-tor as $\OML/cmm/m/it/12 S
[] [] \OT1/cmr/m/n/12 = [] [] [][]$\OT1/ptm/m/n/12 ,

LaTeX Warning: Reference `St_21' on page 41 undefined on input line 2033.

[41]

LaTeX Warning: Reference `St_21' on page 42 undefined on input line 2036.


LaTeX Warning: Reference `TH10-Stephania' on page 42 undefined on input line 20
44.


LaTeX Warning: Reference `kvm_24' on page 42 undefined on input line 2046.


LaTeX Warning: Reference `sta' on page 42 undefined on input line 2046.


Overfull \hbox (4.6009pt too wide) in paragraph at lines 2053--2056
[]\OT1/ptm/b/n/12 Lemma 5. []\OT1/ptm/m/it/12 As-sume $\OML/cmm/m/it/12 f\OT1/c
mr/m/n/12 (\OMS/cmsy/m/n/12 ^^A\OT1/cmr/m/n/12 )$ \OT1/ptm/m/it/12 is an op-er-
a-tor such that for any $\OT1/cmr/bx/n/12 x[]\OML/cmm/m/it/12 ; \OT1/cmr/bx/n/1
2 x[] \OMS/cmsy/m/n/12 2 \U/bbold/m/n/12 R[]$ \OT1/ptm/m/it/12 we have $[][] \O
MS/cmsy/m/n/12 ^^T
Excluding 'comment' comment.

LaTeX Warning: Reference `Ea1' on page 42 undefined on input line 2073.


LaTeX Warning: Reference `kvm_30' on page 42 undefined on input line 2087.


LaTeX Warning: Reference `TH10-Stephania' on page 42 undefined on input line 20
95.


LaTeX Warning: Reference `ht_orka' on page 42 undefined on input line 2097.


LaTeX Warning: Reference `htt_orka' on page 42 undefined on input line 2097.


LaTeX Warning: Citation `plan2014dimension' on page 42 undefined on input line 
2099.


LaTeX Warning: Citation `baraniuk2017exponential' on page 42 undefined on input
 line 2099.


LaTeX Warning: Citation `baraniuk2017exponential' on page 42 undefined on input
 line 2102.


LaTeX Warning: Citation `foucart2019recovering' on page 42 undefined on input l
ine 2102.


LaTeX Warning: Citation `dirksen2022sharp' on page 42 undefined on input line 2
105.


LaTeX Warning: Citation `dirksen2021non' on page 42 undefined on input line 210
5.

[42]

LaTeX Warning: Citation `eamaz2022phase' on page 43 undefined on input line 211
4.


LaTeX Warning: Reference `figure_2' on page 43 undefined on input line 2119.


LaTeX Warning: Reference `figure_2' on page 43 undefined on input line 2122.

[43]

LaTeX Warning: Reference `figure_3' on page 44 undefined on input line 2141.


LaTeX Warning: Citation `foucart2019recovering' on page 44 undefined on input l
ine 2141.


LaTeX Warning: Reference `algorithm_200' on page 44 undefined on input line 214
1.


LaTeX Warning: Reference `figure_3' on page 44 undefined on input line 2141.


LaTeX Warning: Reference `algorithm_200' on page 44 undefined on input line 214
1.


LaTeX Warning: Reference `algorithm_200' on page 44 undefined on input line 215
1.


LaTeX Warning: Reference `algorithm_200' on page 44 undefined on input line 215
1.


LaTeX Warning: Reference `figure_4' on page 44 undefined on input line 2169.


LaTeX Warning: Citation `baraniuk2017exponential' on page 44 undefined on input
 line 2169.


LaTeX Warning: Reference `figure_4' on page 44 undefined on input line 2169.


LaTeX Warning: Citation `friedlander2021nbiht' on page 44 undefined on input li
ne 2169.

[44 <./matrix-sensing-abundance-eps-converted-to.pdf> <./cs-abundance-eps-conve
rted-to.pdf>] [45] Excluding 'comment' comment.

LaTeX Warning: Reference `distance' on page 46 undefined on input line 2210.

[46 <./matrix-sensing-constraint-eps-converted-to.pdf> <./factorization-eps-con
verted-to.pdf> <./cs-constraint-threshold-eps-converted-to.pdf> <./cs-constrain
t-zero-eps-converted-to.pdf>]

LaTeX Warning: Citation `baraniuk2017exponential' on page 47 undefined on input
 line 2216.


LaTeX Warning: Citation `foucart2019recovering' on page 47 undefined on input l
ine 2216.

[47]

LaTeX Warning: Citation `chi2019nonconvex' on page 48 undefined on input line 2
219.


LaTeX Warning: Reference `stprskm' on page 48 undefined on input line 2229.


LaTeX Warning: Citation `martinsson2020randomized' on page 48 undefined on inpu
t line 2231.


LaTeX Warning: Citation `martinsson2020randomized' on page 48 undefined on inpu
t line 2236.


LaTeX Warning: Reference `stprskm2' on page 48 undefined on input line 2236.


LaTeX Warning: Reference `stprskm3' on page 48 undefined on input line 2241.


LaTeX Warning: Reference `gorang' on page 48 undefined on input line 2246.


LaTeX Warning: Reference `eq:15' on page 48 undefined on input line 2246.


LaTeX Warning: Reference `stprskm1' on page 48 undefined on input line 2248.


LaTeX Warning: Reference `St_3' on page 48 undefined on input line 2250.


LaTeX Warning: Citation `derezinski2022sharp' on page 48 undefined on input lin
e 2252.

[48]

LaTeX Warning: Reference `algorithm_2' on page 49 undefined on input line 2257.



LaTeX Warning: Reference `algorithm_2' on page 49 undefined on input line 2260.



LaTeX Warning: Citation `rebrova2021block' on page 49 undefined on input line 2
271.

Excluding 'comment' comment.

LaTeX Warning: Reference `St_3' on page 49 undefined on input line 2314.

[49]

LaTeX Warning: Reference `St_200' on page 50 undefined on input line 2325.


LaTeX Warning: Reference `obi_one' on page 50 undefined on input line 2333.

Excluding 'comment' comment.

LaTeX Warning: Reference `St_3' on page 50 undefined on input line 2361.

[50]

LaTeX Warning: Reference `St_120' on page 51 undefined on input line 2369.


LaTeX Warning: Reference `algorithm_2' on page 51 undefined on input line 2376.



LaTeX Warning: Reference `St_110' on page 51 undefined on input line 2376.

Excluding 'comment' comment.

LaTeX Warning: Citation `vershynin2018high' on page 51 undefined on input line 
2400.


LaTeX Warning: Reference `ghoorak' on page 51 undefined on input line 2409.


LaTeX Warning: Reference `St_1400' on page 51 undefined on input line 2421.


LaTeX Warning: Reference `St_110' on page 51 undefined on input line 2421.


LaTeX Warning: Citation `leventhal2010randomized' on page 51 undefined on input
 line 2421.

Excluding 'comment' comment. [51] Excluding 'comment' comment.
Excluding 'comment' comment.

LaTeX Warning: Reference `TH10-ST' on page 52 undefined on input line 2523.


LaTeX Warning: Reference `TH10-ST' on page 52 undefined on input line 2525.


LaTeX Warning: Citation `vershynin2018high' on page 52 undefined on input line 
2543.

[52]

LaTeX Warning: Reference `gol' on page 53 undefined on input line 2557.


LaTeX Warning: Citation `vershynin2018high' on page 53 undefined on input line 
2562.


LaTeX Warning: Reference `ave' on page 53 undefined on input line 2570.


LaTeX Warning: Reference `e2' on page 53 undefined on input line 2585.

[53]

LaTeX Warning: Reference `e4' on page 54 undefined on input line 2599.


LaTeX Warning: Reference `e3' on page 54 undefined on input line 2604.


LaTeX Warning: Reference `bound' on page 54 undefined on input line 2606.


LaTeX Warning: Citation `vershynin2007math' on page 54 undefined on input line 
2614.


LaTeX Warning: Reference `sol_1' on page 54 undefined on input line 2616.


LaTeX Warning: Reference `e6' on page 54 undefined on input line 2624.


LaTeX Warning: Reference `sol_2' on page 54 undefined on input line 2626.

[54]

LaTeX Warning: Reference `TH10-ST' on page 55 undefined on input line 2631.


LaTeX Warning: Reference `uniform_dither' on page 55 undefined on input line 26
33.


LaTeX Warning: Reference `uniform_dither' on page 55 undefined on input line 26
36.


LaTeX Warning: Reference `distance' on page 55 undefined on input line 2636.


LaTeX Warning: Reference `kvm_6' on page 55 undefined on input line 2641.


LaTeX Warning: Reference `distance' on page 55 undefined on input line 2641.


LaTeX Warning: Reference `distance' on page 55 undefined on input line 2654.


LaTeX Warning: Citation `hoeffding1994probability' on page 55 undefined on inpu
t line 2654.


LaTeX Warning: Reference `uniform_dither' on page 55 undefined on input line 26
56.


LaTeX Warning: Reference `kvm_9' on page 55 undefined on input line 2661.


LaTeX Warning: Reference `kvm_9' on page 55 undefined on input line 2672.

[55]

LaTeX Warning: Reference `kvm_11' on page 56 undefined on input line 2680.


LaTeX Warning: Reference `kvm_12' on page 56 undefined on input line 2698.


LaTeX Warning: Reference `kvm_13' on page 56 undefined on input line 2698.


LaTeX Warning: Reference `kvm_14' on page 56 undefined on input line 2698.


LaTeX Warning: Reference `kvm_11' on page 56 undefined on input line 2698.


LaTeX Warning: Reference `kvm_4' on page 56 undefined on input line 2698.


LaTeX Warning: Reference `jennifer' on page 56 undefined on input line 2700.


LaTeX Warning: Reference `jennifer' on page 56 undefined on input line 2702.


LaTeX Warning: Reference `kvm_6' on page 56 undefined on input line 2704.


LaTeX Warning: Reference `jennifer' on page 56 undefined on input line 2704.


LaTeX Warning: Reference `TH10-ST' on page 56 undefined on input line 2704.


LaTeX Warning: Reference `kvm_6' on page 56 undefined on input line 2704.


LaTeX Warning: Reference `kvm_6' on page 56 undefined on input line 2705.

[56]

LaTeX Warning: Citation `vershynin2018high' on page 57 undefined on input line 
2724.


LaTeX Warning: Reference `A6_4' on page 57 undefined on input line 2724.


LaTeX Warning: Reference `kum_2' on page 57 undefined on input line 2734.


LaTeX Warning: Reference `A6_4' on page 57 undefined on input line 2744.


LaTeX Warning: Reference `sol_3' on page 57 undefined on input line 2747.

Excluding 'comment' comment. Excluding 'comment' comment.
Excluding 'comment' comment.

LaTeX Warning: Reference `TH10-Stephania' on page 57 undefined on input line 27
78.

Excluding 'comment' comment.

LaTeX Warning: Reference `gol' on page 57 undefined on input line 2812.

Excluding 'comment' comment. Excluding 'comment' comment.
Excluding 'comment' comment.

LaTeX Warning: Citation `vershynin2018high' on page 57 undefined on input line 
2841.

[57]

LaTeX Warning: Reference `bound' on page 58 undefined on input line 2847.


LaTeX Warning: Reference `kvm_26' on page 58 undefined on input line 2853.

[58]

LaTeX Warning: Reference `kvm_100' on page 59 undefined on input line 2860.


LaTeX Warning: Reference `e7' on page 59 undefined on input line 2869.


LaTeX Warning: Reference `kvm_28' on page 59 undefined on input line 2871.


LaTeX Warning: Reference `TH10-Stephania' on page 59 undefined on input line 28
76.

Excluding 'comment' comment. Excluding 'comment' comment.

LaTeX Warning: Reference `TH10-Stephania❤️' on page 59 undefined on input l
ine 2906.


LaTeX Warning: Reference `SVP' on page 59 undefined on input line 2913.

Excluding 'comment' comment. Excluding 'comment' comment.

LaTeX Warning: Reference `gol' on page 59 undefined on input line 2944.


LaTeX Warning: Citation `vershynin2018high' on page 59 undefined on input line 
2952.

[59]

LaTeX Warning: Reference `bound' on page 60 undefined on input line 2959.


LaTeX Warning: Reference `Ea' on page 60 undefined on input line 2965.


LaTeX Warning: Citation `candes2011tight' on page 60 undefined on input line 29
69.


LaTeX Warning: Reference `kvm_50' on page 60 undefined on input line 2971.


LaTeX Warning: Reference `e8' on page 60 undefined on input line 2979.


LaTeX Warning: Reference `kvm_51' on page 60 undefined on input line 2979.

[60]

LaTeX Warning: Reference `TH10-Stephania❤️' on page 61 undefined on input l
ine 2984.

Excluding 'comment' comment.

LaTeX Warning: Reference `kvm_57' on page 61 undefined on input line 3006.


LaTeX Warning: Citation `vershynin2018high' on page 61 undefined on input line 
3009.


LaTeX Warning: Reference `kvm_58' on page 61 undefined on input line 3020.


LaTeX Warning: Citation `vershynin2018high' on page 61 undefined on input line 
3029.


LaTeX Warning: Reference `theorem_2' on page 61 undefined on input line 3031.

[61]

LaTeX Warning: Reference `proof_th' on page 62 undefined on input line 3055.


LaTeX Warning: Reference `frob' on page 62 undefined on input line 3055.


LaTeX Warning: Reference `sec_RKA' on page 62 undefined on input line 3055.


LaTeX Warning: Reference `:-)' on page 62 undefined on input line 3057.

Excluding 'comment' comment.

LaTeX Warning: Reference `bound2' on page 62 undefined on input line 3065.

Excluding 'comment' comment.

LaTeX Warning: Reference `A4_2' on page 62 undefined on input line 3080.


LaTeX Warning: Citation `strohmer2009randomized' on page 62 undefined on input 
line 3080.


LaTeX Warning: Reference `prop_noisyRKA' on page 62 undefined on input line 308
9.

[62]

LaTeX Warning: Reference `A5_2' on page 63 undefined on input line 3107.

Excluding 'comment' comment.

LaTeX Warning: Reference `A5_1' on page 63 undefined on input line 3123.


LaTeX Warning: Reference `A5_4' on page 63 undefined on input line 3131.


LaTeX Warning: Reference `A5_4' on page 63 undefined on input line 3131.

Excluding 'comment' comment. Excluding 'comment' comment.

LaTeX Warning: Reference `eq:15' on page 63 undefined on input line 3162.


LaTeX Warning: Citation `needell2010randomized' on page 63 undefined on input l
ine 3162.


LaTeX Warning: Reference `prop_noisyRKA' on page 63 undefined on input line 316
9.

[63]

LaTeX Warning: Citation `escalante2011alternating' on page 64 undefined on inpu
t line 3185.


LaTeX Warning: Reference `kvm_31' on page 64 undefined on input line 3202.

[64]

LaTeX Warning: Reference `kvm_32' on page 65 undefined on input line 3215.


LaTeX Warning: Citation `leventhal2010randomized' on page 65 undefined on input
 line 3223.


LaTeX Warning: Reference `kvm_33' on page 65 undefined on input line 3223.


LaTeX Warning: Reference `theorem_2' on page 65 undefined on input line 3230.


LaTeX Warning: Reference `penaltyyy' on page 65 undefined on input line 3235.


LaTeX Warning: Reference `Conv' on page 65 undefined on input line 3236.

[65]

LaTeX Warning: Citation `carlsson2021lipschitz' on page 66 undefined on input l
ine 3251.


LaTeX Warning: Citation `andersson2016operator' on page 66 undefined on input l
ine 3251.


LaTeX Warning: Reference `Lip1' on page 66 undefined on input line 3260.


LaTeX Warning: Reference `sta' on page 66 undefined on input line 3266.

[66]

LaTeX Warning: Citation `leventhal2010randomized' on page 67 undefined on input
 line 3296.


LaTeX Warning: Reference `Khoshgele' on page 67 undefined on input line 3296.


LaTeX Warning: Reference `penaltyyy' on page 67 undefined on input line 3303.

Excluding 'comment' comment. Excluding 'comment' comment.
Excluding 'comment' comment.
No file 2308.00695_pdflatex.bbl.
[67]
(/Users/jovyntan/Desktop/work/fyp/exploration/diff_test_tex_engines/bin/compile
d_tex_pdf/2308.00695/2308.00695_pdflatex.aux)

LaTeX Warning: There were undefined references.


LaTeX Warning: Label(s) may have changed. Rerun to get cross-references right.

 )
(see the transcript file for additional information){/usr/local/texlive/2021/te
xmf-dist/fonts/enc/dvips/base/8r.enc}</usr/local/texlive/2021/texmf-dist/fonts/
type1/public/bbold-type1/bbold10.pfb></usr/local/texlive/2021/texmf-dist/fonts/
type1/public/bbold-type1/bbold7.pfb></usr/local/texlive/2021/texmf-dist/fonts/t
ype1/public/amsfonts/cm/cmbx12.pfb></usr/local/texlive/2021/texmf-dist/fonts/ty
pe1/public/amsfonts/cm/cmbx6.pfb></usr/local/texlive/2021/texmf-dist/fonts/type
1/public/amsfonts/cm/cmbx8.pfb></usr/local/texlive/2021/texmf-dist/fonts/type1/
public/amsfonts/cm/cmbx9.pfb></usr/local/texlive/2021/texmf-dist/fonts/type1/pu
blic/amsfonts/cm/cmex10.pfb></usr/local/texlive/2021/texmf-dist/fonts/type1/pub
lic/amsfonts/cmextra/cmex8.pfb></usr/local/texlive/2021/texmf-dist/fonts/type1/
public/amsfonts/cm/cmmi12.pfb></usr/local/texlive/2021/texmf-dist/fonts/type1/p
ublic/amsfonts/cm/cmmi6.pfb></usr/local/texlive/2021/texmf-dist/fonts/type1/pub
lic/amsfonts/cm/cmmi8.pfb></usr/local/texlive/2021/texmf-dist/fonts/type1/publi
c/amsfonts/cm/cmmi9.pfb></usr/local/texlive/2021/texmf-dist/fonts/type1/public/
amsfonts/cm/cmmib10.pfb></usr/local/texlive/2021/texmf-dist/fonts/type1/public/
amsfonts/cmextra/cmmib8.pfb></usr/local/texlive/2021/texmf-dist/fonts/type1/pub
lic/amsfonts/cm/cmr12.pfb></usr/local/texlive/2021/texmf-dist/fonts/type1/publi
c/amsfonts/cm/cmr6.pfb></usr/local/texlive/2021/texmf-dist/fonts/type1/public/a
msfonts/cm/cmr8.pfb></usr/local/texlive/2021/texmf-dist/fonts/type1/public/amsf
onts/cm/cmr9.pfb></usr/local/texlive/2021/texmf-dist/fonts/type1/public/amsfont
s/cm/cmsy10.pfb></usr/local/texlive/2021/texmf-dist/fonts/type1/public/amsfonts
/cm/cmsy6.pfb></usr/local/texlive/2021/texmf-dist/fonts/type1/public/amsfonts/c
m/cmsy8.pfb></usr/local/texlive/2021/texmf-dist/fonts/type1/public/amsfonts/cm/
cmsy9.pfb></usr/local/texlive/2021/texmf-dist/fonts/type1/public/amsfonts/euler
/eurb10.pfb></usr/local/texlive/2021/texmf-dist/fonts/type1/public/amsfonts/eul
er/eurm10.pfb></usr/local/texlive/2021/texmf-dist/fonts/type1/public/amsfonts/s
ymbols/msam10.pfb></usr/local/texlive/2021/texmf-dist/fonts/type1/public/amsfon
ts/symbols/msbm10.pfb></usr/local/texlive/2021/texmf-dist/fonts/type1/urw/times
/utmb8a.pfb></usr/local/texlive/2021/texmf-dist/fonts/type1/urw/times/utmbi8a.p
fb></usr/local/texlive/2021/texmf-dist/fonts/type1/urw/times/utmr8a.pfb></usr/l
ocal/texlive/2021/texmf-dist/fonts/type1/urw/times/utmri8a.pfb>
Output written on /Users/jovyntan/Desktop/work/fyp/exploration/diff_test_tex_en
gines/bin/compiled_tex_pdf/2308.00695/2308.00695_pdflatex.pdf (67 pages, 772815
 bytes).
Transcript written on /Users/jovyntan/Desktop/work/fyp/exploration/diff_test_te
x_engines/bin/compiled_tex_pdf/2308.00695/2308.00695_pdflatex.log.
