This is pdfTeX, Version 3.141592653-2.6-1.40.22 (TeX Live 2021) (preloaded format=pdflatex)
 restricted \write18 enabled.
entering extended mode
(./main.tex
LaTeX2e <2020-10-01> patch level 4
L3 programming layer <2021-02-18>
(/usr/local/texlive/2021/texmf-dist/tex/latex/IEEEtran/IEEEtran.cls
Document Class: IEEEtran 2015/08/26 V1.8b by Michael Shell
-- See the "IEEEtran_HOWTO" manual for usage information.
-- http://www.michaelshell.org/tex/ieeetran/
(/usr/local/texlive/2021/texmf-dist/tex/latex/psnfss/ot1ptm.fd)
-- Using 8.5in x 11in (letter) paper.
-- Using PDF output.
-- This is a 10 point document.
)
** ATTENTION: Overriding command lockouts (line 2).
(/usr/local/texlive/2021/texmf-dist/tex/latex/graphics/epsfig.sty
(/usr/local/texlive/2021/texmf-dist/tex/latex/graphics/graphicx.sty
(/usr/local/texlive/2021/texmf-dist/tex/latex/graphics/keyval.sty)
(/usr/local/texlive/2021/texmf-dist/tex/latex/graphics/graphics.sty
(/usr/local/texlive/2021/texmf-dist/tex/latex/graphics/trig.sty)
(/usr/local/texlive/2021/texmf-dist/tex/latex/graphics-cfg/graphics.cfg)
(/usr/local/texlive/2021/texmf-dist/tex/latex/graphics-def/pdftex.def))))
(/usr/local/texlive/2021/texmf-dist/tex/latex/amsmath/amsmath.sty
For additional information on amsmath, use the `?' option.
(/usr/local/texlive/2021/texmf-dist/tex/latex/amsmath/amstext.sty
(/usr/local/texlive/2021/texmf-dist/tex/latex/amsmath/amsgen.sty))
(/usr/local/texlive/2021/texmf-dist/tex/latex/amsmath/amsbsy.sty)
(/usr/local/texlive/2021/texmf-dist/tex/latex/amsmath/amsopn.sty))
(/usr/local/texlive/2021/texmf-dist/tex/latex/amsfonts/amssymb.sty
(/usr/local/texlive/2021/texmf-dist/tex/latex/amsfonts/amsfonts.sty))
(/usr/local/texlive/2021/texmf-dist/tex/latex/amscls/amsthm.sty)
(/usr/local/texlive/2021/texmf-dist/tex/latex/epstopdf-pkg/epstopdf.sty
(/usr/local/texlive/2021/texmf-dist/tex/generic/infwarerr/infwarerr.sty)
(/usr/local/texlive/2021/texmf-dist/tex/latex/grfext/grfext.sty
(/usr/local/texlive/2021/texmf-dist/tex/generic/kvdefinekeys/kvdefinekeys.sty))
 (/usr/local/texlive/2021/texmf-dist/tex/latex/kvoptions/kvoptions.sty
(/usr/local/texlive/2021/texmf-dist/tex/generic/ltxcmds/ltxcmds.sty)
(/usr/local/texlive/2021/texmf-dist/tex/generic/kvsetkeys/kvsetkeys.sty))
(/usr/local/texlive/2021/texmf-dist/tex/generic/pdftexcmds/pdftexcmds.sty
(/usr/local/texlive/2021/texmf-dist/tex/generic/iftex/iftex.sty))
(/usr/local/texlive/2021/texmf-dist/tex/latex/epstopdf-pkg/epstopdf-base.sty
(/usr/local/texlive/2021/texmf-dist/tex/latex/latexconfig/epstopdf-sys.cfg)))
(/usr/local/texlive/2021/texmf-dist/tex/latex/base/ifthen.sty)
(/usr/local/texlive/2021/texmf-dist/tex/latex/psfrag/psfrag.sty)
(/usr/local/texlive/2021/texmf-dist/tex/latex/cite/cite.sty)
(/usr/local/texlive/2021/texmf-dist/tex/latex/blindtext/blindtext.sty
(/usr/local/texlive/2021/texmf-dist/tex/latex/tools/xspace.sty))
(/usr/local/texlive/2021/texmf-dist/tex/latex/algorithms/algorithm.sty
(/usr/local/texlive/2021/texmf-dist/tex/latex/float/float.sty))
(/usr/local/texlive/2021/texmf-dist/tex/latex/algorithms/algorithmic.sty)
(/usr/local/texlive/2021/texmf-dist/tex/latex/hyperref/hyperref.sty
(/usr/local/texlive/2021/texmf-dist/tex/generic/pdfescape/pdfescape.sty)
(/usr/local/texlive/2021/texmf-dist/tex/latex/hycolor/hycolor.sty)
(/usr/local/texlive/2021/texmf-dist/tex/latex/letltxmacro/letltxmacro.sty)
(/usr/local/texlive/2021/texmf-dist/tex/latex/auxhook/auxhook.sty)
(/usr/local/texlive/2021/texmf-dist/tex/latex/hyperref/pd1enc.def)
(/usr/local/texlive/2021/texmf-dist/tex/latex/hyperref/hyperref-langpatches.def
) (/usr/local/texlive/2021/texmf-dist/tex/generic/intcalc/intcalc.sty)
(/usr/local/texlive/2021/texmf-dist/tex/generic/etexcmds/etexcmds.sty)
(/usr/local/texlive/2021/texmf-dist/tex/latex/hyperref/puenc.def)
(/usr/local/texlive/2021/texmf-dist/tex/latex/url/url.sty)
(/usr/local/texlive/2021/texmf-dist/tex/generic/bitset/bitset.sty
(/usr/local/texlive/2021/texmf-dist/tex/generic/bigintcalc/bigintcalc.sty))
(/usr/local/texlive/2021/texmf-dist/tex/latex/base/atbegshi-ltx.sty))
(/usr/local/texlive/2021/texmf-dist/tex/latex/hyperref/hpdftex.def
(/usr/local/texlive/2021/texmf-dist/tex/latex/base/atveryend-ltx.sty)
(/usr/local/texlive/2021/texmf-dist/tex/latex/rerunfilecheck/rerunfilecheck.sty

(/usr/local/texlive/2021/texmf-dist/tex/generic/uniquecounter/uniquecounter.sty
))) (/usr/local/texlive/2021/texmf-dist/tex/latex/xcolor/xcolor.sty
(/usr/local/texlive/2021/texmf-dist/tex/latex/graphics-cfg/color.cfg))
(/usr/local/texlive/2021/texmf-dist/tex/latex/caption/caption.sty
(/usr/local/texlive/2021/texmf-dist/tex/latex/caption/caption3.sty)

Package caption Warning: Unknown document class (or package),
(caption)                standard defaults will be used.
See the caption package documentation for explanation.

) (/usr/local/texlive/2021/texmf-dist/tex/latex/tools/tabularx.sty
(/usr/local/texlive/2021/texmf-dist/tex/latex/tools/array.sty))
(/usr/local/texlive/2021/texmf-dist/tex/latex/ragged2e/ragged2e.sty
(/usr/local/texlive/2021/texmf-dist/tex/latex/everysel/everysel.sty
(/usr/local/texlive/2021/texmf-dist/tex/latex/everysel/everysel-2011-10-28.sty)
)) (/usr/local/texlive/2021/texmf-dist/tex/latex/booktabs/booktabs.sty)
(/usr/local/texlive/2021/texmf-dist/tex/latex/preprint/balance.sty)
(/usr/local/texlive/2021/texmf-dist/tex/latex/amsfonts/euscript.sty)
(/usr/local/texlive/2021/texmf-dist/tex/latex/rsfso/rsfso.sty
(/usr/local/texlive/2021/texmf-dist/tex/latex/xkeyval/xkeyval.sty
(/usr/local/texlive/2021/texmf-dist/tex/generic/xkeyval/xkeyval.tex
(/usr/local/texlive/2021/texmf-dist/tex/generic/xkeyval/xkvutils.tex))))
(/usr/local/texlive/2021/texmf-dist/tex/latex/bbm-macros/bbm.sty)
(/usr/local/texlive/2021/texmf-dist/tex/latex/l3backend/l3backend-pdftex.def)
No file 2308.01033_pdflatex.aux.
-- Lines per column: 56 (exact).
(/usr/local/texlive/2021/texmf-dist/tex/context/base/mkii/supp-pdf.mkii
[Loading MPS to PDF converter (version 2006.09.02).]
) (/usr/local/texlive/2021/texmf-dist/tex/latex/hyperref/nameref.sty
(/usr/local/texlive/2021/texmf-dist/tex/latex/refcount/refcount.sty)
(/usr/local/texlive/2021/texmf-dist/tex/generic/gettitlestring/gettitlestring.s
ty)) ABD: EverySelectfont initializing macros
(/usr/local/texlive/2021/texmf-dist/tex/latex/psnfss/omsptm.fd)

LaTeX Warning: Citation `yang2021energy' on page 1 undefined on input line 79.


LaTeX Warning: Citation `renzo2019smart' on page 1 undefined on input line 82.


LaTeX Warning: Citation `wu2019beamforming' on page 1 undefined on input line 8
6.


LaTeX Warning: Citation `huang2018achievable' on page 1 undefined on input line
 86.


LaTeX Warning: Citation `zivuku2022maximizing' on page 1 undefined on input lin
e 86.


LaTeX Warning: Citation `makin2022enhancing' on page 1 undefined on input line 
86.


LaTeX Warning: Citation `jiang2022interference' on page 1 undefined on input li
ne 86.


LaTeX Warning: Citation `joham2005linear' on page 1 undefined on input line 88.



LaTeX Warning: Citation `alodeh2015constructive' on page 1 undefined on input l
ine 88.


LaTeX Warning: Citation `alodeh2018symbol' on page 1 undefined on input line 88
.


LaTeX Warning: Citation `li2020tutorial' on page 1 undefined on input line 88.


LaTeX Warning: Citation `kisseleff2021symbol' on page 1 undefined on input line
 88.


LaTeX Warning: Citation `alodeh2020joint' on page 1 undefined on input line 88.



LaTeX Warning: Citation `9984648' on page 1 undefined on input line 88.


LaTeX Warning: Citation `kisseleff2021symbol' on page 1 undefined on input line
 88.


LaTeX Warning: Citation `liu2020joint' on page 1 undefined on input line 88.

(/usr/local/texlive/2021/texmf-dist/tex/latex/amsfonts/umsa.fd)
(/usr/local/texlive/2021/texmf-dist/tex/latex/amsfonts/umsb.fd) [1
Non-PDF special ignored!
<special> header=psfrag.pro
{/usr/local/texlive/2021/texmf-var/fonts/map/pdftex/updmap/pdftex.map}]

LaTeX Warning: Citation `shao2020minimum' on page 2 undefined on input line 98.



LaTeX Warning: Citation `liu2021intelligent' on page 2 undefined on input line 
98.


LaTeX Warning: Citation `cheng2021degree' on page 2 undefined on input line 98.



LaTeX Warning: Reference `sec:SM' on page 2 undefined on input line 102.


LaTeX Warning: Reference `sec:PM' on page 2 undefined on input line 102.


LaTeX Warning: Reference `sec:Proposal' on page 2 undefined on input line 102.


LaTeX Warning: Reference `sec:Results' on page 2 undefined on input line 102.


LaTeX Warning: Reference `sec:Conclusion' on page 2 undefined on input line 102
.


LaTeX Warning: Reference `fig:System' on page 2 undefined on input line 107.

(/usr/local/texlive/2021/texmf-dist/tex/latex/rsfso/ursfso.fd) [2 <./Images/sym
b33-eps-converted-to.pdf>]

LaTeX Warning: Citation `li2020tutorial' on page 3 undefined on input line 136.



LaTeX Warning: Reference `OP1_b' on page 3 undefined on input line 140.


LaTeX Warning: Reference `OP1_c' on page 3 undefined on input line 140.


LaTeX Warning: Reference `OP1_d' on page 3 undefined on input line 141.


LaTeX Warning: Reference `OP1_e' on page 3 undefined on input line 142.


LaTeX Warning: Citation `kisseleff2021symbol' on page 3 undefined on input line
 144.


LaTeX Warning: Citation `9984648' on page 3 undefined on input line 144.


LaTeX Warning: Citation `kisseleff2021symbol' on page 3 undefined on input line
 149.


LaTeX Warning: Citation `ben2001lectures' on page 3 undefined on input line 160
.


LaTeX Warning: Citation `haqiqatnejad2019approximate' on page 3 undefined on in
put line 160.


LaTeX Warning: Citation `bro1997fast' on page 3 undefined on input line 160.


LaTeX Warning: Citation `liu2020joint' on page 3 undefined on input line 171.


LaTeX Warning: Citation `ben2001lectures' on page 3 undefined on input line 172
.

[3]

LaTeX Warning: Reference `alg1' on page 4 undefined on input line 174.


LaTeX Warning: Reference `OP2' on page 4 undefined on input line 192.


LaTeX Warning: Reference `OP3' on page 4 undefined on input line 195.


LaTeX Warning: Citation `bro1997fast' on page 4 undefined on input line 207.


LaTeX Warning: Citation `9984648' on page 4 undefined on input line 207.


LaTeX Warning: Reference `fig:System' on page 4 undefined on input line 210.


LaTeX Warning: Citation `9110587' on page 4 undefined on input line 213.


LaTeX Warning: Reference `tab:Simulationparameter' on page 4 undefined on input
 line 222.


Overfull \hbox (6.0pt too wide) in paragraph at lines 249--250
 [][] 
[4]

LaTeX Warning: Reference `fig:Const' on page 5 undefined on input line 253.


Overfull \hbox (6.0pt too wide) in paragraph at lines 256--257
 [][] 

LaTeX Warning: `!h' float specifier changed to `!ht'.


LaTeX Warning: Reference `fig:Con' on page 5 undefined on input line 260.


LaTeX Warning: Citation `kisseleff2021symbol' on page 5 undefined on input line
 268.

[5 <./Images/BL_FINAL2-eps-converted-to.pdf> <./Images/risel4-eps-converted-to.
pdf> <./Images/with5usersfig-eps-converted-to.pdf>]
No file 2308.01033_pdflatex.bbl.

** Conference Paper **
Before submitting the final camera ready copy, remember to:

 1. Manually equalize the lengths of two columns on the last page
 of your paper;

 2. Ensure that any PostScript and/or PDF output post-processing
 uses only Type 1 fonts and that every step in the generation
 process uses the appropriate paper size.

[6]
(/Users/jovyntan/Desktop/work/fyp/exploration/diff_test_tex_engines/bin/compile
d_tex_pdf/2308.01033/2308.01033_pdflatex.aux)

LaTeX Warning: There were undefined references.


LaTeX Warning: Label(s) may have changed. Rerun to get cross-references right.


Package rerunfilecheck Warning: File `2308.01033_pdflatex.out' has changed.
(rerunfilecheck)                Rerun to get outlines right
(rerunfilecheck)                or use package `bookmark'.

 )
(see the transcript file for additional information){/usr/local/texlive/2021/te
xmf-dist/fonts/enc/dvips/base/8r.enc}</usr/local/texlive/2021/texmf-dist/fonts/
type1/public/amsfonts/cm/cmbx10.pfb></usr/local/texlive/2021/texmf-dist/fonts/t
ype1/public/amsfonts/cm/cmbx7.pfb></usr/local/texlive/2021/texmf-dist/fonts/typ
e1/public/amsfonts/cm/cmbx9.pfb></usr/local/texlive/2021/texmf-dist/fonts/type1
/public/amsfonts/cm/cmex10.pfb></usr/local/texlive/2021/texmf-dist/fonts/type1/
public/amsfonts/cm/cmmi10.pfb></usr/local/texlive/2021/texmf-dist/fonts/type1/p
ublic/amsfonts/cm/cmmi5.pfb></usr/local/texlive/2021/texmf-dist/fonts/type1/pub
lic/amsfonts/cm/cmmi6.pfb></usr/local/texlive/2021/texmf-dist/fonts/type1/publi
c/amsfonts/cm/cmmi7.pfb></usr/local/texlive/2021/texmf-dist/fonts/type1/public/
amsfonts/cm/cmmi8.pfb></usr/local/texlive/2021/texmf-dist/fonts/type1/public/am
sfonts/cm/cmmi9.pfb></usr/local/texlive/2021/texmf-dist/fonts/type1/public/amsf
onts/cm/cmmib10.pfb></usr/local/texlive/2021/texmf-dist/fonts/type1/public/amsf
onts/cmextra/cmmib7.pfb></usr/local/texlive/2021/texmf-dist/fonts/type1/public/
amsfonts/cmextra/cmmib9.pfb></usr/local/texlive/2021/texmf-dist/fonts/type1/pub
lic/amsfonts/cm/cmr10.pfb></usr/local/texlive/2021/texmf-dist/fonts/type1/publi
c/amsfonts/cm/cmr5.pfb></usr/local/texlive/2021/texmf-dist/fonts/type1/public/a
msfonts/cm/cmr7.pfb></usr/local/texlive/2021/texmf-dist/fonts/type1/public/amsf
onts/cm/cmr8.pfb></usr/local/texlive/2021/texmf-dist/fonts/type1/public/amsfont
s/cm/cmr9.pfb></usr/local/texlive/2021/texmf-dist/fonts/type1/public/amsfonts/c
m/cmss10.pfb></usr/local/texlive/2021/texmf-dist/fonts/type1/public/amsfonts/cm
/cmss8.pfb></usr/local/texlive/2021/texmf-dist/fonts/type1/public/amsfonts/cm/c
msy10.pfb></usr/local/texlive/2021/texmf-dist/fonts/type1/public/amsfonts/cm/cm
sy7.pfb></usr/local/texlive/2021/texmf-dist/fonts/type1/public/amsfonts/cm/cmsy
9.pfb></usr/local/texlive/2021/texmf-dist/fonts/type1/public/amsfonts/symbols/m
sam10.pfb></usr/local/texlive/2021/texmf-dist/fonts/type1/public/amsfonts/symbo
ls/msbm10.pfb></usr/local/texlive/2021/texmf-dist/fonts/type1/public/rsfs/rsfs1
0.pfb></usr/local/texlive/2021/texmf-dist/fonts/type1/urw/times/utmb8a.pfb></us
r/local/texlive/2021/texmf-dist/fonts/type1/urw/times/utmbi8a.pfb></usr/local/t
exlive/2021/texmf-dist/fonts/type1/urw/times/utmr8a.pfb></usr/local/texlive/202
1/texmf-dist/fonts/type1/urw/times/utmri8a.pfb>
Output written on /Users/jovyntan/Desktop/work/fyp/exploration/diff_test_tex_en
gines/bin/compiled_tex_pdf/2308.01033/2308.01033_pdflatex.pdf (6 pages, 918986 
bytes).
Transcript written on /Users/jovyntan/Desktop/work/fyp/exploration/diff_test_te
x_engines/bin/compiled_tex_pdf/2308.01033/2308.01033_pdflatex.log.
