This is XeTeX, Version 3.141592653-2.6-0.999993 (TeX Live 2021) (preloaded format=xelatex)
 restricted \write18 enabled.
entering extended mode
(./ms.tex
LaTeX2e <2020-10-01> patch level 4
L3 programming layer <2021-02-18>
(/usr/local/texlive/2021/texmf-dist/tex/latex/IEEEtran/IEEEtran.cls
Document Class: IEEEtran 2015/08/26 V1.8b by Michael Shell
-- See the "IEEEtran_HOWTO" manual for usage information.
-- http://www.michaelshell.org/tex/ieeetran/

LaTeX Font Warning: Font shape `TU/ptm/m/n' undefined
(Font)              using `TU/lmr/m/n' instead on input line 503.

** ATTENTION: Single column mode is not typically used with IEEE publications.
-- Using 8.5in x 11in (letter) paper.
-- Using DVI output.
-- This is a 10 point document.

LaTeX Font Warning: Font shape `TU/ptm/bx/n' undefined
(Font)              using `TU/ptm/m/n' instead on input line 1090.


LaTeX Font Warning: Font shape `TU/ptm/m/it' undefined
(Font)              using `TU/ptm/m/n' instead on input line 1090.


LaTeX Font Warning: Font shape `TU/ptm/bx/it' undefined
(Font)              using `TU/ptm/bx/n' instead on input line 1090.

) (/usr/local/texlive/2021/texmf-dist/tex/latex/amsfonts/amsfonts.sty)
(/usr/local/texlive/2021/texmf-dist/tex/latex/algorithms/algorithmic.sty
(/usr/local/texlive/2021/texmf-dist/tex/latex/base/ifthen.sty)
(/usr/local/texlive/2021/texmf-dist/tex/latex/graphics/keyval.sty))
(/usr/local/texlive/2021/texmf-dist/tex/latex/tools/array.sty)
(/usr/local/texlive/2021/texmf-dist/tex/latex/subfig/subfig.sty
(/usr/local/texlive/2021/texmf-dist/tex/latex/caption/caption3.sty))
(/usr/local/texlive/2021/texmf-dist/tex/latex/base/textcomp.sty)
(/usr/local/texlive/2021/texmf-dist/tex/latex/sttools/stfloats.sty)
(/usr/local/texlive/2021/texmf-dist/tex/latex/url/url.sty)
(/usr/local/texlive/2021/texmf-dist/tex/latex/tools/verbatim.sty)
(/usr/local/texlive/2021/texmf-dist/tex/latex/graphics/graphicx.sty
(/usr/local/texlive/2021/texmf-dist/tex/latex/graphics/graphics.sty
(/usr/local/texlive/2021/texmf-dist/tex/latex/graphics/trig.sty)
(/usr/local/texlive/2021/texmf-dist/tex/latex/graphics-cfg/graphics.cfg)
(/usr/local/texlive/2021/texmf-dist/tex/latex/graphics-def/xetex.def)))
(/usr/local/texlive/2021/texmf-dist/tex/latex/preprint/balance.sty)
(/usr/local/texlive/2021/texmf-dist/tex/latex/cite/cite.sty)
(/usr/local/texlive/2021/texmf-dist/tex/latex/amsmath/amsmath.sty
For additional information on amsmath, use the `?' option.
(/usr/local/texlive/2021/texmf-dist/tex/latex/amsmath/amstext.sty
(/usr/local/texlive/2021/texmf-dist/tex/latex/amsmath/amsgen.sty))
(/usr/local/texlive/2021/texmf-dist/tex/latex/amsmath/amsbsy.sty)
(/usr/local/texlive/2021/texmf-dist/tex/latex/amsmath/amsopn.sty))
(/usr/local/texlive/2021/texmf-dist/tex/latex/base/fixltx2e.sty

Package fixltx2e Warning: fixltx2e is not required with releases after 2015
(fixltx2e)                All fixes are now in the LaTeX kernel.
(fixltx2e)                See the latexrelease package for details.

) (/usr/local/texlive/2021/texmf-dist/tex/latex/psnfss/times.sty)
(/usr/local/texlive/2021/texmf-dist/tex/latex/graphics/color.sty
(/usr/local/texlive/2021/texmf-dist/tex/latex/graphics-cfg/color.cfg))
(/usr/local/texlive/2021/texmf-dist/tex/latex/multirow/multirow.sty)
(/usr/local/texlive/2021/texmf-dist/tex/latex/graphics/rotating.sty)
(/usr/local/texlive/2021/texmf-dist/tex/latex/bbm-macros/bbm.sty)
(/usr/local/texlive/2021/texmf-dist/tex/latex/base/latexsym.sty)
(/usr/local/texlive/2021/texmf-dist/tex/latex/microtype/microtype.sty
(/usr/local/texlive/2021/texmf-dist/tex/latex/microtype/microtype-xetex.def)
(/usr/local/texlive/2021/texmf-dist/tex/latex/microtype/microtype.cfg))
(/usr/local/texlive/2021/texmf-dist/tex/latex/xcolor/xcolor.sty
(/usr/local/texlive/2021/texmf-dist/tex/latex/graphics-cfg/color.cfg))
(/usr/local/texlive/2021/texmf-dist/tex/latex/amscls/amsthm.sty)
(/usr/local/texlive/2021/texmf-dist/tex/latex/enumitem/enumitem.sty)
(/usr/local/texlive/2021/texmf-dist/tex/latex/quoting/quoting.sty
(/usr/local/texlive/2021/texmf-dist/tex/latex/etoolbox/etoolbox.sty)
(/usr/local/texlive/2021/texmf-dist/tex/latex/kvoptions/kvoptions.sty
(/usr/local/texlive/2021/texmf-dist/tex/generic/ltxcmds/ltxcmds.sty)
(/usr/local/texlive/2021/texmf-dist/tex/generic/kvsetkeys/kvsetkeys.sty)))
(/usr/local/texlive/2021/texmf-dist/tex/latex/textpos/textpos.sty
Package: textpos 2020/09/26 1.10, absolute positioning of text on the page
Grid set 16 x 16 = 38.39343pt x 49.68562pt
TextBlockOrigin set to 0pt x 0pt
) (/usr/local/texlive/2021/texmf-dist/tex/latex/l3backend/l3backend-xetex.def
(|extractbb --version))

LaTeX Warning: Unused global option(s):
    [lettersize].

No file 2308.04796_xelatex.aux.
(/usr/local/texlive/2021/texmf-dist/tex/latex/base/ts1cmr.fd)

LaTeX Font Warning: Font shape `TU/ptm/b/n' undefined
(Font)              using `TU/ptm/bx/n' instead on input line 71.


LaTeX Font Warning: Font shape `TU/ptm/b/it' undefined
(Font)              using `TU/ptm/bx/it' instead on input line 71.


LaTeX Font Warning: Font shape `TU/ptm/b/n' undefined
(Font)              using `TU/ptm/bx/n' instead on input line 71.


LaTeX Font Warning: Font shape `TU/ptm/b/it' undefined
(Font)              using `TU/ptm/bx/it' instead on input line 71.


LaTeX Font Warning: Font shape `TU/ptm/b/n' undefined
(Font)              using `TU/ptm/bx/n' instead on input line 71.


LaTeX Font Warning: Font shape `TU/ptm/b/it' undefined
(Font)              using `TU/ptm/bx/it' instead on input line 71.


LaTeX Font Warning: Font shape `TU/ptm/b/n' undefined
(Font)              using `TU/ptm/bx/n' instead on input line 71.


LaTeX Font Warning: Font shape `TU/ptm/b/it' undefined
(Font)              using `TU/ptm/bx/it' instead on input line 71.


LaTeX Font Warning: Font shape `TU/ptm/b/n' undefined
(Font)              using `TU/ptm/bx/n' instead on input line 71.


LaTeX Font Warning: Font shape `TU/ptm/b/it' undefined
(Font)              using `TU/ptm/bx/it' instead on input line 71.


LaTeX Font Warning: Font shape `TU/ptm/b/n' undefined
(Font)              using `TU/ptm/bx/n' instead on input line 71.


LaTeX Font Warning: Font shape `TU/ptm/b/it' undefined
(Font)              using `TU/ptm/bx/it' instead on input line 71.


LaTeX Font Warning: Font shape `TU/ptm/b/n' undefined
(Font)              using `TU/ptm/bx/n' instead on input line 71.


LaTeX Font Warning: Font shape `TU/ptm/b/it' undefined
(Font)              using `TU/ptm/bx/it' instead on input line 71.


LaTeX Font Warning: Font shape `TU/ptm/b/n' undefined
(Font)              using `TU/ptm/bx/n' instead on input line 71.


LaTeX Font Warning: Font shape `TU/ptm/b/it' undefined
(Font)              using `TU/ptm/bx/it' instead on input line 71.


LaTeX Font Warning: Font shape `TU/ptm/b/n' undefined
(Font)              using `TU/ptm/bx/n' instead on input line 71.


LaTeX Font Warning: Font shape `TU/ptm/b/it' undefined
(Font)              using `TU/ptm/bx/it' instead on input line 71.


LaTeX Font Warning: Font shape `TU/ptm/b/n' undefined
(Font)              using `TU/ptm/bx/n' instead on input line 71.


LaTeX Font Warning: Font shape `TU/ptm/b/it' undefined
(Font)              using `TU/ptm/bx/it' instead on input line 71.

-- Lines per column: 58 (exact).
(/usr/local/texlive/2021/texmf-dist/tex/latex/microtype/mt-ptm.cfg)
Underfull \hbox (badness 1383) in paragraph at lines 106--106
[][][]\TU/ptm/bx/it/8 M. Pawlak is with the Department of Electrical and Comput
er Engineering, University of Manitoba, R3T 5V6 Winnipeg,

LaTeX Font Warning: Font shape `TU/ptm/b/n' undefined
(Font)              using `TU/ptm/bx/n' instead on input line 109.


LaTeX Font Warning: Font shape `TU/ptm/b/n' undefined
(Font)              using `TU/ptm/bx/n' instead on input line 125.


LaTeX Font Warning: Font shape `TU/ptm/m/sc' undefined
(Font)              using `TU/ptm/m/n' instead on input line 130.


LaTeX Font Warning: Font shape `TU/ptm/b/n' undefined
(Font)              using `TU/ptm/bx/n' instead on input line 133.


LaTeX Font Warning: Font shape `TU/ptm/b/n' undefined
(Font)              using `TU/ptm/bx/n' instead on input line 137.


LaTeX Warning: Citation `gerstner2014neuronal' on page 1 undefined on input lin
e 137.


LaTeX Font Warning: Font shape `TU/ptm/b/n' undefined
(Font)              using `TU/ptm/bx/n' instead on input line 137.


LaTeX Warning: Citation `jang2019introduction' on page 1 undefined on input lin
e 137.


LaTeX Font Warning: Font shape `TU/ptm/b/n' undefined
(Font)              using `TU/ptm/bx/n' instead on input line 137.


LaTeX Warning: Citation `shchur2021neural' on page 1 undefined on input line 13
7.


LaTeX Font Warning: Font shape `TU/ptm/b/n' undefined
(Font)              using `TU/ptm/bx/n' instead on input line 141.


LaTeX Warning: Citation `david69' on page 1 undefined on input line 141.


LaTeX Font Warning: Font shape `TU/ptm/b/n' undefined
(Font)              using `TU/ptm/bx/n' instead on input line 141.


LaTeX Warning: Citation `guo08' on page 1 undefined on input line 141.


LaTeX Font Warning: Font shape `TU/ptm/b/n' undefined
(Font)              using `TU/ptm/bx/n' instead on input line 141.


LaTeX Warning: Citation `merhav021' on page 1 undefined on input line 141.


LaTeX Font Warning: Font shape `TU/ptm/b/n' undefined
(Font)              using `TU/ptm/bx/n' instead on input line 144.


LaTeX Warning: Citation `daley2003introduction' on page 1 undefined on input li
ne 144.


LaTeX Font Warning: Font shape `TU/ptm/b/n' undefined
(Font)              using `TU/ptm/bx/n' instead on input line 144.


LaTeX Warning: Citation `andersen2012statistical' on page 1 undefined on input 
line 144.


LaTeX Font Warning: Font shape `TU/ptm/b/n' undefined
(Font)              using `TU/ptm/bx/n' instead on input line 146.


LaTeX Warning: Citation `devroye2013probabilistic' on page 1 undefined on input
 line 146.


LaTeX Font Warning: Font shape `TU/ptm/b/n' undefined
(Font)              using `TU/ptm/bx/n' instead on input line 147.


LaTeX Warning: Citation `cholaquidis2017classification' on page 1 undefined on 
input line 147.


LaTeX Font Warning: Font shape `TU/ptm/b/n' undefined
(Font)              using `TU/ptm/bx/n' instead on input line 147.


LaTeX Warning: Citation `rong2021error' on page 1 undefined on input line 147.


LaTeX Font Warning: Font shape `TU/ptm/b/n' undefined
(Font)              using `TU/ptm/bx/n' instead on input line 149.


LaTeX Warning: Citation `jang2019introduction' on page 1 undefined on input lin
e 149.


LaTeX Font Warning: Font shape `TU/ptm/b/n' undefined
(Font)              using `TU/ptm/bx/n' instead on input line 153.


LaTeX Warning: Citation `devroye2013probabilistic' on page 1 undefined on input
 line 153.


LaTeX Font Warning: Font shape `TU/ptm/b/n' undefined
(Font)              using `TU/ptm/bx/n' instead on input line 156.


LaTeX Warning: Citation `mazza2019rtbust' on page 1 undefined on input line 156
.


LaTeX Font Warning: Font shape `TU/ptm/b/n' undefined
(Font)              using `TU/ptm/bx/n' instead on input line 156.


LaTeX Warning: Citation `fanaee2014event' on page 1 undefined on input line 156
.


LaTeX Font Warning: Font shape `TU/ptm/b/n' undefined
(Font)              using `TU/ptm/bx/n' instead on input line 160.


LaTeX Warning: Reference `sec:02_bayes_rule' on page 1 undefined on input line 
160.


LaTeX Font Warning: Font shape `TU/ptm/b/n' undefined
(Font)              using `TU/ptm/bx/n' instead on input line 161.


LaTeX Warning: Reference `sec:03_bayes_bounds' on page 1 undefined on input lin
e 161.


LaTeX Font Warning: Font shape `TU/ptm/b/n' undefined
(Font)              using `TU/ptm/bx/n' instead on input line 163.


LaTeX Warning: Reference `sec:04_nonparametric' on page 1 undefined on input li
ne 163.


LaTeX Font Warning: Font shape `TU/ptm/b/n' undefined
(Font)              using `TU/ptm/bx/n' instead on input line 167.


LaTeX Warning: Citation `greblicki1978asymptotically' on page 1 undefined on in
put line 167.


LaTeX Font Warning: Font shape `TU/ptm/b/n' undefined
(Font)              using `TU/ptm/bx/n' instead on input line 172.


LaTeX Warning: Citation `andersen2012statistical' on page 1 undefined on input 
line 172.


LaTeX Font Warning: Font shape `TU/ptm/b/n' undefined
(Font)              using `TU/ptm/bx/n' instead on input line 178.


LaTeX Warning: Citation `diggle1988equivalence' on page 1 undefined on input li
ne 178.


LaTeX Font Warning: Font shape `TU/ptm/b/n' undefined
(Font)              using `TU/ptm/bx/n' instead on input line 182.


LaTeX Warning: Citation `aalen1978nonparametric' on page 1 undefined on input l
ine 182.


LaTeX Font Warning: Font shape `TU/ptm/b/n' undefined
(Font)              using `TU/ptm/bx/n' instead on input line 186.


LaTeX Warning: Reference `sec:05_simulations' on page 1 undefined on input line
 186.


LaTeX Font Warning: Font shape `TU/ptm/b/n' undefined
(Font)              using `TU/ptm/bx/n' instead on input line 188.


LaTeX Warning: Citation `pawlak2023asymptotically' on page 1 undefined on input
 line 188.

(/usr/local/texlive/2021/texmf-dist/tex/latex/microtype/mt-cmr.cfg)
(/usr/local/texlive/2021/texmf-dist/tex/latex/amsfonts/umsa.fd)
(/usr/local/texlive/2021/texmf-dist/tex/latex/microtype/mt-msa.cfg)
(/usr/local/texlive/2021/texmf-dist/tex/latex/amsfonts/umsb.fd)
(/usr/local/texlive/2021/texmf-dist/tex/latex/microtype/mt-msb.cfg)
(/usr/local/texlive/2021/texmf-dist/tex/latex/base/ulasy.fd) [1]

LaTeX Font Warning: Font shape `TU/ptm/b/n' undefined
(Font)              using `TU/ptm/bx/n' instead on input line 223.


LaTeX Warning: Citation `devroye2013probabilistic' on page 2 undefined on input
 line 223.


LaTeX Font Warning: Font shape `TU/ptm/b/n' undefined
(Font)              using `TU/ptm/bx/n' instead on input line 224.


LaTeX Warning: Reference `sec:06_conclusions' on page 2 undefined on input line
 224.


LaTeX Font Warning: Font shape `TU/ptm/b/n' undefined
(Font)              using `TU/ptm/bx/n' instead on input line 229.


LaTeX Warning: Citation `daley2003introduction' on page 2 undefined on input li
ne 229.


LaTeX Font Warning: Font shape `TU/ptm/b/n' undefined
(Font)              using `TU/ptm/bx/n' instead on input line 238.


LaTeX Warning: Reference `eqn:2.1' on page 2 undefined on input line 238.


LaTeX Font Warning: Font shape `TU/ptm/b/n' undefined
(Font)              using `TU/ptm/bx/n' instead on input line 239.


LaTeX Warning: Reference `eqn:2.1' on page 2 undefined on input line 239.


LaTeX Font Warning: Font shape `TU/ptm/b/n' undefined
(Font)              using `TU/ptm/bx/n' instead on input line 256.


LaTeX Warning: Reference `eqn:2.2' on page 2 undefined on input line 256.


LaTeX Font Warning: Font shape `TU/ptm/b/n' undefined
(Font)              using `TU/ptm/bx/n' instead on input line 271.


LaTeX Warning: Reference `eqn:2.1' on page 2 undefined on input line 271.


LaTeX Font Warning: Font shape `TU/ptm/b/n' undefined
(Font)              using `TU/ptm/bx/n' instead on input line 276.


LaTeX Warning: Reference `eqn:2.1' on page 2 undefined on input line 276.


LaTeX Font Warning: Font shape `TU/ptm/b/n' undefined
(Font)              using `TU/ptm/bx/n' instead on input line 290.


LaTeX Warning: Reference `eqn:2.3' on page 2 undefined on input line 290.


LaTeX Font Warning: Font shape `TU/ptm/b/n' undefined
(Font)              using `TU/ptm/bx/n' instead on input line 291.


LaTeX Warning: Reference `eqn:2.3' on page 2 undefined on input line 291.


LaTeX Font Warning: Font shape `TU/ptm/b/n' undefined
(Font)              using `TU/ptm/bx/n' instead on input line 304.


LaTeX Warning: Reference `eqn:2.4' on page 2 undefined on input line 304.

[2]

LaTeX Font Warning: Font shape `TU/ptm/b/n' undefined
(Font)              using `TU/ptm/bx/n' instead on input line 329.


LaTeX Warning: Citation `gajardo2021cox' on page 3 undefined on input line 329.



LaTeX Font Warning: Font shape `TU/ptm/b/n' undefined
(Font)              using `TU/ptm/bx/n' instead on input line 339.


LaTeX Warning: Reference `eqn:2.5' on page 3 undefined on input line 339.


LaTeX Font Warning: Font shape `TU/ptm/b/n' undefined
(Font)              using `TU/ptm/bx/n' instead on input line 341.


LaTeX Warning: Reference `eqn:2.5' on page 3 undefined on input line 341.


LaTeX Font Warning: Font shape `TU/ptm/b/n' undefined
(Font)              using `TU/ptm/bx/n' instead on input line 342.


LaTeX Warning: Reference `eqn:2.4' on page 3 undefined on input line 342.


LaTeX Font Warning: Font shape `TU/ptm/b/n' undefined
(Font)              using `TU/ptm/bx/n' instead on input line 356.


LaTeX Warning: Reference `eqn:2.6' on page 3 undefined on input line 356.


LaTeX Font Warning: Font shape `TU/ptm/b/n' undefined
(Font)              using `TU/ptm/bx/n' instead on input line 374.


LaTeX Warning: Reference `eqn:2.4' on page 3 undefined on input line 374.


LaTeX Font Warning: Font shape `TU/ptm/b/n' undefined
(Font)              using `TU/ptm/bx/n' instead on input line 374.


LaTeX Warning: Reference `eqn:2.6' on page 3 undefined on input line 374.


LaTeX Font Warning: Font shape `TU/ptm/b/n' undefined
(Font)              using `TU/ptm/bx/n' instead on input line 392.


LaTeX Warning: Reference `subsec:03_bayes_bounds/decision' on page 3 undefined 
on input line 392.


LaTeX Font Warning: Font shape `TU/ptm/b/n' undefined
(Font)              using `TU/ptm/bx/n' instead on input line 392.


LaTeX Warning: Reference `subsec:03_bayes_bounds/risk' on page 3 undefined on i
nput line 392.


LaTeX Font Warning: Font shape `TU/ptm/b/n' undefined
(Font)              using `TU/ptm/bx/n' instead on input line 403.


LaTeX Warning: Reference `eqn:2.9' on page 3 undefined on input line 403.


LaTeX Font Warning: Font shape `TU/ptm/b/n' undefined
(Font)              using `TU/ptm/bx/n' instead on input line 405.


LaTeX Warning: Citation `andersen2012statistical' on page 3 undefined on input 
line 405.


LaTeX Font Warning: Font shape `TU/ptm/b/n' undefined
(Font)              using `TU/ptm/bx/n' instead on input line 408.


LaTeX Warning: Reference `eqn:2.9' on page 3 undefined on input line 408.


LaTeX Font Warning: Font shape `TU/ptm/b/n' undefined
(Font)              using `TU/ptm/bx/n' instead on input line 409.


LaTeX Warning: Reference `eqn:2.4' on page 3 undefined on input line 409.


LaTeX Font Warning: Font shape `TU/ptm/b/n' undefined
(Font)              using `TU/ptm/bx/n' instead on input line 409.


LaTeX Warning: Reference `eqn:2.6' on page 3 undefined on input line 409.


LaTeX Font Warning: Font shape `TU/ptm/b/n' undefined
(Font)              using `TU/ptm/bx/n' instead on input line 410.


LaTeX Warning: Reference `eqn:2.9' on page 3 undefined on input line 410.


LaTeX Font Warning: Font shape `TU/ptm/b/n' undefined
(Font)              using `TU/ptm/bx/n' instead on input line 410.


LaTeX Warning: Reference `eqn:2.4a' on page 3 undefined on input line 410.


LaTeX Font Warning: Font shape `TU/ptm/b/n' undefined
(Font)              using `TU/ptm/bx/n' instead on input line 411.


LaTeX Warning: Reference `eqn:2.4a' on page 3 undefined on input line 411.


LaTeX Font Warning: Font shape `TU/ptm/b/n' undefined
(Font)              using `TU/ptm/bx/n' instead on input line 420.


LaTeX Warning: Reference `eqn:2.4b' on page 3 undefined on input line 420.


LaTeX Font Warning: Font shape `TU/ptm/b/n' undefined
(Font)              using `TU/ptm/bx/n' instead on input line 421.


LaTeX Warning: Reference `eqn:2.9' on page 3 undefined on input line 421.


LaTeX Font Warning: Font shape `TU/ptm/b/n' undefined
(Font)              using `TU/ptm/bx/n' instead on input line 422.


LaTeX Warning: Reference `eqn:2.9a' on page 3 undefined on input line 422.


LaTeX Font Warning: Font shape `TU/ptm/b/n' undefined
(Font)              using `TU/ptm/bx/n' instead on input line 424.


LaTeX Warning: Reference `sec:03_bayes_bounds' on page 3 undefined on input lin
e 424.


LaTeX Font Warning: Font shape `TU/ptm/b/n' undefined
(Font)              using `TU/ptm/bx/n' instead on input line 435.


LaTeX Warning: Reference `eqn:2.4' on page 3 undefined on input line 435.


LaTeX Font Warning: Font shape `TU/ptm/b/n' undefined
(Font)              using `TU/ptm/bx/n' instead on input line 436.


LaTeX Warning: Reference `eqn:2.6' on page 3 undefined on input line 436.


LaTeX Font Warning: Font shape `TU/ptm/b/n' undefined
(Font)              using `TU/ptm/bx/n' instead on input line 437.


LaTeX Warning: Reference `eqn:2.9a' on page 3 undefined on input line 437.


LaTeX Font Warning: Font shape `TU/ptm/b/n' undefined
(Font)              using `TU/ptm/bx/n' instead on input line 437.


LaTeX Warning: Reference `eqn:2.4a' on page 3 undefined on input line 437.


LaTeX Font Warning: Font shape `TU/ptm/b/n' undefined
(Font)              using `TU/ptm/bx/n' instead on input line 438.


LaTeX Warning: Reference `eqn:2.6' on page 3 undefined on input line 438.

[3]

LaTeX Font Warning: Font shape `TU/ptm/b/n' undefined
(Font)              using `TU/ptm/bx/n' instead on input line 465.


LaTeX Warning: Reference `eqn:2.4b' on page 4 undefined on input line 465.


LaTeX Font Warning: Font shape `TU/ptm/b/n' undefined
(Font)              using `TU/ptm/bx/n' instead on input line 467.


LaTeX Warning: Reference `eqn:3.1' on page 4 undefined on input line 467.


LaTeX Font Warning: Font shape `TU/ptm/b/n' undefined
(Font)              using `TU/ptm/bx/n' instead on input line 470.


LaTeX Warning: Citation `andersen2012statistical' on page 4 undefined on input 
line 470.


LaTeX Font Warning: Font shape `TU/ptm/b/n' undefined
(Font)              using `TU/ptm/bx/n' instead on input line 476.


LaTeX Warning: Reference `eqn:3.2' on page 4 undefined on input line 476.


LaTeX Font Warning: Font shape `TU/ptm/b/n' undefined
(Font)              using `TU/ptm/bx/n' instead on input line 496.


LaTeX Warning: Citation `birge1993rates' on page 4 undefined on input line 496.



LaTeX Font Warning: Font shape `TU/ptm/b/n' undefined
(Font)              using `TU/ptm/bx/n' instead on input line 496.


LaTeX Warning: Citation `van1995exponential' on page 4 undefined on input line 
496.


LaTeX Font Warning: Font shape `TU/ptm/b/n' undefined
(Font)              using `TU/ptm/bx/n' instead on input line 500.


LaTeX Warning: Reference `eqn:3.2' on page 4 undefined on input line 500.


LaTeX Font Warning: Font shape `TU/ptm/b/n' undefined
(Font)              using `TU/ptm/bx/n' instead on input line 500.


LaTeX Warning: Reference `eqn:3.3' on page 4 undefined on input line 500.


LaTeX Font Warning: Font shape `TU/ptm/b/n' undefined
(Font)              using `TU/ptm/bx/n' instead on input line 501.


LaTeX Warning: Reference `eqn:3.3' on page 4 undefined on input line 501.


LaTeX Font Warning: Font shape `TU/ptm/b/n' undefined
(Font)              using `TU/ptm/bx/n' instead on input line 502.


LaTeX Warning: Reference `eqn:3.2' on page 4 undefined on input line 502.


LaTeX Font Warning: Font shape `TU/ptm/b/n' undefined
(Font)              using `TU/ptm/bx/n' instead on input line 503.


LaTeX Warning: Citation `ghosal2017fundamentals' on page 4 undefined on input l
ine 503.


LaTeX Font Warning: Font shape `TU/ptm/b/n' undefined
(Font)              using `TU/ptm/bx/n' instead on input line 514.


LaTeX Warning: Reference `eqn:3.3' on page 4 undefined on input line 514.


LaTeX Font Warning: Font shape `TU/ptm/b/n' undefined
(Font)              using `TU/ptm/bx/n' instead on input line 518.


LaTeX Font Warning: Font shape `TU/ptm/b/n' undefined
(Font)              using `TU/ptm/bx/n' instead on input line 519.


LaTeX Warning: Reference `eqn:3.3' on page 4 undefined on input line 519.


LaTeX Font Warning: Font shape `TU/ptm/b/n' undefined
(Font)              using `TU/ptm/bx/n' instead on input line 542.


LaTeX Warning: Reference `eqn:2.5' on page 4 undefined on input line 542.


LaTeX Font Warning: Font shape `TU/ptm/b/n' undefined
(Font)              using `TU/ptm/bx/n' instead on input line 543.


LaTeX Warning: Reference `lemma:1' on page 4 undefined on input line 543.


LaTeX Font Warning: Font shape `TU/ptm/b/n' undefined
(Font)              using `TU/ptm/bx/n' instead on input line 546.


LaTeX Warning: Reference `lemma:1' on page 4 undefined on input line 546.


LaTeX Font Warning: Font shape `TU/ptm/b/n' undefined
(Font)              using `TU/ptm/bx/n' instead on input line 547.


LaTeX Warning: Reference `lemma:1' on page 4 undefined on input line 547.

[4]

LaTeX Font Warning: Font shape `TU/ptm/b/n' undefined
(Font)              using `TU/ptm/bx/n' instead on input line 564.


LaTeX Warning: Reference `eqn:3.2' on page 5 undefined on input line 564.


LaTeX Font Warning: Font shape `TU/ptm/b/n' undefined
(Font)              using `TU/ptm/bx/n' instead on input line 569.


LaTeX Font Warning: Font shape `TU/ptm/b/n' undefined
(Font)              using `TU/ptm/bx/n' instead on input line 571.


LaTeX Warning: Reference `eqn:3.1' on page 5 undefined on input line 571.


LaTeX Font Warning: Font shape `TU/ptm/b/n' undefined
(Font)              using `TU/ptm/bx/n' instead on input line 598.


LaTeX Warning: Reference `lemma:2' on page 5 undefined on input line 598.


LaTeX Font Warning: Font shape `TU/ptm/b/n' undefined
(Font)              using `TU/ptm/bx/n' instead on input line 601.


LaTeX Warning: Reference `lemma:2' on page 5 undefined on input line 601.


LaTeX Font Warning: Font shape `TU/ptm/b/n' undefined
(Font)              using `TU/ptm/bx/n' instead on input line 603.


LaTeX Warning: Citation `ghosal2017fundamentals' on page 5 undefined on input l
ine 603.


LaTeX Font Warning: Font shape `TU/ptm/b/n' undefined
(Font)              using `TU/ptm/bx/n' instead on input line 612.


LaTeX Warning: Reference `eqn:3.4' on page 5 undefined on input line 612.


LaTeX Font Warning: Font shape `TU/ptm/b/n' undefined
(Font)              using `TU/ptm/bx/n' instead on input line 614.


LaTeX Font Warning: Font shape `TU/ptm/b/n' undefined
(Font)              using `TU/ptm/bx/n' instead on input line 621.


LaTeX Warning: Reference `eqn:3.8' on page 5 undefined on input line 621.


LaTeX Font Warning: Font shape `TU/ptm/b/n' undefined
(Font)              using `TU/ptm/bx/n' instead on input line 622.


LaTeX Warning: Reference `eqn:3.5' on page 5 undefined on input line 622.


LaTeX Font Warning: Font shape `TU/ptm/b/n' undefined
(Font)              using `TU/ptm/bx/n' instead on input line 638.


LaTeX Warning: Reference `eqn:3.6' on page 5 undefined on input line 638.


LaTeX Font Warning: Font shape `TU/ptm/b/n' undefined
(Font)              using `TU/ptm/bx/n' instead on input line 668.


LaTeX Warning: Reference `eqn:3.10' on page 5 undefined on input line 668.


LaTeX Font Warning: Font shape `TU/ptm/b/n' undefined
(Font)              using `TU/ptm/bx/n' instead on input line 672.


LaTeX Warning: Reference `eqn:3.5' on page 5 undefined on input line 672.


LaTeX Font Warning: Font shape `TU/ptm/b/n' undefined
(Font)              using `TU/ptm/bx/n' instead on input line 673.


LaTeX Warning: Reference `eqn:3.3a' on page 5 undefined on input line 673.

[5]

LaTeX Font Warning: Font shape `TU/ptm/b/n' undefined
(Font)              using `TU/ptm/bx/n' instead on input line 684.


LaTeX Warning: Reference `eqn:3.9' on page 6 undefined on input line 684.


LaTeX Font Warning: Font shape `TU/ptm/b/n' undefined
(Font)              using `TU/ptm/bx/n' instead on input line 684.


LaTeX Warning: Reference `lemma:3' on page 6 undefined on input line 684.


LaTeX Font Warning: Font shape `TU/ptm/b/n' undefined
(Font)              using `TU/ptm/bx/n' instead on input line 705.


LaTeX Warning: Reference `eqn:3.3a' on page 6 undefined on input line 705.


LaTeX Font Warning: Font shape `TU/ptm/b/n' undefined
(Font)              using `TU/ptm/bx/n' instead on input line 722.


LaTeX Warning: Reference `eqn:3.11a' on page 6 undefined on input line 722.


LaTeX Font Warning: Font shape `TU/ptm/b/n' undefined
(Font)              using `TU/ptm/bx/n' instead on input line 722.


LaTeX Warning: Reference `eqn:3.12' on page 6 undefined on input line 722.


LaTeX Font Warning: Font shape `TU/ptm/b/n' undefined
(Font)              using `TU/ptm/bx/n' instead on input line 723.


LaTeX Warning: Reference `eqn:3.10' on page 6 undefined on input line 723.


LaTeX Font Warning: Font shape `TU/ptm/b/n' undefined
(Font)              using `TU/ptm/bx/n' instead on input line 726.


LaTeX Font Warning: Font shape `TU/ptm/b/n' undefined
(Font)              using `TU/ptm/bx/n' instead on input line 744.


LaTeX Warning: Reference `eqn:3.12b' on page 6 undefined on input line 744.


LaTeX Font Warning: Font shape `TU/ptm/b/n' undefined
(Font)              using `TU/ptm/bx/n' instead on input line 745.


LaTeX Warning: Reference `eqn:3.10' on page 6 undefined on input line 745.


LaTeX Font Warning: Font shape `TU/ptm/b/n' undefined
(Font)              using `TU/ptm/bx/n' instead on input line 748.


LaTeX Warning: Reference `lemma:4' on page 6 undefined on input line 748.


LaTeX Font Warning: Font shape `TU/ptm/b/n' undefined
(Font)              using `TU/ptm/bx/n' instead on input line 750.


LaTeX Warning: Reference `eqn:3.12b' on page 6 undefined on input line 750.


LaTeX Font Warning: Font shape `TU/ptm/b/n' undefined
(Font)              using `TU/ptm/bx/n' instead on input line 753.


LaTeX Font Warning: Font shape `TU/ptm/b/n' undefined
(Font)              using `TU/ptm/bx/n' instead on input line 757.


LaTeX Warning: Reference `eqn:3.10' on page 6 undefined on input line 757.


LaTeX Font Warning: Font shape `TU/ptm/b/n' undefined
(Font)              using `TU/ptm/bx/n' instead on input line 760.


LaTeX Warning: Reference `lemma:4' on page 6 undefined on input line 760.


LaTeX Font Warning: Font shape `TU/ptm/b/n' undefined
(Font)              using `TU/ptm/bx/n' instead on input line 779.


LaTeX Warning: Reference `lemma:4' on page 6 undefined on input line 779.


LaTeX Font Warning: Font shape `TU/ptm/b/n' undefined
(Font)              using `TU/ptm/bx/n' instead on input line 780.


LaTeX Warning: Reference `eqn:3.9a' on page 6 undefined on input line 780.


LaTeX Font Warning: Font shape `TU/ptm/b/n' undefined
(Font)              using `TU/ptm/bx/n' instead on input line 782.


LaTeX Font Warning: Font shape `TU/ptm/b/n' undefined
(Font)              using `TU/ptm/bx/n' instead on input line 783.


LaTeX Warning: Reference `lemma:4' on page 6 undefined on input line 783.


LaTeX Font Warning: Font shape `TU/ptm/b/n' undefined
(Font)              using `TU/ptm/bx/n' instead on input line 796.


LaTeX Warning: Reference `lemma:4' on page 6 undefined on input line 796.


LaTeX Font Warning: Font shape `TU/ptm/b/n' undefined
(Font)              using `TU/ptm/bx/n' instead on input line 804.


LaTeX Warning: Reference `eqn:3.14' on page 6 undefined on input line 804.


LaTeX Font Warning: Font shape `TU/ptm/b/n' undefined
(Font)              using `TU/ptm/bx/n' instead on input line 805.


LaTeX Warning: Reference `eqn:3.12b' on page 6 undefined on input line 805.


LaTeX Font Warning: Font shape `TU/ptm/b/n' undefined
(Font)              using `TU/ptm/bx/n' instead on input line 807.


LaTeX Warning: Reference `theorem:1' on page 6 undefined on input line 807.

[6]

LaTeX Font Warning: Font shape `TU/ptm/b/n' undefined
(Font)              using `TU/ptm/bx/n' instead on input line 809.


LaTeX Warning: Reference `theorem:1' on page 7 undefined on input line 809.


LaTeX Font Warning: Font shape `TU/ptm/b/n' undefined
(Font)              using `TU/ptm/bx/n' instead on input line 811.


LaTeX Warning: Reference `eqn:3.9a' on page 7 undefined on input line 811.


LaTeX Font Warning: Font shape `TU/ptm/b/n' undefined
(Font)              using `TU/ptm/bx/n' instead on input line 813.


LaTeX Warning: Citation `le2021exponential' on page 7 undefined on input line 8
13.


LaTeX Font Warning: Font shape `TU/ptm/b/n' undefined
(Font)              using `TU/ptm/bx/n' instead on input line 813.


LaTeX Warning: Citation `van1995exponential' on page 7 undefined on input line 
813.


LaTeX Font Warning: Font shape `TU/ptm/b/n' undefined
(Font)              using `TU/ptm/bx/n' instead on input line 815.


LaTeX Warning: Citation `le2021exponential' on page 7 undefined on input line 8
15.


LaTeX Font Warning: Font shape `TU/ptm/b/n' undefined
(Font)              using `TU/ptm/bx/n' instead on input line 817.


LaTeX Font Warning: Font shape `TU/ptm/b/n' undefined
(Font)              using `TU/ptm/bx/n' instead on input line 818.


LaTeX Warning: Reference `eqn:2.9' on page 7 undefined on input line 818.


LaTeX Font Warning: Font shape `TU/ptm/b/n' undefined
(Font)              using `TU/ptm/bx/n' instead on input line 837.


LaTeX Warning: Reference `lemma:5' on page 7 undefined on input line 837.


LaTeX Font Warning: Font shape `TU/ptm/b/n' undefined
(Font)              using `TU/ptm/bx/n' instead on input line 838.


LaTeX Warning: Reference `eqn:3.9a' on page 7 undefined on input line 838.


LaTeX Font Warning: Font shape `TU/ptm/b/n' undefined
(Font)              using `TU/ptm/bx/n' instead on input line 842.


LaTeX Warning: Reference `lemma:5' on page 7 undefined on input line 842.


LaTeX Font Warning: Font shape `TU/ptm/b/n' undefined
(Font)              using `TU/ptm/bx/n' instead on input line 844.


LaTeX Warning: Reference `eqn:a7' on page 7 undefined on input line 844.


LaTeX Font Warning: Font shape `TU/ptm/b/n' undefined
(Font)              using `TU/ptm/bx/n' instead on input line 845.


LaTeX Warning: Reference `lemma:5' on page 7 undefined on input line 845.


LaTeX Font Warning: Font shape `TU/ptm/b/n' undefined
(Font)              using `TU/ptm/bx/n' instead on input line 852.


LaTeX Warning: Reference `eqn:3.12b' on page 7 undefined on input line 852.


LaTeX Font Warning: Font shape `TU/ptm/b/n' undefined
(Font)              using `TU/ptm/bx/n' instead on input line 856.


LaTeX Warning: Reference `eqn:3.9a' on page 7 undefined on input line 856.


LaTeX Font Warning: Font shape `TU/ptm/b/n' undefined
(Font)              using `TU/ptm/bx/n' instead on input line 859.


LaTeX Font Warning: Font shape `TU/ptm/b/n' undefined
(Font)              using `TU/ptm/bx/n' instead on input line 872.


LaTeX Warning: Reference `eqn:3.16' on page 7 undefined on input line 872.


LaTeX Font Warning: Font shape `TU/ptm/b/n' undefined
(Font)              using `TU/ptm/bx/n' instead on input line 874.


LaTeX Warning: Reference `eqn:3.17' on page 7 undefined on input line 874.


LaTeX Font Warning: Font shape `TU/ptm/b/n' undefined
(Font)              using `TU/ptm/bx/n' instead on input line 875.


LaTeX Warning: Reference `theorem:1' on page 7 undefined on input line 875.


LaTeX Font Warning: Font shape `TU/ptm/b/n' undefined
(Font)              using `TU/ptm/bx/n' instead on input line 880.


LaTeX Warning: Citation `vere1982estimation' on page 7 undefined on input line 
880.


LaTeX Font Warning: Font shape `TU/ptm/b/n' undefined
(Font)              using `TU/ptm/bx/n' instead on input line 883.


LaTeX Font Warning: Font shape `TU/ptm/b/n' undefined
(Font)              using `TU/ptm/bx/n' instead on input line 904.


LaTeX Warning: Reference `eqn:2.8' on page 7 undefined on input line 904.


LaTeX Font Warning: Font shape `TU/ptm/b/n' undefined
(Font)              using `TU/ptm/bx/n' instead on input line 906.


LaTeX Warning: Reference `subsec:03_bayes_bounds/decision' on page 7 undefined 
on input line 906.


LaTeX Font Warning: Font shape `TU/ptm/b/n' undefined
(Font)              using `TU/ptm/bx/n' instead on input line 907.


LaTeX Warning: Reference `eqn:2.8' on page 7 undefined on input line 907.


LaTeX Font Warning: Font shape `TU/ptm/b/n' undefined
(Font)              using `TU/ptm/bx/n' instead on input line 911.


LaTeX Warning: Reference `eqn:3.1' on page 7 undefined on input line 911.


LaTeX Font Warning: Font shape `TU/ptm/b/n' undefined
(Font)              using `TU/ptm/bx/n' instead on input line 922.


LaTeX Warning: Reference `eqn:3.2' on page 7 undefined on input line 922.


LaTeX Font Warning: Font shape `TU/ptm/b/n' undefined
(Font)              using `TU/ptm/bx/n' instead on input line 934.


LaTeX Warning: Reference `theorem:1' on page 7 undefined on input line 934.


LaTeX Font Warning: Font shape `TU/ptm/b/n' undefined
(Font)              using `TU/ptm/bx/n' instead on input line 934.


LaTeX Warning: Reference `eqn:3.13' on page 7 undefined on input line 934.


LaTeX Font Warning: Font shape `TU/ptm/b/n' undefined
(Font)              using `TU/ptm/bx/n' instead on input line 938.

[7]

LaTeX Font Warning: Font shape `TU/ptm/b/n' undefined
(Font)              using `TU/ptm/bx/n' instead on input line 952.


LaTeX Warning: Reference `theorem:3' on page 8 undefined on input line 952.


LaTeX Font Warning: Font shape `TU/ptm/b/n' undefined
(Font)              using `TU/ptm/bx/n' instead on input line 954.


LaTeX Warning: Reference `eqn:3.21' on page 8 undefined on input line 954.


LaTeX Font Warning: Font shape `TU/ptm/b/n' undefined
(Font)              using `TU/ptm/bx/n' instead on input line 956.


LaTeX Warning: Reference `eqn:3.2' on page 8 undefined on input line 956.


LaTeX Font Warning: Font shape `TU/ptm/b/n' undefined
(Font)              using `TU/ptm/bx/n' instead on input line 958.


LaTeX Font Warning: Font shape `TU/ptm/b/n' undefined
(Font)              using `TU/ptm/bx/n' instead on input line 960.


LaTeX Warning: Reference `theorem:3' on page 8 undefined on input line 960.


LaTeX Font Warning: Font shape `TU/ptm/b/n' undefined
(Font)              using `TU/ptm/bx/n' instead on input line 971.


LaTeX Warning: Reference `lemma:6' on page 8 undefined on input line 971.


LaTeX Font Warning: Font shape `TU/ptm/b/n' undefined
(Font)              using `TU/ptm/bx/n' instead on input line 972.


LaTeX Warning: Reference `eqn:3.21' on page 8 undefined on input line 972.


LaTeX Font Warning: Font shape `TU/ptm/b/n' undefined
(Font)              using `TU/ptm/bx/n' instead on input line 974.


LaTeX Font Warning: Font shape `TU/ptm/b/n' undefined
(Font)              using `TU/ptm/bx/n' instead on input line 984.


LaTeX Warning: Reference `theorem:4' on page 8 undefined on input line 984.


LaTeX Font Warning: Font shape `TU/ptm/b/n' undefined
(Font)              using `TU/ptm/bx/n' instead on input line 988.


LaTeX Font Warning: Font shape `TU/ptm/b/n' undefined
(Font)              using `TU/ptm/bx/n' instead on input line 989.


LaTeX Warning: Reference `theorem:4' on page 8 undefined on input line 989.


LaTeX Font Warning: Font shape `TU/ptm/b/n' undefined
(Font)              using `TU/ptm/bx/n' instead on input line 1003.


LaTeX Warning: Reference `eqn:3.21' on page 8 undefined on input line 1003.


LaTeX Font Warning: Font shape `TU/ptm/b/n' undefined
(Font)              using `TU/ptm/bx/n' instead on input line 1003.


LaTeX Warning: Reference `eqn:3.23' on page 8 undefined on input line 1003.


LaTeX Font Warning: Font shape `TU/ptm/b/n' undefined
(Font)              using `TU/ptm/bx/n' instead on input line 1004.


LaTeX Warning: Reference `eqn:3.22' on page 8 undefined on input line 1004.


LaTeX Font Warning: Font shape `TU/ptm/b/n' undefined
(Font)              using `TU/ptm/bx/n' instead on input line 1005.


LaTeX Warning: Reference `eqn:3.24' on page 8 undefined on input line 1005.


LaTeX Font Warning: Font shape `TU/ptm/b/n' undefined
(Font)              using `TU/ptm/bx/n' instead on input line 1009.


LaTeX Font Warning: Font shape `TU/ptm/b/n' undefined
(Font)              using `TU/ptm/bx/n' instead on input line 1010.


LaTeX Warning: Reference `example:1' on page 8 undefined on input line 1010.


LaTeX Font Warning: Font shape `TU/ptm/b/n' undefined
(Font)              using `TU/ptm/bx/n' instead on input line 1011.


LaTeX Warning: Reference `eqn:3.12c' on page 8 undefined on input line 1011.


LaTeX Font Warning: Font shape `TU/ptm/b/n' undefined
(Font)              using `TU/ptm/bx/n' instead on input line 1011.


LaTeX Warning: Reference `eqn:3.12d' on page 8 undefined on input line 1011.


LaTeX Font Warning: Font shape `TU/ptm/b/n' undefined
(Font)              using `TU/ptm/bx/n' instead on input line 1012.


LaTeX Warning: Reference `theorem:4' on page 8 undefined on input line 1012.


LaTeX Font Warning: Font shape `TU/ptm/b/n' undefined
(Font)              using `TU/ptm/bx/n' instead on input line 1035.


LaTeX Font Warning: Font shape `TU/ptm/b/n' undefined
(Font)              using `TU/ptm/bx/n' instead on input line 1036.


LaTeX Warning: Citation `rong2021error' on page 8 undefined on input line 1036.



LaTeX Font Warning: Font shape `TU/ptm/b/n' undefined
(Font)              using `TU/ptm/bx/n' instead on input line 1048.


LaTeX Warning: Citation `devroye2013probabilistic' on page 8 undefined on input
 line 1048.


LaTeX Font Warning: Font shape `TU/ptm/b/n' undefined
(Font)              using `TU/ptm/bx/n' instead on input line 1051.


LaTeX Warning: Reference `example:1' on page 8 undefined on input line 1051.


LaTeX Font Warning: Font shape `TU/ptm/b/n' undefined
(Font)              using `TU/ptm/bx/n' instead on input line 1051.


LaTeX Warning: Reference `example:2' on page 8 undefined on input line 1051.


LaTeX Font Warning: Font shape `TU/ptm/b/n' undefined
(Font)              using `TU/ptm/bx/n' instead on input line 1055.


LaTeX Warning: Reference `eqn:3.25a' on page 8 undefined on input line 1055.


LaTeX Font Warning: Font shape `TU/ptm/b/n' undefined
(Font)              using `TU/ptm/bx/n' instead on input line 1059.


LaTeX Font Warning: Font shape `TU/ptm/b/n' undefined
(Font)              using `TU/ptm/bx/n' instead on input line 1067.


LaTeX Warning: Citation `aalen1978nonparametric' on page 8 undefined on input l
ine 1067.

[8]

LaTeX Font Warning: Font shape `TU/ptm/b/n' undefined
(Font)              using `TU/ptm/bx/n' instead on input line 1077.


LaTeX Warning: Reference `eqn:3.27' on page 9 undefined on input line 1077.


LaTeX Font Warning: Font shape `TU/ptm/b/n' undefined
(Font)              using `TU/ptm/bx/n' instead on input line 1083.


LaTeX Font Warning: Font shape `TU/ptm/b/n' undefined
(Font)              using `TU/ptm/bx/n' instead on input line 1094.


LaTeX Warning: Reference `fig:03_bayes_bounds/risk/intensity' on page 9 undefin
ed on input line 1094.


LaTeX Font Warning: Font shape `TU/ptm/b/n' undefined
(Font)              using `TU/ptm/bx/n' instead on input line 1110.


LaTeX Warning: Reference `fig:03_bayes_bounds/risk/simulations' on page 9 undef
ined on input line 1110.


LaTeX Font Warning: Font shape `TU/ptm/b/n' undefined
(Font)              using `TU/ptm/bx/n' instead on input line 1112.


LaTeX Warning: Reference `eqn:sim1' on page 9 undefined on input line 1112.


LaTeX Font Warning: Font shape `TU/ptm/b/n' undefined
(Font)              using `TU/ptm/bx/n' instead on input line 1120.


LaTeX Warning: Reference `eqn:sim1' on page 9 undefined on input line 1120.


LaTeX Font Warning: Font shape `TU/ptm/b/n' undefined
(Font)              using `TU/ptm/bx/n' instead on input line 1140.


LaTeX Warning: Reference `eqn:2.4' on page 9 undefined on input line 1140.


LaTeX Font Warning: Font shape `TU/ptm/b/n' undefined
(Font)              using `TU/ptm/bx/n' instead on input line 1141.


LaTeX Warning: Reference `eqn:2.6' on page 9 undefined on input line 1141.


LaTeX Font Warning: Font shape `TU/ptm/b/n' undefined
(Font)              using `TU/ptm/bx/n' instead on input line 1145.


LaTeX Warning: Reference `eqn:3.27' on page 9 undefined on input line 1145.


LaTeX Font Warning: Font shape `TU/ptm/b/n' undefined
(Font)              using `TU/ptm/bx/n' instead on input line 1147.


LaTeX Warning: Reference `sec:03_bayes_bounds' on page 9 undefined on input lin
e 1147.

[9]

LaTeX Font Warning: Font shape `TU/ptm/b/n' undefined
(Font)              using `TU/ptm/bx/n' instead on input line 1163.


LaTeX Warning: Reference `eqn:2.6' on page 10 undefined on input line 1163.


LaTeX Font Warning: Font shape `TU/ptm/b/n' undefined
(Font)              using `TU/ptm/bx/n' instead on input line 1196.


LaTeX Warning: Reference `eqn:4.1' on page 10 undefined on input line 1196.


LaTeX Font Warning: Font shape `TU/ptm/b/n' undefined
(Font)              using `TU/ptm/bx/n' instead on input line 1196.


LaTeX Warning: Reference `eqn:4.2' on page 10 undefined on input line 1196.


LaTeX Font Warning: Font shape `TU/ptm/b/n' undefined
(Font)              using `TU/ptm/bx/n' instead on input line 1196.


LaTeX Warning: Reference `eqn:2.6' on page 10 undefined on input line 1196.


LaTeX Font Warning: Font shape `TU/ptm/b/n' undefined
(Font)              using `TU/ptm/bx/n' instead on input line 1216.


LaTeX Warning: Reference `subsec:04_nonparametric/kernel' on page 10 undefined 
on input line 1216.


LaTeX Font Warning: Font shape `TU/ptm/b/n' undefined
(Font)              using `TU/ptm/bx/n' instead on input line 1222.


LaTeX Warning: Citation `greblicki1978asymptotically' on page 10 undefined on i
nput line 1222.


LaTeX Font Warning: Font shape `TU/ptm/b/n' undefined
(Font)              using `TU/ptm/bx/n' instead on input line 1224.


LaTeX Warning: Reference `eqn:4.3' on page 10 undefined on input line 1224.


LaTeX Font Warning: Font shape `TU/ptm/b/n' undefined
(Font)              using `TU/ptm/bx/n' instead on input line 1230.


LaTeX Font Warning: Font shape `TU/ptm/b/n' undefined
(Font)              using `TU/ptm/bx/n' instead on input line 1247.


LaTeX Warning: Reference `theorem:5' on page 10 undefined on input line 1247.


LaTeX Font Warning: Font shape `TU/ptm/b/n' undefined
(Font)              using `TU/ptm/bx/n' instead on input line 1252.


LaTeX Warning: Reference `theorem:5' on page 10 undefined on input line 1252.


LaTeX Font Warning: Font shape `TU/ptm/b/n' undefined
(Font)              using `TU/ptm/bx/n' instead on input line 1254.


LaTeX Warning: Reference `theorem:5' on page 10 undefined on input line 1254.


LaTeX Font Warning: Font shape `TU/ptm/b/n' undefined
(Font)              using `TU/ptm/bx/n' instead on input line 1274.


LaTeX Warning: Reference `eqn:4.4' on page 10 undefined on input line 1274.


LaTeX Font Warning: Font shape `TU/ptm/b/n' undefined
(Font)              using `TU/ptm/bx/n' instead on input line 1274.


LaTeX Warning: Reference `theorem:5' on page 10 undefined on input line 1274.


LaTeX Font Warning: Font shape `TU/ptm/b/n' undefined
(Font)              using `TU/ptm/bx/n' instead on input line 1275.


LaTeX Warning: Reference `eqn:4.3' on page 10 undefined on input line 1275.


LaTeX Font Warning: Font shape `TU/ptm/b/n' undefined
(Font)              using `TU/ptm/bx/n' instead on input line 1276.


LaTeX Warning: Reference `eqn:2.6' on page 10 undefined on input line 1276.


LaTeX Font Warning: Font shape `TU/ptm/b/n' undefined
(Font)              using `TU/ptm/bx/n' instead on input line 1277.


LaTeX Warning: Reference `theorem:5' on page 10 undefined on input line 1277.


LaTeX Font Warning: Font shape `TU/ptm/b/n' undefined
(Font)              using `TU/ptm/bx/n' instead on input line 1279.


LaTeX Font Warning: Font shape `TU/ptm/b/n' undefined
(Font)              using `TU/ptm/bx/n' instead on input line 1282.


LaTeX Warning: Reference `eqn:4.4' on page 10 undefined on input line 1282.


LaTeX Font Warning: Font shape `TU/ptm/b/n' undefined
(Font)              using `TU/ptm/bx/n' instead on input line 1290.


LaTeX Warning: Reference `lemma:7' on page 10 undefined on input line 1290.


LaTeX Font Warning: Font shape `TU/ptm/b/n' undefined
(Font)              using `TU/ptm/bx/n' instead on input line 1291.


LaTeX Warning: Reference `eqn:4.6' on page 10 undefined on input line 1291.

[10]

LaTeX Font Warning: Font shape `TU/ptm/b/n' undefined
(Font)              using `TU/ptm/bx/n' instead on input line 1293.


LaTeX Warning: Reference `eqn:4.3' on page 11 undefined on input line 1293.


LaTeX Font Warning: Font shape `TU/ptm/b/n' undefined
(Font)              using `TU/ptm/bx/n' instead on input line 1296.


LaTeX Warning: Reference `eqn:4.1' on page 11 undefined on input line 1296.


LaTeX Font Warning: Font shape `TU/ptm/b/n' undefined
(Font)              using `TU/ptm/bx/n' instead on input line 1330.


LaTeX Warning: Reference `eqn:4.5' on page 11 undefined on input line 1330.


LaTeX Font Warning: Font shape `TU/ptm/b/n' undefined
(Font)              using `TU/ptm/bx/n' instead on input line 1338.


LaTeX Warning: Reference `eqn:4.5' on page 11 undefined on input line 1338.


LaTeX Font Warning: Font shape `TU/ptm/b/n' undefined
(Font)              using `TU/ptm/bx/n' instead on input line 1341.


LaTeX Font Warning: Font shape `TU/ptm/b/n' undefined
(Font)              using `TU/ptm/bx/n' instead on input line 1342.


LaTeX Warning: Reference `eqn:4.3' on page 11 undefined on input line 1342.


LaTeX Font Warning: Font shape `TU/ptm/b/n' undefined
(Font)              using `TU/ptm/bx/n' instead on input line 1343.


LaTeX Warning: Reference `theorem:5' on page 11 undefined on input line 1343.


LaTeX Font Warning: Font shape `TU/ptm/b/n' undefined
(Font)              using `TU/ptm/bx/n' instead on input line 1358.


LaTeX Warning: Citation `andersen2012statistical' on page 11 undefined on input
 line 1358.


LaTeX Font Warning: Font shape `TU/ptm/b/n' undefined
(Font)              using `TU/ptm/bx/n' instead on input line 1358.


LaTeX Warning: Citation `diggle1988equivalence' on page 11 undefined on input l
ine 1358.


LaTeX Font Warning: Font shape `TU/ptm/b/n' undefined
(Font)              using `TU/ptm/bx/n' instead on input line 1360.


LaTeX Warning: Citation `wand1994kernel' on page 11 undefined on input line 136
0.


LaTeX Font Warning: Font shape `TU/ptm/b/n' undefined
(Font)              using `TU/ptm/bx/n' instead on input line 1360.


LaTeX Warning: Citation `grebpaw08' on page 11 undefined on input line 1360.


LaTeX Font Warning: Font shape `TU/ptm/b/n' undefined
(Font)              using `TU/ptm/bx/n' instead on input line 1385.


LaTeX Warning: Reference `eqn:4.9' on page 11 undefined on input line 1385.


LaTeX Font Warning: Font shape `TU/ptm/b/n' undefined
(Font)              using `TU/ptm/bx/n' instead on input line 1391.


LaTeX Warning: Reference `subsec:04_nonparametric/plug-in' on page 11 undefined
 on input line 1391.


LaTeX Font Warning: Font shape `TU/ptm/b/n' undefined
(Font)              using `TU/ptm/bx/n' instead on input line 1405.


LaTeX Warning: Reference `eqn:4.1' on page 11 undefined on input line 1405.


LaTeX Font Warning: Font shape `TU/ptm/b/n' undefined
(Font)              using `TU/ptm/bx/n' instead on input line 1406.


LaTeX Warning: Reference `eqn:4.3' on page 11 undefined on input line 1406.


LaTeX Font Warning: Font shape `TU/ptm/b/n' undefined
(Font)              using `TU/ptm/bx/n' instead on input line 1408.


LaTeX Warning: Reference `eqn:4.13' on page 11 undefined on input line 1408.


LaTeX Font Warning: Font shape `TU/ptm/b/n' undefined
(Font)              using `TU/ptm/bx/n' instead on input line 1410.


LaTeX Warning: Reference `theorem:5' on page 11 undefined on input line 1410.


LaTeX Font Warning: Font shape `TU/ptm/b/n' undefined
(Font)              using `TU/ptm/bx/n' instead on input line 1410.


LaTeX Warning: Reference `theorem:6' on page 11 undefined on input line 1410.


LaTeX Font Warning: Font shape `TU/ptm/b/n' undefined
(Font)              using `TU/ptm/bx/n' instead on input line 1412.


LaTeX Warning: Reference `eqn:4.4' on page 11 undefined on input line 1412.


LaTeX Font Warning: Font shape `TU/ptm/b/n' undefined
(Font)              using `TU/ptm/bx/n' instead on input line 1414.


LaTeX Warning: Reference `eqn:4.4' on page 11 undefined on input line 1414.


LaTeX Font Warning: Font shape `TU/ptm/b/n' undefined
(Font)              using `TU/ptm/bx/n' instead on input line 1425.


LaTeX Warning: Reference `eqn:2.9' on page 11 undefined on input line 1425.

[11]

LaTeX Font Warning: Font shape `TU/ptm/b/n' undefined
(Font)              using `TU/ptm/bx/n' instead on input line 1449.


LaTeX Warning: Reference `eqn:a6' on page 12 undefined on input line 1449.


LaTeX Font Warning: Font shape `TU/ptm/b/n' undefined
(Font)              using `TU/ptm/bx/n' instead on input line 1449.


LaTeX Warning: Reference `eqn:a7' on page 12 undefined on input line 1449.


LaTeX Font Warning: Font shape `TU/ptm/b/n' undefined
(Font)              using `TU/ptm/bx/n' instead on input line 1461.


LaTeX Warning: Reference `eqn:4.9' on page 12 undefined on input line 1461.


LaTeX Font Warning: Font shape `TU/ptm/b/n' undefined
(Font)              using `TU/ptm/bx/n' instead on input line 1468.


LaTeX Warning: Reference `eqn:4.11' on page 12 undefined on input line 1468.


LaTeX Font Warning: Font shape `TU/ptm/b/n' undefined
(Font)              using `TU/ptm/bx/n' instead on input line 1474.


LaTeX Warning: Reference `eqn:4.11' on page 12 undefined on input line 1474.


LaTeX Font Warning: Font shape `TU/ptm/b/n' undefined
(Font)              using `TU/ptm/bx/n' instead on input line 1475.


LaTeX Warning: Reference `eqn:4.12' on page 12 undefined on input line 1475.


LaTeX Font Warning: Font shape `TU/ptm/b/n' undefined
(Font)              using `TU/ptm/bx/n' instead on input line 1490.


LaTeX Warning: Citation `wand1994kernel' on page 12 undefined on input line 149
0.


LaTeX Font Warning: Font shape `TU/ptm/b/n' undefined
(Font)              using `TU/ptm/bx/n' instead on input line 1490.


LaTeX Warning: Citation `grebpaw08' on page 12 undefined on input line 1490.


LaTeX Font Warning: Font shape `TU/ptm/b/n' undefined
(Font)              using `TU/ptm/bx/n' instead on input line 1506.


LaTeX Warning: Citation `wand1994kernel' on page 12 undefined on input line 150
6.


LaTeX Font Warning: Font shape `TU/ptm/b/n' undefined
(Font)              using `TU/ptm/bx/n' instead on input line 1506.


LaTeX Warning: Citation `diggle1988equivalence' on page 12 undefined on input l
ine 1506.


LaTeX Font Warning: Font shape `TU/ptm/b/n' undefined
(Font)              using `TU/ptm/bx/n' instead on input line 1511.


LaTeX Warning: Citation `diggle1988equivalence' on page 12 undefined on input l
ine 1511.


LaTeX Font Warning: Font shape `TU/ptm/b/n' undefined
(Font)              using `TU/ptm/bx/n' instead on input line 1511.


LaTeX Warning: Citation `cattaneo2020simple' on page 12 undefined on input line
 1511.


LaTeX Font Warning: Font shape `TU/ptm/b/n' undefined
(Font)              using `TU/ptm/bx/n' instead on input line 1514.


LaTeX Warning: Reference `eqn:4.13' on page 12 undefined on input line 1514.


LaTeX Font Warning: Font shape `TU/ptm/b/n' undefined
(Font)              using `TU/ptm/bx/n' instead on input line 1516.


LaTeX Font Warning: Font shape `TU/ptm/b/n' undefined
(Font)              using `TU/ptm/bx/n' instead on input line 1545.


LaTeX Warning: Reference `eqn:4.17a' on page 12 undefined on input line 1545.


LaTeX Font Warning: Font shape `TU/ptm/b/n' undefined
(Font)              using `TU/ptm/bx/n' instead on input line 1548.


LaTeX Warning: Citation `gine2002rates' on page 12 undefined on input line 1548
.


LaTeX Font Warning: Font shape `TU/ptm/b/n' undefined
(Font)              using `TU/ptm/bx/n' instead on input line 1548.


LaTeX Warning: Citation `masry1996multivariate' on page 12 undefined on input l
ine 1548.


LaTeX Font Warning: Font shape `TU/ptm/b/n' undefined
(Font)              using `TU/ptm/bx/n' instead on input line 1549.


LaTeX Warning: Reference `lemma:8' on page 12 undefined on input line 1549.


LaTeX Font Warning: Font shape `TU/ptm/b/n' undefined
(Font)              using `TU/ptm/bx/n' instead on input line 1550.


LaTeX Warning: Reference `lemma:8' on page 12 undefined on input line 1550.


LaTeX Font Warning: Font shape `TU/ptm/b/n' undefined
(Font)              using `TU/ptm/bx/n' instead on input line 1551.


LaTeX Warning: Reference `theorem:5' on page 12 undefined on input line 1551.


LaTeX Font Warning: Font shape `TU/ptm/b/n' undefined
(Font)              using `TU/ptm/bx/n' instead on input line 1551.


LaTeX Warning: Reference `theorem:6' on page 12 undefined on input line 1551.

[12]

LaTeX Font Warning: Font shape `TU/ptm/b/n' undefined
(Font)              using `TU/ptm/bx/n' instead on input line 1554.


LaTeX Font Warning: Font shape `TU/ptm/b/n' undefined
(Font)              using `TU/ptm/bx/n' instead on input line 1556.


LaTeX Warning: Reference `lemma:7' on page 13 undefined on input line 1556.


LaTeX Font Warning: Font shape `TU/ptm/b/n' undefined
(Font)              using `TU/ptm/bx/n' instead on input line 1557.


LaTeX Warning: Reference `eqn:4.17a' on page 13 undefined on input line 1557.


LaTeX Font Warning: Font shape `TU/ptm/b/n' undefined
(Font)              using `TU/ptm/bx/n' instead on input line 1565.


LaTeX Warning: Reference `theorem:7' on page 13 undefined on input line 1565.


LaTeX Font Warning: Font shape `TU/ptm/b/n' undefined
(Font)              using `TU/ptm/bx/n' instead on input line 1572.


LaTeX Warning: Reference `eqn:4.14' on page 13 undefined on input line 1572.


LaTeX Font Warning: Font shape `TU/ptm/b/n' undefined
(Font)              using `TU/ptm/bx/n' instead on input line 1572.


LaTeX Warning: Reference `eqn:4.15' on page 13 undefined on input line 1572.


LaTeX Font Warning: Font shape `TU/ptm/b/n' undefined
(Font)              using `TU/ptm/bx/n' instead on input line 1594.


LaTeX Warning: Reference `eqn:4.17a' on page 13 undefined on input line 1594.


LaTeX Font Warning: Font shape `TU/ptm/b/n' undefined
(Font)              using `TU/ptm/bx/n' instead on input line 1594.


LaTeX Warning: Citation `audibert2007fast' on page 13 undefined on input line 1
594.


LaTeX Font Warning: Font shape `TU/ptm/b/n' undefined
(Font)              using `TU/ptm/bx/n' instead on input line 1597.


LaTeX Warning: Citation `diggle1988equivalence' on page 13 undefined on input l
ine 1597.


LaTeX Font Warning: Font shape `TU/ptm/b/n' undefined
(Font)              using `TU/ptm/bx/n' instead on input line 1597.


LaTeX Warning: Citation `wand1994kernel' on page 13 undefined on input line 159
7.


LaTeX Font Warning: Font shape `TU/ptm/b/n' undefined
(Font)              using `TU/ptm/bx/n' instead on input line 1601.


LaTeX Warning: Reference `eqn:4.10' on page 13 undefined on input line 1601.


LaTeX Font Warning: Font shape `TU/ptm/b/n' undefined
(Font)              using `TU/ptm/bx/n' instead on input line 1611.


LaTeX Warning: Reference `eqn:4.10' on page 13 undefined on input line 1611.


LaTeX Font Warning: Font shape `TU/ptm/b/n' undefined
(Font)              using `TU/ptm/bx/n' instead on input line 1613.


LaTeX Warning: Reference `eqn:4.19' on page 13 undefined on input line 1613.


LaTeX Font Warning: Font shape `TU/ptm/b/n' undefined
(Font)              using `TU/ptm/bx/n' instead on input line 1627.


LaTeX Warning: Reference `eqn:sim1' on page 13 undefined on input line 1627.


LaTeX Font Warning: Font shape `TU/ptm/b/n' undefined
(Font)              using `TU/ptm/bx/n' instead on input line 1631.


LaTeX Warning: Reference `eqn:4.3' on page 13 undefined on input line 1631.


LaTeX Font Warning: Font shape `TU/ptm/b/n' undefined
(Font)              using `TU/ptm/bx/n' instead on input line 1632.


LaTeX Warning: Reference `eqn:4.1' on page 13 undefined on input line 1632.


LaTeX Font Warning: Font shape `TU/ptm/b/n' undefined
(Font)              using `TU/ptm/bx/n' instead on input line 1633.


LaTeX Warning: Reference `eqn:4.10' on page 13 undefined on input line 1633.


LaTeX Font Warning: Font shape `TU/ptm/b/n' undefined
(Font)              using `TU/ptm/bx/n' instead on input line 1634.


LaTeX Warning: Reference `eqn:4.19' on page 13 undefined on input line 1634.


LaTeX Font Warning: Font shape `TU/ptm/b/n' undefined
(Font)              using `TU/ptm/bx/n' instead on input line 1642.


LaTeX Warning: Reference `eqn:sim1' on page 13 undefined on input line 1642.


LaTeX Font Warning: Font shape `TU/ptm/b/n' undefined
(Font)              using `TU/ptm/bx/n' instead on input line 1645.


LaTeX Warning: Reference `fig:05_simulations/sims/time' on page 13 undefined on
 input line 1645.


LaTeX Font Warning: Font shape `TU/ptm/b/n' undefined
(Font)              using `TU/ptm/bx/n' instead on input line 1649.


LaTeX Warning: Reference `fig:03_bayes_bounds/risk/simulations' on page 13 unde
fined on input line 1649.

[13]

LaTeX Font Warning: Font shape `TU/ptm/b/n' undefined
(Font)              using `TU/ptm/bx/n' instead on input line 1663.


LaTeX Warning: Reference `fig:05_simulations/sims/bandwidth' on page 14 undefin
ed on input line 1663.


LaTeX Font Warning: Font shape `TU/ptm/b/n' undefined
(Font)              using `TU/ptm/bx/n' instead on input line 1663.


LaTeX Warning: Reference `fig:05_simulations/sims/examples' on page 14 undefine
d on input line 1663.


LaTeX Font Warning: Font shape `TU/ptm/b/n' undefined
(Font)              using `TU/ptm/bx/n' instead on input line 1663.


LaTeX Warning: Reference `fig:05_simulations/sims/bandwidth' on page 14 undefin
ed on input line 1663.


LaTeX Font Warning: Font shape `TU/ptm/b/n' undefined
(Font)              using `TU/ptm/bx/n' instead on input line 1663.


LaTeX Warning: Reference `fig:05_simulations/sims/examples' on page 14 undefine
d on input line 1663.


LaTeX Font Warning: Font shape `TU/ptm/b/n' undefined
(Font)              using `TU/ptm/bx/n' instead on input line 1669.


LaTeX Warning: Reference `fig:05_simulations/sims/bandwidth' on page 14 undefin
ed on input line 1669.


LaTeX Font Warning: Font shape `TU/ptm/b/n' undefined
(Font)              using `TU/ptm/bx/n' instead on input line 1676.


LaTeX Warning: Reference `fig:05_simulations/sims/bandwidth' on page 14 undefin
ed on input line 1676.


LaTeX Font Warning: Font shape `TU/ptm/b/n' undefined
(Font)              using `TU/ptm/bx/n' instead on input line 1693.


LaTeX Warning: Reference `fig:05_simulations/sims/examples' on page 14 undefine
d on input line 1693.


LaTeX Font Warning: Font shape `TU/ptm/b/n' undefined
(Font)              using `TU/ptm/bx/n' instead on input line 1722.


LaTeX Warning: Reference `fig:05_simulations/sims/failure' on page 14 undefined
 on input line 1722.


LaTeX Font Warning: Font shape `TU/ptm/b/n' undefined
(Font)              using `TU/ptm/bx/n' instead on input line 1728.


LaTeX Font Warning: Font shape `TU/ptm/b/n' undefined
(Font)              using `TU/ptm/bx/n' instead on input line 1731.


LaTeX Warning: Reference `eqn:5.1' on page 14 undefined on input line 1731.

[14]

LaTeX Font Warning: Font shape `TU/ptm/b/n' undefined
(Font)              using `TU/ptm/bx/n' instead on input line 1761.


LaTeX Warning: Reference `eqn:2.4' on page 15 undefined on input line 1761.


LaTeX Font Warning: Font shape `TU/ptm/b/n' undefined
(Font)              using `TU/ptm/bx/n' instead on input line 1763.


LaTeX Warning: Citation `lima023' on page 15 undefined on input line 1763.


LaTeX Font Warning: Font shape `TU/ptm/b/n' undefined
(Font)              using `TU/ptm/bx/n' instead on input line 1764.


LaTeX Warning: Citation `daley2003introduction' on page 15 undefined on input l
ine 1764.


LaTeX Font Warning: Font shape `TU/ptm/b/n' undefined
(Font)              using `TU/ptm/bx/n' instead on input line 1770.


LaTeX Warning: Reference `eqn:2.4' on page 15 undefined on input line 1770.


LaTeX Font Warning: Font shape `TU/ptm/b/n' undefined
(Font)              using `TU/ptm/bx/n' instead on input line 1791.


LaTeX Warning: Reference `eqn:2.9' on page 15 undefined on input line 1791.

[15]

LaTeX Font Warning: Font shape `TU/ptm/b/n' undefined
(Font)              using `TU/ptm/bx/n' instead on input line 1804.


LaTeX Warning: Citation `andersen2012statistical' on page 16 undefined on input
 line 1804.


LaTeX Font Warning: Font shape `TU/ptm/b/n' undefined
(Font)              using `TU/ptm/bx/n' instead on input line 1816.


LaTeX Warning: Reference `eqn:a1' on page 16 undefined on input line 1816.


LaTeX Font Warning: Font shape `TU/ptm/b/n' undefined
(Font)              using `TU/ptm/bx/n' instead on input line 1834.


LaTeX Warning: Reference `eqn:a2' on page 16 undefined on input line 1834.


LaTeX Font Warning: Font shape `TU/ptm/b/n' undefined
(Font)              using `TU/ptm/bx/n' instead on input line 1840.


LaTeX Warning: Reference `eqn:a5' on page 16 undefined on input line 1840.


LaTeX Font Warning: Font shape `TU/ptm/b/n' undefined
(Font)              using `TU/ptm/bx/n' instead on input line 1841.


LaTeX Warning: Citation `andersen2012statistical' on page 16 undefined on input
 line 1841.


LaTeX Font Warning: Font shape `TU/ptm/b/n' undefined
(Font)              using `TU/ptm/bx/n' instead on input line 1856.


LaTeX Warning: Citation `andersen2012statistical' on page 16 undefined on input
 line 1856.


LaTeX Font Warning: Font shape `TU/ptm/b/n' undefined
(Font)              using `TU/ptm/bx/n' instead on input line 1867.


LaTeX Warning: Reference `eqn:a7' on page 16 undefined on input line 1867.


LaTeX Font Warning: Font shape `TU/ptm/b/n' undefined
(Font)              using `TU/ptm/bx/n' instead on input line 1895.


LaTeX Warning: Reference `lemma:1' on page 16 undefined on input line 1895.


LaTeX Font Warning: Font shape `TU/ptm/b/n' undefined
(Font)              using `TU/ptm/bx/n' instead on input line 1897.


LaTeX Warning: Reference `eqn:3.3' on page 16 undefined on input line 1897.

[16]

LaTeX Font Warning: Font shape `TU/ptm/b/n' undefined
(Font)              using `TU/ptm/bx/n' instead on input line 1908.


LaTeX Warning: Reference `eqn:b1' on page 17 undefined on input line 1908.


LaTeX Font Warning: Font shape `TU/ptm/b/n' undefined
(Font)              using `TU/ptm/bx/n' instead on input line 1919.


LaTeX Warning: Reference `eqn:b3' on page 17 undefined on input line 1919.


LaTeX Font Warning: Font shape `TU/ptm/b/n' undefined
(Font)              using `TU/ptm/bx/n' instead on input line 1920.


LaTeX Warning: Reference `eqn:b1' on page 17 undefined on input line 1920.


LaTeX Font Warning: Font shape `TU/ptm/b/n' undefined
(Font)              using `TU/ptm/bx/n' instead on input line 1931.


LaTeX Warning: Reference `lemma:1' on page 17 undefined on input line 1931.


LaTeX Font Warning: Font shape `TU/ptm/b/n' undefined
(Font)              using `TU/ptm/bx/n' instead on input line 1941.


LaTeX Warning: Reference `eqn:b1' on page 17 undefined on input line 1941.


LaTeX Font Warning: Font shape `TU/ptm/b/n' undefined
(Font)              using `TU/ptm/bx/n' instead on input line 1941.


LaTeX Warning: Reference `lemma:1' on page 17 undefined on input line 1941.


LaTeX Font Warning: Font shape `TU/ptm/b/n' undefined
(Font)              using `TU/ptm/bx/n' instead on input line 1944.


LaTeX Warning: Reference `lemma:2' on page 17 undefined on input line 1944.


LaTeX Font Warning: Font shape `TU/ptm/b/n' undefined
(Font)              using `TU/ptm/bx/n' instead on input line 1945.


LaTeX Warning: Reference `lemma:2' on page 17 undefined on input line 1945.


LaTeX Font Warning: Font shape `TU/ptm/b/n' undefined
(Font)              using `TU/ptm/bx/n' instead on input line 1946.


LaTeX Warning: Reference `eqn:a7' on page 17 undefined on input line 1946.


LaTeX Font Warning: Font shape `TU/ptm/b/n' undefined
(Font)              using `TU/ptm/bx/n' instead on input line 1956.


LaTeX Warning: Reference `lemma:5' on page 17 undefined on input line 1956.


LaTeX Font Warning: Font shape `TU/ptm/b/n' undefined
(Font)              using `TU/ptm/bx/n' instead on input line 1957.


LaTeX Warning: Reference `eqn:3.15' on page 17 undefined on input line 1957.


LaTeX Font Warning: Font shape `TU/ptm/b/n' undefined
(Font)              using `TU/ptm/bx/n' instead on input line 1957.


LaTeX Warning: Reference `lemma:5' on page 17 undefined on input line 1957.


LaTeX Font Warning: Font shape `TU/ptm/b/n' undefined
(Font)              using `TU/ptm/bx/n' instead on input line 1958.


LaTeX Warning: Citation `le2021exponential' on page 17 undefined on input line 
1958.


LaTeX Font Warning: Font shape `TU/ptm/b/n' undefined
(Font)              using `TU/ptm/bx/n' instead on input line 1959.


LaTeX Warning: Reference `lemma:5' on page 17 undefined on input line 1959.


LaTeX Font Warning: Font shape `TU/ptm/b/n' undefined
(Font)              using `TU/ptm/bx/n' instead on input line 1968.


LaTeX Warning: Reference `eqn:b2' on page 17 undefined on input line 1968.


LaTeX Font Warning: Font shape `TU/ptm/b/n' undefined
(Font)              using `TU/ptm/bx/n' instead on input line 1973.


LaTeX Warning: Reference `eqn:b4' on page 17 undefined on input line 1973.


LaTeX Font Warning: Font shape `TU/ptm/b/n' undefined
(Font)              using `TU/ptm/bx/n' instead on input line 1974.


LaTeX Warning: Reference `eqn:b4' on page 17 undefined on input line 1974.


LaTeX Font Warning: Font shape `TU/ptm/b/n' undefined
(Font)              using `TU/ptm/bx/n' instead on input line 1974.


LaTeX Warning: Reference `eqn:3.15' on page 17 undefined on input line 1974.


LaTeX Font Warning: Font shape `TU/ptm/b/n' undefined
(Font)              using `TU/ptm/bx/n' instead on input line 1977.


LaTeX Warning: Reference `theorem:3' on page 17 undefined on input line 1977.


LaTeX Font Warning: Font shape `TU/ptm/b/n' undefined
(Font)              using `TU/ptm/bx/n' instead on input line 1978.


LaTeX Warning: Reference `eqn:3.21' on page 17 undefined on input line 1978.


LaTeX Font Warning: Font shape `TU/ptm/b/n' undefined
(Font)              using `TU/ptm/bx/n' instead on input line 1979.


LaTeX Warning: Reference `eqn:2.8' on page 17 undefined on input line 1979.


LaTeX Font Warning: Font shape `TU/ptm/b/n' undefined
(Font)              using `TU/ptm/bx/n' instead on input line 1982.


LaTeX Warning: Reference `eqn:3.19' on page 17 undefined on input line 1982.


LaTeX Font Warning: Font shape `TU/ptm/b/n' undefined
(Font)              using `TU/ptm/bx/n' instead on input line 1999.


LaTeX Warning: Reference `eqn:b7' on page 17 undefined on input line 1999.

[17]

LaTeX Font Warning: Font shape `TU/ptm/b/n' undefined
(Font)              using `TU/ptm/bx/n' instead on input line 2025.


LaTeX Warning: Reference `lemma:4' on page 18 undefined on input line 2025.


LaTeX Font Warning: Font shape `TU/ptm/b/n' undefined
(Font)              using `TU/ptm/bx/n' instead on input line 2025.


LaTeX Warning: Reference `eqn:b6-2' on page 18 undefined on input line 2025.


LaTeX Font Warning: Font shape `TU/ptm/b/n' undefined
(Font)              using `TU/ptm/bx/n' instead on input line 2039.


LaTeX Warning: Reference `eqn:b11' on page 18 undefined on input line 2039.


LaTeX Font Warning: Font shape `TU/ptm/b/n' undefined
(Font)              using `TU/ptm/bx/n' instead on input line 2043.


LaTeX Warning: Reference `eqn:b11' on page 18 undefined on input line 2043.


LaTeX Font Warning: Font shape `TU/ptm/b/n' undefined
(Font)              using `TU/ptm/bx/n' instead on input line 2044.


LaTeX Warning: Reference `theorem:3' on page 18 undefined on input line 2044.


LaTeX Font Warning: Font shape `TU/ptm/b/n' undefined
(Font)              using `TU/ptm/bx/n' instead on input line 2047.


LaTeX Warning: Reference `theorem:4' on page 18 undefined on input line 2047.


LaTeX Font Warning: Font shape `TU/ptm/b/n' undefined
(Font)              using `TU/ptm/bx/n' instead on input line 2050.


LaTeX Warning: Reference `eqn:b7' on page 18 undefined on input line 2050.


LaTeX Font Warning: Font shape `TU/ptm/b/n' undefined
(Font)              using `TU/ptm/bx/n' instead on input line 2051.


LaTeX Warning: Reference `eqn:3.17' on page 18 undefined on input line 2051.


LaTeX Font Warning: Font shape `TU/ptm/b/n' undefined
(Font)              using `TU/ptm/bx/n' instead on input line 2051.


LaTeX Warning: Reference `lemma:6' on page 18 undefined on input line 2051.


LaTeX Font Warning: Font shape `TU/ptm/b/n' undefined
(Font)              using `TU/ptm/bx/n' instead on input line 2052.


LaTeX Warning: Reference `eqn:b7' on page 18 undefined on input line 2052.


LaTeX Font Warning: Font shape `TU/ptm/b/n' undefined
(Font)              using `TU/ptm/bx/n' instead on input line 2067.


LaTeX Warning: Reference `lemma:4' on page 18 undefined on input line 2067.


LaTeX Font Warning: Font shape `TU/ptm/b/n' undefined
(Font)              using `TU/ptm/bx/n' instead on input line 2067.


LaTeX Warning: Reference `eqn:b6-1' on page 18 undefined on input line 2067.


LaTeX Font Warning: Font shape `TU/ptm/b/n' undefined
(Font)              using `TU/ptm/bx/n' instead on input line 2067.


LaTeX Warning: Reference `eqn:b6-2' on page 18 undefined on input line 2067.


LaTeX Font Warning: Font shape `TU/ptm/b/n' undefined
(Font)              using `TU/ptm/bx/n' instead on input line 2083.


LaTeX Warning: Reference `eqn:b12' on page 18 undefined on input line 2083.


LaTeX Font Warning: Font shape `TU/ptm/b/n' undefined
(Font)              using `TU/ptm/bx/n' instead on input line 2086.


LaTeX Warning: Reference `theorem:4' on page 18 undefined on input line 2086.


LaTeX Font Warning: Font shape `TU/ptm/b/n' undefined
(Font)              using `TU/ptm/bx/n' instead on input line 2092.


LaTeX Warning: Reference `theorem:5' on page 18 undefined on input line 2092.


LaTeX Font Warning: Font shape `TU/ptm/b/n' undefined
(Font)              using `TU/ptm/bx/n' instead on input line 2093.


LaTeX Warning: Reference `theorem:5' on page 18 undefined on input line 2093.


LaTeX Font Warning: Font shape `TU/ptm/b/n' undefined
(Font)              using `TU/ptm/bx/n' instead on input line 2094.


LaTeX Warning: Citation `greblicki1978asymptotically' on page 18 undefined on i
nput line 2094.


LaTeX Font Warning: Font shape `TU/ptm/b/n' undefined
(Font)              using `TU/ptm/bx/n' instead on input line 2095.


LaTeX Warning: Reference `eqn:4.6' on page 18 undefined on input line 2095.


LaTeX Font Warning: Font shape `TU/ptm/b/n' undefined
(Font)              using `TU/ptm/bx/n' instead on input line 2095.


LaTeX Warning: Reference `eqn:4.7' on page 18 undefined on input line 2095.


LaTeX Font Warning: Font shape `TU/ptm/b/n' undefined
(Font)              using `TU/ptm/bx/n' instead on input line 2136.


LaTeX Warning: Reference `eqn:c5' on page 18 undefined on input line 2136.


LaTeX Font Warning: Font shape `TU/ptm/b/n' undefined
(Font)              using `TU/ptm/bx/n' instead on input line 2150.


LaTeX Warning: Reference `eqn:c6' on page 18 undefined on input line 2150.

[18]

LaTeX Font Warning: Font shape `TU/ptm/b/n' undefined
(Font)              using `TU/ptm/bx/n' instead on input line 2165.


LaTeX Warning: Reference `eqn:c4' on page 19 undefined on input line 2165.


LaTeX Font Warning: Font shape `TU/ptm/b/n' undefined
(Font)              using `TU/ptm/bx/n' instead on input line 2176.


LaTeX Warning: Reference `lemma:7' on page 19 undefined on input line 2176.


LaTeX Font Warning: Font shape `TU/ptm/b/n' undefined
(Font)              using `TU/ptm/bx/n' instead on input line 2178.


LaTeX Warning: Citation `apostol1974mathematical' on page 19 undefined on input
 line 2178.


LaTeX Font Warning: Font shape `TU/ptm/b/n' undefined
(Font)              using `TU/ptm/bx/n' instead on input line 2198.


LaTeX Warning: Reference `eqn:2.6' on page 19 undefined on input line 2198.


LaTeX Font Warning: Font shape `TU/ptm/b/n' undefined
(Font)              using `TU/ptm/bx/n' instead on input line 2199.


LaTeX Warning: Reference `eqn:4.3' on page 19 undefined on input line 2199.


LaTeX Font Warning: Font shape `TU/ptm/b/n' undefined
(Font)              using `TU/ptm/bx/n' instead on input line 2200.


LaTeX Warning: Reference `eqn:2.4a' on page 19 undefined on input line 2200.


LaTeX Font Warning: Font shape `TU/ptm/b/n' undefined
(Font)              using `TU/ptm/bx/n' instead on input line 2229.


LaTeX Warning: Reference `eqn:c3' on page 19 undefined on input line 2229.


LaTeX Font Warning: Font shape `TU/ptm/b/n' undefined
(Font)              using `TU/ptm/bx/n' instead on input line 2235.


LaTeX Warning: Reference `eqn:b1' on page 19 undefined on input line 2235.


LaTeX Font Warning: Font shape `TU/ptm/b/n' undefined
(Font)              using `TU/ptm/bx/n' instead on input line 2291.


LaTeX Warning: Reference `eqn:4.4' on page 19 undefined on input line 2291.


LaTeX Font Warning: Font shape `TU/ptm/b/n' undefined
(Font)              using `TU/ptm/bx/n' instead on input line 2291.


LaTeX Warning: Reference `eqn:c3' on page 19 undefined on input line 2291.


LaTeX Font Warning: Font shape `TU/ptm/b/n' undefined
(Font)              using `TU/ptm/bx/n' instead on input line 2292.


LaTeX Warning: Reference `lemma:7' on page 19 undefined on input line 2292.


LaTeX Font Warning: Font shape `TU/ptm/b/n' undefined
(Font)              using `TU/ptm/bx/n' instead on input line 2298.


LaTeX Warning: Reference `lemma:8' on page 19 undefined on input line 2298.


LaTeX Font Warning: Font shape `TU/ptm/b/n' undefined
(Font)              using `TU/ptm/bx/n' instead on input line 2317.


LaTeX Warning: Reference `eqn:4.15' on page 19 undefined on input line 2317.

[19]

LaTeX Font Warning: Font shape `TU/ptm/b/n' undefined
(Font)              using `TU/ptm/bx/n' instead on input line 2333.


LaTeX Warning: Reference `eqn:d2' on page 20 undefined on input line 2333.


LaTeX Font Warning: Font shape `TU/ptm/b/n' undefined
(Font)              using `TU/ptm/bx/n' instead on input line 2340.


LaTeX Warning: Reference `eqn:d2' on page 20 undefined on input line 2340.


LaTeX Font Warning: Font shape `TU/ptm/b/n' undefined
(Font)              using `TU/ptm/bx/n' instead on input line 2357.


LaTeX Warning: Reference `eqn:4.14' on page 20 undefined on input line 2357.


LaTeX Font Warning: Font shape `TU/ptm/b/n' undefined
(Font)              using `TU/ptm/bx/n' instead on input line 2372.


LaTeX Warning: Reference `eqn:4.11' on page 20 undefined on input line 2372.


LaTeX Font Warning: Font shape `TU/ptm/b/n' undefined
(Font)              using `TU/ptm/bx/n' instead on input line 2383.


LaTeX Warning: Reference `eqn:d3' on page 20 undefined on input line 2383.


LaTeX Font Warning: Font shape `TU/ptm/b/n' undefined
(Font)              using `TU/ptm/bx/n' instead on input line 2384.


LaTeX Warning: Reference `eqn:4.15' on page 20 undefined on input line 2384.


LaTeX Font Warning: Font shape `TU/ptm/b/n' undefined
(Font)              using `TU/ptm/bx/n' instead on input line 2403.


LaTeX Warning: Reference `eqn:d3' on page 20 undefined on input line 2403.


LaTeX Font Warning: Font shape `TU/ptm/b/n' undefined
(Font)              using `TU/ptm/bx/n' instead on input line 2420.


LaTeX Warning: Reference `eqn:4.14' on page 20 undefined on input line 2420.


LaTeX Font Warning: Font shape `TU/ptm/b/n' undefined
(Font)              using `TU/ptm/bx/n' instead on input line 2420.


LaTeX Warning: Reference `eqn:4.11' on page 20 undefined on input line 2420.


LaTeX Font Warning: Font shape `TU/ptm/b/n' undefined
(Font)              using `TU/ptm/bx/n' instead on input line 2426.


LaTeX Warning: Reference `eqn:4.12' on page 20 undefined on input line 2426.

[20]

LaTeX Font Warning: Font shape `TU/ptm/b/n' undefined
(Font)              using `TU/ptm/bx/n' instead on input line 2436.


LaTeX Warning: Reference `eqn:d7' on page 21 undefined on input line 2436.


LaTeX Font Warning: Font shape `TU/ptm/b/n' undefined
(Font)              using `TU/ptm/bx/n' instead on input line 2449.


LaTeX Warning: Reference `eqn:d1' on page 21 undefined on input line 2449.


LaTeX Font Warning: Font shape `TU/ptm/b/n' undefined
(Font)              using `TU/ptm/bx/n' instead on input line 2458.


LaTeX Warning: Reference `lemma:8' on page 21 undefined on input line 2458.

[21]

LaTeX Font Warning: Font shape `TU/ptm/b/n' undefined
(Font)              using `TU/ptm/bx/n' instead on input line 2647.


LaTeX Font Warning: Font shape `TU/ptm/b/n' undefined
(Font)              using `TU/ptm/bx/n' instead on input line 2665.


LaTeX Font Warning: Font shape `TU/ptm/b/n' undefined
(Font)              using `TU/ptm/bx/n' instead on input line 2685.

[22]
(/Users/jovyntan/Desktop/work/fyp/exploration/diff_test_tex_engines/bin/compile
d_tex_pdf/2308.04796/2308.04796_xelatex.aux)

LaTeX Font Warning: Some font shapes were not available, defaults substituted.


LaTeX Warning: There were undefined references.


LaTeX Warning: Label(s) may have changed. Rerun to get cross-references right.

 )
(see the transcript file for additional information)
Output written on /Users/jovyntan/Desktop/work/fyp/exploration/diff_test_tex_en
gines/bin/compiled_tex_pdf/2308.04796/2308.04796_xelatex.pdf (22 pages).
Transcript written on /Users/jovyntan/Desktop/work/fyp/exploration/diff_test_te
x_engines/bin/compiled_tex_pdf/2308.04796/2308.04796_xelatex.log.
