This is pdfTeX, Version 3.141592653-2.6-1.40.22 (TeX Live 2021) (preloaded format=pdflatex)
 restricted \write18 enabled.
entering extended mode
(./shen_conference_draft.tex
LaTeX2e <2020-10-01> patch level 4
L3 programming layer <2021-02-18> (./IEEEtran.cls
Document Class: IEEEtran 2015/08/26 V1.8b by Michael Shell
-- See the "IEEEtran_HOWTO" manual for usage information.
-- http://www.michaelshell.org/tex/ieeetran/
(/usr/local/texlive/2021/texmf-dist/tex/latex/psnfss/ot1ptm.fd)
-- Using 8.5in x 11in (letter) paper.
-- Using PDF output.
-- This is a 10 point document.
)
** ATTENTION: Overriding command lockouts (line 3).
(/usr/local/texlive/2021/texmf-dist/tex/latex/cite/cite.sty)
(/usr/local/texlive/2021/texmf-dist/tex/latex/amsmath/amsmath.sty
For additional information on amsmath, use the `?' option.
(/usr/local/texlive/2021/texmf-dist/tex/latex/amsmath/amstext.sty
(/usr/local/texlive/2021/texmf-dist/tex/latex/amsmath/amsgen.sty))
(/usr/local/texlive/2021/texmf-dist/tex/latex/amsmath/amsbsy.sty)
(/usr/local/texlive/2021/texmf-dist/tex/latex/amsmath/amsopn.sty))
(/usr/local/texlive/2021/texmf-dist/tex/latex/amsfonts/amssymb.sty
(/usr/local/texlive/2021/texmf-dist/tex/latex/amsfonts/amsfonts.sty))
(/usr/local/texlive/2021/texmf-dist/tex/latex/algorithms/algorithmic.sty
(/usr/local/texlive/2021/texmf-dist/tex/latex/base/ifthen.sty)
(/usr/local/texlive/2021/texmf-dist/tex/latex/graphics/keyval.sty))
(/usr/local/texlive/2021/texmf-dist/tex/latex/graphics/graphicx.sty
(/usr/local/texlive/2021/texmf-dist/tex/latex/graphics/graphics.sty
(/usr/local/texlive/2021/texmf-dist/tex/latex/graphics/trig.sty)
(/usr/local/texlive/2021/texmf-dist/tex/latex/graphics-cfg/graphics.cfg)
(/usr/local/texlive/2021/texmf-dist/tex/latex/graphics-def/pdftex.def)))
(/usr/local/texlive/2021/texmf-dist/tex/latex/base/textcomp.sty)
(/usr/local/texlive/2021/texmf-dist/tex/latex/xcolor/xcolor.sty
(/usr/local/texlive/2021/texmf-dist/tex/latex/graphics-cfg/color.cfg))
(/usr/local/texlive/2021/texmf-dist/tex/latex/subfigure/subfigure.sty
****************************************
* Local config file subfigure.cfg used *
****************************************
(/usr/local/texlive/2021/texmf-dist/tex/latex/subfigure/subfigure.cfg))
(/usr/local/texlive/2021/texmf-dist/tex/latex/tools/multicol.sty)
(/usr/local/texlive/2021/texmf-dist/tex/latex/setspace/setspace.sty)
(/usr/local/texlive/2021/texmf-dist/tex/latex/epstopdf-pkg/epstopdf.sty
(/usr/local/texlive/2021/texmf-dist/tex/generic/infwarerr/infwarerr.sty)
(/usr/local/texlive/2021/texmf-dist/tex/latex/grfext/grfext.sty
(/usr/local/texlive/2021/texmf-dist/tex/generic/kvdefinekeys/kvdefinekeys.sty))
 (/usr/local/texlive/2021/texmf-dist/tex/latex/kvoptions/kvoptions.sty
(/usr/local/texlive/2021/texmf-dist/tex/generic/ltxcmds/ltxcmds.sty)
(/usr/local/texlive/2021/texmf-dist/tex/generic/kvsetkeys/kvsetkeys.sty))
(/usr/local/texlive/2021/texmf-dist/tex/generic/pdftexcmds/pdftexcmds.sty
(/usr/local/texlive/2021/texmf-dist/tex/generic/iftex/iftex.sty))
(/usr/local/texlive/2021/texmf-dist/tex/latex/epstopdf-pkg/epstopdf-base.sty
(/usr/local/texlive/2021/texmf-dist/tex/latex/latexconfig/epstopdf-sys.cfg)))
(/usr/local/texlive/2021/texmf-dist/tex/latex/fancyhdr/fancyhdr.sty)
(/usr/local/texlive/2021/texmf-dist/tex/latex/tools/indentfirst.sty)
(/usr/local/texlive/2021/texmf-dist/tex/latex/tools/enumerate.sty)
(/usr/local/texlive/2021/texmf-dist/tex/latex/caption/caption.sty
(/usr/local/texlive/2021/texmf-dist/tex/latex/caption/caption3.sty)

Package caption Warning: Unknown document class (or package),
(caption)                standard defaults will be used.
See the caption package documentation for explanation.

) (/usr/local/texlive/2021/texmf-dist/tex/latex/leftidx/leftidx.sty)
(/usr/local/texlive/2021/texmf-dist/tex/latex/float/float.sty)
(/usr/local/texlive/2021/texmf-dist/tex/latex/breqn/breqn.sty
(/usr/local/texlive/2021/texmf-dist/tex/latex/l3kernel/expl3.sty
(/usr/local/texlive/2021/texmf-dist/tex/latex/l3backend/l3backend-pdftex.def))
(/usr/local/texlive/2021/texmf-dist/tex/latex/breqn/flexisym.sty
(/usr/local/texlive/2021/texmf-dist/tex/latex/breqn/cmbase.sym)
(/usr/local/texlive/2021/texmf-dist/tex/latex/breqn/mathstyle.sty))
(/usr/local/texlive/2021/texmf-dist/tex/latex/tools/calc.sty))
(/usr/local/texlive/2021/texmf-dist/tex/latex/bbm-macros/bbm.sty)
(/usr/local/texlive/2021/texmf-dist/tex/latex/booktabs/booktabs.sty)
(/usr/local/texlive/2021/texmf-dist/tex/latex/tools/bm.sty)
(/usr/local/texlive/2021/texmf-dist/tex/latex/multirow/multirow.sty)
(/usr/local/texlive/2021/texmf-dist/tex/latex/totcount/totcount.sty)
(/usr/local/texlive/2021/texmf-dist/tex/latex/algorithms/algorithm.sty)
No file 2308.03556_pdflatex.aux.
-- Lines per column: 58 (approximate, difference = 3.35541pt).
(/usr/local/texlive/2021/texmf-dist/tex/context/base/mkii/supp-pdf.mkii
[Loading MPS to PDF converter (version 2006.09.02).]
) (/usr/local/texlive/2021/texmf-dist/tex/latex/psnfss/omsptm.fd)

LaTeX Warning: Citation `s41' on page 1 undefined on input line 78.


LaTeX Warning: Citation `s33' on page 1 undefined on input line 80.


LaTeX Warning: Citation `s43' on page 1 undefined on input line 80.


LaTeX Warning: Citation `Joint1' on page 1 undefined on input line 81.


LaTeX Warning: Citation `Joint2' on page 1 undefined on input line 81.


LaTeX Warning: Citation `ss32' on page 1 undefined on input line 81.


LaTeX Warning: Citation `cfocompen' on page 1 undefined on input line 81.


LaTeX Warning: Citation `s9' on page 1 undefined on input line 83.


LaTeX Warning: Citation `smm1' on page 1 undefined on input line 85.


LaTeX Warning: Citation `smm2' on page 1 undefined on input line 85.


Underfull \vbox (badness 10000) has occurred while \output is active [1{/usr/lo
cal/texlive/2021/texmf-var/fonts/map/pdftex/updmap/pdftex.map}]
(/usr/local/texlive/2021/texmf-dist/tex/latex/amsfonts/umsa.fd)
(/usr/local/texlive/2021/texmf-dist/tex/latex/amsfonts/umsb.fd)

LaTeX Warning: Citation `3gpp' on page 2 undefined on input line 94.


LaTeX Warning: Citation `g1' on page 2 undefined on input line 97.


LaTeX Warning: Citation `Joint1' on page 2 undefined on input line 97.


LaTeX Warning: Citation `Joint2' on page 2 undefined on input line 97.


LaTeX Warning: Citation `s22' on page 2 undefined on input line 97.


LaTeX Warning: Citation `smm1' on page 2 undefined on input line 97.


LaTeX Warning: Citation `smm1' on page 2 undefined on input line 97.


LaTeX Warning: Reference `angleD' on page 2 undefined on input line 112.


LaTeX Warning: Citation `smm1' on page 2 undefined on input line 112.


LaTeX Warning: Citation `s22' on page 2 undefined on input line 112.


LaTeX Warning: Citation `3gpp' on page 2 undefined on input line 113.


LaTeX Warning: Reference `angleD' on page 2 undefined on input line 122.


LaTeX Warning: Reference `allsig' on page 2 undefined on input line 122.

[2]

LaTeX Warning: Reference `ryDDA' on page 3 undefined on input line 128.


Underfull \hbox (badness 5147) in paragraph at lines 126--132
[][] \OMS/cmsy/m/n/10 2

Underfull \hbox (badness 10000) in paragraph at lines 136--138
\OT1/ptm/m/n/10 where $\OT1/cmr/bx/n/10 Y[] \OT1/cmr/m/n/10 = [][]$\OT1/ptm/m/n
/10 , $\OT1/cmr/bx/n/10 C[] \OT1/cmr/m/n/10 =

Underfull \hbox (badness 6542) in paragraph at lines 136--138
[][]$\OT1/ptm/m/n/10 , $\OT1/cmr/bx/n/10 W[] \OT1/cmr/m/n/10 = (\OT1/cmr/bx/n/1
0 T[] \OMS/cmsy/m/n/10 
 \OT1/cmr/bx/n/10 I[]\OT1/cmr/m/n/10 )\OT1/cmr/bx/n/10 H[]$\OT1/ptm/m/n/10 , an
d

Overfull \hbox (8.94127pt too wide) detected at line 157
[]

Underfull \vbox (badness 10000) has occurred while \output is active

pdfTeX warning: pdflatex (file ./factorGraph.pdf): PDF inclusion: found PDF ver
sion <1.7>, but at most version <1.5> allowed

LaTeX Warning: Reference `allframe' on page 3 undefined on input line 173.


LaTeX Warning: Reference `sprior' on page 3 undefined on input line 173.


Underfull \hbox (badness 4595) in paragraph at lines 157--175
\OT1/ptm/m/n/10 where $\OML/cmm/m/it/10  \OT1/cmr/m/n/10 (\OML/cmm/m/it/10 s[];
 s[]\OT1/cmr/m/n/10 ) = [](\OML/cmm/m/it/10 ^^Ls[]s[]\OT1/cmr/m/n/10 )$\OT1/ptm
/m/n/10 , $\OML/cmm/m/it/10 ^^M\OT1/cmr/m/n/10 (\OML/cmm/m/it/10 s[]\OT1/cmr/m/
n/10 ) =

LaTeX Warning: Reference `allframe' on page 3 undefined on input line 185.


LaTeX Warning: Reference `map' on page 3 undefined on input line 195.


LaTeX Warning: Reference `map' on page 3 undefined on input line 196.


LaTeX Warning: Citation `Joint1' on page 3 undefined on input line 196.


LaTeX Warning: Reference `map' on page 3 undefined on input line 196.


LaTeX Warning: Citation `phase1' on page 3 undefined on input line 196.

[3 <./factorGraph.pdf>]

LaTeX Warning: Reference `post' on page 4 undefined on input line 200.


LaTeX Warning: Reference `post' on page 4 undefined on input line 202.


LaTeX Warning: Reference `Factor' on page 4 undefined on input line 202.


LaTeX Warning: Reference `Factor' on page 4 undefined on input line 204.


LaTeX Warning: Reference `allframe' on page 4 undefined on input line 204.


LaTeX Warning: Reference `post' on page 4 undefined on input line 204.


LaTeX Warning: Reference `Factor' on page 4 undefined on input line 205.


LaTeX Warning: Reference `wr' on page 4 undefined on input line 205.


LaTeX Warning: Reference `constraint' on page 4 undefined on input line 205.


LaTeX Warning: Reference `Factor' on page 4 undefined on input line 208.


LaTeX Warning: Reference `wr' on page 4 undefined on input line 209.


LaTeX Warning: Reference `constraint' on page 4 undefined on input line 210.


LaTeX Warning: Citation `sss' on page 4 undefined on input line 214.


LaTeX Warning: Reference `hprior' on page 4 undefined on input line 228.


Underfull \hbox (badness 10000) in paragraph at lines 234--246
[][] [][] \OT1/cmr/m/n/10 ^^A[] [][] 
[]\OML/cmm/m/it/10 ^^M\OT1/cmr/m/n/10 (\OML/cmm/m/it/10 s[]\OT1/cmr/m/n/10 )\OM
L/cmm/m/it/10  \OT1/cmr/m/n/10 (\OML/cmm/m/it/10 s[]; s[]\OT1/cmr/m/n/10 )$\OT1
/ptm/m/n/10 ,

Underfull \vbox (badness 10000) has occurred while \output is active [4]

LaTeX Warning: Reference `posth' on page 5 undefined on input line 311.


LaTeX Warning: Reference `postend' on page 5 undefined on input line 313.


LaTeX Warning: Reference `em1' on page 5 undefined on input line 333.


LaTeX Warning: Reference `em4' on page 5 undefined on input line 333.


LaTeX Warning: Reference `gampout' on page 5 undefined on input line 350.


LaTeX Warning: Reference `CCESDfirst' on page 5 undefined on input line 350.


LaTeX Warning: Reference `initialS' on page 5 undefined on input line 350.


LaTeX Warning: Reference `outputS' on page 5 undefined on input line 350.


LaTeX Warning: Reference `TSEend' on page 5 undefined on input line 350.


LaTeX Warning: Reference `tstart' on page 5 undefined on input line 350.


LaTeX Warning: Reference `tend' on page 5 undefined on input line 350.


LaTeX Warning: Reference `poststart' on page 5 undefined on input line 350.


LaTeX Warning: Reference `postend' on page 5 undefined on input line 350.


LaTeX Warning: Reference `em1' on page 5 undefined on input line 350.


LaTeX Warning: Reference `em4' on page 5 undefined on input line 350.


LaTeX Warning: Reference `tE' on page 5 undefined on input line 350.


LaTeX Warning: Reference `posth' on page 5 undefined on input line 350.


LaTeX Warning: Reference `detectA' on page 5 undefined on input line 350.



pdfTeX warning: pdflatex (file ./AER.pdf): PDF inclusion: found PDF version <1.
7>, but at most version <1.5> allowed

Underfull \hbox (badness 10000) in paragraph at lines 362--362



pdfTeX warning: pdflatex (file ./NMSE.pdf): PDF inclusion: found PDF version <1
.7>, but at most version <1.5> allowed

Underfull \hbox (badness 10000) in paragraph at lines 369--369



pdfTeX warning: pdflatex (file ./SER.pdf): PDF inclusion: found PDF version <1.
7>, but at most version <1.5> allowed

Underfull \hbox (badness 10000) in paragraph at lines 375--375


LaTeX Warning: Citation `3gpp' on page 5 undefined on input line 379.


LaTeX Warning: Citation `Joint2' on page 5 undefined on input line 380.


LaTeX Warning: Reference `AER' on page 5 undefined on input line 386.


LaTeX Warning: Reference `NMSE' on page 5 undefined on input line 386.


LaTeX Warning: Reference `SER' on page 5 undefined on input line 386.


LaTeX Warning: Citation `smm1' on page 5 undefined on input line 386.


LaTeX Warning: Reference `AER' on page 5 undefined on input line 391.


LaTeX Warning: Reference `NMSE' on page 5 undefined on input line 391.


LaTeX Warning: Reference `SER' on page 5 undefined on input line 392.

[5]
No file 2308.03556_pdflatex.bbl.

** Conference Paper **
Before submitting the final camera ready copy, remember to:

 1. Manually equalize the lengths of two columns on the last page
 of your paper;

 2. Ensure that any PostScript and/or PDF output post-processing
 uses only Type 1 fonts and that every step in the generation
 process uses the appropriate paper size.

[6 <./AER.pdf> <./NMSE.pdf

pdfTeX warning: pdflatex (file ./NMSE.pdf): PDF inclusion: multiple pdfs with p
age group included in a single page
> <./SER.pdf

pdfTeX warning: pdflatex (file ./SER.pdf): PDF inclusion: multiple pdfs with pa
ge group included in a single page
>]
(/Users/jovyntan/Desktop/work/fyp/exploration/diff_test_tex_engines/bin/compile
d_tex_pdf/2308.03556/2308.03556_pdflatex.aux)

LaTeX Warning: There were undefined references.


LaTeX Warning: Label(s) may have changed. Rerun to get cross-references right.

 )
(see the transcript file for additional information){/usr/local/texlive/2021/te
xmf-dist/fonts/enc/dvips/base/8r.enc}</usr/local/texlive/2021/texmf-dist/fonts/
type1/public/amsfonts/cm/cmbx10.pfb></usr/local/texlive/2021/texmf-dist/fonts/t
ype1/public/amsfonts/cm/cmbx7.pfb></usr/local/texlive/2021/texmf-dist/fonts/typ
e1/public/amsfonts/cm/cmex10.pfb></usr/local/texlive/2021/texmf-dist/fonts/type
1/public/amsfonts/cmextra/cmex7.pfb></usr/local/texlive/2021/texmf-dist/fonts/t
ype1/public/amsfonts/cm/cmmi10.pfb></usr/local/texlive/2021/texmf-dist/fonts/ty
pe1/public/amsfonts/cm/cmmi5.pfb></usr/local/texlive/2021/texmf-dist/fonts/type
1/public/amsfonts/cm/cmmi6.pfb></usr/local/texlive/2021/texmf-dist/fonts/type1/
public/amsfonts/cm/cmmi7.pfb></usr/local/texlive/2021/texmf-dist/fonts/type1/pu
blic/amsfonts/cm/cmmi9.pfb></usr/local/texlive/2021/texmf-dist/fonts/type1/publ
ic/amsfonts/cm/cmmib10.pfb></usr/local/texlive/2021/texmf-dist/fonts/type1/publ
ic/amsfonts/cm/cmr10.pfb></usr/local/texlive/2021/texmf-dist/fonts/type1/public
/amsfonts/cm/cmr5.pfb></usr/local/texlive/2021/texmf-dist/fonts/type1/public/am
sfonts/cm/cmr7.pfb></usr/local/texlive/2021/texmf-dist/fonts/type1/public/amsfo
nts/cm/cmr9.pfb></usr/local/texlive/2021/texmf-dist/fonts/type1/public/amsfonts
/cm/cmsy10.pfb></usr/local/texlive/2021/texmf-dist/fonts/type1/public/amsfonts/
cm/cmsy5.pfb></usr/local/texlive/2021/texmf-dist/fonts/type1/public/amsfonts/cm
/cmsy7.pfb></usr/local/texlive/2021/texmf-dist/fonts/type1/public/amsfonts/cm/c
msy8.pfb></usr/local/texlive/2021/texmf-dist/fonts/type1/public/amsfonts/symbol
s/msam10.pfb></usr/local/texlive/2021/texmf-dist/fonts/type1/public/amsfonts/sy
mbols/msbm10.pfb></usr/local/texlive/2021/texmf-dist/fonts/type1/urw/times/utmb
8a.pfb></usr/local/texlive/2021/texmf-dist/fonts/type1/urw/times/utmbi8a.pfb></
usr/local/texlive/2021/texmf-dist/fonts/type1/urw/times/utmr8a.pfb></usr/local/
texlive/2021/texmf-dist/fonts/type1/urw/times/utmri8a.pfb>
Output written on /Users/jovyntan/Desktop/work/fyp/exploration/diff_test_tex_en
gines/bin/compiled_tex_pdf/2308.03556/2308.03556_pdflatex.pdf (6 pages, 720578 
bytes).
Transcript written on /Users/jovyntan/Desktop/work/fyp/exploration/diff_test_te
x_engines/bin/compiled_tex_pdf/2308.03556/2308.03556_pdflatex.log.
