This is LuaHBTeX, Version 1.13.0 (TeX Live 2021)  (format=lualatex 2021.12.5)  20 AUG 2023 02:15
 restricted system commands enabled.
**arxiv.tex
(./arxiv.tex
LaTeX2e <2020-10-01> patch level 4
Lua module: luaotfload 2021-01-08 3.17 Lua based OpenType font support
Lua module: lualibs 2020-12-30 2.73 ConTeXt Lua standard libraries.
Lua module: lualibs-extended 2020-12-30 2.73 ConTeXt Lua libraries -- extended c
ollection.
luaotfload | conf : Root cache directory is "/Users/jovyntan/Library/texlive/202
1/texmf-var/luatex-cache/generic/names".
luaotfload | init : Loading fontloader "fontloader-2021-01-07.lua" from kpse-res
olved path "/usr/local/texlive/2021/texmf-dist/tex/luatex/luaotfload/fontloader-
2021-01-07.lua".
Lua-only attribute luaotfload@noligature = 1
Lua-only attribute luaotfload@syllabe = 2
luaotfload | init : Context OpenType loader version 0x1.8e76c8b439581p+1
Inserting `luaotfload.node_processor' at position 1 in `pre_linebreak_filter'.
Inserting `luaotfload.node_processor' at position 1 in `hpack_filter'.
Inserting `luaotfload.glyph_stream' at position 1 in `glyph_stream_provider'.
Inserting `luaotfload.define_font' at position 1 in `define_font'.
Lua-only attribute luaotfload_color_attribute = 3
luaotfload | conf : Root cache directory is "/Users/jovyntan/Library/texlive/202
1/texmf-var/luatex-cache/generic/names".
Inserting `luaotfload.harf.strip_prefix' at position 1 in `find_opentype_file'.
Inserting `luaotfload.harf.strip_prefix' at position 1 in `find_truetype_file'.
Inserting `luaotfload.harf.finalize_vlist' at position 1 in `post_linebreak_filt
er'.
Inserting `luaotfload.harf.finalize_hlist' at position 2 in `hpack_filter'.
Inserting `luaotfload.cleanup_files' at position 1 in `wrapup_run'.
Inserting `luaotfload.harf.finalize_unicode' at position 1 in `finish_pdffile'.
Inserting `luaotfload.glyphinfo' at position 1 in `glyph_info'.
Inserting `luaotfload.aux.set_sscale_dimens' at position 1 in `luaotfload.patch_
font'.
Inserting `luaotfload.aux.set_font_index' at position 2 in `luaotfload.patch_fon
t'.
Inserting `luaotfload.aux.patch_cambria_domh' at position 3 in `luaotfload.patch
_font'.
Inserting `luaotfload.aux.fixup_fontdata' at position 1 in `luaotfload.patch_fon
t_unsafe'.
Inserting `luaotfload.aux.set_capheight' at position 4 in `luaotfload.patch_font
'.
Inserting `luaotfload.aux.set_xheight' at position 5 in `luaotfload.patch_font'.
Inserting `luaotfload.rewrite_fontname' at position 6 in `luaotfload.patch_font'
. L3 programming layer <2021-02-18>
(/usr/local/texlive/2021/texmf-dist/tex/latex/IEEEtran/IEEEtran.cls
Document Class: IEEEtran 2015/08/26 V1.8b by Michael Shell
-- See the "IEEEtran_HOWTO" manual for usage information.
-- http://www.michaelshell.org/tex/ieeetran/
\@IEEEtrantmpdimenA=\dimen138
\@IEEEtrantmpdimenB=\dimen139
\@IEEEtrantmpdimenC=\dimen140
\@IEEEtrantmpcountA=\count175
\@IEEEtrantmpcountB=\count176
\@IEEEtrantmpcountC=\count177
\@IEEEtrantmptoksA=\toks15
LaTeX Font Info:    Trying to load font information for TU+ptm on input line 50
3.
LaTeX Font Info:    No file TUptm.fd. on input line 503.

LaTeX Font Warning: Font shape `TU/ptm/m/n' undefined
(Font)              using `TU/lmr/m/n' instead on input line 503.

luaotfload | db : Font names database loaded from /Users/jovyntan/Library/texliv
e/2021/texmf-var/luatex-cache/generic/names/luaotfload-names.luc
** ATTENTION: Single column mode is not typically used with IEEE publications.
-- Using 8.5in x 11in (letter) paper.
-- Using DVI output.
\@IEEEnormalsizeunitybaselineskip=\dimen141
-- This is a 10 point document.
\CLASSINFOnormalsizebaselineskip=\dimen142
\CLASSINFOnormalsizeunitybaselineskip=\dimen143
\IEEEnormaljot=\dimen144
\IEEEquantizedlength=\dimen145
\IEEEquantizedlengthdiff=\dimen146
\IEEEquantizedtextheightdiff=\dimen147
\IEEEilabelindentA=\dimen148
\IEEEilabelindentB=\dimen149
\IEEEilabelindent=\dimen150
\IEEEelabelindent=\dimen151
\IEEEdlabelindent=\dimen152
\IEEElabelindent=\dimen153
\IEEEiednormlabelsep=\dimen154
\IEEEiedmathlabelsep=\dimen155
\IEEEiedtopsep=\skip47
\c@section=\count178
\c@subsection=\count179
\c@subsubsection=\count180
\c@paragraph=\count181
\c@IEEEsubequation=\count182
\abovecaptionskip=\skip48
\belowcaptionskip=\skip49
\c@figure=\count183
\c@table=\count184
\@IEEEeqnnumcols=\count185
\@IEEEeqncolcnt=\count186
\@IEEEsubeqnnumrollback=\count187
\@IEEEquantizeheightA=\dimen156
\@IEEEquantizeheightB=\dimen157
\@IEEEquantizeheightC=\dimen158
\@IEEEquantizeprevdepth=\dimen159
\@IEEEquantizemultiple=\count188
\@IEEEquantizeboxA=\box47
\@IEEEtmpitemindent=\dimen160
\IEEEPARstartletwidth=\dimen161
\c@IEEEbiography=\count189
\@IEEEtranrubishbin=\box48
) (/usr/local/texlive/2021/texmf-dist/tex/latex/base/inputenc.sty
Package: inputenc 2020/08/01 v1.3d Input encoding file
\inpenc@prehook=\toks16
\inpenc@posthook=\toks17


Package inputenc Warning: inputenc package ignored with utf8 based engines.

) (/usr/local/texlive/2021/texmf-dist/tex/latex/base/fontenc.sty
Package: fontenc 2020/08/10 v2.0s Standard LaTeX package
LaTeX Font Info:    Trying to load font information for T1+ptm on input line 11
2.

(/usr/local/texlive/2021/texmf-dist/tex/latex/psnfss/t1ptm.fd
File: t1ptm.fd 2001/06/04 font definitions for T1/ptm.
))
(/usr/local/texlive/2021/texmf-dist/tex/latex/url/url.sty
\Urlmuskip=\muskip16
Package: url 2013/09/16  ver 3.4  Verb mode for urls, etc.
)
(/usr/local/texlive/2021/texmf-dist/tex/latex/base/ifthen.sty
Package: ifthen 2014/09/29 v1.1c Standard LaTeX ifthen package (DPC)
)
(/usr/local/texlive/2021/texmf-dist/tex/latex/cite/cite.sty
LaTeX Info: Redefining \cite on input line 302.
LaTeX Info: Redefining \nocite on input line 332.
Package: cite 2015/02/27  v 5.5
)
(/usr/local/texlive/2021/texmf-dist/tex/latex/amsmath/amsmath.sty
Package: amsmath 2020/09/23 v2.17i AMS math features
\@mathmargin=\skip50

For additional information on amsmath, use the `?' option.
(/usr/local/texlive/2021/texmf-dist/tex/latex/amsmath/amstext.sty
Package: amstext 2000/06/29 v2.01 AMS text

(/usr/local/texlive/2021/texmf-dist/tex/latex/amsmath/amsgen.sty
File: amsgen.sty 1999/11/30 v2.0 generic functions
\@emptytoks=\toks18
\ex@=\dimen162
))
(/usr/local/texlive/2021/texmf-dist/tex/latex/amsmath/amsbsy.sty
Package: amsbsy 1999/11/29 v1.2d Bold Symbols
\pmbraise@=\dimen163
)
(/usr/local/texlive/2021/texmf-dist/tex/latex/amsmath/amsopn.sty
Package: amsopn 2016/03/08 v2.02 operator names
)
\inf@bad=\count190
LaTeX Info: Redefining \frac on input line 236.
\uproot@=\count191
\leftroot@=\count192
LaTeX Info: Redefining \overline on input line 399.
\classnum@=\count193
\DOTSCASE@=\count194
LaTeX Info: Redefining \ldots on input line 496.
LaTeX Info: Redefining \dots on input line 499.
LaTeX Info: Redefining \cdots on input line 620.
\Mathstrutbox@=\box49
\strutbox@=\box50
\big@size=\dimen164
LaTeX Font Info:    Redeclaring font encoding OML on input line 743.
LaTeX Font Info:    Redeclaring font encoding OMS on input line 744.
\macc@depth=\count195
\c@MaxMatrixCols=\count196
\dotsspace@=\muskip17
\c@parentequation=\count197
\dspbrk@lvl=\count198
\tag@help=\toks19
\row@=\count199
\column@=\count266
\maxfields@=\count267
\andhelp@=\toks20
\eqnshift@=\dimen165
\alignsep@=\dimen166
\tagshift@=\dimen167
\tagwidth@=\dimen168
\totwidth@=\dimen169
\lineht@=\dimen170
\@envbody=\toks21
\multlinegap=\skip51
\multlinetaggap=\skip52
\mathdisplay@stack=\toks22
LaTeX Info: Redefining \[ on input line 2923.
LaTeX Info: Redefining \] on input line 2924.
)
(/usr/local/texlive/2021/texmf-dist/tex/latex/amscls/amsthm.sty
Package: amsthm 2020/05/29 v2.20.6
\thm@style=\toks23
\thm@bodyfont=\toks24
\thm@headfont=\toks25
\thm@notefont=\toks26
\thm@headpunct=\toks27
\thm@preskip=\skip53
\thm@postskip=\skip54
\thm@headsep=\skip55
\dth@everypar=\toks28
)
(/usr/local/texlive/2021/texmf-dist/tex/latex/amsfonts/amsfonts.sty
Package: amsfonts 2013/01/14 v3.01 Basic AMSFonts support
\symAMSa=\mathgroup4
\symAMSb=\mathgroup5
LaTeX Font Info:    Redeclaring math symbol \hbar on input line 98.
LaTeX Font Info:    Overwriting math alphabet `\mathfrak' in version `bold'
(Font)                  U/euf/m/n --> U/euf/b/n on input line 106.
)
(/usr/local/texlive/2021/texmf-dist/tex/latex/amsfonts/amssymb.sty
Package: amssymb 2013/01/14 v3.01 AMS font symbols
)
(/usr/local/texlive/2021/texmf-dist/tex/latex/mathtools/mathtools.sty
Package: mathtools 2021/03/18 v1.25 mathematical typesetting tools

(/usr/local/texlive/2021/texmf-dist/tex/latex/graphics/keyval.sty
Package: keyval 2014/10/28 v1.15 key=value parser (DPC)
\KV@toks@=\toks29
)
(/usr/local/texlive/2021/texmf-dist/tex/latex/tools/calc.sty
Package: calc 2017/05/25 v4.3 Infix arithmetic (KKT,FJ)
\calc@Acount=\count268
\calc@Bcount=\count269
\calc@Adimen=\dimen171
\calc@Bdimen=\dimen172
\calc@Askip=\skip56
\calc@Bskip=\skip57
LaTeX Info: Redefining \setlength on input line 80.
LaTeX Info: Redefining \addtolength on input line 81.
\calc@Ccount=\count270
\calc@Cskip=\skip58
)
(/usr/local/texlive/2021/texmf-dist/tex/latex/mathtools/mhsetup.sty
Package: mhsetup 2021/03/18 v1.4 programming setup (MH)
)
LaTeX Info: Thecontrolsequence`\('isalreadyrobust on input line 130.
LaTeX Info: Thecontrolsequence`\)'isalreadyrobust on input line 130.
LaTeX Info: Thecontrolsequence`\['isalreadyrobust on input line 130.
LaTeX Info: Thecontrolsequence`\]'isalreadyrobust on input line 130.
\g_MT_multlinerow_int=\count271
\l_MT_multwidth_dim=\dimen173
\origjot=\skip59
\l_MT_shortvdotswithinadjustabove_dim=\dimen174
\l_MT_shortvdotswithinadjustbelow_dim=\dimen175
\l_MT_above_intertext_sep=\dimen176
\l_MT_below_intertext_sep=\dimen177
\l_MT_above_shortintertext_sep=\dimen178
\l_MT_below_shortintertext_sep=\dimen179
\xmathstrut@box=\box51
\xmathstrut@dim=\dimen180
)
(/usr/local/texlive/2021/texmf-dist/tex/latex/graphics/color.sty
Package: color 2020/02/24 v1.2b Standard LaTeX Color (DPC)

(/usr/local/texlive/2021/texmf-dist/tex/latex/graphics-cfg/color.cfg
File: color.cfg 2016/01/02 v1.6 sample color configuration
)
Package color Info: Driver file: luatex.def on input line 147.

(/usr/local/texlive/2021/texmf-dist/tex/latex/graphics-def/luatex.def
File: luatex.def 2020/10/05 v1.2a Graphics/color driver for luatex
))
(/usr/local/texlive/2021/texmf-dist/tex/latex/tools/verbatim.sty
Package: verbatim 2020-07-07 v1.5u LaTeX2e package for verbatim enhancements
\every@verbatim=\toks30
\verbatim@line=\toks31
\verbatim@in@stream=\read2
)
(/usr/local/texlive/2021/texmf-dist/tex/generic/ulem/ulem.sty
\UL@box=\box52
\UL@hyphenbox=\box53
\UL@skip=\skip60
\UL@hook=\toks32
\UL@height=\dimen181
\UL@pe=\count272
\UL@pixel=\dimen182
\ULC@box=\box54
Package: ulem 2019/11/18
\ULdepth=\dimen183
)
(/usr/local/texlive/2021/texmf-dist/tex/latex/enumitem/enumitem.sty
Package: enumitem 2019/06/20 v3.9 Customized lists
\labelindent=\skip61
\enit@outerparindent=\dimen184
\enit@toks=\toks33
\enit@inbox=\box55
\enit@count@id=\count273
\enitdp@description=\count274
)
(/usr/local/texlive/2021/texmf-dist/tex/latex/hyperref/hyperref.sty
Package: hyperref 2021-02-27 v7.00k Hypertext links for LaTeX

(/usr/local/texlive/2021/texmf-dist/tex/generic/ltxcmds/ltxcmds.sty
Package: ltxcmds 2020-05-10 v1.25 LaTeX kernel commands for general use (HO)
)
(/usr/local/texlive/2021/texmf-dist/tex/generic/iftex/iftex.sty
Package: iftex 2020/03/06 v1.0d TeX engine tests
)
(/usr/local/texlive/2021/texmf-dist/tex/generic/pdftexcmds/pdftexcmds.sty
Package: pdftexcmds 2020-06-27 v0.33 Utility functions of pdfTeX for LuaTeX (HO
)

(/usr/local/texlive/2021/texmf-dist/tex/generic/infwarerr/infwarerr.sty
Package: infwarerr 2019/12/03 v1.5 Providing info/warning/error messages (HO)
)
Package pdftexcmds Info: \pdf@primitive is available.
Package pdftexcmds Info: \pdf@ifprimitive is available.
Package pdftexcmds Info: \pdfdraftmode found.
\pdftexcmds@toks=\toks34
)
(/usr/local/texlive/2021/texmf-dist/tex/generic/kvsetkeys/kvsetkeys.sty
Package: kvsetkeys 2019/12/15 v1.18 Key value parser (HO)
)
(/usr/local/texlive/2021/texmf-dist/tex/generic/kvdefinekeys/kvdefinekeys.sty
Package: kvdefinekeys 2019-12-19 v1.6 Define keys (HO)
)
(/usr/local/texlive/2021/texmf-dist/tex/generic/pdfescape/pdfescape.sty
Package: pdfescape 2019/12/09 v1.15 Implements pdfTeX's escape features (HO)
)
(/usr/local/texlive/2021/texmf-dist/tex/latex/hycolor/hycolor.sty
Package: hycolor 2020-01-27 v1.10 Color options for hyperref/bookmark (HO)
)
(/usr/local/texlive/2021/texmf-dist/tex/latex/letltxmacro/letltxmacro.sty
Package: letltxmacro 2019/12/03 v1.6 Let assignment for LaTeX macros (HO)
)
(/usr/local/texlive/2021/texmf-dist/tex/latex/auxhook/auxhook.sty
Package: auxhook 2019-12-17 v1.6 Hooks for auxiliary files (HO)
)
(/usr/local/texlive/2021/texmf-dist/tex/latex/kvoptions/kvoptions.sty
Package: kvoptions 2020-10-07 v3.14 Key value format for package options (HO)
)
\@linkdim=\dimen185
\Hy@linkcounter=\count275
\Hy@pagecounter=\count276

(/usr/local/texlive/2021/texmf-dist/tex/latex/hyperref/pd1enc.def
File: pd1enc.def 2021-02-27 v7.00k Hyperref: PDFDocEncoding definition (HO)
)
(/usr/local/texlive/2021/texmf-dist/tex/latex/hyperref/hyperref-langpatches.def
File: hyperref-langpatches.def 2021-02-27 v7.00k Hyperref: patches for babel la
nguages
) (/usr/local/texlive/2021/texmf-dist/tex/generic/intcalc/intcalc.sty
Package: intcalc 2019/12/15 v1.3 Expandable calculations with integers (HO)
)
(/usr/local/texlive/2021/texmf-dist/tex/generic/etexcmds/etexcmds.sty
Package: etexcmds 2019/12/15 v1.7 Avoid name clashes with e-TeX commands (HO)
)
\Hy@SavedSpaceFactor=\count277

(/usr/local/texlive/2021/texmf-dist/tex/latex/hyperref/puenc.def
File: puenc.def 2021-02-27 v7.00k Hyperref: PDF Unicode definition (HO)
)
Package hyperref Info: Hyper figures OFF on input line 4192.
Package hyperref Info: Link nesting OFF on input line 4197.
Package hyperref Info: Hyper index ON on input line 4200.
Package hyperref Info: Plain pages OFF on input line 4207.
Package hyperref Info: Backreferencing OFF on input line 4212.
Package hyperref Info: Implicit mode ON; LaTeX internals redefined.
Package hyperref Info: Bookmarks ON on input line 4445.
\c@Hy@tempcnt=\count278
LaTeX Info: Redefining \url on input line 4804.
\XeTeXLinkMargin=\dimen186

(/usr/local/texlive/2021/texmf-dist/tex/generic/bitset/bitset.sty
Package: bitset 2019/12/09 v1.3 Handle bit-vector datatype (HO)

(/usr/local/texlive/2021/texmf-dist/tex/generic/bigintcalc/bigintcalc.sty
Package: bigintcalc 2019/12/15 v1.5 Expandable calculations on big integers (HO
)
))
\Fld@menulength=\count279
\Field@Width=\dimen187
\Fld@charsize=\dimen188
Package hyperref Info: Hyper figures OFF on input line 6075.
Package hyperref Info: Link nesting OFF on input line 6080.
Package hyperref Info: Hyper index ON on input line 6083.
Package hyperref Info: backreferencing OFF on input line 6090.
Package hyperref Info: Link coloring OFF on input line 6095.
Package hyperref Info: Link coloring with OCG OFF on input line 6100.
Package hyperref Info: PDF/A mode OFF on input line 6105.
LaTeX Info: Redefining \ref on input line 6145.
LaTeX Info: Redefining \pageref on input line 6149.

(/usr/local/texlive/2021/texmf-dist/tex/latex/base/atbegshi-ltx.sty
Package: atbegshi-ltx 2020/08/17 v1.0a Emulation of the original atbegshi packa
ge
with kernel methods
)
\Hy@abspage=\count280
\c@Item=\count281
\c@Hfootnote=\count282
)
Package hyperref Info: Driver (autodetected): hluatex.

(/usr/local/texlive/2021/texmf-dist/tex/latex/hyperref/hluatex.def
File: hluatex.def 2021-02-27 v7.00k Hyperref driver for luaTeX

(/usr/local/texlive/2021/texmf-dist/tex/generic/stringenc/stringenc.sty
Package: stringenc 2019/11/29 v1.12 Convert strings between diff. encodings (HO
)
)
(/usr/local/texlive/2021/texmf-dist/tex/latex/base/atveryend-ltx.sty
Package: atveryend-ltx 2020/08/19 v1.0a Emulation of the original atvery packag
e
with kernel methods
)
\Fld@listcount=\count283
\c@bookmark@seq@number=\count284

(/usr/local/texlive/2021/texmf-dist/tex/latex/rerunfilecheck/rerunfilecheck.sty
Package: rerunfilecheck 2019/12/05 v1.9 Rerun checks for auxiliary files (HO)

(/usr/local/texlive/2021/texmf-dist/tex/generic/uniquecounter/uniquecounter.sty
Package: uniquecounter 2019/12/15 v1.4 Provide unlimited unique counter (HO)
)
Package uniquecounter Info: New unique counter `rerunfilecheck' on input line 2
86.
)
\Hy@SectionHShift=\skip62
) (/usr/local/texlive/2021/texmf-dist/tex/latex/algorithm2e/algorithm2e.sty
Package: algorithm2e 2017/07/18 v5.2 algorithms environments
\c@AlgoLine=\count285
\algocf@hangindent=\skip63

(/usr/local/texlive/2021/texmf-dist/tex/latex/ifoddpage/ifoddpage.sty
Package: ifoddpage 2016/04/23 v1.1 Conditionals for odd/even page detection
\c@checkoddpage=\count286
)
(/usr/local/texlive/2021/texmf-dist/tex/latex/tools/xspace.sty
Package: xspace 2014/10/28 v1.13 Space after command names (DPC,MH)
)
(/usr/local/texlive/2021/texmf-dist/tex/latex/relsize/relsize.sty
Package: relsize 2013/03/29 ver 4.1
)
\skiptotal=\skip64
\skiplinenumber=\skip65
\skiprule=\skip66
\skiphlne=\skip67
\skiptext=\skip68
\skiplength=\skip69
\algomargin=\skip70
\skipalgocfslide=\skip71
\algowidth=\dimen189
\inoutsize=\dimen190
\inoutindent=\dimen191
\interspacetitleruled=\dimen192
\interspacealgoruled=\dimen193
\interspacetitleboxruled=\dimen194
\algocf@ruledwidth=\skip72
\algocf@inoutbox=\box56
\algocf@inputbox=\box57
\AlCapSkip=\skip73
\AlCapHSkip=\skip74
\algoskipindent=\skip75
\algocf@nlbox=\box58
\algocf@hangingbox=\box59
\algocf@untilbox=\box60
\algocf@skipuntil=\skip76
\algocf@capbox=\box61
\algocf@lcaptionbox=\skip77
\algoheightruledefault=\skip78
\algoheightrule=\skip79
\algotitleheightruledefault=\skip80
\algotitleheightrule=\skip81
\c@algocfline=\count287
\c@algocfproc=\count288
\c@algocf=\count289
\algocf@algoframe=\box62
\algocf@algobox=\box63
)
(/usr/local/texlive/2021/texmf-dist/tex/latex/algorithmicx/algpseudocode.sty
Package: algpseudocode 

(/usr/local/texlive/2021/texmf-dist/tex/latex/algorithmicx/algorithmicx.sty
Package: algorithmicx 2005/04/27 v1.2 Algorithmicx

Document Style algorithmicx 1.2 - a greatly improved `algorithmic' style
\c@ALG@line=\count290
\c@ALG@rem=\count291
\c@ALG@nested=\count292
\ALG@tlm=\skip82
\ALG@thistlm=\skip83
\c@ALG@Lnr=\count293
\c@ALG@blocknr=\count294
\c@ALG@storecount=\count295
\c@ALG@tmpcounter=\count296
\ALG@tmplength=\skip84
)
Document Style - pseudocode environments for use with the `algorithmicx' style
) (/usr/local/texlive/2021/texmf-dist/tex/latex/floatrow/floatrow.sty
Package: floatrow 2008/08/02 v0.3b floatrow: float package extension

(/usr/local/texlive/2021/texmf-dist/tex/latex/caption/caption3.sty
Package: caption3 2020/10/21 v2.2e caption3 kernel (AR)
\captionmargin=\dimen195
\captionmargin@=\dimen196
\captionwidth=\dimen197
\caption@tempdima=\dimen198
\caption@indent=\dimen199
\caption@parindent=\dimen256
\caption@hangindent=\dimen257
Package caption Info: Unknown document class (or package),
(caption)             standard defaults will be used.
Package caption Info: \@makecaption = \long macro:#1#2->\ifx \@captype \@IEEEta
blestring \footnotesize \bgroup \par \centering \@IEEEtabletopskipstrut {\norma
lfont \footnotesize #1}\\{\normalfont \footnotesize \scshape #2}\par \addvspace
 {0.5\baselineskip }\egroup \@IEEEtablecaptionsepspace \else \@IEEEfigurecaptio
nsepspace \setbox \@tempboxa \hbox {\normalfont \footnotesize {#1.}\nobreakspac
e \nobreakspace #2}\ifdim \wd \@tempboxa >\hsize \setbox \@tempboxa \hbox {\nor
malfont \footnotesize {#1.}\nobreakspace \nobreakspace }\parbox [t]{\hsize }{\n
ormalfont \footnotesize \noindent \unhbox \@tempboxa #2}\else \ifCLASSOPTIONcon
ference \hbox to\hsize {\normalfont \footnotesize \hfil \box \@tempboxa \hfil }
\else \hbox to\hsize {\normalfont \footnotesize \box \@tempboxa \hfil }\fi \fi 
\fi  on input line 1139.
)
\c@float@type=\count297
\float@exts=\toks35
\float@box=\box64
\@floatcapt=\box65
Package floatrow Info: Modified float package code loaded on input line 455.
Package floatrow Info: Modified rotfloat package code loaded on input line 473.

\FR@everyfloat=\toks36
\flrow@foot=\insert252
\FB@wd=\dimen258
\FBo@wd=\dimen259
\FBc@wd=\dimen260
\FBo@ht=\skip85
\FBc@ht=\skip86
\FBf@ht=\skip87
\FBo@max=\skip88
\FBc@max=\skip89
\FBf@max=\skip90
\c@FBl@b=\count298
\floatbox@depth=\count299
\c@FRobj=\count300
\c@FRsobj=\count301
\Xhsize=\skip91
\sXhsize=\skip92
\Zhsize=\skip93
\sZhsize=\skip94
\flrow@rowbox=\box66
\FR@Zunitlength=\dimen261
\c@FBcnt=\count302
\FPOScnt=\count303
\LTleft=\skip95
\LTright=\skip96
\LTleft=\skip97
\LTright=\skip98
\flrow@types=\toks37
)
(/usr/local/texlive/2021/texmf-dist/tex/latex/pgf/frontendlayer/tikz.sty
(/usr/local/texlive/2021/texmf-dist/tex/latex/pgf/basiclayer/pgf.sty
(/usr/local/texlive/2021/texmf-dist/tex/latex/pgf/utilities/pgfrcs.sty
(/usr/local/texlive/2021/texmf-dist/tex/generic/pgf/utilities/pgfutil-common.te
x
\pgfutil@everybye=\toks38
\pgfutil@tempdima=\dimen262
\pgfutil@tempdimb=\dimen263

(/usr/local/texlive/2021/texmf-dist/tex/generic/pgf/utilities/pgfutil-common-li
sts.tex))
(/usr/local/texlive/2021/texmf-dist/tex/generic/pgf/utilities/pgfutil-latex.def
\pgfutil@abb=\box67
) (/usr/local/texlive/2021/texmf-dist/tex/generic/pgf/utilities/pgfrcs.code.tex
(/usr/local/texlive/2021/texmf-dist/tex/generic/pgf/pgf.revision.tex)
Package: pgfrcs 2020/12/27 v3.1.8b (3.1.8b)
))
Package: pgf 2020/12/27 v3.1.8b (3.1.8b)

(/usr/local/texlive/2021/texmf-dist/tex/latex/pgf/basiclayer/pgfcore.sty
(/usr/local/texlive/2021/texmf-dist/tex/latex/graphics/graphicx.sty
Package: graphicx 2020/09/09 v1.2b Enhanced LaTeX Graphics (DPC,SPQR)

(/usr/local/texlive/2021/texmf-dist/tex/latex/graphics/graphics.sty
Package: graphics 2020/08/30 v1.4c Standard LaTeX Graphics (DPC,SPQR)

(/usr/local/texlive/2021/texmf-dist/tex/latex/graphics/trig.sty
Package: trig 2016/01/03 v1.10 sin cos tan (DPC)
)
(/usr/local/texlive/2021/texmf-dist/tex/latex/graphics-cfg/graphics.cfg
File: graphics.cfg 2016/06/04 v1.11 sample graphics configuration
)
Package graphics Info: Driver file: luatex.def on input line 105.
)
\Gin@req@height=\dimen264
\Gin@req@width=\dimen265
)
(/usr/local/texlive/2021/texmf-dist/tex/latex/pgf/systemlayer/pgfsys.sty
(/usr/local/texlive/2021/texmf-dist/tex/generic/pgf/systemlayer/pgfsys.code.tex
Package: pgfsys 2020/12/27 v3.1.8b (3.1.8b)
(/usr/local/texlive/2021/texmf-dist/tex/generic/pgf/utilities/pgfkeys.code.tex
\pgfkeys@pathtoks=\toks39
\pgfkeys@temptoks=\toks40

(/usr/local/texlive/2021/texmf-dist/tex/generic/pgf/utilities/pgfkeysfiltered.c
ode.tex
\pgfkeys@tmptoks=\toks41
))
\pgf@x=\dimen266
\pgf@y=\dimen267
\pgf@xa=\dimen268
\pgf@ya=\dimen269
\pgf@xb=\dimen270
\pgf@yb=\dimen271
\pgf@xc=\dimen272
\pgf@yc=\dimen273
\pgf@xd=\dimen274
\pgf@yd=\dimen275
\w@pgf@writea=\write3
\r@pgf@reada=\read3
\c@pgf@counta=\count304
\c@pgf@countb=\count305
\c@pgf@countc=\count306
\c@pgf@countd=\count307
\t@pgf@toka=\toks42
\t@pgf@tokb=\toks43
\t@pgf@tokc=\toks44
\pgf@sys@id@count=\count308

(/usr/local/texlive/2021/texmf-dist/tex/generic/pgf/systemlayer/pgf.cfg
File: pgf.cfg 2020/12/27 v3.1.8b (3.1.8b)
)
Driver file for pgf: pgfsys-luatex.def

(/usr/local/texlive/2021/texmf-dist/tex/generic/pgf/systemlayer/pgfsys-luatex.d
ef
File: pgfsys-luatex.def 2020/12/27 v3.1.8b (3.1.8b)

(/usr/local/texlive/2021/texmf-dist/tex/generic/pgf/systemlayer/pgfsys-common-p
df.def
File: pgfsys-common-pdf.def 2020/12/27 v3.1.8b (3.1.8b)
)))
(/usr/local/texlive/2021/texmf-dist/tex/generic/pgf/systemlayer/pgfsyssoftpath.
code.tex
File: pgfsyssoftpath.code.tex 2020/12/27 v3.1.8b (3.1.8b)
\pgfsyssoftpath@smallbuffer@items=\count309
\pgfsyssoftpath@bigbuffer@items=\count310
)
(/usr/local/texlive/2021/texmf-dist/tex/generic/pgf/systemlayer/pgfsysprotocol.
code.tex
File: pgfsysprotocol.code.tex 2020/12/27 v3.1.8b (3.1.8b)
)) (/usr/local/texlive/2021/texmf-dist/tex/latex/xcolor/xcolor.sty
Package: xcolor 2016/05/11 v2.12 LaTeX color extensions (UK)

(/usr/local/texlive/2021/texmf-dist/tex/latex/graphics-cfg/color.cfg
File: color.cfg 2016/01/02 v1.6 sample color configuration
)
Package xcolor Info: Driver file: luatex.def on input line 225.
LaTeX Info: Redefining \color on input line 709.
Package xcolor Info: Model `cmy' substituted by `cmy0' on input line 1348.
Package xcolor Info: Model `hsb' substituted by `rgb' on input line 1352.
Package xcolor Info: Model `RGB' extended on input line 1364.
Package xcolor Info: Model `HTML' substituted by `rgb' on input line 1366.
Package xcolor Info: Model `Hsb' substituted by `hsb' on input line 1367.
Package xcolor Info: Model `tHsb' substituted by `hsb' on input line 1368.
Package xcolor Info: Model `HSB' substituted by `hsb' on input line 1369.
Package xcolor Info: Model `Gray' substituted by `gray' on input line 1370.
Package xcolor Info: Model `wave' substituted by `hsb' on input line 1371.
)
(/usr/local/texlive/2021/texmf-dist/tex/generic/pgf/basiclayer/pgfcore.code.tex
Package: pgfcore 2020/12/27 v3.1.8b (3.1.8b)
(/usr/local/texlive/2021/texmf-dist/tex/generic/pgf/math/pgfmath.code.tex
(/usr/local/texlive/2021/texmf-dist/tex/generic/pgf/math/pgfmathcalc.code.tex
(/usr/local/texlive/2021/texmf-dist/tex/generic/pgf/math/pgfmathutil.code.tex)
(/usr/local/texlive/2021/texmf-dist/tex/generic/pgf/math/pgfmathparser.code.tex
\pgfmath@dimen=\dimen276
\pgfmath@count=\count311
\pgfmath@box=\box68
\pgfmath@toks=\toks45
\pgfmath@stack@operand=\toks46
\pgfmath@stack@operation=\toks47
)
(/usr/local/texlive/2021/texmf-dist/tex/generic/pgf/math/pgfmathfunctions.code.
tex
(/usr/local/texlive/2021/texmf-dist/tex/generic/pgf/math/pgfmathfunctions.basic
.code.tex)
(/usr/local/texlive/2021/texmf-dist/tex/generic/pgf/math/pgfmathfunctions.trigo
nometric.code.tex)
(/usr/local/texlive/2021/texmf-dist/tex/generic/pgf/math/pgfmathfunctions.rando
m.code.tex)
(/usr/local/texlive/2021/texmf-dist/tex/generic/pgf/math/pgfmathfunctions.compa
rison.code.tex)
(/usr/local/texlive/2021/texmf-dist/tex/generic/pgf/math/pgfmathfunctions.base.
code.tex)
(/usr/local/texlive/2021/texmf-dist/tex/generic/pgf/math/pgfmathfunctions.round
.code.tex)
(/usr/local/texlive/2021/texmf-dist/tex/generic/pgf/math/pgfmathfunctions.misc.
code.tex)
(/usr/local/texlive/2021/texmf-dist/tex/generic/pgf/math/pgfmathfunctions.integ
erarithmetics.code.tex)))
(/usr/local/texlive/2021/texmf-dist/tex/generic/pgf/math/pgfmathfloat.code.tex
\c@pgfmathroundto@lastzeros=\count312
)) (/usr/local/texlive/2021/texmf-dist/tex/generic/pgf/math/pgfint.code.tex)
(/usr/local/texlive/2021/texmf-dist/tex/generic/pgf/basiclayer/pgfcorepoints.co
de.tex
File: pgfcorepoints.code.tex 2020/12/27 v3.1.8b (3.1.8b)
\pgf@picminx=\dimen277
\pgf@picmaxx=\dimen278
\pgf@picminy=\dimen279
\pgf@picmaxy=\dimen280
\pgf@pathminx=\dimen281
\pgf@pathmaxx=\dimen282
\pgf@pathminy=\dimen283
\pgf@pathmaxy=\dimen284
\pgf@xx=\dimen285
\pgf@xy=\dimen286
\pgf@yx=\dimen287
\pgf@yy=\dimen288
\pgf@zx=\dimen289
\pgf@zy=\dimen290
)
(/usr/local/texlive/2021/texmf-dist/tex/generic/pgf/basiclayer/pgfcorepathconst
ruct.code.tex
File: pgfcorepathconstruct.code.tex 2020/12/27 v3.1.8b (3.1.8b)
\pgf@path@lastx=\dimen291
\pgf@path@lasty=\dimen292
)
(/usr/local/texlive/2021/texmf-dist/tex/generic/pgf/basiclayer/pgfcorepathusage
.code.tex
File: pgfcorepathusage.code.tex 2020/12/27 v3.1.8b (3.1.8b)
\pgf@shorten@end@additional=\dimen293
\pgf@shorten@start@additional=\dimen294
)
(/usr/local/texlive/2021/texmf-dist/tex/generic/pgf/basiclayer/pgfcorescopes.co
de.tex
File: pgfcorescopes.code.tex 2020/12/27 v3.1.8b (3.1.8b)
\pgfpic=\box69
\pgf@hbox=\box70
\pgf@layerbox@main=\box71
\pgf@picture@serial@count=\count313
)
(/usr/local/texlive/2021/texmf-dist/tex/generic/pgf/basiclayer/pgfcoregraphicst
ate.code.tex
File: pgfcoregraphicstate.code.tex 2020/12/27 v3.1.8b (3.1.8b)
\pgflinewidth=\dimen295
)
(/usr/local/texlive/2021/texmf-dist/tex/generic/pgf/basiclayer/pgfcoretransform
ations.code.tex
File: pgfcoretransformations.code.tex 2020/12/27 v3.1.8b (3.1.8b)
\pgf@pt@x=\dimen296
\pgf@pt@y=\dimen297
\pgf@pt@temp=\dimen298
)
(/usr/local/texlive/2021/texmf-dist/tex/generic/pgf/basiclayer/pgfcorequick.cod
e.tex
File: pgfcorequick.code.tex 2020/12/27 v3.1.8b (3.1.8b)
)
(/usr/local/texlive/2021/texmf-dist/tex/generic/pgf/basiclayer/pgfcoreobjects.c
ode.tex
File: pgfcoreobjects.code.tex 2020/12/27 v3.1.8b (3.1.8b)
)
(/usr/local/texlive/2021/texmf-dist/tex/generic/pgf/basiclayer/pgfcorepathproce
ssing.code.tex
File: pgfcorepathprocessing.code.tex 2020/12/27 v3.1.8b (3.1.8b)
)
(/usr/local/texlive/2021/texmf-dist/tex/generic/pgf/basiclayer/pgfcorearrows.co
de.tex
File: pgfcorearrows.code.tex 2020/12/27 v3.1.8b (3.1.8b)
\pgfarrowsep=\dimen299
)
(/usr/local/texlive/2021/texmf-dist/tex/generic/pgf/basiclayer/pgfcoreshade.cod
e.tex
File: pgfcoreshade.code.tex 2020/12/27 v3.1.8b (3.1.8b)
\pgf@max=\dimen300
\pgf@sys@shading@range@num=\count314
\pgf@shadingcount=\count315
)
(/usr/local/texlive/2021/texmf-dist/tex/generic/pgf/basiclayer/pgfcoreimage.cod
e.tex
File: pgfcoreimage.code.tex 2020/12/27 v3.1.8b (3.1.8b)

(/usr/local/texlive/2021/texmf-dist/tex/generic/pgf/basiclayer/pgfcoreexternal.
code.tex
File: pgfcoreexternal.code.tex 2020/12/27 v3.1.8b (3.1.8b)
\pgfexternal@startupbox=\box72
))
(/usr/local/texlive/2021/texmf-dist/tex/generic/pgf/basiclayer/pgfcorelayers.co
de.tex
File: pgfcorelayers.code.tex 2020/12/27 v3.1.8b (3.1.8b)
)
(/usr/local/texlive/2021/texmf-dist/tex/generic/pgf/basiclayer/pgfcoretranspare
ncy.code.tex
File: pgfcoretransparency.code.tex 2020/12/27 v3.1.8b (3.1.8b)
)
(/usr/local/texlive/2021/texmf-dist/tex/generic/pgf/basiclayer/pgfcorepatterns.
code.tex
File: pgfcorepatterns.code.tex 2020/12/27 v3.1.8b (3.1.8b)
)
(/usr/local/texlive/2021/texmf-dist/tex/generic/pgf/basiclayer/pgfcorerdf.code.
tex
File: pgfcorerdf.code.tex 2020/12/27 v3.1.8b (3.1.8b)
)))
(/usr/local/texlive/2021/texmf-dist/tex/generic/pgf/modules/pgfmoduleshapes.cod
e.tex
File: pgfmoduleshapes.code.tex 2020/12/27 v3.1.8b (3.1.8b)
\pgfnodeparttextbox=\box73
)
(/usr/local/texlive/2021/texmf-dist/tex/generic/pgf/modules/pgfmoduleplot.code.
tex
File: pgfmoduleplot.code.tex 2020/12/27 v3.1.8b (3.1.8b)
)
(/usr/local/texlive/2021/texmf-dist/tex/latex/pgf/compatibility/pgfcomp-version
-0-65.sty
Package: pgfcomp-version-0-65 2020/12/27 v3.1.8b (3.1.8b)
\pgf@nodesepstart=\dimen301
\pgf@nodesepend=\dimen302
)
(/usr/local/texlive/2021/texmf-dist/tex/latex/pgf/compatibility/pgfcomp-version
-1-18.sty
Package: pgfcomp-version-1-18 2020/12/27 v3.1.8b (3.1.8b)
))
(/usr/local/texlive/2021/texmf-dist/tex/latex/pgf/utilities/pgffor.sty
(/usr/local/texlive/2021/texmf-dist/tex/latex/pgf/utilities/pgfkeys.sty
(/usr/local/texlive/2021/texmf-dist/tex/generic/pgf/utilities/pgfkeys.code.tex))
 (/usr/local/texlive/2021/texmf-dist/tex/latex/pgf/math/pgfmath.sty
(/usr/local/texlive/2021/texmf-dist/tex/generic/pgf/math/pgfmath.code.tex))
(/usr/local/texlive/2021/texmf-dist/tex/generic/pgf/utilities/pgffor.code.tex
Package: pgffor 2020/12/27 v3.1.8b (3.1.8b)

(/usr/local/texlive/2021/texmf-dist/tex/generic/pgf/math/pgfmath.code.tex)
\pgffor@iter=\dimen303
\pgffor@skip=\dimen304
\pgffor@stack=\toks48
\pgffor@toks=\toks49
))
(/usr/local/texlive/2021/texmf-dist/tex/generic/pgf/frontendlayer/tikz/tikz.cod
e.tex
Package: tikz 2020/12/27 v3.1.8b (3.1.8b)

(/usr/local/texlive/2021/texmf-dist/tex/generic/pgf/libraries/pgflibraryplothan
dlers.code.tex
File: pgflibraryplothandlers.code.tex 2020/12/27 v3.1.8b (3.1.8b)
\pgf@plot@mark@count=\count316
\pgfplotmarksize=\dimen305
)
\tikz@lastx=\dimen306
\tikz@lasty=\dimen307
\tikz@lastxsaved=\dimen308
\tikz@lastysaved=\dimen309
\tikz@lastmovetox=\dimen310
\tikz@lastmovetoy=\dimen311
\tikzleveldistance=\dimen312
\tikzsiblingdistance=\dimen313
\tikz@figbox=\box74
\tikz@figbox@bg=\box75
\tikz@tempbox=\box76
\tikz@tempbox@bg=\box77
\tikztreelevel=\count317
\tikznumberofchildren=\count318
\tikznumberofcurrentchild=\count319
\tikz@fig@count=\count320

(/usr/local/texlive/2021/texmf-dist/tex/generic/pgf/modules/pgfmodulematrix.cod
e.tex
File: pgfmodulematrix.code.tex 2020/12/27 v3.1.8b (3.1.8b)
\pgfmatrixcurrentrow=\count321
\pgfmatrixcurrentcolumn=\count322
\pgf@matrix@numberofcolumns=\count323
)
\tikz@expandcount=\count324

(/usr/local/texlive/2021/texmf-dist/tex/generic/pgf/frontendlayer/tikz/librarie
s/tikzlibrarytopaths.code.tex
File: tikzlibrarytopaths.code.tex 2020/12/27 v3.1.8b (3.1.8b)
)))
(/usr/local/texlive/2021/texmf-dist/tex/generic/pgf/frontendlayer/tikz/librarie
s/tikzlibrarymatrix.code.tex
File: tikzlibrarymatrix.code.tex 2020/12/27 v3.1.8b (3.1.8b)
)
(/usr/local/texlive/2021/texmf-dist/tex/generic/pgf/frontendlayer/tikz/librarie
s/tikzlibraryarrows.code.tex
File: tikzlibraryarrows.code.tex 2020/12/27 v3.1.8b (3.1.8b)

(/usr/local/texlive/2021/texmf-dist/tex/generic/pgf/libraries/pgflibraryarrows.
code.tex
File: pgflibraryarrows.code.tex 2020/12/27 v3.1.8b (3.1.8b)
\arrowsize=\dimen314
))
\c@Thm=\count325
\c@Cor=\count326
\c@Prop=\count327
\c@Lemma=\count328
\c@Def=\count329
\c@Rmk=\count330
\c@Question=\count331

(/usr/local/texlive/2021/texmf-dist/tex/latex/l3backend/l3backend-luatex.def
File: l3backend-luatex.def 2021-03-18 L3 backend support: PDF output (LuaTeX)
\l__color_backend_stack_int=\count332
\l__pdf_internal_box=\box78
)
No file 2308.04185_lualatex.aux.

\openout1 = 2308.04185_lualatex.aux
LaTeX Font Info:    Checking defaults for OML/cmm/m/it on input line 223.
LaTeX Font Info:    ... okay on input line 223.
LaTeX Font Info:    Checking defaults for OMS/cmsy/m/n on input line 223.
LaTeX Font Info:    ... okay on input line 223.
LaTeX Font Info:    Checking defaults for OT1/cmr/m/n on input line 223.
LaTeX Font Info:    ... okay on input line 223.
LaTeX Font Info:    Checking defaults for T1/cmr/m/n on input line 223.
LaTeX Font Info:    ... okay on input line 223.
LaTeX Font Info:    Checking defaults for TS1/cmr/m/n on input line 223.
LaTeX Font Info:    Trying to load font information for TS1+cmr on input line 2
23.
(/usr/local/texlive/2021/texmf-dist/tex/latex/base/ts1cmr.fd
File: ts1cmr.fd 2019/12/16 v2.5j Standard LaTeX font definitions
)
LaTeX Font Info:    ... okay on input line 223.
LaTeX Font Info:    Checking defaults for TU/lmr/m/n on input line 223.
LaTeX Font Info:    ... okay on input line 223.
LaTeX Font Info:    Checking defaults for OMX/cmex/m/n on input line 223.
LaTeX Font Info:    ... okay on input line 223.
LaTeX Font Info:    Checking defaults for U/cmr/m/n on input line 223.
LaTeX Font Info:    ... okay on input line 223.
LaTeX Font Info:    Checking defaults for PD1/pdf/m/n on input line 223.
LaTeX Font Info:    ... okay on input line 223.
LaTeX Font Info:    Checking defaults for PU/pdf/m/n on input line 223.
LaTeX Font Info:    ... okay on input line 223.

-- Lines per column: 58 (exact).
(/usr/local/texlive/2021/texmf-dist/tex/context/base/mkii/supp-pdf.mkii
[Loading MPS to PDF converter (version 2006.09.02).]
\scratchcounter=\count333
\scratchdimen=\dimen315
\scratchbox=\box79
\nofMPsegments=\count334
\nofMParguments=\count335
\everyMPshowfont=\toks50
\MPscratchCnt=\count336
\MPscratchDim=\dimen316
\MPnumerator=\count337
\makeMPintoPDFobject=\count338
\everyMPtoPDFconversion=\toks51
) (/usr/local/texlive/2021/texmf-dist/tex/latex/epstopdf-pkg/epstopdf-base.sty
Package: epstopdf-base 2020-01-24 v2.11 Base part for package epstopdf
Package epstopdf-base Info: Redefining graphics rule for `.eps' on input line 4
85.

(/usr/local/texlive/2021/texmf-dist/tex/latex/latexconfig/epstopdf-sys.cfg
File: epstopdf-sys.cfg 2010/07/13 v1.3 Configuration of (r)epstopdf for TeX Liv
e
))
Package hyperref Info: Link coloring OFF on input line 223.

(/usr/local/texlive/2021/texmf-dist/tex/latex/hyperref/nameref.sty
Package: nameref 2021-04-02 v2.47 Cross-referencing by name of section

(/usr/local/texlive/2021/texmf-dist/tex/latex/refcount/refcount.sty
Package: refcount 2019/12/15 v3.6 Data extraction from label references (HO)
)
(/usr/local/texlive/2021/texmf-dist/tex/generic/gettitlestring/gettitlestring.s
ty
Package: gettitlestring 2019/12/15 v1.6 Cleanup title references (HO)
)
\c@section@level=\count339
)
LaTeX Info: Redefining \ref on input line 223.
LaTeX Info: Redefining \pageref on input line 223.
LaTeX Info: Redefining \nameref on input line 223.
\@outlinefile=\write4

\openout4 = 2308.04185_lualatex.out
Package caption Info: Begin \AtBeginDocument code.
Package caption Info: End \AtBeginDocument code.


LaTeX Warning: Citation `CMPH22' on page 1 undefined on input line 238.

LaTeX Font Info:    Trying to load font information for U+msa on input line 238
.
(/usr/local/texlive/2021/texmf-dist/tex/latex/amsfonts/umsa.fd
File: umsa.fd 2013/01/14 v3.01 AMS symbols A
)
LaTeX Font Info:    Trying to load font information for U+msb on input line 238
.

(/usr/local/texlive/2021/texmf-dist/tex/latex/amsfonts/umsb.fd
File: umsb.fd 2013/01/14 v3.01 AMS symbols B
)

LaTeX Warning: Citation `Vem05' on page 1 undefined on input line 254.


LaTeX Warning: Citation `Woo14' on page 1 undefined on input line 254.


LaTeX Warning: Citation `DMMS11' on page 1 undefined on input line 254.


LaTeX Warning: Citation `DM16' on page 1 undefined on input line 254.


LaTeX Warning: Citation `LLPPR17' on page 1 undefined on input line 254.


LaTeX Warning: Citation `reisizadeh2017coded' on page 1 undefined on input line
 254.


LaTeX Warning: Citation `li2016coded' on page 1 undefined on input line 254.


LaTeX Warning: Citation `li2017coding' on page 1 undefined on input line 254.


LaTeX Warning: Citation `LSR17' on page 1 undefined on input line 254.


LaTeX Warning: Citation `dutta2016short' on page 1 undefined on input line 254.



LaTeX Warning: Citation `ramamoorthy2019universally' on page 1 undefined on inp
ut line 254.


LaTeX Warning: Citation `YSRKSA18' on page 1 undefined on input line 254.


LaTeX Warning: Citation `RRG20' on page 1 undefined on input line 254.


LaTeX Warning: Citation `CT19' on page 1 undefined on input line 254.


LaTeX Warning: Citation `CPH20c' on page 1 undefined on input line 254.


LaTeX Warning: Citation `CPH20b' on page 1 undefined on input line 254.


LaTeX Warning: Citation `OUG20' on page 1 undefined on input line 254.


LaTeX Warning: Citation `OBGU20' on page 1 undefined on input line 254.


LaTeX Warning: Citation `CMH21' on page 1 undefined on input line 254.


LaTeX Warning: Citation `RCHV23' on page 1 undefined on input line 254.


LaTeX Warning: Citation `CPH23' on page 1 undefined on input line 254.


LaTeX Warning: Citation `LA20' on page 1 undefined on input line 254.


LaTeX Warning: Citation `LLPPR17' on page 1 undefined on input line 254.


LaTeX Warning: Citation `Sar06' on page 1 undefined on input line 261.


LaTeX Warning: Citation `DMMS11' on page 1 undefined on input line 261.


LaTeX Warning: Citation `Tro11' on page 1 undefined on input line 261.


LaTeX Warning: Citation `BG13' on page 1 undefined on input line 261.


LaTeX Warning: Citation `AC06' on page 1 undefined on input line 261.


LaTeX Warning: Citation `JL84' on page 1 undefined on input line 261.


LaTeX Warning: Citation `BP23' on page 1 undefined on input line 263.


LaTeX Warning: Citation `TLDK17' on page 1 undefined on input line 265.


LaTeX Warning: Citation `HASH17' on page 1 undefined on input line 265.


LaTeX Warning: Citation `OGU19' on page 1 undefined on input line 265.


LaTeX Warning: Citation `CMH20' on page 1 undefined on input line 265.


LaTeX Warning: Citation `YA18' on page 1 undefined on input line 265.


LaTeX Warning: Citation `CT22' on page 1 undefined on input line 265.


LaTeX Warning: Citation `RTTD17' on page 1 undefined on input line 265.


LaTeX Warning: Citation `CP18' on page 1 undefined on input line 265.


LaTeX Warning: Citation `CPE17' on page 1 undefined on input line 265.


LaTeX Warning: Citation `WCP19' on page 1 undefined on input line 265.


LaTeX Warning: Citation `BWE19' on page 1 undefined on input line 265.


LaTeX Warning: Citation `WLS19' on page 1 undefined on input line 265.


LaTeX Warning: Citation `KKR19' on page 1 undefined on input line 265.


LaTeX Warning: Citation `HYKM19' on page 1 undefined on input line 265.


LaTeX Warning: Citation `CHZP18' on page 1 undefined on input line 265.


LaTeX Warning: Citation `CPH20a' on page 1 undefined on input line 265.


LaTeX Warning: Citation `PW16' on page 1 undefined on input line 265.


LaTeX Warning: Citation `LLDP20' on page 1 undefined on input line 265.


LaTeX Warning: Citation `CP18' on page 1 undefined on input line 265.


LaTeX Warning: Citation `RTTD17' on page 1 undefined on input line 265.


LaTeX Warning: Citation `CPE17' on page 1 undefined on input line 265.


LaTeX Warning: Citation `WCP19' on page 1 undefined on input line 265.


LaTeX Warning: Citation `BWE19' on page 1 undefined on input line 265.


LaTeX Warning: Citation `WLS19' on page 1 undefined on input line 265.


LaTeX Warning: Citation `KKR19' on page 1 undefined on input line 265.


LaTeX Warning: Citation `HYKM19' on page 1 undefined on input line 265.


LaTeX Warning: Citation `CHZP18' on page 1 undefined on input line 265.


LaTeX Warning: Citation `CPH20a' on page 1 undefined on input line 265.

[1
Non-PDF special ignored!{/usr/local/texlive/2021/texmf-var/fonts/map/pdftex/updm
ap/pdftex.map}]

LaTeX Warning: Citation `BP23' on page 2 undefined on input line 271.


LaTeX Warning: Citation `ZWL08' on page 2 undefined on input line 271.


LaTeX Warning: Citation `KSD17' on page 2 undefined on input line 271.


LaTeX Warning: Citation `KSDY19' on page 2 undefined on input line 271.


LaTeX Warning: Citation `SKD18' on page 2 undefined on input line 271.


LaTeX Warning: Citation `LSM23' on page 2 undefined on input line 271.


LaTeX Warning: Citation `YA19' on page 2 undefined on input line 272.


LaTeX Warning: Citation `FJR15' on page 2 undefined on input line 272.


LaTeX Warning: Citation `SSSS17' on page 2 undefined on input line 272.


LaTeX Warning: Reference `coded_LR' on page 2 undefined on input line 274.


LaTeX Warning: Reference `bl_orth_sk_sec' on page 2 undefined on input line 274
.


LaTeX Warning: Reference `block_SRHT_sec' on page 2 undefined on input line 274
.


LaTeX Warning: Reference `opt_ss_sec' on page 2 undefined on input line 274.


LaTeX Warning: Reference `security_sec' on page 2 undefined on input line 274.


LaTeX Warning: Reference `exper_sec' on page 2 undefined on input line 274.


LaTeX Warning: Reference `concl_sec' on page 2 undefined on input line 274.


LaTeX Warning: Citation `DMMS11' on page 2 undefined on input line 283.


Package amsfonts Warning: Obsolete command \bold; \mathbf should be used instea
d on input line 286.


LaTeX Warning: Reference `opt_ss_sec' on page 2 undefined on input line 304.


LaTeX Warning: Reference `gr_ls' on page 2 undefined on input line 304.


LaTeX Warning: Reference `x_star_pr_lr' on page 2 undefined on input line 309.

[2]

LaTeX Warning: Citation `TLDK17' on page 3 undefined on input line 317.


LaTeX Warning: Citation `CMH20' on page 3 undefined on input line 317.


LaTeX Warning: Reference `x_til_pr_lr' on page 3 undefined on input line 326.


LaTeX Warning: Reference `distr_grad_desc' on page 3 undefined on input line 32
8.


LaTeX Warning: Citation `CPH23b' on page 3 undefined on input line 328.


LaTeX Warning: Citation `CPE17' on page 3 undefined on input line 328.


LaTeX Warning: Citation `KL14' on page 3 undefined on input line 348.

LaTeX Font Info:    Trying to load font information for T1+phv on input line 35
0.
(/usr/local/texlive/2021/texmf-dist/tex/latex/psnfss/t1phv.fd
File: t1phv.fd 2020/03/25 scalable font definitions for T1/phv.
) [3]

LaTeX Warning: Citation `KL14' on page 4 undefined on input line 361.


Package hyperref Warning: Token not allowed in a PDF string (Unicode):
(hyperref)                removing `math shift' on input line 366.


Package hyperref Warning: Token not allowed in a PDF string (Unicode):
(hyperref)                removing `\ell' on input line 366.


Package hyperref Warning: Token not allowed in a PDF string (Unicode):
(hyperref)                removing `subscript' on input line 366.


Package hyperref Warning: Token not allowed in a PDF string (Unicode):
(hyperref)                removing `math shift' on input line 366.


LaTeX Warning: Reference `alg_orthog_sketch' on page 4 undefined on input line 
369.


LaTeX Warning: Citation `Woo14' on page 4 undefined on input line 371.


LaTeX Warning: Citation `ERNM22' on page 4 undefined on input line 371.


LaTeX Warning: Reference `x_til_pr_lr' on page 4 undefined on input line 376.


LaTeX Warning: Reference `intro' on page 4 undefined on input line 393.


LaTeX Warning: Reference `subsp_emb_alg1' on page 4 undefined on input line 395
.


LaTeX Warning: Citation `Elf80' on page 4 undefined on input line 406.


LaTeX Warning: Citation `Gut06' on page 4 undefined on input line 406.


LaTeX Warning: Citation `NT14' on page 4 undefined on input line 406.


LaTeX Warning: Citation `RN20' on page 4 undefined on input line 406.


LaTeX Warning: Reference `alg_orthog_sketch' on page 4 undefined on input line 
406.

[4]

LaTeX Warning: Reference `x_star_pr_lr' on page 5 undefined on input line 413.


LaTeX Warning: Reference `part_data' on page 5 undefined on input line 439.


LaTeX Warning: Reference `it_sketch_figure' on page 5 undefined on input line 4
46.

<iterative_sketching_GC.jpg, id=87, 1653.17625pt x 785.93625pt>
File: iterative_sketching_GC.jpg Graphic file (type jpg)
<use iterative_sketching_GC.jpg>
Package luatex.def Info: iterative_sketching_GC.jpg  used on input line 450.
(luatex.def)             Requested size: 281.03624pt x 133.60739pt.

LaTeX Warning: Reference `alg_orthog_sketch' on page 5 undefined on input line 
455.


LaTeX Warning: Reference `subsp_emb_thm_Unif' on page 5 undefined on input line
 455.


LaTeX Warning: Reference `subsp_emb_thm_SRHT' on page 5 undefined on input line
 455.

[5<./iterative_sketching_GC.jpg>]

LaTeX Warning: Reference `lemma_exp' on page 6 undefined on input line 462.


LaTeX Warning: Reference `subsp_emb_id' on page 6 undefined on input line 462.


LaTeX Warning: Reference `x_star_pr_lr' on page 6 undefined on input line 476.


LaTeX Warning: Reference `GC_SGD_thm' on page 6 undefined on input line 479.


LaTeX Warning: Reference `GC_SGD_thm' on page 6 undefined on input line 481.


LaTeX Warning: Reference `eq_opt_sols' on page 6 undefined on input line 481.


LaTeX Warning: Citation `DGSX12' on page 6 undefined on input line 481.


LaTeX Warning: Citation `Bub15' on page 6 undefined on input line 481.


LaTeX Warning: Reference `x_star_pr_lr' on page 6 undefined on input line 485.


LaTeX Warning: Reference `mod_pr_G' on page 6 undefined on input line 485.


LaTeX Warning: Reference `alg_orthog_sketch' on page 6 undefined on input line 
485.


LaTeX Warning: Reference `eq_opt_sols' on page 6 undefined on input line 488.


LaTeX Warning: Reference `eq_SSD_dor' on page 6 undefined on input line 488.


LaTeX Warning: Reference `alg_orthog_sketch' on page 6 undefined on input line 
488.


LaTeX Warning: Reference `x_star_pr_lr' on page 6 undefined on input line 488.


LaTeX Warning: Reference `mod_pr_G' on page 6 undefined on input line 488.


LaTeX Warning: Citation `CPH23b' on page 6 undefined on input line 488.


LaTeX Warning: Reference `alg_orthog_sketch' on page 6 undefined on input line 
493.


LaTeX Warning: Reference `alg_orthog_sketch' on page 6 undefined on input line 
496.


LaTeX Warning: Citation `OJXE18' on page 6 undefined on input line 496.


LaTeX Warning: Citation `CPH20a' on page 6 undefined on input line 496.


LaTeX Warning: Citation `DMM06' on page 6 undefined on input line 496.


LaTeX Warning: Citation `DMMS11' on page 6 undefined on input line 496.


LaTeX Warning: Citation `DMMW12' on page 6 undefined on input line 496.


LaTeX Warning: Citation `DM16' on page 6 undefined on input line 496.


LaTeX Warning: Citation `Woo14' on page 6 undefined on input line 496.


LaTeX Warning: Citation `CPH20a' on page 6 undefined on input line 496.


LaTeX Warning: Citation `CPH23b' on page 6 undefined on input line 496.


LaTeX Warning: Reference `bd_block_lvg_Unif' on page 6 undefined on input line 
498.


LaTeX Warning: Reference `alg_orthog_sketch' on page 6 undefined on input line 
498.


LaTeX Warning: Reference `subsp_emb_id' on page 6 undefined on input line 498.


LaTeX Warning: Reference `flattening_t_distr' on page 6 undefined on input line
 498.


LaTeX Warning: Reference `bd_block_lvg_Unif' on page 6 undefined on input line 
509.


LaTeX Warning: Reference `alg_orthog_sketch' on page 6 undefined on input line 
509.


LaTeX Warning: Reference `subsp_emb_id' on page 6 undefined on input line 509.


LaTeX Warning: Reference `bd_block_lvg_Unif' on page 6 undefined on input line 
515.


LaTeX Warning: Citation `CPH23b' on page 6 undefined on input line 515.


LaTeX Warning: Reference `subsp_emb_thm_Unif' on page 6 undefined on input line
 515.


LaTeX Warning: File `flattened_t_distr.eps' not found on input line 519.

Package epstopdf Info: Source file: <flattened_t_distr.eps>
(epstopdf)             Output file: <flattened_t_distr-eps-converted-to.pdf>
(epstopdf)                    date: 2023-08-08 18:55:39
(epstopdf)                    size: 28067 bytes
(epstopdf)             Command: <repstopdf --outfile=flattened_t_distr-eps-conv
erted-to.pdf flattened_t_distr.eps>
(epstopdf)             \includegraphics on input line 519.
Package epstopdf Info: Output file is already uptodate.
<flattened_t_distr-eps-converted-to.pdf, id=99, 1485.55pt x 466.74374pt>
File: flattened_t_distr-eps-converted-to.pdf Graphic file (type pdf)
<use flattened_t_distr-eps-converted-to.pdf>
Package luatex.def Info: flattened_t_distr-eps-converted-to.pdf  used on input 
line 519.
(luatex.def)             Requested size: 297.10474pt x 93.34709pt.

LaTeX Warning: `h' float specifier changed to `ht'.

[6
Missing character: There is no ’ (U+2019) in font ptmr8t!
]

LaTeX Warning: Reference `appr_GC_error' on page 7 undefined on input line 526.



LaTeX Warning: Reference `appr_GC_prop' on page 7 undefined on input line 526.


LaTeX Warning: Reference `subsp_emb_id' on page 7 undefined on input line 526.


LaTeX Warning: Reference `subsp_emb_thm_Unif' on page 7 undefined on input line
 530.


LaTeX Warning: Reference `subsp_emb_id' on page 7 undefined on input line 530.


LaTeX Warning: Reference `alg_orthog_sketch' on page 7 undefined on input line 
530.


LaTeX Warning: Reference `appr_GC_error' on page 7 undefined on input line 530.



LaTeX Warning: Reference `alg_orthog_sketch' on page 7 undefined on input line 
537.


LaTeX Warning: Citation `JHD21' on page 7 undefined on input line 537.


Overfull \hbox (4.45258pt too wide) in paragraph at lines 539--540
[]\T1/ptm/m/n/10 The SRHT is com-prised of three ma-tri-ces: $\OT1/cmr/bx/n/10 

 \OMS/cmsy/m/n/10 2 \U/msb/m/n/10 R[]$ \T1/ptm/m/n/10 a uni-form sam-pling and 
rescal-ing ma-trix of $\OML/cmm/m/it/10 r$ \T1/ptm/m/n/10 rows, $[] \OMS/cmsy/m
/n/10 2 f[]\OT1/cmr/m/n/10 1\OML/cmm/m/it/10 =[]\OMS/cmsy/m/n/10 g[]$
 []


LaTeX Warning: Reference `alg_orthog_sketch' on page 7 undefined on input line 
541.


LaTeX Warning: Citation `DMMS11' on page 7 undefined on input line 552.


LaTeX Warning: Reference `x_til_pr_lr' on page 7 undefined on input line 554.


LaTeX Warning: Citation `Osg09' on page 7 undefined on input line 554.


LaTeX Warning: Reference `subsp_emb_id' on page 7 undefined on input line 558.


LaTeX Warning: Reference `bd_block_lvg_Unif' on page 7 undefined on input line 
558.


LaTeX Warning: Reference `bd_block_lvg_Had' on page 7 undefined on input line 5
58.


LaTeX Warning: Reference `subsp_emb_thm_SRHT' on page 7 undefined on input line
 558.

[7<./flattened_t_distr-eps-converted-to.pdf>]

LaTeX Warning: Reference `subsp_emb_thm_Unif' on page 8 undefined on input line
 577.


LaTeX Warning: Reference `cor_fl_lem' on page 8 undefined on input line 577.


LaTeX Warning: Reference `bd_block_lvg_Unif' on page 8 undefined on input line 
577.


LaTeX Warning: Reference `bd_block_lvg_Unif' on page 8 undefined on input line 
577.


LaTeX Warning: Reference `subsp_emb_thm_Unif' on page 8 undefined on input line
 577.


LaTeX Warning: Reference `security_sec_SRHT' on page 8 undefined on input line 
579.


LaTeX Warning: Reference `security_sec_SRHT' on page 8 undefined on input line 
585.


LaTeX Warning: Citation `CT22' on page 8 undefined on input line 591.


LaTeX Warning: Citation `CT22' on page 8 undefined on input line 591.


LaTeX Warning: Reference `x_star_pr_lr' on page 8 undefined on input line 593.


LaTeX Warning: Reference `x_til_pr_lr' on page 8 undefined on input line 593.


LaTeX Warning: Reference `mod_pr_G' on page 8 undefined on input line 593.


LaTeX Warning: Reference `x_star_pr_lr' on page 8 undefined on input line 593.


LaTeX Warning: Reference `x_til_pr_lr' on page 8 undefined on input line 593.


LaTeX Warning: Reference `ss_opt_prob' on page 8 undefined on input line 601.


LaTeX Warning: Reference `par_upd' on page 8 undefined on input line 601.


LaTeX Warning: Citation `CT22' on page 8 undefined on input line 603.


LaTeX Warning: Citation `CT22' on page 8 undefined on input line 603.


LaTeX Warning: Reference `ss_opt_prob' on page 8 undefined on input line 607.


LaTeX Warning: Reference `opt_ss' on page 8 undefined on input line 616.


LaTeX Warning: Reference `exper_sec' on page 8 undefined on input line 618.


LaTeX Warning: Reference `opt_ss' on page 8 undefined on input line 618.

[8
Missing character: There is no ’ (U+2019) in font ptmr8t!
]

LaTeX Warning: Reference `opt_ss' on page 9 undefined on input line 627.


LaTeX Warning: Reference `alg_orthog_sketch' on page 9 undefined on input line 
636.


LaTeX Warning: Reference `OTP_app' on page 9 undefined on input line 636.


LaTeX Warning: Citation `Yas12' on page 9 undefined on input line 638.


LaTeX Warning: Reference `alg_orthog_sketch' on page 9 undefined on input line 
642.


LaTeX Warning: Reference `Shan_secr_thm' on page 9 undefined on input line 649.



LaTeX Warning: Reference `SRHT_counter_example' on page 9 undefined on input li
ne 649.


LaTeX Warning: Reference `insecurity_Prop' on page 9 undefined on input line 65
1.


LaTeX Warning: Reference `cor_fl_lem' on page 9 undefined on input line 664.

<Hadamard_transforms.png, id=140, 1149.29375pt x 442.65375pt>
File: Hadamard_transforms.png Graphic file (type png)
<use Hadamard_transforms.png>
Package luatex.def Info: Hadamard_transforms.png  used on input line 673.
(luatex.def)             Requested size: 321.80006pt x 123.9422pt.

LaTeX Warning: `h' float specifier changed to `ht'.


LaTeX Warning: Reference `subsp_emb_thm_SRHT' on page 9 undefined on input line
 678.


LaTeX Warning: Reference `bd_block_lvg_Had' on page 9 undefined on input line 6
78.


LaTeX Warning: Reference `alg_orthog_sketch' on page 9 undefined on input line 
678.

[9
Missing character: There is no – (U+2013) in font ptmr8t!
]

LaTeX Warning: Reference `cor_fl_lem' on page 10 undefined on input line 690.


LaTeX Warning: Reference `SRHT_comp_sec_thm' on page 10 undefined on input line
 696.


LaTeX Warning: Citation `KL14' on page 10 undefined on input line 696.


LaTeX Warning: Reference `SRHT_comp_sec_thm' on page 10 undefined on input line
 696.


LaTeX Warning: Reference `block_SRHT_sec' on page 10 undefined on input line 70
4.


LaTeX Warning: Reference `Shan_secr_thm' on page 10 undefined on input line 710
.


LaTeX Warning: Reference `SRHT_comp_sec_thm' on page 10 undefined on input line
 710.


LaTeX Warning: Reference `orth_encr_distr_tasks' on page 10 undefined on input 
line 712.

[10<./Hadamard_transforms.png>]

LaTeX Warning: Reference `log_res_err_t_distr' on page 11 undefined on input li
ne 722.


LaTeX Warning: Reference `log_res_err_t_distr' on page 11 undefined on input li
ne 722.


LaTeX Warning: File `comp_over6_expers.eps' not found on input line 726.

Package epstopdf Info: Source file: <comp_over6_expers.eps>
(epstopdf)             Output file: <comp_over6_expers-eps-converted-to.pdf>
(epstopdf)                    date: 2023-08-08 18:55:32
(epstopdf)                    size: 22314 bytes
(epstopdf)             Command: <repstopdf --outfile=comp_over6_expers-eps-conv
erted-to.pdf comp_over6_expers.eps>
(epstopdf)             \includegraphics on input line 726.
Package epstopdf Info: Output file is already uptodate.
<comp_over6_expers-eps-converted-to.pdf, id=167, 1516.66624pt x 527.9725pt>
File: comp_over6_expers-eps-converted-to.pdf Graphic file (type pdf)
<use comp_over6_expers-eps-converted-to.pdf>
Package luatex.def Info: comp_over6_expers-eps-converted-to.pdf  used on input 
line 726.
(luatex.def)             Requested size: 303.32788pt x 105.59262pt.

LaTeX Warning: Reference `precond_figure' on page 11 undefined on input line 73
1.


LaTeX Warning: File `x_conv_log_600epochs_normalized_x_init.eps' not found on i
nput line 735.

Package epstopdf Info: Source file: <x_conv_log_600epochs_normalized_x_init.eps
>
(epstopdf)             Output file: <x_conv_log_600epochs_normalized_x_init-eps
-converted-to.pdf>
(epstopdf)                    date: 2023-08-08 18:56:10
(epstopdf)                    size: 39790 bytes
(epstopdf)             Command: <repstopdf --outfile=x_conv_log_600epochs_norma
lized_x_init-eps-converted-to.pdf x_conv_log_600epochs_normalized_x_init.eps>
(epstopdf)             \includegraphics on input line 735.
Package epstopdf Info: Output file is already uptodate.
<x_conv_log_600epochs_normalized_x_init-eps-converted-to.pdf, id=168, 1517.67pt
 x 598.235pt>
File: x_conv_log_600epochs_normalized_x_init-eps-converted-to.pdf Graphic file 
(type pdf)
<use x_conv_log_600epochs_normalized_x_init-eps-converted-to.pdf>
Package luatex.def Info: x_conv_log_600epochs_normalized_x_init-eps-converted-t
o.pdf  used on input line 735.
(luatex.def)             Requested size: 303.52863pt x 119.64487pt.

LaTeX Warning: Reference `opt_ss' on page 11 undefined on input line 740.


LaTeX Warning: Reference `adaptive_GC_t_distr' on page 11 undefined on input li
ne 740.


LaTeX Warning: Reference `exact_grad_subsec' on page 11 undefined on input line
 740.


LaTeX Warning: File `conv_comp_t_distr_final.eps' not found on input line 744.

Package epstopdf Info: Source file: <conv_comp_t_distr_final.eps>
(epstopdf)             Output file: <conv_comp_t_distr_final-eps-converted-to.p
df>
(epstopdf)                    date: 2023-08-08 18:55:35
(epstopdf)                    size: 27532 bytes
(epstopdf)             Command: <repstopdf --outfile=conv_comp_t_distr_final-ep
s-converted-to.pdf conv_comp_t_distr_final.eps>
(epstopdf)             \includegraphics on input line 744.
Package epstopdf Info: Output file is already uptodate.
<conv_comp_t_distr_final-eps-converted-to.pdf, id=169, 1511.6475pt x 504.88625p
t>
File: conv_comp_t_distr_final-eps-converted-to.pdf Graphic file (type pdf)
<use conv_comp_t_distr_final-eps-converted-to.pdf>
Package luatex.def Info: conv_comp_t_distr_final-eps-converted-to.pdf  used on 
input line 744.
(luatex.def)             Requested size: 302.32414pt x 100.97545pt.

LaTeX Warning: Reference `iter_vs_noniter_fig' on page 11 undefined on input li
ne 749.


LaTeX Warning: Reference `adaptive_GC_t_distr' on page 11 undefined on input li
ne 749.


LaTeX Warning: File `comp_iter_vs_nonit.eps' not found on input line 753.

Package epstopdf Info: Source file: <comp_iter_vs_nonit.eps>
(epstopdf)             Output file: <comp_iter_vs_nonit-eps-converted-to.pdf>
(epstopdf)                    date: 2023-08-08 18:55:21
(epstopdf)                    size: 30183 bytes
(epstopdf)             Command: <repstopdf --outfile=comp_iter_vs_nonit-eps-con
verted-to.pdf comp_iter_vs_nonit.eps>
(epstopdf)             \includegraphics on input line 753.
Package epstopdf Info: Output file is already uptodate.
<comp_iter_vs_nonit-eps-converted-to.pdf, id=170, 1513.655pt x 486.81876pt>
File: comp_iter_vs_nonit-eps-converted-to.pdf Graphic file (type pdf)
<use comp_iter_vs_nonit-eps-converted-to.pdf>
Package luatex.def Info: comp_iter_vs_nonit-eps-converted-to.pdf  used on input
 line 753.
(luatex.def)             Requested size: 302.72563pt x 97.36201pt.

LaTeX Warning: `h' float specifier changed to `ht'.

[11<./comp_over6_expers-eps-converted-to.pdf><./x_conv_log_600epochs_normalized_
x_init-eps-converted-to.pdf><./conv_comp_t_distr_final-eps-converted-to.pdf>]

LaTeX Warning: Citation `CT19' on page 12 undefined on input line 766.


LaTeX Warning: Citation `CPH20c' on page 12 undefined on input line 766.


LaTeX Warning: Citation `RCHV23' on page 12 undefined on input line 766.


LaTeX Warning: Reference `precond_figure' on page 12 undefined on input line 77
0.


LaTeX Warning: Citation `Str69' on page 12 undefined on input line 770.


LaTeX Warning: Citation `PW16' on page 12 undefined on input line 772.


LaTeX Warning: Citation `LLDP20' on page 12 undefined on input line 772.


LaTeX Warning: Citation `GKCMR20' on page 12 undefined on input line 772.

No file 2308.04185_lualatex.bbl.

LaTeX Warning: Reference `bl_orth_sk_sec' on page 12 undefined on input line 78
2.


LaTeX Warning: Reference `distr_grad_desc' on page 12 undefined on input line 7
84.


LaTeX Warning: Reference `lemma_exp' on page 12 undefined on input line 786.


LaTeX Warning: Reference `GC_SGD_thm' on page 12 undefined on input line 790.


LaTeX Warning: Reference `lemma_exp' on page 12 undefined on input line 790.


LaTeX Warning: Reference `lemma_exp' on page 12 undefined on input line 792.


Package amsmath Warning: Foreign command \atopwithdelims;
(amsmath)                \frac or \genfrac should be used instead
(amsmath)                 on input line 801.

[12<./comp_iter_vs_nonit-eps-converted-to.pdf>]

LaTeX Warning: Reference `alg_orthog_sketch' on page 13 undefined on input line
 804.


LaTeX Warning: Reference `x_til_pr_lr' on page 13 undefined on input line 806.


LaTeX Warning: Reference `GC_SGD_thm' on page 13 undefined on input line 825.


LaTeX Warning: Reference `gr_update' on page 13 undefined on input line 826.

[13]

LaTeX Warning: Reference `x_star_pr_lr' on page 14 undefined on input line 840.



LaTeX Warning: Reference `eq_opt_sols' on page 14 undefined on input line 851.


LaTeX Warning: Reference `x_star_pr_lr' on page 14 undefined on input line 852.



LaTeX Warning: Reference `eq_SSD_dor' on page 14 undefined on input line 861.


LaTeX Warning: Reference `subsp_emb_alg1' on page 14 undefined on input line 87
6.


LaTeX Warning: Reference `bd_block_lvg_Unif' on page 14 undefined on input line
 878.


LaTeX Warning: Reference `subsp_emb_thm_Unif' on page 14 undefined on input lin
e 878.


LaTeX Warning: Reference `Lemma_exp_lev_i' on page 14 undefined on input line 8
78.


LaTeX Warning: Reference `norm_lvg_bd_lemma' on page 14 undefined on input line
 878.

[14]

LaTeX Warning: Reference `lvg_sc_expr' on page 15 undefined on input line 891.


LaTeX Warning: Reference `bd_block_lvg_Unif' on page 15 undefined on input line
 908.


LaTeX Warning: Citation `Mah16' on page 15 undefined on input line 910.


LaTeX Warning: Reference `Lemma_exp_lev_i' on page 15 undefined on input line 9
27.


LaTeX Warning: Reference `Hoef_in' on page 15 undefined on input line 929.


LaTeX Warning: Reference `bd_block_lvg_Unif' on page 15 undefined on input line
 940.


LaTeX Warning: Reference `bd_block_lvg_Unif' on page 15 undefined on input line
 942.


LaTeX Warning: Reference `bl_lvg_had_flatten' on page 15 undefined on input lin
e 943.

[15]

LaTeX Warning: Reference `norm_lvg_bd_lemma' on page 16 undefined on input line
 953.


LaTeX Warning: Reference `subsp_emb_thm_Unif' on page 16 undefined on input lin
e 969.


LaTeX Warning: Reference `bd_block_lvg_Unif' on page 16 undefined on input line
 969.


LaTeX Warning: Reference `subsp_emb_thm_lvg' on page 16 undefined on input line
 969.


LaTeX Warning: Reference `bd_block_lvg_Unif' on page 16 undefined on input line
 969.


LaTeX Warning: Reference `approx_unif_error' on page 16 undefined on input line
 969.


LaTeX Warning: Citation `CPH23b' on page 16 undefined on input line 969.


LaTeX Warning: Citation `CPH23b' on page 16 undefined on input line 971.


LaTeX Warning: Reference `subsp_emb_id' on page 16 undefined on input line 973.



LaTeX Warning: Reference `appr_GC_prop' on page 16 undefined on input line 979.



LaTeX Warning: Reference `appr_GC_error' on page 16 undefined on input line 979
.


LaTeX Warning: Citation `CPE17' on page 16 undefined on input line 979.


LaTeX Warning: Reference `opt_dec_err' on page 16 undefined on input line 986.


LaTeX Warning: Citation `KKR19' on page 16 undefined on input line 986.


LaTeX Warning: Citation `SH22' on page 16 undefined on input line 986.


LaTeX Warning: Reference `gr_ls' on page 16 undefined on input line 1001.


LaTeX Warning: Reference `appr_GC_error' on page 16 undefined on input line 100
1.

[16]

LaTeX Warning: Reference `appr_GC_prop' on page 17 undefined on input line 1003
.


LaTeX Warning: Reference `subsp_emb_id' on page 17 undefined on input line 1014
.


LaTeX Warning: Reference `appr_GC_error' on page 17 undefined on input line 101
4.


LaTeX Warning: Reference `block_SRHT_sec' on page 17 undefined on input line 10
18.


LaTeX Warning: Citation `DMMW12' on page 17 undefined on input line 1020.


LaTeX Warning: Citation `Woo14' on page 17 undefined on input line 1020.


LaTeX Warning: Citation `Mah16' on page 17 undefined on input line 1020.


LaTeX Warning: Citation `Wan15' on page 17 undefined on input line 1020.


LaTeX Warning: Citation `CPH20a' on page 17 undefined on input line 1020.


LaTeX Warning: Citation `OJXE18' on page 17 undefined on input line 1020.


LaTeX Warning: Citation `CPH20a' on page 17 undefined on input line 1020.


LaTeX Warning: Reference `bd_lvg_Had' on page 17 undefined on input line 1020.


LaTeX Warning: Reference `fl_lem' on page 17 undefined on input line 1022.


LaTeX Warning: Citation `AC06' on page 17 undefined on input line 1022.


LaTeX Warning: Citation `Mah16' on page 17 undefined on input line 1022.


LaTeX Warning: Reference `prop_SRHT_b' on page 17 undefined on input line 1022.



LaTeX Warning: Reference `GC_SGD_thm' on page 17 undefined on input line 1022.


LaTeX Warning: Reference `subsp_emb_thm_SRHT' on page 17 undefined on input lin
e 1022.


LaTeX Warning: Citation `Mah16' on page 17 undefined on input line 1024.


LaTeX Warning: Citation `Woo14' on page 17 undefined on input line 1030.


LaTeX Warning: Reference `fl_lem' on page 17 undefined on input line 1050.


LaTeX Warning: Reference `Az_Hoef_in' on page 17 undefined on input line 1053.

[17]

LaTeX Warning: Reference `flat_lem_id' on page 18 undefined on input line 1064.



LaTeX Warning: Reference `bd_lvg_Had' on page 18 undefined on input line 1076.


LaTeX Warning: Reference `fl_lem' on page 18 undefined on input line 1077.


LaTeX Warning: Reference `small_entries' on page 18 undefined on input line 109
3.


LaTeX Warning: Reference `bd_block_lvg_Had' on page 18 undefined on input line 
1096.


LaTeX Warning: Reference `bd_lvg_Had' on page 18 undefined on input line 1099.


LaTeX Warning: Reference `subsp_emb_id' on page 18 undefined on input line 1107
.


LaTeX Warning: Reference `matr_Chern' on page 18 undefined on input line 1107.


LaTeX Warning: Reference `fl_lem' on page 18 undefined on input line 1117.


LaTeX Warning: Reference `fl_lem' on page 18 undefined on input line 1117.

[18] [19]

LaTeX Warning: Reference `bound_out_prod_norm' on page 20 undefined on input li
ne 1163.


LaTeX Warning: Reference `bound_quadr_E' on page 20 undefined on input line 116
7.


LaTeX Warning: Reference `matr_Chern' on page 20 undefined on input line 1188.


LaTeX Warning: Reference `prop_SRHT_b' on page 20 undefined on input line 1197.



LaTeX Warning: Reference `def_Xi' on page 20 undefined on input line 1198.

[20]

LaTeX Warning: Reference `matr_Chern' on page 21 undefined on input line 1208.


LaTeX Warning: Reference `bound_gamma' on page 21 undefined on input line 1208.



LaTeX Warning: Reference `bound_var' on page 21 undefined on input line 1208.


LaTeX Warning: Reference `matr_Chern_expr' on page 21 undefined on input line 1
208.


LaTeX Warning: Reference `subsp_emb_thm_SRHT' on page 21 undefined on input lin
e 1217.


LaTeX Warning: Reference `prop_SRHT_b' on page 21 undefined on input line 1218.



LaTeX Warning: Citation `Osg09' on page 21 undefined on input line 1235.

[21]

LaTeX Warning: Reference `expr_T' on page 22 undefined on input line 1255.


LaTeX Warning: Reference `rec_relation' on page 22 undefined on input line 1255
.


LaTeX Warning: Reference `expr_C' on page 22 undefined on input line 1258.


LaTeX Warning: Reference `opt_ss_sec' on page 22 undefined on input line 1275.


LaTeX Warning: Reference `prop_opt_ss' on page 22 undefined on input line 1277.



LaTeX Warning: Reference `cor_opt_ss' on page 22 undefined on input line 1277.


LaTeX Warning: Reference `prop_opt_ss' on page 22 undefined on input line 1279.



LaTeX Warning: Reference `ss_opt_prob' on page 22 undefined on input line 1280.



LaTeX Warning: Reference `ss_opt_prob_alt' on page 22 undefined on input line 1
285.


LaTeX Warning: Reference `ss_opt_prob_alt' on page 22 undefined on input line 1
289.


LaTeX Warning: Reference `par_upd' on page 22 undefined on input line 1289.


LaTeX Warning: Reference `ss_opt_prob_alt' on page 22 undefined on input line 1
289.


LaTeX Warning: Reference `opt_ss' on page 22 undefined on input line 1291.


LaTeX Warning: Reference `ss_opt_prob' on page 22 undefined on input line 1293.



LaTeX Warning: Reference `ss_update' on page 22 undefined on input line 1306.


LaTeX Warning: Reference `ss_update' on page 22 undefined on input line 1308.


LaTeX Warning: Reference `ss_update_Pi' on page 22 undefined on input line 1320
.


LaTeX Warning: Reference `cor_opt_ss' on page 22 undefined on input line 1323.


LaTeX Warning: Reference `ss_opt_prob' on page 22 undefined on input line 1324.



LaTeX Warning: Reference `opt_exp_ss' on page 22 undefined on input line 1324.

[22]

LaTeX Warning: Reference `prop_opt_ss' on page 23 undefined on input line 1326.



LaTeX Warning: Reference `lemma_exp' on page 23 undefined on input line 1330.


LaTeX Warning: Reference `security_sec' on page 23 undefined on input line 1348
.


LaTeX Warning: Reference `Shan_secr_thm' on page 23 undefined on input line 135
0.


LaTeX Warning: Reference `SRHT_comp_sec_thm' on page 23 undefined on input line
 1350.


LaTeX Warning: Reference `cor_fl_lem' on page 23 undefined on input line 1350.


LaTeX Warning: Reference `Shan_secr_thm' on page 23 undefined on input line 135
2.


LaTeX Warning: Reference `Sh_secr' on page 23 undefined on input line 1359.


LaTeX Warning: Reference `Sh_secr' on page 23 undefined on input line 1364.


LaTeX Warning: Reference `cor_fl_lem' on page 23 undefined on input line 1377.


LaTeX Warning: Reference `fl_lem' on page 23 undefined on input line 1378.


LaTeX Warning: Reference `pr_sum_Zj' on page 23 undefined on input line 1380.


LaTeX Warning: Reference `fl_lem' on page 23 undefined on input line 1384.


LaTeX Warning: Reference `cor_fl_lem' on page 23 undefined on input line 1384.


LaTeX Warning: Reference `subsp_emb_thm_SRHT' on page 23 undefined on input lin
e 1384.


LaTeX Warning: Reference `SRHT_comp_sec_thm' on page 23 undefined on input line
 1387.


LaTeX Warning: Reference `alg_orthog_sketch' on page 23 undefined on input line
 1389.

[23]

LaTeX Warning: Reference `exact_grad_subsec' on page 24 undefined on input line
 1394.


LaTeX Warning: Reference `Sh_secr' on page 24 undefined on input line 1406.


LaTeX Warning: Reference `perf_secrecy_id' on page 24 undefined on input line 1
426.


LaTeX Warning: Reference `Shan_secr_thm' on page 24 undefined on input line 143
4.


LaTeX Warning: Reference `Shan_secr_thm' on page 24 undefined on input line 143
6.

[24]

LaTeX Warning: Reference `Shan_secr_thm' on page 25 undefined on input line 144
6.


LaTeX Warning: Citation `Str69' on page 25 undefined on input line 1446.


LaTeX Warning: Citation `AV21' on page 25 undefined on input line 1446.


LaTeX Warning: Citation `CPH20b' on page 25 undefined on input line 1448.


LaTeX Warning: Citation `Gen09' on page 25 undefined on input line 1450.


LaTeX Warning: Citation `Gen09a' on page 25 undefined on input line 1450.


LaTeX Warning: Citation `BGV14' on page 25 undefined on input line 1450.


LaTeX Warning: Citation `SGAM19' on page 25 undefined on input line 1450.


LaTeX Warning: Citation `khan2015hill' on page 25 undefined on input line 1450.



LaTeX Warning: Citation `AKHK17' on page 25 undefined on input line 1450.


LaTeX Warning: Citation `AMAK18' on page 25 undefined on input line 1450.


LaTeX Warning: Citation `Cac14' on page 25 undefined on input line 1450.


LaTeX Warning: Citation `AID19' on page 25 undefined on input line 1450.


LaTeX Warning: Citation `reddy2018image' on page 25 undefined on input line 145
0.


LaTeX Warning: Reference `exact_grad_subsec' on page 25 undefined on input line
 1459.


LaTeX Warning: Reference `eq_orth_encr' on page 25 undefined on input line 1459
.


LaTeX Warning: Citation `TLDK17' on page 25 undefined on input line 1463.


LaTeX Warning: Citation `HASH17' on page 25 undefined on input line 1463.


LaTeX Warning: Citation `OGU19' on page 25 undefined on input line 1463.


LaTeX Warning: Citation `CMH20' on page 25 undefined on input line 1463.


LaTeX Warning: Citation `YA18' on page 25 undefined on input line 1463.


LaTeX Warning: Citation `CT22' on page 25 undefined on input line 1463.


LaTeX Warning: Citation `RTTD17' on page 25 undefined on input line 1463.


LaTeX Warning: Citation `CP18' on page 25 undefined on input line 1463.


LaTeX Warning: Citation `CPE17' on page 25 undefined on input line 1463.


LaTeX Warning: Citation `WCP19' on page 25 undefined on input line 1463.


LaTeX Warning: Citation `BWE19' on page 25 undefined on input line 1463.


LaTeX Warning: Citation `WLS19' on page 25 undefined on input line 1463.


LaTeX Warning: Citation `KKR19' on page 25 undefined on input line 1463.


LaTeX Warning: Citation `HYKM19' on page 25 undefined on input line 1463.


LaTeX Warning: Citation `CHZP18' on page 25 undefined on input line 1463.


LaTeX Warning: Citation `CPH20a' on page 25 undefined on input line 1463.


LaTeX Warning: Reference `Shan_secr_thm' on page 25 undefined on input line 146
3.


LaTeX Warning: Citation `Mur12' on page 25 undefined on input line 1469.

[25]

LaTeX Warning: Reference `Shan_secr_thm' on page 26 undefined on input line 148
1.


LaTeX Warning: Citation `CPH20b' on page 26 undefined on input line 1486.

[26]
(/Users/jovyntan/Desktop/work/fyp/exploration/diff_test_tex_engines/bin/compile
d_tex_pdf/2308.04185/2308.04185_lualatex.aux)

LaTeX Font Warning: Some font shapes were not available, defaults substituted.


LaTeX Warning: There were undefined references.


LaTeX Warning: Label(s) may have changed. Rerun to get cross-references right.

Package rerunfilecheck Info: File `2308.04185_lualatex.out' has not changed.
(rerunfilecheck)             Checksum: <no file>.
)

Here is how much of LuaTeX's memory you used:
 26514 strings out of 478531
 156263,953878 words of node,token memory allocated
 7958 words of node memory still in use:
   7 hlist, 2 vlist, 2 rule, 8 glue, 713 kern, 121 sub_mlist, 1 glyph, 854 attri
bute, 76 glue_spec, 854 attribute_list, 2 write nodes
   avail lists: 1:1,2:867,3:271,4:50,5:643,6:49,7:13804,8:83,9:1973,10:17,11:121
4
 45104 multiletter control sequences out of 65536+600000
 125 fonts using 9962175 bytes
 113i,17n,110p,1291b,550s stack positions out of 5000i,500n,10000p,200000b,80000s
{/usr/local/texlive/2021/texmf-dist/fonts/enc/dvips/base/8r.enc}</usr/local/texl
ive/2021/texmf-dist/fonts/type1/public/amsfonts/cm/cmbx10.pfb></usr/local/texliv
e/2021/texmf-dist/fonts/type1/public/amsfonts/cm/cmbx5.pfb></usr/local/texlive/2
021/texmf-dist/fonts/type1/public/amsfonts/cm/cmbx7.pfb></usr/local/texlive/2021
/texmf-dist/fonts/type1/public/amsfonts/cm/cmbx8.pfb></usr/local/texlive/2021/te
xmf-dist/fonts/type1/public/amsfonts/cm/cmex10.pfb></usr/local/texlive/2021/texm
f-dist/fonts/type1/public/amsfonts/cmextra/cmex7.pfb></usr/local/texlive/2021/te
xmf-dist/fonts/type1/public/amsfonts/cm/cmmi10.pfb></usr/local/texlive/2021/texm
f-dist/fonts/type1/public/amsfonts/cm/cmmi5.pfb></usr/local/texlive/2021/texmf-d
ist/fonts/type1/public/amsfonts/cm/cmmi6.pfb></usr/local/texlive/2021/texmf-dist
/fonts/type1/public/amsfonts/cm/cmmi7.pfb></usr/local/texlive/2021/texmf-dist/fo
nts/type1/public/amsfonts/cm/cmmi8.pfb></usr/local/texlive/2021/texmf-dist/fonts
/type1/public/amsfonts/cm/cmmi9.pfb></usr/local/texlive/2021/texmf-dist/fonts/ty
pe1/public/amsfonts/cm/cmmib10.pfb></usr/local/texlive/2021/texmf-dist/fonts/typ
e1/public/amsfonts/cm/cmr10.pfb></usr/local/texlive/2021/texmf-dist/fonts/type1/
public/amsfonts/cm/cmr5.pfb></usr/local/texlive/2021/texmf-dist/fonts/type1/publ
ic/amsfonts/cm/cmr6.pfb></usr/local/texlive/2021/texmf-dist/fonts/type1/public/a
msfonts/cm/cmr7.pfb></usr/local/texlive/2021/texmf-dist/fonts/type1/public/amsfo
nts/cm/cmr8.pfb></usr/local/texlive/2021/texmf-dist/fonts/type1/public/amsfonts/
cm/cmss10.pfb></usr/local/texlive/2021/texmf-dist/fonts/type1/public/amsfonts/cm
/cmsy10.pfb></usr/local/texlive/2021/texmf-dist/fonts/type1/public/amsfonts/cm/c
msy5.pfb></usr/local/texlive/2021/texmf-dist/fonts/type1/public/amsfonts/cm/cmsy
6.pfb></usr/local/texlive/2021/texmf-dist/fonts/type1/public/amsfonts/cm/cmsy7.p
fb></usr/local/texlive/2021/texmf-dist/fonts/type1/public/amsfonts/cm/cmti10.pfb
></usr/local/texlive/2021/texmf-dist/fonts/type1/public/amsfonts/cm/cmti7.pfb></
usr/local/texlive/2021/texmf-dist/fonts/type1/public/amsfonts/symbols/msam10.pfb
></usr/local/texlive/2021/texmf-dist/fonts/type1/public/amsfonts/symbols/msam5.p
fb></usr/local/texlive/2021/texmf-dist/fonts/type1/public/amsfonts/symbols/msbm1
0.pfb></usr/local/texlive/2021/texmf-dist/fonts/type1/public/amsfonts/symbols/ms
bm7.pfb></usr/local/texlive/2021/texmf-dist/fonts/type1/urw/helvetic/uhvr8a.pfb>
</usr/local/texlive/2021/texmf-dist/fonts/type1/urw/times/utmb8a.pfb></usr/local
/texlive/2021/texmf-dist/fonts/type1/urw/times/utmbi8a.pfb></usr/local/texlive/2
021/texmf-dist/fonts/type1/urw/times/utmr8a.pfb></usr/local/texlive/2021/texmf-d
ist/fonts/type1/urw/times/utmri8a.pfb>
Output written on 2308.04185_lualatex.pdf (26 pages, 3433191 bytes).

PDF statistics: 451 PDF objects out of 1000 (max. 8388607)
 370 compressed objects within 4 object streams
 172 named destinations out of 1000 (max. 131072)
 16 words of extra memory for PDF output out of 10000 (max. 100000000)

