This is pdfTeX, Version 3.141592653-2.6-1.40.22 (TeX Live 2021) (preloaded format=pdflatex)
 restricted \write18 enabled.
entering extended mode
(./2308.00406
LaTeX2e <2020-10-01> patch level 4
L3 programming layer <2021-02-18>
(/usr/local/texlive/2021/texmf-dist/tex/latex/base/article.cls
Document Class: article 2020/04/10 v1.4m Standard LaTeX document class
(/usr/local/texlive/2021/texmf-dist/tex/latex/base/size10.clo))
(/usr/local/texlive/2021/texmf-dist/tex/latex/amsfonts/amssymb.sty
(/usr/local/texlive/2021/texmf-dist/tex/latex/amsfonts/amsfonts.sty))
(/usr/local/texlive/2021/texmf-dist/tex/latex/amsmath/amsmath.sty
For additional information on amsmath, use the `?' option.
(/usr/local/texlive/2021/texmf-dist/tex/latex/amsmath/amstext.sty
(/usr/local/texlive/2021/texmf-dist/tex/latex/amsmath/amsgen.sty))
(/usr/local/texlive/2021/texmf-dist/tex/latex/amsmath/amsbsy.sty)
(/usr/local/texlive/2021/texmf-dist/tex/latex/amsmath/amsopn.sty))
(/usr/local/texlive/2021/texmf-dist/tex/latex/amscls/amsthm.sty)
(/usr/local/texlive/2021/texmf-dist/tex/latex/amsmath/amscd.sty)
(/usr/local/texlive/2021/texmf-dist/tex/latex/jknapltx/mathrsfs.sty)
(/usr/local/texlive/2021/texmf-dist/tex/latex/graphics/color.sty
(/usr/local/texlive/2021/texmf-dist/tex/latex/graphics-cfg/color.cfg)
(/usr/local/texlive/2021/texmf-dist/tex/latex/graphics-def/pdftex.def))
(/usr/local/texlive/2021/texmf-dist/tex/latex/hyperref/hyperref.sty
(/usr/local/texlive/2021/texmf-dist/tex/generic/ltxcmds/ltxcmds.sty)
(/usr/local/texlive/2021/texmf-dist/tex/generic/iftex/iftex.sty)
(/usr/local/texlive/2021/texmf-dist/tex/generic/pdftexcmds/pdftexcmds.sty
(/usr/local/texlive/2021/texmf-dist/tex/generic/infwarerr/infwarerr.sty))
(/usr/local/texlive/2021/texmf-dist/tex/latex/graphics/keyval.sty)
(/usr/local/texlive/2021/texmf-dist/tex/generic/kvsetkeys/kvsetkeys.sty)
(/usr/local/texlive/2021/texmf-dist/tex/generic/kvdefinekeys/kvdefinekeys.sty)
(/usr/local/texlive/2021/texmf-dist/tex/generic/pdfescape/pdfescape.sty)
(/usr/local/texlive/2021/texmf-dist/tex/latex/hycolor/hycolor.sty)
(/usr/local/texlive/2021/texmf-dist/tex/latex/letltxmacro/letltxmacro.sty)
(/usr/local/texlive/2021/texmf-dist/tex/latex/auxhook/auxhook.sty)
(/usr/local/texlive/2021/texmf-dist/tex/latex/kvoptions/kvoptions.sty)
(/usr/local/texlive/2021/texmf-dist/tex/latex/hyperref/pd1enc.def)
(/usr/local/texlive/2021/texmf-dist/tex/latex/hyperref/hyperref-langpatches.def
) (/usr/local/texlive/2021/texmf-dist/tex/generic/intcalc/intcalc.sty)
(/usr/local/texlive/2021/texmf-dist/tex/generic/etexcmds/etexcmds.sty)
(/usr/local/texlive/2021/texmf-dist/tex/latex/hyperref/puenc.def)
(/usr/local/texlive/2021/texmf-dist/tex/latex/url/url.sty)
(/usr/local/texlive/2021/texmf-dist/tex/generic/bitset/bitset.sty
(/usr/local/texlive/2021/texmf-dist/tex/generic/bigintcalc/bigintcalc.sty))
(/usr/local/texlive/2021/texmf-dist/tex/latex/base/atbegshi-ltx.sty))
(/usr/local/texlive/2021/texmf-dist/tex/latex/hyperref/hpdftex.def
(/usr/local/texlive/2021/texmf-dist/tex/latex/base/atveryend-ltx.sty)
(/usr/local/texlive/2021/texmf-dist/tex/latex/rerunfilecheck/rerunfilecheck.sty

(/usr/local/texlive/2021/texmf-dist/tex/generic/uniquecounter/uniquecounter.sty
))) (/usr/local/texlive/2021/texmf-dist/tex/latex/cite/cite.sty)
(/usr/local/texlive/2021/texmf-dist/tex/latex/geometry/geometry.sty
(/usr/local/texlive/2021/texmf-dist/tex/generic/iftex/ifvtex.sty))
(/usr/local/texlive/2021/texmf-dist/tex/latex/changes/changes.sty
*** changes package 2021/02/14 v4.0.1 ***
(/usr/local/texlive/2021/texmf-dist/tex/latex/xkeyval/xkeyval.sty
(/usr/local/texlive/2021/texmf-dist/tex/generic/xkeyval/xkeyval.tex
(/usr/local/texlive/2021/texmf-dist/tex/generic/xkeyval/xkvutils.tex)))
(/usr/local/texlive/2021/texmf-dist/tex/latex/etoolbox/etoolbox.sty)
(/usr/local/texlive/2021/texmf-dist/tex/generic/xstring/xstring.sty
(/usr/local/texlive/2021/texmf-dist/tex/generic/xstring/xstring.tex))
ulem-option 'normalem,normalbf', passed to package ulem
truncate-option 'breakall,fit', passed to package truncate
(/usr/local/texlive/2021/texmf-dist/tex/latex/xcolor/xcolor.sty
(/usr/local/texlive/2021/texmf-dist/tex/latex/graphics-cfg/color.cfg))
(/usr/local/texlive/2021/texmf-dist/tex/generic/ulem/ulem.sty)
(/usr/local/texlive/2021/texmf-dist/tex/latex/todonotes/todonotes.sty
(/usr/local/texlive/2021/texmf-dist/tex/latex/base/ifthen.sty)
(/usr/local/texlive/2021/texmf-dist/tex/latex/pgf/frontendlayer/tikz.sty
(/usr/local/texlive/2021/texmf-dist/tex/latex/pgf/basiclayer/pgf.sty
(/usr/local/texlive/2021/texmf-dist/tex/latex/pgf/utilities/pgfrcs.sty
(/usr/local/texlive/2021/texmf-dist/tex/generic/pgf/utilities/pgfutil-common.te
x
(/usr/local/texlive/2021/texmf-dist/tex/generic/pgf/utilities/pgfutil-common-li
sts.tex))
(/usr/local/texlive/2021/texmf-dist/tex/generic/pgf/utilities/pgfutil-latex.def
) (/usr/local/texlive/2021/texmf-dist/tex/generic/pgf/utilities/pgfrcs.code.tex
(/usr/local/texlive/2021/texmf-dist/tex/generic/pgf/pgf.revision.tex)))
(/usr/local/texlive/2021/texmf-dist/tex/latex/pgf/basiclayer/pgfcore.sty
(/usr/local/texlive/2021/texmf-dist/tex/latex/graphics/graphicx.sty
(/usr/local/texlive/2021/texmf-dist/tex/latex/graphics/graphics.sty
(/usr/local/texlive/2021/texmf-dist/tex/latex/graphics/trig.sty)
(/usr/local/texlive/2021/texmf-dist/tex/latex/graphics-cfg/graphics.cfg)))
(/usr/local/texlive/2021/texmf-dist/tex/latex/pgf/systemlayer/pgfsys.sty
(/usr/local/texlive/2021/texmf-dist/tex/generic/pgf/systemlayer/pgfsys.code.tex
(/usr/local/texlive/2021/texmf-dist/tex/generic/pgf/utilities/pgfkeys.code.tex
(/usr/local/texlive/2021/texmf-dist/tex/generic/pgf/utilities/pgfkeysfiltered.c
ode.tex))
(/usr/local/texlive/2021/texmf-dist/tex/generic/pgf/systemlayer/pgf.cfg)
(/usr/local/texlive/2021/texmf-dist/tex/generic/pgf/systemlayer/pgfsys-pdftex.d
ef
(/usr/local/texlive/2021/texmf-dist/tex/generic/pgf/systemlayer/pgfsys-common-p
df.def)))
(/usr/local/texlive/2021/texmf-dist/tex/generic/pgf/systemlayer/pgfsyssoftpath.
code.tex)
(/usr/local/texlive/2021/texmf-dist/tex/generic/pgf/systemlayer/pgfsysprotocol.
code.tex))
(/usr/local/texlive/2021/texmf-dist/tex/generic/pgf/basiclayer/pgfcore.code.tex
(/usr/local/texlive/2021/texmf-dist/tex/generic/pgf/math/pgfmath.code.tex
(/usr/local/texlive/2021/texmf-dist/tex/generic/pgf/math/pgfmathcalc.code.tex
(/usr/local/texlive/2021/texmf-dist/tex/generic/pgf/math/pgfmathutil.code.tex)
(/usr/local/texlive/2021/texmf-dist/tex/generic/pgf/math/pgfmathparser.code.tex
)
(/usr/local/texlive/2021/texmf-dist/tex/generic/pgf/math/pgfmathfunctions.code.
tex
(/usr/local/texlive/2021/texmf-dist/tex/generic/pgf/math/pgfmathfunctions.basic
.code.tex)
(/usr/local/texlive/2021/texmf-dist/tex/generic/pgf/math/pgfmathfunctions.trigo
nometric.code.tex)
(/usr/local/texlive/2021/texmf-dist/tex/generic/pgf/math/pgfmathfunctions.rando
m.code.tex)
(/usr/local/texlive/2021/texmf-dist/tex/generic/pgf/math/pgfmathfunctions.compa
rison.code.tex)
(/usr/local/texlive/2021/texmf-dist/tex/generic/pgf/math/pgfmathfunctions.base.
code.tex)
(/usr/local/texlive/2021/texmf-dist/tex/generic/pgf/math/pgfmathfunctions.round
.code.tex)
(/usr/local/texlive/2021/texmf-dist/tex/generic/pgf/math/pgfmathfunctions.misc.
code.tex)
(/usr/local/texlive/2021/texmf-dist/tex/generic/pgf/math/pgfmathfunctions.integ
erarithmetics.code.tex)))
(/usr/local/texlive/2021/texmf-dist/tex/generic/pgf/math/pgfmathfloat.code.tex)
) (/usr/local/texlive/2021/texmf-dist/tex/generic/pgf/math/pgfint.code.tex)
(/usr/local/texlive/2021/texmf-dist/tex/generic/pgf/basiclayer/pgfcorepoints.co
de.tex)
(/usr/local/texlive/2021/texmf-dist/tex/generic/pgf/basiclayer/pgfcorepathconst
ruct.code.tex)
(/usr/local/texlive/2021/texmf-dist/tex/generic/pgf/basiclayer/pgfcorepathusage
.code.tex)
(/usr/local/texlive/2021/texmf-dist/tex/generic/pgf/basiclayer/pgfcorescopes.co
de.tex)
(/usr/local/texlive/2021/texmf-dist/tex/generic/pgf/basiclayer/pgfcoregraphicst
ate.code.tex)
(/usr/local/texlive/2021/texmf-dist/tex/generic/pgf/basiclayer/pgfcoretransform
ations.code.tex)
(/usr/local/texlive/2021/texmf-dist/tex/generic/pgf/basiclayer/pgfcorequick.cod
e.tex)
(/usr/local/texlive/2021/texmf-dist/tex/generic/pgf/basiclayer/pgfcoreobjects.c
ode.tex)
(/usr/local/texlive/2021/texmf-dist/tex/generic/pgf/basiclayer/pgfcorepathproce
ssing.code.tex)
(/usr/local/texlive/2021/texmf-dist/tex/generic/pgf/basiclayer/pgfcorearrows.co
de.tex)
(/usr/local/texlive/2021/texmf-dist/tex/generic/pgf/basiclayer/pgfcoreshade.cod
e.tex)
(/usr/local/texlive/2021/texmf-dist/tex/generic/pgf/basiclayer/pgfcoreimage.cod
e.tex
(/usr/local/texlive/2021/texmf-dist/tex/generic/pgf/basiclayer/pgfcoreexternal.
code.tex))
(/usr/local/texlive/2021/texmf-dist/tex/generic/pgf/basiclayer/pgfcorelayers.co
de.tex)
(/usr/local/texlive/2021/texmf-dist/tex/generic/pgf/basiclayer/pgfcoretranspare
ncy.code.tex)
(/usr/local/texlive/2021/texmf-dist/tex/generic/pgf/basiclayer/pgfcorepatterns.
code.tex)
(/usr/local/texlive/2021/texmf-dist/tex/generic/pgf/basiclayer/pgfcorerdf.code.
tex)))
(/usr/local/texlive/2021/texmf-dist/tex/generic/pgf/modules/pgfmoduleshapes.cod
e.tex)
(/usr/local/texlive/2021/texmf-dist/tex/generic/pgf/modules/pgfmoduleplot.code.
tex)
(/usr/local/texlive/2021/texmf-dist/tex/latex/pgf/compatibility/pgfcomp-version
-0-65.sty)
(/usr/local/texlive/2021/texmf-dist/tex/latex/pgf/compatibility/pgfcomp-version
-1-18.sty))
(/usr/local/texlive/2021/texmf-dist/tex/latex/pgf/utilities/pgffor.sty
(/usr/local/texlive/2021/texmf-dist/tex/latex/pgf/utilities/pgfkeys.sty
(/usr/local/texlive/2021/texmf-dist/tex/generic/pgf/utilities/pgfkeys.code.tex)
) (/usr/local/texlive/2021/texmf-dist/tex/latex/pgf/math/pgfmath.sty
(/usr/local/texlive/2021/texmf-dist/tex/generic/pgf/math/pgfmath.code.tex))
(/usr/local/texlive/2021/texmf-dist/tex/generic/pgf/utilities/pgffor.code.tex
(/usr/local/texlive/2021/texmf-dist/tex/generic/pgf/math/pgfmath.code.tex)))
(/usr/local/texlive/2021/texmf-dist/tex/generic/pgf/frontendlayer/tikz/tikz.cod
e.tex
(/usr/local/texlive/2021/texmf-dist/tex/generic/pgf/libraries/pgflibraryplothan
dlers.code.tex)
(/usr/local/texlive/2021/texmf-dist/tex/generic/pgf/modules/pgfmodulematrix.cod
e.tex)
(/usr/local/texlive/2021/texmf-dist/tex/generic/pgf/frontendlayer/tikz/librarie
s/tikzlibrarytopaths.code.tex)))
(/usr/local/texlive/2021/texmf-dist/tex/generic/pgf/frontendlayer/tikz/librarie
s/tikzlibrarypositioning.code.tex)
(/usr/local/texlive/2021/texmf-dist/tex/generic/pgf/frontendlayer/tikz/librarie
s/tikzlibraryshadows.code.tex
(/usr/local/texlive/2021/texmf-dist/tex/generic/pgf/frontendlayer/tikz/librarie
s/tikzlibraryfadings.code.tex
(/usr/local/texlive/2021/texmf-dist/tex/generic/pgf/libraries/pgflibraryfadings
.code.tex))) (/usr/local/texlive/2021/texmf-dist/tex/latex/tools/calc.sty))
(/usr/local/texlive/2021/texmf-dist/tex/latex/truncate/truncate.sty))
(/usr/local/texlive/2021/texmf-dist/tex/latex/tools/array.sty)
(/usr/local/texlive/2021/texmf-dist/tex/latex/tools/indentfirst.sty)
(/usr/local/texlive/2021/texmf-dist/tex/latex/booktabs/booktabs.sty)
(/usr/local/texlive/2021/texmf-dist/tex/latex/l3backend/l3backend-pdftex.def)
No file 2308.00406_pdflatex.aux.
(/usr/local/texlive/2021/texmf-dist/tex/context/base/mkii/supp-pdf.mkii
[Loading MPS to PDF converter (version 2006.09.02).]
) (/usr/local/texlive/2021/texmf-dist/tex/latex/epstopdf-pkg/epstopdf-base.sty
(/usr/local/texlive/2021/texmf-dist/tex/latex/latexconfig/epstopdf-sys.cfg))
(/usr/local/texlive/2021/texmf-dist/tex/latex/hyperref/nameref.sty
(/usr/local/texlive/2021/texmf-dist/tex/latex/refcount/refcount.sty)
(/usr/local/texlive/2021/texmf-dist/tex/generic/gettitlestring/gettitlestring.s
ty))
*geometry* driver: auto-detecting
*geometry* detected driver: pdftex
(/usr/local/texlive/2021/texmf-dist/tex/latex/amsfonts/umsa.fd)
(/usr/local/texlive/2021/texmf-dist/tex/latex/amsfonts/umsb.fd)
(/usr/local/texlive/2021/texmf-dist/tex/latex/jknapltx/ursfs.fd)

LaTeX Warning: Citation `ZHengCLiXWang2022' on page 1 undefined on input line 4
5.


LaTeX Warning: Citation `JSuiQYueXLiDHuang2022' on page 1 undefined on input li
ne 45.


LaTeX Warning: Citation `MADeBoer1996' on page 1 undefined on input line 45.


LaTeX Warning: Citation `ZHengCLiXWang2022' on page 1 undefined on input line 4
5.


LaTeX Warning: Citation `MJEGolay1949' on page 1 undefined on input line 45.


LaTeX Warning: Citation `QWangZHeng2021' on page 1 undefined on input line 45.


LaTeX Warning: Citation `HTong2013' on page 1 undefined on input line 45.


LaTeX Warning: Citation `LJin2019' on page 1 undefined on input line 45.


LaTeX Warning: Citation `CDing2020' on page 1 undefined on input line 45.


LaTeX Warning: Citation `CDing2018' on page 1 undefined on input line 45.


LaTeX Warning: Citation `PTan2021' on page 1 undefined on input line 45.


LaTeX Warning: Citation `YZhou2009' on page 1 undefined on input line 45.


LaTeX Warning: Citation `RDodunekova1997' on page 1 undefined on input line 45.



LaTeX Warning: Citation `XKai2015' on page 1 undefined on input line 45.


LaTeX Warning: Citation `ZHengCLiXWang2022' on page 1 undefined on input line 4
5.


LaTeX Warning: Citation `CDing2020' on page 1 undefined on input line 45.


LaTeX Warning: Citation `CDing2018' on page 1 undefined on input line 45.


LaTeX Warning: Citation `PTan2021' on page 1 undefined on input line 45.


LaTeX Warning: Citation `YZhou2009' on page 1 undefined on input line 45.


LaTeX Warning: Citation `RDodunekova1997' on page 1 undefined on input line 45.



LaTeX Warning: Citation `XKai2015' on page 1 undefined on input line 45.


LaTeX Warning: Citation `ZHengCLiXWang2022' on page 1 undefined on input line 4
5.

[1{/usr/local/texlive/2021/texmf-var/fonts/map/pdftex/updmap/pdftex.map}]

LaTeX Warning: Citation `QWangZHeng2021' on page 2 undefined on input line 47.


LaTeX Warning: Citation `PWShor1995' on page 2 undefined on input line 52.


LaTeX Warning: Citation `PWShor1995' on page 2 undefined on input line 52.


LaTeX Warning: Citation `PWShor1996' on page 2 undefined on input line 52.


LaTeX Warning: Citation `PWShor1997' on page 2 undefined on input line 52.


LaTeX Warning: Citation `PWShor1995' on page 2 undefined on input line 52.


LaTeX Warning: Citation `RLaflamme1996' on page 2 undefined on input line 52.


LaTeX Warning: Citation `HChen2005' on page 2 undefined on input line 52.


LaTeX Warning: Citation `GCohen1999' on page 2 undefined on input line 52.


LaTeX Warning: Citation `KFeng2002' on page 2 undefined on input line 52.


LaTeX Warning: Citation `MGrasslMRötteler2004' on page 2 undefined on input li
ne 52.


LaTeX Warning: Citation `DHu2008' on page 2 undefined on input line 52.


LaTeX Warning: Citation `LJin2010' on page 2 undefined on input line 52.


LaTeX Warning: Citation `LJin20102' on page 2 undefined on input line 52.


LaTeX Warning: Citation `GGL2011' on page 2 undefined on input line 52.


LaTeX Warning: Citation `ZLi2008' on page 2 undefined on input line 52.


LaTeX Warning: Citation `RLi2010' on page 2 undefined on input line 52.


LaTeX Warning: Citation `AMSteane1999' on page 2 undefined on input line 52.


LaTeX Warning: Citation `AMSteane19992' on page 2 undefined on input line 52.


LaTeX Warning: Citation `PKSarvepalli2005' on page 2 undefined on input line 52
.


LaTeX Warning: Citation `XKai2013' on page 2 undefined on input line 52.


LaTeX Warning: Citation `BChen2015' on page 2 undefined on input line 52.


LaTeX Warning: Citation `SLi2016' on page 2 undefined on input line 52.


LaTeX Warning: Citation `WFang2019' on page 2 undefined on input line 52.


LaTeX Warning: Citation `RYan2023' on page 2 undefined on input line 52.


LaTeX Warning: Citation `HXu2022' on page 2 undefined on input line 52.


LaTeX Warning: Citation `FYang2023' on page 2 undefined on input line 52.


LaTeX Warning: Citation `Ati2007' on page 2 undefined on input line 52.


LaTeX Warning: Citation `Ggen2008' on page 2 undefined on input line 52.


LaTeX Warning: Citation `Pbl2010' on page 2 undefined on input line 52.


LaTeX Warning: Citation `ZWang2013' on page 2 undefined on input line 52.


LaTeX Warning: Citation `ZWang2013' on page 2 undefined on input line 52.


LaTeX Warning: Citation `PWShor1996' on page 2 undefined on input line 52.


LaTeX Warning: Citation `ZWang2013' on page 2 undefined on input line 52.


LaTeX Warning: Citation `FShi2021' on page 2 undefined on input line 52.


LaTeX Warning: Citation `RYan2023' on page 2 undefined on input line 52.


LaTeX Warning: Citation `ZWang2013' on page 2 undefined on input line 52.


LaTeX Warning: Citation `PWShor1996' on page 2 undefined on input line 52.


LaTeX Warning: Citation `FShi2021' on page 2 undefined on input line 52.


LaTeX Warning: Citation `RYan2023' on page 2 undefined on input line 52.


LaTeX Warning: Citation `RYan2023' on page 2 undefined on input line 52.


LaTeX Warning: Citation `ZWang2013' on page 2 undefined on input line 52.


LaTeX Warning: Citation `CRRao1947' on page 2 undefined on input line 55.


LaTeX Warning: Citation `RYan2023' on page 2 undefined on input line 55.


LaTeX Warning: Citation `SPang2021' on page 2 undefined on input line 55.


LaTeX Warning: Citation `LChen2017' on page 2 undefined on input line 55.


LaTeX Warning: Citation `YWang2016' on page 2 undefined on input line 55.


LaTeX Warning: Citation `YZhang2004' on page 2 undefined on input line 55.


LaTeX Warning: Citation `XZhang2020' on page 2 undefined on input line 55.


LaTeX Warning: Citation `YZhu2005' on page 2 undefined on input line 55.


LaTeX Warning: Citation `DGoyeneche2016' on page 2 undefined on input line 55.


LaTeX Warning: Citation `ZZheng2021' on page 2 undefined on input line 55.


LaTeX Warning: Citation `HXu2022' on page 2 undefined on input line 55.


LaTeX Warning: Citation `DGoyeneche2014' on page 2 undefined on input line 55.


LaTeX Warning: Citation `SPang2019' on page 2 undefined on input line 55.


LaTeX Warning: Citation `XZhang2021' on page 2 undefined on input line 55.


LaTeX Warning: Citation `PDelsarte1973' on page 2 undefined on input line 55.


LaTeX Warning: Citation `RYan2023' on page 2 undefined on input line 55.


LaTeX Warning: Citation `DGoyeneche2014' on page 2 undefined on input line 55.


LaTeX Warning: Citation `XKaiSZhuPLi2014' on page 2 undefined on input line 55.



LaTeX Warning: Citation `RYan2023' on page 2 undefined on input line 55.


LaTeX Warning: Citation `HXu2022' on page 2 undefined on input line 55.


LaTeX Warning: Citation `FYang2023' on page 2 undefined on input line 55.

[2]

LaTeX Warning: Reference `Preli' on page 3 undefined on input line 64.


LaTeX Warning: Reference `Main' on page 3 undefined on input line 64.


LaTeX Warning: Reference `mMDS' on page 3 undefined on input line 64.


LaTeX Warning: Reference `3.3' on page 3 undefined on input line 64.


LaTeX Warning: Reference `Conclu' on page 3 undefined on input line 64.


LaTeX Warning: Citation `SPang2017' on page 3 undefined on input line 77.


LaTeX Warning: Citation `SPang2021' on page 3 undefined on input line 85.


LaTeX Warning: Citation `FShi2021' on page 3 undefined on input line 92.

[3]

LaTeX Warning: Reference `quantum bound 3' on page 4 undefined on input line 10
7.


LaTeX Warning: Reference `quantum bound 1' on page 4 undefined on input line 10
7.


LaTeX Warning: Reference `quantum bound 2' on page 4 undefined on input line 10
7.


LaTeX Warning: Citation `SPang2019' on page 4 undefined on input line 119.


LaTeX Warning: Reference `ICMq' on page 4 undefined on input line 131.


LaTeX Warning: Citation `RYan2023' on page 4 undefined on input line 138.


LaTeX Warning: Citation `ZZheng2021' on page 4 undefined on input line 142.


LaTeX Warning: Citation `ASHedayat1999' on page 4 undefined on input line 150.


LaTeX Warning: Citation `RYan2023' on page 4 undefined on input line 156.


LaTeX Warning: Citation `FShi2021' on page 4 undefined on input line 159.

[4]

LaTeX Warning: Reference `fei21' on page 5 undefined on input line 162.


LaTeX Warning: Citation `DGoyeneche2016' on page 5 undefined on input line 164.



LaTeX Warning: Reference `table4' on page 5 undefined on input line 178.


Package hyperref Warning: Token not allowed in a PDF string (Unicode):
(hyperref)                removing `math shift' on input line 206.


Package hyperref Warning: Token not allowed in a PDF string (Unicode):
(hyperref)                removing `math shift' on input line 206.

[5]

LaTeX Warning: Citation `ASHedayat1999' on page 6 undefined on input line 220.


LaTeX Warning: Reference `t+1' on page 6 undefined on input line 220.


LaTeX Warning: Reference `distance' on page 6 undefined on input line 220.


LaTeX Warning: Reference `t+1' on page 6 undefined on input line 222.


LaTeX Warning: Reference `t+1' on page 6 undefined on input line 224.


LaTeX Warning: Reference `mMDS' on page 6 undefined on input line 228.


LaTeX Warning: Reference `ICMq' on page 6 undefined on input line 230.


LaTeX Warning: Reference `mMDS' on page 6 undefined on input line 230.


LaTeX Warning: Reference `ICMq' on page 6 undefined on input line 232.


LaTeX Warning: Reference `mMDS' on page 6 undefined on input line 232.


LaTeX Warning: Reference `mMDS' on page 6 undefined on input line 237.


LaTeX Warning: Reference `ICMq' on page 6 undefined on input line 239.


LaTeX Warning: Reference `mMDS' on page 6 undefined on input line 239.


LaTeX Warning: Reference `ICMq' on page 6 undefined on input line 242.


LaTeX Warning: Reference `mMDS' on page 6 undefined on input line 242.


Overfull \hbox (6.06454pt too wide) in paragraph at lines 242--243
[]$\OT1/cmr/m/n/10 (\OML/cmm/m/it/10 ii\OT1/cmr/m/n/10 )$\OT1/cmr/m/it/10 . Sup
-pose $\OML/cmm/m/it/10 t \OT1/cmr/m/n/10 = \OML/cmm/m/it/10 k \OMS/cmsy/m/n/10
 ^^@ \OT1/cmr/m/n/10 1 = 3$\OT1/cmr/m/it/10 . From Lemma [], $\OML/cmm/m/it/10 
A[] \OT1/cmr/m/n/10 = (\OML/cmm/m/it/10 a[]; a[]; a[]; a[]; a[] \OT1/cmr/m/n/10
 + \OML/cmm/m/it/10 a[] \OT1/cmr/m/n/10 + \OML/cmm/m/it/10 a[]\OT1/cmr/m/n/10 )
$\OT1/cmr/m/it/10 , $\OML/cmm/m/it/10 A[] \OT1/cmr/m/n/10 = (\OML/cmm/m/it/10 a
[]; a[]; a[]; a[]; a[] \OT1/cmr/m/n/10 +

LaTeX Warning: Reference `ICMq' on page 6 undefined on input line 246.


LaTeX Warning: Reference `mMDS' on page 6 undefined on input line 246.

[6]

LaTeX Warning: Reference `mMDS' on page 7 undefined on input line 251.


LaTeX Warning: Reference `ICMq' on page 7 undefined on input line 253.


LaTeX Warning: Reference `mMDS' on page 7 undefined on input line 253.


LaTeX Warning: Reference `ICMq' on page 7 undefined on input line 255.


LaTeX Warning: Reference `mMDS' on page 7 undefined on input line 259.


Overfull \hbox (0.55197pt too wide) in paragraph at lines 265--265
[]\OT1/cmr/bx/n/12 Construction of near quan-tum MDS codes over mixed al-pha-be
ts through

LaTeX Warning: Reference `XLin2018' on page 7 undefined on input line 270.


LaTeX Warning: Citation `DGoyeneche2016' on page 7 undefined on input line 272.



LaTeX Warning: Reference `fei21' on page 7 undefined on input line 272.


LaTeX Warning: Reference `QECC' on page 7 undefined on input line 275.


LaTeX Warning: Reference `nqMDS' on page 7 undefined on input line 275.


LaTeX Warning: Reference `nqMDS' on page 7 undefined on input line 278.


LaTeX Warning: Reference `distance' on page 7 undefined on input line 284.


LaTeX Warning: Reference `replacement' on page 7 undefined on input line 284.


LaTeX Warning: Reference `ORQU' on page 7 undefined on input line 284.


LaTeX Warning: Reference `nqMDS' on page 7 undefined on input line 284.

[7]

LaTeX Warning: Reference `mul' on page 8 undefined on input line 292.


LaTeX Warning: Reference `Nq' on page 8 undefined on input line 292.


LaTeX Warning: Reference `Nq1' on page 8 undefined on input line 298.


LaTeX Warning: Citation `ASHedayat1999' on page 8 undefined on input line 305.


LaTeX Warning: Citation `WarrenKufeld' on page 8 undefined on input line 305.


LaTeX Warning: Reference `replacement' on page 8 undefined on input line 305.


LaTeX Warning: Reference `Nq' on page 8 undefined on input line 309.


LaTeX Warning: Reference `(3)' on page 8 undefined on input line 314.


LaTeX Warning: Reference `Nq' on page 8 undefined on input line 314.


LaTeX Warning: Reference `cor2' on page 8 undefined on input line 314.


LaTeX Warning: Reference `Nq1' on page 8 undefined on input line 314.


LaTeX Warning: Reference `cor1' on page 8 undefined on input line 314.

[8] [9] [10]
Underfull \hbox (badness 1072) in paragraph at lines 417--418
[]\OT1/cmr/m/n/10 W. F. Kufeld, Or-thog-o-nal Ar-rays, Avail-able on-line: []$\
OT1/cmtt/m/n/10 https : / / support . sas . com / techsup /
[11] [12] [13]
(/Users/jovyntan/Desktop/work/fyp/exploration/diff_test_tex_engines/bin/compile
d_tex_pdf/2308.00406/2308.00406_pdflatex.aux)

LaTeX Warning: There were undefined references.


LaTeX Warning: Label(s) may have changed. Rerun to get cross-references right.


Package rerunfilecheck Warning: File `2308.00406_pdflatex.out' has changed.
(rerunfilecheck)                Rerun to get outlines right
(rerunfilecheck)                or use package `bookmark'.

 )
(see the transcript file for additional information)</usr/local/texlive/2021/te
xmf-dist/fonts/type1/public/amsfonts/cm/cmbx10.pfb></usr/local/texlive/2021/tex
mf-dist/fonts/type1/public/amsfonts/cm/cmbx12.pfb></usr/local/texlive/2021/texm
f-dist/fonts/type1/public/amsfonts/cm/cmbxti10.pfb></usr/local/texlive/2021/tex
mf-dist/fonts/type1/public/amsfonts/cm/cmex10.pfb></usr/local/texlive/2021/texm
f-dist/fonts/type1/public/amsfonts/cm/cmmi10.pfb></usr/local/texlive/2021/texmf
-dist/fonts/type1/public/amsfonts/cm/cmmi12.pfb></usr/local/texlive/2021/texmf-
dist/fonts/type1/public/amsfonts/cm/cmmi5.pfb></usr/local/texlive/2021/texmf-di
st/fonts/type1/public/amsfonts/cm/cmmi7.pfb></usr/local/texlive/2021/texmf-dist
/fonts/type1/public/amsfonts/cm/cmr10.pfb></usr/local/texlive/2021/texmf-dist/f
onts/type1/public/amsfonts/cm/cmr12.pfb></usr/local/texlive/2021/texmf-dist/fon
ts/type1/public/amsfonts/cm/cmr17.pfb></usr/local/texlive/2021/texmf-dist/fonts
/type1/public/amsfonts/cm/cmr5.pfb></usr/local/texlive/2021/texmf-dist/fonts/ty
pe1/public/amsfonts/cm/cmr7.pfb></usr/local/texlive/2021/texmf-dist/fonts/type1
/public/amsfonts/cm/cmsy10.pfb></usr/local/texlive/2021/texmf-dist/fonts/type1/
public/amsfonts/cm/cmsy5.pfb></usr/local/texlive/2021/texmf-dist/fonts/type1/pu
blic/amsfonts/cm/cmsy7.pfb></usr/local/texlive/2021/texmf-dist/fonts/type1/publ
ic/amsfonts/cm/cmti10.pfb></usr/local/texlive/2021/texmf-dist/fonts/type1/publi
c/amsfonts/cm/cmtt10.pfb></usr/local/texlive/2021/texmf-dist/fonts/type1/public
/amsfonts/symbols/msbm10.pfb>
Output written on /Users/jovyntan/Desktop/work/fyp/exploration/diff_test_tex_en
gines/bin/compiled_tex_pdf/2308.00406/2308.00406_pdflatex.pdf (13 pages, 269254
 bytes).
Transcript written on /Users/jovyntan/Desktop/work/fyp/exploration/diff_test_te
x_engines/bin/compiled_tex_pdf/2308.00406/2308.00406_pdflatex.log.
