This is pdfTeX, Version 3.141592653-2.6-1.40.22 (TeX Live 2021) (preloaded format=pdflatex)
 restricted \write18 enabled.
entering extended mode
(./arxiv.tex
LaTeX2e <2020-10-01> patch level 4
L3 programming layer <2021-02-18>
(/usr/local/texlive/2021/texmf-dist/tex/latex/IEEEtran/IEEEtran.cls
Document Class: IEEEtran 2015/08/26 V1.8b by Michael Shell
-- See the "IEEEtran_HOWTO" manual for usage information.
-- http://www.michaelshell.org/tex/ieeetran/
(/usr/local/texlive/2021/texmf-dist/tex/latex/psnfss/ot1ptm.fd)
** ATTENTION: Single column mode is not typically used with IEEE publications.
-- Using 8.5in x 11in (letter) paper.
-- Using PDF output.
-- This is a 10 point document.
) (/usr/local/texlive/2021/texmf-dist/tex/latex/base/inputenc.sty)
(/usr/local/texlive/2021/texmf-dist/tex/latex/base/fontenc.sty
(/usr/local/texlive/2021/texmf-dist/tex/latex/psnfss/t1ptm.fd))
(/usr/local/texlive/2021/texmf-dist/tex/latex/url/url.sty)
(/usr/local/texlive/2021/texmf-dist/tex/latex/base/ifthen.sty)
(/usr/local/texlive/2021/texmf-dist/tex/latex/cite/cite.sty)
(/usr/local/texlive/2021/texmf-dist/tex/latex/amsmath/amsmath.sty
For additional information on amsmath, use the `?' option.
(/usr/local/texlive/2021/texmf-dist/tex/latex/amsmath/amstext.sty
(/usr/local/texlive/2021/texmf-dist/tex/latex/amsmath/amsgen.sty))
(/usr/local/texlive/2021/texmf-dist/tex/latex/amsmath/amsbsy.sty)
(/usr/local/texlive/2021/texmf-dist/tex/latex/amsmath/amsopn.sty))
(/usr/local/texlive/2021/texmf-dist/tex/latex/amscls/amsthm.sty)
(/usr/local/texlive/2021/texmf-dist/tex/latex/amsfonts/amsfonts.sty)
(/usr/local/texlive/2021/texmf-dist/tex/latex/amsfonts/amssymb.sty)
(/usr/local/texlive/2021/texmf-dist/tex/latex/mathtools/mathtools.sty
(/usr/local/texlive/2021/texmf-dist/tex/latex/graphics/keyval.sty)
(/usr/local/texlive/2021/texmf-dist/tex/latex/tools/calc.sty)
(/usr/local/texlive/2021/texmf-dist/tex/latex/mathtools/mhsetup.sty))
(/usr/local/texlive/2021/texmf-dist/tex/latex/graphics/color.sty
(/usr/local/texlive/2021/texmf-dist/tex/latex/graphics-cfg/color.cfg)
(/usr/local/texlive/2021/texmf-dist/tex/latex/graphics-def/pdftex.def))
(/usr/local/texlive/2021/texmf-dist/tex/latex/tools/verbatim.sty)
(/usr/local/texlive/2021/texmf-dist/tex/generic/ulem/ulem.sty)
(/usr/local/texlive/2021/texmf-dist/tex/latex/enumitem/enumitem.sty)
(/usr/local/texlive/2021/texmf-dist/tex/latex/hyperref/hyperref.sty
(/usr/local/texlive/2021/texmf-dist/tex/generic/ltxcmds/ltxcmds.sty)
(/usr/local/texlive/2021/texmf-dist/tex/generic/iftex/iftex.sty)
(/usr/local/texlive/2021/texmf-dist/tex/generic/pdftexcmds/pdftexcmds.sty
(/usr/local/texlive/2021/texmf-dist/tex/generic/infwarerr/infwarerr.sty))
(/usr/local/texlive/2021/texmf-dist/tex/generic/kvsetkeys/kvsetkeys.sty)
(/usr/local/texlive/2021/texmf-dist/tex/generic/kvdefinekeys/kvdefinekeys.sty)
(/usr/local/texlive/2021/texmf-dist/tex/generic/pdfescape/pdfescape.sty)
(/usr/local/texlive/2021/texmf-dist/tex/latex/hycolor/hycolor.sty)
(/usr/local/texlive/2021/texmf-dist/tex/latex/letltxmacro/letltxmacro.sty)
(/usr/local/texlive/2021/texmf-dist/tex/latex/auxhook/auxhook.sty)
(/usr/local/texlive/2021/texmf-dist/tex/latex/kvoptions/kvoptions.sty)
(/usr/local/texlive/2021/texmf-dist/tex/latex/hyperref/pd1enc.def)
(/usr/local/texlive/2021/texmf-dist/tex/latex/hyperref/hyperref-langpatches.def
) (/usr/local/texlive/2021/texmf-dist/tex/generic/intcalc/intcalc.sty)
(/usr/local/texlive/2021/texmf-dist/tex/generic/etexcmds/etexcmds.sty)
(/usr/local/texlive/2021/texmf-dist/tex/latex/hyperref/puenc.def)
(/usr/local/texlive/2021/texmf-dist/tex/generic/bitset/bitset.sty
(/usr/local/texlive/2021/texmf-dist/tex/generic/bigintcalc/bigintcalc.sty))
(/usr/local/texlive/2021/texmf-dist/tex/latex/base/atbegshi-ltx.sty))
(/usr/local/texlive/2021/texmf-dist/tex/latex/hyperref/hpdftex.def
(/usr/local/texlive/2021/texmf-dist/tex/latex/base/atveryend-ltx.sty)
(/usr/local/texlive/2021/texmf-dist/tex/latex/rerunfilecheck/rerunfilecheck.sty

(/usr/local/texlive/2021/texmf-dist/tex/generic/uniquecounter/uniquecounter.sty
))) (/usr/local/texlive/2021/texmf-dist/tex/latex/algorithm2e/algorithm2e.sty
(/usr/local/texlive/2021/texmf-dist/tex/latex/ifoddpage/ifoddpage.sty)
(/usr/local/texlive/2021/texmf-dist/tex/latex/tools/xspace.sty)
(/usr/local/texlive/2021/texmf-dist/tex/latex/relsize/relsize.sty))
(/usr/local/texlive/2021/texmf-dist/tex/latex/algorithmicx/algpseudocode.sty
(/usr/local/texlive/2021/texmf-dist/tex/latex/algorithmicx/algorithmicx.sty
Document Style algorithmicx 1.2 - a greatly improved `algorithmic' style
)
Document Style - pseudocode environments for use with the `algorithmicx' style
) (/usr/local/texlive/2021/texmf-dist/tex/latex/floatrow/floatrow.sty
(/usr/local/texlive/2021/texmf-dist/tex/latex/caption/caption3.sty))
(/usr/local/texlive/2021/texmf-dist/tex/latex/pgf/frontendlayer/tikz.sty
(/usr/local/texlive/2021/texmf-dist/tex/latex/pgf/basiclayer/pgf.sty
(/usr/local/texlive/2021/texmf-dist/tex/latex/pgf/utilities/pgfrcs.sty
(/usr/local/texlive/2021/texmf-dist/tex/generic/pgf/utilities/pgfutil-common.te
x
(/usr/local/texlive/2021/texmf-dist/tex/generic/pgf/utilities/pgfutil-common-li
sts.tex))
(/usr/local/texlive/2021/texmf-dist/tex/generic/pgf/utilities/pgfutil-latex.def
) (/usr/local/texlive/2021/texmf-dist/tex/generic/pgf/utilities/pgfrcs.code.tex
(/usr/local/texlive/2021/texmf-dist/tex/generic/pgf/pgf.revision.tex)))
(/usr/local/texlive/2021/texmf-dist/tex/latex/pgf/basiclayer/pgfcore.sty
(/usr/local/texlive/2021/texmf-dist/tex/latex/graphics/graphicx.sty
(/usr/local/texlive/2021/texmf-dist/tex/latex/graphics/graphics.sty
(/usr/local/texlive/2021/texmf-dist/tex/latex/graphics/trig.sty)
(/usr/local/texlive/2021/texmf-dist/tex/latex/graphics-cfg/graphics.cfg)))
(/usr/local/texlive/2021/texmf-dist/tex/latex/pgf/systemlayer/pgfsys.sty
(/usr/local/texlive/2021/texmf-dist/tex/generic/pgf/systemlayer/pgfsys.code.tex
(/usr/local/texlive/2021/texmf-dist/tex/generic/pgf/utilities/pgfkeys.code.tex
(/usr/local/texlive/2021/texmf-dist/tex/generic/pgf/utilities/pgfkeysfiltered.c
ode.tex))
(/usr/local/texlive/2021/texmf-dist/tex/generic/pgf/systemlayer/pgf.cfg)
(/usr/local/texlive/2021/texmf-dist/tex/generic/pgf/systemlayer/pgfsys-pdftex.d
ef
(/usr/local/texlive/2021/texmf-dist/tex/generic/pgf/systemlayer/pgfsys-common-p
df.def)))
(/usr/local/texlive/2021/texmf-dist/tex/generic/pgf/systemlayer/pgfsyssoftpath.
code.tex)
(/usr/local/texlive/2021/texmf-dist/tex/generic/pgf/systemlayer/pgfsysprotocol.
code.tex)) (/usr/local/texlive/2021/texmf-dist/tex/latex/xcolor/xcolor.sty
(/usr/local/texlive/2021/texmf-dist/tex/latex/graphics-cfg/color.cfg))
(/usr/local/texlive/2021/texmf-dist/tex/generic/pgf/basiclayer/pgfcore.code.tex
(/usr/local/texlive/2021/texmf-dist/tex/generic/pgf/math/pgfmath.code.tex
(/usr/local/texlive/2021/texmf-dist/tex/generic/pgf/math/pgfmathcalc.code.tex
(/usr/local/texlive/2021/texmf-dist/tex/generic/pgf/math/pgfmathutil.code.tex)
(/usr/local/texlive/2021/texmf-dist/tex/generic/pgf/math/pgfmathparser.code.tex
)
(/usr/local/texlive/2021/texmf-dist/tex/generic/pgf/math/pgfmathfunctions.code.
tex
(/usr/local/texlive/2021/texmf-dist/tex/generic/pgf/math/pgfmathfunctions.basic
.code.tex)
(/usr/local/texlive/2021/texmf-dist/tex/generic/pgf/math/pgfmathfunctions.trigo
nometric.code.tex)
(/usr/local/texlive/2021/texmf-dist/tex/generic/pgf/math/pgfmathfunctions.rando
m.code.tex)
(/usr/local/texlive/2021/texmf-dist/tex/generic/pgf/math/pgfmathfunctions.compa
rison.code.tex)
(/usr/local/texlive/2021/texmf-dist/tex/generic/pgf/math/pgfmathfunctions.base.
code.tex)
(/usr/local/texlive/2021/texmf-dist/tex/generic/pgf/math/pgfmathfunctions.round
.code.tex)
(/usr/local/texlive/2021/texmf-dist/tex/generic/pgf/math/pgfmathfunctions.misc.
code.tex)
(/usr/local/texlive/2021/texmf-dist/tex/generic/pgf/math/pgfmathfunctions.integ
erarithmetics.code.tex)))
(/usr/local/texlive/2021/texmf-dist/tex/generic/pgf/math/pgfmathfloat.code.tex)
) (/usr/local/texlive/2021/texmf-dist/tex/generic/pgf/math/pgfint.code.tex)
(/usr/local/texlive/2021/texmf-dist/tex/generic/pgf/basiclayer/pgfcorepoints.co
de.tex)
(/usr/local/texlive/2021/texmf-dist/tex/generic/pgf/basiclayer/pgfcorepathconst
ruct.code.tex)
(/usr/local/texlive/2021/texmf-dist/tex/generic/pgf/basiclayer/pgfcorepathusage
.code.tex)
(/usr/local/texlive/2021/texmf-dist/tex/generic/pgf/basiclayer/pgfcorescopes.co
de.tex)
(/usr/local/texlive/2021/texmf-dist/tex/generic/pgf/basiclayer/pgfcoregraphicst
ate.code.tex)
(/usr/local/texlive/2021/texmf-dist/tex/generic/pgf/basiclayer/pgfcoretransform
ations.code.tex)
(/usr/local/texlive/2021/texmf-dist/tex/generic/pgf/basiclayer/pgfcorequick.cod
e.tex)
(/usr/local/texlive/2021/texmf-dist/tex/generic/pgf/basiclayer/pgfcoreobjects.c
ode.tex)
(/usr/local/texlive/2021/texmf-dist/tex/generic/pgf/basiclayer/pgfcorepathproce
ssing.code.tex)
(/usr/local/texlive/2021/texmf-dist/tex/generic/pgf/basiclayer/pgfcorearrows.co
de.tex)
(/usr/local/texlive/2021/texmf-dist/tex/generic/pgf/basiclayer/pgfcoreshade.cod
e.tex)
(/usr/local/texlive/2021/texmf-dist/tex/generic/pgf/basiclayer/pgfcoreimage.cod
e.tex
(/usr/local/texlive/2021/texmf-dist/tex/generic/pgf/basiclayer/pgfcoreexternal.
code.tex))
(/usr/local/texlive/2021/texmf-dist/tex/generic/pgf/basiclayer/pgfcorelayers.co
de.tex)
(/usr/local/texlive/2021/texmf-dist/tex/generic/pgf/basiclayer/pgfcoretranspare
ncy.code.tex)
(/usr/local/texlive/2021/texmf-dist/tex/generic/pgf/basiclayer/pgfcorepatterns.
code.tex)
(/usr/local/texlive/2021/texmf-dist/tex/generic/pgf/basiclayer/pgfcorerdf.code.
tex)))
(/usr/local/texlive/2021/texmf-dist/tex/generic/pgf/modules/pgfmoduleshapes.cod
e.tex)
(/usr/local/texlive/2021/texmf-dist/tex/generic/pgf/modules/pgfmoduleplot.code.
tex)
(/usr/local/texlive/2021/texmf-dist/tex/latex/pgf/compatibility/pgfcomp-version
-0-65.sty)
(/usr/local/texlive/2021/texmf-dist/tex/latex/pgf/compatibility/pgfcomp-version
-1-18.sty))
(/usr/local/texlive/2021/texmf-dist/tex/latex/pgf/utilities/pgffor.sty
(/usr/local/texlive/2021/texmf-dist/tex/latex/pgf/utilities/pgfkeys.sty
(/usr/local/texlive/2021/texmf-dist/tex/generic/pgf/utilities/pgfkeys.code.tex)
) (/usr/local/texlive/2021/texmf-dist/tex/latex/pgf/math/pgfmath.sty
(/usr/local/texlive/2021/texmf-dist/tex/generic/pgf/math/pgfmath.code.tex))
(/usr/local/texlive/2021/texmf-dist/tex/generic/pgf/utilities/pgffor.code.tex
(/usr/local/texlive/2021/texmf-dist/tex/generic/pgf/math/pgfmath.code.tex)))
(/usr/local/texlive/2021/texmf-dist/tex/generic/pgf/frontendlayer/tikz/tikz.cod
e.tex
(/usr/local/texlive/2021/texmf-dist/tex/generic/pgf/libraries/pgflibraryplothan
dlers.code.tex)
(/usr/local/texlive/2021/texmf-dist/tex/generic/pgf/modules/pgfmodulematrix.cod
e.tex)
(/usr/local/texlive/2021/texmf-dist/tex/generic/pgf/frontendlayer/tikz/librarie
s/tikzlibrarytopaths.code.tex)))
(/usr/local/texlive/2021/texmf-dist/tex/generic/pgf/frontendlayer/tikz/librarie
s/tikzlibrarymatrix.code.tex)
(/usr/local/texlive/2021/texmf-dist/tex/generic/pgf/frontendlayer/tikz/librarie
s/tikzlibraryarrows.code.tex
(/usr/local/texlive/2021/texmf-dist/tex/generic/pgf/libraries/pgflibraryarrows.
code.tex))
(/usr/local/texlive/2021/texmf-dist/tex/latex/l3backend/l3backend-pdftex.def)
No file 2308.04185_pdflatex.aux.
-- Lines per column: 58 (exact).
(/usr/local/texlive/2021/texmf-dist/tex/context/base/mkii/supp-pdf.mkii
[Loading MPS to PDF converter (version 2006.09.02).]
) (/usr/local/texlive/2021/texmf-dist/tex/latex/epstopdf-pkg/epstopdf-base.sty
(/usr/local/texlive/2021/texmf-dist/tex/latex/latexconfig/epstopdf-sys.cfg))
(/usr/local/texlive/2021/texmf-dist/tex/latex/hyperref/nameref.sty
(/usr/local/texlive/2021/texmf-dist/tex/latex/refcount/refcount.sty)
(/usr/local/texlive/2021/texmf-dist/tex/generic/gettitlestring/gettitlestring.s
ty))

LaTeX Warning: Citation `CMPH22' on page 1 undefined on input line 238.

(/usr/local/texlive/2021/texmf-dist/tex/latex/amsfonts/umsa.fd)
(/usr/local/texlive/2021/texmf-dist/tex/latex/amsfonts/umsb.fd)

LaTeX Warning: Citation `Vem05' on page 1 undefined on input line 254.


LaTeX Warning: Citation `Woo14' on page 1 undefined on input line 254.


LaTeX Warning: Citation `DMMS11' on page 1 undefined on input line 254.


LaTeX Warning: Citation `DM16' on page 1 undefined on input line 254.


LaTeX Warning: Citation `LLPPR17' on page 1 undefined on input line 254.


LaTeX Warning: Citation `reisizadeh2017coded' on page 1 undefined on input line
 254.


LaTeX Warning: Citation `li2016coded' on page 1 undefined on input line 254.


LaTeX Warning: Citation `li2017coding' on page 1 undefined on input line 254.


LaTeX Warning: Citation `LSR17' on page 1 undefined on input line 254.


LaTeX Warning: Citation `dutta2016short' on page 1 undefined on input line 254.



LaTeX Warning: Citation `ramamoorthy2019universally' on page 1 undefined on inp
ut line 254.


LaTeX Warning: Citation `YSRKSA18' on page 1 undefined on input line 254.


LaTeX Warning: Citation `RRG20' on page 1 undefined on input line 254.


LaTeX Warning: Citation `CT19' on page 1 undefined on input line 254.


LaTeX Warning: Citation `CPH20c' on page 1 undefined on input line 254.


LaTeX Warning: Citation `CPH20b' on page 1 undefined on input line 254.


LaTeX Warning: Citation `OUG20' on page 1 undefined on input line 254.


LaTeX Warning: Citation `OBGU20' on page 1 undefined on input line 254.


LaTeX Warning: Citation `CMH21' on page 1 undefined on input line 254.


LaTeX Warning: Citation `RCHV23' on page 1 undefined on input line 254.


LaTeX Warning: Citation `CPH23' on page 1 undefined on input line 254.


LaTeX Warning: Citation `LA20' on page 1 undefined on input line 254.


LaTeX Warning: Citation `LLPPR17' on page 1 undefined on input line 254.


LaTeX Warning: Citation `Sar06' on page 1 undefined on input line 261.


LaTeX Warning: Citation `DMMS11' on page 1 undefined on input line 261.


LaTeX Warning: Citation `Tro11' on page 1 undefined on input line 261.


LaTeX Warning: Citation `BG13' on page 1 undefined on input line 261.


LaTeX Warning: Citation `AC06' on page 1 undefined on input line 261.


LaTeX Warning: Citation `JL84' on page 1 undefined on input line 261.


LaTeX Warning: Citation `BP23' on page 1 undefined on input line 263.


LaTeX Warning: Citation `TLDK17' on page 1 undefined on input line 265.


LaTeX Warning: Citation `HASH17' on page 1 undefined on input line 265.


LaTeX Warning: Citation `OGU19' on page 1 undefined on input line 265.


LaTeX Warning: Citation `CMH20' on page 1 undefined on input line 265.


LaTeX Warning: Citation `YA18' on page 1 undefined on input line 265.


LaTeX Warning: Citation `CT22' on page 1 undefined on input line 265.


LaTeX Warning: Citation `RTTD17' on page 1 undefined on input line 265.


LaTeX Warning: Citation `CP18' on page 1 undefined on input line 265.


LaTeX Warning: Citation `CPE17' on page 1 undefined on input line 265.


LaTeX Warning: Citation `WCP19' on page 1 undefined on input line 265.


LaTeX Warning: Citation `BWE19' on page 1 undefined on input line 265.


LaTeX Warning: Citation `WLS19' on page 1 undefined on input line 265.


LaTeX Warning: Citation `KKR19' on page 1 undefined on input line 265.


LaTeX Warning: Citation `HYKM19' on page 1 undefined on input line 265.


LaTeX Warning: Citation `CHZP18' on page 1 undefined on input line 265.


LaTeX Warning: Citation `CPH20a' on page 1 undefined on input line 265.


LaTeX Warning: Citation `PW16' on page 1 undefined on input line 265.


LaTeX Warning: Citation `LLDP20' on page 1 undefined on input line 265.


LaTeX Warning: Citation `CP18' on page 1 undefined on input line 265.


LaTeX Warning: Citation `RTTD17' on page 1 undefined on input line 265.


LaTeX Warning: Citation `CPE17' on page 1 undefined on input line 265.


LaTeX Warning: Citation `WCP19' on page 1 undefined on input line 265.


LaTeX Warning: Citation `BWE19' on page 1 undefined on input line 265.


LaTeX Warning: Citation `WLS19' on page 1 undefined on input line 265.


LaTeX Warning: Citation `KKR19' on page 1 undefined on input line 265.


LaTeX Warning: Citation `HYKM19' on page 1 undefined on input line 265.


LaTeX Warning: Citation `CHZP18' on page 1 undefined on input line 265.


LaTeX Warning: Citation `CPH20a' on page 1 undefined on input line 265.

[1{/usr/local/texlive/2021/texmf-var/fonts/map/pdftex/updmap/pdftex.map}]

LaTeX Warning: Citation `BP23' on page 2 undefined on input line 271.


LaTeX Warning: Citation `ZWL08' on page 2 undefined on input line 271.


LaTeX Warning: Citation `KSD17' on page 2 undefined on input line 271.


LaTeX Warning: Citation `KSDY19' on page 2 undefined on input line 271.


LaTeX Warning: Citation `SKD18' on page 2 undefined on input line 271.


LaTeX Warning: Citation `LSM23' on page 2 undefined on input line 271.


LaTeX Warning: Citation `YA19' on page 2 undefined on input line 272.


LaTeX Warning: Citation `FJR15' on page 2 undefined on input line 272.


LaTeX Warning: Citation `SSSS17' on page 2 undefined on input line 272.


LaTeX Warning: Reference `coded_LR' on page 2 undefined on input line 274.


LaTeX Warning: Reference `bl_orth_sk_sec' on page 2 undefined on input line 274
.


LaTeX Warning: Reference `block_SRHT_sec' on page 2 undefined on input line 274
.


LaTeX Warning: Reference `opt_ss_sec' on page 2 undefined on input line 274.


LaTeX Warning: Reference `security_sec' on page 2 undefined on input line 274.


LaTeX Warning: Reference `exper_sec' on page 2 undefined on input line 274.


LaTeX Warning: Reference `concl_sec' on page 2 undefined on input line 274.


LaTeX Warning: Citation `DMMS11' on page 2 undefined on input line 283.


Package amsfonts Warning: Obsolete command \bold; \mathbf should be used instea
d on input line 286.


LaTeX Warning: Reference `opt_ss_sec' on page 2 undefined on input line 304.


LaTeX Warning: Reference `gr_ls' on page 2 undefined on input line 304.


LaTeX Warning: Reference `x_star_pr_lr' on page 2 undefined on input line 309.

[2]

LaTeX Warning: Citation `TLDK17' on page 3 undefined on input line 317.


LaTeX Warning: Citation `CMH20' on page 3 undefined on input line 317.


LaTeX Warning: Reference `x_til_pr_lr' on page 3 undefined on input line 326.


LaTeX Warning: Reference `distr_grad_desc' on page 3 undefined on input line 32
8.


LaTeX Warning: Citation `CPH23b' on page 3 undefined on input line 328.


LaTeX Warning: Citation `CPE17' on page 3 undefined on input line 328.


LaTeX Warning: Citation `KL14' on page 3 undefined on input line 348.

(/usr/local/texlive/2021/texmf-dist/tex/latex/psnfss/t1phv.fd) [3]

LaTeX Warning: Citation `KL14' on page 4 undefined on input line 361.


Package hyperref Warning: Token not allowed in a PDF string (Unicode):
(hyperref)                removing `math shift' on input line 366.


Package hyperref Warning: Token not allowed in a PDF string (Unicode):
(hyperref)                removing `\ell' on input line 366.


Package hyperref Warning: Token not allowed in a PDF string (Unicode):
(hyperref)                removing `subscript' on input line 366.


Package hyperref Warning: Token not allowed in a PDF string (Unicode):
(hyperref)                removing `math shift' on input line 366.


LaTeX Warning: Reference `alg_orthog_sketch' on page 4 undefined on input line 
369.


LaTeX Warning: Citation `Woo14' on page 4 undefined on input line 371.


LaTeX Warning: Citation `ERNM22' on page 4 undefined on input line 371.


LaTeX Warning: Reference `x_til_pr_lr' on page 4 undefined on input line 376.


LaTeX Warning: Reference `intro' on page 4 undefined on input line 393.


LaTeX Warning: Reference `subsp_emb_alg1' on page 4 undefined on input line 395
.


LaTeX Warning: Citation `Elf80' on page 4 undefined on input line 406.


LaTeX Warning: Citation `Gut06' on page 4 undefined on input line 406.


LaTeX Warning: Citation `NT14' on page 4 undefined on input line 406.


LaTeX Warning: Citation `RN20' on page 4 undefined on input line 406.


LaTeX Warning: Reference `alg_orthog_sketch' on page 4 undefined on input line 
406.

[4]

LaTeX Warning: Reference `x_star_pr_lr' on page 5 undefined on input line 413.


LaTeX Warning: Reference `part_data' on page 5 undefined on input line 439.


LaTeX Warning: Reference `it_sketch_figure' on page 5 undefined on input line 4
46.


LaTeX Warning: Reference `alg_orthog_sketch' on page 5 undefined on input line 
455.


LaTeX Warning: Reference `subsp_emb_thm_Unif' on page 5 undefined on input line
 455.


LaTeX Warning: Reference `subsp_emb_thm_SRHT' on page 5 undefined on input line
 455.

[5 <./iterative_sketching_GC.jpg>]

LaTeX Warning: Reference `lemma_exp' on page 6 undefined on input line 462.


LaTeX Warning: Reference `subsp_emb_id' on page 6 undefined on input line 462.


LaTeX Warning: Reference `x_star_pr_lr' on page 6 undefined on input line 476.


LaTeX Warning: Reference `GC_SGD_thm' on page 6 undefined on input line 479.


LaTeX Warning: Reference `GC_SGD_thm' on page 6 undefined on input line 481.


LaTeX Warning: Reference `eq_opt_sols' on page 6 undefined on input line 481.


LaTeX Warning: Citation `DGSX12' on page 6 undefined on input line 481.


LaTeX Warning: Citation `Bub15' on page 6 undefined on input line 481.


LaTeX Warning: Reference `x_star_pr_lr' on page 6 undefined on input line 485.


LaTeX Warning: Reference `mod_pr_G' on page 6 undefined on input line 485.


LaTeX Warning: Reference `alg_orthog_sketch' on page 6 undefined on input line 
485.


LaTeX Warning: Reference `eq_opt_sols' on page 6 undefined on input line 488.


LaTeX Warning: Reference `eq_SSD_dor' on page 6 undefined on input line 488.


LaTeX Warning: Reference `alg_orthog_sketch' on page 6 undefined on input line 
488.


LaTeX Warning: Reference `x_star_pr_lr' on page 6 undefined on input line 488.


LaTeX Warning: Reference `mod_pr_G' on page 6 undefined on input line 488.


LaTeX Warning: Citation `CPH23b' on page 6 undefined on input line 488.


LaTeX Warning: Reference `alg_orthog_sketch' on page 6 undefined on input line 
493.


LaTeX Warning: Reference `alg_orthog_sketch' on page 6 undefined on input line 
496.


LaTeX Warning: Citation `OJXE18' on page 6 undefined on input line 496.


LaTeX Warning: Citation `CPH20a' on page 6 undefined on input line 496.


LaTeX Warning: Citation `DMM06' on page 6 undefined on input line 496.


LaTeX Warning: Citation `DMMS11' on page 6 undefined on input line 496.


LaTeX Warning: Citation `DMMW12' on page 6 undefined on input line 496.


LaTeX Warning: Citation `DM16' on page 6 undefined on input line 496.


LaTeX Warning: Citation `Woo14' on page 6 undefined on input line 496.


LaTeX Warning: Citation `CPH20a' on page 6 undefined on input line 496.


LaTeX Warning: Citation `CPH23b' on page 6 undefined on input line 496.


LaTeX Warning: Reference `bd_block_lvg_Unif' on page 6 undefined on input line 
498.


LaTeX Warning: Reference `alg_orthog_sketch' on page 6 undefined on input line 
498.


LaTeX Warning: Reference `subsp_emb_id' on page 6 undefined on input line 498.


LaTeX Warning: Reference `flattening_t_distr' on page 6 undefined on input line
 498.


LaTeX Warning: Reference `bd_block_lvg_Unif' on page 6 undefined on input line 
509.


LaTeX Warning: Reference `alg_orthog_sketch' on page 6 undefined on input line 
509.


LaTeX Warning: Reference `subsp_emb_id' on page 6 undefined on input line 509.


LaTeX Warning: Reference `bd_block_lvg_Unif' on page 6 undefined on input line 
515.


LaTeX Warning: Citation `CPH23b' on page 6 undefined on input line 515.


LaTeX Warning: Reference `subsp_emb_thm_Unif' on page 6 undefined on input line
 515.


LaTeX Warning: File `flattened_t_distr.eps' not found on input line 519.


LaTeX Warning: `h' float specifier changed to `ht'.

[6]

LaTeX Warning: Reference `appr_GC_error' on page 7 undefined on input line 526.



LaTeX Warning: Reference `appr_GC_prop' on page 7 undefined on input line 526.


LaTeX Warning: Reference `subsp_emb_id' on page 7 undefined on input line 526.


LaTeX Warning: Reference `subsp_emb_thm_Unif' on page 7 undefined on input line
 530.


LaTeX Warning: Reference `subsp_emb_id' on page 7 undefined on input line 530.


LaTeX Warning: Reference `alg_orthog_sketch' on page 7 undefined on input line 
530.


LaTeX Warning: Reference `appr_GC_error' on page 7 undefined on input line 530.



LaTeX Warning: Reference `alg_orthog_sketch' on page 7 undefined on input line 
537.


LaTeX Warning: Citation `JHD21' on page 7 undefined on input line 537.


Overfull \hbox (4.45258pt too wide) in paragraph at lines 539--540
[]\T1/ptm/m/n/10 The SRHT is com-prised of three ma-tri-ces: $\OT1/cmr/bx/n/10 

 \OMS/cmsy/m/n/10 2 \U/msb/m/n/10 R[]$ \T1/ptm/m/n/10 a uni-form sam-pling and 
rescal-ing ma-trix of $\OML/cmm/m/it/10 r$ \T1/ptm/m/n/10 rows, $[] \OMS/cmsy/m
/n/10 2 f[]\OT1/cmr/m/n/10 1\OML/cmm/m/it/10 =[]\OMS/cmsy/m/n/10 g[]$

LaTeX Warning: Reference `alg_orthog_sketch' on page 7 undefined on input line 
541.


LaTeX Warning: Citation `DMMS11' on page 7 undefined on input line 552.


LaTeX Warning: Reference `x_til_pr_lr' on page 7 undefined on input line 554.


LaTeX Warning: Citation `Osg09' on page 7 undefined on input line 554.


LaTeX Warning: Reference `subsp_emb_id' on page 7 undefined on input line 558.


LaTeX Warning: Reference `bd_block_lvg_Unif' on page 7 undefined on input line 
558.


LaTeX Warning: Reference `bd_block_lvg_Had' on page 7 undefined on input line 5
58.


LaTeX Warning: Reference `subsp_emb_thm_SRHT' on page 7 undefined on input line
 558.

[7 <./flattened_t_distr-eps-converted-to.pdf>]

LaTeX Warning: Reference `subsp_emb_thm_Unif' on page 8 undefined on input line
 577.


LaTeX Warning: Reference `cor_fl_lem' on page 8 undefined on input line 577.


LaTeX Warning: Reference `bd_block_lvg_Unif' on page 8 undefined on input line 
577.


LaTeX Warning: Reference `bd_block_lvg_Unif' on page 8 undefined on input line 
577.


LaTeX Warning: Reference `subsp_emb_thm_Unif' on page 8 undefined on input line
 577.


LaTeX Warning: Reference `security_sec_SRHT' on page 8 undefined on input line 
579.


LaTeX Warning: Reference `security_sec_SRHT' on page 8 undefined on input line 
585.


LaTeX Warning: Citation `CT22' on page 8 undefined on input line 591.


LaTeX Warning: Citation `CT22' on page 8 undefined on input line 591.


LaTeX Warning: Reference `x_star_pr_lr' on page 8 undefined on input line 593.


LaTeX Warning: Reference `x_til_pr_lr' on page 8 undefined on input line 593.


LaTeX Warning: Reference `mod_pr_G' on page 8 undefined on input line 593.


LaTeX Warning: Reference `x_star_pr_lr' on page 8 undefined on input line 593.


LaTeX Warning: Reference `x_til_pr_lr' on page 8 undefined on input line 593.


LaTeX Warning: Reference `ss_opt_prob' on page 8 undefined on input line 601.


LaTeX Warning: Reference `par_upd' on page 8 undefined on input line 601.


LaTeX Warning: Citation `CT22' on page 8 undefined on input line 603.


LaTeX Warning: Citation `CT22' on page 8 undefined on input line 603.


LaTeX Warning: Reference `ss_opt_prob' on page 8 undefined on input line 607.


LaTeX Warning: Reference `opt_ss' on page 8 undefined on input line 616.


LaTeX Warning: Reference `exper_sec' on page 8 undefined on input line 618.


LaTeX Warning: Reference `opt_ss' on page 8 undefined on input line 618.

[8]

LaTeX Warning: Reference `opt_ss' on page 9 undefined on input line 627.


LaTeX Warning: Reference `alg_orthog_sketch' on page 9 undefined on input line 
636.


LaTeX Warning: Reference `OTP_app' on page 9 undefined on input line 636.


LaTeX Warning: Citation `Yas12' on page 9 undefined on input line 638.


LaTeX Warning: Reference `alg_orthog_sketch' on page 9 undefined on input line 
642.


LaTeX Warning: Reference `Shan_secr_thm' on page 9 undefined on input line 649.



LaTeX Warning: Reference `SRHT_counter_example' on page 9 undefined on input li
ne 649.


LaTeX Warning: Reference `insecurity_Prop' on page 9 undefined on input line 65
1.


LaTeX Warning: Reference `cor_fl_lem' on page 9 undefined on input line 664.


LaTeX Warning: `h' float specifier changed to `ht'.


LaTeX Warning: Reference `subsp_emb_thm_SRHT' on page 9 undefined on input line
 678.


LaTeX Warning: Reference `bd_block_lvg_Had' on page 9 undefined on input line 6
78.


LaTeX Warning: Reference `alg_orthog_sketch' on page 9 undefined on input line 
678.

[9]

LaTeX Warning: Reference `cor_fl_lem' on page 10 undefined on input line 690.


LaTeX Warning: Reference `SRHT_comp_sec_thm' on page 10 undefined on input line
 696.


LaTeX Warning: Citation `KL14' on page 10 undefined on input line 696.


LaTeX Warning: Reference `SRHT_comp_sec_thm' on page 10 undefined on input line
 696.


LaTeX Warning: Reference `block_SRHT_sec' on page 10 undefined on input line 70
4.


LaTeX Warning: Reference `Shan_secr_thm' on page 10 undefined on input line 710
.


LaTeX Warning: Reference `SRHT_comp_sec_thm' on page 10 undefined on input line
 710.


LaTeX Warning: Reference `orth_encr_distr_tasks' on page 10 undefined on input 
line 712.

[10 <./Hadamard_transforms.png>]

LaTeX Warning: Reference `log_res_err_t_distr' on page 11 undefined on input li
ne 722.


LaTeX Warning: Reference `log_res_err_t_distr' on page 11 undefined on input li
ne 722.


LaTeX Warning: File `comp_over6_expers.eps' not found on input line 726.


LaTeX Warning: Reference `precond_figure' on page 11 undefined on input line 73
1.


LaTeX Warning: File `x_conv_log_600epochs_normalized_x_init.eps' not found on i
nput line 735.


LaTeX Warning: Reference `opt_ss' on page 11 undefined on input line 740.


LaTeX Warning: Reference `adaptive_GC_t_distr' on page 11 undefined on input li
ne 740.


LaTeX Warning: Reference `exact_grad_subsec' on page 11 undefined on input line
 740.


LaTeX Warning: File `conv_comp_t_distr_final.eps' not found on input line 744.


LaTeX Warning: Reference `iter_vs_noniter_fig' on page 11 undefined on input li
ne 749.


LaTeX Warning: Reference `adaptive_GC_t_distr' on page 11 undefined on input li
ne 749.


LaTeX Warning: File `comp_iter_vs_nonit.eps' not found on input line 753.


LaTeX Warning: `h' float specifier changed to `ht'.

[11 <./comp_over6_expers-eps-converted-to.pdf> <./x_conv_log_600epochs_normaliz
ed_x_init-eps-converted-to.pdf> <./conv_comp_t_distr_final-eps-converted-to.pdf
>]

LaTeX Warning: Citation `CT19' on page 12 undefined on input line 766.


LaTeX Warning: Citation `CPH20c' on page 12 undefined on input line 766.


LaTeX Warning: Citation `RCHV23' on page 12 undefined on input line 766.


LaTeX Warning: Reference `precond_figure' on page 12 undefined on input line 77
0.


LaTeX Warning: Citation `Str69' on page 12 undefined on input line 770.


LaTeX Warning: Citation `PW16' on page 12 undefined on input line 772.


LaTeX Warning: Citation `LLDP20' on page 12 undefined on input line 772.


LaTeX Warning: Citation `GKCMR20' on page 12 undefined on input line 772.

No file 2308.04185_pdflatex.bbl.

LaTeX Warning: Reference `bl_orth_sk_sec' on page 12 undefined on input line 78
2.


LaTeX Warning: Reference `distr_grad_desc' on page 12 undefined on input line 7
84.


LaTeX Warning: Reference `lemma_exp' on page 12 undefined on input line 786.


LaTeX Warning: Reference `GC_SGD_thm' on page 12 undefined on input line 790.


LaTeX Warning: Reference `lemma_exp' on page 12 undefined on input line 790.


LaTeX Warning: Reference `lemma_exp' on page 12 undefined on input line 792.


Package amsmath Warning: Foreign command \atopwithdelims;
(amsmath)                \frac or \genfrac should be used instead
(amsmath)                 on input line 801.

[12 <./comp_iter_vs_nonit-eps-converted-to.pdf>]

LaTeX Warning: Reference `alg_orthog_sketch' on page 13 undefined on input line
 804.


LaTeX Warning: Reference `x_til_pr_lr' on page 13 undefined on input line 806.


LaTeX Warning: Reference `GC_SGD_thm' on page 13 undefined on input line 825.


LaTeX Warning: Reference `gr_update' on page 13 undefined on input line 826.

[13]

LaTeX Warning: Reference `x_star_pr_lr' on page 14 undefined on input line 840.



LaTeX Warning: Reference `eq_opt_sols' on page 14 undefined on input line 851.


LaTeX Warning: Reference `x_star_pr_lr' on page 14 undefined on input line 852.



LaTeX Warning: Reference `eq_SSD_dor' on page 14 undefined on input line 861.


LaTeX Warning: Reference `subsp_emb_alg1' on page 14 undefined on input line 87
6.


LaTeX Warning: Reference `bd_block_lvg_Unif' on page 14 undefined on input line
 878.


LaTeX Warning: Reference `subsp_emb_thm_Unif' on page 14 undefined on input lin
e 878.


LaTeX Warning: Reference `Lemma_exp_lev_i' on page 14 undefined on input line 8
78.


LaTeX Warning: Reference `norm_lvg_bd_lemma' on page 14 undefined on input line
 878.

[14]

LaTeX Warning: Reference `lvg_sc_expr' on page 15 undefined on input line 891.


LaTeX Warning: Reference `bd_block_lvg_Unif' on page 15 undefined on input line
 908.


LaTeX Warning: Citation `Mah16' on page 15 undefined on input line 910.


LaTeX Warning: Reference `Lemma_exp_lev_i' on page 15 undefined on input line 9
27.


LaTeX Warning: Reference `Hoef_in' on page 15 undefined on input line 929.


LaTeX Warning: Reference `bd_block_lvg_Unif' on page 15 undefined on input line
 940.


LaTeX Warning: Reference `bd_block_lvg_Unif' on page 15 undefined on input line
 942.


LaTeX Warning: Reference `bl_lvg_had_flatten' on page 15 undefined on input lin
e 943.

[15]

LaTeX Warning: Reference `norm_lvg_bd_lemma' on page 16 undefined on input line
 953.


LaTeX Warning: Reference `subsp_emb_thm_Unif' on page 16 undefined on input lin
e 969.


LaTeX Warning: Reference `bd_block_lvg_Unif' on page 16 undefined on input line
 969.


LaTeX Warning: Reference `subsp_emb_thm_lvg' on page 16 undefined on input line
 969.


LaTeX Warning: Reference `bd_block_lvg_Unif' on page 16 undefined on input line
 969.


LaTeX Warning: Reference `approx_unif_error' on page 16 undefined on input line
 969.


LaTeX Warning: Citation `CPH23b' on page 16 undefined on input line 969.


LaTeX Warning: Citation `CPH23b' on page 16 undefined on input line 971.


LaTeX Warning: Reference `subsp_emb_id' on page 16 undefined on input line 973.



LaTeX Warning: Reference `appr_GC_prop' on page 16 undefined on input line 979.



LaTeX Warning: Reference `appr_GC_error' on page 16 undefined on input line 979
.


LaTeX Warning: Citation `CPE17' on page 16 undefined on input line 979.


LaTeX Warning: Reference `opt_dec_err' on page 16 undefined on input line 986.


LaTeX Warning: Citation `KKR19' on page 16 undefined on input line 986.


LaTeX Warning: Citation `SH22' on page 16 undefined on input line 986.


LaTeX Warning: Reference `gr_ls' on page 16 undefined on input line 1001.


LaTeX Warning: Reference `appr_GC_error' on page 16 undefined on input line 100
1.

[16]

LaTeX Warning: Reference `appr_GC_prop' on page 17 undefined on input line 1003
.


LaTeX Warning: Reference `subsp_emb_id' on page 17 undefined on input line 1014
.


LaTeX Warning: Reference `appr_GC_error' on page 17 undefined on input line 101
4.


LaTeX Warning: Reference `block_SRHT_sec' on page 17 undefined on input line 10
18.


LaTeX Warning: Citation `DMMW12' on page 17 undefined on input line 1020.


LaTeX Warning: Citation `Woo14' on page 17 undefined on input line 1020.


LaTeX Warning: Citation `Mah16' on page 17 undefined on input line 1020.


LaTeX Warning: Citation `Wan15' on page 17 undefined on input line 1020.


LaTeX Warning: Citation `CPH20a' on page 17 undefined on input line 1020.


LaTeX Warning: Citation `OJXE18' on page 17 undefined on input line 1020.


LaTeX Warning: Citation `CPH20a' on page 17 undefined on input line 1020.


LaTeX Warning: Reference `bd_lvg_Had' on page 17 undefined on input line 1020.


LaTeX Warning: Reference `fl_lem' on page 17 undefined on input line 1022.


LaTeX Warning: Citation `AC06' on page 17 undefined on input line 1022.


LaTeX Warning: Citation `Mah16' on page 17 undefined on input line 1022.


LaTeX Warning: Reference `prop_SRHT_b' on page 17 undefined on input line 1022.



LaTeX Warning: Reference `GC_SGD_thm' on page 17 undefined on input line 1022.


LaTeX Warning: Reference `subsp_emb_thm_SRHT' on page 17 undefined on input lin
e 1022.


LaTeX Warning: Citation `Mah16' on page 17 undefined on input line 1024.


LaTeX Warning: Citation `Woo14' on page 17 undefined on input line 1030.


LaTeX Warning: Reference `fl_lem' on page 17 undefined on input line 1050.


LaTeX Warning: Reference `Az_Hoef_in' on page 17 undefined on input line 1053.

[17]

LaTeX Warning: Reference `flat_lem_id' on page 18 undefined on input line 1064.



LaTeX Warning: Reference `bd_lvg_Had' on page 18 undefined on input line 1076.


LaTeX Warning: Reference `fl_lem' on page 18 undefined on input line 1077.


LaTeX Warning: Reference `small_entries' on page 18 undefined on input line 109
3.


LaTeX Warning: Reference `bd_block_lvg_Had' on page 18 undefined on input line 
1096.


LaTeX Warning: Reference `bd_lvg_Had' on page 18 undefined on input line 1099.


LaTeX Warning: Reference `subsp_emb_id' on page 18 undefined on input line 1107
.


LaTeX Warning: Reference `matr_Chern' on page 18 undefined on input line 1107.


LaTeX Warning: Reference `fl_lem' on page 18 undefined on input line 1117.


LaTeX Warning: Reference `fl_lem' on page 18 undefined on input line 1117.

[18] [19]

LaTeX Warning: Reference `bound_out_prod_norm' on page 20 undefined on input li
ne 1163.


LaTeX Warning: Reference `bound_quadr_E' on page 20 undefined on input line 116
7.


LaTeX Warning: Reference `matr_Chern' on page 20 undefined on input line 1188.


LaTeX Warning: Reference `prop_SRHT_b' on page 20 undefined on input line 1197.



LaTeX Warning: Reference `def_Xi' on page 20 undefined on input line 1198.

[20]

LaTeX Warning: Reference `matr_Chern' on page 21 undefined on input line 1208.


LaTeX Warning: Reference `bound_gamma' on page 21 undefined on input line 1208.



LaTeX Warning: Reference `bound_var' on page 21 undefined on input line 1208.


LaTeX Warning: Reference `matr_Chern_expr' on page 21 undefined on input line 1
208.


LaTeX Warning: Reference `subsp_emb_thm_SRHT' on page 21 undefined on input lin
e 1217.


LaTeX Warning: Reference `prop_SRHT_b' on page 21 undefined on input line 1218.



LaTeX Warning: Citation `Osg09' on page 21 undefined on input line 1235.

[21]

LaTeX Warning: Reference `expr_T' on page 22 undefined on input line 1255.


LaTeX Warning: Reference `rec_relation' on page 22 undefined on input line 1255
.


LaTeX Warning: Reference `expr_C' on page 22 undefined on input line 1258.


LaTeX Warning: Reference `opt_ss_sec' on page 22 undefined on input line 1275.


LaTeX Warning: Reference `prop_opt_ss' on page 22 undefined on input line 1277.



LaTeX Warning: Reference `cor_opt_ss' on page 22 undefined on input line 1277.


LaTeX Warning: Reference `prop_opt_ss' on page 22 undefined on input line 1279.



LaTeX Warning: Reference `ss_opt_prob' on page 22 undefined on input line 1280.



LaTeX Warning: Reference `ss_opt_prob_alt' on page 22 undefined on input line 1
285.


LaTeX Warning: Reference `ss_opt_prob_alt' on page 22 undefined on input line 1
289.


LaTeX Warning: Reference `par_upd' on page 22 undefined on input line 1289.


LaTeX Warning: Reference `ss_opt_prob_alt' on page 22 undefined on input line 1
289.


LaTeX Warning: Reference `opt_ss' on page 22 undefined on input line 1291.


LaTeX Warning: Reference `ss_opt_prob' on page 22 undefined on input line 1293.



LaTeX Warning: Reference `ss_update' on page 22 undefined on input line 1306.


LaTeX Warning: Reference `ss_update' on page 22 undefined on input line 1308.


LaTeX Warning: Reference `ss_update_Pi' on page 22 undefined on input line 1320
.


LaTeX Warning: Reference `cor_opt_ss' on page 22 undefined on input line 1323.


LaTeX Warning: Reference `ss_opt_prob' on page 22 undefined on input line 1324.



LaTeX Warning: Reference `opt_exp_ss' on page 22 undefined on input line 1324.

[22]

LaTeX Warning: Reference `prop_opt_ss' on page 23 undefined on input line 1326.



LaTeX Warning: Reference `lemma_exp' on page 23 undefined on input line 1330.


LaTeX Warning: Reference `security_sec' on page 23 undefined on input line 1348
.


LaTeX Warning: Reference `Shan_secr_thm' on page 23 undefined on input line 135
0.


LaTeX Warning: Reference `SRHT_comp_sec_thm' on page 23 undefined on input line
 1350.


LaTeX Warning: Reference `cor_fl_lem' on page 23 undefined on input line 1350.


LaTeX Warning: Reference `Shan_secr_thm' on page 23 undefined on input line 135
2.


LaTeX Warning: Reference `Sh_secr' on page 23 undefined on input line 1359.


LaTeX Warning: Reference `Sh_secr' on page 23 undefined on input line 1364.


LaTeX Warning: Reference `cor_fl_lem' on page 23 undefined on input line 1377.


LaTeX Warning: Reference `fl_lem' on page 23 undefined on input line 1378.


LaTeX Warning: Reference `pr_sum_Zj' on page 23 undefined on input line 1380.


LaTeX Warning: Reference `fl_lem' on page 23 undefined on input line 1384.


LaTeX Warning: Reference `cor_fl_lem' on page 23 undefined on input line 1384.


LaTeX Warning: Reference `subsp_emb_thm_SRHT' on page 23 undefined on input lin
e 1384.


LaTeX Warning: Reference `SRHT_comp_sec_thm' on page 23 undefined on input line
 1387.


LaTeX Warning: Reference `alg_orthog_sketch' on page 23 undefined on input line
 1389.

[23]

LaTeX Warning: Reference `exact_grad_subsec' on page 24 undefined on input line
 1394.


LaTeX Warning: Reference `Sh_secr' on page 24 undefined on input line 1406.


LaTeX Warning: Reference `perf_secrecy_id' on page 24 undefined on input line 1
426.


LaTeX Warning: Reference `Shan_secr_thm' on page 24 undefined on input line 143
4.


LaTeX Warning: Reference `Shan_secr_thm' on page 24 undefined on input line 143
6.

[24]

LaTeX Warning: Reference `Shan_secr_thm' on page 25 undefined on input line 144
6.


LaTeX Warning: Citation `Str69' on page 25 undefined on input line 1446.


LaTeX Warning: Citation `AV21' on page 25 undefined on input line 1446.


LaTeX Warning: Citation `CPH20b' on page 25 undefined on input line 1448.


LaTeX Warning: Citation `Gen09' on page 25 undefined on input line 1450.


LaTeX Warning: Citation `Gen09a' on page 25 undefined on input line 1450.


LaTeX Warning: Citation `BGV14' on page 25 undefined on input line 1450.


LaTeX Warning: Citation `SGAM19' on page 25 undefined on input line 1450.


LaTeX Warning: Citation `khan2015hill' on page 25 undefined on input line 1450.



LaTeX Warning: Citation `AKHK17' on page 25 undefined on input line 1450.


LaTeX Warning: Citation `AMAK18' on page 25 undefined on input line 1450.


LaTeX Warning: Citation `Cac14' on page 25 undefined on input line 1450.


LaTeX Warning: Citation `AID19' on page 25 undefined on input line 1450.


LaTeX Warning: Citation `reddy2018image' on page 25 undefined on input line 145
0.


LaTeX Warning: Reference `exact_grad_subsec' on page 25 undefined on input line
 1459.


LaTeX Warning: Reference `eq_orth_encr' on page 25 undefined on input line 1459
.


LaTeX Warning: Citation `TLDK17' on page 25 undefined on input line 1463.


LaTeX Warning: Citation `HASH17' on page 25 undefined on input line 1463.


LaTeX Warning: Citation `OGU19' on page 25 undefined on input line 1463.


LaTeX Warning: Citation `CMH20' on page 25 undefined on input line 1463.


LaTeX Warning: Citation `YA18' on page 25 undefined on input line 1463.


LaTeX Warning: Citation `CT22' on page 25 undefined on input line 1463.


LaTeX Warning: Citation `RTTD17' on page 25 undefined on input line 1463.


LaTeX Warning: Citation `CP18' on page 25 undefined on input line 1463.


LaTeX Warning: Citation `CPE17' on page 25 undefined on input line 1463.


LaTeX Warning: Citation `WCP19' on page 25 undefined on input line 1463.


LaTeX Warning: Citation `BWE19' on page 25 undefined on input line 1463.


LaTeX Warning: Citation `WLS19' on page 25 undefined on input line 1463.


LaTeX Warning: Citation `KKR19' on page 25 undefined on input line 1463.


LaTeX Warning: Citation `HYKM19' on page 25 undefined on input line 1463.


LaTeX Warning: Citation `CHZP18' on page 25 undefined on input line 1463.


LaTeX Warning: Citation `CPH20a' on page 25 undefined on input line 1463.


LaTeX Warning: Reference `Shan_secr_thm' on page 25 undefined on input line 146
3.


LaTeX Warning: Citation `Mur12' on page 25 undefined on input line 1469.

[25]

LaTeX Warning: Reference `Shan_secr_thm' on page 26 undefined on input line 148
1.


LaTeX Warning: Citation `CPH20b' on page 26 undefined on input line 1486.

[26]
(/Users/jovyntan/Desktop/work/fyp/exploration/diff_test_tex_engines/bin/compile
d_tex_pdf/2308.04185/2308.04185_pdflatex.aux)

LaTeX Warning: There were undefined references.


LaTeX Warning: Label(s) may have changed. Rerun to get cross-references right.


Package rerunfilecheck Warning: File `2308.04185_pdflatex.out' has changed.
(rerunfilecheck)                Rerun to get outlines right
(rerunfilecheck)                or use package `bookmark'.

 )
(see the transcript file for additional information){/usr/local/texlive/2021/te
xmf-dist/fonts/enc/dvips/base/8r.enc}</usr/local/texlive/2021/texmf-dist/fonts/
type1/public/amsfonts/cm/cmbx10.pfb></usr/local/texlive/2021/texmf-dist/fonts/t
ype1/public/amsfonts/cm/cmbx5.pfb></usr/local/texlive/2021/texmf-dist/fonts/typ
e1/public/amsfonts/cm/cmbx7.pfb></usr/local/texlive/2021/texmf-dist/fonts/type1
/public/amsfonts/cm/cmbx8.pfb></usr/local/texlive/2021/texmf-dist/fonts/type1/p
ublic/amsfonts/cm/cmex10.pfb></usr/local/texlive/2021/texmf-dist/fonts/type1/pu
blic/amsfonts/cmextra/cmex7.pfb></usr/local/texlive/2021/texmf-dist/fonts/type1
/public/amsfonts/cm/cmmi10.pfb></usr/local/texlive/2021/texmf-dist/fonts/type1/
public/amsfonts/cm/cmmi5.pfb></usr/local/texlive/2021/texmf-dist/fonts/type1/pu
blic/amsfonts/cm/cmmi6.pfb></usr/local/texlive/2021/texmf-dist/fonts/type1/publ
ic/amsfonts/cm/cmmi7.pfb></usr/local/texlive/2021/texmf-dist/fonts/type1/public
/amsfonts/cm/cmmi8.pfb></usr/local/texlive/2021/texmf-dist/fonts/type1/public/a
msfonts/cm/cmmi9.pfb></usr/local/texlive/2021/texmf-dist/fonts/type1/public/ams
fonts/cm/cmmib10.pfb></usr/local/texlive/2021/texmf-dist/fonts/type1/public/ams
fonts/cm/cmr10.pfb></usr/local/texlive/2021/texmf-dist/fonts/type1/public/amsfo
nts/cm/cmr5.pfb></usr/local/texlive/2021/texmf-dist/fonts/type1/public/amsfonts
/cm/cmr6.pfb></usr/local/texlive/2021/texmf-dist/fonts/type1/public/amsfonts/cm
/cmr7.pfb></usr/local/texlive/2021/texmf-dist/fonts/type1/public/amsfonts/cm/cm
r8.pfb></usr/local/texlive/2021/texmf-dist/fonts/type1/public/amsfonts/cm/cmss1
0.pfb></usr/local/texlive/2021/texmf-dist/fonts/type1/public/amsfonts/cm/cmsy10
.pfb></usr/local/texlive/2021/texmf-dist/fonts/type1/public/amsfonts/cm/cmsy5.p
fb></usr/local/texlive/2021/texmf-dist/fonts/type1/public/amsfonts/cm/cmsy6.pfb
></usr/local/texlive/2021/texmf-dist/fonts/type1/public/amsfonts/cm/cmsy7.pfb><
/usr/local/texlive/2021/texmf-dist/fonts/type1/public/amsfonts/cm/cmti10.pfb></
usr/local/texlive/2021/texmf-dist/fonts/type1/public/amsfonts/cm/cmti7.pfb></us
r/local/texlive/2021/texmf-dist/fonts/type1/public/amsfonts/symbols/msam10.pfb>
</usr/local/texlive/2021/texmf-dist/fonts/type1/public/amsfonts/symbols/msam5.p
fb></usr/local/texlive/2021/texmf-dist/fonts/type1/public/amsfonts/symbols/msbm
10.pfb></usr/local/texlive/2021/texmf-dist/fonts/type1/public/amsfonts/symbols/
msbm7.pfb></usr/local/texlive/2021/texmf-dist/fonts/type1/urw/helvetic/uhvr8a.p
fb></usr/local/texlive/2021/texmf-dist/fonts/type1/urw/times/utmb8a.pfb></usr/l
ocal/texlive/2021/texmf-dist/fonts/type1/urw/times/utmbi8a.pfb></usr/local/texl
ive/2021/texmf-dist/fonts/type1/urw/times/utmr8a.pfb></usr/local/texlive/2021/t
exmf-dist/fonts/type1/urw/times/utmri8a.pfb>
Output written on /Users/jovyntan/Desktop/work/fyp/exploration/diff_test_tex_en
gines/bin/compiled_tex_pdf/2308.04185/2308.04185_pdflatex.pdf (26 pages, 339259
3 bytes).
Transcript written on /Users/jovyntan/Desktop/work/fyp/exploration/diff_test_te
x_engines/bin/compiled_tex_pdf/2308.04185/2308.04185_pdflatex.log.
