This is XeTeX, Version 3.141592653-2.6-0.999993 (TeX Live 2021) (preloaded format=xelatex)
 restricted \write18 enabled.
entering extended mode
(./arxiv.tex
LaTeX2e <2020-10-01> patch level 4
L3 programming layer <2021-02-18>
(/usr/local/texlive/2021/texmf-dist/tex/latex/IEEEtran/IEEEtran.cls
Document Class: IEEEtran 2015/08/26 V1.8b by Michael Shell
-- See the "IEEEtran_HOWTO" manual for usage information.
-- http://www.michaelshell.org/tex/ieeetran/

LaTeX Font Warning: Font shape `TU/ptm/m/n' undefined
(Font)              using `TU/lmr/m/n' instead on input line 503.

** ATTENTION: Single column mode is not typically used with IEEE publications.
-- Using 8.5in x 11in (letter) paper.
-- Using DVI output.
-- This is a 10 point document.
) (/usr/local/texlive/2021/texmf-dist/tex/latex/base/inputenc.sty

Package inputenc Warning: inputenc package ignored with utf8 based engines.

) (/usr/local/texlive/2021/texmf-dist/tex/latex/base/fontenc.sty
(/usr/local/texlive/2021/texmf-dist/tex/latex/psnfss/t1ptm.fd))
(/usr/local/texlive/2021/texmf-dist/tex/latex/url/url.sty)
(/usr/local/texlive/2021/texmf-dist/tex/latex/base/ifthen.sty)
(/usr/local/texlive/2021/texmf-dist/tex/latex/cite/cite.sty)
(/usr/local/texlive/2021/texmf-dist/tex/latex/amsmath/amsmath.sty
For additional information on amsmath, use the `?' option.
(/usr/local/texlive/2021/texmf-dist/tex/latex/amsmath/amstext.sty
(/usr/local/texlive/2021/texmf-dist/tex/latex/amsmath/amsgen.sty))
(/usr/local/texlive/2021/texmf-dist/tex/latex/amsmath/amsbsy.sty)
(/usr/local/texlive/2021/texmf-dist/tex/latex/amsmath/amsopn.sty))
(/usr/local/texlive/2021/texmf-dist/tex/latex/amscls/amsthm.sty)
(/usr/local/texlive/2021/texmf-dist/tex/latex/amsfonts/amsfonts.sty)
(/usr/local/texlive/2021/texmf-dist/tex/latex/amsfonts/amssymb.sty)
(/usr/local/texlive/2021/texmf-dist/tex/latex/mathtools/mathtools.sty
(/usr/local/texlive/2021/texmf-dist/tex/latex/graphics/keyval.sty)
(/usr/local/texlive/2021/texmf-dist/tex/latex/tools/calc.sty)
(/usr/local/texlive/2021/texmf-dist/tex/latex/mathtools/mhsetup.sty))
(/usr/local/texlive/2021/texmf-dist/tex/latex/graphics/color.sty
(/usr/local/texlive/2021/texmf-dist/tex/latex/graphics-cfg/color.cfg)
(/usr/local/texlive/2021/texmf-dist/tex/latex/graphics-def/xetex.def))
(/usr/local/texlive/2021/texmf-dist/tex/latex/tools/verbatim.sty)
(/usr/local/texlive/2021/texmf-dist/tex/generic/ulem/ulem.sty)
(/usr/local/texlive/2021/texmf-dist/tex/latex/enumitem/enumitem.sty)
(/usr/local/texlive/2021/texmf-dist/tex/latex/hyperref/hyperref.sty
(/usr/local/texlive/2021/texmf-dist/tex/generic/ltxcmds/ltxcmds.sty)
(/usr/local/texlive/2021/texmf-dist/tex/generic/iftex/iftex.sty)
(/usr/local/texlive/2021/texmf-dist/tex/generic/pdftexcmds/pdftexcmds.sty
(/usr/local/texlive/2021/texmf-dist/tex/generic/infwarerr/infwarerr.sty))
(/usr/local/texlive/2021/texmf-dist/tex/generic/kvsetkeys/kvsetkeys.sty)
(/usr/local/texlive/2021/texmf-dist/tex/generic/kvdefinekeys/kvdefinekeys.sty)
(/usr/local/texlive/2021/texmf-dist/tex/generic/pdfescape/pdfescape.sty)
(/usr/local/texlive/2021/texmf-dist/tex/latex/hycolor/hycolor.sty)
(/usr/local/texlive/2021/texmf-dist/tex/latex/letltxmacro/letltxmacro.sty)
(/usr/local/texlive/2021/texmf-dist/tex/latex/auxhook/auxhook.sty)
(/usr/local/texlive/2021/texmf-dist/tex/latex/kvoptions/kvoptions.sty)
(/usr/local/texlive/2021/texmf-dist/tex/latex/hyperref/pd1enc.def)
(/usr/local/texlive/2021/texmf-dist/tex/latex/hyperref/hyperref-langpatches.def
) (/usr/local/texlive/2021/texmf-dist/tex/generic/intcalc/intcalc.sty)
(/usr/local/texlive/2021/texmf-dist/tex/generic/etexcmds/etexcmds.sty)
(/usr/local/texlive/2021/texmf-dist/tex/latex/hyperref/puenc.def)
(/usr/local/texlive/2021/texmf-dist/tex/generic/bitset/bitset.sty
(/usr/local/texlive/2021/texmf-dist/tex/generic/bigintcalc/bigintcalc.sty))
(/usr/local/texlive/2021/texmf-dist/tex/latex/base/atbegshi-ltx.sty))
(/usr/local/texlive/2021/texmf-dist/tex/latex/hyperref/hxetex.def
(/usr/local/texlive/2021/texmf-dist/tex/generic/stringenc/stringenc.sty)
(/usr/local/texlive/2021/texmf-dist/tex/latex/rerunfilecheck/rerunfilecheck.sty
(/usr/local/texlive/2021/texmf-dist/tex/latex/base/atveryend-ltx.sty)
(/usr/local/texlive/2021/texmf-dist/tex/generic/uniquecounter/uniquecounter.sty
))) (/usr/local/texlive/2021/texmf-dist/tex/latex/algorithm2e/algorithm2e.sty
(/usr/local/texlive/2021/texmf-dist/tex/latex/ifoddpage/ifoddpage.sty)
(/usr/local/texlive/2021/texmf-dist/tex/latex/tools/xspace.sty)
(/usr/local/texlive/2021/texmf-dist/tex/latex/relsize/relsize.sty))
(/usr/local/texlive/2021/texmf-dist/tex/latex/algorithmicx/algpseudocode.sty
(/usr/local/texlive/2021/texmf-dist/tex/latex/algorithmicx/algorithmicx.sty
Document Style algorithmicx 1.2 - a greatly improved `algorithmic' style
)
Document Style - pseudocode environments for use with the `algorithmicx' style
) (/usr/local/texlive/2021/texmf-dist/tex/latex/floatrow/floatrow.sty
(/usr/local/texlive/2021/texmf-dist/tex/latex/caption/caption3.sty))
(/usr/local/texlive/2021/texmf-dist/tex/latex/pgf/frontendlayer/tikz.sty
(/usr/local/texlive/2021/texmf-dist/tex/latex/pgf/basiclayer/pgf.sty
(/usr/local/texlive/2021/texmf-dist/tex/latex/pgf/utilities/pgfrcs.sty
(/usr/local/texlive/2021/texmf-dist/tex/generic/pgf/utilities/pgfutil-common.te
x
(/usr/local/texlive/2021/texmf-dist/tex/generic/pgf/utilities/pgfutil-common-li
sts.tex))
(/usr/local/texlive/2021/texmf-dist/tex/generic/pgf/utilities/pgfutil-latex.def
) (/usr/local/texlive/2021/texmf-dist/tex/generic/pgf/utilities/pgfrcs.code.tex
(/usr/local/texlive/2021/texmf-dist/tex/generic/pgf/pgf.revision.tex)))
(/usr/local/texlive/2021/texmf-dist/tex/latex/pgf/basiclayer/pgfcore.sty
(/usr/local/texlive/2021/texmf-dist/tex/latex/graphics/graphicx.sty
(/usr/local/texlive/2021/texmf-dist/tex/latex/graphics/graphics.sty
(/usr/local/texlive/2021/texmf-dist/tex/latex/graphics/trig.sty)
(/usr/local/texlive/2021/texmf-dist/tex/latex/graphics-cfg/graphics.cfg)))
(/usr/local/texlive/2021/texmf-dist/tex/latex/pgf/systemlayer/pgfsys.sty
(/usr/local/texlive/2021/texmf-dist/tex/generic/pgf/systemlayer/pgfsys.code.tex
(/usr/local/texlive/2021/texmf-dist/tex/generic/pgf/utilities/pgfkeys.code.tex
(/usr/local/texlive/2021/texmf-dist/tex/generic/pgf/utilities/pgfkeysfiltered.c
ode.tex))
(/usr/local/texlive/2021/texmf-dist/tex/generic/pgf/systemlayer/pgf.cfg)
(/usr/local/texlive/2021/texmf-dist/tex/generic/pgf/systemlayer/pgfsys-xetex.de
f
(/usr/local/texlive/2021/texmf-dist/tex/generic/pgf/systemlayer/pgfsys-dvipdfmx
.def
(/usr/local/texlive/2021/texmf-dist/tex/generic/pgf/systemlayer/pgfsys-common-p
df.def))))
(/usr/local/texlive/2021/texmf-dist/tex/generic/pgf/systemlayer/pgfsyssoftpath.
code.tex)
(/usr/local/texlive/2021/texmf-dist/tex/generic/pgf/systemlayer/pgfsysprotocol.
code.tex)) (/usr/local/texlive/2021/texmf-dist/tex/latex/xcolor/xcolor.sty
(/usr/local/texlive/2021/texmf-dist/tex/latex/graphics-cfg/color.cfg))
(/usr/local/texlive/2021/texmf-dist/tex/generic/pgf/basiclayer/pgfcore.code.tex
(/usr/local/texlive/2021/texmf-dist/tex/generic/pgf/math/pgfmath.code.tex
(/usr/local/texlive/2021/texmf-dist/tex/generic/pgf/math/pgfmathcalc.code.tex
(/usr/local/texlive/2021/texmf-dist/tex/generic/pgf/math/pgfmathutil.code.tex)
(/usr/local/texlive/2021/texmf-dist/tex/generic/pgf/math/pgfmathparser.code.tex
)
(/usr/local/texlive/2021/texmf-dist/tex/generic/pgf/math/pgfmathfunctions.code.
tex
(/usr/local/texlive/2021/texmf-dist/tex/generic/pgf/math/pgfmathfunctions.basic
.code.tex)
(/usr/local/texlive/2021/texmf-dist/tex/generic/pgf/math/pgfmathfunctions.trigo
nometric.code.tex)
(/usr/local/texlive/2021/texmf-dist/tex/generic/pgf/math/pgfmathfunctions.rando
m.code.tex)
(/usr/local/texlive/2021/texmf-dist/tex/generic/pgf/math/pgfmathfunctions.compa
rison.code.tex)
(/usr/local/texlive/2021/texmf-dist/tex/generic/pgf/math/pgfmathfunctions.base.
code.tex)
(/usr/local/texlive/2021/texmf-dist/tex/generic/pgf/math/pgfmathfunctions.round
.code.tex)
(/usr/local/texlive/2021/texmf-dist/tex/generic/pgf/math/pgfmathfunctions.misc.
code.tex)
(/usr/local/texlive/2021/texmf-dist/tex/generic/pgf/math/pgfmathfunctions.integ
erarithmetics.code.tex)))
(/usr/local/texlive/2021/texmf-dist/tex/generic/pgf/math/pgfmathfloat.code.tex)
) (/usr/local/texlive/2021/texmf-dist/tex/generic/pgf/math/pgfint.code.tex)
(/usr/local/texlive/2021/texmf-dist/tex/generic/pgf/basiclayer/pgfcorepoints.co
de.tex)
(/usr/local/texlive/2021/texmf-dist/tex/generic/pgf/basiclayer/pgfcorepathconst
ruct.code.tex)
(/usr/local/texlive/2021/texmf-dist/tex/generic/pgf/basiclayer/pgfcorepathusage
.code.tex)
(/usr/local/texlive/2021/texmf-dist/tex/generic/pgf/basiclayer/pgfcorescopes.co
de.tex)
(/usr/local/texlive/2021/texmf-dist/tex/generic/pgf/basiclayer/pgfcoregraphicst
ate.code.tex)
(/usr/local/texlive/2021/texmf-dist/tex/generic/pgf/basiclayer/pgfcoretransform
ations.code.tex)
(/usr/local/texlive/2021/texmf-dist/tex/generic/pgf/basiclayer/pgfcorequick.cod
e.tex)
(/usr/local/texlive/2021/texmf-dist/tex/generic/pgf/basiclayer/pgfcoreobjects.c
ode.tex)
(/usr/local/texlive/2021/texmf-dist/tex/generic/pgf/basiclayer/pgfcorepathproce
ssing.code.tex)
(/usr/local/texlive/2021/texmf-dist/tex/generic/pgf/basiclayer/pgfcorearrows.co
de.tex)
(/usr/local/texlive/2021/texmf-dist/tex/generic/pgf/basiclayer/pgfcoreshade.cod
e.tex)
(/usr/local/texlive/2021/texmf-dist/tex/generic/pgf/basiclayer/pgfcoreimage.cod
e.tex
(/usr/local/texlive/2021/texmf-dist/tex/generic/pgf/basiclayer/pgfcoreexternal.
code.tex))
(/usr/local/texlive/2021/texmf-dist/tex/generic/pgf/basiclayer/pgfcorelayers.co
de.tex)
(/usr/local/texlive/2021/texmf-dist/tex/generic/pgf/basiclayer/pgfcoretranspare
ncy.code.tex)
(/usr/local/texlive/2021/texmf-dist/tex/generic/pgf/basiclayer/pgfcorepatterns.
code.tex)
(/usr/local/texlive/2021/texmf-dist/tex/generic/pgf/basiclayer/pgfcorerdf.code.
tex)))
(/usr/local/texlive/2021/texmf-dist/tex/generic/pgf/modules/pgfmoduleshapes.cod
e.tex)
(/usr/local/texlive/2021/texmf-dist/tex/generic/pgf/modules/pgfmoduleplot.code.
tex)
(/usr/local/texlive/2021/texmf-dist/tex/latex/pgf/compatibility/pgfcomp-version
-0-65.sty)
(/usr/local/texlive/2021/texmf-dist/tex/latex/pgf/compatibility/pgfcomp-version
-1-18.sty))
(/usr/local/texlive/2021/texmf-dist/tex/latex/pgf/utilities/pgffor.sty
(/usr/local/texlive/2021/texmf-dist/tex/latex/pgf/utilities/pgfkeys.sty
(/usr/local/texlive/2021/texmf-dist/tex/generic/pgf/utilities/pgfkeys.code.tex)
) (/usr/local/texlive/2021/texmf-dist/tex/latex/pgf/math/pgfmath.sty
(/usr/local/texlive/2021/texmf-dist/tex/generic/pgf/math/pgfmath.code.tex))
(/usr/local/texlive/2021/texmf-dist/tex/generic/pgf/utilities/pgffor.code.tex
(/usr/local/texlive/2021/texmf-dist/tex/generic/pgf/math/pgfmath.code.tex)))
(/usr/local/texlive/2021/texmf-dist/tex/generic/pgf/frontendlayer/tikz/tikz.cod
e.tex
(/usr/local/texlive/2021/texmf-dist/tex/generic/pgf/libraries/pgflibraryplothan
dlers.code.tex)
(/usr/local/texlive/2021/texmf-dist/tex/generic/pgf/modules/pgfmodulematrix.cod
e.tex)
(/usr/local/texlive/2021/texmf-dist/tex/generic/pgf/frontendlayer/tikz/librarie
s/tikzlibrarytopaths.code.tex)))
(/usr/local/texlive/2021/texmf-dist/tex/generic/pgf/frontendlayer/tikz/librarie
s/tikzlibrarymatrix.code.tex)
(/usr/local/texlive/2021/texmf-dist/tex/generic/pgf/frontendlayer/tikz/librarie
s/tikzlibraryarrows.code.tex
(/usr/local/texlive/2021/texmf-dist/tex/generic/pgf/libraries/pgflibraryarrows.
code.tex))
(/usr/local/texlive/2021/texmf-dist/tex/latex/l3backend/l3backend-xetex.def
(|extractbb --version))
No file 2308.04185_xelatex.aux.
(/usr/local/texlive/2021/texmf-dist/tex/latex/base/ts1cmr.fd)
-- Lines per column: 58 (exact).
(/usr/local/texlive/2021/texmf-dist/tex/latex/hyperref/nameref.sty
(/usr/local/texlive/2021/texmf-dist/tex/latex/refcount/refcount.sty)
(/usr/local/texlive/2021/texmf-dist/tex/generic/gettitlestring/gettitlestring.s
ty))

Package hyperref Warning: Rerun to get /PageLabels entry.


LaTeX Warning: Citation `CMPH22' on page 1 undefined on input line 238.

(/usr/local/texlive/2021/texmf-dist/tex/latex/amsfonts/umsa.fd)
(/usr/local/texlive/2021/texmf-dist/tex/latex/amsfonts/umsb.fd)

LaTeX Warning: Citation `Vem05' on page 1 undefined on input line 254.


LaTeX Warning: Citation `Woo14' on page 1 undefined on input line 254.


LaTeX Warning: Citation `DMMS11' on page 1 undefined on input line 254.


LaTeX Warning: Citation `DM16' on page 1 undefined on input line 254.


LaTeX Warning: Citation `LLPPR17' on page 1 undefined on input line 254.


LaTeX Warning: Citation `reisizadeh2017coded' on page 1 undefined on input line
 254.


LaTeX Warning: Citation `li2016coded' on page 1 undefined on input line 254.


LaTeX Warning: Citation `li2017coding' on page 1 undefined on input line 254.


LaTeX Warning: Citation `LSR17' on page 1 undefined on input line 254.


LaTeX Warning: Citation `dutta2016short' on page 1 undefined on input line 254.



LaTeX Warning: Citation `ramamoorthy2019universally' on page 1 undefined on inp
ut line 254.


LaTeX Warning: Citation `YSRKSA18' on page 1 undefined on input line 254.


LaTeX Warning: Citation `RRG20' on page 1 undefined on input line 254.


LaTeX Warning: Citation `CT19' on page 1 undefined on input line 254.


LaTeX Warning: Citation `CPH20c' on page 1 undefined on input line 254.


LaTeX Warning: Citation `CPH20b' on page 1 undefined on input line 254.


LaTeX Warning: Citation `OUG20' on page 1 undefined on input line 254.


LaTeX Warning: Citation `OBGU20' on page 1 undefined on input line 254.


LaTeX Warning: Citation `CMH21' on page 1 undefined on input line 254.


LaTeX Warning: Citation `RCHV23' on page 1 undefined on input line 254.


LaTeX Warning: Citation `CPH23' on page 1 undefined on input line 254.


LaTeX Warning: Citation `LA20' on page 1 undefined on input line 254.


LaTeX Warning: Citation `LLPPR17' on page 1 undefined on input line 254.


LaTeX Warning: Citation `Sar06' on page 1 undefined on input line 261.


LaTeX Warning: Citation `DMMS11' on page 1 undefined on input line 261.


LaTeX Warning: Citation `Tro11' on page 1 undefined on input line 261.


LaTeX Warning: Citation `BG13' on page 1 undefined on input line 261.


LaTeX Warning: Citation `AC06' on page 1 undefined on input line 261.


LaTeX Warning: Citation `JL84' on page 1 undefined on input line 261.


LaTeX Warning: Citation `BP23' on page 1 undefined on input line 263.


LaTeX Warning: Citation `TLDK17' on page 1 undefined on input line 265.


LaTeX Warning: Citation `HASH17' on page 1 undefined on input line 265.


LaTeX Warning: Citation `OGU19' on page 1 undefined on input line 265.


LaTeX Warning: Citation `CMH20' on page 1 undefined on input line 265.


LaTeX Warning: Citation `YA18' on page 1 undefined on input line 265.


LaTeX Warning: Citation `CT22' on page 1 undefined on input line 265.


LaTeX Warning: Citation `RTTD17' on page 1 undefined on input line 265.


LaTeX Warning: Citation `CP18' on page 1 undefined on input line 265.


LaTeX Warning: Citation `CPE17' on page 1 undefined on input line 265.


LaTeX Warning: Citation `WCP19' on page 1 undefined on input line 265.


LaTeX Warning: Citation `BWE19' on page 1 undefined on input line 265.


LaTeX Warning: Citation `WLS19' on page 1 undefined on input line 265.


LaTeX Warning: Citation `KKR19' on page 1 undefined on input line 265.


LaTeX Warning: Citation `HYKM19' on page 1 undefined on input line 265.


LaTeX Warning: Citation `CHZP18' on page 1 undefined on input line 265.


LaTeX Warning: Citation `CPH20a' on page 1 undefined on input line 265.


LaTeX Warning: Citation `PW16' on page 1 undefined on input line 265.


LaTeX Warning: Citation `LLDP20' on page 1 undefined on input line 265.


LaTeX Warning: Citation `CP18' on page 1 undefined on input line 265.


LaTeX Warning: Citation `RTTD17' on page 1 undefined on input line 265.


LaTeX Warning: Citation `CPE17' on page 1 undefined on input line 265.


LaTeX Warning: Citation `WCP19' on page 1 undefined on input line 265.


LaTeX Warning: Citation `BWE19' on page 1 undefined on input line 265.


LaTeX Warning: Citation `WLS19' on page 1 undefined on input line 265.


LaTeX Warning: Citation `KKR19' on page 1 undefined on input line 265.


LaTeX Warning: Citation `HYKM19' on page 1 undefined on input line 265.


LaTeX Warning: Citation `CHZP18' on page 1 undefined on input line 265.


LaTeX Warning: Citation `CPH20a' on page 1 undefined on input line 265.

[1]

LaTeX Warning: Citation `BP23' on page 2 undefined on input line 271.


LaTeX Warning: Citation `ZWL08' on page 2 undefined on input line 271.


LaTeX Warning: Citation `KSD17' on page 2 undefined on input line 271.


LaTeX Warning: Citation `KSDY19' on page 2 undefined on input line 271.


LaTeX Warning: Citation `SKD18' on page 2 undefined on input line 271.


LaTeX Warning: Citation `LSM23' on page 2 undefined on input line 271.


LaTeX Warning: Citation `YA19' on page 2 undefined on input line 272.


LaTeX Warning: Citation `FJR15' on page 2 undefined on input line 272.


LaTeX Warning: Citation `SSSS17' on page 2 undefined on input line 272.


LaTeX Warning: Reference `coded_LR' on page 2 undefined on input line 274.


LaTeX Warning: Reference `bl_orth_sk_sec' on page 2 undefined on input line 274
.


LaTeX Warning: Reference `block_SRHT_sec' on page 2 undefined on input line 274
.


LaTeX Warning: Reference `opt_ss_sec' on page 2 undefined on input line 274.


LaTeX Warning: Reference `security_sec' on page 2 undefined on input line 274.


LaTeX Warning: Reference `exper_sec' on page 2 undefined on input line 274.


LaTeX Warning: Reference `concl_sec' on page 2 undefined on input line 274.


LaTeX Warning: Citation `DMMS11' on page 2 undefined on input line 283.


Package amsfonts Warning: Obsolete command \bold; \mathbf should be used instea
d on input line 286.


LaTeX Warning: Reference `opt_ss_sec' on page 2 undefined on input line 304.


LaTeX Warning: Reference `gr_ls' on page 2 undefined on input line 304.


LaTeX Warning: Reference `x_star_pr_lr' on page 2 undefined on input line 309.

[2]

LaTeX Warning: Citation `TLDK17' on page 3 undefined on input line 317.


LaTeX Warning: Citation `CMH20' on page 3 undefined on input line 317.


LaTeX Warning: Reference `x_til_pr_lr' on page 3 undefined on input line 326.


LaTeX Warning: Reference `distr_grad_desc' on page 3 undefined on input line 32
8.


LaTeX Warning: Citation `CPH23b' on page 3 undefined on input line 328.


LaTeX Warning: Citation `CPE17' on page 3 undefined on input line 328.


LaTeX Warning: Citation `KL14' on page 3 undefined on input line 348.

(/usr/local/texlive/2021/texmf-dist/tex/latex/psnfss/t1phv.fd) [3]

LaTeX Warning: Citation `KL14' on page 4 undefined on input line 361.


Package hyperref Warning: Token not allowed in a PDF string (Unicode):
(hyperref)                removing `math shift' on input line 366.


Package hyperref Warning: Token not allowed in a PDF string (Unicode):
(hyperref)                removing `\ell' on input line 366.


Package hyperref Warning: Token not allowed in a PDF string (Unicode):
(hyperref)                removing `subscript' on input line 366.


Package hyperref Warning: Token not allowed in a PDF string (Unicode):
(hyperref)                removing `math shift' on input line 366.


LaTeX Warning: Reference `alg_orthog_sketch' on page 4 undefined on input line 
369.


LaTeX Warning: Citation `Woo14' on page 4 undefined on input line 371.


LaTeX Warning: Citation `ERNM22' on page 4 undefined on input line 371.


LaTeX Warning: Reference `x_til_pr_lr' on page 4 undefined on input line 376.


LaTeX Warning: Reference `intro' on page 4 undefined on input line 393.


LaTeX Warning: Reference `subsp_emb_alg1' on page 4 undefined on input line 395
.


LaTeX Warning: Citation `Elf80' on page 4 undefined on input line 406.


LaTeX Warning: Citation `Gut06' on page 4 undefined on input line 406.


LaTeX Warning: Citation `NT14' on page 4 undefined on input line 406.


LaTeX Warning: Citation `RN20' on page 4 undefined on input line 406.


LaTeX Warning: Reference `alg_orthog_sketch' on page 4 undefined on input line 
406.

[4]

LaTeX Warning: Reference `x_star_pr_lr' on page 5 undefined on input line 413.


LaTeX Warning: Reference `part_data' on page 5 undefined on input line 439.


LaTeX Warning: Reference `it_sketch_figure' on page 5 undefined on input line 4
46.


LaTeX Warning: Reference `alg_orthog_sketch' on page 5 undefined on input line 
455.


LaTeX Warning: Reference `subsp_emb_thm_Unif' on page 5 undefined on input line
 455.


LaTeX Warning: Reference `subsp_emb_thm_SRHT' on page 5 undefined on input line
 455.

[5]

LaTeX Warning: Reference `lemma_exp' on page 6 undefined on input line 462.


LaTeX Warning: Reference `subsp_emb_id' on page 6 undefined on input line 462.


LaTeX Warning: Reference `x_star_pr_lr' on page 6 undefined on input line 476.


LaTeX Warning: Reference `GC_SGD_thm' on page 6 undefined on input line 479.


LaTeX Warning: Reference `GC_SGD_thm' on page 6 undefined on input line 481.


LaTeX Warning: Reference `eq_opt_sols' on page 6 undefined on input line 481.


LaTeX Warning: Citation `DGSX12' on page 6 undefined on input line 481.


LaTeX Warning: Citation `Bub15' on page 6 undefined on input line 481.


LaTeX Warning: Reference `x_star_pr_lr' on page 6 undefined on input line 485.


LaTeX Warning: Reference `mod_pr_G' on page 6 undefined on input line 485.


LaTeX Warning: Reference `alg_orthog_sketch' on page 6 undefined on input line 
485.


LaTeX Warning: Reference `eq_opt_sols' on page 6 undefined on input line 488.


LaTeX Warning: Reference `eq_SSD_dor' on page 6 undefined on input line 488.


LaTeX Warning: Reference `alg_orthog_sketch' on page 6 undefined on input line 
488.


LaTeX Warning: Reference `x_star_pr_lr' on page 6 undefined on input line 488.


LaTeX Warning: Reference `mod_pr_G' on page 6 undefined on input line 488.


LaTeX Warning: Citation `CPH23b' on page 6 undefined on input line 488.


LaTeX Warning: Reference `alg_orthog_sketch' on page 6 undefined on input line 
493.


LaTeX Warning: Reference `alg_orthog_sketch' on page 6 undefined on input line 
496.


LaTeX Warning: Citation `OJXE18' on page 6 undefined on input line 496.


LaTeX Warning: Citation `CPH20a' on page 6 undefined on input line 496.


LaTeX Warning: Citation `DMM06' on page 6 undefined on input line 496.


LaTeX Warning: Citation `DMMS11' on page 6 undefined on input line 496.


LaTeX Warning: Citation `DMMW12' on page 6 undefined on input line 496.


LaTeX Warning: Citation `DM16' on page 6 undefined on input line 496.


LaTeX Warning: Citation `Woo14' on page 6 undefined on input line 496.


LaTeX Warning: Citation `CPH20a' on page 6 undefined on input line 496.


LaTeX Warning: Citation `CPH23b' on page 6 undefined on input line 496.


LaTeX Warning: Reference `bd_block_lvg_Unif' on page 6 undefined on input line 
498.


LaTeX Warning: Reference `alg_orthog_sketch' on page 6 undefined on input line 
498.


LaTeX Warning: Reference `subsp_emb_id' on page 6 undefined on input line 498.


LaTeX Warning: Reference `flattening_t_distr' on page 6 undefined on input line
 498.


LaTeX Warning: Reference `bd_block_lvg_Unif' on page 6 undefined on input line 
509.


LaTeX Warning: Reference `alg_orthog_sketch' on page 6 undefined on input line 
509.


LaTeX Warning: Reference `subsp_emb_id' on page 6 undefined on input line 509.


LaTeX Warning: Reference `bd_block_lvg_Unif' on page 6 undefined on input line 
515.


LaTeX Warning: Citation `CPH23b' on page 6 undefined on input line 515.


LaTeX Warning: Reference `subsp_emb_thm_Unif' on page 6 undefined on input line
 515.


LaTeX Warning: File `flattened_t_distr.eps' not found on input line 519.


! LaTeX Error: File `flattened_t_distr.eps' not found.

See the LaTeX manual or LaTeX Companion for explanation.
Type  H <return>  for immediate help.
 ...                                              
                                                  
l.519 ...graphics[scale=.2]{flattened_t_distr.eps}
                                                  

! LaTeX Error: Cannot determine size of graphic in flattened_t_distr.eps (no Bo
undingBox).

See the LaTeX manual or LaTeX Companion for explanation.
Type  H <return>  for immediate help.
 ...                                              
                                                  
l.519 ...graphics[scale=.2]{flattened_t_distr.eps}
                                                  

LaTeX Warning: `h' float specifier changed to `ht'.

[6]

LaTeX Warning: Reference `appr_GC_error' on page 7 undefined on input line 526.



LaTeX Warning: Reference `appr_GC_prop' on page 7 undefined on input line 526.


LaTeX Warning: Reference `subsp_emb_id' on page 7 undefined on input line 526.


LaTeX Warning: Reference `subsp_emb_thm_Unif' on page 7 undefined on input line
 530.


LaTeX Warning: Reference `subsp_emb_id' on page 7 undefined on input line 530.


LaTeX Warning: Reference `alg_orthog_sketch' on page 7 undefined on input line 
530.


LaTeX Warning: Reference `appr_GC_error' on page 7 undefined on input line 530.



LaTeX Warning: Reference `alg_orthog_sketch' on page 7 undefined on input line 
537.


LaTeX Warning: Citation `JHD21' on page 7 undefined on input line 537.


Overfull \hbox (4.45258pt too wide) in paragraph at lines 539--540
[]\T1/ptm/m/n/10 The SRHT is com-prised of three ma-tri-ces: $\OT1/cmr/bx/n/10 

 \OMS/cmsy/m/n/10 2 \U/msb/m/n/10 R[]$ \T1/ptm/m/n/10 a uni-form sam-pling and 
rescal-ing ma-trix of $\OML/cmm/m/it/10 r$ \T1/ptm/m/n/10 rows, $[] \OMS/cmsy/m
/n/10 2 f[]\OT1/cmr/m/n/10 1\OML/cmm/m/it/10 =[]\OMS/cmsy/m/n/10 g[]$

LaTeX Warning: Reference `alg_orthog_sketch' on page 7 undefined on input line 
541.


LaTeX Warning: Citation `DMMS11' on page 7 undefined on input line 552.


LaTeX Warning: Reference `x_til_pr_lr' on page 7 undefined on input line 554.


LaTeX Warning: Citation `Osg09' on page 7 undefined on input line 554.


LaTeX Warning: Reference `subsp_emb_id' on page 7 undefined on input line 558.


LaTeX Warning: Reference `bd_block_lvg_Unif' on page 7 undefined on input line 
558.


LaTeX Warning: Reference `bd_block_lvg_Had' on page 7 undefined on input line 5
58.


LaTeX Warning: Reference `subsp_emb_thm_SRHT' on page 7 undefined on input line
 558.


LaTeX Warning: Reference `subsp_emb_thm_Unif' on page 7 undefined on input line
 577.


LaTeX Warning: Reference `cor_fl_lem' on page 7 undefined on input line 577.


LaTeX Warning: Reference `bd_block_lvg_Unif' on page 7 undefined on input line 
577.


LaTeX Warning: Reference `bd_block_lvg_Unif' on page 7 undefined on input line 
577.


LaTeX Warning: Reference `subsp_emb_thm_Unif' on page 7 undefined on input line
 577.

[7]

LaTeX Warning: Reference `security_sec_SRHT' on page 8 undefined on input line 
579.


LaTeX Warning: Reference `security_sec_SRHT' on page 8 undefined on input line 
585.


LaTeX Warning: Citation `CT22' on page 8 undefined on input line 591.


LaTeX Warning: Citation `CT22' on page 8 undefined on input line 591.


LaTeX Warning: Reference `x_star_pr_lr' on page 8 undefined on input line 593.


LaTeX Warning: Reference `x_til_pr_lr' on page 8 undefined on input line 593.


LaTeX Warning: Reference `mod_pr_G' on page 8 undefined on input line 593.


LaTeX Warning: Reference `x_star_pr_lr' on page 8 undefined on input line 593.


LaTeX Warning: Reference `x_til_pr_lr' on page 8 undefined on input line 593.


LaTeX Warning: Reference `ss_opt_prob' on page 8 undefined on input line 601.


LaTeX Warning: Reference `par_upd' on page 8 undefined on input line 601.


LaTeX Warning: Citation `CT22' on page 8 undefined on input line 603.


LaTeX Warning: Citation `CT22' on page 8 undefined on input line 603.


LaTeX Warning: Reference `ss_opt_prob' on page 8 undefined on input line 607.


LaTeX Warning: Reference `opt_ss' on page 8 undefined on input line 616.


LaTeX Warning: Reference `exper_sec' on page 8 undefined on input line 618.


LaTeX Warning: Reference `opt_ss' on page 8 undefined on input line 618.


LaTeX Warning: Reference `opt_ss' on page 8 undefined on input line 627.

[8]

LaTeX Warning: Reference `alg_orthog_sketch' on page 9 undefined on input line 
636.


LaTeX Warning: Reference `OTP_app' on page 9 undefined on input line 636.


LaTeX Warning: Citation `Yas12' on page 9 undefined on input line 638.


LaTeX Warning: Reference `alg_orthog_sketch' on page 9 undefined on input line 
642.


LaTeX Warning: Reference `Shan_secr_thm' on page 9 undefined on input line 649.



LaTeX Warning: Reference `SRHT_counter_example' on page 9 undefined on input li
ne 649.


LaTeX Warning: Reference `insecurity_Prop' on page 9 undefined on input line 65
1.


LaTeX Warning: Reference `cor_fl_lem' on page 9 undefined on input line 664.


LaTeX Warning: `h' float specifier changed to `ht'.


LaTeX Warning: Reference `subsp_emb_thm_SRHT' on page 9 undefined on input line
 678.


LaTeX Warning: Reference `bd_block_lvg_Had' on page 9 undefined on input line 6
78.


LaTeX Warning: Reference `alg_orthog_sketch' on page 9 undefined on input line 
678.


LaTeX Warning: Reference `cor_fl_lem' on page 9 undefined on input line 690.

[9]

LaTeX Warning: Reference `SRHT_comp_sec_thm' on page 10 undefined on input line
 696.


LaTeX Warning: Citation `KL14' on page 10 undefined on input line 696.


LaTeX Warning: Reference `SRHT_comp_sec_thm' on page 10 undefined on input line
 696.


LaTeX Warning: Reference `block_SRHT_sec' on page 10 undefined on input line 70
4.


LaTeX Warning: Reference `Shan_secr_thm' on page 10 undefined on input line 710
.


LaTeX Warning: Reference `SRHT_comp_sec_thm' on page 10 undefined on input line
 710.


LaTeX Warning: Reference `orth_encr_distr_tasks' on page 10 undefined on input 
line 712.


LaTeX Warning: Reference `log_res_err_t_distr' on page 10 undefined on input li
ne 722.


LaTeX Warning: Reference `log_res_err_t_distr' on page 10 undefined on input li
ne 722.


LaTeX Warning: File `comp_over6_expers.eps' not found on input line 726.


! LaTeX Error: File `comp_over6_expers.eps' not found.

See the LaTeX manual or LaTeX Companion for explanation.
Type  H <return>  for immediate help.
 ...                                              
                                                  
l.726 ...graphics[scale=.2]{comp_over6_expers.eps}
                                                  

! LaTeX Error: Cannot determine size of graphic in comp_over6_expers.eps (no Bo
undingBox).

See the LaTeX manual or LaTeX Companion for explanation.
Type  H <return>  for immediate help.
 ...                                              
                                                  
l.726 ...graphics[scale=.2]{comp_over6_expers.eps}
                                                  

LaTeX Warning: Reference `precond_figure' on page 10 undefined on input line 73
1.


LaTeX Warning: File `x_conv_log_600epochs_normalized_x_init.eps' not found on i
nput line 735.


! LaTeX Error: File `x_conv_log_600epochs_normalized_x_init.eps' not found.

See the LaTeX manual or LaTeX Companion for explanation.
Type  H <return>  for immediate help.
 ...                                              
                                                  
l.735 ...conv_log_600epochs_normalized_x_init.eps}
                                                  

! LaTeX Error: Cannot determine size of graphic in x_conv_log_600epochs_normali
zed_x_init.eps (no BoundingBox).

See the LaTeX manual or LaTeX Companion for explanation.
Type  H <return>  for immediate help.
 ...                                              
                                                  
l.735 ...conv_log_600epochs_normalized_x_init.eps}
                                                  

LaTeX Warning: `h' float specifier changed to `ht'.


LaTeX Warning: Reference `opt_ss' on page 10 undefined on input line 740.


LaTeX Warning: Reference `adaptive_GC_t_distr' on page 10 undefined on input li
ne 740.


LaTeX Warning: Reference `exact_grad_subsec' on page 10 undefined on input line
 740.

[10]

LaTeX Warning: File `conv_comp_t_distr_final.eps' not found on input line 744.


! LaTeX Error: File `conv_comp_t_distr_final.eps' not found.

See the LaTeX manual or LaTeX Companion for explanation.
Type  H <return>  for immediate help.
 ...                                              
                                                  
l.744 ...cs[scale=.2]{conv_comp_t_distr_final.eps}
                                                  

! LaTeX Error: Cannot determine size of graphic in conv_comp_t_distr_final.eps 
(no BoundingBox).

See the LaTeX manual or LaTeX Companion for explanation.
Type  H <return>  for immediate help.
 ...                                              
                                                  
l.744 ...cs[scale=.2]{conv_comp_t_distr_final.eps}
                                                  

LaTeX Warning: Reference `iter_vs_noniter_fig' on page 11 undefined on input li
ne 749.


LaTeX Warning: Reference `adaptive_GC_t_distr' on page 11 undefined on input li
ne 749.


LaTeX Warning: File `comp_iter_vs_nonit.eps' not found on input line 753.


! LaTeX Error: File `comp_iter_vs_nonit.eps' not found.

See the LaTeX manual or LaTeX Companion for explanation.
Type  H <return>  for immediate help.
 ...                                              
                                                  
l.753 ...raphics[scale=.2]{comp_iter_vs_nonit.eps}
                                                  

! LaTeX Error: Cannot determine size of graphic in comp_iter_vs_nonit.eps (no B
oundingBox).

See the LaTeX manual or LaTeX Companion for explanation.
Type  H <return>  for immediate help.
 ...                                              
                                                  
l.753 ...raphics[scale=.2]{comp_iter_vs_nonit.eps}
                                                  

LaTeX Warning: Citation `CT19' on page 11 undefined on input line 766.


LaTeX Warning: Citation `CPH20c' on page 11 undefined on input line 766.


LaTeX Warning: Citation `RCHV23' on page 11 undefined on input line 766.


LaTeX Warning: Reference `precond_figure' on page 11 undefined on input line 77
0.


LaTeX Warning: Citation `Str69' on page 11 undefined on input line 770.


LaTeX Warning: Citation `PW16' on page 11 undefined on input line 772.


LaTeX Warning: Citation `LLDP20' on page 11 undefined on input line 772.


LaTeX Warning: Citation `GKCMR20' on page 11 undefined on input line 772.

No file 2308.04185_xelatex.bbl.

LaTeX Warning: Reference `bl_orth_sk_sec' on page 11 undefined on input line 78
2.


LaTeX Warning: Reference `distr_grad_desc' on page 11 undefined on input line 7
84.


LaTeX Warning: Reference `lemma_exp' on page 11 undefined on input line 786.

[11