This is XeTeX, Version 3.141592653-2.6-0.999993 (TeX Live 2021) (preloaded format=xelatex 2021.12.5)  20 AUG 2023 02:14
entering extended mode
 restricted \write18 enabled.
 %&-line parsing enabled.
**main.tex
(./main.tex
LaTeX2e <2020-10-01> patch level 4
L3 programming layer <2021-02-18>
(/usr/local/texlive/2021/texmf-dist/tex/latex/IEEEtran/IEEEtran.cls
Document Class: IEEEtran 2015/08/26 V1.8b by Michael Shell
-- See the "IEEEtran_HOWTO" manual for usage information.
-- http://www.michaelshell.org/tex/ieeetran/
\@IEEEtrantmpdimenA=\dimen138
\@IEEEtrantmpdimenB=\dimen139
\@IEEEtrantmpdimenC=\dimen140
\@IEEEtrantmpcountA=\count175
\@IEEEtrantmpcountB=\count176
\@IEEEtrantmpcountC=\count177
\@IEEEtrantmptoksA=\toks15
LaTeX Font Info:    Trying to load font information for TU+ptm on input line 50
3.
LaTeX Font Info:    No file TUptm.fd. on input line 503.

LaTeX Font Warning: Font shape `TU/ptm/m/n' undefined
(Font)              using `TU/lmr/m/n' instead on input line 503.

-- Using 8.5in x 11in (letter) paper.
-- Using DVI output.
\@IEEEnormalsizeunitybaselineskip=\dimen141
-- This is a 12 point document.
\CLASSINFOnormalsizebaselineskip=\dimen142
\CLASSINFOnormalsizeunitybaselineskip=\dimen143
\IEEEnormaljot=\dimen144

LaTeX Font Warning: Font shape `TU/ptm/bx/n' undefined
(Font)              using `TU/ptm/m/n' instead on input line 1090.


LaTeX Font Warning: Font shape `TU/ptm/m/it' undefined
(Font)              using `TU/ptm/m/n' instead on input line 1090.


LaTeX Font Warning: Font shape `TU/ptm/bx/it' undefined
(Font)              using `TU/ptm/bx/n' instead on input line 1090.

\IEEEquantizedlength=\dimen145
\IEEEquantizedlengthdiff=\dimen146
\IEEEquantizedtextheightdiff=\dimen147
\IEEEilabelindentA=\dimen148
\IEEEilabelindentB=\dimen149
\IEEEilabelindent=\dimen150
\IEEEelabelindent=\dimen151
\IEEEdlabelindent=\dimen152
\IEEElabelindent=\dimen153
\IEEEiednormlabelsep=\dimen154
\IEEEiedmathlabelsep=\dimen155
\IEEEiedtopsep=\skip47
\c@section=\count178
\c@subsection=\count179
\c@subsubsection=\count180
\c@paragraph=\count181
\c@IEEEsubequation=\count182
\abovecaptionskip=\skip48
\belowcaptionskip=\skip49
\c@figure=\count183
\c@table=\count184
\@IEEEeqnnumcols=\count185
\@IEEEeqncolcnt=\count186
\@IEEEsubeqnnumrollback=\count187
\@IEEEquantizeheightA=\dimen156
\@IEEEquantizeheightB=\dimen157
\@IEEEquantizeheightC=\dimen158
\@IEEEquantizeprevdepth=\dimen159
\@IEEEquantizemultiple=\count188
\@IEEEquantizeboxA=\box47
\@IEEEtmpitemindent=\dimen160
\IEEEPARstartletwidth=\dimen161
\c@IEEEbiography=\count189
\@IEEEtranrubishbin=\box48
) (/usr/local/texlive/2021/texmf-dist/tex/latex/base/fontenc.sty
Package: fontenc 2020/08/10 v2.0s Standard LaTeX package
LaTeX Font Info:    Trying to load font information for T1+ptm on input line 11
2.

(/usr/local/texlive/2021/texmf-dist/tex/latex/psnfss/t1ptm.fd
File: t1ptm.fd 2001/06/04 font definitions for T1/ptm.
))
(/usr/local/texlive/2021/texmf-dist/tex/latex/cite/cite.sty
LaTeX Info: Redefining \cite on input line 302.
LaTeX Info: Redefining \nocite on input line 332.
Package: cite 2015/02/27  v 5.5
)
(/usr/local/texlive/2021/texmf-dist/tex/latex/amscls/amsthm.sty
Package: amsthm 2020/05/29 v2.20.6
\thm@style=\toks16
\thm@bodyfont=\toks17
\thm@headfont=\toks18
\thm@notefont=\toks19
\thm@headpunct=\toks20
\thm@preskip=\skip50
\thm@postskip=\skip51
\thm@headsep=\skip52
\dth@everypar=\toks21
)
(/usr/local/texlive/2021/texmf-dist/tex/latex/amsmath/amsmath.sty
Package: amsmath 2020/09/23 v2.17i AMS math features
\@mathmargin=\skip53

For additional information on amsmath, use the `?' option.
(/usr/local/texlive/2021/texmf-dist/tex/latex/amsmath/amstext.sty
Package: amstext 2000/06/29 v2.01 AMS text

(/usr/local/texlive/2021/texmf-dist/tex/latex/amsmath/amsgen.sty
File: amsgen.sty 1999/11/30 v2.0 generic functions
\@emptytoks=\toks22
\ex@=\dimen162
))
(/usr/local/texlive/2021/texmf-dist/tex/latex/amsmath/amsbsy.sty
Package: amsbsy 1999/11/29 v1.2d Bold Symbols
\pmbraise@=\dimen163
)
(/usr/local/texlive/2021/texmf-dist/tex/latex/amsmath/amsopn.sty
Package: amsopn 2016/03/08 v2.02 operator names
)
\inf@bad=\count190
LaTeX Info: Redefining \frac on input line 234.
\uproot@=\count191
\leftroot@=\count192
LaTeX Info: Redefining \overline on input line 399.
\classnum@=\count193
\DOTSCASE@=\count194
LaTeX Info: Redefining \ldots on input line 496.
LaTeX Info: Redefining \dots on input line 499.
LaTeX Info: Redefining \cdots on input line 620.
\Mathstrutbox@=\box49
\strutbox@=\box50
\big@size=\dimen164
LaTeX Font Info:    Redeclaring font encoding OML on input line 743.
LaTeX Font Info:    Redeclaring font encoding OMS on input line 744.
\macc@depth=\count195
\c@MaxMatrixCols=\count196
\dotsspace@=\muskip16
\c@parentequation=\count197
\dspbrk@lvl=\count198
\tag@help=\toks23
\row@=\count199
\column@=\count266
\maxfields@=\count267
\andhelp@=\toks24
\eqnshift@=\dimen165
\alignsep@=\dimen166
\tagshift@=\dimen167
\tagwidth@=\dimen168
\totwidth@=\dimen169
\lineht@=\dimen170
\@envbody=\toks25
\multlinegap=\skip54
\multlinetaggap=\skip55
\mathdisplay@stack=\toks26
LaTeX Info: Redefining \[ on input line 2923.
LaTeX Info: Redefining \] on input line 2924.
)
(/usr/local/texlive/2021/texmf-dist/tex/latex/amsfonts/amssymb.sty
Package: amssymb 2013/01/14 v3.01 AMS font symbols

(/usr/local/texlive/2021/texmf-dist/tex/latex/amsfonts/amsfonts.sty
Package: amsfonts 2013/01/14 v3.01 Basic AMSFonts support
\symAMSa=\mathgroup4
\symAMSb=\mathgroup5
LaTeX Font Info:    Redeclaring math symbol \hbar on input line 98.
LaTeX Font Info:    Overwriting math alphabet `\mathfrak' in version `bold'
(Font)                  U/euf/m/n --> U/euf/b/n on input line 106.
))
(/usr/local/texlive/2021/texmf-dist/tex/latex/tools/bm.sty
Package: bm 2019/07/24 v1.2d Bold Symbol Support (DPC/FMi)
\symboldoperators=\mathgroup6
\symboldletters=\mathgroup7
\symboldsymbols=\mathgroup8
LaTeX Font Info:    Redeclaring math alphabet \mathbf on input line 141.
LaTeX Info: Redefining \bm on input line 209.
)
(/usr/local/texlive/2021/texmf-dist/tex/latex/jknapltx/mathrsfs.sty
Package: mathrsfs 1996/01/01 Math RSFS package v1.0 (jk)
\symrsfs=\mathgroup9
)
(/usr/local/texlive/2021/texmf-dist/tex/latex/graphics/graphicx.sty
Package: graphicx 2020/09/09 v1.2b Enhanced LaTeX Graphics (DPC,SPQR)

(/usr/local/texlive/2021/texmf-dist/tex/latex/graphics/keyval.sty
Package: keyval 2014/10/28 v1.15 key=value parser (DPC)
\KV@toks@=\toks27
)
(/usr/local/texlive/2021/texmf-dist/tex/latex/graphics/graphics.sty
Package: graphics 2020/08/30 v1.4c Standard LaTeX Graphics (DPC,SPQR)

(/usr/local/texlive/2021/texmf-dist/tex/latex/graphics/trig.sty
Package: trig 2016/01/03 v1.10 sin cos tan (DPC)
)
(/usr/local/texlive/2021/texmf-dist/tex/latex/graphics-cfg/graphics.cfg
File: graphics.cfg 2016/06/04 v1.11 sample graphics configuration
)
Package graphics Info: Driver file: xetex.def on input line 105.

(/usr/local/texlive/2021/texmf-dist/tex/latex/graphics-def/xetex.def
File: xetex.def 2021/03/18 v5.0k Graphics/color driver for xetex
))
\Gin@req@height=\dimen171
\Gin@req@width=\dimen172
)
(/usr/local/texlive/2021/texmf-dist/tex/latex/enumitem/enumitem.sty
Package: enumitem 2019/06/20 v3.9 Customized lists
\labelindent=\skip56
\enit@outerparindent=\dimen173
\enit@toks=\toks28
\enit@inbox=\box51
\enit@count@id=\count268
\enitdp@description=\count269
)
(/usr/local/texlive/2021/texmf-dist/tex/latex/algorithms/algorithm.sty
Invalid UTF-8 byte or sequence at line 11 replaced by U+FFFD.
Package: algorithm 2009/08/24 v0.1 Document Style `algorithm' - floating enviro
nment

(/usr/local/texlive/2021/texmf-dist/tex/latex/float/float.sty
Package: float 2001/11/08 v1.3d Float enhancements (AL)
\c@float@type=\count270
\float@exts=\toks29
\float@box=\box52
\@float@everytoks=\toks30
\@floatcapt=\box53
)
(/usr/local/texlive/2021/texmf-dist/tex/latex/base/ifthen.sty
Package: ifthen 2014/09/29 v1.1c Standard LaTeX ifthen package (DPC)
)
\@float@every@algorithm=\toks31
\c@algorithm=\count271
)
(/usr/local/texlive/2021/texmf-dist/tex/latex/algorithms/algorithmic.sty
Invalid UTF-8 byte or sequence at line 11 replaced by U+FFFD.
Package: algorithmic 2009/08/24 v0.1 Document Style `algorithmic'
\c@ALC@unique=\count272
\c@ALC@line=\count273
\c@ALC@rem=\count274
\c@ALC@depth=\count275
\ALC@tlm=\skip57
\algorithmicindent=\skip58
)
(/usr/local/texlive/2021/texmf-dist/tex/latex/tools/array.sty
Package: array 2020/10/01 v2.5c Tabular extension package (FMi)
\col@sep=\dimen174
\ar@mcellbox=\box54
\extrarowheight=\dimen175
\NC@list=\toks32
\extratabsurround=\skip59
\backup@length=\skip60
\ar@cellbox=\box55
)
(/usr/local/texlive/2021/texmf-dist/tex/latex/subfigure/subfigure.sty
Package: subfigure 2002/03/15 v2.1.5 subfigure package
\subfigtopskip=\skip61
\subfigcapskip=\skip62
\subfigcaptopadj=\dimen176
\subfigbottomskip=\skip63
\subfigcapmargin=\dimen177
\subfiglabelskip=\skip64
\c@subfigure=\count276
\c@lofdepth=\count277
\c@subtable=\count278
\c@lotdepth=\count279

****************************************
* Local config file subfigure.cfg used *
****************************************
(/usr/local/texlive/2021/texmf-dist/tex/latex/subfigure/subfigure.cfg)
\subfig@top=\skip65
\subfig@bottom=\skip66
)
(/usr/local/texlive/2021/texmf-dist/tex/latex/psfrag/psfrag.sty
Package: psfrag 1998/04/11 v3.04 PSfrag (MCG)
\pfg@pcount=\count280
\pfg@scount=\count281
\pfg@temp=\write3
)
(/usr/local/texlive/2021/texmf-dist/tex/latex/booktabs/booktabs.sty
Package: booktabs 2020/01/12 v1.61803398 Publication quality tables
\heavyrulewidth=\dimen178
\lightrulewidth=\dimen179
\cmidrulewidth=\dimen180
\belowrulesep=\dimen181
\belowbottomsep=\dimen182
\aboverulesep=\dimen183
\abovetopsep=\dimen184
\cmidrulesep=\dimen185
\cmidrulekern=\dimen186
\defaultaddspace=\dimen187
\@cmidla=\count282
\@cmidlb=\count283
\@aboverulesep=\dimen188
\@belowrulesep=\dimen189
\@thisruleclass=\count284
\@lastruleclass=\count285
\@thisrulewidth=\dimen190
)
(/usr/local/texlive/2021/texmf-dist/tex/latex/tools/tabularx.sty
Package: tabularx 2020/01/15 v2.11c `tabularx' package (DPC)
\TX@col@width=\dimen191
\TX@old@table=\dimen192
\TX@old@col=\dimen193
\TX@target=\dimen194
\TX@delta=\dimen195
\TX@cols=\count286
\TX@ftn=\toks33
)
(/usr/local/texlive/2021/texmf-dist/tex/latex/xcolor/xcolor.sty
Package: xcolor 2016/05/11 v2.12 LaTeX color extensions (UK)

(/usr/local/texlive/2021/texmf-dist/tex/latex/graphics-cfg/color.cfg
File: color.cfg 2016/01/02 v1.6 sample color configuration
)
Package xcolor Info: Driver file: xetex.def on input line 225.
Package xcolor Info: Model `cmy' substituted by `cmy0' on input line 1348.
Package xcolor Info: Model `RGB' extended on input line 1364.
Package xcolor Info: Model `HTML' substituted by `rgb' on input line 1366.
Package xcolor Info: Model `Hsb' substituted by `hsb' on input line 1367.
Package xcolor Info: Model `tHsb' substituted by `hsb' on input line 1368.
Package xcolor Info: Model `HSB' substituted by `hsb' on input line 1369.
Package xcolor Info: Model `Gray' substituted by `gray' on input line 1370.
Package xcolor Info: Model `wave' substituted by `hsb' on input line 1371.
)
(/usr/local/texlive/2021/texmf-dist/tex/latex/subfig/subfig.sty
Package: subfig 2005/06/28 ver: 1.3 subfig package

(/usr/local/texlive/2021/texmf-dist/tex/latex/caption/caption3.sty
Package: caption3 2020/10/21 v2.2e caption3 kernel (AR)
\captionmargin=\dimen196
\captionmargin@=\dimen197
\captionwidth=\dimen198
\caption@tempdima=\dimen199
\caption@indent=\dimen256
\caption@parindent=\dimen257
\caption@hangindent=\dimen258
Package caption Info: Unknown document class (or package),
(caption)             standard defaults will be used.
Package caption Info: \@makecaption = \long macro:#1#2->\ifx \@captype \@IEEEta
blestring \footnotesize \bgroup \par \centering \@IEEEtabletopskipstrut {\norma
lfont \footnotesize #1}\\{\normalfont \footnotesize \scshape #2}\par \addvspace
 {0.5\baselineskip }\egroup \@IEEEtablecaptionsepspace \else \@IEEEfigurecaptio
nsepspace \setbox \@tempboxa \hbox {\normalfont \footnotesize {#1.}\nobreakspac
e \nobreakspace #2}\ifdim \wd \@tempboxa >\hsize \setbox \@tempboxa \hbox {\nor
malfont \footnotesize {#1.}\nobreakspace \nobreakspace }\parbox [t]{\hsize }{\n
ormalfont \footnotesize \noindent \unhbox \@tempboxa #2}\else \ifCLASSOPTIONcon
ference \hbox to\hsize {\normalfont \footnotesize \hfil \box \@tempboxa \hfil }
\else \hbox to\hsize {\normalfont \footnotesize \box \@tempboxa \hfil }\fi \fi 
\fi  on input line 1139.
)
\c@KVtest=\count287
\sf@farskip=\skip67
\sf@captopadj=\dimen259
\sf@capskip=\skip68
\sf@nearskip=\skip69
\sf@top=\skip70
\sf@bottom=\skip71
)
(/usr/local/texlive/2021/texmf-dist/tex/latex/l3backend/l3backend-xetex.def
File: l3backend-xetex.def 2021-03-18 L3 backend support: XeTeX

(|extractbb --version)
\c__kernel_sys_dvipdfmx_version_int=\count288
\l__color_backend_stack_int=\count289
\g__color_backend_stack_int=\count290
\g__graphics_track_int=\count291
\l__pdf_internal_box=\box56
\g__pdf_backend_object_int=\count292
\g__pdf_backend_annotation_int=\count293
\g__pdf_backend_link_int=\count294
)
No file 2308.01515_xelatex.aux.
\openout1 = `2308.01515_xelatex.aux'.

LaTeX Font Info:    Checking defaults for OML/cmm/m/it on input line 395.
LaTeX Font Info:    ... okay on input line 395.
LaTeX Font Info:    Checking defaults for OMS/cmsy/m/n on input line 395.
LaTeX Font Info:    ... okay on input line 395.
LaTeX Font Info:    Checking defaults for OT1/cmr/m/n on input line 395.
LaTeX Font Info:    ... okay on input line 395.
LaTeX Font Info:    Checking defaults for T1/cmr/m/n on input line 395.
LaTeX Font Info:    ... okay on input line 395.
LaTeX Font Info:    Checking defaults for TS1/cmr/m/n on input line 395.
LaTeX Font Info:    Trying to load font information for TS1+cmr on input line 3
95.
(/usr/local/texlive/2021/texmf-dist/tex/latex/base/ts1cmr.fd
File: ts1cmr.fd 2019/12/16 v2.5j Standard LaTeX font definitions
)
LaTeX Font Info:    ... okay on input line 395.
LaTeX Font Info:    Checking defaults for TU/lmr/m/n on input line 395.
LaTeX Font Info:    ... okay on input line 395.
LaTeX Font Info:    Checking defaults for OMX/cmex/m/n on input line 395.
LaTeX Font Info:    ... okay on input line 395.
LaTeX Font Info:    Checking defaults for U/cmr/m/n on input line 395.
LaTeX Font Info:    ... okay on input line 395.

-- Lines per column: 32 (exact).
Package caption Info: Begin \AtBeginDocument code.
Package caption Info: subfig package v1.3 is loaded.
Package caption Info: End \AtBeginDocument code.

Overfull \hbox (2.77805pt too wide) in paragraph at lines 487--487
[]\T1/ptm/m/n/10 In in-tel-li-gent re-flect-ing sur-face (IRS) as-sisted com-mu
-ni-ca-tion, beam search is usu-ally time-consuming
 []

[1]

LaTeX Warning: Citation `DBLP:journals/tcom/WuZZYZ21' on page 2 undefined on in
put line 529.


LaTeX Warning: Citation `DBLP:journals/tcom/WuZZYZ21' on page 2 undefined on in
put line 529.


LaTeX Warning: Citation `DBLP:journals/icl/JamaliNSP21' on page 2 undefined on 
input line 529.


LaTeX Warning: Citation `DBLP:journals/icl/JamaliNSP21' on page 2 undefined on 
input line 529.


LaTeX Warning: Citation `DBLP:conf/sigcomm/HassaniehARAKI18' on page 2 undefine
d on input line 529.


LaTeX Warning: Citation `DBLP:journals/cm/GiordaniMZ16' on page 2 undefined on 
input line 533.


LaTeX Warning: Citation `DBLP:journals/corr/abs-1711-05456' on page 2 undefined
 on input line 533.


LaTeX Warning: Citation `DBLP:conf/iccchina/LuLDFHG21' on page 2 undefined on i
nput line 533.


LaTeX Warning: Citation `DBLP:conf/wowmom/DevotiFC18' on page 2 undefined on in
put line 533.


LaTeX Warning: Citation `DBLP:conf/wcnc/ChenCW18' on page 2 undefined on input 
line 533.


LaTeX Warning: Citation `DBLP:journals/access/AlkhateebAVLQT18' on page 2 undef
ined on input line 533.


LaTeX Warning: Citation `DBLP:journals/jsac/YouZZ20' on page 2 undefined on inp
ut line 533.


LaTeX Warning: Citation `DBLP:journals/twc/Papazafeiropoulos22' on page 2 undef
ined on input line 533.


LaTeX Warning: Citation `DBLP:journals/wcl/ZhengZ20' on page 2 undefined on inp
ut line 533.


LaTeX Warning: Citation `DBLP:journals/wcl/ZhiPRW21a' on page 2 undefined on in
put line 533.


LaTeX Warning: Citation `DBLP:journals/icl/Zhang0Z020' on page 2 undefined on i
nput line 533.


LaTeX Warning: Citation `DBLP:journals/twc/ZhengYZ20' on page 2 undefined on in
put line 533.


LaTeX Warning: Citation `DBLP:journals/tcom/WangLJYW21' on page 2 undefined on 
input line 533.


LaTeX Warning: Citation `DBLP:journals/icl/OmidSPDN22' on page 2 undefined on i
nput line 533.


LaTeX Warning: Citation `DBLP:journals/jsac/YanYHK20' on page 2 undefined on in
put line 533.


LaTeX Warning: Citation `DBLP:journals/twc/PerovicTRF21' on page 2 undefined on
 input line 533.


LaTeX Warning: Citation `DBLP:conf/wcnc/WeiLW17' on page 2 undefined on input l
ine 533.


LaTeX Warning: Citation `DBLP:journals/twc/XiaoHXX16' on page 2 undefined on in
put line 533.


LaTeX Warning: Citation `DBLP:journals/wcl/MeiZ21' on page 2 undefined on input
 line 533.


LaTeX Warning: Citation `DBLP:conf/pimrc/GuoMS17' on page 2 undefined on input 
line 534.


LaTeX Warning: Citation `DBLP:journals/tvt/GaoDYW16' on page 2 undefined on inp
ut line 534.


LaTeX Warning: Citation `DBLP:conf/ncc/JainRKS22' on page 2 undefined on input 
line 534.


LaTeX Warning: Citation `DBLP:conf/wiopt/GuoMS17' on page 2 undefined on input 
line 534.


LaTeX Warning: Citation `DBLP:journals/wicomm/GuoMS18' on page 2 undefined on i
nput line 534.

[2]

LaTeX Warning: Citation `DBLP:journals/twc/XiaoHXX16' on page 3 undefined on in
put line 538.


LaTeX Warning: Citation `DBLP:conf/icc/Zhang022a' on page 3 undefined on input 
line 538.


LaTeX Warning: Citation `DBLP:journals/icl/JamaliNSP21' on page 3 undefined on 
input line 538.


LaTeX Warning: Citation `DBLP:journals/tit/Chu72' on page 3 undefined on input 
line 538.


LaTeX Warning: Citation `DBLP:journals/icl/PengT18' on page 3 undefined on inpu
t line 538.

[3]
LaTeX Font Info:    Trying to load font information for U+msa on input line 556
.
 (/usr/local/texlive/2021/texmf-dist/tex/latex/amsfonts/umsa.fd
File: umsa.fd 2013/01/14 v3.01 AMS symbols A
)
LaTeX Font Info:    Trying to load font information for U+msb on input line 556
.

(/usr/local/texlive/2021/texmf-dist/tex/latex/amsfonts/umsb.fd
File: umsb.fd 2013/01/14 v3.01 AMS symbols B
)
LaTeX Font Info:    Trying to load font information for U+rsfs on input line 55
6.

(/usr/local/texlive/2021/texmf-dist/tex/latex/jknapltx/ursfs.fd
File: ursfs.fd 1998/03/24 rsfs font definition file (jk)
) [4] [5]
File: IRS_scenario.eps Graphic file (type eps)
<IRS_scenario.eps>


LaTeX Warning: Reference `cascaded channel' on page 6 undefined on input line 6
10.


LaTeX Warning: Reference `cascaded channel' on page 6 undefined on input line 6
10.

[6]

LaTeX Warning: Reference `appendixB' on page 7 undefined on input line 624.


LaTeX Warning: Reference `received signal' on page 7 undefined on input line 63
1.


Overfull \hbox (10.37646pt too wide) in paragraph at lines 634--636
\T1/ptm/m/n/12 Then the change in vari-ables $\OML/cmm/b/it/12 d\OT1/cmr/bx/n/1
2 ^^H\OML/cmm/b/it/12 a \OT1/cmr/m/n/12 = \OML/cmm/b/it/12 ^^W[]h[]$ \T1/ptm/m/
n/12 is ap-plied, where $\OML/cmm/b/it/12 ^^W \OT1/cmr/m/n/12 = [\OML/cmm/m/it/
12 e[]; e[]; []  ; e[]\OT1/cmr/m/n/12 ][]$\T1/ptm/m/n/12 .
 []

[7]

LaTeX Warning: Citation `DBLP:journals/wcl/CaiYYHLZ21' on page 8 undefined on i
nput line 662.


LaTeX Warning: Citation `DBLP:conf/wcnc/WeiLW17' on page 8 undefined on input l
ine 672.

[8]

LaTeX Warning: Reference `array factor' on page 9 undefined on input line 685.


LaTeX Warning: Reference `array factor final' on page 9 undefined on input line
 694.


LaTeX Warning: Reference `u array factor' on page 9 undefined on input line 698
.


LaTeX Warning: Reference `appendixA' on page 9 undefined on input line 708.

[9]

LaTeX Warning: Reference `narrow beam' on page 10 undefined on input line 724.


LaTeX Warning: Reference `widebeamcondition' on page 10 undefined on input line
 744.


LaTeX Warning: Reference `g_represent' on page 10 undefined on input line 749.

[10]
LaTeX Font Info:    Trying to load font information for OMS+ptm on input line 7
65.
 (/usr/local/texlive/2021/texmf-dist/tex/latex/psnfss/omsptm.fd
File: omsptm.fd 
)
LaTeX Font Info:    Font shape `OMS/ptm/m/n' in size <12> not available
(Font)              Font shape `OMS/cmsy/m/n' tried instead on input line 765.
 [11]

LaTeX Warning: Reference `array factor on whole f' on page 12 undefined on inpu
t line 793.


LaTeX Warning: Reference `widebeamcondition' on page 12 undefined on input line
 793.


LaTeX Warning: Reference `differential equation' on page 12 undefined on input 
line 802.


LaTeX Warning: Reference `solution of de' on page 12 undefined on input line 80
6.


LaTeX Warning: Reference `g&fmu' on page 12 undefined on input line 817.


LaTeX Warning: Reference `fx_ofwidebeam' on page 12 undefined on input line 825
.


Overfull \hbox (9.02325pt too wide) detected at line 830
\OML/cmm/m/it/12 g[]\OT1/cmr/m/n/12 (\OML/cmm/m/it/12 n[]\OT1/cmr/m/n/12 ) = \O
MS/cmsy/m/n/12 ^^@\OT1/cmr/m/n/12 ([]([][])[] + []))[]  = \OMS/cmsy/m/n/12 ^^@\
OT1/cmr/m/n/12 ([]([] \OMS/cmsy/m/n/12 ^^@ []\OT1/cmr/m/n/12 ) + \OML/cmm/m/it/
12 n[][]\OT1/cmr/m/n/12 )\OML/cmm/m/it/12 :
 []

[12]
\c@remark=\count295


LaTeX Warning: Citation `DBLP:journals/tvt/NingCCDF21' on page 13 undefined on 
input line 844.


LaTeX Warning: Reference `anasou' on page 13 undefined on input line 860.

[13]

LaTeX Warning: Reference `codebook_u' on page 14 undefined on input line 868.

File: codebook_u.eps Graphic file (type eps)
<codebook_u.eps>

Overfull \hbox (1.00371pt too wide) in paragraph at lines 871--872
 [][] 
 []

File: JS_codebook.eps Graphic file (type eps)
<JS_codebook.eps>

LaTeX Warning: Reference `array factor final' on page 14 undefined on input lin
e 884.


LaTeX Warning: Reference `guv' on page 14 undefined on input line 884.


LaTeX Warning: Reference `received signal' on page 14 undefined on input line 8
88.


LaTeX Warning: Reference `dphia' on page 14 undefined on input line 888.


LaTeX Warning: Reference `alg1' on page 14 undefined on input line 892.

[14]

LaTeX Warning: Reference `JSPhi' on page 15 undefined on input line 908.


LaTeX Warning: Reference `JSbest' on page 15 undefined on input line 909.


LaTeX Warning: Reference `anasou' on page 15 undefined on input line 921.

[15]
File: DWS_codebook.eps Graphic file (type eps)
<DWS_codebook.eps>


LaTeX Warning: Reference `DWSPhi' on page 16 undefined on input line 959.


LaTeX Warning: Reference `DWSp*' on page 16 undefined on input line 960.


LaTeX Warning: Reference `DWSPhi2' on page 16 undefined on input line 965.


LaTeX Warning: Reference `DWSq*' on page 16 undefined on input line 966.

[16]

LaTeX Warning: Reference `alg2' on page 17 undefined on input line 986.

[17] [18]

LaTeX Warning: Reference `t1' on page 19 undefined on input line 1002.


LaTeX Warning: Reference `continues phaseshift' on page 19 undefined on input l
ine 1002.


LaTeX Warning: Reference `discrete phaseshift' on page 19 undefined on input li
ne 1002.


LaTeX Warning: Citation `DBLP:journals/wcl/MaZZ22' on page 19 undefined on inpu
t line 1010.


LaTeX Warning: Citation `DBLP:journals/wcl/FanZH19' on page 19 undefined on inp
ut line 1012.


LaTeX Warning: Reference `t2' on page 19 undefined on input line 1022.

[19]

LaTeX Warning: Citation `DBLP:journals/wcl/FanZH19' on page 20 undefined on inp
ut line 1061.


LaTeX Warning: Citation `DBLP:journals/wcl/MaZZ22' on page 20 undefined on inpu
t line 1061.


LaTeX Warning: Citation `DBLP:journals/wcl/YouZZ20' on page 20 undefined on inp
ut line 1061.


LaTeX Warning: Citation `DBLP:journals/icl/SinghK22' on page 20 undefined on in
put line 1061.


LaTeX Warning: Citation `DBLP:journals/twc/XiaoHXX16' on page 20 undefined on i
nput line 1061.


Underfull \hbox (badness 10000) in paragraph at lines 1061--1061
[]|\T1/ptm/m/n/9 Sub-array and
 []


Underfull \hbox (badness 1721) in paragraph at lines 1061--1061
\T1/ptm/m/n/9 beam com-bi-na-tion
 []


Underfull \hbox (badness 3503) in paragraph at lines 1061--1061
\T1/ptm/m/n/9 meth-ods [\T1/ptm/b/n/9 ?\T1/ptm/m/n/9 ], [\T1/ptm/b/n/9 ?\T1/ptm
/m/n/9 ],
 []

[20]

LaTeX Warning: Reference `f1' on page 21 undefined on input line 1077.


LaTeX Warning: Reference `f1' on page 21 undefined on input line 1077.


LaTeX Warning: Reference `f1' on page 21 undefined on input line 1077.


LaTeX Warning: Reference `f1' on page 21 undefined on input line 1077.


LaTeX Warning: Reference `f1' on page 21 undefined on input line 1079.

[21]

LaTeX Warning: Reference `f1' on page 22 undefined on input line 1081.

File: f1_1.eps Graphic file (type eps)
<f1_1.eps>
File: f1_2.eps Graphic file (type eps)
<f1_2.eps>
File: f1_3.eps Graphic file (type eps)
<f1_3.eps>

LaTeX Warning: Reference `f2' on page 22 undefined on input line 1092.


LaTeX Warning: Reference `f2' on page 22 undefined on input line 1092.


LaTeX Warning: Reference `f2' on page 22 undefined on input line 1092.

File: f2_1.eps Graphic file (type eps)
<f2_1.eps>
File: f2_2.eps Graphic file (type eps)
<f2_2.eps>
File: f2_3.eps Graphic file (type eps)
<f2_3.eps>

LaTeX Warning: Reference `f3' on page 22 undefined on input line 1105.

[22] [23]
File: f3.eps Graphic file (type eps)
<f3.eps>

Overfull \hbox (72.77185pt too wide) in paragraph at lines 1110--1111
 [][] 
 []

File: beamshape.eps Graphic file (type eps)
<beamshape.eps>

LaTeX Warning: Reference `beamshape' on page 24 undefined on input line 1123.


LaTeX Warning: Citation `DBLP:journals/twc/XiaoHXX16' on page 24 undefined on i
nput line 1133.

[24] [25]
File: misrate_SNR.eps Graphic file (type eps)
<misrate_SNR.eps>


LaTeX Warning: Reference `f4' on page 26 undefined on input line 1143.

[26]
File: misrate_ant_20.eps Graphic file (type eps)
<misrate_ant_20.eps>
File: misrate_ant_10.eps Graphic file (type eps)
<misrate_ant_10.eps>


LaTeX Warning: Reference `f5' on page 27 undefined on input line 1157.


LaTeX Warning: Reference `f6' on page 27 undefined on input line 1157.

[27] [28] [29]

LaTeX Warning: Reference `P1=P2' on page 30 undefined on input line 1312.


LaTeX Warning: Reference `b1b2equation' on page 30 undefined on input line 1312
.


LaTeX Warning: Reference `betah' on page 30 undefined on input line 1312.


LaTeX Warning: Reference `betav' on page 30 undefined on input line 1312.


LaTeX Warning: Reference `u array factor' on page 30 undefined on input line 13
24.


LaTeX Warning: Reference `Pwithcontinuesf' on page 30 undefined on input line 1
331.

[30]

LaTeX Warning: Reference `appendixA3' on page 31 undefined on input line 1335.


LaTeX Warning: Reference `muQd' on page 31 undefined on input line 1344.


LaTeX Warning: Reference `muQd' on page 31 undefined on input line 1344.


LaTeX Warning: Reference `integral of mu' on page 31 undefined on input line 13
48.


LaTeX Warning: Reference `appendixA3' on page 31 undefined on input line 1348.


LaTeX Warning: Reference `appendixA6' on page 31 undefined on input line 1352.


LaTeX Warning: Reference `g_represent' on page 31 undefined on input line 1352.


No file 2308.01515_xelatex.bbl.
[31]
(/Users/jovyntan/Desktop/work/fyp/exploration/diff_test_tex_engines/bin/compile
d_tex_pdf/2308.01515/2308.01515_xelatex.aux)

LaTeX Font Warning: Some font shapes were not available, defaults substituted.


LaTeX Warning: There were undefined references.


LaTeX Warning: Label(s) may have changed. Rerun to get cross-references right.

 ) 
Here is how much of TeX's memory you used:
 5936 strings out of 476919
 91791 string characters out of 5821840
 404437 words of memory out of 5000000
 25811 multiletter control sequences out of 15000+600000
 484558 words of font info for 121 fonts, out of 8000000 for 9000
 1351 hyphenation exceptions out of 8191
 68i,16n,74p,3656b,466s stack positions out of 5000i,500n,10000p,200000b,80000s

Output written on /Users/jovyntan/Desktop/work/fyp/exploration/diff_test_tex_en
gines/bin/compiled_tex_pdf/2308.01515/2308.01515_xelatex.pdf (31 pages).
