This is pdfTeX, Version 3.141592653-2.6-1.40.22 (TeX Live 2021) (preloaded format=pdflatex 2021.12.5)  20 AUG 2023 02:14
entering extended mode
 restricted \write18 enabled.
 %&-line parsing enabled.
**main.tex
(./main.tex
LaTeX2e <2020-10-01> patch level 4
L3 programming layer <2021-02-18>
(/usr/local/texlive/2021/texmf-dist/tex/latex/IEEEtran/IEEEtran.cls
Document Class: IEEEtran 2015/08/26 V1.8b by Michael Shell
-- See the "IEEEtran_HOWTO" manual for usage information.
-- http://www.michaelshell.org/tex/ieeetran/
\@IEEEtrantmpdimenA=\dimen138
\@IEEEtrantmpdimenB=\dimen139
\@IEEEtrantmpdimenC=\dimen140
\@IEEEtrantmpcountA=\count179
\@IEEEtrantmpcountB=\count180
\@IEEEtrantmpcountC=\count181
\@IEEEtrantmptoksA=\toks15
LaTeX Font Info:    Trying to load font information for OT1+ptm on input line 5
03.
(/usr/local/texlive/2021/texmf-dist/tex/latex/psnfss/ot1ptm.fd
File: ot1ptm.fd 2001/06/04 font definitions for OT1/ptm.
)
-- Using 8.5in x 11in (letter) paper.
-- Using PDF output.
\@IEEEnormalsizeunitybaselineskip=\dimen141
-- This is a 12 point document.
\CLASSINFOnormalsizebaselineskip=\dimen142
\CLASSINFOnormalsizeunitybaselineskip=\dimen143
\IEEEnormaljot=\dimen144
LaTeX Font Info:    Font shape `OT1/ptm/bx/n' in size <6> not available
(Font)              Font shape `OT1/ptm/b/n' tried instead on input line 1090.
LaTeX Font Info:    Font shape `OT1/ptm/bx/it' in size <6> not available
(Font)              Font shape `OT1/ptm/b/it' tried instead on input line 1090.

LaTeX Font Info:    Font shape `OT1/ptm/bx/n' in size <8> not available
(Font)              Font shape `OT1/ptm/b/n' tried instead on input line 1090.
LaTeX Font Info:    Font shape `OT1/ptm/bx/it' in size <8> not available
(Font)              Font shape `OT1/ptm/b/it' tried instead on input line 1090.

LaTeX Font Info:    Font shape `OT1/ptm/bx/n' in size <9> not available
(Font)              Font shape `OT1/ptm/b/n' tried instead on input line 1090.
LaTeX Font Info:    Font shape `OT1/ptm/bx/it' in size <9> not available
(Font)              Font shape `OT1/ptm/b/it' tried instead on input line 1090.

LaTeX Font Info:    Font shape `OT1/ptm/bx/n' in size <10> not available
(Font)              Font shape `OT1/ptm/b/n' tried instead on input line 1090.
LaTeX Font Info:    Font shape `OT1/ptm/bx/it' in size <10> not available
(Font)              Font shape `OT1/ptm/b/it' tried instead on input line 1090.

LaTeX Font Info:    Font shape `OT1/ptm/bx/n' in size <12> not available
(Font)              Font shape `OT1/ptm/b/n' tried instead on input line 1090.
LaTeX Font Info:    Font shape `OT1/ptm/bx/it' in size <12> not available
(Font)              Font shape `OT1/ptm/b/it' tried instead on input line 1090.

LaTeX Font Info:    Font shape `OT1/ptm/bx/n' in size <14> not available
(Font)              Font shape `OT1/ptm/b/n' tried instead on input line 1090.
LaTeX Font Info:    Font shape `OT1/ptm/bx/it' in size <14> not available
(Font)              Font shape `OT1/ptm/b/it' tried instead on input line 1090.

LaTeX Font Info:    Font shape `OT1/ptm/bx/n' in size <20> not available
(Font)              Font shape `OT1/ptm/b/n' tried instead on input line 1090.
LaTeX Font Info:    Font shape `OT1/ptm/bx/it' in size <20> not available
(Font)              Font shape `OT1/ptm/b/it' tried instead on input line 1090.

LaTeX Font Info:    Font shape `OT1/ptm/bx/n' in size <22> not available
(Font)              Font shape `OT1/ptm/b/n' tried instead on input line 1090.
LaTeX Font Info:    Font shape `OT1/ptm/bx/it' in size <22> not available
(Font)              Font shape `OT1/ptm/b/it' tried instead on input line 1090.

LaTeX Font Info:    Font shape `OT1/ptm/bx/n' in size <24> not available
(Font)              Font shape `OT1/ptm/b/n' tried instead on input line 1090.
LaTeX Font Info:    Font shape `OT1/ptm/bx/it' in size <24> not available
(Font)              Font shape `OT1/ptm/b/it' tried instead on input line 1090.

\IEEEquantizedlength=\dimen145
\IEEEquantizedlengthdiff=\dimen146
\IEEEquantizedtextheightdiff=\dimen147
\IEEEilabelindentA=\dimen148
\IEEEilabelindentB=\dimen149
\IEEEilabelindent=\dimen150
\IEEEelabelindent=\dimen151
\IEEEdlabelindent=\dimen152
\IEEElabelindent=\dimen153
\IEEEiednormlabelsep=\dimen154
\IEEEiedmathlabelsep=\dimen155
\IEEEiedtopsep=\skip47
\c@section=\count182
\c@subsection=\count183
\c@subsubsection=\count184
\c@paragraph=\count185
\c@IEEEsubequation=\count186
\abovecaptionskip=\skip48
\belowcaptionskip=\skip49
\c@figure=\count187
\c@table=\count188
\@IEEEeqnnumcols=\count189
\@IEEEeqncolcnt=\count190
\@IEEEsubeqnnumrollback=\count191
\@IEEEquantizeheightA=\dimen156
\@IEEEquantizeheightB=\dimen157
\@IEEEquantizeheightC=\dimen158
\@IEEEquantizeprevdepth=\dimen159
\@IEEEquantizemultiple=\count192
\@IEEEquantizeboxA=\box47
\@IEEEtmpitemindent=\dimen160
\IEEEPARstartletwidth=\dimen161
\c@IEEEbiography=\count193
\@IEEEtranrubishbin=\box48
) (/usr/local/texlive/2021/texmf-dist/tex/latex/base/fontenc.sty
Package: fontenc 2020/08/10 v2.0s Standard LaTeX package
LaTeX Font Info:    Trying to load font information for T1+ptm on input line 11
2.

(/usr/local/texlive/2021/texmf-dist/tex/latex/psnfss/t1ptm.fd
File: t1ptm.fd 2001/06/04 font definitions for T1/ptm.
))
(/usr/local/texlive/2021/texmf-dist/tex/latex/cite/cite.sty
LaTeX Info: Redefining \cite on input line 302.
LaTeX Info: Redefining \nocite on input line 332.
Package: cite 2015/02/27  v 5.5
)
(/usr/local/texlive/2021/texmf-dist/tex/latex/amscls/amsthm.sty
Package: amsthm 2020/05/29 v2.20.6
\thm@style=\toks16
\thm@bodyfont=\toks17
\thm@headfont=\toks18
\thm@notefont=\toks19
\thm@headpunct=\toks20
\thm@preskip=\skip50
\thm@postskip=\skip51
\thm@headsep=\skip52
\dth@everypar=\toks21
)
(/usr/local/texlive/2021/texmf-dist/tex/latex/amsmath/amsmath.sty
Package: amsmath 2020/09/23 v2.17i AMS math features
\@mathmargin=\skip53

For additional information on amsmath, use the `?' option.
(/usr/local/texlive/2021/texmf-dist/tex/latex/amsmath/amstext.sty
Package: amstext 2000/06/29 v2.01 AMS text

(/usr/local/texlive/2021/texmf-dist/tex/latex/amsmath/amsgen.sty
File: amsgen.sty 1999/11/30 v2.0 generic functions
\@emptytoks=\toks22
\ex@=\dimen162
))
(/usr/local/texlive/2021/texmf-dist/tex/latex/amsmath/amsbsy.sty
Package: amsbsy 1999/11/29 v1.2d Bold Symbols
\pmbraise@=\dimen163
)
(/usr/local/texlive/2021/texmf-dist/tex/latex/amsmath/amsopn.sty
Package: amsopn 2016/03/08 v2.02 operator names
)
\inf@bad=\count194
LaTeX Info: Redefining \frac on input line 234.
\uproot@=\count195
\leftroot@=\count196
LaTeX Info: Redefining \overline on input line 399.
\classnum@=\count197
\DOTSCASE@=\count198
LaTeX Info: Redefining \ldots on input line 496.
LaTeX Info: Redefining \dots on input line 499.
LaTeX Info: Redefining \cdots on input line 620.
\Mathstrutbox@=\box49
\strutbox@=\box50
\big@size=\dimen164
LaTeX Font Info:    Redeclaring font encoding OML on input line 743.
LaTeX Font Info:    Redeclaring font encoding OMS on input line 744.
\macc@depth=\count199
\c@MaxMatrixCols=\count266
\dotsspace@=\muskip16
\c@parentequation=\count267
\dspbrk@lvl=\count268
\tag@help=\toks23
\row@=\count269
\column@=\count270
\maxfields@=\count271
\andhelp@=\toks24
\eqnshift@=\dimen165
\alignsep@=\dimen166
\tagshift@=\dimen167
\tagwidth@=\dimen168
\totwidth@=\dimen169
\lineht@=\dimen170
\@envbody=\toks25
\multlinegap=\skip54
\multlinetaggap=\skip55
\mathdisplay@stack=\toks26
LaTeX Info: Redefining \[ on input line 2923.
LaTeX Info: Redefining \] on input line 2924.
)
(/usr/local/texlive/2021/texmf-dist/tex/latex/amsfonts/amssymb.sty
Package: amssymb 2013/01/14 v3.01 AMS font symbols

(/usr/local/texlive/2021/texmf-dist/tex/latex/amsfonts/amsfonts.sty
Package: amsfonts 2013/01/14 v3.01 Basic AMSFonts support
\symAMSa=\mathgroup4
\symAMSb=\mathgroup5
LaTeX Font Info:    Redeclaring math symbol \hbar on input line 98.
LaTeX Font Info:    Overwriting math alphabet `\mathfrak' in version `bold'
(Font)                  U/euf/m/n --> U/euf/b/n on input line 106.
))
(/usr/local/texlive/2021/texmf-dist/tex/latex/tools/bm.sty
Package: bm 2019/07/24 v1.2d Bold Symbol Support (DPC/FMi)
\symboldoperators=\mathgroup6
\symboldletters=\mathgroup7
\symboldsymbols=\mathgroup8
LaTeX Font Info:    Redeclaring math alphabet \mathbf on input line 141.
LaTeX Info: Redefining \bm on input line 209.
)
(/usr/local/texlive/2021/texmf-dist/tex/latex/jknapltx/mathrsfs.sty
Package: mathrsfs 1996/01/01 Math RSFS package v1.0 (jk)
\symrsfs=\mathgroup9
)
(/usr/local/texlive/2021/texmf-dist/tex/latex/graphics/graphicx.sty
Package: graphicx 2020/09/09 v1.2b Enhanced LaTeX Graphics (DPC,SPQR)

(/usr/local/texlive/2021/texmf-dist/tex/latex/graphics/keyval.sty
Package: keyval 2014/10/28 v1.15 key=value parser (DPC)
\KV@toks@=\toks27
)
(/usr/local/texlive/2021/texmf-dist/tex/latex/graphics/graphics.sty
Package: graphics 2020/08/30 v1.4c Standard LaTeX Graphics (DPC,SPQR)

(/usr/local/texlive/2021/texmf-dist/tex/latex/graphics/trig.sty
Package: trig 2016/01/03 v1.10 sin cos tan (DPC)
)
(/usr/local/texlive/2021/texmf-dist/tex/latex/graphics-cfg/graphics.cfg
File: graphics.cfg 2016/06/04 v1.11 sample graphics configuration
)
Package graphics Info: Driver file: pdftex.def on input line 105.

(/usr/local/texlive/2021/texmf-dist/tex/latex/graphics-def/pdftex.def
File: pdftex.def 2020/10/05 v1.2a Graphics/color driver for pdftex
))
\Gin@req@height=\dimen171
\Gin@req@width=\dimen172
)
(/usr/local/texlive/2021/texmf-dist/tex/latex/enumitem/enumitem.sty
Package: enumitem 2019/06/20 v3.9 Customized lists
\labelindent=\skip56
\enit@outerparindent=\dimen173
\enit@toks=\toks28
\enit@inbox=\box51
\enit@count@id=\count272
\enitdp@description=\count273
)
(/usr/local/texlive/2021/texmf-dist/tex/latex/algorithms/algorithm.sty
Package: algorithm 2009/08/24 v0.1 Document Style `algorithm' - floating enviro
nment

(/usr/local/texlive/2021/texmf-dist/tex/latex/float/float.sty
Package: float 2001/11/08 v1.3d Float enhancements (AL)
\c@float@type=\count274
\float@exts=\toks29
\float@box=\box52
\@float@everytoks=\toks30
\@floatcapt=\box53
)
(/usr/local/texlive/2021/texmf-dist/tex/latex/base/ifthen.sty
Package: ifthen 2014/09/29 v1.1c Standard LaTeX ifthen package (DPC)
)
\@float@every@algorithm=\toks31
\c@algorithm=\count275
)
(/usr/local/texlive/2021/texmf-dist/tex/latex/algorithms/algorithmic.sty
Package: algorithmic 2009/08/24 v0.1 Document Style `algorithmic'
\c@ALC@unique=\count276
\c@ALC@line=\count277
\c@ALC@rem=\count278
\c@ALC@depth=\count279
\ALC@tlm=\skip57
\algorithmicindent=\skip58
)
(/usr/local/texlive/2021/texmf-dist/tex/latex/tools/array.sty
Package: array 2020/10/01 v2.5c Tabular extension package (FMi)
\col@sep=\dimen174
\ar@mcellbox=\box54
\extrarowheight=\dimen175
\NC@list=\toks32
\extratabsurround=\skip59
\backup@length=\skip60
\ar@cellbox=\box55
)
(/usr/local/texlive/2021/texmf-dist/tex/latex/subfigure/subfigure.sty
Package: subfigure 2002/03/15 v2.1.5 subfigure package
\subfigtopskip=\skip61
\subfigcapskip=\skip62
\subfigcaptopadj=\dimen176
\subfigbottomskip=\skip63
\subfigcapmargin=\dimen177
\subfiglabelskip=\skip64
\c@subfigure=\count280
\c@lofdepth=\count281
\c@subtable=\count282
\c@lotdepth=\count283

****************************************
* Local config file subfigure.cfg used *
****************************************
(/usr/local/texlive/2021/texmf-dist/tex/latex/subfigure/subfigure.cfg)
\subfig@top=\skip65
\subfig@bottom=\skip66
)
(/usr/local/texlive/2021/texmf-dist/tex/latex/psfrag/psfrag.sty
Package: psfrag 1998/04/11 v3.04 PSfrag (MCG)
\pfg@pcount=\count284
\pfg@scount=\count285
\pfg@temp=\write3
)
(/usr/local/texlive/2021/texmf-dist/tex/latex/booktabs/booktabs.sty
Package: booktabs 2020/01/12 v1.61803398 Publication quality tables
\heavyrulewidth=\dimen178
\lightrulewidth=\dimen179
\cmidrulewidth=\dimen180
\belowrulesep=\dimen181
\belowbottomsep=\dimen182
\aboverulesep=\dimen183
\abovetopsep=\dimen184
\cmidrulesep=\dimen185
\cmidrulekern=\dimen186
\defaultaddspace=\dimen187
\@cmidla=\count286
\@cmidlb=\count287
\@aboverulesep=\dimen188
\@belowrulesep=\dimen189
\@thisruleclass=\count288
\@lastruleclass=\count289
\@thisrulewidth=\dimen190
)
(/usr/local/texlive/2021/texmf-dist/tex/latex/tools/tabularx.sty
Package: tabularx 2020/01/15 v2.11c `tabularx' package (DPC)
\TX@col@width=\dimen191
\TX@old@table=\dimen192
\TX@old@col=\dimen193
\TX@target=\dimen194
\TX@delta=\dimen195
\TX@cols=\count290
\TX@ftn=\toks33
)
(/usr/local/texlive/2021/texmf-dist/tex/latex/xcolor/xcolor.sty
Package: xcolor 2016/05/11 v2.12 LaTeX color extensions (UK)

(/usr/local/texlive/2021/texmf-dist/tex/latex/graphics-cfg/color.cfg
File: color.cfg 2016/01/02 v1.6 sample color configuration
)
Package xcolor Info: Driver file: pdftex.def on input line 225.
Package xcolor Info: Model `cmy' substituted by `cmy0' on input line 1348.
Package xcolor Info: Model `hsb' substituted by `rgb' on input line 1352.
Package xcolor Info: Model `RGB' extended on input line 1364.
Package xcolor Info: Model `HTML' substituted by `rgb' on input line 1366.
Package xcolor Info: Model `Hsb' substituted by `hsb' on input line 1367.
Package xcolor Info: Model `tHsb' substituted by `hsb' on input line 1368.
Package xcolor Info: Model `HSB' substituted by `hsb' on input line 1369.
Package xcolor Info: Model `Gray' substituted by `gray' on input line 1370.
Package xcolor Info: Model `wave' substituted by `hsb' on input line 1371.
)
(/usr/local/texlive/2021/texmf-dist/tex/latex/subfig/subfig.sty
Package: subfig 2005/06/28 ver: 1.3 subfig package

(/usr/local/texlive/2021/texmf-dist/tex/latex/caption/caption3.sty
Package: caption3 2020/10/21 v2.2e caption3 kernel (AR)
\captionmargin=\dimen196
\captionmargin@=\dimen197
\captionwidth=\dimen198
\caption@tempdima=\dimen199
\caption@indent=\dimen256
\caption@parindent=\dimen257
\caption@hangindent=\dimen258
Package caption Info: Unknown document class (or package),
(caption)             standard defaults will be used.
Package caption Info: \@makecaption = \long macro:#1#2->\ifx \@captype \@IEEEta
blestring \footnotesize \bgroup \par \centering \@IEEEtabletopskipstrut {\norma
lfont \footnotesize #1}\\{\normalfont \footnotesize \scshape #2}\par \addvspace
 {0.5\baselineskip }\egroup \@IEEEtablecaptionsepspace \else \@IEEEfigurecaptio
nsepspace \setbox \@tempboxa \hbox {\normalfont \footnotesize {#1.}\nobreakspac
e \nobreakspace #2}\ifdim \wd \@tempboxa >\hsize \setbox \@tempboxa \hbox {\nor
malfont \footnotesize {#1.}\nobreakspace \nobreakspace }\parbox [t]{\hsize }{\n
ormalfont \footnotesize \noindent \unhbox \@tempboxa #2}\else \ifCLASSOPTIONcon
ference \hbox to\hsize {\normalfont \footnotesize \hfil \box \@tempboxa \hfil }
\else \hbox to\hsize {\normalfont \footnotesize \box \@tempboxa \hfil }\fi \fi 
\fi  on input line 1139.
)
\c@KVtest=\count291
\sf@farskip=\skip67
\sf@captopadj=\dimen259
\sf@capskip=\skip68
\sf@nearskip=\skip69
\sf@top=\skip70
\sf@bottom=\skip71
)
(/usr/local/texlive/2021/texmf-dist/tex/latex/l3backend/l3backend-pdftex.def
File: l3backend-pdftex.def 2021-03-18 L3 backend support: PDF output (pdfTeX)
\l__color_backend_stack_int=\count292
\l__pdf_internal_box=\box56
)
No file 2308.01515_pdflatex.aux.
\openout1 = `2308.01515_pdflatex.aux'.

LaTeX Font Info:    Checking defaults for OML/cmm/m/it on input line 395.
LaTeX Font Info:    ... okay on input line 395.
LaTeX Font Info:    Checking defaults for OMS/cmsy/m/n on input line 395.
LaTeX Font Info:    ... okay on input line 395.
LaTeX Font Info:    Checking defaults for OT1/cmr/m/n on input line 395.
LaTeX Font Info:    ... okay on input line 395.
LaTeX Font Info:    Checking defaults for T1/cmr/m/n on input line 395.
LaTeX Font Info:    ... okay on input line 395.
LaTeX Font Info:    Checking defaults for TS1/cmr/m/n on input line 395.
LaTeX Font Info:    ... okay on input line 395.
LaTeX Font Info:    Checking defaults for OMX/cmex/m/n on input line 395.
LaTeX Font Info:    ... okay on input line 395.
LaTeX Font Info:    Checking defaults for U/cmr/m/n on input line 395.
LaTeX Font Info:    ... okay on input line 395.
-- Lines per column: 32 (exact).
(/usr/local/texlive/2021/texmf-dist/tex/context/base/mkii/supp-pdf.mkii
[Loading MPS to PDF converter (version 2006.09.02).]
\scratchcounter=\count293
\scratchdimen=\dimen260
\scratchbox=\box57
\nofMPsegments=\count294
\nofMParguments=\count295
\everyMPshowfont=\toks34
\MPscratchCnt=\count296
\MPscratchDim=\dimen261
\MPnumerator=\count297
\makeMPintoPDFobject=\count298
\everyMPtoPDFconversion=\toks35
) (/usr/local/texlive/2021/texmf-dist/tex/latex/epstopdf-pkg/epstopdf-base.sty
Package: epstopdf-base 2020-01-24 v2.11 Base part for package epstopdf
Package epstopdf-base Info: Redefining graphics rule for `.eps' on input line 4
85.

(/usr/local/texlive/2021/texmf-dist/tex/latex/latexconfig/epstopdf-sys.cfg
File: epstopdf-sys.cfg 2010/07/13 v1.3 Configuration of (r)epstopdf for TeX Liv
e
))
Package caption Info: Begin \AtBeginDocument code.
Package caption Info: subfig package v1.3 is loaded.
Package caption Info: End \AtBeginDocument code.

Overfull \hbox (2.77805pt too wide) in paragraph at lines 487--487
[]\T1/ptm/m/n/10 In in-tel-li-gent re-flect-ing sur-face (IRS) as-sisted com-mu
-ni-ca-tion, beam search is usu-ally time-consuming
 []

[1
Non-PDF special ignored!
<special> header=psfrag.pro
{/usr/local/texlive/2021/texmf-var/fonts/map/pdftex/updmap/pdftex.map}]

LaTeX Warning: Citation `DBLP:journals/tcom/WuZZYZ21' on page 2 undefined on in
put line 529.


LaTeX Warning: Citation `DBLP:journals/tcom/WuZZYZ21' on page 2 undefined on in
put line 529.


LaTeX Warning: Citation `DBLP:journals/icl/JamaliNSP21' on page 2 undefined on 
input line 529.


LaTeX Warning: Citation `DBLP:journals/icl/JamaliNSP21' on page 2 undefined on 
input line 529.


LaTeX Warning: Citation `DBLP:conf/sigcomm/HassaniehARAKI18' on page 2 undefine
d on input line 529.


LaTeX Warning: Citation `DBLP:journals/cm/GiordaniMZ16' on page 2 undefined on 
input line 533.


LaTeX Warning: Citation `DBLP:journals/corr/abs-1711-05456' on page 2 undefined
 on input line 533.


LaTeX Warning: Citation `DBLP:conf/iccchina/LuLDFHG21' on page 2 undefined on i
nput line 533.


LaTeX Warning: Citation `DBLP:conf/wowmom/DevotiFC18' on page 2 undefined on in
put line 533.


LaTeX Warning: Citation `DBLP:conf/wcnc/ChenCW18' on page 2 undefined on input 
line 533.


LaTeX Warning: Citation `DBLP:journals/access/AlkhateebAVLQT18' on page 2 undef
ined on input line 533.


LaTeX Warning: Citation `DBLP:journals/jsac/YouZZ20' on page 2 undefined on inp
ut line 533.


LaTeX Warning: Citation `DBLP:journals/twc/Papazafeiropoulos22' on page 2 undef
ined on input line 533.


LaTeX Warning: Citation `DBLP:journals/wcl/ZhengZ20' on page 2 undefined on inp
ut line 533.


LaTeX Warning: Citation `DBLP:journals/wcl/ZhiPRW21a' on page 2 undefined on in
put line 533.


LaTeX Warning: Citation `DBLP:journals/icl/Zhang0Z020' on page 2 undefined on i
nput line 533.


LaTeX Warning: Citation `DBLP:journals/twc/ZhengYZ20' on page 2 undefined on in
put line 533.


LaTeX Warning: Citation `DBLP:journals/tcom/WangLJYW21' on page 2 undefined on 
input line 533.


LaTeX Warning: Citation `DBLP:journals/icl/OmidSPDN22' on page 2 undefined on i
nput line 533.


LaTeX Warning: Citation `DBLP:journals/jsac/YanYHK20' on page 2 undefined on in
put line 533.


LaTeX Warning: Citation `DBLP:journals/twc/PerovicTRF21' on page 2 undefined on
 input line 533.


LaTeX Warning: Citation `DBLP:conf/wcnc/WeiLW17' on page 2 undefined on input l
ine 533.


LaTeX Warning: Citation `DBLP:journals/twc/XiaoHXX16' on page 2 undefined on in
put line 533.


LaTeX Warning: Citation `DBLP:journals/wcl/MeiZ21' on page 2 undefined on input
 line 533.


LaTeX Warning: Citation `DBLP:conf/pimrc/GuoMS17' on page 2 undefined on input 
line 534.


LaTeX Warning: Citation `DBLP:journals/tvt/GaoDYW16' on page 2 undefined on inp
ut line 534.


LaTeX Warning: Citation `DBLP:conf/ncc/JainRKS22' on page 2 undefined on input 
line 534.


LaTeX Warning: Citation `DBLP:conf/wiopt/GuoMS17' on page 2 undefined on input 
line 534.


LaTeX Warning: Citation `DBLP:journals/wicomm/GuoMS18' on page 2 undefined on i
nput line 534.

[2]

LaTeX Warning: Citation `DBLP:journals/twc/XiaoHXX16' on page 3 undefined on in
put line 538.


LaTeX Warning: Citation `DBLP:conf/icc/Zhang022a' on page 3 undefined on input 
line 538.


LaTeX Warning: Citation `DBLP:journals/icl/JamaliNSP21' on page 3 undefined on 
input line 538.


LaTeX Warning: Citation `DBLP:journals/tit/Chu72' on page 3 undefined on input 
line 538.


LaTeX Warning: Citation `DBLP:journals/icl/PengT18' on page 3 undefined on inpu
t line 538.

[3]
LaTeX Font Info:    Trying to load font information for U+msa on input line 556
.
 (/usr/local/texlive/2021/texmf-dist/tex/latex/amsfonts/umsa.fd
File: umsa.fd 2013/01/14 v3.01 AMS symbols A
)
LaTeX Font Info:    Trying to load font information for U+msb on input line 556
.

(/usr/local/texlive/2021/texmf-dist/tex/latex/amsfonts/umsb.fd
File: umsb.fd 2013/01/14 v3.01 AMS symbols B
)
LaTeX Font Info:    Trying to load font information for U+rsfs on input line 55
6.

(/usr/local/texlive/2021/texmf-dist/tex/latex/jknapltx/ursfs.fd
File: ursfs.fd 1998/03/24 rsfs font definition file (jk)
) [4] [5]
Package epstopdf Info: Source file: <IRS_scenario.eps>
(epstopdf)                    date: 2023-07-30 20:49:48
(epstopdf)                    size: 511716 bytes
(epstopdf)             Output file: <IRS_scenario-eps-converted-to.pdf>
(epstopdf)             Command: <repstopdf --outfile=IRS_scenario-eps-converted
-to.pdf IRS_scenario.eps>
(epstopdf)             \includegraphics on input line 607.
runsystem(repstopdf --outfile=IRS_scenario-eps-converted-to.pdf IRS_scenario.ep
s)...executed safely (allowed).

Package epstopdf Info: Result file: <IRS_scenario-eps-converted-to.pdf>
(epstopdf)                    date: 2023-08-20 02:14:43
(epstopdf)                    size: 92779 bytes.
<IRS_scenario-eps-converted-to.pdf, id=24, 286.06876pt x 260.975pt>
File: IRS_scenario-eps-converted-to.pdf Graphic file (type pdf)
<use IRS_scenario-eps-converted-to.pdf>
Package pdftex.def Info: IRS_scenario-eps-converted-to.pdf  used on input line 
607.
(pdftex.def)             Requested size: 286.06805pt x 260.97437pt.


LaTeX Warning: Reference `cascaded channel' on page 6 undefined on input line 6
10.


LaTeX Warning: Reference `cascaded channel' on page 6 undefined on input line 6
10.

[6 <./IRS_scenario-eps-converted-to.pdf>]

LaTeX Warning: Reference `appendixB' on page 7 undefined on input line 624.


LaTeX Warning: Reference `received signal' on page 7 undefined on input line 63
1.


Overfull \hbox (10.37646pt too wide) in paragraph at lines 634--636
\T1/ptm/m/n/12 Then the change in vari-ables $\OML/cmm/b/it/12 d\OT1/cmr/bx/n/1
2 ^^H\OML/cmm/b/it/12 a \OT1/cmr/m/n/12 = \OML/cmm/b/it/12 ^^W[]h[]$ \T1/ptm/m/
n/12 is ap-plied, where $\OML/cmm/b/it/12 ^^W \OT1/cmr/m/n/12 = [\OML/cmm/m/it/
12 e[]; e[]; []  ; e[]\OT1/cmr/m/n/12 ][]$\T1/ptm/m/n/12 .
 []

[7]

LaTeX Warning: Citation `DBLP:journals/wcl/CaiYYHLZ21' on page 8 undefined on i
nput line 662.


LaTeX Warning: Citation `DBLP:conf/wcnc/WeiLW17' on page 8 undefined on input l
ine 672.

[8]

LaTeX Warning: Reference `array factor' on page 9 undefined on input line 685.


LaTeX Warning: Reference `array factor final' on page 9 undefined on input line
 694.


LaTeX Warning: Reference `u array factor' on page 9 undefined on input line 698
.

[9]

LaTeX Warning: Reference `appendixA' on page 10 undefined on input line 708.


LaTeX Warning: Reference `narrow beam' on page 10 undefined on input line 724.


LaTeX Warning: Reference `widebeamcondition' on page 10 undefined on input line
 744.


LaTeX Warning: Reference `g_represent' on page 10 undefined on input line 749.

[10]
LaTeX Font Info:    Trying to load font information for OMS+ptm on input line 7
65.
 (/usr/local/texlive/2021/texmf-dist/tex/latex/psnfss/omsptm.fd
File: omsptm.fd 
)
LaTeX Font Info:    Font shape `OMS/ptm/m/n' in size <12> not available
(Font)              Font shape `OMS/cmsy/m/n' tried instead on input line 765.
 [11]

LaTeX Warning: Reference `array factor on whole f' on page 12 undefined on inpu
t line 793.


LaTeX Warning: Reference `widebeamcondition' on page 12 undefined on input line
 793.


LaTeX Warning: Reference `differential equation' on page 12 undefined on input 
line 802.


LaTeX Warning: Reference `solution of de' on page 12 undefined on input line 80
6.


LaTeX Warning: Reference `g&fmu' on page 12 undefined on input line 817.


LaTeX Warning: Reference `fx_ofwidebeam' on page 12 undefined on input line 825
.


Overfull \hbox (9.02325pt too wide) detected at line 830
\OML/cmm/m/it/12 g[]\OT1/cmr/m/n/12 (\OML/cmm/m/it/12 n[]\OT1/cmr/m/n/12 ) = \O
MS/cmsy/m/n/12 ^^@\OT1/cmr/m/n/12 ([]([][])[] + []))[]  = \OMS/cmsy/m/n/12 ^^@\
OT1/cmr/m/n/12 ([]([] \OMS/cmsy/m/n/12 ^^@ []\OT1/cmr/m/n/12 ) + \OML/cmm/m/it/
12 n[][]\OT1/cmr/m/n/12 )\OML/cmm/m/it/12 :
 []

[12]
\c@remark=\count299


LaTeX Warning: Citation `DBLP:journals/tvt/NingCCDF21' on page 13 undefined on 
input line 844.


LaTeX Warning: Reference `anasou' on page 13 undefined on input line 860.

[13]

LaTeX Warning: Reference `codebook_u' on page 14 undefined on input line 868.

Package epstopdf Info: Source file: <codebook_u.eps>
(epstopdf)                    date: 2023-07-30 20:49:48
(epstopdf)                    size: 225676 bytes
(epstopdf)             Output file: <codebook_u-eps-converted-to.pdf>
(epstopdf)             Command: <repstopdf --outfile=codebook_u-eps-converted-t
o.pdf codebook_u.eps>
(epstopdf)             \includegraphics on input line 871.
runsystem(repstopdf --outfile=codebook_u-eps-converted-to.pdf codebook_u.eps)..
.executed safely (allowed).

Package epstopdf Info: Result file: <codebook_u-eps-converted-to.pdf>
(epstopdf)                    date: 2023-08-20 02:14:44
(epstopdf)                    size: 29997 bytes.
<codebook_u-eps-converted-to.pdf, id=92, 470.75874pt x 149.55875pt>
File: codebook_u-eps-converted-to.pdf Graphic file (type pdf)
<use codebook_u-eps-converted-to.pdf>
Package pdftex.def Info: codebook_u-eps-converted-to.pdf  used on input line 87
1.
(pdftex.def)             Requested size: 470.7576pt x 149.55838pt.

Overfull \hbox (1.00258pt too wide) in paragraph at lines 871--872
 [][] 
 []

Package epstopdf Info: Source file: <JS_codebook.eps>
(epstopdf)                    date: 2023-07-30 20:49:48
(epstopdf)                    size: 361391 bytes
(epstopdf)             Output file: <JS_codebook-eps-converted-to.pdf>
(epstopdf)             Command: <repstopdf --outfile=JS_codebook-eps-converted-
to.pdf JS_codebook.eps>
(epstopdf)             \includegraphics on input line 881.
runsystem(repstopdf --outfile=JS_codebook-eps-converted-to.pdf JS_codebook.eps)
...executed safely (allowed).

Package epstopdf Info: Result file: <JS_codebook-eps-converted-to.pdf>
(epstopdf)                    date: 2023-08-20 02:14:44
(epstopdf)                    size: 52656 bytes.
<JS_codebook-eps-converted-to.pdf, id=93, 405.515pt x 238.8925pt>
File: JS_codebook-eps-converted-to.pdf Graphic file (type pdf)
<use JS_codebook-eps-converted-to.pdf>
Package pdftex.def Info: JS_codebook-eps-converted-to.pdf  used on input line 8
81.
(pdftex.def)             Requested size: 405.51399pt x 238.8919pt.

LaTeX Warning: Reference `array factor final' on page 14 undefined on input lin
e 884.


LaTeX Warning: Reference `guv' on page 14 undefined on input line 884.


LaTeX Warning: Reference `received signal' on page 14 undefined on input line 8
88.


LaTeX Warning: Reference `dphia' on page 14 undefined on input line 888.


LaTeX Warning: Reference `alg1' on page 14 undefined on input line 892.

[14 <./codebook_u-eps-converted-to.pdf>]

LaTeX Warning: Reference `JSPhi' on page 15 undefined on input line 908.


LaTeX Warning: Reference `JSbest' on page 15 undefined on input line 909.


LaTeX Warning: Reference `anasou' on page 15 undefined on input line 921.

[15 <./JS_codebook-eps-converted-to.pdf>]
Package epstopdf Info: Source file: <DWS_codebook.eps>
(epstopdf)                    date: 2023-07-30 20:49:48
(epstopdf)                    size: 425575 bytes
(epstopdf)             Output file: <DWS_codebook-eps-converted-to.pdf>
(epstopdf)             Command: <repstopdf --outfile=DWS_codebook-eps-converted
-to.pdf DWS_codebook.eps>
(epstopdf)             \includegraphics on input line 940.
runsystem(repstopdf --outfile=DWS_codebook-eps-converted-to.pdf DWS_codebook.ep
s)...executed safely (allowed).

Package epstopdf Info: Result file: <DWS_codebook-eps-converted-to.pdf>
(epstopdf)                    date: 2023-08-20 02:14:45
(epstopdf)                    size: 79229 bytes.
<DWS_codebook-eps-converted-to.pdf, id=199, 394.47375pt x 360.34625pt>
File: DWS_codebook-eps-converted-to.pdf Graphic file (type pdf)
<use DWS_codebook-eps-converted-to.pdf>
Package pdftex.def Info: DWS_codebook-eps-converted-to.pdf  used on input line 
940.
(pdftex.def)             Requested size: 394.47278pt x 360.34537pt.


LaTeX Warning: Reference `DWSPhi' on page 16 undefined on input line 959.


LaTeX Warning: Reference `DWSp*' on page 16 undefined on input line 960.


LaTeX Warning: Reference `DWSPhi2' on page 16 undefined on input line 965.


LaTeX Warning: Reference `DWSq*' on page 16 undefined on input line 966.

[16]

LaTeX Warning: Reference `alg2' on page 17 undefined on input line 986.

[17 <./DWS_codebook-eps-converted-to.pdf>] [18]

LaTeX Warning: Reference `t1' on page 19 undefined on input line 1002.


LaTeX Warning: Reference `continues phaseshift' on page 19 undefined on input l
ine 1002.


LaTeX Warning: Reference `discrete phaseshift' on page 19 undefined on input li
ne 1002.


LaTeX Warning: Citation `DBLP:journals/wcl/MaZZ22' on page 19 undefined on inpu
t line 1010.


LaTeX Warning: Citation `DBLP:journals/wcl/FanZH19' on page 19 undefined on inp
ut line 1012.


LaTeX Warning: Reference `t2' on page 19 undefined on input line 1022.

[19]

LaTeX Warning: Citation `DBLP:journals/wcl/FanZH19' on page 20 undefined on inp
ut line 1061.


LaTeX Warning: Citation `DBLP:journals/wcl/MaZZ22' on page 20 undefined on inpu
t line 1061.


LaTeX Warning: Citation `DBLP:journals/wcl/YouZZ20' on page 20 undefined on inp
ut line 1061.


LaTeX Warning: Citation `DBLP:journals/icl/SinghK22' on page 20 undefined on in
put line 1061.


LaTeX Warning: Citation `DBLP:journals/twc/XiaoHXX16' on page 20 undefined on i
nput line 1061.


Underfull \hbox (badness 10000) in paragraph at lines 1061--1061
[]|\T1/ptm/m/n/9 Sub-array and
 []


Underfull \hbox (badness 1721) in paragraph at lines 1061--1061
\T1/ptm/m/n/9 beam com-bi-na-tion
 []


Underfull \hbox (badness 3503) in paragraph at lines 1061--1061
\T1/ptm/m/n/9 meth-ods [\T1/ptm/b/n/9 ?\T1/ptm/m/n/9 ], [\T1/ptm/b/n/9 ?\T1/ptm
/m/n/9 ],
 []

[20]

LaTeX Warning: Reference `f1' on page 21 undefined on input line 1077.


LaTeX Warning: Reference `f1' on page 21 undefined on input line 1077.


LaTeX Warning: Reference `f1' on page 21 undefined on input line 1077.


LaTeX Warning: Reference `f1' on page 21 undefined on input line 1077.


LaTeX Warning: Reference `f1' on page 21 undefined on input line 1079.

[21]

LaTeX Warning: Reference `f1' on page 22 undefined on input line 1081.

Package epstopdf Info: Source file: <f1_1.eps>
(epstopdf)                    date: 2023-07-30 20:49:49
(epstopdf)                    size: 725957 bytes
(epstopdf)             Output file: <f1_1-eps-converted-to.pdf>
(epstopdf)             Command: <repstopdf --outfile=f1_1-eps-converted-to.pdf 
f1_1.eps>
(epstopdf)             \includegraphics on input line 1085.
runsystem(repstopdf --outfile=f1_1-eps-converted-to.pdf f1_1.eps)...executed sa
fely (allowed).

Package epstopdf Info: Result file: <f1_1-eps-converted-to.pdf>
(epstopdf)                    date: 2023-08-20 02:14:45
(epstopdf)                    size: 208286 bytes.
<f1_1-eps-converted-to.pdf, id=273, 392.46625pt x 206.7725pt>
File: f1_1-eps-converted-to.pdf Graphic file (type pdf)
<use f1_1-eps-converted-to.pdf>
Package pdftex.def Info: f1_1-eps-converted-to.pdf  used on input line 1085.
(pdftex.def)             Requested size: 281.85587pt x 148.50693pt.
Package epstopdf Info: Source file: <f1_2.eps>
(epstopdf)                    date: 2023-07-30 20:49:49
(epstopdf)                    size: 1556643 bytes
(epstopdf)             Output file: <f1_2-eps-converted-to.pdf>
(epstopdf)             Command: <repstopdf --outfile=f1_2-eps-converted-to.pdf 
f1_2.eps>
(epstopdf)             \includegraphics on input line 1086.
runsystem(repstopdf --outfile=f1_2-eps-converted-to.pdf f1_2.eps)...executed sa
fely (allowed).

Package epstopdf Info: Result file: <f1_2-eps-converted-to.pdf>
(epstopdf)                    date: 2023-08-20 02:14:46
(epstopdf)                    size: 449138 bytes.
<f1_2-eps-converted-to.pdf, id=274, 392.46625pt x 206.7725pt>
File: f1_2-eps-converted-to.pdf Graphic file (type pdf)
<use f1_2-eps-converted-to.pdf>
Package pdftex.def Info: f1_2-eps-converted-to.pdf  used on input line 1086.
(pdftex.def)             Requested size: 281.85587pt x 148.50693pt.
Package epstopdf Info: Source file: <f1_3.eps>
(epstopdf)                    date: 2023-07-30 20:49:49
(epstopdf)                    size: 959535 bytes
(epstopdf)             Output file: <f1_3-eps-converted-to.pdf>
(epstopdf)             Command: <repstopdf --outfile=f1_3-eps-converted-to.pdf 
f1_3.eps>
(epstopdf)             \includegraphics on input line 1087.
runsystem(repstopdf --outfile=f1_3-eps-converted-to.pdf f1_3.eps)...executed sa
fely (allowed).

Package epstopdf Info: Result file: <f1_3-eps-converted-to.pdf>
(epstopdf)                    date: 2023-08-20 02:14:47
(epstopdf)                    size: 256843 bytes.
<f1_3-eps-converted-to.pdf, id=275, 392.46625pt x 206.7725pt>
File: f1_3-eps-converted-to.pdf Graphic file (type pdf)
<use f1_3-eps-converted-to.pdf>
Package pdftex.def Info: f1_3-eps-converted-to.pdf  used on input line 1087.
(pdftex.def)             Requested size: 281.85587pt x 148.50693pt.

LaTeX Warning: Reference `f2' on page 22 undefined on input line 1092.


LaTeX Warning: Reference `f2' on page 22 undefined on input line 1092.


LaTeX Warning: Reference `f2' on page 22 undefined on input line 1092.

Package epstopdf Info: Source file: <f2_1.eps>
(epstopdf)                    date: 2023-07-30 20:49:49
(epstopdf)                    size: 364456 bytes
(epstopdf)             Output file: <f2_1-eps-converted-to.pdf>
(epstopdf)             Command: <repstopdf --outfile=f2_1-eps-converted-to.pdf 
f2_1.eps>
(epstopdf)             \includegraphics on input line 1098.
runsystem(repstopdf --outfile=f2_1-eps-converted-to.pdf f2_1.eps)...executed sa
fely (allowed).

Package epstopdf Info: Result file: <f2_1-eps-converted-to.pdf>
(epstopdf)                    date: 2023-08-20 02:14:47
(epstopdf)                    size: 107429 bytes.
<f2_1-eps-converted-to.pdf, id=276, 327.2225pt x 80.3pt>
File: f2_1-eps-converted-to.pdf Graphic file (type pdf)
<use f2_1-eps-converted-to.pdf>
Package pdftex.def Info: f2_1-eps-converted-to.pdf  used on input line 1098.
(pdftex.def)             Requested size: 328.82707pt x 80.69432pt.
Package epstopdf Info: Source file: <f2_2.eps>
(epstopdf)                    date: 2023-07-30 20:49:49
(epstopdf)                    size: 453637 bytes
(epstopdf)             Output file: <f2_2-eps-converted-to.pdf>
(epstopdf)             Command: <repstopdf --outfile=f2_2-eps-converted-to.pdf 
f2_2.eps>
(epstopdf)             \includegraphics on input line 1099.
runsystem(repstopdf --outfile=f2_2-eps-converted-to.pdf f2_2.eps)...executed sa
fely (allowed).

Package epstopdf Info: Result file: <f2_2-eps-converted-to.pdf>
(epstopdf)                    date: 2023-08-20 02:14:48
(epstopdf)                    size: 137877 bytes.
<f2_2-eps-converted-to.pdf, id=277, 327.2225pt x 80.3pt>
File: f2_2-eps-converted-to.pdf Graphic file (type pdf)
<use f2_2-eps-converted-to.pdf>
Package pdftex.def Info: f2_2-eps-converted-to.pdf  used on input line 1099.
(pdftex.def)             Requested size: 328.82707pt x 80.69432pt.
Package epstopdf Info: Source file: <f2_3.eps>
(epstopdf)                    date: 2023-07-30 20:49:49
(epstopdf)                    size: 336576 bytes
(epstopdf)             Output file: <f2_3-eps-converted-to.pdf>
(epstopdf)             Command: <repstopdf --outfile=f2_3-eps-converted-to.pdf 
f2_3.eps>
(epstopdf)             \includegraphics on input line 1100.
runsystem(repstopdf --outfile=f2_3-eps-converted-to.pdf f2_3.eps)...executed sa
fely (allowed).

Package epstopdf Info: Result file: <f2_3-eps-converted-to.pdf>
(epstopdf)                    date: 2023-08-20 02:14:48
(epstopdf)                    size: 96236 bytes.
<f2_3-eps-converted-to.pdf, id=278, 327.2225pt x 80.3pt>
File: f2_3-eps-converted-to.pdf Graphic file (type pdf)
<use f2_3-eps-converted-to.pdf>
Package pdftex.def Info: f2_3-eps-converted-to.pdf  used on input line 1100.
(pdftex.def)             Requested size: 328.82707pt x 80.69432pt.

LaTeX Warning: Reference `f3' on page 22 undefined on input line 1105.

[22] [23 <./f1_1-eps-converted-to.pdf> <./f1_2-eps-converted-to.pdf> <./f1_3-ep
s-converted-to.pdf>]
Package epstopdf Info: Source file: <f3.eps>
(epstopdf)                    date: 2023-07-30 20:49:49
(epstopdf)                    size: 215935 bytes
(epstopdf)             Output file: <f3-eps-converted-to.pdf>
(epstopdf)             Command: <repstopdf --outfile=f3-eps-converted-to.pdf f3
.eps>
(epstopdf)             \includegraphics on input line 1110.
runsystem(repstopdf --outfile=f3-eps-converted-to.pdf f3.eps)...executed safely
 (allowed).

Package epstopdf Info: Result file: <f3-eps-converted-to.pdf>
(epstopdf)                    date: 2023-08-20 02:14:49
(epstopdf)                    size: 366408 bytes.
<f3-eps-converted-to.pdf, id=297, 1085.05376pt x 594.22pt>
File: f3-eps-converted-to.pdf Graphic file (type pdf)
<use f3-eps-converted-to.pdf>
Package pdftex.def Info: f3-eps-converted-to.pdf  used on input line 1110.
(pdftex.def)             Requested size: 542.52554pt x 297.10927pt.

Overfull \hbox (72.77052pt too wide) in paragraph at lines 1110--1111
 [][] 
 []

Package epstopdf Info: Source file: <beamshape.eps>
(epstopdf)                    date: 2023-07-30 20:49:48
(epstopdf)                    size: 87226 bytes
(epstopdf)             Output file: <beamshape-eps-converted-to.pdf>
(epstopdf)             Command: <repstopdf --outfile=beamshape-eps-converted-to
.pdf beamshape.eps>
(epstopdf)             \includegraphics on input line 1118.
runsystem(repstopdf --outfile=beamshape-eps-converted-to.pdf beamshape.eps)...e
xecuted safely (allowed).

Package epstopdf Info: Result file: <beamshape-eps-converted-to.pdf>
(epstopdf)                    date: 2023-08-20 02:14:49
(epstopdf)                    size: 30083 bytes.
<beamshape-eps-converted-to.pdf, id=298, 421.575pt x 316.18124pt>
File: beamshape-eps-converted-to.pdf Graphic file (type pdf)
<use beamshape-eps-converted-to.pdf>
Package pdftex.def Info: beamshape-eps-converted-to.pdf  used on input line 111
8.
(pdftex.def)             Requested size: 189.70699pt x 142.28024pt.

LaTeX Warning: Reference `beamshape' on page 24 undefined on input line 1123.


LaTeX Warning: Citation `DBLP:journals/twc/XiaoHXX16' on page 24 undefined on i
nput line 1133.

[24 <./f2_1-eps-converted-to.pdf> <./f2_2-eps-converted-to.pdf> <./f2_3-eps-con
verted-to.pdf>] [25 <./f3-eps-converted-to.pdf> <./beamshape-eps-converted-to.p
df>]
Package epstopdf Info: Source file: <misrate_SNR.eps>
(epstopdf)                    date: 2023-07-30 20:49:49
(epstopdf)                    size: 29077 bytes
(epstopdf)             Output file: <misrate_SNR-eps-converted-to.pdf>
(epstopdf)             Command: <repstopdf --outfile=misrate_SNR-eps-converted-
to.pdf misrate_SNR.eps>
(epstopdf)             \includegraphics on input line 1139.
runsystem(repstopdf --outfile=misrate_SNR-eps-converted-to.pdf misrate_SNR.eps)
...executed safely (allowed).

Package epstopdf Info: Result file: <misrate_SNR-eps-converted-to.pdf>
(epstopdf)                    date: 2023-08-20 02:14:50
(epstopdf)                    size: 9964 bytes.
<misrate_SNR-eps-converted-to.pdf, id=327, 421.575pt x 316.18124pt>
File: misrate_SNR-eps-converted-to.pdf Graphic file (type pdf)
<use misrate_SNR-eps-converted-to.pdf>
Package pdftex.def Info: misrate_SNR-eps-converted-to.pdf  used on input line 1
139.
(pdftex.def)             Requested size: 234.8775pt x 176.1581pt.


LaTeX Warning: Reference `f4' on page 26 undefined on input line 1143.

[26]
Package epstopdf Info: Source file: <misrate_ant_20.eps>
(epstopdf)                    date: 2023-07-30 20:49:49
(epstopdf)                    size: 29795 bytes
(epstopdf)             Output file: <misrate_ant_20-eps-converted-to.pdf>
(epstopdf)             Command: <repstopdf --outfile=misrate_ant_20-eps-convert
ed-to.pdf misrate_ant_20.eps>
(epstopdf)             \includegraphics on input line 1147.
runsystem(repstopdf --outfile=misrate_ant_20-eps-converted-to.pdf misrate_ant_2
0.eps)...executed safely (allowed).

Package epstopdf Info: Result file: <misrate_ant_20-eps-converted-to.pdf>
(epstopdf)                    date: 2023-08-20 02:14:50
(epstopdf)                    size: 9470 bytes.
<misrate_ant_20-eps-converted-to.pdf, id=331, 421.575pt x 316.18124pt>
File: misrate_ant_20-eps-converted-to.pdf Graphic file (type pdf)
<use misrate_ant_20-eps-converted-to.pdf>
Package pdftex.def Info: misrate_ant_20-eps-converted-to.pdf  used on input lin
e 1147.
(pdftex.def)             Requested size: 234.8775pt x 176.1581pt.
Package epstopdf Info: Source file: <misrate_ant_10.eps>
(epstopdf)                    date: 2023-07-30 20:49:49
(epstopdf)                    size: 29824 bytes
(epstopdf)             Output file: <misrate_ant_10-eps-converted-to.pdf>
(epstopdf)             Command: <repstopdf --outfile=misrate_ant_10-eps-convert
ed-to.pdf misrate_ant_10.eps>
(epstopdf)             \includegraphics on input line 1153.
runsystem(repstopdf --outfile=misrate_ant_10-eps-converted-to.pdf misrate_ant_1
0.eps)...executed safely (allowed).

Package epstopdf Info: Result file: <misrate_ant_10-eps-converted-to.pdf>
(epstopdf)                    date: 2023-08-20 02:14:51
(epstopdf)                    size: 9778 bytes.
<misrate_ant_10-eps-converted-to.pdf, id=332, 421.575pt x 316.18124pt>
File: misrate_ant_10-eps-converted-to.pdf Graphic file (type pdf)
<use misrate_ant_10-eps-converted-to.pdf>
Package pdftex.def Info: misrate_ant_10-eps-converted-to.pdf  used on input lin
e 1153.
(pdftex.def)             Requested size: 234.8775pt x 176.1581pt.


LaTeX Warning: Reference `f5' on page 27 undefined on input line 1157.


LaTeX Warning: Reference `f6' on page 27 undefined on input line 1157.

[27 <./misrate_SNR-eps-converted-to.pdf> <./misrate_ant_20-eps-converted-to.pdf
>] [28 <./misrate_ant_10-eps-converted-to.pdf>] [29]

LaTeX Warning: Reference `P1=P2' on page 30 undefined on input line 1312.


LaTeX Warning: Reference `b1b2equation' on page 30 undefined on input line 1312
.


LaTeX Warning: Reference `betah' on page 30 undefined on input line 1312.


LaTeX Warning: Reference `betav' on page 30 undefined on input line 1312.


LaTeX Warning: Reference `u array factor' on page 30 undefined on input line 13
24.


LaTeX Warning: Reference `Pwithcontinuesf' on page 30 undefined on input line 1
331.

[30]

LaTeX Warning: Reference `appendixA3' on page 31 undefined on input line 1335.


LaTeX Warning: Reference `muQd' on page 31 undefined on input line 1344.


LaTeX Warning: Reference `muQd' on page 31 undefined on input line 1344.


LaTeX Warning: Reference `integral of mu' on page 31 undefined on input line 13
48.


LaTeX Warning: Reference `appendixA3' on page 31 undefined on input line 1348.


LaTeX Warning: Reference `appendixA6' on page 31 undefined on input line 1352.


LaTeX Warning: Reference `g_represent' on page 31 undefined on input line 1352.


No file 2308.01515_pdflatex.bbl.
[31]
(/Users/jovyntan/Desktop/work/fyp/exploration/diff_test_tex_engines/bin/compile
d_tex_pdf/2308.01515/2308.01515_pdflatex.aux)

LaTeX Warning: There were undefined references.


LaTeX Warning: Label(s) may have changed. Rerun to get cross-references right.

 ) 
Here is how much of TeX's memory you used:
 6336 strings out of 478994
 97526 string characters out of 5858184
 407350 words of memory out of 5000000
 23682 multiletter control sequences out of 15000+600000
 517666 words of font info for 161 fonts, out of 8000000 for 9000
 1144 hyphenation exceptions out of 8191
 68i,16n,74p,3656b,466s stack positions out of 5000i,500n,10000p,200000b,80000s
{/usr/local/texlive/2021/texmf-dist/fonts/enc/dvips/base/8r.enc}</usr/local/t
exlive/2021/texmf-dist/fonts/type1/public/amsfonts/cm/cmbx12.pfb></usr/local/te
xlive/2021/texmf-dist/fonts/type1/public/amsfonts/cm/cmex10.pfb></usr/local/tex
live/2021/texmf-dist/fonts/type1/public/amsfonts/cmextra/cmex8.pfb></usr/local/
texlive/2021/texmf-dist/fonts/type1/public/amsfonts/cm/cmmi12.pfb></usr/local/t
exlive/2021/texmf-dist/fonts/type1/public/amsfonts/cm/cmmi6.pfb></usr/local/tex
live/2021/texmf-dist/fonts/type1/public/amsfonts/cm/cmmi8.pfb></usr/local/texli
ve/2021/texmf-dist/fonts/type1/public/amsfonts/cm/cmmi9.pfb></usr/local/texlive
/2021/texmf-dist/fonts/type1/public/amsfonts/cm/cmmib10.pfb></usr/local/texlive
/2021/texmf-dist/fonts/type1/public/amsfonts/cmextra/cmmib8.pfb></usr/local/tex
live/2021/texmf-dist/fonts/type1/public/amsfonts/cm/cmr12.pfb></usr/local/texli
ve/2021/texmf-dist/fonts/type1/public/amsfonts/cm/cmr6.pfb></usr/local/texlive/
2021/texmf-dist/fonts/type1/public/amsfonts/cm/cmr8.pfb></usr/local/texlive/202
1/texmf-dist/fonts/type1/public/amsfonts/cm/cmr9.pfb></usr/local/texlive/2021/t
exmf-dist/fonts/type1/public/amsfonts/cm/cmsy10.pfb></usr/local/texlive/2021/te
xmf-dist/fonts/type1/public/amsfonts/cm/cmsy6.pfb></usr/local/texlive/2021/texm
f-dist/fonts/type1/public/amsfonts/cm/cmsy8.pfb></usr/local/texlive/2021/texmf-
dist/fonts/type1/public/amsfonts/cm/cmsy9.pfb></usr/local/texlive/2021/texmf-di
st/fonts/type1/public/amsfonts/symbols/msbm10.pfb></usr/local/texlive/2021/texm
f-dist/fonts/type1/urw/times/utmb8a.pfb></usr/local/texlive/2021/texmf-dist/fon
ts/type1/urw/times/utmr8a.pfb></usr/local/texlive/2021/texmf-dist/fonts/type1/u
rw/times/utmri8a.pfb>
Output written on /Users/jovyntan/Desktop/work/fyp/exploration/diff_test_tex_en
gines/bin/compiled_tex_pdf/2308.01515/2308.01515_pdflatex.pdf (31 pages, 215424
9 bytes).
PDF statistics:
 429 PDF objects out of 1000 (max. 8388607)
 273 compressed objects within 3 object streams
 0 named destinations out of 1000 (max. 500000)
 76 words of extra memory for PDF output out of 10000 (max. 10000000)

