This is pdfTeX, Version 3.141592653-2.6-1.40.22 (TeX Live 2021) (preloaded format=pdflatex 2021.12.5)  20 AUG 2023 02:09
entering extended mode
 restricted \write18 enabled.
 %&-line parsing enabled.
**main.tex
(./main.tex
LaTeX2e <2020-10-01> patch level 4
L3 programming layer <2021-02-18> (./IEEEtran.cls
Document Class: IEEEtran 2015/08/26 V1.8b by Michael Shell
-- See the "IEEEtran_HOWTO" manual for usage information.
-- http://www.michaelshell.org/tex/ieeetran/
\@IEEEtrantmpdimenA=\dimen138
\@IEEEtrantmpdimenB=\dimen139
\@IEEEtrantmpdimenC=\dimen140
\@IEEEtrantmpcountA=\count179
\@IEEEtrantmpcountB=\count180
\@IEEEtrantmpcountC=\count181
\@IEEEtrantmptoksA=\toks15
LaTeX Font Info:    Trying to load font information for OT1+ptm on input line 5
03.
(/usr/local/texlive/2021/texmf-dist/tex/latex/psnfss/ot1ptm.fd
File: ot1ptm.fd 2001/06/04 font definitions for OT1/ptm.
)
-- Using 8.5in x 11in (letter) paper.
-- Using PDF output.
\@IEEEnormalsizeunitybaselineskip=\dimen141
-- This is a 10 point document.
\CLASSINFOnormalsizebaselineskip=\dimen142
\CLASSINFOnormalsizeunitybaselineskip=\dimen143
\IEEEnormaljot=\dimen144
LaTeX Font Info:    Font shape `OT1/ptm/bx/n' in size <5> not available
(Font)              Font shape `OT1/ptm/b/n' tried instead on input line 1090.
LaTeX Font Info:    Font shape `OT1/ptm/bx/it' in size <5> not available
(Font)              Font shape `OT1/ptm/b/it' tried instead on input line 1090.

LaTeX Font Info:    Font shape `OT1/ptm/bx/n' in size <7> not available
(Font)              Font shape `OT1/ptm/b/n' tried instead on input line 1090.
LaTeX Font Info:    Font shape `OT1/ptm/bx/it' in size <7> not available
(Font)              Font shape `OT1/ptm/b/it' tried instead on input line 1090.

LaTeX Font Info:    Font shape `OT1/ptm/bx/n' in size <8> not available
(Font)              Font shape `OT1/ptm/b/n' tried instead on input line 1090.
LaTeX Font Info:    Font shape `OT1/ptm/bx/it' in size <8> not available
(Font)              Font shape `OT1/ptm/b/it' tried instead on input line 1090.

LaTeX Font Info:    Font shape `OT1/ptm/bx/n' in size <9> not available
(Font)              Font shape `OT1/ptm/b/n' tried instead on input line 1090.
LaTeX Font Info:    Font shape `OT1/ptm/bx/it' in size <9> not available
(Font)              Font shape `OT1/ptm/b/it' tried instead on input line 1090.

LaTeX Font Info:    Font shape `OT1/ptm/bx/n' in size <10> not available
(Font)              Font shape `OT1/ptm/b/n' tried instead on input line 1090.
LaTeX Font Info:    Font shape `OT1/ptm/bx/it' in size <10> not available
(Font)              Font shape `OT1/ptm/b/it' tried instead on input line 1090.

LaTeX Font Info:    Font shape `OT1/ptm/bx/n' in size <11> not available
(Font)              Font shape `OT1/ptm/b/n' tried instead on input line 1090.
LaTeX Font Info:    Font shape `OT1/ptm/bx/it' in size <11> not available
(Font)              Font shape `OT1/ptm/b/it' tried instead on input line 1090.

LaTeX Font Info:    Font shape `OT1/ptm/bx/n' in size <12> not available
(Font)              Font shape `OT1/ptm/b/n' tried instead on input line 1090.
LaTeX Font Info:    Font shape `OT1/ptm/bx/it' in size <12> not available
(Font)              Font shape `OT1/ptm/b/it' tried instead on input line 1090.

LaTeX Font Info:    Font shape `OT1/ptm/bx/n' in size <17> not available
(Font)              Font shape `OT1/ptm/b/n' tried instead on input line 1090.
LaTeX Font Info:    Font shape `OT1/ptm/bx/it' in size <17> not available
(Font)              Font shape `OT1/ptm/b/it' tried instead on input line 1090.

LaTeX Font Info:    Font shape `OT1/ptm/bx/n' in size <20> not available
(Font)              Font shape `OT1/ptm/b/n' tried instead on input line 1090.
LaTeX Font Info:    Font shape `OT1/ptm/bx/it' in size <20> not available
(Font)              Font shape `OT1/ptm/b/it' tried instead on input line 1090.

LaTeX Font Info:    Font shape `OT1/ptm/bx/n' in size <24> not available
(Font)              Font shape `OT1/ptm/b/n' tried instead on input line 1090.
LaTeX Font Info:    Font shape `OT1/ptm/bx/it' in size <24> not available
(Font)              Font shape `OT1/ptm/b/it' tried instead on input line 1090.

\IEEEquantizedlength=\dimen145
\IEEEquantizedlengthdiff=\dimen146
\IEEEquantizedtextheightdiff=\dimen147
\IEEEilabelindentA=\dimen148
\IEEEilabelindentB=\dimen149
\IEEEilabelindent=\dimen150
\IEEEelabelindent=\dimen151
\IEEEdlabelindent=\dimen152
\IEEElabelindent=\dimen153
\IEEEiednormlabelsep=\dimen154
\IEEEiedmathlabelsep=\dimen155
\IEEEiedtopsep=\skip47
\c@section=\count182
\c@subsection=\count183
\c@subsubsection=\count184
\c@paragraph=\count185
\c@IEEEsubequation=\count186
\abovecaptionskip=\skip48
\belowcaptionskip=\skip49
\c@figure=\count187
\c@table=\count188
\@IEEEeqnnumcols=\count189
\@IEEEeqncolcnt=\count190
\@IEEEsubeqnnumrollback=\count191
\@IEEEquantizeheightA=\dimen156
\@IEEEquantizeheightB=\dimen157
\@IEEEquantizeheightC=\dimen158
\@IEEEquantizeprevdepth=\dimen159
\@IEEEquantizemultiple=\count192
\@IEEEquantizeboxA=\box47
\@IEEEtmpitemindent=\dimen160
\IEEEPARstartletwidth=\dimen161
\c@IEEEbiography=\count193
\@IEEEtranrubishbin=\box48
) (/usr/local/texlive/2021/texmf-dist/tex/latex/pgf/frontendlayer/tikz.sty
(/usr/local/texlive/2021/texmf-dist/tex/latex/pgf/basiclayer/pgf.sty
(/usr/local/texlive/2021/texmf-dist/tex/latex/pgf/utilities/pgfrcs.sty
(/usr/local/texlive/2021/texmf-dist/tex/generic/pgf/utilities/pgfutil-common.te
x
\pgfutil@everybye=\toks16
\pgfutil@tempdima=\dimen162
\pgfutil@tempdimb=\dimen163

(/usr/local/texlive/2021/texmf-dist/tex/generic/pgf/utilities/pgfutil-common-li
sts.tex))
(/usr/local/texlive/2021/texmf-dist/tex/generic/pgf/utilities/pgfutil-latex.def
\pgfutil@abb=\box49
) (/usr/local/texlive/2021/texmf-dist/tex/generic/pgf/utilities/pgfrcs.code.tex
(/usr/local/texlive/2021/texmf-dist/tex/generic/pgf/pgf.revision.tex)
Package: pgfrcs 2020/12/27 v3.1.8b (3.1.8b)
))
Package: pgf 2020/12/27 v3.1.8b (3.1.8b)

(/usr/local/texlive/2021/texmf-dist/tex/latex/pgf/basiclayer/pgfcore.sty
(/usr/local/texlive/2021/texmf-dist/tex/latex/graphics/graphicx.sty
Package: graphicx 2020/09/09 v1.2b Enhanced LaTeX Graphics (DPC,SPQR)

(/usr/local/texlive/2021/texmf-dist/tex/latex/graphics/keyval.sty
Package: keyval 2014/10/28 v1.15 key=value parser (DPC)
\KV@toks@=\toks17
)
(/usr/local/texlive/2021/texmf-dist/tex/latex/graphics/graphics.sty
Package: graphics 2020/08/30 v1.4c Standard LaTeX Graphics (DPC,SPQR)

(/usr/local/texlive/2021/texmf-dist/tex/latex/graphics/trig.sty
Package: trig 2016/01/03 v1.10 sin cos tan (DPC)
)
(/usr/local/texlive/2021/texmf-dist/tex/latex/graphics-cfg/graphics.cfg
File: graphics.cfg 2016/06/04 v1.11 sample graphics configuration
)
Package graphics Info: Driver file: pdftex.def on input line 105.

(/usr/local/texlive/2021/texmf-dist/tex/latex/graphics-def/pdftex.def
File: pdftex.def 2020/10/05 v1.2a Graphics/color driver for pdftex
))
\Gin@req@height=\dimen164
\Gin@req@width=\dimen165
)
(/usr/local/texlive/2021/texmf-dist/tex/latex/pgf/systemlayer/pgfsys.sty
(/usr/local/texlive/2021/texmf-dist/tex/generic/pgf/systemlayer/pgfsys.code.tex
Package: pgfsys 2020/12/27 v3.1.8b (3.1.8b)
(/usr/local/texlive/2021/texmf-dist/tex/generic/pgf/utilities/pgfkeys.code.tex
\pgfkeys@pathtoks=\toks18
\pgfkeys@temptoks=\toks19

(/usr/local/texlive/2021/texmf-dist/tex/generic/pgf/utilities/pgfkeysfiltered.c
ode.tex
\pgfkeys@tmptoks=\toks20
))
\pgf@x=\dimen166
\pgf@y=\dimen167
\pgf@xa=\dimen168
\pgf@ya=\dimen169
\pgf@xb=\dimen170
\pgf@yb=\dimen171
\pgf@xc=\dimen172
\pgf@yc=\dimen173
\pgf@xd=\dimen174
\pgf@yd=\dimen175
\w@pgf@writea=\write3
\r@pgf@reada=\read2
\c@pgf@counta=\count194
\c@pgf@countb=\count195
\c@pgf@countc=\count196
\c@pgf@countd=\count197
\t@pgf@toka=\toks21
\t@pgf@tokb=\toks22
\t@pgf@tokc=\toks23
\pgf@sys@id@count=\count198

(/usr/local/texlive/2021/texmf-dist/tex/generic/pgf/systemlayer/pgf.cfg
File: pgf.cfg 2020/12/27 v3.1.8b (3.1.8b)
)
Driver file for pgf: pgfsys-pdftex.def

(/usr/local/texlive/2021/texmf-dist/tex/generic/pgf/systemlayer/pgfsys-pdftex.d
ef
File: pgfsys-pdftex.def 2020/12/27 v3.1.8b (3.1.8b)

(/usr/local/texlive/2021/texmf-dist/tex/generic/pgf/systemlayer/pgfsys-common-p
df.def
File: pgfsys-common-pdf.def 2020/12/27 v3.1.8b (3.1.8b)
)))
(/usr/local/texlive/2021/texmf-dist/tex/generic/pgf/systemlayer/pgfsyssoftpath.
code.tex
File: pgfsyssoftpath.code.tex 2020/12/27 v3.1.8b (3.1.8b)
\pgfsyssoftpath@smallbuffer@items=\count199
\pgfsyssoftpath@bigbuffer@items=\count266
)
(/usr/local/texlive/2021/texmf-dist/tex/generic/pgf/systemlayer/pgfsysprotocol.
code.tex
File: pgfsysprotocol.code.tex 2020/12/27 v3.1.8b (3.1.8b)
)) (/usr/local/texlive/2021/texmf-dist/tex/latex/xcolor/xcolor.sty
Package: xcolor 2016/05/11 v2.12 LaTeX color extensions (UK)

(/usr/local/texlive/2021/texmf-dist/tex/latex/graphics-cfg/color.cfg
File: color.cfg 2016/01/02 v1.6 sample color configuration
)
Package xcolor Info: Driver file: pdftex.def on input line 225.
Package xcolor Info: Model `cmy' substituted by `cmy0' on input line 1348.
Package xcolor Info: Model `hsb' substituted by `rgb' on input line 1352.
Package xcolor Info: Model `RGB' extended on input line 1364.
Package xcolor Info: Model `HTML' substituted by `rgb' on input line 1366.
Package xcolor Info: Model `Hsb' substituted by `hsb' on input line 1367.
Package xcolor Info: Model `tHsb' substituted by `hsb' on input line 1368.
Package xcolor Info: Model `HSB' substituted by `hsb' on input line 1369.
Package xcolor Info: Model `Gray' substituted by `gray' on input line 1370.
Package xcolor Info: Model `wave' substituted by `hsb' on input line 1371.
)
(/usr/local/texlive/2021/texmf-dist/tex/generic/pgf/basiclayer/pgfcore.code.tex
Package: pgfcore 2020/12/27 v3.1.8b (3.1.8b)
(/usr/local/texlive/2021/texmf-dist/tex/generic/pgf/math/pgfmath.code.tex
(/usr/local/texlive/2021/texmf-dist/tex/generic/pgf/math/pgfmathcalc.code.tex
(/usr/local/texlive/2021/texmf-dist/tex/generic/pgf/math/pgfmathutil.code.tex)
(/usr/local/texlive/2021/texmf-dist/tex/generic/pgf/math/pgfmathparser.code.tex
\pgfmath@dimen=\dimen176
\pgfmath@count=\count267
\pgfmath@box=\box50
\pgfmath@toks=\toks24
\pgfmath@stack@operand=\toks25
\pgfmath@stack@operation=\toks26
)
(/usr/local/texlive/2021/texmf-dist/tex/generic/pgf/math/pgfmathfunctions.code.
tex
(/usr/local/texlive/2021/texmf-dist/tex/generic/pgf/math/pgfmathfunctions.basic
.code.tex)
(/usr/local/texlive/2021/texmf-dist/tex/generic/pgf/math/pgfmathfunctions.trigo
nometric.code.tex)
(/usr/local/texlive/2021/texmf-dist/tex/generic/pgf/math/pgfmathfunctions.rando
m.code.tex)
(/usr/local/texlive/2021/texmf-dist/tex/generic/pgf/math/pgfmathfunctions.compa
rison.code.tex)
(/usr/local/texlive/2021/texmf-dist/tex/generic/pgf/math/pgfmathfunctions.base.
code.tex)
(/usr/local/texlive/2021/texmf-dist/tex/generic/pgf/math/pgfmathfunctions.round
.code.tex)
(/usr/local/texlive/2021/texmf-dist/tex/generic/pgf/math/pgfmathfunctions.misc.
code.tex)
(/usr/local/texlive/2021/texmf-dist/tex/generic/pgf/math/pgfmathfunctions.integ
erarithmetics.code.tex)))
(/usr/local/texlive/2021/texmf-dist/tex/generic/pgf/math/pgfmathfloat.code.tex
\c@pgfmathroundto@lastzeros=\count268
)) (/usr/local/texlive/2021/texmf-dist/tex/generic/pgf/math/pgfint.code.tex)
(/usr/local/texlive/2021/texmf-dist/tex/generic/pgf/basiclayer/pgfcorepoints.co
de.tex
File: pgfcorepoints.code.tex 2020/12/27 v3.1.8b (3.1.8b)
\pgf@picminx=\dimen177
\pgf@picmaxx=\dimen178
\pgf@picminy=\dimen179
\pgf@picmaxy=\dimen180
\pgf@pathminx=\dimen181
\pgf@pathmaxx=\dimen182
\pgf@pathminy=\dimen183
\pgf@pathmaxy=\dimen184
\pgf@xx=\dimen185
\pgf@xy=\dimen186
\pgf@yx=\dimen187
\pgf@yy=\dimen188
\pgf@zx=\dimen189
\pgf@zy=\dimen190
)
(/usr/local/texlive/2021/texmf-dist/tex/generic/pgf/basiclayer/pgfcorepathconst
ruct.code.tex
File: pgfcorepathconstruct.code.tex 2020/12/27 v3.1.8b (3.1.8b)
\pgf@path@lastx=\dimen191
\pgf@path@lasty=\dimen192
)
(/usr/local/texlive/2021/texmf-dist/tex/generic/pgf/basiclayer/pgfcorepathusage
.code.tex
File: pgfcorepathusage.code.tex 2020/12/27 v3.1.8b (3.1.8b)
\pgf@shorten@end@additional=\dimen193
\pgf@shorten@start@additional=\dimen194
)
(/usr/local/texlive/2021/texmf-dist/tex/generic/pgf/basiclayer/pgfcorescopes.co
de.tex
File: pgfcorescopes.code.tex 2020/12/27 v3.1.8b (3.1.8b)
\pgfpic=\box51
\pgf@hbox=\box52
\pgf@layerbox@main=\box53
\pgf@picture@serial@count=\count269
)
(/usr/local/texlive/2021/texmf-dist/tex/generic/pgf/basiclayer/pgfcoregraphicst
ate.code.tex
File: pgfcoregraphicstate.code.tex 2020/12/27 v3.1.8b (3.1.8b)
\pgflinewidth=\dimen195
)
(/usr/local/texlive/2021/texmf-dist/tex/generic/pgf/basiclayer/pgfcoretransform
ations.code.tex
File: pgfcoretransformations.code.tex 2020/12/27 v3.1.8b (3.1.8b)
\pgf@pt@x=\dimen196
\pgf@pt@y=\dimen197
\pgf@pt@temp=\dimen198
)
(/usr/local/texlive/2021/texmf-dist/tex/generic/pgf/basiclayer/pgfcorequick.cod
e.tex
File: pgfcorequick.code.tex 2020/12/27 v3.1.8b (3.1.8b)
)
(/usr/local/texlive/2021/texmf-dist/tex/generic/pgf/basiclayer/pgfcoreobjects.c
ode.tex
File: pgfcoreobjects.code.tex 2020/12/27 v3.1.8b (3.1.8b)
)
(/usr/local/texlive/2021/texmf-dist/tex/generic/pgf/basiclayer/pgfcorepathproce
ssing.code.tex
File: pgfcorepathprocessing.code.tex 2020/12/27 v3.1.8b (3.1.8b)
)
(/usr/local/texlive/2021/texmf-dist/tex/generic/pgf/basiclayer/pgfcorearrows.co
de.tex
File: pgfcorearrows.code.tex 2020/12/27 v3.1.8b (3.1.8b)
\pgfarrowsep=\dimen199
)
(/usr/local/texlive/2021/texmf-dist/tex/generic/pgf/basiclayer/pgfcoreshade.cod
e.tex
File: pgfcoreshade.code.tex 2020/12/27 v3.1.8b (3.1.8b)
\pgf@max=\dimen256
\pgf@sys@shading@range@num=\count270
\pgf@shadingcount=\count271
)
(/usr/local/texlive/2021/texmf-dist/tex/generic/pgf/basiclayer/pgfcoreimage.cod
e.tex
File: pgfcoreimage.code.tex 2020/12/27 v3.1.8b (3.1.8b)

(/usr/local/texlive/2021/texmf-dist/tex/generic/pgf/basiclayer/pgfcoreexternal.
code.tex
File: pgfcoreexternal.code.tex 2020/12/27 v3.1.8b (3.1.8b)
\pgfexternal@startupbox=\box54
))
(/usr/local/texlive/2021/texmf-dist/tex/generic/pgf/basiclayer/pgfcorelayers.co
de.tex
File: pgfcorelayers.code.tex 2020/12/27 v3.1.8b (3.1.8b)
)
(/usr/local/texlive/2021/texmf-dist/tex/generic/pgf/basiclayer/pgfcoretranspare
ncy.code.tex
File: pgfcoretransparency.code.tex 2020/12/27 v3.1.8b (3.1.8b)
)
(/usr/local/texlive/2021/texmf-dist/tex/generic/pgf/basiclayer/pgfcorepatterns.
code.tex
File: pgfcorepatterns.code.tex 2020/12/27 v3.1.8b (3.1.8b)
)
(/usr/local/texlive/2021/texmf-dist/tex/generic/pgf/basiclayer/pgfcorerdf.code.
tex
File: pgfcorerdf.code.tex 2020/12/27 v3.1.8b (3.1.8b)
)))
(/usr/local/texlive/2021/texmf-dist/tex/generic/pgf/modules/pgfmoduleshapes.cod
e.tex
File: pgfmoduleshapes.code.tex 2020/12/27 v3.1.8b (3.1.8b)
\pgfnodeparttextbox=\box55
)
(/usr/local/texlive/2021/texmf-dist/tex/generic/pgf/modules/pgfmoduleplot.code.
tex
File: pgfmoduleplot.code.tex 2020/12/27 v3.1.8b (3.1.8b)
)
(/usr/local/texlive/2021/texmf-dist/tex/latex/pgf/compatibility/pgfcomp-version
-0-65.sty
Package: pgfcomp-version-0-65 2020/12/27 v3.1.8b (3.1.8b)
\pgf@nodesepstart=\dimen257
\pgf@nodesepend=\dimen258
)
(/usr/local/texlive/2021/texmf-dist/tex/latex/pgf/compatibility/pgfcomp-version
-1-18.sty
Package: pgfcomp-version-1-18 2020/12/27 v3.1.8b (3.1.8b)
))
(/usr/local/texlive/2021/texmf-dist/tex/latex/pgf/utilities/pgffor.sty
(/usr/local/texlive/2021/texmf-dist/tex/latex/pgf/utilities/pgfkeys.sty
(/usr/local/texlive/2021/texmf-dist/tex/generic/pgf/utilities/pgfkeys.code.tex)
) (/usr/local/texlive/2021/texmf-dist/tex/latex/pgf/math/pgfmath.sty
(/usr/local/texlive/2021/texmf-dist/tex/generic/pgf/math/pgfmath.code.tex))
(/usr/local/texlive/2021/texmf-dist/tex/generic/pgf/utilities/pgffor.code.tex
Package: pgffor 2020/12/27 v3.1.8b (3.1.8b)

(/usr/local/texlive/2021/texmf-dist/tex/generic/pgf/math/pgfmath.code.tex)
\pgffor@iter=\dimen259
\pgffor@skip=\dimen260
\pgffor@stack=\toks27
\pgffor@toks=\toks28
))
(/usr/local/texlive/2021/texmf-dist/tex/generic/pgf/frontendlayer/tikz/tikz.cod
e.tex
Package: tikz 2020/12/27 v3.1.8b (3.1.8b)

(/usr/local/texlive/2021/texmf-dist/tex/generic/pgf/libraries/pgflibraryplothan
dlers.code.tex
File: pgflibraryplothandlers.code.tex 2020/12/27 v3.1.8b (3.1.8b)
\pgf@plot@mark@count=\count272
\pgfplotmarksize=\dimen261
)
\tikz@lastx=\dimen262
\tikz@lasty=\dimen263
\tikz@lastxsaved=\dimen264
\tikz@lastysaved=\dimen265
\tikz@lastmovetox=\dimen266
\tikz@lastmovetoy=\dimen267
\tikzleveldistance=\dimen268
\tikzsiblingdistance=\dimen269
\tikz@figbox=\box56
\tikz@figbox@bg=\box57
\tikz@tempbox=\box58
\tikz@tempbox@bg=\box59
\tikztreelevel=\count273
\tikznumberofchildren=\count274
\tikznumberofcurrentchild=\count275
\tikz@fig@count=\count276

(/usr/local/texlive/2021/texmf-dist/tex/generic/pgf/modules/pgfmodulematrix.cod
e.tex
File: pgfmodulematrix.code.tex 2020/12/27 v3.1.8b (3.1.8b)
\pgfmatrixcurrentrow=\count277
\pgfmatrixcurrentcolumn=\count278
\pgf@matrix@numberofcolumns=\count279
)
\tikz@expandcount=\count280

(/usr/local/texlive/2021/texmf-dist/tex/generic/pgf/frontendlayer/tikz/librarie
s/tikzlibrarytopaths.code.tex
File: tikzlibrarytopaths.code.tex 2020/12/27 v3.1.8b (3.1.8b)
)))
(/usr/local/texlive/2021/texmf-dist/tex/latex/standalone/standalone.sty
Package: standalone 2018/03/26 v1.3a Package to include TeX sub-files with prea
mbles

(/usr/local/texlive/2021/texmf-dist/tex/latex/tools/shellesc.sty
Package: shellesc 2019/11/08 v1.0c unified shell escape interface for LaTeX
Package shellesc Info: Restricted shell escape enabled on input line 77.
)
(/usr/local/texlive/2021/texmf-dist/tex/generic/iftex/ifluatex.sty
Package: ifluatex 2019/10/25 v1.5 ifluatex legacy package. Use iftex instead.

(/usr/local/texlive/2021/texmf-dist/tex/generic/iftex/iftex.sty
Package: iftex 2020/03/06 v1.0d TeX engine tests
))
(/usr/local/texlive/2021/texmf-dist/tex/latex/xkeyval/xkeyval.sty
Package: xkeyval 2020/11/20 v2.8 package option processing (HA)

(/usr/local/texlive/2021/texmf-dist/tex/generic/xkeyval/xkeyval.tex
(/usr/local/texlive/2021/texmf-dist/tex/generic/xkeyval/xkvutils.tex
\XKV@toks=\toks29
\XKV@tempa@toks=\toks30
)
\XKV@depth=\count281
File: xkeyval.tex 2014/12/03 v2.7a key=value parser (HA)
))
(/usr/local/texlive/2021/texmf-dist/tex/latex/currfile/currfile.sty
Package: currfile 2020/09/29 v0.7d Provides the file path elements of the curre
nt input file

(/usr/local/texlive/2021/texmf-dist/tex/latex/kvoptions/kvoptions.sty
Package: kvoptions 2020-10-07 v3.14 Key value format for package options (HO)

(/usr/local/texlive/2021/texmf-dist/tex/generic/ltxcmds/ltxcmds.sty
Package: ltxcmds 2020-05-10 v1.25 LaTeX kernel commands for general use (HO)
)
(/usr/local/texlive/2021/texmf-dist/tex/generic/kvsetkeys/kvsetkeys.sty
Package: kvsetkeys 2019/12/15 v1.18 Key value parser (HO)
))
(/usr/local/texlive/2021/texmf-dist/tex/latex/filehook/filehook.sty
Package: filehook 2020/09/29 v0.8a Hooks for input files

(/usr/local/texlive/2021/texmf-dist/tex/latex/filehook/filehook-2020.sty
Package: filehook-2020 2020/09/29 v0.8a Hooks for input files
))
\c@currfiledepth=\count282
)
(/usr/local/texlive/2021/texmf-dist/tex/latex/gincltex/gincltex.sty
(/usr/local/texlive/2021/texmf-dist/tex/latex/svn-prov/svn-prov.sty
Package: svn-prov 2010/04/24 v3.1862 Package Date/Version from SVN Keywords
)
Package: gincltex 2011/09/04 v0.3 Include external LaTeX files like graphics

(/usr/local/texlive/2021/texmf-dist/tex/latex/adjustbox/adjustbox.sty
Package: adjustbox 2020/08/19 v1.3 Adjusting TeX boxes (trim, clip, ...)

(/usr/local/texlive/2021/texmf-dist/tex/latex/adjustbox/adjcalc.sty
Package: adjcalc 2012/05/16 v1.1 Provides advanced setlength with multiple back
-ends (calc, etex, pgfmath)
)
(/usr/local/texlive/2021/texmf-dist/tex/latex/adjustbox/trimclip.sty
Package: trimclip 2020/08/19 v1.2 Trim and clip general TeX material

(/usr/local/texlive/2021/texmf-dist/tex/latex/collectbox/collectbox.sty
Package: collectbox 2012/05/17 v0.4b Collect macro arguments as boxes
\collectedbox=\box60
)
\tc@llx=\dimen270
\tc@lly=\dimen271
\tc@urx=\dimen272
\tc@ury=\dimen273
Package trimclip Info: Using driver 'tc-pdftex.def'.

(/usr/local/texlive/2021/texmf-dist/tex/latex/adjustbox/tc-pdftex.def
File: tc-pdftex.def 2019/01/04 v2.2 Clipping driver for pdftex
))
\adjbox@Width=\dimen274
\adjbox@Height=\dimen275
\adjbox@Depth=\dimen276
\adjbox@Totalheight=\dimen277
\adjbox@pwidth=\dimen278
\adjbox@pheight=\dimen279
\adjbox@pdepth=\dimen280
\adjbox@ptotalheight=\dimen281

(/usr/local/texlive/2021/texmf-dist/tex/latex/ifoddpage/ifoddpage.sty
Package: ifoddpage 2016/04/23 v1.1 Conditionals for odd/even page detection
\c@checkoddpage=\count283
)
(/usr/local/texlive/2021/texmf-dist/tex/latex/varwidth/varwidth.sty
Package: varwidth 2009/03/30 ver 0.92;  Variable-width minipages
\@vwid@box=\box61
\sift@deathcycles=\count284
\@vwid@loff=\dimen282
\@vwid@roff=\dimen283
))
\gincltex@box=\box62
)
(/usr/local/texlive/2021/texmf-dist/tex/latex/filemod/filemod-expmin.sty
Package: filemod-expmin 2011/09/19 v1.2 Get and compare file modification times
 (expandable; minimal)
))
(/usr/local/texlive/2021/texmf-dist/tex/latex/pgfplots/pgfplots.sty
(/usr/local/texlive/2021/texmf-dist/tex/generic/pgfplots/pgfplots.revision.tex)
Package: pgfplots 2020/02/29 v1.17 Data Visualization (1.17)
(/usr/local/texlive/2021/texmf-dist/tex/generic/pgfplots/pgfplots.code.tex
(/usr/local/texlive/2021/texmf-dist/tex/generic/pgfplots/pgfplotscore.code.tex
\t@pgfplots@toka=\toks31
\t@pgfplots@tokb=\toks32
\t@pgfplots@tokc=\toks33
\pgfplots@tmpa=\dimen284
\c@pgfplots@coordindex=\count285
\c@pgfplots@scanlineindex=\count286

(/usr/local/texlive/2021/texmf-dist/tex/generic/pgfplots/sys/pgfplotssysgeneric
.code.tex))
(/usr/local/texlive/2021/texmf-dist/tex/generic/pgfplots/libs/pgfplotslibrary.c
ode.tex)
(/usr/local/texlive/2021/texmf-dist/tex/generic/pgfplots/oldpgfcompatib/pgfplot
soldpgfsupp_loader.code.tex
(/usr/local/texlive/2021/texmf-dist/tex/generic/pgf/libraries/pgflibraryfpu.cod
e.tex))
(/usr/local/texlive/2021/texmf-dist/tex/generic/pgfplots/util/pgfplotsutil.code
.tex
(/usr/local/texlive/2021/texmf-dist/tex/generic/pgfplots/liststructure/pgfplots
liststructure.code.tex)
(/usr/local/texlive/2021/texmf-dist/tex/generic/pgfplots/liststructure/pgfplots
liststructureext.code.tex)
(/usr/local/texlive/2021/texmf-dist/tex/generic/pgfplots/liststructure/pgfplots
array.code.tex
\c@pgfplotsarray@tmp=\count287
)
(/usr/local/texlive/2021/texmf-dist/tex/generic/pgfplots/liststructure/pgfplots
matrix.code.tex)
(/usr/local/texlive/2021/texmf-dist/tex/generic/pgfplots/numtable/pgfplotstable
shared.code.tex
\c@pgfplotstable@counta=\count288
\t@pgfplotstable@a=\toks34
)
(/usr/local/texlive/2021/texmf-dist/tex/generic/pgfplots/liststructure/pgfplots
deque.code.tex)
(/usr/local/texlive/2021/texmf-dist/tex/generic/pgfplots/util/pgfplotsbinary.co
de.tex
(/usr/local/texlive/2021/texmf-dist/tex/generic/pgfplots/util/pgfplotsbinary.da
ta.code.tex))
(/usr/local/texlive/2021/texmf-dist/tex/generic/pgfplots/util/pgfplotsutil.verb
.code.tex)
(/usr/local/texlive/2021/texmf-dist/tex/generic/pgfplots/libs/pgflibrarypgfplot
s.surfshading.code.tex
\c@pgfplotslibrarysurf@no=\count289

(/usr/local/texlive/2021/texmf-dist/tex/generic/pgfplots/sys/pgflibrarypgfplots
.surfshading.pgfsys-pdftex.def)))
(/usr/local/texlive/2021/texmf-dist/tex/generic/pgfplots/util/pgfplotscolormap.
code.tex
(/usr/local/texlive/2021/texmf-dist/tex/generic/pgfplots/util/pgfplotscolor.cod
e.tex))
(/usr/local/texlive/2021/texmf-dist/tex/generic/pgfplots/pgfplotsstackedplots.c
ode.tex)
(/usr/local/texlive/2021/texmf-dist/tex/generic/pgfplots/pgfplotsplothandlers.c
ode.tex
(/usr/local/texlive/2021/texmf-dist/tex/generic/pgfplots/pgfplotsmeshplothandle
r.code.tex
(/usr/local/texlive/2021/texmf-dist/tex/generic/pgfplots/pgfplotsmeshplotimage.
code.tex)))
(/usr/local/texlive/2021/texmf-dist/tex/generic/pgfplots/pgfplots.scaling.code.
tex)
(/usr/local/texlive/2021/texmf-dist/tex/generic/pgfplots/pgfplotscoordprocessin
g.code.tex)
(/usr/local/texlive/2021/texmf-dist/tex/generic/pgfplots/pgfplots.errorbars.cod
e.tex)
(/usr/local/texlive/2021/texmf-dist/tex/generic/pgfplots/pgfplots.markers.code.
tex)
(/usr/local/texlive/2021/texmf-dist/tex/generic/pgfplots/pgfplotsticks.code.tex
)
(/usr/local/texlive/2021/texmf-dist/tex/generic/pgfplots/pgfplots.paths.code.te
x)
(/usr/local/texlive/2021/texmf-dist/tex/generic/pgf/frontendlayer/tikz/librarie
s/tikzlibrarydecorations.code.tex
(/usr/local/texlive/2021/texmf-dist/tex/generic/pgf/modules/pgfmoduledecoration
s.code.tex
\pgfdecoratedcompleteddistance=\dimen285
\pgfdecoratedremainingdistance=\dimen286
\pgfdecoratedinputsegmentcompleteddistance=\dimen287
\pgfdecoratedinputsegmentremainingdistance=\dimen288
\pgf@decorate@distancetomove=\dimen289
\pgf@decorate@repeatstate=\count290
\pgfdecorationsegmentamplitude=\dimen290
\pgfdecorationsegmentlength=\dimen291
)
\tikz@lib@dec@box=\box63
)
(/usr/local/texlive/2021/texmf-dist/tex/generic/pgf/frontendlayer/tikz/librarie
s/tikzlibrarydecorations.pathmorphing.code.tex
(/usr/local/texlive/2021/texmf-dist/tex/generic/pgf/libraries/decorations/pgfli
brarydecorations.pathmorphing.code.tex))
(/usr/local/texlive/2021/texmf-dist/tex/generic/pgf/frontendlayer/tikz/librarie
s/tikzlibrarydecorations.pathreplacing.code.tex
(/usr/local/texlive/2021/texmf-dist/tex/generic/pgf/libraries/decorations/pgfli
brarydecorations.pathreplacing.code.tex))
\pgfplots@numplots=\count291
\pgfplots@xmin@reg=\dimen292
\pgfplots@xmax@reg=\dimen293
\pgfplots@ymin@reg=\dimen294
\pgfplots@ymax@reg=\dimen295
\pgfplots@zmin@reg=\dimen296
\pgfplots@zmax@reg=\dimen297
)
(/usr/local/texlive/2021/texmf-dist/tex/generic/pgf/frontendlayer/tikz/librarie
s/tikzlibraryplotmarks.code.tex
File: tikzlibraryplotmarks.code.tex 2020/12/27 v3.1.8b (3.1.8b)

(/usr/local/texlive/2021/texmf-dist/tex/generic/pgf/libraries/pgflibraryplotmar
ks.code.tex
File: pgflibraryplotmarks.code.tex 2020/12/27 v3.1.8b (3.1.8b)
)))
(/usr/local/texlive/2021/texmf-dist/tex/latex/siunitx/siunitx.sty
(/usr/local/texlive/2021/texmf-dist/tex/latex/l3kernel/expl3.sty
Package: expl3 2021-02-18 L3 programming layer (loader) 

(/usr/local/texlive/2021/texmf-dist/tex/latex/l3backend/l3backend-pdftex.def
File: l3backend-pdftex.def 2021-03-18 L3 backend support: PDF output (pdfTeX)
\l__color_backend_stack_int=\count292
\l__pdf_internal_box=\box64
))
(/usr/local/texlive/2021/texmf-dist/tex/latex/l3packages/xparse/xparse.sty
(/usr/local/texlive/2021/texmf-dist/tex/latex/l3packages/xparse/xparse-2020-10-
01.sty
(/usr/local/texlive/2021/texmf-dist/tex/latex/l3packages/xparse/xparse-generic.
tex)))
Package: siunitx 2020/02/25 v2.8b A comprehensive (SI) units package
 (/usr/local/texlive/2021/texmf-dist/tex/latex/amsmath/amstext.sty
Package: amstext 2000/06/29 v2.01 AMS text

(/usr/local/texlive/2021/texmf-dist/tex/latex/amsmath/amsgen.sty
File: amsgen.sty 1999/11/30 v2.0 generic functions
\@emptytoks=\toks35
\ex@=\dimen298
))
(/usr/local/texlive/2021/texmf-dist/tex/latex/tools/array.sty
Package: array 2020/10/01 v2.5c Tabular extension package (FMi)
\col@sep=\dimen299
\ar@mcellbox=\box65
\extrarowheight=\dimen300
\NC@list=\toks36
\extratabsurround=\skip50
\backup@length=\skip51
\ar@cellbox=\box66
)
(/usr/local/texlive/2021/texmf-dist/tex/latex/l3packages/l3keys2e/l3keys2e.sty
Package: l3keys2e 2021-03-12 LaTeX2e option processing using LaTeX3 keys
)
\l__siunitx_tmp_box=\box67
\l__siunitx_tmp_dim=\dimen301
\l__siunitx_tmp_int=\count293
\l__siunitx_number_mantissa_length_int=\count294
\l__siunitx_number_uncert_length_int=\count295
\l__siunitx_round_int=\count296
\l__siunitx_process_decimal_int=\count297
\l__siunitx_process_uncertainty_int=\count298
\l__siunitx_process_fixed_int=\count299
\l__siunitx_process_integer_min_int=\count300
\l__siunitx_process_precision_int=\count301
\l__siunitx_group_min_int=\count302
\l__siunitx_angle_marker_box=\box68
\l__siunitx_angle_unit_box=\box69
\l__siunitx_angle_marker_dim=\dimen302
\l__siunitx_angle_unit_dim=\dimen303
\l__siunitx_unit_int=\count303
\l__siunitx_unit_denominator_int=\count304
\l__siunitx_unit_numerator_int=\count305
\l__siunitx_unit_prefix_int=\count306
\l__siunitx_unit_prefix_base_int=\count307
\l__siunitx_unit_prefix_gram_int=\count308
\l__siunitx_number_product_int=\count309
\c__siunitx_one_fill_skip=\skip52
\l__siunitx_table_unit_align_skip=\skip53
\l__siunitx_table_exponent_dim=\dimen304
\l__siunitx_table_integer_dim=\dimen305
\l__siunitx_table_mantissa_dim=\dimen306
\l__siunitx_table_marker_dim=\dimen307
\l__siunitx_table_result_dim=\dimen308
\l__siunitx_table_uncert_dim=\dimen309
\l__siunitx_table_fill_pre_dim=\dimen310
\l__siunitx_table_fill_post_dim=\dimen311
\l__siunitx_table_fill_mid_dim=\dimen312
\l__siunitx_table_pre_box=\box70
\l__siunitx_table_post_box=\box71
\l__siunitx_table_mantissa_box=\box72
\l__siunitx_table_result_box=\box73
\l__siunitx_table_number_align_skip=\skip54
\l__siunitx_table_text_align_skip=\skip55
(/usr/local/texlive/2021/texmf-dist/tex/latex/translator/translator.sty
Package: translator 2020-08-03 v1.12c Easy translation of strings in LaTeX
))
(/usr/local/texlive/2021/texmf-dist/tex/latex/algorithmicx/algpseudocode.sty
Package: algpseudocode 

(/usr/local/texlive/2021/texmf-dist/tex/latex/base/ifthen.sty
Package: ifthen 2014/09/29 v1.1c Standard LaTeX ifthen package (DPC)
)
(/usr/local/texlive/2021/texmf-dist/tex/latex/algorithmicx/algorithmicx.sty
Package: algorithmicx 2005/04/27 v1.2 Algorithmicx

Document Style algorithmicx 1.2 - a greatly improved `algorithmic' style
\c@ALG@line=\count310
\c@ALG@rem=\count311
\c@ALG@nested=\count312
\ALG@tlm=\skip56
\ALG@thistlm=\skip57
\c@ALG@Lnr=\count313
\c@ALG@blocknr=\count314
\c@ALG@storecount=\count315
\c@ALG@tmpcounter=\count316
\ALG@tmplength=\skip58
)
Document Style - pseudocode environments for use with the `algorithmicx' style
)
(/usr/local/texlive/2021/texmf-dist/tex/generic/pgf/frontendlayer/tikz/librarie
s/tikzlibrarypositioning.code.tex
File: tikzlibrarypositioning.code.tex 2020/12/27 v3.1.8b (3.1.8b)
)
(/usr/local/texlive/2021/texmf-dist/tex/generic/pgf/frontendlayer/tikz/librarie
s/tikzlibrarymatrix.code.tex
File: tikzlibrarymatrix.code.tex 2020/12/27 v3.1.8b (3.1.8b)
)
(/usr/local/texlive/2021/texmf-dist/tex/generic/pgf/frontendlayer/tikz/librarie
s/tikzlibraryshapes.multipart.code.tex
File: tikzlibraryshapes.multipart.code.tex 2020/12/27 v3.1.8b (3.1.8b)

(/usr/local/texlive/2021/texmf-dist/tex/generic/pgf/libraries/shapes/pgflibrary
shapes.multipart.code.tex
File: pgflibraryshapes.multipart.code.tex 2020/12/27 v3.1.8b (3.1.8b)
\pgfnodepartlowerbox=\box74
\pgfnodeparttwobox=\box75
\pgfnodepartthreebox=\box76
\pgfnodepartfourbox=\box77
\pgfnodeparttwentybox=\box78
\pgfnodepartnineteenbox=\box79
\pgfnodeparteighteenbox=\box80
\pgfnodepartseventeenbox=\box81
\pgfnodepartsixteenbox=\box82
\pgfnodepartfifteenbox=\box83
\pgfnodepartfourteenbox=\box84
\pgfnodepartthirteenbox=\box85
\pgfnodeparttwelvebox=\box86
\pgfnodepartelevenbox=\box87
\pgfnodeparttenbox=\box88
\pgfnodepartninebox=\box89
\pgfnodeparteightbox=\box90
\pgfnodepartsevenbox=\box91
\pgfnodepartsixbox=\box92
\pgfnodepartfivebox=\box93
))
(/usr/local/texlive/2021/texmf-dist/tex/generic/pgf/frontendlayer/tikz/librarie
s/tikzlibraryshapes.misc.code.tex
File: tikzlibraryshapes.misc.code.tex 2020/12/27 v3.1.8b (3.1.8b)

(/usr/local/texlive/2021/texmf-dist/tex/generic/pgf/libraries/shapes/pgflibrary
shapes.misc.code.tex
File: pgflibraryshapes.misc.code.tex 2020/12/27 v3.1.8b (3.1.8b)
))
(/usr/local/texlive/2021/texmf-dist/tex/generic/pgf/frontendlayer/tikz/librarie
s/tikzlibraryspy.code.tex
File: tikzlibraryspy.code.tex 2020/12/27 v3.1.8b (3.1.8b)
\tikz@lib@spybox=\box94
)
(/usr/local/texlive/2021/texmf-dist/tex/latex/caption/caption.sty
Package: caption 2020/10/26 v3.5g Customizing captions (AR)

(/usr/local/texlive/2021/texmf-dist/tex/latex/caption/caption3.sty
Package: caption3 2020/10/21 v2.2e caption3 kernel (AR)
\captionmargin=\dimen313
\captionmargin@=\dimen314
\captionwidth=\dimen315
\caption@tempdima=\dimen316
\caption@indent=\dimen317
\caption@parindent=\dimen318
\caption@hangindent=\dimen319
Package caption Info: Unknown document class (or package),
(caption)             standard defaults will be used.
Package caption Info: \@makecaption = \long macro:#1#2->\ifx \@captype \@IEEEta
blestring \footnotesize \bgroup \par \centering \@IEEEtabletopskipstrut {\norma
lfont \footnotesize #1}\\{\normalfont \footnotesize \scshape #2}\par \addvspace
 {0.5\baselineskip }\egroup \@IEEEtablecaptionsepspace \else \@IEEEfigurecaptio
nsepspace \setbox \@tempboxa \hbox {\normalfont \footnotesize {#1.}\nobreakspac
e \nobreakspace #2}\ifdim \wd \@tempboxa >\hsize \setbox \@tempboxa \hbox {\nor
malfont \footnotesize {#1.}\nobreakspace \nobreakspace }\parbox [t]{\hsize }{\n
ormalfont \footnotesize \noindent \unhbox \@tempboxa #2}\else \ifCLASSOPTIONcon
ference \hbox to\hsize {\normalfont \footnotesize \hfil \box \@tempboxa \hfil }
\else \hbox to\hsize {\normalfont \footnotesize \box \@tempboxa \hfil }\fi \fi 
\fi  on input line 1139.
)

Package caption Warning: Unknown document class (or package),
(caption)                standard defaults will be used.
See the caption package documentation for explanation.

\c@caption@flags=\count317
\c@continuedfloat=\count318
) (/usr/local/texlive/2021/texmf-dist/tex/latex/multirow/multirow.sty
Package: multirow 2021/03/15 v2.8 Span multiple rows of a table
\multirow@colwidth=\skip59
\multirow@cntb=\count319
\multirow@dima=\skip60
\bigstrutjot=\dimen320
)
(/usr/local/texlive/2021/texmf-dist/tex/latex/cite/cite.sty
LaTeX Info: Redefining \cite on input line 302.
LaTeX Info: Redefining \nocite on input line 332.
Package: cite 2015/02/27  v 5.5
)
(/usr/local/texlive/2021/texmf-dist/tex/latex/preprint/balance.sty
Package: balance 1999/02/23 4.3 (PWD)
\oldvsize=\dimen321
)
(/usr/local/texlive/2021/texmf-dist/tex/latex/caption/subcaption.sty
Package: subcaption 2020/10/07 v1.3j Sub-captions (AR)
\c@subfigure=\count320
\c@subtable=\count321
)
(/usr/local/texlive/2021/texmf-dist/tex/latex/diagbox/diagbox.sty
Package: diagbox 2020/02/09 v2.3 Making table heads with diagonal lines

(/usr/local/texlive/2021/texmf-dist/tex/latex/pict2e/pict2e.sty
Package: pict2e 2020/09/30 v0.4b Improved picture commands (HjG,RN,JT)

(/usr/local/texlive/2021/texmf-dist/tex/latex/pict2e/pict2e.cfg
File: pict2e.cfg 2016/02/05 v0.1u pict2e configuration for teTeX/TeXLive
)
Package pict2e Info: Driver file: pdftex.def on input line 112.
Package pict2e Info: Driver file for pict2e: p2e-pdftex.def on input line 114.

(/usr/local/texlive/2021/texmf-dist/tex/latex/pict2e/p2e-pdftex.def
File: p2e-pdftex.def 2016/02/05 v0.1u Driver-dependant file (RN,HjG,JT)
)
\pIIe@GRAPH=\toks37
\@arclen=\dimen322
\@arcrad=\dimen323
\pIIe@tempdima=\dimen324
\pIIe@tempdimb=\dimen325
\pIIe@tempdimc=\dimen326
\pIIe@tempdimd=\dimen327
\pIIe@tempdime=\dimen328
\pIIe@tempdimf=\dimen329
)
(/usr/local/texlive/2021/texmf-dist/tex/latex/tools/calc.sty
Package: calc 2017/05/25 v4.3 Infix arithmetic (KKT,FJ)
\calc@Acount=\count322
\calc@Bcount=\count323
\calc@Adimen=\dimen330
\calc@Bdimen=\dimen331
\calc@Askip=\skip61
\calc@Bskip=\skip62
LaTeX Info: Redefining \setlength on input line 80.
LaTeX Info: Redefining \addtolength on input line 81.
\calc@Ccount=\count324
\calc@Cskip=\skip63
)
\diagbox@boxa=\box95
\diagbox@boxb=\box96
\diagbox@boxm=\box97
\diagbox@wd=\dimen332
\diagbox@ht=\dimen333
\diagbox@insepl=\dimen334
\diagbox@insepr=\dimen335
\diagbox@outsepl=\dimen336
\diagbox@outsepr=\dimen337
)
(/usr/local/texlive/2021/texmf-dist/tex/latex/algorithms/algorithm.sty
Package: algorithm 2009/08/24 v0.1 Document Style `algorithm' - floating enviro
nment

(/usr/local/texlive/2021/texmf-dist/tex/latex/float/float.sty
Package: float 2001/11/08 v1.3d Float enhancements (AL)
\c@float@type=\count325
\float@exts=\toks38
\float@box=\box98
\@float@everytoks=\toks39
\@floatcapt=\box99
)
\@float@every@algorithm=\toks40
\c@algorithm=\count326
)
(/usr/local/texlive/2021/texmf-dist/tex/latex/amsfonts/amssymb.sty
Package: amssymb 2013/01/14 v3.01 AMS font symbols

(/usr/local/texlive/2021/texmf-dist/tex/latex/amsfonts/amsfonts.sty
Package: amsfonts 2013/01/14 v3.01 Basic AMSFonts support
\symAMSa=\mathgroup4
\symAMSb=\mathgroup5
LaTeX Font Info:    Redeclaring math symbol \hbar on input line 98.
LaTeX Font Info:    Overwriting math alphabet `\mathfrak' in version `bold'
(Font)                  U/euf/m/n --> U/euf/b/n on input line 106.
))
(/usr/local/texlive/2021/texmf-dist/tex/latex/base/inputenc.sty
Package: inputenc 2020/08/01 v1.3d Input encoding file
\inpenc@prehook=\toks41
\inpenc@posthook=\toks42
)
(/usr/local/texlive/2021/texmf-dist/tex/latex/base/fontenc.sty
Package: fontenc 2020/08/10 v2.0s Standard LaTeX package
LaTeX Font Info:    Trying to load font information for T1+ptm on input line 11
2.

(/usr/local/texlive/2021/texmf-dist/tex/latex/psnfss/t1ptm.fd
File: t1ptm.fd 2001/06/04 font definitions for T1/ptm.
))
(/usr/local/texlive/2021/texmf-dist/tex/latex/url/url.sty
\Urlmuskip=\muskip16
Package: url 2013/09/16  ver 3.4  Verb mode for urls, etc.
)
(/usr/local/texlive/2021/texmf-dist/tex/latex/was/gensymb.sty
Package: gensymb 2003/07/02 v1.0 (WaS)
)
(/usr/local/texlive/2021/texmf-dist/tex/latex/amsmath/amsmath.sty
Package: amsmath 2020/09/23 v2.17i AMS math features
\@mathmargin=\skip64

For additional information on amsmath, use the `?' option.
(/usr/local/texlive/2021/texmf-dist/tex/latex/amsmath/amsbsy.sty
Package: amsbsy 1999/11/29 v1.2d Bold Symbols
\pmbraise@=\dimen338
)
(/usr/local/texlive/2021/texmf-dist/tex/latex/amsmath/amsopn.sty
Package: amsopn 2016/03/08 v2.02 operator names
)
\inf@bad=\count327
LaTeX Info: Redefining \frac on input line 234.
\uproot@=\count328
\leftroot@=\count329
LaTeX Info: Redefining \overline on input line 399.
\classnum@=\count330
\DOTSCASE@=\count331
LaTeX Info: Redefining \ldots on input line 496.
LaTeX Info: Redefining \dots on input line 499.
LaTeX Info: Redefining \cdots on input line 620.
\Mathstrutbox@=\box100
\strutbox@=\box101
\big@size=\dimen339
LaTeX Font Info:    Redeclaring font encoding OML on input line 743.
LaTeX Font Info:    Redeclaring font encoding OMS on input line 744.
\macc@depth=\count332
\c@MaxMatrixCols=\count333
\dotsspace@=\muskip17
\c@parentequation=\count334
\dspbrk@lvl=\count335
\tag@help=\toks43
\row@=\count336
\column@=\count337
\maxfields@=\count338
\andhelp@=\toks44
\eqnshift@=\dimen340
\alignsep@=\dimen341
\tagshift@=\dimen342
\tagwidth@=\dimen343
\totwidth@=\dimen344
\lineht@=\dimen345
\@envbody=\toks45
\multlinegap=\skip65
\multlinetaggap=\skip66
\mathdisplay@stack=\toks46
LaTeX Info: Redefining \[ on input line 2923.
LaTeX Info: Redefining \] on input line 2924.
)
\c@lemma=\count339

No file 2308.00407_pdflatex.aux.
\openout1 = `2308.00407_pdflatex.aux'.

LaTeX Font Info:    Checking defaults for OML/cmm/m/it on input line 486.
LaTeX Font Info:    ... okay on input line 486.
LaTeX Font Info:    Checking defaults for OMS/cmsy/m/n on input line 486.
LaTeX Font Info:    ... okay on input line 486.
LaTeX Font Info:    Checking defaults for OT1/cmr/m/n on input line 486.
LaTeX Font Info:    ... okay on input line 486.
LaTeX Font Info:    Checking defaults for T1/cmr/m/n on input line 486.
LaTeX Font Info:    ... okay on input line 486.
LaTeX Font Info:    Checking defaults for TS1/cmr/m/n on input line 486.
LaTeX Font Info:    ... okay on input line 486.
LaTeX Font Info:    Checking defaults for OMX/cmex/m/n on input line 486.
LaTeX Font Info:    ... okay on input line 486.
LaTeX Font Info:    Checking defaults for U/cmr/m/n on input line 486.
LaTeX Font Info:    ... okay on input line 486.
-- Lines per column: 58 (exact).
(/usr/local/texlive/2021/texmf-dist/tex/context/base/mkii/supp-pdf.mkii
[Loading MPS to PDF converter (version 2006.09.02).]
\scratchcounter=\count340
\scratchdimen=\dimen346
\scratchbox=\box102
\nofMPsegments=\count341
\nofMParguments=\count342
\everyMPshowfont=\toks47
\MPscratchCnt=\count343
\MPscratchDim=\dimen347
\MPnumerator=\count344
\makeMPintoPDFobject=\count345
\everyMPtoPDFconversion=\toks48
) (/usr/local/texlive/2021/texmf-dist/tex/latex/epstopdf-pkg/epstopdf-base.sty
Package: epstopdf-base 2020-01-24 v2.11 Base part for package epstopdf

(/usr/local/texlive/2021/texmf-dist/tex/generic/infwarerr/infwarerr.sty
Package: infwarerr 2019/12/03 v1.5 Providing info/warning/error messages (HO)
)
(/usr/local/texlive/2021/texmf-dist/tex/latex/grfext/grfext.sty
Package: grfext 2019/12/03 v1.3 Manage graphics extensions (HO)

(/usr/local/texlive/2021/texmf-dist/tex/generic/kvdefinekeys/kvdefinekeys.sty
Package: kvdefinekeys 2019-12-19 v1.6 Define keys (HO)
)) (/usr/local/texlive/2021/texmf-dist/tex/generic/pdftexcmds/pdftexcmds.sty
Package: pdftexcmds 2020-06-27 v0.33 Utility functions of pdfTeX for LuaTeX (HO
)
Package pdftexcmds Info: \pdf@primitive is available.
Package pdftexcmds Info: \pdf@ifprimitive is available.
Package pdftexcmds Info: \pdfdraftmode found.
)
Package epstopdf-base Info: Redefining graphics rule for `.eps' on input line 4
85.
Package grfext Info: Graphics extension search list:
(grfext)             [.pdf,.png,.jpg,.mps,.jpeg,.jbig2,.jb2,.PDF,.PNG,.JPG,.JPE
G,.JBIG2,.JB2,.eps]
(grfext)             \AppendGraphicsExtensions on input line 504.

(/usr/local/texlive/2021/texmf-dist/tex/latex/latexconfig/epstopdf-sys.cfg
File: epstopdf-sys.cfg 2010/07/13 v1.3 Configuration of (r)epstopdf for TeX Liv
e
))
Package pgfplots notification 'compat/show suggested version=true': you might b
enefit from \pgfplotsset{compat=1.17} (current compat level: 1.14).


(/usr/local/texlive/2021/texmf-dist/tex/latex/siunitx/siunitx-abbreviations.cfg
File: siunitx-abbreviations.cfg 2017/11/26 v2.7k siunitx: Abbreviated units
)
(/usr/local/texlive/2021/texmf-dist/tex/latex/translator/translator-basic-dicti
onary-English.dict
Dictionary: translator-basic-dictionary, Language: English 
)
Package caption Info: Begin \AtBeginDocument code.
Package caption Info: float package is loaded.
Package caption Info: End \AtBeginDocument code.
LaTeX Info: Redefining \celsius on input line 486.
Package gensymb Info: Faking symbols for \degree and \celsius on input line 486
.


Package gensymb Warning: Not defining \perthousand.

LaTeX Info: Redefining \ohm on input line 486.
Package gensymb Info: Using \Omega for \ohm on input line 486.

Package gensymb Warning: Not defining \micro.

LaTeX Font Info:    Trying to load font information for U+msa on input line 486
.
(/usr/local/texlive/2021/texmf-dist/tex/latex/amsfonts/umsa.fd
File: umsa.fd 2013/01/14 v3.01 AMS symbols A
)
LaTeX Font Info:    Trying to load font information for U+msb on input line 486
.

(/usr/local/texlive/2021/texmf-dist/tex/latex/amsfonts/umsb.fd
File: umsb.fd 2013/01/14 v3.01 AMS symbols B
)

LaTeX Warning: Citation `conway83' on page 1 undefined on input line 624.


LaTeX Warning: Citation `forney89b' on page 1 undefined on input line 624.


LaTeX Warning: Citation `conway83' on page 1 undefined on input line 627.


LaTeX Warning: Citation `conway82decoding' on page 1 undefined on input line 62
7.


LaTeX Warning: Citation `feng13' on page 1 undefined on input line 627.


LaTeX Warning: Citation `ferdinandTWC' on page 1 undefined on input line 627.


LaTeX Warning: Citation `kurkoski18' on page 1 undefined on input line 627.


LaTeX Warning: Citation `ourISIT' on page 1 undefined on input line 627.


LaTeX Warning: Citation `ourjlt' on page 1 undefined on input line 627.


LaTeX Warning: Citation `alijlt20' on page 1 undefined on input line 627.


LaTeX Warning: Citation `aliecoc21' on page 1 undefined on input line 627.


LaTeX Warning: Citation `aliecoc22' on page 1 undefined on input line 627.


LaTeX Warning: Citation `ourTC' on page 1 undefined on input line 627.


LaTeX Warning: Citation `ourjlt' on page 1 undefined on input line 627.


LaTeX Warning: Citation `frey20' on page 1 undefined on input line 642.


LaTeX Warning: Citation `stern20' on page 1 undefined on input line 642.


LaTeX Warning: Citation `stern21' on page 1 undefined on input line 642.

[1{/usr/local/texlive/2021/texmf-var/fonts/map/pdftex/updmap/pdftex.map}


]

LaTeX Warning: Citation `calderbank87' on page 2 undefined on input line 680.


LaTeX Warning: Citation `forney89a' on page 2 undefined on input line 689.


Underfull \hbox (badness 5475) in paragraph at lines 689--690
[]\T1/ptm/m/n/10 A \T1/ptm/m/it/10 par-ti-tion chain\T1/ptm/m/n/10 , formed by 
a se-quence of lat-
 []


LaTeX Warning: Citation `forney89b' on page 2 undefined on input line 703.


LaTeX Warning: Citation `conway83' on page 2 undefined on input line 708.


LaTeX Warning: Citation `forney89a' on page 2 undefined on input line 712.


LaTeX Warning: Citation `kschischang93' on page 2 undefined on input line 712.


LaTeX Warning: Citation `agrell09' on page 2 undefined on input line 712.


LaTeX Warning: Reference `sec:pseudo' on page 2 undefined on input line 737.


LaTeX Warning: Reference `sec:setpart' on page 2 undefined on input line 737.


LaTeX Warning: Reference `sec:hybrid' on page 2 undefined on input line 737.


LaTeX Warning: Citation `kurkoski18' on page 2 undefined on input line 737.


LaTeX Warning: Citation `ourTC' on page 2 undefined on input line 737.


LaTeX Warning: Citation `kurkoski18' on page 2 undefined on input line 739.


LaTeX Warning: Citation `ourTC' on page 2 undefined on input line 739.


LaTeX Warning: Reference `sec:pseudo' on page 2 undefined on input line 743.


LaTeX Warning: Citation `ourISIT' on page 2 undefined on input line 744.


LaTeX Warning: Reference `sec:setpart' on page 2 undefined on input line 744.


LaTeX Warning: Reference `sec:hybrid' on page 2 undefined on input line 744.


LaTeX Warning: Citation `ourISIT' on page 2 undefined on input line 747.

[2]

LaTeX Warning: Citation `agrellBRGC04' on page 3 undefined on input line 754.


LaTeX Warning: Reference `sec:encdec' on page 3 undefined on input line 758.

<figures/partition_chain.png, id=31, 424.641pt x 246.813pt>
File: figures/partition_chain.png Graphic file (type png)
<use figures/partition_chain.png>
Package pdftex.def Info: figures/partition_chain.png  used on input line 765.
(pdftex.def)             Requested size: 187.90244pt x 109.21568pt.

Underfull \hbox (badness 10000) in paragraph at lines 766--766
[]\T1/ptm/m/n/9 Fig. 1: |Il-lus-tra-tion of the la-bel-ing of a par-ti-tion cha
in
 []


LaTeX Warning: Citation `ungerboeck82' on page 3 undefined on input line 830.


LaTeX Warning: Citation `wachsmann99' on page 3 undefined on input line 830.


LaTeX Warning: Citation `isaka98' on page 3 undefined on input line 830.


LaTeX Warning: Citation `yuan6g21' on page 3 undefined on input line 830.


LaTeX Warning: Citation `beygi14jlt' on page 3 undefined on input line 830.


LaTeX Warning: Citation `frey20' on page 3 undefined on input line 830.


LaTeX Warning: Citation `stern20' on page 3 undefined on input line 830.


LaTeX Warning: Citation `stern21' on page 3 undefined on input line 830.


LaTeX Warning: Citation `calderbank87' on page 3 undefined on input line 830.


LaTeX Warning: Citation `forney88' on page 3 undefined on input line 830.


LaTeX Warning: Citation `forney89b' on page 3 undefined on input line 830.


LaTeX Warning: Citation `wei87' on page 3 undefined on input line 830.


LaTeX Warning: Citation `wei87' on page 3 undefined on input line 830.


LaTeX Warning: Citation `forney88' on page 3 undefined on input line 830.


LaTeX Warning: Citation `forney89b' on page 3 undefined on input line 830.


LaTeX Warning: Reference `fig:partition chain' on page 3 undefined on input lin
e 837.


LaTeX Warning: Reference `tab:partition chain' on page 3 undefined on input lin
e 837.


LaTeX Warning: Citation `pook23' on page 3 undefined on input line 837.


LaTeX Warning: Citation `conway99book' on page 3 undefined on input line 837.


LaTeX Warning: Citation `forney89b' on page 3 undefined on input line 837.


LaTeX Warning: Citation `forney88' on page 3 undefined on input line 837.

LaTeX Font Info:    Trying to load font information for TS1+ptm on input line 8
37.
(/usr/local/texlive/2021/texmf-dist/tex/latex/psnfss/ts1ptm.fd
File: ts1ptm.fd 2001/06/04 font definitions for TS1/ptm.
)

LaTeX Warning: Reference `tab:partition chain' on page 3 undefined on input lin
e 837.

[3 <./figures/partition_chain.png>]

LaTeX Warning: Reference `tab:CosetRep' on page 4 undefined on input line 839.


LaTeX Warning: Reference `Alg:map1' on page 4 undefined on input line 878.


LaTeX Warning: Reference `Alg:demap1' on page 4 undefined on input line 878.


Underfull \hbox (badness 1383) in paragraph at lines 883--885
\T1/ptm/m/n/10 Preprocessing: The par-ti-tion chain $\OT1/cmr/m/n/10 ^^C[]\OML/
cmm/m/it/10 =\OT1/cmr/m/n/10 ^^C[]\OML/cmm/m/it/10 = [] =\OT1/cmr/m/n/10 ^^C[]\
OML/cmm/m/it/10 =\OT1/cmr/m/n/10 ^^C[]$ \T1/ptm/m/n/10 is
 []


LaTeX Warning: Reference `eq:SP_coset' on page 4 undefined on input line 897.

[4]

LaTeX Warning: Reference `eq:c2b' on page 5 undefined on input line 948.


LaTeX Warning: Reference `eq:leftbitsBRGC' on page 5 undefined on input line 94
8.


LaTeX Warning: Reference `eq:SP_coset' on page 5 undefined on input line 963.


LaTeX Warning: Reference `eq:coset_reps' on page 5 undefined on input line 963.



LaTeX Warning: Reference `eq:u' on page 5 undefined on input line 963.


LaTeX Warning: Reference `eq:t' on page 5 undefined on input line 963.


LaTeX Warning: Reference `Alg:map2' on page 5 undefined on input line 978.


LaTeX Warning: Reference `Alg:demap2' on page 5 undefined on input line 978.


LaTeX Warning: Reference `eq:coset_reps' on page 5 undefined on input line 983.



Underfull \hbox (badness 10000) in paragraph at lines 982--984
\T1/ptm/m/n/10 Preprocessing: Given the par-ti-tion chain
 []


LaTeX Warning: Reference `eq:coset_reps' on page 5 undefined on input line 995.



Underfull \hbox (badness 10000) in paragraph at lines 994--996
\T1/ptm/m/n/10 Preprocessing: Given the par-ti-tion chain
 []


LaTeX Warning: Reference `Fig:labeling' on page 5 undefined on input line 1017.


<figures/labeling1.png, id=48, 754.236pt x 375.585pt>
File: figures/labeling1.png Graphic file (type png)
<use figures/labeling1.png>
Package pdftex.def Info: figures/labeling1.png  used on input line 1023.
(pdftex.def)             Requested size: 252.94499pt x 125.96072pt.

Overfull \hbox (0.94499pt too wide) in paragraph at lines 1023--1024
 [][] 
 []

<figures/labeling2.png, id=50, 754.236pt x 375.585pt>
File: figures/labeling2.png Graphic file (type png)
<use figures/labeling2.png>
Package pdftex.def Info: figures/labeling2.png  used on input line 1029.
(pdftex.def)             Requested size: 252.94499pt x 125.96072pt.

Overfull \hbox (0.94499pt too wide) in paragraph at lines 1029--1030
 [][] 
 []

<figures/labeling3.png, id=51, 754.236pt x 375.585pt>
File: figures/labeling3.png Graphic file (type png)
<use figures/labeling3.png>
Package pdftex.def Info: figures/labeling3.png  used on input line 1035.
(pdftex.def)             Requested size: 252.94499pt x 125.96072pt.

Overfull \hbox (0.94499pt too wide) in paragraph at lines 1035--1036
 [][] 
 []


LaTeX Warning: Reference `sec:labeling' on page 5 undefined on input line 1048.


[5]

LaTeX Warning: Citation `forney1965concatenated' on page 6 undefined on input l
ine 1050.


LaTeX Warning: Citation `barakatain2020' on page 6 undefined on input line 1050
.


LaTeX Warning: Citation `dvbs2' on page 6 undefined on input line 1050.


LaTeX Warning: Citation `400ZR' on page 6 undefined on input line 1050.


LaTeX Warning: Citation `stern21' on page 6 undefined on input line 1050.


LaTeX Warning: Citation `wicker1999reed' on page 6 undefined on input line 1050
.


LaTeX Warning: Citation `wang23' on page 6 undefined on input line 1050.


LaTeX Warning: Citation `forney1965bch' on page 6 undefined on input line 1050.



LaTeX Warning: Citation `smith2011staircase' on page 6 undefined on input line 
1050.


LaTeX Warning: Citation `sukmadji2019zipper' on page 6 undefined on input line 
1050.

<figures/BICM.png, id=55, 851.034pt x 256.668pt>
File: figures/BICM.png Graphic file (type png)
<use figures/BICM.png>
Package pdftex.def Info: figures/BICM.png  used on input line 1057.
(pdftex.def)             Requested size: 390.25755pt x 117.69664pt.

LaTeX Warning: Citation `caire98' on page 6 undefined on input line 1058.


LaTeX Warning: Citation `caire98' on page 6 undefined on input line 1058.

<figures/MLCM.png, id=56, 1005.429pt x 312.732pt>
File: figures/MLCM.png Graphic file (type png)
<use figures/MLCM.png>
Package pdftex.def Info: figures/MLCM.png  used on input line 1063.
(pdftex.def)             Requested size: 505.89pt x 157.35338pt.

Underfull \vbox (badness 5985) has occurred while \output is active []



LaTeX Warning: Reference `eq:MI' on page 6 undefined on input line 1080.


LaTeX Warning: Citation `agrell11' on page 6 undefined on input line 1080.


LaTeX Warning: Reference `sec:pseudo' on page 6 undefined on input line 1086.


LaTeX Warning: Reference `Fig:BICM' on page 6 undefined on input line 1086.


LaTeX Warning: Citation `viterbi98' on page 6 undefined on input line 1090.


Overfull \hbox (17.12926pt too wide) detected at line 1093
[]
 []


LaTeX Warning: Reference `eq:IndependentLLR' on page 6 undefined on input line 
1095.


LaTeX Warning: Citation `ourTC' on page 6 undefined on input line 1095.


LaTeX Warning: Citation `ourTC' on page 6 undefined on input line 1095.


LaTeX Warning: Citation `ourTC' on page 6 undefined on input line 1099.

[6 <./figures/labeling1.png> <./figures/labeling2.png> <./figures/labeling3.png
>]
Underfull \hbox (badness 2809) in paragraph at lines 1101--1102
[]\T1/ptm/m/n/10 The bit la-bels of the points in the Eu-clidean ball
 []


LaTeX Warning: Reference `eq:LLR_EUball' on page 7 undefined on input line 1111
.


LaTeX Warning: Reference `eq:ball' on page 7 undefined on input line 1111.


LaTeX Warning: Reference `eq:MI' on page 7 undefined on input line 1114.


LaTeX Warning: Citation `imai77' on page 7 undefined on input line 1118.


LaTeX Warning: Citation `wachsmann99' on page 7 undefined on input line 1118.


LaTeX Warning: Reference `Fig:MLCM' on page 7 undefined on input line 1120.

[7 <./figures/BICM.png> <./figures/MLCM.png>]

LaTeX Warning: Reference `Fig:MLCM' on page 8 undefined on input line 1124.


LaTeX Warning: Reference `eq:LLR_EUball' on page 8 undefined on input line 1148
.


LaTeX Warning: Reference `sec:hybrid' on page 8 undefined on input line 1227.


LaTeX Warning: Reference `Fig:MLCM' on page 8 undefined on input line 1227.


LaTeX Warning: Reference `eq:b2c' on page 8 undefined on input line 1227.


LaTeX Warning: Reference `eq:xhat' on page 8 undefined on input line 1227.


LaTeX Warning: Reference `eq:b2c' on page 8 undefined on input line 1236.


LaTeX Warning: Reference `eq:LLR_MLC' on page 8 undefined on input line 1236.


Underfull \vbox (badness 1259) has occurred while \output is active []

 [8]

LaTeX Warning: Reference `eq:LLR_Hybrid' on page 9 undefined on input line 1245
.


LaTeX Warning: Reference `eq:coset_reps' on page 9 undefined on input line 1245
.


LaTeX Warning: Reference `eq:c2b' on page 9 undefined on input line 1245.


LaTeX Warning: Reference `eq:coset_reps' on page 9 undefined on input line 1245
.


LaTeX Warning: Reference `eq:c2b' on page 9 undefined on input line 1245.

(./uncoded_SE6.tex
Package pgfplots info on input line 75: Using 'lua backend=false' for axis: ymo
de=log unsupported (yet).
PGFPlots: reading {./figures/BER/uncoded_SE6.txt}
PGFPlots: reading {./figures/BER/uncoded_SE6.txt}
PGFPlots: reading {./figures/BER/uncoded_SE6.txt}
PGFPlots: reading {./figures/BER/uncoded_SE6.txt}
) (./uncoded_SE8.tex
Package pgfplots info on input line 75: Using 'lua backend=false' for axis: ymo
de=log unsupported (yet).
PGFPlots: reading {./figures/BER/uncoded_SE8.txt}
PGFPlots: reading {./figures/BER/uncoded_SE8.txt}
PGFPlots: reading {./figures/BER/uncoded_SE8.txt}
PGFPlots: reading {./figures/BER/uncoded_SE8.txt}
) (./uncoded_SE10.tex
Package pgfplots info on input line 75: Using 'lua backend=false' for axis: ymo
de=log unsupported (yet).
PGFPlots: reading {./figures/BER/uncoded_SE10.txt}
PGFPlots: reading {./figures/BER/uncoded_SE10.txt}
PGFPlots: reading {./figures/BER/uncoded_SE10.txt}
PGFPlots: reading {./figures/BER/uncoded_SE10.txt}
)
(./uncoded_SE12.tex
Package pgfplots info on input line 75: Using 'lua backend=false' for axis: ymo
de=log unsupported (yet).
PGFPlots: reading {./figures/BER/uncoded_SE12.txt}
PGFPlots: reading {./figures/BER/uncoded_SE12.txt}
PGFPlots: reading {./figures/BER/uncoded_SE12.txt}
PGFPlots: reading {./figures/BER/uncoded_SE12.txt}
) (./coded_SE6.tex
Package pgfplots info on input line 76: Using 'lua backend=false' for axis: ymo
de=log unsupported (yet).
PGFPlots: reading {./figures/LDPC/8D/QAM_BICM_SE6.txt}
PGFPlots: reading {./figures/LDPC/8D/QAM_hybrid_SE6.txt}
PGFPlots: reading {./figures/LDPC/8D/VC_BICM_SE6.txt}
PGFPlots: reading {./figures/LDPC/8D/VC_hybrid_SE6.txt}
PGFPlots: reading {./figures/LDPC/24D/VC_hybrid_SE6.txt}

Overfull \hbox (3.21873pt too wide) in paragraph at lines 110--111
 [][] 
 []

) (./coded_SE8.tex
Package pgfplots info on input line 76: Using 'lua backend=false' for axis: ymo
de=log unsupported (yet).
PGFPlots: reading {./figures/LDPC/8D/QAM_BICM_SE8.txt}
PGFPlots: reading {./figures/LDPC/8D/QAM_hybrid_SE8.txt}
PGFPlots: reading {./figures/LDPC/8D/QAM_SP_SE8.txt}
PGFPlots: reading {./figures/LDPC/8D/VC_BICM_SE8.txt}
PGFPlots: reading {./figures/LDPC/8D/VC_hybrid_SE8.txt}
PGFPlots: reading {./figures/LDPC/24D/VC_hybrid_SE8.txt}

Overfull \hbox (3.21931pt too wide) in paragraph at lines 117--118
 [][] 
 []

) (./coded_SE10.tex
Package pgfplots info on input line 76: Using 'lua backend=false' for axis: ymo
de=log unsupported (yet).
PGFPlots: reading {./figures/LDPC/8D/QAM_BICM_SE10.txt}

NOTE: coordinate (29.6,0) has been dropped because it is unbounded (in y). (see
 also unbounded coords=jump). 
PGFPlots: reading {./figures/LDPC/8D/QAM_hybrid_SE10.txt}
PGFPlots: reading {./figures/LDPC/8D/VC_BICM_SE10.txt}
PGFPlots: reading {./figures/LDPC/8D/VC_hybrid_SE10.txt}
PGFPlots: reading {./figures/LDPC/24D/VC_hybrid_SE10.txt}
) (./coded_SE12.tex
Package pgfplots info on input line 76: Using 'lua backend=false' for axis: ymo
de=log unsupported (yet).
PGFPlots: reading {./figures/LDPC/8D/QAM_BICM_SE12.txt}
PGFPlots: reading {./figures/LDPC/8D/QAM_hybrid_SE12.txt}
PGFPlots: reading {./figures/LDPC/8D/VC_BICM_SE12.txt}
PGFPlots: reading {./figures/LDPC/8D/VC_hybrid_SE12.txt}
PGFPlots: reading {./figures/LDPC/8D/VC_SP_SE12.txt}
PGFPlots: reading {./figures/LDPC/24D/VC_hybrid_SE12.txt}
)

LaTeX Warning: Reference `eq:LLR_EUball' on page 9 undefined on input line 1415
.


LaTeX Warning: Reference `eq:LLR_Hybrid' on page 9 undefined on input line 1415
.


LaTeX Warning: Reference `eq:LLR_MLC' on page 9 undefined on input line 1415.


LaTeX Warning: Reference `eq:LLR_EUball' on page 9 undefined on input line 1415
.


LaTeX Warning: Reference `eq:LLR_Hybrid' on page 9 undefined on input line 1415
.


LaTeX Warning: Reference `eq:LLR_MLC' on page 9 undefined on input line 1415.


LaTeX Warning: Reference `sec:CM' on page 9 undefined on input line 1454.


LaTeX Warning: Citation `caire98' on page 9 undefined on input line 1454.


LaTeX Warning: Citation `ifabregas08book' on page 9 undefined on input line 145
4.


LaTeX Warning: Citation `stern20' on page 9 undefined on input line 1454.


LaTeX Warning: Citation `stern21' on page 9 undefined on input line 1454.


LaTeX Warning: Reference `sec:hybrid' on page 9 undefined on input line 1454.


LaTeX Warning: Citation `isaka98' on page 9 undefined on input line 1454.


LaTeX Warning: Citation `yuan6g21' on page 9 undefined on input line 1454.


LaTeX Warning: Citation `cho19' on page 9 undefined on input line 1456.


LaTeX Warning: Citation `zhugeofc13' on page 9 undefined on input line 1456.


LaTeX Warning: Citation `zhoujlt13' on page 9 undefined on input line 1456.


LaTeX Warning: Citation `zhoucm13' on page 9 undefined on input line 1456.


LaTeX Warning: Citation `principle' on page 9 undefined on input line 1468.


LaTeX Warning: Citation `ourjlt' on page 9 undefined on input line 1470.


LaTeX Warning: Reference `tab:VCs' on page 9 undefined on input line 1470.

[9]

LaTeX Warning: Reference `fig:uncodedBER' on page 10 undefined on input line 14
72.


LaTeX Warning: Citation `ourjlt' on page 10 undefined on input line 1472.


LaTeX Warning: Reference `fig:coded8D' on page 10 undefined on input line 1474.



LaTeX Warning: Citation `dvbs2' on page 10 undefined on input line 1474.


LaTeX Warning: Reference `tab:CMparameters' on page 10 undefined on input line 
1474.


LaTeX Warning: Reference `tab:CMparameters' on page 10 undefined on input line 
1474.


LaTeX Warning: Citation `sukmadji2019zipper' on page 10 undefined on input line
 1474.


Underfull \vbox (badness 5161) has occurred while \output is active []



LaTeX Warning: Reference `fig:coded8D' on page 10 undefined on input line 1476.



LaTeX Warning: Citation `ourjlt' on page 10 undefined on input line 1476.


LaTeX Warning: Reference `fig:codedSE8' on page 10 undefined on input line 1478
.


LaTeX Warning: Citation `wachsmann99' on page 10 undefined on input line 1478.


LaTeX Warning: Reference `eq:Ii' on page 10 undefined on input line 1478.


Underfull \vbox (badness 10000) has occurred while \output is active []

 [10]

LaTeX Warning: Reference `eq:CMIQAM' on page 11 undefined on input line 1483.


LaTeX Warning: Reference `fig:CMIQAM' on page 11 undefined on input line 1483.


LaTeX Warning: Reference `fig:CMIQAM' on page 11 undefined on input line 1483.


LaTeX Warning: Reference `fig:codedSE12' on page 11 undefined on input line 148
5.


LaTeX Warning: Reference `eq:MI' on page 11 undefined on input line 1485.


LaTeX Warning: Citation `wachsmann99' on page 11 undefined on input line 1485.


Underfull \hbox (badness 1642) in paragraph at lines 1485--1486
[]\T1/ptm/m/n/10 In Fig. [], we show the BER per-for-mance of $\OML/cmm/m/it/10
 E[]$
 []


Underfull \hbox (badness 2443) in paragraph at lines 1485--1486
\T1/ptm/m/n/10 with MLCM and SP map-ping. The par-ti-tion chain is
 []


Overfull \hbox (8.761pt too wide) detected at line 1489
[]
 []


LaTeX Warning: Reference `eq:conditionalMI' on page 11 undefined on input line 
1490.


LaTeX Warning: Reference `fig:CMIVC' on page 11 undefined on input line 1490.


LaTeX Warning: Citation `ourTC' on page 11 undefined on input line 1490.


LaTeX Warning: Citation `ourjlt' on page 11 undefined on input line 1490.


LaTeX Warning: Reference `fig:CMIVC' on page 11 undefined on input line 1490.


LaTeX Warning: Reference `fig:codedSE12' on page 11 undefined on input line 149
0.

(./CMI_QAM.tex
PGFPlots: reading {./figures/MI/CMI-256QAM.txt}
PGFPlots: reading {./figures/MI/CMI-256QAM.txt}
PGFPlots: reading {./figures/MI/CMI-256QAM.txt}
PGFPlots: reading {./figures/MI/CMI-256QAM.txt}
PGFPlots: reading {./figures/MI/CMI-256QAM.txt}
PGFPlots: reading {./figures/MI/CMI-256QAM.txt}
PGFPlots: reading {./figures/MI/CMI-256QAM.txt}
PGFPlots: reading {./figures/MI/CMI-256QAM.txt}
) [11] (./conditional.tex
PGFPlots: reading {./figures/MI/conditional.txt}
PGFPlots: reading {./figures/MI/conditional.txt}
PGFPlots: reading {./figures/MI/conditional.txt}
PGFPlots: reading {./figures/MI/conditional.txt}
PGFPlots: reading {./figures/MI/conditional.txt}
PGFPlots: reading {./figures/MI/conditional.txt}
PGFPlots: reading {./figures/MI/conditional.txt}
PGFPlots: reading {./figures/MI/conditional.txt}
)

LaTeX Warning: Reference `fig:coded8D' on page 12 undefined on input line 1505.



LaTeX Warning: Citation `ourTC' on page 12 undefined on input line 1505.


LaTeX Warning: Reference `fig:16D' on page 12 undefined on input line 1507.


LaTeX Warning: Reference `fig:coded16D' on page 12 undefined on input line 1507
.

(./uncodedBER16D.tex
Package pgfplots info on input line 75: Using 'lua backend=false' for axis: ymo
de=log unsupported (yet).
PGFPlots: reading {./figures/BER/uncoded_16D.txt}
PGFPlots: reading {./figures/BER/uncoded_16D.txt}
PGFPlots: reading {./figures/BER/uncoded_16D.txt}
PGFPlots: reading {./figures/BER/uncoded_16D2.txt}
PGFPlots: reading {./figures/BER/uncoded_16D2.txt}

NOTE: coordinate (1Y4.2607e1],0) has been dropped because it is unbounded (in y
). (see also unbounded coords=jump). 
PGFPlots: reading {./figures/BER/uncoded_16D2.txt}
NOTE: coordinate (1Y4.2607e1],0) has been dropped because it is unbounded (in y
). (see also unbounded coords=jump). 
) (./fig6b.tex
Package pgfplots info on input line 76: Using 'lua backend=false' for axis: ymo
de=log unsupported (yet).
PGFPlots: reading {./figures/BER/QAM16D_BICM.txt}
PGFPlots: reading {./figures/BER/QAM16D_hybrid2.txt}
PGFPlots: reading {./figures/BER/VC16D_BICM.txt}
PGFPlots: reading {./figures/BER/VC16D_hybrid2.txt}
)

LaTeX Warning: Reference `eq:LLR_EUball' on page 12 undefined on input line 153
2.


LaTeX Warning: Reference `eq:LLR_Hybrid' on page 12 undefined on input line 153
2.


LaTeX Warning: Reference `eq:LLR_EUball' on page 12 undefined on input line 153
2.


LaTeX Warning: Reference `eq:LLR_Hybrid' on page 12 undefined on input line 153
2.

No file 2308.00407_pdflatex.bbl.

Package balance Warning: You have called \balance in second column
(balance)                Columns might not be balanced.

[12] [13]
(/Users/jovyntan/Desktop/work/fyp/exploration/diff_test_tex_engines/bin/compile
d_tex_pdf/2308.00407/2308.00407_pdflatex.aux)

LaTeX Warning: There were undefined references.


LaTeX Warning: Label(s) may have changed. Rerun to get cross-references right.

 ) 
Here is how much of TeX's memory you used:
 32651 strings out of 478994
 808430 string characters out of 5858184
 1376576 words of memory out of 5000000
 49414 multiletter control sequences out of 15000+600000
 531887 words of font info for 184 fonts, out of 8000000 for 9000
 1144 hyphenation exceptions out of 8191
 113i,21n,117p,1812b,2470s stack positions out of 5000i,500n,10000p,200000b,80000s
{/usr/local/texlive/2021/texmf-dist/fonts/enc/dvips/base/8r.enc}</usr/local/t
exlive/2021/texmf-dist/fonts/type1/public/amsfonts/cm/cmbx10.pfb></usr/local/te
xlive/2021/texmf-dist/fonts/type1/public/amsfonts/cm/cmex10.pfb></usr/local/tex
live/2021/texmf-dist/fonts/type1/public/amsfonts/cmextra/cmex7.pfb></usr/local/
texlive/2021/texmf-dist/fonts/type1/public/amsfonts/cmextra/cmex8.pfb></usr/loc
al/texlive/2021/texmf-dist/fonts/type1/public/amsfonts/cm/cmmi10.pfb></usr/loca
l/texlive/2021/texmf-dist/fonts/type1/public/amsfonts/cm/cmmi5.pfb></usr/local/
texlive/2021/texmf-dist/fonts/type1/public/amsfonts/cm/cmmi6.pfb></usr/local/te
xlive/2021/texmf-dist/fonts/type1/public/amsfonts/cm/cmmi7.pfb></usr/local/texl
ive/2021/texmf-dist/fonts/type1/public/amsfonts/cm/cmmi8.pfb></usr/local/texliv
e/2021/texmf-dist/fonts/type1/public/amsfonts/cm/cmmi9.pfb></usr/local/texlive/
2021/texmf-dist/fonts/type1/public/amsfonts/cm/cmmib10.pfb></usr/local/texlive/
2021/texmf-dist/fonts/type1/public/amsfonts/cmextra/cmmib7.pfb></usr/local/texl
ive/2021/texmf-dist/fonts/type1/public/amsfonts/cmextra/cmmib8.pfb></usr/local/
texlive/2021/texmf-dist/fonts/type1/public/amsfonts/cmextra/cmmib9.pfb></usr/lo
cal/texlive/2021/texmf-dist/fonts/type1/public/amsfonts/cm/cmr10.pfb></usr/loca
l/texlive/2021/texmf-dist/fonts/type1/public/amsfonts/cm/cmr5.pfb></usr/local/t
exlive/2021/texmf-dist/fonts/type1/public/amsfonts/cm/cmr6.pfb></usr/local/texl
ive/2021/texmf-dist/fonts/type1/public/amsfonts/cm/cmr7.pfb></usr/local/texlive
/2021/texmf-dist/fonts/type1/public/amsfonts/cm/cmr8.pfb></usr/local/texlive/20
21/texmf-dist/fonts/type1/public/amsfonts/cm/cmr9.pfb></usr/local/texlive/2021/
texmf-dist/fonts/type1/public/amsfonts/cm/cmsy10.pfb></usr/local/texlive/2021/t
exmf-dist/fonts/type1/public/amsfonts/cm/cmsy5.pfb></usr/local/texlive/2021/tex
mf-dist/fonts/type1/public/amsfonts/cm/cmsy6.pfb></usr/local/texlive/2021/texmf
-dist/fonts/type1/public/amsfonts/cm/cmsy7.pfb></usr/local/texlive/2021/texmf-d
ist/fonts/type1/public/amsfonts/cm/cmsy8.pfb></usr/local/texlive/2021/texmf-dis
t/fonts/type1/public/amsfonts/symbols/msam10.pfb></usr/local/texlive/2021/texmf
-dist/fonts/type1/public/amsfonts/symbols/msbm10.pfb></usr/local/texlive/2021/t
exmf-dist/fonts/type1/public/amsfonts/symbols/msbm7.pfb></usr/local/texlive/202
1/texmf-dist/fonts/type1/urw/times/utmb8a.pfb></usr/local/texlive/2021/texmf-di
st/fonts/type1/urw/times/utmbi8a.pfb></usr/local/texlive/2021/texmf-dist/fonts/
type1/urw/times/utmr8a.pfb></usr/local/texlive/2021/texmf-dist/fonts/type1/urw/
times/utmri8a.pfb>
Output written on /Users/jovyntan/Desktop/work/fyp/exploration/diff_test_tex_en
gines/bin/compiled_tex_pdf/2308.00407/2308.00407_pdflatex.pdf (13 pages, 836676
 bytes).
PDF statistics:
 193 PDF objects out of 1000 (max. 8388607)
 132 compressed objects within 2 object streams
 0 named destinations out of 1000 (max. 500000)
 43 words of extra memory for PDF output out of 10000 (max. 10000000)

