This is pdfTeX, Version 3.141592653-2.6-1.40.22 (TeX Live 2021) (preloaded format=pdflatex)
 restricted \write18 enabled.
entering extended mode
(./AE-GC.tex
LaTeX2e <2020-10-01> patch level 4
L3 programming layer <2021-02-18>
(/usr/local/texlive/2021/texmf-dist/tex/latex/IEEEtran/IEEEtran.cls
Document Class: IEEEtran 2015/08/26 V1.8b by Michael Shell
-- See the "IEEEtran_HOWTO" manual for usage information.
-- http://www.michaelshell.org/tex/ieeetran/
(/usr/local/texlive/2021/texmf-dist/tex/latex/psnfss/ot1ptm.fd)
-- Using 8.5in x 11in (letter) paper.
-- Using PDF output.
-- This is a 10 point document.
) (/usr/local/texlive/2021/texmf-dist/tex/latex/tools/bm.sty)
(/usr/local/texlive/2021/texmf-dist/tex/latex/setspace/setspace.sty)
(/usr/local/texlive/2021/texmf-dist/tex/latex/cite/cite.sty)
(/usr/local/texlive/2021/texmf-dist/tex/latex/amscls/amsthm.sty)
(/usr/local/texlive/2021/texmf-dist/tex/latex/graphics/epsfig.sty
(/usr/local/texlive/2021/texmf-dist/tex/latex/graphics/graphicx.sty
(/usr/local/texlive/2021/texmf-dist/tex/latex/graphics/keyval.sty)
(/usr/local/texlive/2021/texmf-dist/tex/latex/graphics/graphics.sty
(/usr/local/texlive/2021/texmf-dist/tex/latex/graphics/trig.sty)
(/usr/local/texlive/2021/texmf-dist/tex/latex/graphics-cfg/graphics.cfg)
(/usr/local/texlive/2021/texmf-dist/tex/latex/graphics-def/pdftex.def))))
(/usr/local/texlive/2021/texmf-dist/tex/latex/amsmath/amsmath.sty
For additional information on amsmath, use the `?' option.
(/usr/local/texlive/2021/texmf-dist/tex/latex/amsmath/amstext.sty
(/usr/local/texlive/2021/texmf-dist/tex/latex/amsmath/amsgen.sty))
(/usr/local/texlive/2021/texmf-dist/tex/latex/amsmath/amsbsy.sty)
(/usr/local/texlive/2021/texmf-dist/tex/latex/amsmath/amsopn.sty))
(/usr/local/texlive/2021/texmf-dist/tex/latex/amsfonts/amssymb.sty
(/usr/local/texlive/2021/texmf-dist/tex/latex/amsfonts/amsfonts.sty))
(/usr/local/texlive/2021/texmf-dist/tex/latex/base/latexsym.sty)
(/usr/local/texlive/2021/texmf-dist/tex/latex/enumitem/enumitem.sty)
(/usr/local/texlive/2021/texmf-dist/tex/latex/mathtools/mathtools.sty
(/usr/local/texlive/2021/texmf-dist/tex/latex/tools/calc.sty)
(/usr/local/texlive/2021/texmf-dist/tex/latex/mathtools/mhsetup.sty))
(/usr/local/texlive/2021/texmf-dist/tex/latex/graphics/color.sty
(/usr/local/texlive/2021/texmf-dist/tex/latex/graphics-cfg/color.cfg))
(/usr/local/texlive/2021/texmf-dist/tex/latex/optidef/optidef.sty
(/usr/local/texlive/2021/texmf-dist/tex/latex/environ/environ.sty
(/usr/local/texlive/2021/texmf-dist/tex/latex/trimspaces/trimspaces.sty))
(/usr/local/texlive/2021/texmf-dist/tex/latex/xifthen/xifthen.sty
(/usr/local/texlive/2021/texmf-dist/tex/latex/base/ifthen.sty)
(/usr/local/texlive/2021/texmf-dist/tex/latex/ifmtarg/ifmtarg.sty))
(/usr/local/texlive/2021/texmf-dist/tex/latex/etoolbox/etoolbox.sty)
(/usr/local/texlive/2021/texmf-dist/tex/latex/l3packages/xparse/xparse.sty
(/usr/local/texlive/2021/texmf-dist/tex/latex/l3kernel/expl3.sty
(/usr/local/texlive/2021/texmf-dist/tex/latex/l3backend/l3backend-pdftex.def))
(/usr/local/texlive/2021/texmf-dist/tex/latex/l3packages/xparse/xparse-2020-10-
01.sty
(/usr/local/texlive/2021/texmf-dist/tex/latex/l3packages/xparse/xparse-generic.
tex)))) (/usr/local/texlive/2021/texmf-dist/tex/latex/lettrine/lettrine.sty
(/usr/local/texlive/2021/texmf-dist/tex/generic/minifp/minifp.sty)
Loading lettrine.cfg
(/usr/local/texlive/2021/texmf-dist/tex/latex/lettrine/lettrine.cfg))
(/usr/local/texlive/2021/texmf-dist/tex/latex/tools/multicol.sty)
(/usr/local/texlive/2021/texmf-dist/tex/latex/sttools/flushend.sty)
(/usr/local/texlive/2021/texmf-dist/tex/latex/wasysym/wasysym.sty)
(/usr/local/texlive/2021/texmf-dist/tex/latex/float/float.sty)
(/usr/local/texlive/2021/texmf-dist/tex/latex/algorithms/algorithm.sty)
(/usr/local/texlive/2021/texmf-dist/tex/latex/algorithmicx/algpseudocode.sty
(/usr/local/texlive/2021/texmf-dist/tex/latex/algorithmicx/algorithmicx.sty
Document Style algorithmicx 1.2 - a greatly improved `algorithmic' style
)
Document Style - pseudocode environments for use with the `algorithmicx' style
) (/usr/local/texlive/2021/texmf-dist/tex/latex/xcolor/xcolor.sty
(/usr/local/texlive/2021/texmf-dist/tex/latex/graphics-cfg/color.cfg))
(/usr/local/texlive/2021/texmf-dist/tex/latex/sttools/cuted.sty)
(/usr/local/texlive/2021/texmf-dist/tex/latex/url/url.sty)
(/usr/local/texlive/2021/texmf-dist/tex/latex/caption/caption.sty
(/usr/local/texlive/2021/texmf-dist/tex/latex/caption/caption3.sty)

Package caption Warning: Unknown document class (or package),
(caption)                standard defaults will be used.
See the caption package documentation for explanation.

) (/usr/local/texlive/2021/texmf-dist/tex/latex/caption/subcaption.sty)
No file 2308.02892_pdflatex.aux.
-- Lines per column: 56 (exact).
(/usr/local/texlive/2021/texmf-dist/tex/context/base/mkii/supp-pdf.mkii
[Loading MPS to PDF converter (version 2006.09.02).]
) (/usr/local/texlive/2021/texmf-dist/tex/latex/epstopdf-pkg/epstopdf-base.sty
(/usr/local/texlive/2021/texmf-dist/tex/latex/latexconfig/epstopdf-sys.cfg))
(/usr/local/texlive/2021/texmf-dist/tex/latex/amsfonts/umsa.fd)
(/usr/local/texlive/2021/texmf-dist/tex/latex/amsfonts/umsb.fd)
(/usr/local/texlive/2021/texmf-dist/tex/latex/base/ulasy.fd)
(/usr/local/texlive/2021/texmf-dist/tex/latex/wasysym/uwasy.fd)
(/usr/local/texlive/2021/texmf-dist/tex/latex/psnfss/t1ptm.fd)
(/usr/local/texlive/2021/texmf-dist/tex/latex/psnfss/omsptm.fd)
** WARNING: \IEEEaftertitletext is locked out when in conference mode (line 77)
.

Underfull \hbox (badness 6380) in paragraph at lines 153--155
[]\OT1/ptm/b/it/9 Index Terms\OT1/ptm/b/n/9 ---Secure Deep-JSCC, data-driven se
-cu-rity,

LaTeX Warning: Citation `SC' on page 1 undefined on input line 162.


LaTeX Warning: Citation `AdHoc' on page 1 undefined on input line 164.


LaTeX Warning: Citation `Im-retriev-deniz' on page 1 undefined on input line 16
4.


LaTeX Warning: Citation `caching' on page 1 undefined on input line 164.


LaTeX Warning: Citation `arxive' on page 1 undefined on input line 165.


LaTeX Warning: Citation `medical' on page 1 undefined on input line 165.


LaTeX Warning: Citation `6G-PLS' on page 1 undefined on input line 169.


LaTeX Warning: Citation `WSKG-letter' on page 1 undefined on input line 170.


LaTeX Warning: Citation `WSKG-GC' on page 1 undefined on input line 170.


LaTeX Warning: Citation `DJSCC-Deniz' on page 1 undefined on input line 180.


LaTeX Warning: Citation `BW-agile' on page 1 undefined on input line 180.


LaTeX Warning: Citation `vtc2022' on page 1 undefined on input line 180.


LaTeX Warning: Citation `Eduard-AE' on page 1 undefined on input line 186.


LaTeX Warning: Citation `MI-estim-channel_coding' on page 1 undefined on input 
line 207.


LaTeX Warning: Citation `MI-Wiretap-estim' on page 1 undefined on input line 20
7.


LaTeX Warning: Citation `Eduard-AE' on page 1 undefined on input line 207.


LaTeX Warning: Citation `DJSCC-Deniz' on page 1 undefined on input line 230.


LaTeX Warning: Citation `AE-Deniz' on page 1 undefined on input line 233.


LaTeX Warning: Citation `Ecenaz-icassp' on page 1 undefined on input line 233.


LaTeX Warning: Citation `AE-Deniz' on page 1 undefined on input line 236.


LaTeX Warning: Citation `Ecenaz-icassp' on page 1 undefined on input line 236.


LaTeX Warning: Reference `fig:SysModel' on page 1 undefined on input line 241.


LaTeX Warning: Citation `AE-Deniz' on page 1 undefined on input line 249.


LaTeX Warning: Citation `Ecenaz-icassp' on page 1 undefined on input line 249.


LaTeX Warning: Citation `AE-Deniz' on page 1 undefined on input line 251.


LaTeX Warning: Citation `Ecenaz-icassp' on page 1 undefined on input line 251.


LaTeX Warning: Citation `Eduard-AE' on page 1 undefined on input line 252.

[1{/usr/local/texlive/2021/texmf-var/fonts/map/pdftex/updmap/pdftex.map}]
Overfull \hbox (19.01982pt too wide) in paragraph at lines 298--303
 [][] 

LaTeX Warning: Reference `fig:SysModel' on page 2 undefined on input line 314.


LaTeX Warning: Citation `DJSCC-Deniz' on page 2 undefined on input line 318.


LaTeX Warning: Citation `DJSCC-Deniz' on page 2 undefined on input line 318.


LaTeX Warning: Citation `ensemble' on page 2 undefined on input line 332.


LaTeX Warning: Citation `DJSCC-Deniz' on page 2 undefined on input line 352.


LaTeX Warning: Citation `DJSCC-Deniz' on page 2 undefined on input line 352.


LaTeX Warning: Command \textcompwordmark invalid in math mode on input line 393
.


LaTeX Warning: Command \textcompwordmark invalid in math mode on input line 393
.


LaTeX Warning: Citation `funnel' on page 2 undefined on input line 412.


LaTeX Warning: Reference `eq:P0' on page 2 undefined on input line 433.


LaTeX Warning: Citation `MI-approx' on page 2 undefined on input line 433.


LaTeX Warning: Command \textcompwordmark invalid in math mode on input line 441
.


LaTeX Warning: Command \textcompwordmark invalid in math mode on input line 441
.


LaTeX Font Warning: Font shape `U/wasy/b/n' in size <7> not available
(Font)              Font shape `U/wasy/m/n' tried instead on input line 441.


LaTeX Font Warning: Font shape `U/wasy/b/n' in size <5> not available
(Font)              Font shape `U/wasy/m/n' tried instead on input line 441.


LaTeX Warning: Command \textcompwordmark invalid in math mode on input line 441
.


LaTeX Warning: Command \textcompwordmark invalid in math mode on input line 441
.


Overfull \hbox (8.3994pt too wide) detected at line 441
[]

LaTeX Warning: Reference `eq:P1' on page 2 undefined on input line 450.


LaTeX Warning: Reference `eq:P1' on page 2 undefined on input line 453.


Underfull \vbox (badness 10000) has occurred while \output is active [2 <./AE_S
ysMod_8-eps-converted-to.pdf>]

LaTeX Warning: Citation `DJSCC-Deniz' on page 3 undefined on input line 498.


LaTeX Warning: Reference `fig:DNN' on page 3 undefined on input line 504.


LaTeX Warning: Reference `fig:DNN-Advs' on page 3 undefined on input line 505.


LaTeX Warning: Citation `AE-Deniz' on page 3 undefined on input line 530.


LaTeX Warning: Citation `Ecenaz-icassp' on page 3 undefined on input line 530.


LaTeX Warning: Reference `fig:DNN-Advs' on page 3 undefined on input line 534.


LaTeX Warning: Reference `eq:P-DL' on page 3 undefined on input line 540.


LaTeX Warning: Citation `AE-Deniz' on page 3 undefined on input line 572.


LaTeX Warning: Citation `Ecenaz-icassp' on page 3 undefined on input line 572.


LaTeX Warning: Citation `Eduard-AE' on page 3 undefined on input line 572.


LaTeX Warning: Citation `MI-Wiretap-estim' on page 3 undefined on input line 57
2.


LaTeX Warning: Citation `MI-estim-channel_coding' on page 3 undefined on input 
line 572.


LaTeX Warning: Reference `eq:P-DL-CE' on page 3 undefined on input line 578.

[3 <./AE_SysMod_5-eps-converted-to.pdf> <./AE_SysMod_6-eps-converted-to.pdf>]
Overfull \hbox (1.52194pt too wide) detected at line 594
[]

LaTeX Warning: Citation `AE-Deniz' on page 4 undefined on input line 642.


LaTeX Warning: Citation `ssim-learning' on page 4 undefined on input line 687.


LaTeX Warning: Citation `CIFARdataset' on page 4 undefined on input line 794.


LaTeX Warning: Citation `adam' on page 4 undefined on input line 837.

[4 <./acc_ours_colluding_rev2_v2-eps-converted-to.pdf> <./acc_ours_Nak_and_awgn
_colluding_rev_v2-eps-converted-to.pdf>]

LaTeX Warning: Reference `fig:acc' on page 5 undefined on input line 845.


LaTeX Warning: Reference `fig:acc_Nak' on page 5 undefined on input line 848.


LaTeX Warning: Citation `ensemble' on page 5 undefined on input line 858.


LaTeX Warning: Reference `fig:acc_Nak' on page 5 undefined on input line 871.


LaTeX Warning: Reference `fig: ssim_ablation_test' on page 5 undefined on input
 line 908.


LaTeX Warning: Citation `AE-Deniz' on page 5 undefined on input line 916.


LaTeX Warning: Citation `Deniz-GDN' on page 5 undefined on input line 916.


LaTeX Warning: Reference `fig: ssim_ablation_test' on page 5 undefined on input
 line 922.


LaTeX Warning: Reference `fig:3d_coeffs' on page 5 undefined on input line 950.



LaTeX Warning: Reference `eq:distortion' on page 5 undefined on input line 955.



LaTeX Warning: Reference `eq:L_AB-LE' on page 5 undefined on input line 955.


LaTeX Warning: Reference `eq:distortion' on page 5 undefined on input line 957.



LaTeX Warning: Reference `eq:P0' on page 5 undefined on input line 959.


LaTeX Warning: Reference `eq:P-DL-CE' on page 5 undefined on input line 959.


LaTeX Warning: Reference `eq:L_AB-LE' on page 5 undefined on input line 959.


LaTeX Warning: Reference `fig:3d_coeffs' on page 5 undefined on input line 964.


[5 <./ablation_ssim_acc_3adv-eps-converted-to.pdf>] [6 <./3d_subplot2-eps-conve
rted-to.pdf>]

** Conference Paper **
Before submitting the final camera ready copy, remember to:

 1. Manually equalize the lengths of two columns on the last page
 of your paper;

 2. Ensure that any PostScript and/or PDF output post-processing
 uses only Type 1 fonts and that every step in the generation
 process uses the appropriate paper size.

[7]
(/Users/jovyntan/Desktop/work/fyp/exploration/diff_test_tex_engines/bin/compile
d_tex_pdf/2308.02892/2308.02892_pdflatex.aux)

LaTeX Warning: There were undefined references.


LaTeX Warning: Label(s) may have changed. Rerun to get cross-references right.

 )
(\end occurred inside a group at level 2)

### simple group (level 2) entered at line 814 ({)
### simple group (level 1) entered at line 648 ({)
### bottom level
(see the transcript file for additional information){/usr/local/texlive/2021/te
xmf-dist/fonts/enc/dvips/base/8r.enc}</usr/local/texlive/2021/texmf-dist/fonts/
type1/public/amsfonts/cm/cmbx10.pfb></usr/local/texlive/2021/texmf-dist/fonts/t
ype1/public/amsfonts/cm/cmbx7.pfb></usr/local/texlive/2021/texmf-dist/fonts/typ
e1/public/amsfonts/cm/cmex10.pfb></usr/local/texlive/2021/texmf-dist/fonts/type
1/public/amsfonts/cm/cmmi10.pfb></usr/local/texlive/2021/texmf-dist/fonts/type1
/public/amsfonts/cm/cmmi5.pfb></usr/local/texlive/2021/texmf-dist/fonts/type1/p
ublic/amsfonts/cm/cmmi6.pfb></usr/local/texlive/2021/texmf-dist/fonts/type1/pub
lic/amsfonts/cm/cmmi7.pfb></usr/local/texlive/2021/texmf-dist/fonts/type1/publi
c/amsfonts/cm/cmmi8.pfb></usr/local/texlive/2021/texmf-dist/fonts/type1/public/
amsfonts/cm/cmmi9.pfb></usr/local/texlive/2021/texmf-dist/fonts/type1/public/am
sfonts/cm/cmmib10.pfb></usr/local/texlive/2021/texmf-dist/fonts/type1/public/am
sfonts/cmextra/cmmib7.pfb></usr/local/texlive/2021/texmf-dist/fonts/type1/publi
c/amsfonts/cm/cmr10.pfb></usr/local/texlive/2021/texmf-dist/fonts/type1/public/
amsfonts/cm/cmr5.pfb></usr/local/texlive/2021/texmf-dist/fonts/type1/public/ams
fonts/cm/cmr6.pfb></usr/local/texlive/2021/texmf-dist/fonts/type1/public/amsfon
ts/cm/cmr7.pfb></usr/local/texlive/2021/texmf-dist/fonts/type1/public/amsfonts/
cm/cmr8.pfb></usr/local/texlive/2021/texmf-dist/fonts/type1/public/amsfonts/cm/
cmr9.pfb></usr/local/texlive/2021/texmf-dist/fonts/type1/public/amsfonts/cm/cms
s10.pfb></usr/local/texlive/2021/texmf-dist/fonts/type1/public/amsfonts/cm/cmss
8.pfb></usr/local/texlive/2021/texmf-dist/fonts/type1/public/amsfonts/cm/cmsy10
.pfb></usr/local/texlive/2021/texmf-dist/fonts/type1/public/amsfonts/cm/cmsy5.p
fb></usr/local/texlive/2021/texmf-dist/fonts/type1/public/amsfonts/cm/cmsy6.pfb
></usr/local/texlive/2021/texmf-dist/fonts/type1/public/amsfonts/cm/cmsy7.pfb><
/usr/local/texlive/2021/texmf-dist/fonts/type1/public/amsfonts/cm/cmsy8.pfb></u
sr/local/texlive/2021/texmf-dist/fonts/type1/public/amsfonts/cm/cmsy9.pfb></usr
/local/texlive/2021/texmf-dist/fonts/type1/public/amsfonts/symbols/msbm10.pfb><
/usr/local/texlive/2021/texmf-dist/fonts/type1/urw/times/utmb8a.pfb></usr/local
/texlive/2021/texmf-dist/fonts/type1/urw/times/utmbi8a.pfb></usr/local/texlive/
2021/texmf-dist/fonts/type1/urw/times/utmr8a.pfb></usr/local/texlive/2021/texmf
-dist/fonts/type1/urw/times/utmri8a.pfb>
Output written on /Users/jovyntan/Desktop/work/fyp/exploration/diff_test_tex_en
gines/bin/compiled_tex_pdf/2308.02892/2308.02892_pdflatex.pdf (7 pages, 746600 
bytes).
Transcript written on /Users/jovyntan/Desktop/work/fyp/exploration/diff_test_te
x_engines/bin/compiled_tex_pdf/2308.02892/2308.02892_pdflatex.log.
