This is pdfTeX, Version 3.141592653-2.6-1.40.22 (TeX Live 2021) (preloaded format=pdflatex)
 restricted \write18 enabled.
entering extended mode
(./main.tex
LaTeX2e <2020-10-01> patch level 4
L3 programming layer <2021-02-18>
(/usr/local/texlive/2021/texmf-dist/tex/latex/IEEEtran/IEEEtran.cls
Document Class: IEEEtran 2015/08/26 V1.8b by Michael Shell
-- See the "IEEEtran_HOWTO" manual for usage information.
-- http://www.michaelshell.org/tex/ieeetran/
(/usr/local/texlive/2021/texmf-dist/tex/latex/psnfss/ot1ptm.fd)
-- Using 8.5in x 11in (letter) paper.
-- Using PDF output.
-- This is a 12 point document.
) (/usr/local/texlive/2021/texmf-dist/tex/latex/base/fontenc.sty
(/usr/local/texlive/2021/texmf-dist/tex/latex/psnfss/t1ptm.fd))
(/usr/local/texlive/2021/texmf-dist/tex/latex/cite/cite.sty)
(/usr/local/texlive/2021/texmf-dist/tex/latex/amscls/amsthm.sty)
(/usr/local/texlive/2021/texmf-dist/tex/latex/amsmath/amsmath.sty
For additional information on amsmath, use the `?' option.
(/usr/local/texlive/2021/texmf-dist/tex/latex/amsmath/amstext.sty
(/usr/local/texlive/2021/texmf-dist/tex/latex/amsmath/amsgen.sty))
(/usr/local/texlive/2021/texmf-dist/tex/latex/amsmath/amsbsy.sty)
(/usr/local/texlive/2021/texmf-dist/tex/latex/amsmath/amsopn.sty))
(/usr/local/texlive/2021/texmf-dist/tex/latex/amsfonts/amssymb.sty
(/usr/local/texlive/2021/texmf-dist/tex/latex/amsfonts/amsfonts.sty))
(/usr/local/texlive/2021/texmf-dist/tex/latex/tools/bm.sty)
(/usr/local/texlive/2021/texmf-dist/tex/latex/jknapltx/mathrsfs.sty)
(/usr/local/texlive/2021/texmf-dist/tex/latex/graphics/graphicx.sty
(/usr/local/texlive/2021/texmf-dist/tex/latex/graphics/keyval.sty)
(/usr/local/texlive/2021/texmf-dist/tex/latex/graphics/graphics.sty
(/usr/local/texlive/2021/texmf-dist/tex/latex/graphics/trig.sty)
(/usr/local/texlive/2021/texmf-dist/tex/latex/graphics-cfg/graphics.cfg)
(/usr/local/texlive/2021/texmf-dist/tex/latex/graphics-def/pdftex.def)))
(/usr/local/texlive/2021/texmf-dist/tex/latex/enumitem/enumitem.sty)
(/usr/local/texlive/2021/texmf-dist/tex/latex/algorithms/algorithm.sty
(/usr/local/texlive/2021/texmf-dist/tex/latex/float/float.sty)
(/usr/local/texlive/2021/texmf-dist/tex/latex/base/ifthen.sty))
(/usr/local/texlive/2021/texmf-dist/tex/latex/algorithms/algorithmic.sty)
(/usr/local/texlive/2021/texmf-dist/tex/latex/tools/array.sty)
(/usr/local/texlive/2021/texmf-dist/tex/latex/subfigure/subfigure.sty
****************************************
* Local config file subfigure.cfg used *
****************************************
(/usr/local/texlive/2021/texmf-dist/tex/latex/subfigure/subfigure.cfg))
(/usr/local/texlive/2021/texmf-dist/tex/latex/psfrag/psfrag.sty)
(/usr/local/texlive/2021/texmf-dist/tex/latex/booktabs/booktabs.sty)
(/usr/local/texlive/2021/texmf-dist/tex/latex/tools/tabularx.sty)
(/usr/local/texlive/2021/texmf-dist/tex/latex/xcolor/xcolor.sty
(/usr/local/texlive/2021/texmf-dist/tex/latex/graphics-cfg/color.cfg))
(/usr/local/texlive/2021/texmf-dist/tex/latex/subfig/subfig.sty
(/usr/local/texlive/2021/texmf-dist/tex/latex/caption/caption3.sty))
(/usr/local/texlive/2021/texmf-dist/tex/latex/l3backend/l3backend-pdftex.def)
No file 2308.01515_pdflatex.aux.
-- Lines per column: 32 (exact).
(/usr/local/texlive/2021/texmf-dist/tex/context/base/mkii/supp-pdf.mkii
[Loading MPS to PDF converter (version 2006.09.02).]
) (/usr/local/texlive/2021/texmf-dist/tex/latex/epstopdf-pkg/epstopdf-base.sty
(/usr/local/texlive/2021/texmf-dist/tex/latex/latexconfig/epstopdf-sys.cfg))
Overfull \hbox (2.77805pt too wide) in paragraph at lines 487--487
[]\T1/ptm/m/n/10 In in-tel-li-gent re-flect-ing sur-face (IRS) as-sisted com-mu
-ni-ca-tion, beam search is usu-ally time-consuming
[1
Non-PDF special ignored!
<special> header=psfrag.pro
{/usr/local/texlive/2021/texmf-var/fonts/map/pdftex/updmap/pdftex.map}]

LaTeX Warning: Citation `DBLP:journals/tcom/WuZZYZ21' on page 2 undefined on in
put line 529.


LaTeX Warning: Citation `DBLP:journals/tcom/WuZZYZ21' on page 2 undefined on in
put line 529.


LaTeX Warning: Citation `DBLP:journals/icl/JamaliNSP21' on page 2 undefined on 
input line 529.


LaTeX Warning: Citation `DBLP:journals/icl/JamaliNSP21' on page 2 undefined on 
input line 529.


LaTeX Warning: Citation `DBLP:conf/sigcomm/HassaniehARAKI18' on page 2 undefine
d on input line 529.


LaTeX Warning: Citation `DBLP:journals/cm/GiordaniMZ16' on page 2 undefined on 
input line 533.


LaTeX Warning: Citation `DBLP:journals/corr/abs-1711-05456' on page 2 undefined
 on input line 533.


LaTeX Warning: Citation `DBLP:conf/iccchina/LuLDFHG21' on page 2 undefined on i
nput line 533.


LaTeX Warning: Citation `DBLP:conf/wowmom/DevotiFC18' on page 2 undefined on in
put line 533.


LaTeX Warning: Citation `DBLP:conf/wcnc/ChenCW18' on page 2 undefined on input 
line 533.


LaTeX Warning: Citation `DBLP:journals/access/AlkhateebAVLQT18' on page 2 undef
ined on input line 533.


LaTeX Warning: Citation `DBLP:journals/jsac/YouZZ20' on page 2 undefined on inp
ut line 533.


LaTeX Warning: Citation `DBLP:journals/twc/Papazafeiropoulos22' on page 2 undef
ined on input line 533.


LaTeX Warning: Citation `DBLP:journals/wcl/ZhengZ20' on page 2 undefined on inp
ut line 533.


LaTeX Warning: Citation `DBLP:journals/wcl/ZhiPRW21a' on page 2 undefined on in
put line 533.


LaTeX Warning: Citation `DBLP:journals/icl/Zhang0Z020' on page 2 undefined on i
nput line 533.


LaTeX Warning: Citation `DBLP:journals/twc/ZhengYZ20' on page 2 undefined on in
put line 533.


LaTeX Warning: Citation `DBLP:journals/tcom/WangLJYW21' on page 2 undefined on 
input line 533.


LaTeX Warning: Citation `DBLP:journals/icl/OmidSPDN22' on page 2 undefined on i
nput line 533.


LaTeX Warning: Citation `DBLP:journals/jsac/YanYHK20' on page 2 undefined on in
put line 533.


LaTeX Warning: Citation `DBLP:journals/twc/PerovicTRF21' on page 2 undefined on
 input line 533.


LaTeX Warning: Citation `DBLP:conf/wcnc/WeiLW17' on page 2 undefined on input l
ine 533.


LaTeX Warning: Citation `DBLP:journals/twc/XiaoHXX16' on page 2 undefined on in
put line 533.


LaTeX Warning: Citation `DBLP:journals/wcl/MeiZ21' on page 2 undefined on input
 line 533.


LaTeX Warning: Citation `DBLP:conf/pimrc/GuoMS17' on page 2 undefined on input 
line 534.


LaTeX Warning: Citation `DBLP:journals/tvt/GaoDYW16' on page 2 undefined on inp
ut line 534.


LaTeX Warning: Citation `DBLP:conf/ncc/JainRKS22' on page 2 undefined on input 
line 534.


LaTeX Warning: Citation `DBLP:conf/wiopt/GuoMS17' on page 2 undefined on input 
line 534.


LaTeX Warning: Citation `DBLP:journals/wicomm/GuoMS18' on page 2 undefined on i
nput line 534.

[2]

LaTeX Warning: Citation `DBLP:journals/twc/XiaoHXX16' on page 3 undefined on in
put line 538.


LaTeX Warning: Citation `DBLP:conf/icc/Zhang022a' on page 3 undefined on input 
line 538.


LaTeX Warning: Citation `DBLP:journals/icl/JamaliNSP21' on page 3 undefined on 
input line 538.


LaTeX Warning: Citation `DBLP:journals/tit/Chu72' on page 3 undefined on input 
line 538.


LaTeX Warning: Citation `DBLP:journals/icl/PengT18' on page 3 undefined on inpu
t line 538.

[3] (/usr/local/texlive/2021/texmf-dist/tex/latex/amsfonts/umsa.fd)
(/usr/local/texlive/2021/texmf-dist/tex/latex/amsfonts/umsb.fd)
(/usr/local/texlive/2021/texmf-dist/tex/latex/jknapltx/ursfs.fd) [4] [5]

LaTeX Warning: Reference `cascaded channel' on page 6 undefined on input line 6
10.


LaTeX Warning: Reference `cascaded channel' on page 6 undefined on input line 6
10.

[6 <./IRS_scenario-eps-converted-to.pdf>]

LaTeX Warning: Reference `appendixB' on page 7 undefined on input line 624.


LaTeX Warning: Reference `received signal' on page 7 undefined on input line 63
1.


Overfull \hbox (10.37646pt too wide) in paragraph at lines 634--636
\T1/ptm/m/n/12 Then the change in vari-ables $\OML/cmm/b/it/12 d\OT1/cmr/bx/n/1
2 ^^H\OML/cmm/b/it/12 a \OT1/cmr/m/n/12 = \OML/cmm/b/it/12 ^^W[]h[]$ \T1/ptm/m/
n/12 is ap-plied, where $\OML/cmm/b/it/12 ^^W \OT1/cmr/m/n/12 = [\OML/cmm/m/it/
12 e[]; e[]; []  ; e[]\OT1/cmr/m/n/12 ][]$\T1/ptm/m/n/12 .
[7]

LaTeX Warning: Citation `DBLP:journals/wcl/CaiYYHLZ21' on page 8 undefined on i
nput line 662.


LaTeX Warning: Citation `DBLP:conf/wcnc/WeiLW17' on page 8 undefined on input l
ine 672.

[8]

LaTeX Warning: Reference `array factor' on page 9 undefined on input line 685.


LaTeX Warning: Reference `array factor final' on page 9 undefined on input line
 694.


LaTeX Warning: Reference `u array factor' on page 9 undefined on input line 698
.

[9]

LaTeX Warning: Reference `appendixA' on page 10 undefined on input line 708.


LaTeX Warning: Reference `narrow beam' on page 10 undefined on input line 724.


LaTeX Warning: Reference `widebeamcondition' on page 10 undefined on input line
 744.


LaTeX Warning: Reference `g_represent' on page 10 undefined on input line 749.

[10] (/usr/local/texlive/2021/texmf-dist/tex/latex/psnfss/omsptm.fd) [11]

LaTeX Warning: Reference `array factor on whole f' on page 12 undefined on inpu
t line 793.


LaTeX Warning: Reference `widebeamcondition' on page 12 undefined on input line
 793.


LaTeX Warning: Reference `differential equation' on page 12 undefined on input 
line 802.


LaTeX Warning: Reference `solution of de' on page 12 undefined on input line 80
6.


LaTeX Warning: Reference `g&fmu' on page 12 undefined on input line 817.


LaTeX Warning: Reference `fx_ofwidebeam' on page 12 undefined on input line 825
.


Overfull \hbox (9.02325pt too wide) detected at line 830
\OML/cmm/m/it/12 g[]\OT1/cmr/m/n/12 (\OML/cmm/m/it/12 n[]\OT1/cmr/m/n/12 ) = \O
MS/cmsy/m/n/12 ^^@\OT1/cmr/m/n/12 ([]([][])[] + []))[]  = \OMS/cmsy/m/n/12 ^^@\
OT1/cmr/m/n/12 ([]([] \OMS/cmsy/m/n/12 ^^@ []\OT1/cmr/m/n/12 ) + \OML/cmm/m/it/
12 n[][]\OT1/cmr/m/n/12 )\OML/cmm/m/it/12 :
[12]

LaTeX Warning: Citation `DBLP:journals/tvt/NingCCDF21' on page 13 undefined on 
input line 844.


LaTeX Warning: Reference `anasou' on page 13 undefined on input line 860.

[13]

LaTeX Warning: Reference `codebook_u' on page 14 undefined on input line 868.


Overfull \hbox (1.00258pt too wide) in paragraph at lines 871--872
 [][] 

LaTeX Warning: Reference `array factor final' on page 14 undefined on input lin
e 884.


LaTeX Warning: Reference `guv' on page 14 undefined on input line 884.


LaTeX Warning: Reference `received signal' on page 14 undefined on input line 8
88.


LaTeX Warning: Reference `dphia' on page 14 undefined on input line 888.


LaTeX Warning: Reference `alg1' on page 14 undefined on input line 892.

[14 <./codebook_u-eps-converted-to.pdf>]

LaTeX Warning: Reference `JSPhi' on page 15 undefined on input line 908.


LaTeX Warning: Reference `JSbest' on page 15 undefined on input line 909.


LaTeX Warning: Reference `anasou' on page 15 undefined on input line 921.

[15 <./JS_codebook-eps-converted-to.pdf>]

LaTeX Warning: Reference `DWSPhi' on page 16 undefined on input line 959.


LaTeX Warning: Reference `DWSp*' on page 16 undefined on input line 960.


LaTeX Warning: Reference `DWSPhi2' on page 16 undefined on input line 965.


LaTeX Warning: Reference `DWSq*' on page 16 undefined on input line 966.

[16]

LaTeX Warning: Reference `alg2' on page 17 undefined on input line 986.

[17 <./DWS_codebook-eps-converted-to.pdf>] [18]

LaTeX Warning: Reference `t1' on page 19 undefined on input line 1002.


LaTeX Warning: Reference `continues phaseshift' on page 19 undefined on input l
ine 1002.


LaTeX Warning: Reference `discrete phaseshift' on page 19 undefined on input li
ne 1002.


LaTeX Warning: Citation `DBLP:journals/wcl/MaZZ22' on page 19 undefined on inpu
t line 1010.


LaTeX Warning: Citation `DBLP:journals/wcl/FanZH19' on page 19 undefined on inp
ut line 1012.


LaTeX Warning: Reference `t2' on page 19 undefined on input line 1022.

[19]

LaTeX Warning: Citation `DBLP:journals/wcl/FanZH19' on page 20 undefined on inp
ut line 1061.


LaTeX Warning: Citation `DBLP:journals/wcl/MaZZ22' on page 20 undefined on inpu
t line 1061.


LaTeX Warning: Citation `DBLP:journals/wcl/YouZZ20' on page 20 undefined on inp
ut line 1061.


LaTeX Warning: Citation `DBLP:journals/icl/SinghK22' on page 20 undefined on in
put line 1061.


LaTeX Warning: Citation `DBLP:journals/twc/XiaoHXX16' on page 20 undefined on i
nput line 1061.


Underfull \hbox (badness 10000) in paragraph at lines 1061--1061
[]|\T1/ptm/m/n/9 Sub-array and

Underfull \hbox (badness 1721) in paragraph at lines 1061--1061
\T1/ptm/m/n/9 beam com-bi-na-tion

Underfull \hbox (badness 3503) in paragraph at lines 1061--1061
\T1/ptm/m/n/9 meth-ods [\T1/ptm/b/n/9 ?\T1/ptm/m/n/9 ], [\T1/ptm/b/n/9 ?\T1/ptm
/m/n/9 ],
[20]

LaTeX Warning: Reference `f1' on page 21 undefined on input line 1077.


LaTeX Warning: Reference `f1' on page 21 undefined on input line 1077.


LaTeX Warning: Reference `f1' on page 21 undefined on input line 1077.


LaTeX Warning: Reference `f1' on page 21 undefined on input line 1077.


LaTeX Warning: Reference `f1' on page 21 undefined on input line 1079.

[21]

LaTeX Warning: Reference `f1' on page 22 undefined on input line 1081.


LaTeX Warning: Reference `f2' on page 22 undefined on input line 1092.


LaTeX Warning: Reference `f2' on page 22 undefined on input line 1092.


LaTeX Warning: Reference `f2' on page 22 undefined on input line 1092.


LaTeX Warning: Reference `f3' on page 22 undefined on input line 1105.

[22] [23 <./f1_1-eps-converted-to.pdf> <./f1_2-eps-converted-to.pdf> <./f1_3-ep
s-converted-to.pdf>]
Overfull \hbox (72.77052pt too wide) in paragraph at lines 1110--1111
 [][] 

LaTeX Warning: Reference `beamshape' on page 24 undefined on input line 1123.


LaTeX Warning: Citation `DBLP:journals/twc/XiaoHXX16' on page 24 undefined on i
nput line 1133.

[24 <./f2_1-eps-converted-to.pdf> <./f2_2-eps-converted-to.pdf> <./f2_3-eps-con
verted-to.pdf>] [25 <./f3-eps-converted-to.pdf> <./beamshape-eps-converted-to.p
df>]

LaTeX Warning: Reference `f4' on page 26 undefined on input line 1143.

[26]

LaTeX Warning: Reference `f5' on page 27 undefined on input line 1157.


LaTeX Warning: Reference `f6' on page 27 undefined on input line 1157.

[27 <./misrate_SNR-eps-converted-to.pdf> <./misrate_ant_20-eps-converted-to.pdf
>] [28 <./misrate_ant_10-eps-converted-to.pdf>] [29]

LaTeX Warning: Reference `P1=P2' on page 30 undefined on input line 1312.


LaTeX Warning: Reference `b1b2equation' on page 30 undefined on input line 1312
.


LaTeX Warning: Reference `betah' on page 30 undefined on input line 1312.


LaTeX Warning: Reference `betav' on page 30 undefined on input line 1312.


LaTeX Warning: Reference `u array factor' on page 30 undefined on input line 13
24.


LaTeX Warning: Reference `Pwithcontinuesf' on page 30 undefined on input line 1
331.

[30]

LaTeX Warning: Reference `appendixA3' on page 31 undefined on input line 1335.


LaTeX Warning: Reference `muQd' on page 31 undefined on input line 1344.


LaTeX Warning: Reference `muQd' on page 31 undefined on input line 1344.


LaTeX Warning: Reference `integral of mu' on page 31 undefined on input line 13
48.


LaTeX Warning: Reference `appendixA3' on page 31 undefined on input line 1348.


LaTeX Warning: Reference `appendixA6' on page 31 undefined on input line 1352.


LaTeX Warning: Reference `g_represent' on page 31 undefined on input line 1352.


No file 2308.01515_pdflatex.bbl.
[31]
(/Users/jovyntan/Desktop/work/fyp/exploration/diff_test_tex_engines/bin/compile
d_tex_pdf/2308.01515/2308.01515_pdflatex.aux)

LaTeX Warning: There were undefined references.


LaTeX Warning: Label(s) may have changed. Rerun to get cross-references right.

 )
(see the transcript file for additional information){/usr/local/texlive/2021/te
xmf-dist/fonts/enc/dvips/base/8r.enc}</usr/local/texlive/2021/texmf-dist/fonts/
type1/public/amsfonts/cm/cmbx12.pfb></usr/local/texlive/2021/texmf-dist/fonts/t
ype1/public/amsfonts/cm/cmex10.pfb></usr/local/texlive/2021/texmf-dist/fonts/ty
pe1/public/amsfonts/cmextra/cmex8.pfb></usr/local/texlive/2021/texmf-dist/fonts
/type1/public/amsfonts/cm/cmmi12.pfb></usr/local/texlive/2021/texmf-dist/fonts/
type1/public/amsfonts/cm/cmmi6.pfb></usr/local/texlive/2021/texmf-dist/fonts/ty
pe1/public/amsfonts/cm/cmmi8.pfb></usr/local/texlive/2021/texmf-dist/fonts/type
1/public/amsfonts/cm/cmmi9.pfb></usr/local/texlive/2021/texmf-dist/fonts/type1/
public/amsfonts/cm/cmmib10.pfb></usr/local/texlive/2021/texmf-dist/fonts/type1/
public/amsfonts/cmextra/cmmib8.pfb></usr/local/texlive/2021/texmf-dist/fonts/ty
pe1/public/amsfonts/cm/cmr12.pfb></usr/local/texlive/2021/texmf-dist/fonts/type
1/public/amsfonts/cm/cmr6.pfb></usr/local/texlive/2021/texmf-dist/fonts/type1/p
ublic/amsfonts/cm/cmr8.pfb></usr/local/texlive/2021/texmf-dist/fonts/type1/publ
ic/amsfonts/cm/cmr9.pfb></usr/local/texlive/2021/texmf-dist/fonts/type1/public/
amsfonts/cm/cmsy10.pfb></usr/local/texlive/2021/texmf-dist/fonts/type1/public/a
msfonts/cm/cmsy6.pfb></usr/local/texlive/2021/texmf-dist/fonts/type1/public/ams
fonts/cm/cmsy8.pfb></usr/local/texlive/2021/texmf-dist/fonts/type1/public/amsfo
nts/cm/cmsy9.pfb></usr/local/texlive/2021/texmf-dist/fonts/type1/public/amsfont
s/symbols/msbm10.pfb></usr/local/texlive/2021/texmf-dist/fonts/type1/urw/times/
utmb8a.pfb></usr/local/texlive/2021/texmf-dist/fonts/type1/urw/times/utmr8a.pfb
></usr/local/texlive/2021/texmf-dist/fonts/type1/urw/times/utmri8a.pfb>
Output written on /Users/jovyntan/Desktop/work/fyp/exploration/diff_test_tex_en
gines/bin/compiled_tex_pdf/2308.01515/2308.01515_pdflatex.pdf (31 pages, 215424
9 bytes).
Transcript written on /Users/jovyntan/Desktop/work/fyp/exploration/diff_test_te
x_engines/bin/compiled_tex_pdf/2308.01515/2308.01515_pdflatex.log.
