This is pdfTeX, Version 3.141592653-2.6-1.40.22 (TeX Live 2021) (preloaded format=pdflatex 2021.12.5)  20 AUG 2023 02:08
entering extended mode
 restricted \write18 enabled.
 %&-line parsing enabled.
**CoMP_NOMA_downlink.tex
(./CoMP_NOMA_downlink.tex
LaTeX2e <2020-10-01> patch level 4
L3 programming layer <2021-02-18> (./IEEEtran.cls
Document Class: IEEEtran 2015/08/26 V1.8b by Michael Shell
-- See the "IEEEtran_HOWTO" manual for usage information.
-- http://www.michaelshell.org/tex/ieeetran/
\@IEEEtrantmpdimenA=\dimen138
\@IEEEtrantmpdimenB=\dimen139
\@IEEEtrantmpdimenC=\dimen140
\@IEEEtrantmpcountA=\count179
\@IEEEtrantmpcountB=\count180
\@IEEEtrantmpcountC=\count181
\@IEEEtrantmptoksA=\toks15
LaTeX Font Info:    Trying to load font information for OT1+ptm on input line 5
03.
(/usr/local/texlive/2021/texmf-dist/tex/latex/psnfss/ot1ptm.fd
File: ot1ptm.fd 2001/06/04 font definitions for OT1/ptm.
)
-- Using 8.5in x 11in (letter) paper.
-- Using PDF output.
\@IEEEnormalsizeunitybaselineskip=\dimen141
-- This is a 10 point document.
\CLASSINFOnormalsizebaselineskip=\dimen142
\CLASSINFOnormalsizeunitybaselineskip=\dimen143
\IEEEnormaljot=\dimen144
LaTeX Font Info:    Font shape `OT1/ptm/bx/n' in size <5> not available
(Font)              Font shape `OT1/ptm/b/n' tried instead on input line 1090.
LaTeX Font Info:    Font shape `OT1/ptm/bx/it' in size <5> not available
(Font)              Font shape `OT1/ptm/b/it' tried instead on input line 1090.

LaTeX Font Info:    Font shape `OT1/ptm/bx/n' in size <7> not available
(Font)              Font shape `OT1/ptm/b/n' tried instead on input line 1090.
LaTeX Font Info:    Font shape `OT1/ptm/bx/it' in size <7> not available
(Font)              Font shape `OT1/ptm/b/it' tried instead on input line 1090.

LaTeX Font Info:    Font shape `OT1/ptm/bx/n' in size <8> not available
(Font)              Font shape `OT1/ptm/b/n' tried instead on input line 1090.
LaTeX Font Info:    Font shape `OT1/ptm/bx/it' in size <8> not available
(Font)              Font shape `OT1/ptm/b/it' tried instead on input line 1090.

LaTeX Font Info:    Font shape `OT1/ptm/bx/n' in size <9> not available
(Font)              Font shape `OT1/ptm/b/n' tried instead on input line 1090.
LaTeX Font Info:    Font shape `OT1/ptm/bx/it' in size <9> not available
(Font)              Font shape `OT1/ptm/b/it' tried instead on input line 1090.

LaTeX Font Info:    Font shape `OT1/ptm/bx/n' in size <10> not available
(Font)              Font shape `OT1/ptm/b/n' tried instead on input line 1090.
LaTeX Font Info:    Font shape `OT1/ptm/bx/it' in size <10> not available
(Font)              Font shape `OT1/ptm/b/it' tried instead on input line 1090.

LaTeX Font Info:    Font shape `OT1/ptm/bx/n' in size <11> not available
(Font)              Font shape `OT1/ptm/b/n' tried instead on input line 1090.
LaTeX Font Info:    Font shape `OT1/ptm/bx/it' in size <11> not available
(Font)              Font shape `OT1/ptm/b/it' tried instead on input line 1090.

LaTeX Font Info:    Font shape `OT1/ptm/bx/n' in size <12> not available
(Font)              Font shape `OT1/ptm/b/n' tried instead on input line 1090.
LaTeX Font Info:    Font shape `OT1/ptm/bx/it' in size <12> not available
(Font)              Font shape `OT1/ptm/b/it' tried instead on input line 1090.

LaTeX Font Info:    Font shape `OT1/ptm/bx/n' in size <17> not available
(Font)              Font shape `OT1/ptm/b/n' tried instead on input line 1090.
LaTeX Font Info:    Font shape `OT1/ptm/bx/it' in size <17> not available
(Font)              Font shape `OT1/ptm/b/it' tried instead on input line 1090.

LaTeX Font Info:    Font shape `OT1/ptm/bx/n' in size <20> not available
(Font)              Font shape `OT1/ptm/b/n' tried instead on input line 1090.
LaTeX Font Info:    Font shape `OT1/ptm/bx/it' in size <20> not available
(Font)              Font shape `OT1/ptm/b/it' tried instead on input line 1090.

LaTeX Font Info:    Font shape `OT1/ptm/bx/n' in size <24> not available
(Font)              Font shape `OT1/ptm/b/n' tried instead on input line 1090.
LaTeX Font Info:    Font shape `OT1/ptm/bx/it' in size <24> not available
(Font)              Font shape `OT1/ptm/b/it' tried instead on input line 1090.

\IEEEquantizedlength=\dimen145
\IEEEquantizedlengthdiff=\dimen146
\IEEEquantizedtextheightdiff=\dimen147
\IEEEilabelindentA=\dimen148
\IEEEilabelindentB=\dimen149
\IEEEilabelindent=\dimen150
\IEEEelabelindent=\dimen151
\IEEEdlabelindent=\dimen152
\IEEElabelindent=\dimen153
\IEEEiednormlabelsep=\dimen154
\IEEEiedmathlabelsep=\dimen155
\IEEEiedtopsep=\skip47
\c@section=\count182
\c@subsection=\count183
\c@subsubsection=\count184
\c@paragraph=\count185
\c@IEEEsubequation=\count186
\abovecaptionskip=\skip48
\belowcaptionskip=\skip49
\c@figure=\count187
\c@table=\count188
\@IEEEeqnnumcols=\count189
\@IEEEeqncolcnt=\count190
\@IEEEsubeqnnumrollback=\count191
\@IEEEquantizeheightA=\dimen156
\@IEEEquantizeheightB=\dimen157
\@IEEEquantizeheightC=\dimen158
\@IEEEquantizeprevdepth=\dimen159
\@IEEEquantizemultiple=\count192
\@IEEEquantizeboxA=\box47
\@IEEEtmpitemindent=\dimen160
\IEEEPARstartletwidth=\dimen161
\c@IEEEbiography=\count193
\@IEEEtranrubishbin=\box48
) (/usr/local/texlive/2021/texmf-dist/tex/latex/graphics/graphicx.sty
Package: graphicx 2020/09/09 v1.2b Enhanced LaTeX Graphics (DPC,SPQR)

(/usr/local/texlive/2021/texmf-dist/tex/latex/graphics/keyval.sty
Package: keyval 2014/10/28 v1.15 key=value parser (DPC)
\KV@toks@=\toks16
)
(/usr/local/texlive/2021/texmf-dist/tex/latex/graphics/graphics.sty
Package: graphics 2020/08/30 v1.4c Standard LaTeX Graphics (DPC,SPQR)

(/usr/local/texlive/2021/texmf-dist/tex/latex/graphics/trig.sty
Package: trig 2016/01/03 v1.10 sin cos tan (DPC)
)
(/usr/local/texlive/2021/texmf-dist/tex/latex/graphics-cfg/graphics.cfg
File: graphics.cfg 2016/06/04 v1.11 sample graphics configuration
)
Package graphics Info: Driver file: pdftex.def on input line 105.

(/usr/local/texlive/2021/texmf-dist/tex/latex/graphics-def/pdftex.def
File: pdftex.def 2020/10/05 v1.2a Graphics/color driver for pdftex
))
\Gin@req@height=\dimen162
\Gin@req@width=\dimen163
)
(/usr/local/texlive/2021/texmf-dist/tex/latex/caption/caption.sty
Package: caption 2020/10/26 v3.5g Customizing captions (AR)

(/usr/local/texlive/2021/texmf-dist/tex/latex/caption/caption3.sty
Package: caption3 2020/10/21 v2.2e caption3 kernel (AR)
\captionmargin=\dimen164
\captionmargin@=\dimen165
\captionwidth=\dimen166
\caption@tempdima=\dimen167
\caption@indent=\dimen168
\caption@parindent=\dimen169
\caption@hangindent=\dimen170
Package caption Info: Unknown document class (or package),
(caption)             standard defaults will be used.
Package caption Info: \@makecaption = \long macro:#1#2->\ifx \@captype \@IEEEta
blestring \footnotesize \bgroup \par \centering \@IEEEtabletopskipstrut {\norma
lfont \footnotesize #1}\\{\normalfont \footnotesize \scshape #2}\par \addvspace
 {0.5\baselineskip }\egroup \@IEEEtablecaptionsepspace \else \@IEEEfigurecaptio
nsepspace \setbox \@tempboxa \hbox {\normalfont \footnotesize {#1.}\nobreakspac
e \nobreakspace #2}\ifdim \wd \@tempboxa >\hsize \setbox \@tempboxa \hbox {\nor
malfont \footnotesize {#1.}\nobreakspace \nobreakspace }\parbox [t]{\hsize }{\n
ormalfont \footnotesize \noindent \unhbox \@tempboxa #2}\else \ifCLASSOPTIONcon
ference \hbox to\hsize {\normalfont \footnotesize \hfil \box \@tempboxa \hfil }
\else \hbox to\hsize {\normalfont \footnotesize \box \@tempboxa \hfil }\fi \fi 
\fi  on input line 1139.
)

Package caption Warning: Unknown document class (or package),
(caption)                standard defaults will be used.
See the caption package documentation for explanation.

\c@caption@flags=\count194
\c@continuedfloat=\count195
) (/usr/local/texlive/2021/texmf-dist/tex/latex/algorithm2e/algorithm2e.sty
Package: algorithm2e 2017/07/18 v5.2 algorithms environments
\c@AlgoLine=\count196

(/usr/local/texlive/2021/texmf-dist/tex/latex/base/ifthen.sty
Package: ifthen 2014/09/29 v1.1c Standard LaTeX ifthen package (DPC)
)
\algocf@hangindent=\skip50

(/usr/local/texlive/2021/texmf-dist/tex/latex/ifoddpage/ifoddpage.sty
Package: ifoddpage 2016/04/23 v1.1 Conditionals for odd/even page detection
\c@checkoddpage=\count197
)
(/usr/local/texlive/2021/texmf-dist/tex/latex/tools/xspace.sty
Package: xspace 2014/10/28 v1.13 Space after command names (DPC,MH)
)
(/usr/local/texlive/2021/texmf-dist/tex/latex/relsize/relsize.sty
Package: relsize 2013/03/29 ver 4.1
)
\skiptotal=\skip51
\skiplinenumber=\skip52
\skiprule=\skip53
\skiphlne=\skip54
\skiptext=\skip55
\skiplength=\skip56
\algomargin=\skip57
\skipalgocfslide=\skip58
\algowidth=\dimen171
\inoutsize=\dimen172
\inoutindent=\dimen173
\interspacetitleruled=\dimen174
\interspacealgoruled=\dimen175
\interspacetitleboxruled=\dimen176
\algocf@ruledwidth=\skip59
\algocf@inoutbox=\box49
\algocf@inputbox=\box50
\AlCapSkip=\skip60
\AlCapHSkip=\skip61
\algoskipindent=\skip62
\algocf@nlbox=\box51
\algocf@hangingbox=\box52
\algocf@untilbox=\box53
\algocf@skipuntil=\skip63
\algocf@capbox=\box54
\algocf@lcaptionbox=\skip64
\algoheightruledefault=\skip65
\algoheightrule=\skip66
\algotitleheightruledefault=\skip67
\algotitleheightrule=\skip68
\c@algocfline=\count198
\c@algocfproc=\count199
\c@algocf=\count266
\algocf@algoframe=\box55
\algocf@algobox=\box56
)
(/usr/local/texlive/2021/texmf-dist/tex/latex/subfig/subfig.sty
Package: subfig 2005/06/28 ver: 1.3 subfig package
\c@KVtest=\count267
\sf@farskip=\skip69
\sf@captopadj=\dimen177
\sf@capskip=\skip70
\sf@nearskip=\skip71
\c@subfigure=\count268
\c@subfigure@save=\count269
\c@lofdepth=\count270
\c@subtable=\count271
\c@subtable@save=\count272
\c@lotdepth=\count273
\sf@top=\skip72
\sf@bottom=\skip73
)
(/usr/local/texlive/2021/texmf-dist/tex/latex/tools/indentfirst.sty
Package: indentfirst 1995/11/23 v1.03 Indent first paragraph (DPC)
)
(/usr/local/texlive/2021/texmf-dist/tex/latex/amsmath/amsmath.sty
Package: amsmath 2020/09/23 v2.17i AMS math features
\@mathmargin=\skip74

For additional information on amsmath, use the `?' option.
(/usr/local/texlive/2021/texmf-dist/tex/latex/amsmath/amstext.sty
Package: amstext 2000/06/29 v2.01 AMS text

(/usr/local/texlive/2021/texmf-dist/tex/latex/amsmath/amsgen.sty
File: amsgen.sty 1999/11/30 v2.0 generic functions
\@emptytoks=\toks17
\ex@=\dimen178
))
(/usr/local/texlive/2021/texmf-dist/tex/latex/amsmath/amsbsy.sty
Package: amsbsy 1999/11/29 v1.2d Bold Symbols
\pmbraise@=\dimen179
)
(/usr/local/texlive/2021/texmf-dist/tex/latex/amsmath/amsopn.sty
Package: amsopn 2016/03/08 v2.02 operator names
)
\inf@bad=\count274
LaTeX Info: Redefining \frac on input line 234.
\uproot@=\count275
\leftroot@=\count276
LaTeX Info: Redefining \overline on input line 399.
\classnum@=\count277
\DOTSCASE@=\count278
LaTeX Info: Redefining \ldots on input line 496.
LaTeX Info: Redefining \dots on input line 499.
LaTeX Info: Redefining \cdots on input line 620.
\Mathstrutbox@=\box57
\strutbox@=\box58
\big@size=\dimen180
LaTeX Font Info:    Redeclaring font encoding OML on input line 743.
LaTeX Font Info:    Redeclaring font encoding OMS on input line 744.
\macc@depth=\count279
\c@MaxMatrixCols=\count280
\dotsspace@=\muskip16
\c@parentequation=\count281
\dspbrk@lvl=\count282
\tag@help=\toks18
\row@=\count283
\column@=\count284
\maxfields@=\count285
\andhelp@=\toks19
\eqnshift@=\dimen181
\alignsep@=\dimen182
\tagshift@=\dimen183
\tagwidth@=\dimen184
\totwidth@=\dimen185
\lineht@=\dimen186
\@envbody=\toks20
\multlinegap=\skip75
\multlinetaggap=\skip76
\mathdisplay@stack=\toks21
LaTeX Info: Redefining \[ on input line 2923.
LaTeX Info: Redefining \] on input line 2924.
)
(/usr/local/texlive/2021/texmf-dist/tex/latex/amsfonts/amssymb.sty
Package: amssymb 2013/01/14 v3.01 AMS font symbols

(/usr/local/texlive/2021/texmf-dist/tex/latex/amsfonts/amsfonts.sty
Package: amsfonts 2013/01/14 v3.01 Basic AMSFonts support
\symAMSa=\mathgroup4
\symAMSb=\mathgroup5
LaTeX Font Info:    Redeclaring math symbol \hbar on input line 98.
LaTeX Font Info:    Overwriting math alphabet `\mathfrak' in version `bold'
(Font)                  U/euf/m/n --> U/euf/b/n on input line 106.
))
(/usr/local/texlive/2021/texmf-dist/tex/latex/psnfss/times.sty
Package: times 2020/03/25 PSNFSS-v9.3 (SPQR) 
)
(/usr/local/texlive/2021/texmf-dist/tex/latex/mathtools/mathtools.sty
Package: mathtools 2021/03/18 v1.25 mathematical typesetting tools

(/usr/local/texlive/2021/texmf-dist/tex/latex/tools/calc.sty
Package: calc 2017/05/25 v4.3 Infix arithmetic (KKT,FJ)
\calc@Acount=\count286
\calc@Bcount=\count287
\calc@Adimen=\dimen187
\calc@Bdimen=\dimen188
\calc@Askip=\skip77
\calc@Bskip=\skip78
LaTeX Info: Redefining \setlength on input line 80.
LaTeX Info: Redefining \addtolength on input line 81.
\calc@Ccount=\count288
\calc@Cskip=\skip79
)
(/usr/local/texlive/2021/texmf-dist/tex/latex/mathtools/mhsetup.sty
Package: mhsetup 2021/03/18 v1.4 programming setup (MH)
)
LaTeX Info: Thecontrolsequence`\('isalreadyrobust on input line 130.
LaTeX Info: Thecontrolsequence`\)'isalreadyrobust on input line 130.
LaTeX Info: Thecontrolsequence`\['isalreadyrobust on input line 130.
LaTeX Info: Thecontrolsequence`\]'isalreadyrobust on input line 130.
\g_MT_multlinerow_int=\count289
\l_MT_multwidth_dim=\dimen189
\origjot=\skip80
\l_MT_shortvdotswithinadjustabove_dim=\dimen190
\l_MT_shortvdotswithinadjustbelow_dim=\dimen191
\l_MT_above_intertext_sep=\dimen192
\l_MT_below_intertext_sep=\dimen193
\l_MT_above_shortintertext_sep=\dimen194
\l_MT_below_shortintertext_sep=\dimen195
\xmathstrut@box=\box59
\xmathstrut@dim=\dimen196
)
(/usr/local/texlive/2021/texmf-dist/tex/latex/psfrag/psfrag.sty
Package: psfrag 1998/04/11 v3.04 PSfrag (MCG)
\pfg@pcount=\count290
\pfg@scount=\count291
\pfg@temp=\write3
)
(/usr/local/texlive/2021/texmf-dist/tex/latex/cite/cite.sty
LaTeX Info: Redefining \cite on input line 302.
LaTeX Info: Redefining \nocite on input line 332.
Package: cite 2015/02/27  v 5.5
)
(/usr/local/texlive/2021/texmf-dist/tex/latex/lastpage/lastpage.sty
Package: lastpage 2015/03/29 v1.2m Refers to last page's name (HMM; JPG)
)
(/usr/local/texlive/2021/texmf-dist/tex/latex/fancyhdr/fancyhdr.sty
Package: fancyhdr 2021/01/28 v4.0.1 Extensive control of page headers and foote
rs
\f@nch@headwidth=\skip81
\f@nch@O@elh=\skip82
\f@nch@O@erh=\skip83
\f@nch@O@olh=\skip84
\f@nch@O@orh=\skip85
\f@nch@O@elf=\skip86
\f@nch@O@erf=\skip87
\f@nch@O@olf=\skip88
\f@nch@O@orf=\skip89
)
(/usr/local/texlive/2021/texmf-dist/tex/latex/graphics/color.sty
Package: color 2020/02/24 v1.2b Standard LaTeX Color (DPC)

(/usr/local/texlive/2021/texmf-dist/tex/latex/graphics-cfg/color.cfg
File: color.cfg 2016/01/02 v1.6 sample color configuration
)
Package color Info: Driver file: pdftex.def on input line 147.
)
(/usr/local/texlive/2021/texmf-dist/tex/latex/amscls/amsthm.sty
Package: amsthm 2020/05/29 v2.20.6
\thm@style=\toks22
\thm@bodyfont=\toks23
\thm@headfont=\toks24
\thm@notefont=\toks25
\thm@headpunct=\toks26
\thm@preskip=\skip90
\thm@postskip=\skip91
\thm@headsep=\skip92
\dth@everypar=\toks27
)
(/usr/local/texlive/2021/texmf-dist/tex/latex/bigints/bigints.sty
Package: bigints 2010/02/15 Writing big integrals
Package bigints Info: This is Bigints by Merciadri Luca. on input line 5.
)
\c@Theorem=\count292
\c@Definition=\count293
\c@Example=\count294
\c@Proposition=\count295
\c@Assumption=\count296
\c@Lemma=\count297
\c@Remark=\count298
\c@Corollary=\count299

(/usr/local/texlive/2021/texmf-dist/tex/latex/l3backend/l3backend-pdftex.def
File: l3backend-pdftex.def 2021-03-18 L3 backend support: PDF output (pdfTeX)
\l__color_backend_stack_int=\count300
\l__pdf_internal_box=\box60
)

LaTeX Warning: Unused global option(s):
    [doublecolumn].

No file 2308.00499_pdflatex.aux.
\openout1 = `2308.00499_pdflatex.aux'.

LaTeX Font Info:    Checking defaults for OML/cmm/m/it on input line 74.
LaTeX Font Info:    ... okay on input line 74.
LaTeX Font Info:    Checking defaults for OMS/cmsy/m/n on input line 74.
LaTeX Font Info:    ... okay on input line 74.
LaTeX Font Info:    Checking defaults for OT1/cmr/m/n on input line 74.
LaTeX Font Info:    ... okay on input line 74.
LaTeX Font Info:    Checking defaults for T1/cmr/m/n on input line 74.
LaTeX Font Info:    ... okay on input line 74.
LaTeX Font Info:    Checking defaults for TS1/cmr/m/n on input line 74.
LaTeX Font Info:    ... okay on input line 74.
LaTeX Font Info:    Checking defaults for OMX/cmex/m/n on input line 74.
LaTeX Font Info:    ... okay on input line 74.
LaTeX Font Info:    Checking defaults for U/cmr/m/n on input line 74.
LaTeX Font Info:    ... okay on input line 74.
-- Lines per column: 58 (exact).
(/usr/local/texlive/2021/texmf-dist/tex/context/base/mkii/supp-pdf.mkii
[Loading MPS to PDF converter (version 2006.09.02).]
\scratchcounter=\count301
\scratchdimen=\dimen197
\scratchbox=\box61
\nofMPsegments=\count302
\nofMParguments=\count303
\everyMPshowfont=\toks28
\MPscratchCnt=\count304
\MPscratchDim=\dimen198
\MPnumerator=\count305
\makeMPintoPDFobject=\count306
\everyMPtoPDFconversion=\toks29
) (/usr/local/texlive/2021/texmf-dist/tex/latex/epstopdf-pkg/epstopdf-base.sty
Package: epstopdf-base 2020-01-24 v2.11 Base part for package epstopdf
Package epstopdf-base Info: Redefining graphics rule for `.eps' on input line 4
85.

(/usr/local/texlive/2021/texmf-dist/tex/latex/latexconfig/epstopdf-sys.cfg
File: epstopdf-sys.cfg 2010/07/13 v1.3 Configuration of (r)epstopdf for TeX Liv
e
))
Package caption Info: Begin \AtBeginDocument code.
Package caption Info: subfig package v1.3 is loaded.
Package caption Info: End \AtBeginDocument code.
Package lastpage Info: Please have a look at the pageslts package at
(lastpage)             https://www.ctan.org/pkg/pageslts
(lastpage)             ! on input line 74.
LaTeX Font Info:    Trying to load font information for OMS+ptm on input line 9
0.

(/usr/local/texlive/2021/texmf-dist/tex/latex/psnfss/omsptm.fd
File: omsptm.fd 
)
LaTeX Font Info:    Font shape `OMS/ptm/m/n' in size <8> not available
(Font)              Font shape `OMS/cmsy/m/n' tried instead on input line 90.


LaTeX Warning: Citation `irmer2011coordinated' on page 1 undefined on input lin
e 98.


LaTeX Warning: Citation `maccartney2019millimeter' on page 1 undefined on input
 line 98.


LaTeX Warning: Citation `choi2014non' on page 1 undefined on input line 100.


LaTeX Warning: Citation `ali2018downlink' on page 1 undefined on input line 100
.


LaTeX Warning: Citation `sys2017nnomafeasibility' on page 1 undefined on input 
line 100.


LaTeX Warning: Citation `elhattab2022joint' on page 1 undefined on input line 1
03.


LaTeX Warning: Citation `elhattab2022ris' on page 1 undefined on input line 103
.


LaTeX Warning: Citation `wang2020power' on page 1 undefined on input line 103.


LaTeX Warning: Citation `elhattab2020joint' on page 1 undefined on input line 1
03.


LaTeX Warning: Citation `haenggi2012stochastic' on page 1 undefined on input li
ne 103.


LaTeX Warning: Citation `sys2019PCP' on page 1 undefined on input line 103.


LaTeX Warning: Citation `zhang2020performance' on page 1 undefined on input lin
e 103.


LaTeX Warning: Citation `sun2021outage' on page 1 undefined on input line 103.


LaTeX Warning: Citation `elhattab2020comp' on page 1 undefined on input line 10
4.


LaTeX Warning: Citation `zhang2020performance' on page 1 undefined on input lin
e 106.


LaTeX Warning: Citation `sun2021outage' on page 1 undefined on input line 106.


LaTeX Warning: Citation `elhattab2020comp' on page 1 undefined on input line 10
6.


LaTeX Warning: Citation `tanbourgi2014tractable' on page 1 undefined on input l
ine 108.

LaTeX Font Info:    Trying to load font information for U+msa on input line 110
.
(/usr/local/texlive/2021/texmf-dist/tex/latex/amsfonts/umsa.fd
File: umsa.fd 2013/01/14 v3.01 AMS symbols A
)
LaTeX Font Info:    Trying to load font information for U+msb on input line 110
.

(/usr/local/texlive/2021/texmf-dist/tex/latex/amsfonts/umsb.fd
File: umsb.fd 2013/01/14 v3.01 AMS symbols B
)

LaTeX Warning: Citation `zhang2020performance' on page 1 undefined on input lin
e 110.


LaTeX Warning: Citation `sun2021outage' on page 1 undefined on input line 110.


LaTeX Warning: Citation `elhattab2020comp' on page 1 undefined on input line 11
0.


LaTeX Warning: Reference `system_model' on page 1 undefined on input line 117.


LaTeX Warning: Citation `haenggi2012stochastic' on page 1 undefined on input li
ne 118.


LaTeX Warning: Reference `system_model' on page 1 undefined on input line 120.

[1
Non-PDF special ignored!
<special> header=psfrag.pro
{/usr/local/texlive/2021/texmf-var/fonts/map/pdftex/updmap/pdftex.map}


]
Package epstopdf Info: Source file: <system_model.eps>
(epstopdf)                    date: 2023-08-01 20:30:15
(epstopdf)                    size: 568579 bytes
(epstopdf)             Output file: <system_model-eps-converted-to.pdf>
(epstopdf)             Command: <repstopdf --outfile=system_model-eps-converted
-to.pdf system_model.eps>
(epstopdf)             \includegraphics on input line 133.
runsystem(repstopdf --outfile=system_model-eps-converted-to.pdf system_model.ep
s)...executed safely (allowed).

Package epstopdf Info: Result file: <system_model-eps-converted-to.pdf>
(epstopdf)                    date: 2023-08-20 02:08:46
(epstopdf)                    size: 128373 bytes.
<system_model-eps-converted-to.pdf, id=14, 339.2675pt x 287.0725pt>
File: system_model-eps-converted-to.pdf Graphic file (type pdf)
<use system_model-eps-converted-to.pdf>
Package pdftex.def Info: system_model-eps-converted-to.pdf  used on input line 
133.
(pdftex.def)             Requested size: 195.12877pt x 165.1092pt.


LaTeX Warning: Citation `tanbourgi2014tractable' on page 2 undefined on input l
ine 151.


LaTeX Warning: Citation `tanbourgi2014tractable' on page 2 undefined on input l
ine 159.


LaTeX Warning: Reference `receive_0' on page 2 undefined on input line 160.


LaTeX Warning: Citation `tanbourgi2014tractable' on page 2 undefined on input l
ine 162.


LaTeX Warning: Citation `tanbourgi2014tractable' on page 2 undefined on input l
ine 162.

[2 <./system_model-eps-converted-to.pdf>]

LaTeX Warning: Citation `sys2022QD' on page 3 undefined on input line 185.


LaTeX Warning: Citation `hildebrand1987introduction' on page 3 undefined on inp
ut line 194.


LaTeX Warning: Reference `sum_exp' on page 3 undefined on input line 207.


LaTeX Warning: Citation `sys2019PCP' on page 3 undefined on input line 207.


LaTeX Warning: Citation `sys2019PCP' on page 3 undefined on input line 207.


LaTeX Warning: Reference `sum_exp' on page 3 undefined on input line 207.


LaTeX Warning: Citation `haenggi2012stochastic' on page 3 undefined on input li
ne 209.


LaTeX Warning: Citation `ding2018coexistence' on page 3 undefined on input line
 210.


Package amsmath Warning: Foreign command \atopwithdelims;
(amsmath)                \frac or \genfrac should be used instead
(amsmath)                 on input line 216.


Overfull \hbox (2.46341pt too wide) detected at line 236
[]
 []


Overfull \hbox (5.59004pt too wide) detected at line 252
[]
 []

[3]

LaTeX Warning: Citation `haenggi2012stochastic' on page 4 undefined on input li
ne 257.


LaTeX Warning: Reference `G_M_pdf' on page 4 undefined on input line 268.


LaTeX Warning: Reference `F_G_M' on page 4 undefined on input line 277.


LaTeX Warning: Reference `gamma_sum' on page 4 undefined on input line 292.


LaTeX Warning: Citation `sysmmwave2018' on page 4 undefined on input line 292.


Overfull \hbox (5.98868pt too wide) detected at line 324
[]
 []


LaTeX Warning: Reference `sum_exp' on page 4 undefined on input line 337.


LaTeX Warning: Reference `SINRi0' on page 4 undefined on input line 343.


LaTeX Warning: Reference `SINRiii' on page 4 undefined on input line 343.


LaTeX Warning: Reference `Def_P_i' on page 4 undefined on input line 343.


Overfull \hbox (0.55556pt too wide) detected at line 350
[]
 []


LaTeX Warning: Reference `F_z_ik' on page 4 undefined on input line 356.

[4]
Overfull \hbox (5.39424pt too wide) detected at line 379
[]
 []


LaTeX Warning: Citation `sys2019PCP' on page 5 undefined on input line 380.


LaTeX Warning: Reference `NOMA_outage_Pro' on page 5 undefined on input line 38
6.


LaTeX Warning: Citation `hildebrand1987introduction' on page 5 undefined on inp
ut line 387.

Package epstopdf Info: Source file: <accuracy_CoMP.eps>
(epstopdf)                    date: 2023-08-01 20:30:15
(epstopdf)                    size: 257353 bytes
(epstopdf)             Output file: <accuracy_CoMP-eps-converted-to.pdf>
(epstopdf)             Command: <repstopdf --outfile=accuracy_CoMP-eps-converte
d-to.pdf accuracy_CoMP.eps>
(epstopdf)             \includegraphics on input line 398.
runsystem(repstopdf --outfile=accuracy_CoMP-eps-converted-to.pdf accuracy_CoMP.
eps)...executed safely (allowed).

Package epstopdf Info: Result file: <accuracy_CoMP-eps-converted-to.pdf>
(epstopdf)                    date: 2023-08-20 02:08:47
(epstopdf)                    size: 14688 bytes.
<accuracy_CoMP-eps-converted-to.pdf, id=38, 402.50375pt x 279.0425pt>
File: accuracy_CoMP-eps-converted-to.pdf Graphic file (type pdf)
<use accuracy_CoMP-eps-converted-to.pdf>
Package pdftex.def Info: accuracy_CoMP-eps-converted-to.pdf  used on input line
 398.
(pdftex.def)             Requested size: 216.81pt x 150.306pt.

LaTeX Warning: Reference `accuracy_CoMP' on page 5 undefined on input line 403.



LaTeX Warning: Reference `accuracy_NOMA' on page 5 undefined on input line 406.


Package epstopdf Info: Source file: <accuracy_NOMA.eps>
(epstopdf)                    date: 2023-08-01 20:30:15
(epstopdf)                    size: 256865 bytes
(epstopdf)             Output file: <accuracy_NOMA-eps-converted-to.pdf>
(epstopdf)             Command: <repstopdf --outfile=accuracy_NOMA-eps-converte
d-to.pdf accuracy_NOMA.eps>
(epstopdf)             \includegraphics on input line 413.
runsystem(repstopdf --outfile=accuracy_NOMA-eps-converted-to.pdf accuracy_NOMA.
eps)...executed safely (allowed).

Package epstopdf Info: Result file: <accuracy_NOMA-eps-converted-to.pdf>
(epstopdf)                    date: 2023-08-20 02:08:47
(epstopdf)                    size: 14804 bytes.
<accuracy_NOMA-eps-converted-to.pdf, id=39, 409.53pt x 281.05pt>
File: accuracy_NOMA-eps-converted-to.pdf Graphic file (type pdf)
<use accuracy_NOMA-eps-converted-to.pdf>
Package pdftex.def Info: accuracy_NOMA-eps-converted-to.pdf  used on input line
 413.
(pdftex.def)             Requested size: 216.81pt x 148.79282pt.
Package epstopdf Info: Source file: <impact_beta.eps>
(epstopdf)                    date: 2023-08-01 20:30:15
(epstopdf)                    size: 95039 bytes
(epstopdf)             Output file: <impact_beta-eps-converted-to.pdf>
(epstopdf)             Command: <repstopdf --outfile=impact_beta-eps-converted-
to.pdf impact_beta.eps>
(epstopdf)             \includegraphics on input line 423.
runsystem(repstopdf --outfile=impact_beta-eps-converted-to.pdf impact_beta.eps)
...executed safely (allowed).

Package epstopdf Info: Result file: <impact_beta-eps-converted-to.pdf>
(epstopdf)                    date: 2023-08-20 02:08:48
(epstopdf)                    size: 42197 bytes.
<impact_beta-eps-converted-to.pdf, id=40, 471.7625pt x 337.26pt>
File: impact_beta-eps-converted-to.pdf Graphic file (type pdf)
<use impact_beta-eps-converted-to.pdf>
Package pdftex.def Info: impact_beta-eps-converted-to.pdf  used on input line 4
23.
(pdftex.def)             Requested size: 216.81pt x 154.99738pt.

LaTeX Warning: Reference `impact_beta' on page 5 undefined on input line 428.


LaTeX Warning: Reference `Def_P_i' on page 5 undefined on input line 429.

Package epstopdf Info: Source file: <compare_rate.eps>
(epstopdf)                    date: 2023-08-01 20:30:15
(epstopdf)                    size: 261068 bytes
(epstopdf)             Output file: <compare_rate-eps-converted-to.pdf>
(epstopdf)             Command: <repstopdf --outfile=compare_rate-eps-converted
-to.pdf compare_rate.eps>
(epstopdf)             \includegraphics on input line 456.
runsystem(repstopdf --outfile=compare_rate-eps-converted-to.pdf compare_rate.ep
s)...executed safely (allowed).

Package epstopdf Info: Result file: <compare_rate-eps-converted-to.pdf>
(epstopdf)                    date: 2023-08-20 02:08:48
(epstopdf)                    size: 16668 bytes.
<compare_rate-eps-converted-to.pdf, id=41, 409.53pt x 281.05pt>
File: compare_rate-eps-converted-to.pdf Graphic file (type pdf)
<use compare_rate-eps-converted-to.pdf>
Package pdftex.def Info: compare_rate-eps-converted-to.pdf  used on input line 
456.
(pdftex.def)             Requested size: 216.81pt x 148.79282pt.
Package epstopdf Info: Source file: <compare_rate_outages.eps>
(epstopdf)                    date: 2023-08-01 20:30:15
(epstopdf)                    size: 123925 bytes
(epstopdf)             Output file: <compare_rate_outages-eps-converted-to.pdf>

(epstopdf)             Command: <repstopdf --outfile=compare_rate_outages-eps-c
onverted-to.pdf compare_rate_outages.eps>
(epstopdf)             \includegraphics on input line 459.
runsystem(repstopdf --outfile=compare_rate_outages-eps-converted-to.pdf compare
_rate_outages.eps)...executed safely (allowed).

Package epstopdf Info: Result file: <compare_rate_outages-eps-converted-to.pdf>

(epstopdf)                    date: 2023-08-20 02:08:49
(epstopdf)                    size: 62288 bytes.
<compare_rate_outages-eps-converted-to.pdf, id=42, 471.7625pt x 337.26pt>
File: compare_rate_outages-eps-converted-to.pdf Graphic file (type pdf)
<use compare_rate_outages-eps-converted-to.pdf>
Package pdftex.def Info: compare_rate_outages-eps-converted-to.pdf  used on inp
ut line 459.
(pdftex.def)             Requested size: 216.81pt x 154.99738pt.

LaTeX Warning: Reference `compare' on page 5 undefined on input line 465.


LaTeX Warning: Reference `compare' on page 5 undefined on input line 465.


LaTeX Warning: Reference `compare' on page 5 undefined on input line 465.


LaTeX Warning: Reference `compare' on page 5 undefined on input line 468.


LaTeX Warning: Reference `compare' on page 5 undefined on input line 469.

[5 <./accuracy_CoMP-eps-converted-to.pdf> <./accuracy_NOMA-eps-converted-to.pdf
> <./impact_beta-eps-converted-to.pdf>]
No file 2308.00499_pdflatex.bbl.

Package lastpage Warning: Rerun to get the references right on input line 479.


AED: lastpage setting LastPage
[6 <./compare_rate-eps-converted-to.pdf> <./compare_rate_outages-eps-converted-
to.pdf>]
(/Users/jovyntan/Desktop/work/fyp/exploration/diff_test_tex_engines/bin/compile
d_tex_pdf/2308.00499/2308.00499_pdflatex.aux)

LaTeX Warning: There were undefined references.


LaTeX Warning: Label(s) may have changed. Rerun to get cross-references right.

 ) 
Here is how much of TeX's memory you used:
 6865 strings out of 478994
 112426 string characters out of 5858184
 455794 words of memory out of 5000000
 24256 multiletter control sequences out of 15000+600000
 446821 words of font info for 105 fonts, out of 8000000 for 9000
 1141 hyphenation exceptions out of 8191
 68i,15n,74p,1029b,387s stack positions out of 5000i,500n,10000p,200000b,80000s
{/usr/local/texlive/2021/texmf-dist/fonts/enc/dvips/base/8r.enc}</usr/local/t
exlive/2021/texmf-dist/fonts/type1/public/amsfonts/cm/cmex10.pfb></usr/local/te
xlive/2021/texmf-dist/fonts/type1/public/amsfonts/cm/cmmi10.pfb></usr/local/tex
live/2021/texmf-dist/fonts/type1/public/amsfonts/cm/cmmi5.pfb></usr/local/texli
ve/2021/texmf-dist/fonts/type1/public/amsfonts/cm/cmmi6.pfb></usr/local/texlive
/2021/texmf-dist/fonts/type1/public/amsfonts/cm/cmmi7.pfb></usr/local/texlive/2
021/texmf-dist/fonts/type1/public/amsfonts/cm/cmmi8.pfb></usr/local/texlive/202
1/texmf-dist/fonts/type1/public/amsfonts/cm/cmr10.pfb></usr/local/texlive/2021/
texmf-dist/fonts/type1/public/amsfonts/cm/cmr5.pfb></usr/local/texlive/2021/tex
mf-dist/fonts/type1/public/amsfonts/cm/cmr7.pfb></usr/local/texlive/2021/texmf-
dist/fonts/type1/public/amsfonts/cm/cmsy10.pfb></usr/local/texlive/2021/texmf-d
ist/fonts/type1/public/amsfonts/cm/cmsy5.pfb></usr/local/texlive/2021/texmf-dis
t/fonts/type1/public/amsfonts/cm/cmsy7.pfb></usr/local/texlive/2021/texmf-dist/
fonts/type1/public/amsfonts/cm/cmsy8.pfb></usr/local/texlive/2021/texmf-dist/fo
nts/type1/public/amsfonts/symbols/msbm10.pfb></usr/local/texlive/2021/texmf-dis
t/fonts/type1/urw/times/utmb8a.pfb></usr/local/texlive/2021/texmf-dist/fonts/ty
pe1/urw/times/utmbi8a.pfb></usr/local/texlive/2021/texmf-dist/fonts/type1/urw/t
imes/utmr8a.pfb></usr/local/texlive/2021/texmf-dist/fonts/type1/urw/times/utmri
8a.pfb>
Output written on /Users/jovyntan/Desktop/work/fyp/exploration/diff_test_tex_en
gines/bin/compiled_tex_pdf/2308.00499/2308.00499_pdflatex.pdf (6 pages, 497291 
bytes).
PDF statistics:
 171 PDF objects out of 1000 (max. 8388607)
 118 compressed objects within 2 object streams
 0 named destinations out of 1000 (max. 500000)
 31 words of extra memory for PDF output out of 10000 (max. 10000000)

