This is pdfTeX, Version 3.141592653-2.6-1.40.22 (TeX Live 2021) (preloaded format=pdflatex 2021.12.5)  20 AUG 2023 02:16
entering extended mode
 restricted \write18 enabled.
 %&-line parsing enabled.
**main.tex
(./main.tex
LaTeX2e <2020-10-01> patch level 4
L3 programming layer <2021-02-18>
(/usr/local/texlive/2021/texmf-dist/tex/latex/base/article.cls
Document Class: article 2020/04/10 v1.4m Standard LaTeX document class
(/usr/local/texlive/2021/texmf-dist/tex/latex/base/size10.clo
File: size10.clo 2020/04/10 v1.4m Standard LaTeX file (size option)
)
\c@part=\count179
\c@section=\count180
\c@subsection=\count181
\c@subsubsection=\count182
\c@paragraph=\count183
\c@subparagraph=\count184
\c@figure=\count185
\c@table=\count186
\abovecaptionskip=\skip47
\belowcaptionskip=\skip48
\bibindent=\dimen138
)
(/usr/local/texlive/2021/texmf-dist/tex/latex/base/fontenc.sty
Package: fontenc 2020/08/10 v2.0s Standard LaTeX package

(/usr/local/texlive/2021/texmf-dist/tex/latex/cyrillic/t2aenc.def
File: t2aenc.def 2005/09/27 v1.0i Cyrillic encoding definition file
Now handling font encoding T2A ...
... processing UTF-8 mapping file for font encoding T2A

(/usr/local/texlive/2021/texmf-dist/tex/latex/base/t2aenc.dfu
File: t2aenc.dfu 2019/11/14 v1.2k UTF-8 support for inputenc
   defining Unicode char U+00A4 (decimal 164)
   defining Unicode char U+00A7 (decimal 167)
   defining Unicode char U+00AB (decimal 171)
   defining Unicode char U+00BB (decimal 187)
   defining Unicode char U+0131 (decimal 305)
   defining Unicode char U+0237 (decimal 567)
   defining Unicode char U+0400 (decimal 1024)
   defining Unicode char U+0401 (decimal 1025)
   defining Unicode char U+0402 (decimal 1026)
   defining Unicode char U+0403 (decimal 1027)
   defining Unicode char U+0404 (decimal 1028)
   defining Unicode char U+0405 (decimal 1029)
   defining Unicode char U+0406 (decimal 1030)
   defining Unicode char U+0407 (decimal 1031)
   defining Unicode char U+0408 (decimal 1032)
   defining Unicode char U+0409 (decimal 1033)
   defining Unicode char U+040A (decimal 1034)
   defining Unicode char U+040B (decimal 1035)
   defining Unicode char U+040C (decimal 1036)
   defining Unicode char U+040D (decimal 1037)
   defining Unicode char U+040E (decimal 1038)
   defining Unicode char U+040F (decimal 1039)
   defining Unicode char U+0410 (decimal 1040)
   defining Unicode char U+0411 (decimal 1041)
   defining Unicode char U+0412 (decimal 1042)
   defining Unicode char U+0413 (decimal 1043)
   defining Unicode char U+0414 (decimal 1044)
   defining Unicode char U+0415 (decimal 1045)
   defining Unicode char U+0416 (decimal 1046)
   defining Unicode char U+0417 (decimal 1047)
   defining Unicode char U+0418 (decimal 1048)
   defining Unicode char U+0419 (decimal 1049)
   defining Unicode char U+041A (decimal 1050)
   defining Unicode char U+041B (decimal 1051)
   defining Unicode char U+041C (decimal 1052)
   defining Unicode char U+041D (decimal 1053)
   defining Unicode char U+041E (decimal 1054)
   defining Unicode char U+041F (decimal 1055)
   defining Unicode char U+0420 (decimal 1056)
   defining Unicode char U+0421 (decimal 1057)
   defining Unicode char U+0422 (decimal 1058)
   defining Unicode char U+0423 (decimal 1059)
   defining Unicode char U+0424 (decimal 1060)
   defining Unicode char U+0425 (decimal 1061)
   defining Unicode char U+0426 (decimal 1062)
   defining Unicode char U+0427 (decimal 1063)
   defining Unicode char U+0428 (decimal 1064)
   defining Unicode char U+0429 (decimal 1065)
   defining Unicode char U+042A (decimal 1066)
   defining Unicode char U+042B (decimal 1067)
   defining Unicode char U+042C (decimal 1068)
   defining Unicode char U+042D (decimal 1069)
   defining Unicode char U+042E (decimal 1070)
   defining Unicode char U+042F (decimal 1071)
   defining Unicode char U+0430 (decimal 1072)
   defining Unicode char U+0431 (decimal 1073)
   defining Unicode char U+0432 (decimal 1074)
   defining Unicode char U+0433 (decimal 1075)
   defining Unicode char U+0434 (decimal 1076)
   defining Unicode char U+0435 (decimal 1077)
   defining Unicode char U+0436 (decimal 1078)
   defining Unicode char U+0437 (decimal 1079)
   defining Unicode char U+0438 (decimal 1080)
   defining Unicode char U+0439 (decimal 1081)
   defining Unicode char U+043A (decimal 1082)
   defining Unicode char U+043B (decimal 1083)
   defining Unicode char U+043C (decimal 1084)
   defining Unicode char U+043D (decimal 1085)
   defining Unicode char U+043E (decimal 1086)
   defining Unicode char U+043F (decimal 1087)
   defining Unicode char U+0440 (decimal 1088)
   defining Unicode char U+0441 (decimal 1089)
   defining Unicode char U+0442 (decimal 1090)
   defining Unicode char U+0443 (decimal 1091)
   defining Unicode char U+0444 (decimal 1092)
   defining Unicode char U+0445 (decimal 1093)
   defining Unicode char U+0446 (decimal 1094)
   defining Unicode char U+0447 (decimal 1095)
   defining Unicode char U+0448 (decimal 1096)
   defining Unicode char U+0449 (decimal 1097)
   defining Unicode char U+044A (decimal 1098)
   defining Unicode char U+044B (decimal 1099)
   defining Unicode char U+044C (decimal 1100)
   defining Unicode char U+044D (decimal 1101)
   defining Unicode char U+044E (decimal 1102)
   defining Unicode char U+044F (decimal 1103)
   defining Unicode char U+0450 (decimal 1104)
   defining Unicode char U+0451 (decimal 1105)
   defining Unicode char U+0452 (decimal 1106)
   defining Unicode char U+0453 (decimal 1107)
   defining Unicode char U+0454 (decimal 1108)
   defining Unicode char U+0455 (decimal 1109)
   defining Unicode char U+0456 (decimal 1110)
   defining Unicode char U+0457 (decimal 1111)
   defining Unicode char U+0458 (decimal 1112)
   defining Unicode char U+0459 (decimal 1113)
   defining Unicode char U+045A (decimal 1114)
   defining Unicode char U+045B (decimal 1115)
   defining Unicode char U+045C (decimal 1116)
   defining Unicode char U+045D (decimal 1117)
   defining Unicode char U+045E (decimal 1118)
   defining Unicode char U+045F (decimal 1119)
   defining Unicode char U+0490 (decimal 1168)
   defining Unicode char U+0491 (decimal 1169)
   defining Unicode char U+0492 (decimal 1170)
   defining Unicode char U+0493 (decimal 1171)
   defining Unicode char U+0496 (decimal 1174)
   defining Unicode char U+0497 (decimal 1175)
   defining Unicode char U+0498 (decimal 1176)
   defining Unicode char U+0499 (decimal 1177)
   defining Unicode char U+049A (decimal 1178)
   defining Unicode char U+049B (decimal 1179)
   defining Unicode char U+049C (decimal 1180)
   defining Unicode char U+049D (decimal 1181)
   defining Unicode char U+04A0 (decimal 1184)
   defining Unicode char U+04A1 (decimal 1185)
   defining Unicode char U+04A2 (decimal 1186)
   defining Unicode char U+04A3 (decimal 1187)
   defining Unicode char U+04A4 (decimal 1188)
   defining Unicode char U+04A5 (decimal 1189)
   defining Unicode char U+04AA (decimal 1194)
   defining Unicode char U+04AB (decimal 1195)
   defining Unicode char U+04AE (decimal 1198)
   defining Unicode char U+04AF (decimal 1199)
   defining Unicode char U+04B0 (decimal 1200)
   defining Unicode char U+04B1 (decimal 1201)
   defining Unicode char U+04B2 (decimal 1202)
   defining Unicode char U+04B3 (decimal 1203)
   defining Unicode char U+04B6 (decimal 1206)
   defining Unicode char U+04B7 (decimal 1207)
   defining Unicode char U+04B8 (decimal 1208)
   defining Unicode char U+04B9 (decimal 1209)
   defining Unicode char U+04BA (decimal 1210)
   defining Unicode char U+04BB (decimal 1211)
   defining Unicode char U+04C0 (decimal 1216)
   defining Unicode char U+04C1 (decimal 1217)
   defining Unicode char U+04C2 (decimal 1218)
   defining Unicode char U+04D0 (decimal 1232)
   defining Unicode char U+04D1 (decimal 1233)
   defining Unicode char U+04D2 (decimal 1234)
   defining Unicode char U+04D3 (decimal 1235)
   defining Unicode char U+04D4 (decimal 1236)
   defining Unicode char U+04D5 (decimal 1237)
   defining Unicode char U+04D6 (decimal 1238)
   defining Unicode char U+04D7 (decimal 1239)
   defining Unicode char U+04D8 (decimal 1240)
   defining Unicode char U+04D9 (decimal 1241)
   defining Unicode char U+04DA (decimal 1242)
   defining Unicode char U+04DB (decimal 1243)
   defining Unicode char U+04DC (decimal 1244)
   defining Unicode char U+04DD (decimal 1245)
   defining Unicode char U+04DE (decimal 1246)
   defining Unicode char U+04DF (decimal 1247)
   defining Unicode char U+04E2 (decimal 1250)
   defining Unicode char U+04E3 (decimal 1251)
   defining Unicode char U+04E4 (decimal 1252)
   defining Unicode char U+04E5 (decimal 1253)
   defining Unicode char U+04E6 (decimal 1254)
   defining Unicode char U+04E7 (decimal 1255)
   defining Unicode char U+04E8 (decimal 1256)
   defining Unicode char U+04E9 (decimal 1257)
   defining Unicode char U+04EC (decimal 1260)
   defining Unicode char U+04ED (decimal 1261)
   defining Unicode char U+04EE (decimal 1262)
   defining Unicode char U+04EF (decimal 1263)
   defining Unicode char U+04F0 (decimal 1264)
   defining Unicode char U+04F1 (decimal 1265)
   defining Unicode char U+04F2 (decimal 1266)
   defining Unicode char U+04F3 (decimal 1267)
   defining Unicode char U+04F4 (decimal 1268)
   defining Unicode char U+04F5 (decimal 1269)
   defining Unicode char U+04F8 (decimal 1272)
   defining Unicode char U+04F9 (decimal 1273)
   defining Unicode char U+200C (decimal 8204)
   defining Unicode char U+2013 (decimal 8211)
   defining Unicode char U+2014 (decimal 8212)
   defining Unicode char U+2018 (decimal 8216)
   defining Unicode char U+2019 (decimal 8217)
   defining Unicode char U+201C (decimal 8220)
   defining Unicode char U+201D (decimal 8221)
   defining Unicode char U+201E (decimal 8222)
   defining Unicode char U+2030 (decimal 8240)
   defining Unicode char U+2031 (decimal 8241)
   defining Unicode char U+2116 (decimal 8470)
   defining Unicode char U+2329 (decimal 9001)
   defining Unicode char U+232A (decimal 9002)
   defining Unicode char U+2423 (decimal 9251)
   defining Unicode char U+27E8 (decimal 10216)
   defining Unicode char U+27E9 (decimal 10217)
   defining Unicode char U+FB00 (decimal 64256)
   defining Unicode char U+FB01 (decimal 64257)
   defining Unicode char U+FB02 (decimal 64258)
   defining Unicode char U+FB03 (decimal 64259)
   defining Unicode char U+FB04 (decimal 64260)
   defining Unicode char U+FB05 (decimal 64261)
   defining Unicode char U+FB06 (decimal 64262)
))
LaTeX Font Info:    Trying to load font information for T2A+cmr on input line 1
12.

(/usr/local/texlive/2021/texmf-dist/tex/latex/cyrillic/t2acmr.fd
File: t2acmr.fd 2001/08/11 v1.0a Computer Modern Cyrillic font definitions
))
(/usr/local/texlive/2021/texmf-dist/tex/latex/base/inputenc.sty
Package: inputenc 2020/08/01 v1.3d Input encoding file
\inpenc@prehook=\toks15
\inpenc@posthook=\toks16
)
(/usr/local/texlive/2021/texmf-dist/tex/generic/babel/babel.sty
Package: babel 2021/03/24 3.56 The Babel package

(/usr/local/texlive/2021/texmf-dist/tex/generic/babel/babel.def
File: babel.def 2021/03/24 3.56 Babel common definitions
\babel@savecnt=\count187
\U@D=\dimen139
\l@babelnohyphens=\language87

(/usr/local/texlive/2021/texmf-dist/tex/generic/babel/txtbabel.def)
\bbl@readstream=\read2
)
\bbl@dirlevel=\count188

(/usr/local/texlive/2021/texmf-dist/tex/generic/babel-russian/russianb.ldf
File: russianb.ldf 2021/01/10 1.3m Russian support for the Babel system
Language: russian 2020/09/09 1.3k Russian support for the Babel system
Package babel Info: Making " an active character on input line 124.
Package babel Info: Default for \cyrdash is provided on input line 163.
)
(/usr/local/texlive/2021/texmf-dist/tex/generic/babel-english/english.ldf
Language: english 2017/06/06 v3.3r English support from the babel system
Package babel Info: \l@canadian = using hyphenrules for english
(babel)             (\language0) on input line 102.
Package babel Info: \l@australian = using hyphenrules for ukenglish
(babel)             (\language21) on input line 105.
Package babel Info: \l@newzealand = using hyphenrules for ukenglish
(babel)             (\language21) on input line 108.
))
(/usr/local/texlive/2021/texmf-dist/tex/latex/amscls/amsthm.sty
Package: amsthm 2020/05/29 v2.20.6
\thm@style=\toks17
\thm@bodyfont=\toks18
\thm@headfont=\toks19
\thm@notefont=\toks20
\thm@headpunct=\toks21
\thm@preskip=\skip49
\thm@postskip=\skip50
\thm@headsep=\skip51
\dth@everypar=\toks22
)
(/usr/local/texlive/2021/texmf-dist/tex/latex/amsfonts/amssymb.sty
Package: amssymb 2013/01/14 v3.01 AMS font symbols

(/usr/local/texlive/2021/texmf-dist/tex/latex/amsfonts/amsfonts.sty
Package: amsfonts 2013/01/14 v3.01 Basic AMSFonts support
\@emptytoks=\toks23
\symAMSa=\mathgroup4
\symAMSb=\mathgroup5
LaTeX Font Info:    Redeclaring math symbol \hbar on input line 98.
LaTeX Font Info:    Overwriting math alphabet `\mathfrak' in version `bold'
(Font)                  U/euf/m/n --> U/euf/b/n on input line 106.
))
(/usr/local/texlive/2021/texmf-dist/tex/latex/amsmath/amsmath.sty
Package: amsmath 2020/09/23 v2.17i AMS math features
\@mathmargin=\skip52

For additional information on amsmath, use the `?' option.
(/usr/local/texlive/2021/texmf-dist/tex/latex/amsmath/amstext.sty
Package: amstext 2000/06/29 v2.01 AMS text

(/usr/local/texlive/2021/texmf-dist/tex/latex/amsmath/amsgen.sty
File: amsgen.sty 1999/11/30 v2.0 generic functions
\@emptytoks=\toks24
\ex@=\dimen140
))
(/usr/local/texlive/2021/texmf-dist/tex/latex/amsmath/amsbsy.sty
Package: amsbsy 1999/11/29 v1.2d Bold Symbols
\pmbraise@=\dimen141
)
(/usr/local/texlive/2021/texmf-dist/tex/latex/amsmath/amsopn.sty
Package: amsopn 2016/03/08 v2.02 operator names
)
\inf@bad=\count189
LaTeX Info: Redefining \frac on input line 234.
\uproot@=\count190
\leftroot@=\count191
LaTeX Info: Redefining \overline on input line 399.
\classnum@=\count192
\DOTSCASE@=\count193
LaTeX Info: Redefining \ldots on input line 496.
LaTeX Info: Redefining \dots on input line 499.
LaTeX Info: Redefining \cdots on input line 620.
\Mathstrutbox@=\box47
\strutbox@=\box48
\big@size=\dimen142
LaTeX Font Info:    Redeclaring font encoding OML on input line 743.
LaTeX Font Info:    Redeclaring font encoding OMS on input line 744.
\macc@depth=\count194
\c@MaxMatrixCols=\count195
\dotsspace@=\muskip16
\c@parentequation=\count196
\dspbrk@lvl=\count197
\tag@help=\toks25
\row@=\count198
\column@=\count199
\maxfields@=\count266
\andhelp@=\toks26
\eqnshift@=\dimen143
\alignsep@=\dimen144
\tagshift@=\dimen145
\tagwidth@=\dimen146
\totwidth@=\dimen147
\lineht@=\dimen148
\@envbody=\toks27
\multlinegap=\skip53
\multlinetaggap=\skip54
\mathdisplay@stack=\toks28
LaTeX Info: Redefining \[ on input line 2923.
LaTeX Info: Redefining \] on input line 2924.
)
(/usr/local/texlive/2021/texmf-dist/tex/latex/preprint/authblk.sty
Package: authblk 2001/02/27 1.3 (PWD)
\affilsep=\skip55
\@affilsep=\skip56
\c@Maxaffil=\count267
\c@authors=\count268
\c@affil=\count269
)
(/usr/local/texlive/2021/texmf-dist/tex/latex/graphics/graphicx.sty
Package: graphicx 2020/09/09 v1.2b Enhanced LaTeX Graphics (DPC,SPQR)

(/usr/local/texlive/2021/texmf-dist/tex/latex/graphics/keyval.sty
Package: keyval 2014/10/28 v1.15 key=value parser (DPC)
\KV@toks@=\toks29
)
(/usr/local/texlive/2021/texmf-dist/tex/latex/graphics/graphics.sty
Package: graphics 2020/08/30 v1.4c Standard LaTeX Graphics (DPC,SPQR)

(/usr/local/texlive/2021/texmf-dist/tex/latex/graphics/trig.sty
Package: trig 2016/01/03 v1.10 sin cos tan (DPC)
)
(/usr/local/texlive/2021/texmf-dist/tex/latex/graphics-cfg/graphics.cfg
File: graphics.cfg 2016/06/04 v1.11 sample graphics configuration
)
Package graphics Info: Driver file: pdftex.def on input line 105.

(/usr/local/texlive/2021/texmf-dist/tex/latex/graphics-def/pdftex.def
File: pdftex.def 2020/10/05 v1.2a Graphics/color driver for pdftex
))
\Gin@req@height=\dimen149
\Gin@req@width=\dimen150
)
(/usr/local/texlive/2021/texmf-dist/tex/latex/l3backend/l3backend-pdftex.def
File: l3backend-pdftex.def 2021-03-18 L3 backend support: PDF output (pdfTeX)
\l__color_backend_stack_int=\count270
\l__pdf_internal_box=\box49
)
No file 2308.01092_pdflatex.aux.
\openout1 = `2308.01092_pdflatex.aux'.

LaTeX Font Info:    Checking defaults for OML/cmm/m/it on input line 20.
LaTeX Font Info:    ... okay on input line 20.
LaTeX Font Info:    Checking defaults for OMS/cmsy/m/n on input line 20.
LaTeX Font Info:    ... okay on input line 20.
LaTeX Font Info:    Checking defaults for OT1/cmr/m/n on input line 20.
LaTeX Font Info:    ... okay on input line 20.
LaTeX Font Info:    Checking defaults for T1/cmr/m/n on input line 20.
LaTeX Font Info:    ... okay on input line 20.
LaTeX Font Info:    Checking defaults for TS1/cmr/m/n on input line 20.
LaTeX Font Info:    ... okay on input line 20.
LaTeX Font Info:    Checking defaults for OMX/cmex/m/n on input line 20.
LaTeX Font Info:    ... okay on input line 20.
LaTeX Font Info:    Checking defaults for U/cmr/m/n on input line 20.
LaTeX Font Info:    ... okay on input line 20.
LaTeX Font Info:    Checking defaults for T2A/cmr/m/n on input line 20.
LaTeX Font Info:    ... okay on input line 20.
LaTeX Info: Redefining \th on input line 20.
(/usr/local/texlive/2021/texmf-dist/tex/context/base/mkii/supp-pdf.mkii
[Loading MPS to PDF converter (version 2006.09.02).]
\scratchcounter=\count271
\scratchdimen=\dimen151
\scratchbox=\box50
\nofMPsegments=\count272
\nofMParguments=\count273
\everyMPshowfont=\toks30
\MPscratchCnt=\count274
\MPscratchDim=\dimen152
\MPnumerator=\count275
\makeMPintoPDFobject=\count276
\everyMPtoPDFconversion=\toks31
) (/usr/local/texlive/2021/texmf-dist/tex/latex/epstopdf-pkg/epstopdf-base.sty
Package: epstopdf-base 2020-01-24 v2.11 Base part for package epstopdf
Package epstopdf-base Info: Redefining graphics rule for `.eps' on input line 4
85.

(/usr/local/texlive/2021/texmf-dist/tex/latex/latexconfig/epstopdf-sys.cfg
File: epstopdf-sys.cfg 2010/07/13 v1.3 Configuration of (r)epstopdf for TeX Liv
e
))
LaTeX Font Info:    Trying to load font information for U+msa on input line 22.


(/usr/local/texlive/2021/texmf-dist/tex/latex/amsfonts/umsa.fd
File: umsa.fd 2013/01/14 v3.01 AMS symbols A
)
LaTeX Font Info:    Trying to load font information for U+msb on input line 22.


(/usr/local/texlive/2021/texmf-dist/tex/latex/amsfonts/umsb.fd
File: umsb.fd 2013/01/14 v3.01 AMS symbols B
)

LaTeX Warning: Citation `shannon1948mathematical' on page 1 undefined on input 
line 29.

[1

{/usr/local/texlive/2021/texmf-var/fonts/map/pdftex/updmap/pdftex.map}]

LaTeX Warning: Reference `shannonlimit' on page 2 undefined on input line 33.


LaTeX Warning: Citation `haus1991quantum' on page 2 undefined on input line 35.



LaTeX Warning: Reference `NLSE' on page 2 undefined on input line 39.


LaTeX Warning: Reference `NLSE' on page 2 undefined on input line 39.


LaTeX Warning: Reference `noisecorrelatortime' on page 2 undefined on input lin
e 44.


LaTeX Warning: Reference `NLSE' on page 2 undefined on input line 48.


LaTeX Warning: Citation `kramer2018autocorrelation' on page 2 undefined on inpu
t line 50.


LaTeX Warning: Citation `kramer2018autocorrelation' on page 2 undefined on inpu
t line 50.

[2]

LaTeX Warning: Citation `turitsyn2003information' on page 3 undefined on input 
line 52.


LaTeX Warning: Citation `terekhov2017log' on page 3 undefined on input line 52.



LaTeX Warning: Citation `panarin2017next' on page 3 undefined on input line 52.



LaTeX Warning: Citation `reznichenko2019log' on page 3 undefined on input line 
52.


LaTeX Warning: Citation `reznichenko2022optimal' on page 3 undefined on input l
ine 52.


LaTeX Warning: Citation `zinn2021quantum' on page 3 undefined on input line 52.



LaTeX Warning: Citation `martin1973statistical' on page 3 undefined on input li
ne 52.


LaTeX Warning: Citation `shtaif2022challenges' on page 3 undefined on input lin
e 54.


LaTeX Warning: Citation `reznichenko2022optimal' on page 3 undefined on input l
ine 56.


LaTeX Warning: Reference `NLSE' on page 3 undefined on input line 58.


LaTeX Warning: Citation `terekhov2016calculation' on page 3 undefined on input 
line 61.

[3]

LaTeX Warning: Citation `haus1991quantum' on page 4 undefined on input line 68.



LaTeX Warning: Citation `agrawal2000nonlinear' on page 4 undefined on input lin
e 68.


LaTeX Warning: Citation `menyuk1999application' on page 4 undefined on input li
ne 68.


LaTeX Warning: Citation `kodama1985optical' on page 4 undefined on input line 6
8.


LaTeX Warning: Reference `nlse2' on page 4 undefined on input line 72.


LaTeX Warning: Citation `haus1991quantum' on page 4 undefined on input line 72.



LaTeX Warning: Reference `correlators1' on page 4 undefined on input line 77.


LaTeX Warning: Reference `correlatorfreq' on page 4 undefined on input line 85.


[4]

LaTeX Warning: Reference `P_domega' on page 5 undefined on input line 99.


LaTeX Warning: Reference `P_domega' on page 5 undefined on input line 99.

[5]

LaTeX Warning: Citation `terekhov2014conditional' on page 6 undefined on input 
line 123.


LaTeX Warning: Reference `NLSE' on page 6 undefined on input line 127.


LaTeX Warning: Reference `P[Y|X]second' on page 6 undefined on input line 131.


LaTeX Warning: Citation `terekhov2014conditional' on page 6 undefined on input 
line 131.


LaTeX Warning: Citation `hochberg1999effective' on page 6 undefined on input li
ne 131.


LaTeX Warning: Citation `terekhov2014conditional' on page 6 undefined on input 
line 131.


LaTeX Warning: Reference `P[Y|X]second' on page 6 undefined on input line 131.

[6]

LaTeX Warning: Reference `ELproblem' on page 7 undefined on input line 158.


LaTeX Warning: Reference `ELproblem' on page 7 undefined on input line 158.


LaTeX Warning: Reference `NLSE' on page 7 undefined on input line 158.


LaTeX Warning: Reference `ELproblem' on page 7 undefined on input line 170.

[7]

LaTeX Warning: Reference `phiproblem' on page 8 undefined on input line 177.


LaTeX Warning: Reference `ELproblem' on page 8 undefined on input line 204.


LaTeX Warning: Citation `terekhov2017log' on page 8 undefined on input line 212
.


LaTeX Warning: Reference `kappa0problem' on page 8 undefined on input line 212.



LaTeX Warning: Reference `kappa0problem' on page 8 undefined on input line 217.


[8]

LaTeX Warning: Reference `AfunctionF' on page 9 undefined on input line 225.


LaTeX Warning: Reference `S_0clintegral' on page 9 undefined on input line 246.


[9]

LaTeX Warning: Reference `S_cl0integraltilde' on page 10 undefined on input lin
e 293.


LaTeX Warning: Reference `subsYtildeY' on page 10 undefined on input line 293.


LaTeX Warning: Reference `a1' on page 10 undefined on input line 298.


LaTeX Warning: Reference `a11' on page 10 undefined on input line 298.


LaTeX Warning: Reference `Aij' on page 10 undefined on input line 298.


LaTeX Warning: Reference `Bsumsofbs' on page 10 undefined on input line 298.


LaTeX Warning: Reference `P_domega' on page 10 undefined on input line 300.


LaTeX Warning: Reference `P_domegatilde' on page 10 undefined on input line 300
.


LaTeX Warning: Reference `hierarchy' on page 10 undefined on input line 300.

[10]

LaTeX Warning: Reference `subsYtildeY' on page 11 undefined on input line 306.


LaTeX Warning: Reference `Ythroughy' on page 11 undefined on input line 314.


LaTeX Warning: Reference `Yomega' on page 11 undefined on input line 330.


Overfull \hbox (14.39021pt too wide) in paragraph at lines 329--331
\T2A/cmr/m/n/10 Now we re-call that the in-put sig-nal van-ishes out-side of th
e time in-ter-val $\OT1/cmr/m/n/10 [\OMS/cmsy/m/n/10 ^^@\OML/cmm/m/it/10 T=\OT1
/cmr/m/n/10 2; \OML/cmm/m/it/10 T=\OT1/cmr/m/n/10 2]$\T2A/cmr/m/n/10 ,
 []


Overfull \hbox (1.33818pt too wide) detected at line 342
[]
 []

[11]

LaTeX Warning: Reference `P_domega' on page 12 undefined on input line 344.


LaTeX Warning: Reference `P_domegatilde' on page 12 undefined on input line 344
.


LaTeX Warning: Reference `Yomega' on page 12 undefined on input line 344.


LaTeX Warning: Reference `Yomegayomega' on page 12 undefined on input line 348.



LaTeX Warning: Reference `P_domegatilde' on page 12 undefined on input line 348
.


LaTeX Warning: Reference `P_domega' on page 12 undefined on input line 348.


LaTeX Warning: Reference `P_domegatilde' on page 12 undefined on input line 355
.


LaTeX Warning: Reference `Pdtildet' on page 12 undefined on input line 363.

[12]

LaTeX Warning: Reference `Pdtildet' on page 13 undefined on input line 374.


LaTeX Warning: Reference `Pdtildet' on page 13 undefined on input line 376.


LaTeX Warning: Reference `tildelambda' on page 13 undefined on input line 376.


LaTeX Warning: Reference `Pdtildet' on page 13 undefined on input line 388.

[13]

LaTeX Warning: Reference `H[Ytilde|X]' on page 14 undefined on input line 405.


LaTeX Warning: Reference `curbrackets' on page 14 undefined on input line 410.


LaTeX Warning: Citation `terekhov2016calculation' on page 14 undefined on input
 line 428.

[14]

LaTeX Warning: Reference `subsYtildeY' on page 15 undefined on input line 433.


LaTeX Warning: Reference `H[Ytilde]' on page 15 undefined on input line 437.


LaTeX Warning: Reference `backsubstitution' on page 15 undefined on input line 
441.


LaTeX Warning: Citation `novikov1984theory' on page 15 undefined on input line 
441.


LaTeX Warning: Reference `H[Ytilde|X]' on page 15 undefined on input line 447.


LaTeX Warning: Reference `H[Ytilde]' on page 15 undefined on input line 447.


LaTeX Warning: Reference `tildelambda' on page 15 undefined on input line 452.


Overfull \hbox (4.07416pt too wide) in paragraph at lines 464--464
\T2A/cmr/bx/n/14.4 nal dis-tri-bu-tion with the re-strained sig-nal band-
 []


LaTeX Warning: Reference `mutualinformation' on page 15 undefined on input line
 465.

[15]

LaTeX Warning: Reference `P0input' on page 16 undefined on input line 473.


LaTeX Warning: Reference `P0input' on page 16 undefined on input line 473.


LaTeX Warning: Reference `powerintegral' on page 16 undefined on input line 481
.


LaTeX Warning: Reference `xiequation' on page 16 undefined on input line 485.


LaTeX Warning: Reference `PXosc' on page 16 undefined on input line 498.


LaTeX Warning: Reference `PXosc' on page 16 undefined on input line 498.

[16]

LaTeX Warning: Reference `SXactionosc' on page 17 undefined on input line 510.


LaTeX Warning: Reference `PXthroughS' on page 17 undefined on input line 510.


LaTeX Warning: Reference `mutualinformation' on page 17 undefined on input line
 512.


LaTeX Warning: Reference `PXthroughS' on page 17 undefined on input line 512.


LaTeX Warning: Reference `generaldisc' on page 17 undefined on input line 516.


LaTeX Warning: Reference `Cnualpha' on page 17 undefined on input line 521.


LaTeX Warning: Reference `boundaryconditions' on page 17 undefined on input lin
e 521.


LaTeX Warning: Reference `mutualinformation' on page 17 undefined on input line
 521.


LaTeX Warning: Reference `widthintegral' on page 17 undefined on input line 521
.


LaTeX Warning: Reference `mutualinformation' on page 17 undefined on input line
 523.


LaTeX Warning: Reference `SXactionosc' on page 17 undefined on input line 523.

[17]

LaTeX Warning: Reference `firstintegral5' on page 18 undefined on input line 54
2.


LaTeX Warning: Reference `fintegral5' on page 18 undefined on input line 542.


LaTeX Warning: Reference `averagesresult' on page 18 undefined on input line 54
8.


LaTeX Warning: Reference `averagesresult' on page 18 undefined on input line 55
0.


LaTeX Warning: Reference `mutualinformation' on page 18 undefined on input line
 550.

[18]
<graphics/Id.pdf, id=84, 361.35pt x 224.84pt>
File: graphics/Id.pdf Graphic file (type pdf)
<use graphics/Id.pdf>
Package pdftex.def Info: graphics/Id.pdf  used on input line 582.
(pdftex.def)             Requested size: 361.34912pt x 224.83945pt.


LaTeX Warning: Reference `Iddefinition' on page 19 undefined on input line 583.


<graphics/IX.pdf, id=85, 361.35pt x 231.86626pt>
File: graphics/IX.pdf Graphic file (type pdf)
<use graphics/IX.pdf>
Package pdftex.def Info: graphics/IX.pdf  used on input line 589.
(pdftex.def)             Requested size: 361.34912pt x 231.86568pt.

LaTeX Warning: Reference `IXdefinition' on page 19 undefined on input line 590.


<graphics/IdIX.pdf, id=86, 361.35pt x 219.82124pt>
File: graphics/IdIX.pdf Graphic file (type pdf)
<use graphics/IdIX.pdf>
Package pdftex.def Info: graphics/IdIX.pdf  used on input line 596.
(pdftex.def)             Requested size: 361.34912pt x 219.8207pt.
<graphics/10ratioI.pdf, id=87, 361.35pt x 213.79875pt>
File: graphics/10ratioI.pdf Graphic file (type pdf)
<use graphics/10ratioI.pdf>
Package pdftex.def Info: graphics/10ratioI.pdf  used on input line 603.
(pdftex.def)             Requested size: 361.34912pt x 213.79822pt.
[19 <./graphics/Id.pdf>]
<graphics/Gratios.pdf, id=113, 361.35pt x 227.85126pt>
File: graphics/Gratios.pdf Graphic file (type pdf)
<use graphics/Gratios.pdf>
Package pdftex.def Info: graphics/Gratios.pdf  used on input line 615.
(pdftex.def)             Requested size: 361.34912pt x 227.8507pt.
 [20 <./graphics/IX.pdf> <./graphics/IdIX.pdf

pdfTeX warning: pdflatex (file ./graphics/IdIX.pdf): PDF inclusion: multiple pd
fs with page group included in a single page
>] [21 <./graphics/10ratioI.pdf> <./graphics/Gratios.pdf

pdfTeX warning: pdflatex (file ./graphics/Gratios.pdf): PDF inclusion: multiple
 pdfs with page group included in a single page
>]

LaTeX Warning: Reference `Pdtildet' on page 22 undefined on input line 632.


LaTeX Warning: Reference `PXosc' on page 22 undefined on input line 634.


LaTeX Warning: Reference `mutualinformation' on page 22 undefined on input line
 634.


LaTeX Warning: Reference `5r1definition' on page 22 undefined on input line 636
.

[22]

LaTeX Warning: Reference `3action' on page 23 undefined on input line 643.


LaTeX Warning: Reference `kappa0eqs' on page 23 undefined on input line 647.


LaTeX Warning: Reference `Aboundaryproblem' on page 23 undefined on input line 
664.

[23]
Overfull \hbox (5.61024pt too wide) detected at line 683
[]
 []


LaTeX Warning: Reference `AGFfunc' on page 24 undefined on input line 684.


LaTeX Warning: Reference `AGFbarfunc' on page 24 undefined on input line 684.

[24]

LaTeX Warning: Reference `Pdtildet' on page 25 undefined on input line 753.


LaTeX Warning: Reference `P[Y|X]quas' on page 25 undefined on input line 753.

[25]

LaTeX Warning: Reference `subsYtildeY' on page 26 undefined on input line 757.


LaTeX Warning: Reference `a1' on page 26 undefined on input line 766.


LaTeX Warning: Reference `a11' on page 26 undefined on input line 766.


LaTeX Warning: Reference `Aij' on page 26 undefined on input line 766.

[26] [27]

LaTeX Warning: Reference `BP[Y|X]initial' on page 28 undefined on input line 86
0.


LaTeX Warning: Reference `Bfreqs' on page 28 undefined on input line 860.


LaTeX Warning: Reference `P_domegatilde' on page 28 undefined on input line 875
.

[28]

LaTeX Warning: Reference `BPdtildeomega0' on page 29 undefined on input line 90
9.


LaTeX Warning: Reference `Byvector' on page 29 undefined on input line 909.


LaTeX Warning: Reference `Bblockmatrices1' on page 29 undefined on input line 9
24.


LaTeX Warning: Reference `Bblockmatrices2' on page 29 undefined on input line 9
24.

[29]

LaTeX Warning: Reference `Bsmallbddefinition' on page 30 undefined on input lin
e 963.


LaTeX Warning: Reference `Bnormcondition' on page 30 undefined on input line 96
9.


LaTeX Warning: Reference `Lformula1' on page 30 undefined on input line 969.


LaTeX Warning: Reference `Lformula2' on page 30 undefined on input line 969.


LaTeX Warning: Reference `Bnormfactor0' on page 30 undefined on input line 979.



LaTeX Warning: Reference `Bnormfactor1' on page 30 undefined on input line 979.



LaTeX Warning: Reference `BPdtildeomega0' on page 30 undefined on input line 97
9.

[30]

LaTeX Warning: Reference `BPdtildeomega1' on page 31 undefined on input line 99
3.


LaTeX Warning: Reference `Bnormcondition' on page 31 undefined on input line 99
3.


LaTeX Warning: Reference `Bcoarsefourier' on page 31 undefined on input line 10
01.


LaTeX Warning: Reference `BPdtildeomega1' on page 31 undefined on input line 10
01.

[31]

LaTeX Warning: Reference `BtildePDFshort' on page 32 undefined on input line 10
12.


LaTeX Warning: Reference `Bcoarsefourier' on page 32 undefined on input line 10
12.


LaTeX Warning: Reference `BLambdad1omega' on page 32 undefined on input line 10
25.


LaTeX Warning: Reference `Bbmatrix' on page 32 undefined on input line 1025.


LaTeX Warning: Reference `BLambdad1omega' on page 32 undefined on input line 10
30.

[32]

LaTeX Warning: Reference `Trbd1' on page 33 undefined on input line 1035.


LaTeX Warning: Reference `Bsumsofbs' on page 33 undefined on input line 1042.


LaTeX Warning: Reference `Bfinalnormfactors' on page 33 undefined on input line
 1048.

[33]

LaTeX Warning: Reference `Cactionab' on page 34 undefined on input line 1068.


LaTeX Warning: Citation `kleinert2009path' on page 34 undefined on input line 1
068.


LaTeX Warning: Reference `Cintegrals' on page 34 undefined on input line 1068.


LaTeX Warning: Reference `Cintegrals' on page 34 undefined on input line 1079.


LaTeX Warning: Reference `Cactionab' on page 34 undefined on input line 1086.


LaTeX Warning: Reference `correlatorscont' on page 34 undefined on input line 1
093.


LaTeX Warning: Reference `disccorrelator' on page 34 undefined on input line 10
98.


LaTeX Warning: Reference `oscaction' on page 34 undefined on input line 1098.

[34]

LaTeX Warning: Reference `firstaverage' on page 35 undefined on input line 1107
.


LaTeX Warning: Reference `firstaverage' on page 35 undefined on input line 1107
.


LaTeX Warning: Reference `oscaction' on page 35 undefined on input line 1115.


LaTeX Warning: Reference `averagedeltaf' on page 35 undefined on input line 111
5.


LaTeX Warning: Reference `oldintegral' on page 35 undefined on input line 1119.



LaTeX Warning: Reference `averagedeltaf' on page 35 undefined on input line 112
8.

[35]

LaTeX Warning: Reference `firsttermfmu' on page 36 undefined on input line 1138
.


LaTeX Warning: Reference `disccorrelator' on page 36 undefined on input line 11
53.


LaTeX Warning: Reference `faveragedisc' on page 36 undefined on input line 1153
.


LaTeX Warning: Reference `correlatorscont' on page 36 undefined on input line 1
153.


LaTeX Warning: Reference `seconddercorr' on page 36 undefined on input line 115
8.

[36]

LaTeX Warning: Reference `CDDmatrix' on page 37 undefined on input line 1172.


LaTeX Warning: Reference `Cvvectors' on page 37 undefined on input line 1180.

[37]

LaTeX Warning: Reference `Cvvectors' on page 38 undefined on input line 1202.


LaTeX Warning: Reference `CDonvectors' on page 38 undefined on input line 1206.



LaTeX Warning: Reference `CDDonQ' on page 38 undefined on input line 1206.


Overfull \hbox (2.21329pt too wide) detected at line 1211
[]
 []


LaTeX Warning: Reference `Csingular' on page 38 undefined on input line 1218.


LaTeX Warning: Reference `Cbandwidthsing' on page 38 undefined on input line 12
18.


LaTeX Warning: Reference `Csingular' on page 38 undefined on input line 1218.


LaTeX Warning: Reference `Csingularremoved' on page 38 undefined on input line 
1223.

[38]

LaTeX Warning: Reference `3fren' on page 39 undefined on input line 1229.


LaTeX Warning: Reference `3fren' on page 39 undefined on input line 1229.


LaTeX Warning: Reference `3firstsum' on page 39 undefined on input line 1233.


LaTeX Warning: Reference `3firstsum' on page 39 undefined on input line 1246.


LaTeX Warning: Reference `3secondsum' on page 39 undefined on input line 1252.


LaTeX Warning: Reference `3fren' on page 39 undefined on input line 1257.

[39]

LaTeX Warning: Reference `faveragecont' on page 40 undefined on input line 1263
.


LaTeX Warning: Reference `3momegaPTrelations' on page 40 undefined on input lin
e 1278.

No file 2308.01092_pdflatex.bbl.
[40]
(/Users/jovyntan/Desktop/work/fyp/exploration/diff_test_tex_engines/bin/compile
d_tex_pdf/2308.01092/2308.01092_pdflatex.aux)

LaTeX Warning: There were undefined references.


LaTeX Warning: Label(s) may have changed. Rerun to get cross-references right.

 ) 
Here is how much of TeX's memory you used:
 4188 strings out of 478994
 54182 string characters out of 5858184
 378830 words of memory out of 5000000
 21612 multiletter control sequences out of 15000+600000
 421018 words of font info for 71 fonts, out of 8000000 for 9000
 1141 hyphenation exceptions out of 8191
 68i,16n,74p,1899b,286s stack positions out of 5000i,500n,10000p,200000b,80000s
{/usr/local/texlive/2021/texmf-dist/fonts/enc/dvips/cm-super/cm-super-t2a.enc
}</usr/local/texlive/2021/texmf-dist/fonts/type1/public/amsfonts/cm/cmex10.pfb>
</usr/local/texlive/2021/texmf-dist/fonts/type1/public/amsfonts/cm/cmmi10.pfb><
/usr/local/texlive/2021/texmf-dist/fonts/type1/public/amsfonts/cm/cmmi12.pfb></
usr/local/texlive/2021/texmf-dist/fonts/type1/public/amsfonts/cm/cmmi5.pfb></us
r/local/texlive/2021/texmf-dist/fonts/type1/public/amsfonts/cm/cmmi7.pfb></usr/
local/texlive/2021/texmf-dist/fonts/type1/public/amsfonts/cm/cmmi8.pfb></usr/lo
cal/texlive/2021/texmf-dist/fonts/type1/public/amsfonts/cm/cmr10.pfb></usr/loca
l/texlive/2021/texmf-dist/fonts/type1/public/amsfonts/cm/cmr12.pfb></usr/local/
texlive/2021/texmf-dist/fonts/type1/public/amsfonts/cm/cmr5.pfb></usr/local/tex
live/2021/texmf-dist/fonts/type1/public/amsfonts/cm/cmr7.pfb></usr/local/texliv
e/2021/texmf-dist/fonts/type1/public/amsfonts/cm/cmr9.pfb></usr/local/texlive/2
021/texmf-dist/fonts/type1/public/amsfonts/cm/cmsy10.pfb></usr/local/texlive/20
21/texmf-dist/fonts/type1/public/amsfonts/cm/cmsy5.pfb></usr/local/texlive/2021
/texmf-dist/fonts/type1/public/amsfonts/cm/cmsy7.pfb></usr/local/texlive/2021/t
exmf-dist/fonts/type1/public/amsfonts/symbols/msam10.pfb></usr/local/texlive/20
21/texmf-dist/fonts/type1/public/amsfonts/symbols/msbm10.pfb></usr/local/texliv
e/2021/texmf-dist/fonts/type1/public/cm-super/sfbx0900.pfb></usr/local/texlive/
2021/texmf-dist/fonts/type1/public/cm-super/sfbx1000.pfb></usr/local/texlive/20
21/texmf-dist/fonts/type1/public/cm-super/sfbx1200.pfb></usr/local/texlive/2021
/texmf-dist/fonts/type1/public/cm-super/sfbx1440.pfb></usr/local/texlive/2021/t
exmf-dist/fonts/type1/public/cm-super/sfrm0700.pfb></usr/local/texlive/2021/tex
mf-dist/fonts/type1/public/cm-super/sfrm0800.pfb></usr/local/texlive/2021/texmf
-dist/fonts/type1/public/cm-super/sfrm0900.pfb></usr/local/texlive/2021/texmf-d
ist/fonts/type1/public/cm-super/sfrm1000.pfb></usr/local/texlive/2021/texmf-dis
t/fonts/type1/public/cm-super/sfrm1200.pfb></usr/local/texlive/2021/texmf-dist/
fonts/type1/public/cm-super/sfrm1728.pfb>
Output written on /Users/jovyntan/Desktop/work/fyp/exploration/diff_test_tex_en
gines/bin/compiled_tex_pdf/2308.01092/2308.01092_pdflatex.pdf (40 pages, 569274
 bytes).
PDF statistics:
 355 PDF objects out of 1000 (max. 8388607)
 247 compressed objects within 3 object streams
 0 named destinations out of 1000 (max. 500000)
 26 words of extra memory for PDF output out of 10000 (max. 10000000)

