This is pdfTeX, Version 3.141592653-2.6-1.40.22 (TeX Live 2021) (preloaded format=pdflatex)
 restricted \write18 enabled.
entering extended mode
(./manuscript.tex
LaTeX2e <2020-10-01> patch level 4
L3 programming layer <2021-02-18>
(/usr/local/texlive/2021/texmf-dist/tex/latex/IEEEtran/IEEEtran.cls
Document Class: IEEEtran 2015/08/26 V1.8b by Michael Shell
-- See the "IEEEtran_HOWTO" manual for usage information.
-- http://www.michaelshell.org/tex/ieeetran/
(/usr/local/texlive/2021/texmf-dist/tex/latex/psnfss/ot1ptm.fd)
-- Using 8.5in x 11in (letter) paper.
-- Using PDF output.
-- This is a 10 point document.
)
** ATTENTION: Overriding command lockouts (line 3).
(/usr/local/texlive/2021/texmf-dist/tex/latex/lineno/lineno.sty)
(/usr/local/texlive/2021/texmf-dist/tex/latex/cite/cite.sty)
(/usr/local/texlive/2021/texmf-dist/tex/latex/hyperref/hyperref.sty
(/usr/local/texlive/2021/texmf-dist/tex/generic/ltxcmds/ltxcmds.sty)
(/usr/local/texlive/2021/texmf-dist/tex/generic/iftex/iftex.sty)
(/usr/local/texlive/2021/texmf-dist/tex/generic/pdftexcmds/pdftexcmds.sty
(/usr/local/texlive/2021/texmf-dist/tex/generic/infwarerr/infwarerr.sty))
(/usr/local/texlive/2021/texmf-dist/tex/latex/graphics/keyval.sty)
(/usr/local/texlive/2021/texmf-dist/tex/generic/kvsetkeys/kvsetkeys.sty)
(/usr/local/texlive/2021/texmf-dist/tex/generic/kvdefinekeys/kvdefinekeys.sty)
(/usr/local/texlive/2021/texmf-dist/tex/generic/pdfescape/pdfescape.sty)
(/usr/local/texlive/2021/texmf-dist/tex/latex/hycolor/hycolor.sty)
(/usr/local/texlive/2021/texmf-dist/tex/latex/letltxmacro/letltxmacro.sty)
(/usr/local/texlive/2021/texmf-dist/tex/latex/auxhook/auxhook.sty)
(/usr/local/texlive/2021/texmf-dist/tex/latex/kvoptions/kvoptions.sty)
(/usr/local/texlive/2021/texmf-dist/tex/latex/hyperref/pd1enc.def)
(/usr/local/texlive/2021/texmf-dist/tex/latex/hyperref/hyperref-langpatches.def
) (/usr/local/texlive/2021/texmf-dist/tex/generic/intcalc/intcalc.sty)
(/usr/local/texlive/2021/texmf-dist/tex/generic/etexcmds/etexcmds.sty)
(/usr/local/texlive/2021/texmf-dist/tex/latex/hyperref/puenc.def)
(/usr/local/texlive/2021/texmf-dist/tex/latex/url/url.sty)
(/usr/local/texlive/2021/texmf-dist/tex/generic/bitset/bitset.sty
(/usr/local/texlive/2021/texmf-dist/tex/generic/bigintcalc/bigintcalc.sty))
(/usr/local/texlive/2021/texmf-dist/tex/latex/base/atbegshi-ltx.sty))
(/usr/local/texlive/2021/texmf-dist/tex/latex/hyperref/hpdftex.def
(/usr/local/texlive/2021/texmf-dist/tex/latex/base/atveryend-ltx.sty)
(/usr/local/texlive/2021/texmf-dist/tex/latex/rerunfilecheck/rerunfilecheck.sty

(/usr/local/texlive/2021/texmf-dist/tex/generic/uniquecounter/uniquecounter.sty
))) (/usr/local/texlive/2021/texmf-dist/tex/latex/amsmath/amsmath.sty
For additional information on amsmath, use the `?' option.
(/usr/local/texlive/2021/texmf-dist/tex/latex/amsmath/amstext.sty
(/usr/local/texlive/2021/texmf-dist/tex/latex/amsmath/amsgen.sty))
(/usr/local/texlive/2021/texmf-dist/tex/latex/amsmath/amsbsy.sty)
(/usr/local/texlive/2021/texmf-dist/tex/latex/amsmath/amsopn.sty))
(/usr/local/texlive/2021/texmf-dist/tex/latex/amsfonts/amssymb.sty
(/usr/local/texlive/2021/texmf-dist/tex/latex/amsfonts/amsfonts.sty))
(/usr/local/texlive/2021/texmf-dist/tex/latex/amscls/amsthm.sty)
(/usr/local/texlive/2021/texmf-dist/tex/latex/graphics/graphicx.sty
(/usr/local/texlive/2021/texmf-dist/tex/latex/graphics/graphics.sty
(/usr/local/texlive/2021/texmf-dist/tex/latex/graphics/trig.sty)
(/usr/local/texlive/2021/texmf-dist/tex/latex/graphics-cfg/graphics.cfg)
(/usr/local/texlive/2021/texmf-dist/tex/latex/graphics-def/pdftex.def)))
(/usr/local/texlive/2021/texmf-dist/tex/latex/base/textcomp.sty)
(/usr/local/texlive/2021/texmf-dist/tex/latex/xcolor/xcolor.sty
(/usr/local/texlive/2021/texmf-dist/tex/latex/graphics-cfg/color.cfg))
(/usr/local/texlive/2021/texmf-dist/tex/latex/float/float.sty)
(/usr/local/texlive/2021/texmf-dist/tex/latex/subfigure/subfigure.sty
****************************************
* Local config file subfigure.cfg used *
****************************************
(/usr/local/texlive/2021/texmf-dist/tex/latex/subfigure/subfigure.cfg))
(/usr/local/texlive/2021/texmf-dist/tex/latex/jknapltx/mathrsfs.sty)
(/usr/local/texlive/2021/texmf-dist/tex/latex/mathtools/mathtools.sty
(/usr/local/texlive/2021/texmf-dist/tex/latex/tools/calc.sty)
(/usr/local/texlive/2021/texmf-dist/tex/latex/mathtools/mhsetup.sty))
(/usr/local/texlive/2021/texmf-dist/tex/latex/algorithms/algorithm.sty
(/usr/local/texlive/2021/texmf-dist/tex/latex/base/ifthen.sty))
(/usr/local/texlive/2021/texmf-dist/tex/latex/algorithmicx/algorithmicx.sty
Document Style algorithmicx 1.2 - a greatly improved `algorithmic' style
) (/usr/local/texlive/2021/texmf-dist/tex/latex/algorithmicx/algpseudocode.sty
Document Style - pseudocode environments for use with the `algorithmicx' style
) (/usr/local/texlive/2021/texmf-dist/tex/latex/tools/bm.sty)
(/usr/local/texlive/2021/texmf-dist/tex/latex/multirow/multirow.sty)
(/usr/local/texlive/2021/texmf-dist/tex/latex/tools/array.sty)
(/usr/local/texlive/2021/texmf-dist/tex/latex/fancyhdr/fancyhdr.sty)
(/usr/local/texlive/2021/texmf-dist/tex/latex/mdwtools/mdwmath.sty)
(/usr/local/texlive/2021/texmf-dist/tex/latex/mdwtools/mdwtab.sty)
(/usr/local/texlive/2021/texmf-dist/tex/latex/caption/caption.sty
(/usr/local/texlive/2021/texmf-dist/tex/latex/caption/caption3.sty)

Package caption Warning: Unknown document class (or package),
(caption)                standard defaults will be used.
See the caption package documentation for explanation.

)
(/usr/local/texlive/2021/texmf-dist/tex/latex/threeparttable/threeparttable.sty
) (/usr/local/texlive/2021/texmf-dist/tex/latex/setspace/setspace.sty)
(/usr/local/texlive/2021/texmf-dist/tex/latex/doublestroke/dsfont.sty)
(/usr/local/texlive/2021/texmf-dist/tex/latex/bbm-macros/bbm.sty)
(/usr/local/texlive/2021/texmf-dist/tex/latex/l3backend/l3backend-pdftex.def)
No file 2308.00362_pdflatex.aux.
-- Lines per column: 58 (exact).
(/usr/local/texlive/2021/texmf-dist/tex/latex/hyperref/nameref.sty
(/usr/local/texlive/2021/texmf-dist/tex/latex/refcount/refcount.sty)
(/usr/local/texlive/2021/texmf-dist/tex/generic/gettitlestring/gettitlestring.s
ty)) (/usr/local/texlive/2021/texmf-dist/tex/context/base/mkii/supp-pdf.mkii
[Loading MPS to PDF converter (version 2006.09.02).]
) (/usr/local/texlive/2021/texmf-dist/tex/latex/epstopdf-pkg/epstopdf-base.sty
(/usr/local/texlive/2021/texmf-dist/tex/latex/latexconfig/epstopdf-sys.cfg))
Underfull \hbox (badness 3068) in paragraph at lines 71--71
[][][]\OT1/ptm/m/n/8 L. Hanzo is with the School of Elec-tron-ics and Com-puter
 Sci-

LaTeX Warning: Citation `Liu2023' on page 1 undefined on input line 80.


LaTeX Warning: Citation `Liu2023' on page 1 undefined on input line 80.


LaTeX Warning: Citation `Cui2023' on page 1 undefined on input line 83.


LaTeX Warning: Citation `Liu2023' on page 1 undefined on input line 83.


LaTeX Warning: Citation `Cui2023' on page 1 undefined on input line 83.


LaTeX Warning: Citation `Tse2005' on page 1 undefined on input line 85.


LaTeX Warning: Citation `Liu2023' on page 1 undefined on input line 87.


LaTeX Warning: Reference `System_Model' on page 1 undefined on input line 89.



pdfTeX warning: pdflatex (file ./NFC_MIMO.pdf): PDF inclusion: found PDF versio
n <1.6>, but at most version <1.5> allowed
[1{/usr/local/texlive/2021/texmf-var/fonts/map/pdftex/updmap/pdftex.map}]
(/usr/local/texlive/2021/texmf-dist/tex/latex/amsfonts/umsa.fd)
(/usr/local/texlive/2021/texmf-dist/tex/latex/amsfonts/umsb.fd)
(/usr/local/texlive/2021/texmf-dist/tex/latex/jknapltx/ursfs.fd)

Package hyperref Warning: Token not allowed in a PDF string (Unicode):
(hyperref)                removing `math shift' on input line 117.


Package hyperref Warning: Token not allowed in a PDF string (Unicode):
(hyperref)                removing `math shift' on input line 117.


LaTeX Warning: Citation `Liu2023' on page 2 undefined on input line 117.



pdfTeX warning: pdflatex (file ./SVD_SPD.pdf): PDF inclusion: found PDF version
 <1.6>, but at most version <1.5> allowed


pdfTeX warning: pdflatex (file ./SVD_CAP.pdf): PDF inclusion: found PDF version
 <1.6>, but at most version <1.5> allowed

Package hyperref Warning: Token not allowed in a PDF string (Unicode):
(hyperref)                removing `math shift' on input line 145.


Package hyperref Warning: Token not allowed in a PDF string (Unicode):
(hyperref)                removing `subscript' on input line 145.


Package hyperref Warning: Token not allowed in a PDF string (Unicode):
(hyperref)                removing `math shift' on input line 145.


LaTeX Warning: Citation `Miller2000' on page 2 undefined on input line 145.


LaTeX Warning: Citation `Dardari2020' on page 2 undefined on input line 145.


LaTeX Warning: Citation `Miller2000' on page 2 undefined on input line 147.


LaTeX Warning: Citation `Miller2000' on page 2 undefined on input line 153.


LaTeX Warning: Citation `Liu2023' on page 2 undefined on input line 153.


LaTeX Warning: Citation `Miller2000' on page 2 undefined on input line 153.


LaTeX Warning: Citation `Dardari2020' on page 2 undefined on input line 153.


LaTeX Warning: Citation `Miller2000' on page 2 undefined on input line 157.


LaTeX Warning: Citation `Dardari2020' on page 2 undefined on input line 157.


LaTeX Warning: Reference `SVD_SPD' on page 2 undefined on input line 161.

[2 <./NFC_MIMO.pdf>]

LaTeX Warning: Citation `Tse2005' on page 3 undefined on input line 187.


LaTeX Warning: Citation `Miller2000' on page 3 undefined on input line 187.


LaTeX Warning: Citation `Muharemovic2008' on page 3 undefined on input line 187
.


LaTeX Warning: Citation `Shiu2000' on page 3 undefined on input line 187.


LaTeX Warning: Citation `Muharemovic2008' on page 3 undefined on input line 187
.


LaTeX Warning: Citation `Shiu2000' on page 3 undefined on input line 187.


LaTeX Warning: Citation `Xie2023' on page 3 undefined on input line 187.


LaTeX Warning: Citation `Miller2000' on page 3 undefined on input line 187.


LaTeX Warning: Citation `Dardari2020' on page 3 undefined on input line 187.


LaTeX Warning: Citation `Xie2023' on page 3 undefined on input line 187.


LaTeX Warning: Citation `Poon2005' on page 3 undefined on input line 187.


LaTeX Warning: Citation `Pizzo2023' on page 3 undefined on input line 187.


Overfull \hbox (144.63629pt too wide) in paragraph at lines 171--195
 [] 

LaTeX Warning: Citation `Poon2005' on page 3 undefined on input line 201.


LaTeX Warning: Citation `Pizzo2023' on page 3 undefined on input line 201.


LaTeX Warning: Citation `Dardari2020' on page 3 undefined on input line 204.


LaTeX Warning: Citation `Pizzo2023' on page 3 undefined on input line 204.


LaTeX Warning: Citation `Poon2005' on page 3 undefined on input line 204.


LaTeX Warning: Citation `Miller2000' on page 3 undefined on input line 204.


Package hyperref Warning: Token not allowed in a PDF string (Unicode):
(hyperref)                removing `math shift' on input line 206.


Package hyperref Warning: Token not allowed in a PDF string (Unicode):
(hyperref)                removing `subscript' on input line 206.


Package hyperref Warning: Token not allowed in a PDF string (Unicode):
(hyperref)                removing `math shift' on input line 206.


LaTeX Warning: Citation `Xie2023' on page 3 undefined on input line 206.


LaTeX Warning: Citation `Xie2023' on page 3 undefined on input line 206.


LaTeX Warning: Reference `SVD_SPD' on page 3 undefined on input line 206.


LaTeX Warning: Citation `Xie2023' on page 3 undefined on input line 206.


Underfull \vbox (badness 10000) has occurred while \output is active [3 <./SVD_
SPD.pdf> <./SVD_CAP.pdf>]

LaTeX Warning: Citation `Muharemovic2008' on page 4 undefined on input line 208
.


LaTeX Warning: Citation `Verdu2002' on page 4 undefined on input line 208.


LaTeX Warning: Citation `Verdu2002' on page 4 undefined on input line 208.


LaTeX Warning: Citation `Muharemovic2008' on page 4 undefined on input line 208
.


LaTeX Warning: Citation `Verdu2002' on page 4 undefined on input line 208.


LaTeX Warning: Reference `SVD_SPD' on page 4 undefined on input line 208.


LaTeX Warning: Reference `Section:Numerical' on page 4 undefined on input line 
208.


Underfull \hbox (badness 1701) in paragraph at lines 208--209
[]\OT1/ptm/m/n/10 The con-cept of $[][]$ was orig-i-nally in-tro-duced by

Package hyperref Warning: Token not allowed in a PDF string (Unicode):
(hyperref)                removing `math shift' on input line 215.


Package hyperref Warning: Token not allowed in a PDF string (Unicode):
(hyperref)                removing `subscript' on input line 215.


Package hyperref Warning: Token not allowed in a PDF string (Unicode):
(hyperref)                removing `math shift' on input line 215.


LaTeX Warning: Citation `Shiu2000' on page 4 undefined on input line 215.


LaTeX Warning: Citation `Shiu2000' on page 4 undefined on input line 217.


LaTeX Warning: Citation `Shiu2000' on page 4 undefined on input line 217.


LaTeX Warning: Reference `table_spd' on page 4 undefined on input line 232.

[4]

Package hyperref Warning: Token not allowed in a PDF string (Unicode):
(hyperref)                removing `math shift' on input line 254.


Package hyperref Warning: Token not allowed in a PDF string (Unicode):
(hyperref)                removing `math shift' on input line 254.


LaTeX Warning: Citation `Miller2000' on page 5 undefined on input line 254.


LaTeX Warning: Citation `Miller2000' on page 5 undefined on input line 254.


LaTeX Warning: Citation `Liu2023' on page 5 undefined on input line 254.


LaTeX Warning: Citation `Miller2000' on page 5 undefined on input line 256.


LaTeX Warning: Citation `Miller2000' on page 5 undefined on input line 256.


Package hyperref Warning: Token not allowed in a PDF string (Unicode):
(hyperref)                removing `math shift' on input line 258.


Package hyperref Warning: Token not allowed in a PDF string (Unicode):
(hyperref)                removing `subscript' on input line 258.


Package hyperref Warning: Token not allowed in a PDF string (Unicode):
(hyperref)                removing `math shift' on input line 258.


LaTeX Warning: Citation `Miller2000' on page 5 undefined on input line 258.


LaTeX Warning: Citation `Poon2005' on page 5 undefined on input line 258.


LaTeX Warning: Citation `Dardari2020' on page 5 undefined on input line 258.


LaTeX Warning: Citation `Pizzo2023' on page 5 undefined on input line 258.


LaTeX Warning: Citation `Xu2023' on page 5 undefined on input line 258.


LaTeX Warning: Citation `Pizzo2022' on page 5 undefined on input line 258.


LaTeX Warning: Citation `Poon2005' on page 5 undefined on input line 260.


LaTeX Warning: Citation `Dardari2020' on page 5 undefined on input line 260.


LaTeX Warning: Citation `Pizzo2023' on page 5 undefined on input line 260.


LaTeX Warning: Citation `Tse2005' on page 5 undefined on input line 282.


LaTeX Warning: Citation `Miller2000' on page 5 undefined on input line 282.


LaTeX Warning: Citation `Muharemovic2008' on page 5 undefined on input line 282
.


LaTeX Warning: Citation `Shiu2000' on page 5 undefined on input line 282.


Overfull \vbox (10.0pt too high) detected at line 282

Overfull \vbox (10.0pt too high) detected at line 282

LaTeX Warning: Citation `Miller2000' on page 5 undefined on input line 282.


LaTeX Warning: Citation `Dardari2020' on page 5 undefined on input line 282.


LaTeX Warning: Citation `Jiang2023' on page 5 undefined on input line 282.


LaTeX Warning: Citation `Xie2023' on page 5 undefined on input line 282.


LaTeX Warning: Citation `Poon2005' on page 5 undefined on input line 282.


LaTeX Warning: Citation `Pizzo2023' on page 5 undefined on input line 282.


Overfull \hbox (26.73709pt too wide) in paragraph at lines 268--288
 [] 

LaTeX Warning: `!h' float specifier changed to `!ht'.


LaTeX Warning: Citation `Liu2023' on page 5 undefined on input line 290.


LaTeX Warning: Reference `SVD_CAP' on page 5 undefined on input line 290.


LaTeX Warning: Reference `SVD_CAP' on page 5 undefined on input line 290.


LaTeX Warning: Citation `Poon2005' on page 5 undefined on input line 307.


LaTeX Warning: Citation `Pizzo2023' on page 5 undefined on input line 307.


Package hyperref Warning: Token not allowed in a PDF string (Unicode):
(hyperref)                removing `math shift' on input line 309.


Package hyperref Warning: Token not allowed in a PDF string (Unicode):
(hyperref)                removing `subscript' on input line 309.


Package hyperref Warning: Token not allowed in a PDF string (Unicode):
(hyperref)                removing `math shift' on input line 309.


LaTeX Warning: Citation `Jiang2023' on page 5 undefined on input line 309.


LaTeX Warning: Citation `Xie2023' on page 5 undefined on input line 309.


LaTeX Warning: Citation `Jiang2023' on page 5 undefined on input line 309.


Package hyperref Warning: Token not allowed in a PDF string (Unicode):
(hyperref)                removing `math shift' on input line 311.


Package hyperref Warning: Token not allowed in a PDF string (Unicode):
(hyperref)                removing `subscript' on input line 311.


Package hyperref Warning: Token not allowed in a PDF string (Unicode):
(hyperref)                removing `math shift' on input line 311.


LaTeX Warning: Citation `Wan2023' on page 5 undefined on input line 311.


LaTeX Warning: Reference `table_cap' on page 5 undefined on input line 351.


LaTeX Warning: Reference `table_cap' on page 5 undefined on input line 351.

[5]

LaTeX Warning: Reference `figure_SPD_EDoF' on page 6 undefined on input line 36
3.


LaTeX Warning: Reference `figure:EDoF1_SPD' on page 6 undefined on input line 3
63.


LaTeX Warning: Reference `figure:EDoF1_SPD' on page 6 undefined on input line 3
63.


LaTeX Warning: Citation `Miller2000' on page 6 undefined on input line 363.


LaTeX Warning: Citation `Miller2000' on page 6 undefined on input line 363.


LaTeX Warning: Reference `figure:EDoF2_SPD' on page 6 undefined on input line 3
65.


LaTeX Warning: Citation `Xie2023' on page 6 undefined on input line 365.


LaTeX Warning: Reference `figure:EDoF1_SPD' on page 6 undefined on input line 3
65.


LaTeX Warning: Reference `figure:EDoF2_SPD' on page 6 undefined on input line 3
65.


LaTeX Warning: Reference `figure:EDoF3_SPD' on page 6 undefined on input line 3
67.


LaTeX Warning: Reference `figure_CAP_EDoF' on page 6 undefined on input line 39
2.


LaTeX Warning: Citation `Wan2023' on page 6 undefined on input line 392.

[6 <./EDoF1_SPD.pdf> <./EDoF2_SPD.pdf> <./EDoF3_SPD.pdf>]

LaTeX Warning: Reference `figure:EDoF1_CAP' on page 7 undefined on input line 3
94.


LaTeX Warning: Reference `figure:EDoF2_CAP' on page 7 undefined on input line 3
94.


LaTeX Warning: Reference `figure:EDoF1_CAP' on page 7 undefined on input line 3
94.


LaTeX Warning: Reference `figure:EDoF2_CAP' on page 7 undefined on input line 3
94.


LaTeX Warning: Reference `figure:EDoF2_SPD' on page 7 undefined on input line 3
94.


LaTeX Warning: Reference `figure_SPD_EDoF' on page 7 undefined on input line 39
6.


LaTeX Warning: Reference `figure_CAP_EDoF' on page 7 undefined on input line 39
6.

[7 <./EDoF1_CAP.pdf> <./EDoF2_CAP.pdf>] [8]
(/Users/jovyntan/Desktop/work/fyp/exploration/diff_test_tex_engines/bin/compile
d_tex_pdf/2308.00362/2308.00362_pdflatex.aux)

LaTeX Warning: There were undefined references.


LaTeX Warning: Label(s) may have changed. Rerun to get cross-references right.


Package rerunfilecheck Warning: File `2308.00362_pdflatex.out' has changed.
(rerunfilecheck)                Rerun to get outlines right
(rerunfilecheck)                or use package `bookmark'.

 )
(see the transcript file for additional information){/usr/local/texlive/2021/te
xmf-dist/fonts/enc/dvips/base/8r.enc}</usr/local/texlive/2021/texmf-dist/fonts/
type1/public/amsfonts/cm/cmbx10.pfb></usr/local/texlive/2021/texmf-dist/fonts/t
ype1/public/amsfonts/cm/cmbx8.pfb></usr/local/texlive/2021/texmf-dist/fonts/typ
e1/public/amsfonts/cm/cmbx9.pfb></usr/local/texlive/2021/texmf-dist/fonts/type1
/public/amsfonts/cm/cmex10.pfb></usr/local/texlive/2021/texmf-dist/fonts/type1/
public/amsfonts/cmextra/cmex9.pfb></usr/local/texlive/2021/texmf-dist/fonts/typ
e1/public/amsfonts/cm/cmmi10.pfb></usr/local/texlive/2021/texmf-dist/fonts/type
1/public/amsfonts/cm/cmmi5.pfb></usr/local/texlive/2021/texmf-dist/fonts/type1/
public/amsfonts/cm/cmmi6.pfb></usr/local/texlive/2021/texmf-dist/fonts/type1/pu
blic/amsfonts/cm/cmmi7.pfb></usr/local/texlive/2021/texmf-dist/fonts/type1/publ
ic/amsfonts/cm/cmmi8.pfb></usr/local/texlive/2021/texmf-dist/fonts/type1/public
/amsfonts/cm/cmmi9.pfb></usr/local/texlive/2021/texmf-dist/fonts/type1/public/a
msfonts/cmextra/cmmib8.pfb></usr/local/texlive/2021/texmf-dist/fonts/type1/publ
ic/amsfonts/cm/cmr10.pfb></usr/local/texlive/2021/texmf-dist/fonts/type1/public
/amsfonts/cm/cmr5.pfb></usr/local/texlive/2021/texmf-dist/fonts/type1/public/am
sfonts/cm/cmr6.pfb></usr/local/texlive/2021/texmf-dist/fonts/type1/public/amsfo
nts/cm/cmr7.pfb></usr/local/texlive/2021/texmf-dist/fonts/type1/public/amsfonts
/cm/cmr8.pfb></usr/local/texlive/2021/texmf-dist/fonts/type1/public/amsfonts/cm
/cmr9.pfb></usr/local/texlive/2021/texmf-dist/fonts/type1/public/amsfonts/cm/cm
ss10.pfb></usr/local/texlive/2021/texmf-dist/fonts/type1/public/amsfonts/cm/cms
s8.pfb></usr/local/texlive/2021/texmf-dist/fonts/type1/public/amsfonts/cm/cmss9
.pfb></usr/local/texlive/2021/texmf-dist/fonts/type1/public/amsfonts/cm/cmsy10.
pfb></usr/local/texlive/2021/texmf-dist/fonts/type1/public/amsfonts/cm/cmsy6.pf
b></usr/local/texlive/2021/texmf-dist/fonts/type1/public/amsfonts/cm/cmsy7.pfb>
</usr/local/texlive/2021/texmf-dist/fonts/type1/public/amsfonts/cm/cmsy8.pfb></
usr/local/texlive/2021/texmf-dist/fonts/type1/public/amsfonts/cm/cmsy9.pfb></us
r/local/texlive/2021/texmf-dist/fonts/type1/public/amsfonts/symbols/msbm10.pfb>
</usr/local/texlive/2021/texmf-dist/fonts/type1/urw/times/utmb8a.pfb></usr/loca
l/texlive/2021/texmf-dist/fonts/type1/urw/times/utmbi8a.pfb></usr/local/texlive
/2021/texmf-dist/fonts/type1/urw/times/utmr8a.pfb></usr/local/texlive/2021/texm
f-dist/fonts/type1/urw/times/utmri8a.pfb>
Output written on /Users/jovyntan/Desktop/work/fyp/exploration/diff_test_tex_en
gines/bin/compiled_tex_pdf/2308.00362/2308.00362_pdflatex.pdf (8 pages, 798163 
bytes).
Transcript written on /Users/jovyntan/Desktop/work/fyp/exploration/diff_test_te
x_engines/bin/compiled_tex_pdf/2308.00362/2308.00362_pdflatex.log.
