This is XeTeX, Version 3.141592653-2.6-0.999993 (TeX Live 2021) (preloaded format=xelatex)
 restricted \write18 enabled.
entering extended mode
(./main_final_0804.tex
LaTeX2e <2020-10-01> patch level 4
L3 programming layer <2021-02-18>
(/usr/local/texlive/2021/texmf-dist/tex/latex/IEEEtran/IEEEtran.cls
Document Class: IEEEtran 2015/08/26 V1.8b by Michael Shell
-- See the "IEEEtran_HOWTO" manual for usage information.
-- http://www.michaelshell.org/tex/ieeetran/

LaTeX Font Warning: Font shape `TU/ptm/m/n' undefined
(Font)              using `TU/lmr/m/n' instead on input line 503.

-- Using 8.5in x 11in (letter) paper.
-- Using DVI output.
-- This is a 10 point document.

LaTeX Font Warning: Font shape `TU/ptm/bx/n' undefined
(Font)              using `TU/ptm/m/n' instead on input line 1090.


LaTeX Font Warning: Font shape `TU/ptm/m/it' undefined
(Font)              using `TU/ptm/m/n' instead on input line 1090.


LaTeX Font Warning: Font shape `TU/ptm/bx/it' undefined
(Font)              using `TU/ptm/bx/n' instead on input line 1090.

)
** ATTENTION: Overriding command lockouts (line 2).
(/usr/local/texlive/2021/texmf-dist/tex/latex/cjk-ko/kotex.sty
(/usr/local/texlive/2021/texmf-dist/tex/latex/kotex-utf/kotex.cfg)
(/usr/local/texlive/2021/texmf-dist/tex/xetex/xetexko/xetexko.sty
(/usr/local/texlive/2021/texmf-dist/tex/generic/unicode-data/load-unicode-xetex
-classes.tex 
load-unicode-xetex-classes.tex v1.14 (2020-10-24)
Reading Unicode east Asian character class data
# LineBreak-13.0.0.txt 
# Date: 2020-02-17, 07:43:02 GMT [KW, LI] 
# EastAsianWidth-13.0.0.txt 
# Date: 2029-01-21, 18:14:00 GMT [KW, LI] 
) (/usr/local/texlive/2021/texmf-dist/tex/latex/fontspec/fontspec.sty
(/usr/local/texlive/2021/texmf-dist/tex/latex/l3packages/xparse/xparse.sty
(/usr/local/texlive/2021/texmf-dist/tex/latex/l3kernel/expl3.sty
(/usr/local/texlive/2021/texmf-dist/tex/latex/l3backend/l3backend-xetex.def
(|extractbb --version)))
(/usr/local/texlive/2021/texmf-dist/tex/latex/l3packages/xparse/xparse-2020-10-
01.sty
(/usr/local/texlive/2021/texmf-dist/tex/latex/l3packages/xparse/xparse-generic.
tex)))
(/usr/local/texlive/2021/texmf-dist/tex/latex/fontspec/fontspec-xetex.sty
(/usr/local/texlive/2021/texmf-dist/tex/latex/base/fontenc.sty)
(/usr/local/texlive/2021/texmf-dist/tex/latex/fontspec/fontspec.cfg)))
(/usr/local/texlive/2021/texmf-dist/tex/latex/everysel/everysel.sty
(/usr/local/texlive/2021/texmf-dist/tex/latex/everysel/everysel-2011-10-28.sty)
) (/usr/local/texlive/2021/texmf-dist/tex/latex/cjk-ko/kolabels-utf.sty)))
(/usr/local/texlive/2021/texmf-dist/tex/latex/url/url.sty)
(/usr/local/texlive/2021/texmf-dist/tex/latex/cite/cite.sty)
(/usr/local/texlive/2021/texmf-dist/tex/latex/lipsum/lipsum.sty
(/usr/local/texlive/2021/texmf-dist/tex/latex/lipsum/lipsum.ltd.tex))
(/usr/local/texlive/2021/texmf-dist/tex/latex/graphics/graphicx.sty
(/usr/local/texlive/2021/texmf-dist/tex/latex/graphics/keyval.sty)
(/usr/local/texlive/2021/texmf-dist/tex/latex/graphics/graphics.sty
(/usr/local/texlive/2021/texmf-dist/tex/latex/graphics/trig.sty)
(/usr/local/texlive/2021/texmf-dist/tex/latex/graphics-cfg/graphics.cfg)
(/usr/local/texlive/2021/texmf-dist/tex/latex/graphics-def/xetex.def)))
(/usr/local/texlive/2021/texmf-dist/tex/latex/amsmath/amsmath.sty
For additional information on amsmath, use the `?' option.
(/usr/local/texlive/2021/texmf-dist/tex/latex/amsmath/amstext.sty
(/usr/local/texlive/2021/texmf-dist/tex/latex/amsmath/amsgen.sty))
(/usr/local/texlive/2021/texmf-dist/tex/latex/amsmath/amsbsy.sty)
(/usr/local/texlive/2021/texmf-dist/tex/latex/amsmath/amsopn.sty))
(/usr/local/texlive/2021/texmf-dist/tex/latex/amsfonts/amsfonts.sty)
(/usr/local/texlive/2021/texmf-dist/tex/latex/amsfonts/amssymb.sty)
(/usr/local/texlive/2021/texmf-dist/tex/latex/xcolor/xcolor.sty
(/usr/local/texlive/2021/texmf-dist/tex/latex/graphics-cfg/color.cfg))
(/usr/local/texlive/2021/texmf-dist/tex/latex/booktabs/booktabs.sty)
(/usr/local/texlive/2021/texmf-dist/tex/latex/multirow/multirow.sty)
(/usr/local/texlive/2021/texmf-dist/tex/latex/tools/array.sty)
(/usr/local/texlive/2021/texmf-dist/tex/latex/subfig/subfig.sty
(/usr/local/texlive/2021/texmf-dist/tex/latex/caption/caption3.sty))
(/usr/local/texlive/2021/texmf-dist/tex/latex/algorithm2e/algorithm2e.sty
(/usr/local/texlive/2021/texmf-dist/tex/latex/base/ifthen.sty)
(/usr/local/texlive/2021/texmf-dist/tex/latex/ifoddpage/ifoddpage.sty)
(/usr/local/texlive/2021/texmf-dist/tex/latex/tools/xspace.sty)
(/usr/local/texlive/2021/texmf-dist/tex/latex/relsize/relsize.sty))
(/usr/local/texlive/2021/texmf-dist/tex/latex/etoolbox/etoolbox.sty)
No file 2308.03004_xelatex.aux.
(/usr/local/texlive/2021/texmf-dist/tex/latex/base/ts1cmr.fd)
-- Lines per column: 56 (exact).
ABD: EverySelectfont initializing macros

LaTeX Font Warning: Font shape `TU/UnBatang.ttf(0)/m/it' undefined
(Font)              using `TU/UnBatang.ttf(0)/m/n' instead on input line 70.


Underfull \hbox (badness 10000) in paragraph at lines 70--70
[][][]\TU/lmr/m/n/8 Geon Choi is with the Department of Electrical Engi-

Underfull \hbox (badness 10000) in paragraph at lines 70--70
\TU/lmr/m/n/8 neering, POSTECH, Pohang 37673, South Korea \TU/UnBatang.ttf(0)/m
/n/8 (\TU/lmr/m/n/8 e-mail:

LaTeX Font Warning: Font shape `TU/UnBatang.ttf(0)/bx/it' undefined
(Font)              using `TU/UnBatang.ttf(0)/bx/n' instead on input line 72.


LaTeX Font Warning: Font shape `TU/UnBatang.ttf(0)/m/sc' undefined
(Font)              using `TU/UnBatang.ttf(0)/m/n' instead on input line 95.


LaTeX Warning: Citation `Wang-6G-Survey' on page 1 undefined on input line 96.


LaTeX Warning: Citation `tataria-6G-URLLC' on page 1 undefined on input line 96
.


LaTeX Warning: Citation `zhang-6G-URLLC' on page 1 undefined on input line 96.


LaTeX Warning: Citation `david-6G-URLLC' on page 1 undefined on input line 96.

(/usr/local/texlive/2021/texmf-dist/tex/latex/amsfonts/umsa.fd)
(/usr/local/texlive/2021/texmf-dist/tex/latex/amsfonts/umsb.fd)

LaTeX Warning: Citation `Chen-URLLC' on page 1 undefined on input line 96.


LaTeX Warning: Citation `shirvanimoghaddam19' on page 1 undefined on input line
 96.


LaTeX Warning: Citation `yue23' on page 1 undefined on input line 96.


LaTeX Warning: Citation `polyanskiy-finite' on page 1 undefined on input line 9
6.


LaTeX Warning: Citation `Yang-finite-mimo-fading' on page 1 undefined on input 
line 96.


LaTeX Warning: Citation `Makki-finite-HARQ' on page 1 undefined on input line 9
6.


LaTeX Warning: Citation `arikan-polar' on page 1 undefined on input line 103.


LaTeX Warning: Citation `arikan-polar' on page 1 undefined on input line 103.


LaTeX Warning: Citation `Hui-5G-coding-comparison' on page 1 undefined on input
 line 103.


LaTeX Warning: Citation `Tal-polar-SCL' on page 1 undefined on input line 103.


LaTeX Warning: Citation `Balatsoukas-SCL-log' on page 1 undefined on input line
 103.


LaTeX Warning: Citation `mondelli-urbanke-polar2RM' on page 1 undefined on inpu
t line 103.


LaTeX Warning: Citation `li-tse-rm-polar' on page 1 undefined on input line 103
.


LaTeX Warning: Citation `Abbe-Reed-Muller' on page 1 undefined on input line 10
3.


LaTeX Warning: Citation `Tal-polar-SCL' on page 1 undefined on input line 106.


LaTeX Warning: Citation `Niu-CA-polar' on page 1 undefined on input line 106.


LaTeX Warning: Citation `Wang-PCC-polar' on page 1 undefined on input line 106.



LaTeX Warning: Citation `Trifonov-polar-dynamic-frozen' on page 1 undefined on 
input line 106.


LaTeX Warning: Citation `Trifonov-polar-subcode' on page 1 undefined on input l
ine 106.


LaTeX Warning: Citation `Zhang-PC-polar-Huawei' on page 1 undefined on input li
ne 106.


LaTeX Warning: Citation `arikan-pac' on page 1 undefined on input line 106.


LaTeX Warning: Citation `arikan-pac' on page 1 undefined on input line 106.


LaTeX Warning: Citation `moradi-pac' on page 1 undefined on input line 106.


LaTeX Warning: Citation `vardy-pac' on page 1 undefined on input line 106.


LaTeX Warning: Citation `Moradi-PAC-Fano-metric' on page 1 undefined on input l
ine 106.


LaTeX Warning: Citation `Rowshan-PAC-Fano-metric' on page 1 undefined on input 
line 106.


LaTeX Warning: Citation `Liu-PAC-construction' on page 1 undefined on input lin
e 106.


LaTeX Warning: Citation `Rowshan-PAC-construction' on page 1 undefined on input
 line 106.


LaTeX Warning: Citation `Moradi-pac-monte-carlo' on page 1 undefined on input l
ine 106.


LaTeX Warning: Citation `Miloslavskaya-recursive-design' on page 1 undefined on
 input line 106.


LaTeX Warning: Citation `Chiu-PAC-consgruction' on page 1 undefined on input li
ne 106.


Underfull \hbox (badness 1735) in paragraph at lines 106--107
\TU/ptm/bx/it/10 codes \TU/UnBatang.ttf(0)/m/it/10 [\TU/lmr/bx/n/10 ?\TU/UnBata
ng.ttf(0)/m/it/10 ] \TU/ptm/bx/it/10 leverage convolutional precoding as a pre-


Underfull \vbox (badness 1237) has occurred while \output is active [1]

LaTeX Warning: Citation `li-pretransformed' on page 2 undefined on input line 1
10.


LaTeX Warning: Citation `li-pretransformed-average' on page 2 undefined on inpu
t line 110.


LaTeX Warning: Citation `Niu-CA-polar' on page 2 undefined on input line 110.


LaTeX Warning: Citation `Wang-PCC-polar' on page 2 undefined on input line 110.



LaTeX Warning: Citation `Trifonov-polar-dynamic-frozen' on page 2 undefined on 
input line 110.


LaTeX Warning: Citation `Trifonov-polar-subcode' on page 2 undefined on input l
ine 110.


LaTeX Warning: Citation `Zhang-PC-polar-Huawei' on page 2 undefined on input li
ne 110.


LaTeX Warning: Citation `arikan-pac' on page 2 undefined on input line 110.


LaTeX Warning: Citation `Zhou-segmented-CApolar-SCL' on page 2 undefined on inp
ut line 110.


LaTeX Warning: Citation `Liang-segmented-BCH-CApolar-SCL' on page 2 undefined o
n input line 110.


LaTeX Warning: Citation `Gelincik-polar-row-merging' on page 2 undefined on inp
ut line 110.


Underfull \hbox (badness 1354) in paragraph at lines 110--111
[]\TU/ptm/bx/it/10 A significant finding has recently emerged in pre-

Underfull \vbox (badness 2922) has occurred while \output is active [2]
Overfull \hbox (4.7195pt too wide) detected at line 269
[]

LaTeX Warning: Citation `costello-road2capacity' on page 3 undefined on input l
ine 284.


LaTeX Warning: Citation `arikan-polar' on page 3 undefined on input line 318.


LaTeX Warning: Citation `arikan-polar' on page 3 undefined on input line 326.


LaTeX Warning: Citation `Abbe-Reed-Muller' on page 3 undefined on input line 36
6.

[3]

LaTeX Warning: Citation `li-pretransformed' on page 4 undefined on input line 3
88.


LaTeX Warning: Reference `fig:encoder' on page 4 undefined on input line 452.


Underfull \hbox (badness 10000) in paragraph at lines 455--457
\TU/ptm/bx/it/10 The primary feature is that the proposed pre-
[4]

LaTeX Warning: Citation `Tal-polar-construction' on page 5 undefined on input l
ine 589.


LaTeX Warning: Citation `Trifnov-polar-construction' on page 5 undefined on inp
ut line 589.

[5]
Underfull \hbox (badness 3460) in paragraph at lines 671--674
[]\TU/lmr/bx/n/10 Rate-compatibility: \TU/ptm/bx/it/10 A design of rate-compati
ble

Underfull \hbox (badness 3746) in paragraph at lines 671--674
\TU/ptm/bx/it/10 codes suitable for hybrid automatic repeat request

LaTeX Warning: Reference `fig:rateprofiling' on page 6 undefined on input line 
699.


Overfull \hbox (8.73886pt too wide) detected at line 720
[]

LaTeX Warning: Reference `fig:rateprofiling' on page 6 undefined on input line 
721.

[6]
Overfull \hbox (35.06644pt too wide) in paragraph at lines 740--757
 [][] 

Overfull \hbox (8.73886pt too wide) detected at line 763
[]

LaTeX Warning: Reference `table:WD' on page 7 undefined on input line 794.


LaTeX Warning: Reference `fig:BLER_BEC' on page 7 undefined on input line 799.


LaTeX Warning: Reference `table:WD' on page 7 undefined on input line 799.

[7]

LaTeX Warning: Reference `eq:encode' on page 8 undefined on input line 838.


LaTeX Warning: Reference `eqn:partial-inverse' on page 8 undefined on input lin
e 908.


LaTeX Warning: Float too large for page by 8.6827pt on input line 917.


LaTeX Warning: Reference `eqn:partial-inverse' on page 8 undefined on input lin
e 928.


LaTeX Warning: Reference `fig:decoder' on page 8 undefined on input line 928.


LaTeX Warning: Reference `alg:deep polar-SCL' on page 8 undefined on input line
 931.

[8]
Underfull \hbox (badness 1910) in paragraph at lines 933--934
[]\TU/ptm/bx/it/10 The proposed decoder introduces an extra decod-

Overfull \hbox (7.40643pt too wide) in paragraph at lines 974--974
 []|\TU/lmr/m/n/8 Estimate| 

LaTeX Warning: Reference `fig:BLER-PAC' on page 9 undefined on input line 976.


LaTeX Warning: Citation `3gpp-nr-coding' on page 9 undefined on input line 976.



Overfull \hbox (5.83777pt too wide) in paragraph at lines 976--976
 []|$\OT1/cmr/m/n/8 (128\OML/cmm/m/it/8 ; \OT1/cmr/m/n/8 19)$| 

LaTeX Warning: Reference `fig:BLER-PAC' on page 9 undefined on input line 977.


LaTeX Warning: Citation `3gpp-nr-coding' on page 9 undefined on input line 977.



Overfull \hbox (5.83777pt too wide) in paragraph at lines 977--977
 []|$\OT1/cmr/m/n/8 (128\OML/cmm/m/it/8 ; \OT1/cmr/m/n/8 51)$| 

Overfull \hbox (1.5877pt too wide) in paragraph at lines 977--977
 []|$\OT1/cmr/m/n/8 (16\OML/cmm/m/it/8 ; \OT1/cmr/m/n/8 13)$| 

LaTeX Warning: Reference `fig:BLER-PAC' on page 9 undefined on input line 978.


LaTeX Warning: Citation `3gpp-nr-coding' on page 9 undefined on input line 978.



Overfull \hbox (5.83777pt too wide) in paragraph at lines 978--978
 []|$\OT1/cmr/m/n/8 (128\OML/cmm/m/it/8 ; \OT1/cmr/m/n/8 67)$| 

LaTeX Warning: Reference `fig:BLER-CA-Polar' on page 9 undefined on input line 
980.


LaTeX Warning: Citation `3gpp-nr-coding' on page 9 undefined on input line 980.



Overfull \hbox (5.83777pt too wide) in paragraph at lines 980--980
 []|$\OT1/cmr/m/n/8 (128\OML/cmm/m/it/8 ; \OT1/cmr/m/n/8 21)$| 

LaTeX Warning: Reference `fig:BLER-CA-Polar' on page 9 undefined on input line 
981.


LaTeX Warning: Citation `3gpp-nr-coding' on page 9 undefined on input line 981.



Overfull \hbox (5.83777pt too wide) in paragraph at lines 981--981
 []|$\OT1/cmr/m/n/8 (128\OML/cmm/m/it/8 ; \OT1/cmr/m/n/8 52)$| 

LaTeX Warning: Reference `fig:BLER-CA-Polar' on page 9 undefined on input line 
982.


LaTeX Warning: Citation `3gpp-nr-coding' on page 9 undefined on input line 982.



Overfull \hbox (5.83777pt too wide) in paragraph at lines 982--982
 []|$\OT1/cmr/m/n/8 (128\OML/cmm/m/it/8 ; \OT1/cmr/m/n/8 94)$| 

LaTeX Warning: Reference `fig:BLER-PAC-parallel' on page 9 undefined on input l
ine 984.


LaTeX Warning: Reference `fig:BLER-DP-vs-SCL' on page 9 undefined on input line
 984.


Overfull \hbox (5.83777pt too wide) in paragraph at lines 984--984
 []|$\OT1/cmr/m/n/8 (128\OML/cmm/m/it/8 ; \OT1/cmr/m/n/8 24)$| 

LaTeX Warning: Reference `fig:BLER-PAC-parallel' on page 9 undefined on input l
ine 985.


LaTeX Warning: Reference `fig:BLER-DP-vs-SCL' on page 9 undefined on input line
 985.


Overfull \hbox (5.83777pt too wide) in paragraph at lines 985--985
 []|$\OT1/cmr/m/n/8 (128\OML/cmm/m/it/8 ; \OT1/cmr/m/n/8 59)$| 

LaTeX Warning: Reference `fig:BLER-BOSS' on page 9 undefined on input line 987.



LaTeX Warning: Citation `3gpp-nr-coding' on page 9 undefined on input line 987.



LaTeX Warning: Reference `fig:BLER-BOSS' on page 9 undefined on input line 988.



LaTeX Warning: Citation `3gpp-nr-coding' on page 9 undefined on input line 988.



Overfull \hbox (1.5877pt too wide) in paragraph at lines 988--988
 []|$\OT1/cmr/m/n/8 (128\OML/cmm/m/it/8 ; \OT1/cmr/m/n/8 6)$| 

LaTeX Warning: Reference `fig:BLER-BOSS' on page 9 undefined on input line 989.



LaTeX Warning: Citation `3gpp-nr-coding' on page 9 undefined on input line 989.



Overfull \hbox (1.5877pt too wide) in paragraph at lines 989--989
 []|$\OT1/cmr/m/n/8 (256\OML/cmm/m/it/8 ; \OT1/cmr/m/n/8 6)$| 

LaTeX Warning: Reference `fig:BLER-BOSS' on page 9 undefined on input line 990.



LaTeX Warning: Citation `3gpp-nr-coding' on page 9 undefined on input line 990.



Overfull \hbox (1.5877pt too wide) in paragraph at lines 990--990
 []|$\OT1/cmr/m/n/8 (64\OML/cmm/m/it/8 ; \OT1/cmr/m/n/8 11)$| 

Overfull \hbox (1.5877pt too wide) in paragraph at lines 990--990
 []|$\OT1/cmr/m/n/8 (16\OML/cmm/m/it/8 ; \OT1/cmr/m/n/8 11)$| 

LaTeX Warning: Reference `fig:BLER-BOSS' on page 9 undefined on input line 991.



LaTeX Warning: Citation `3gpp-nr-coding' on page 9 undefined on input line 991.



Overfull \hbox (5.83777pt too wide) in paragraph at lines 991--991
 []|$\OT1/cmr/m/n/8 (128\OML/cmm/m/it/8 ; \OT1/cmr/m/n/8 12)$| 

Overfull \hbox (1.5877pt too wide) in paragraph at lines 991--991
 []|$\OT1/cmr/m/n/8 (16\OML/cmm/m/it/8 ; \OT1/cmr/m/n/8 10)$| 

LaTeX Warning: Reference `fig:BLER-BOSS' on page 9 undefined on input line 992.



LaTeX Warning: Citation `3gpp-nr-coding' on page 9 undefined on input line 992.



Overfull \hbox (5.83777pt too wide) in paragraph at lines 992--992
 []|$\OT1/cmr/m/n/8 (256\OML/cmm/m/it/8 ; \OT1/cmr/m/n/8 13)$| 

LaTeX Warning: Reference `fig:BLER-PAC' on page 9 undefined on input line 994.


LaTeX Warning: Reference `fig:BLER-BOSS' on page 9 undefined on input line 994.



LaTeX Warning: Citation `3gpp-nr-coding' on page 9 undefined on input line 994.



LaTeX Warning: Reference `fig:BLER-PAC' on page 9 undefined on input line 996.


LaTeX Warning: Reference `fig:BLER-PAC-parallel' on page 9 undefined on input l
ine 996.


LaTeX Warning: Citation `arikan-pac' on page 9 undefined on input line 996.


LaTeX Warning: Reference `fig:BLER-PAC' on page 9 undefined on input line 997.


LaTeX Warning: Reference `fig:BLER-PAC-parallel' on page 9 undefined on input l
ine 997.


LaTeX Warning: Citation `arikan-pac' on page 9 undefined on input line 997.


LaTeX Warning: Citation `Trifnov-polar-construction' on page 9 undefined on inp
ut line 999.


Overfull \hbox (28.40915pt too wide) in paragraph at lines 970--1003
 [][] 

LaTeX Warning: Reference `table:simulation-parameters' on page 9 undefined on i
nput line 1015.

[9]

LaTeX Warning: Reference `table:simulation-parameters' on page 10 undefined on 
input line 1018.


LaTeX Warning: Citation `polyanskiy-finite' on page 10 undefined on input line 
1035.


LaTeX Warning: Citation `polyanskiy-finite' on page 10 undefined on input line 
1035.


Underfull \hbox (badness 1354) in paragraph at lines 1035--1036
[]\TU/lmr/bx/n/10 Theoretical bounds \TU/UnBatang.ttf(0)/b/n/10 [\TU/lmr/bx/n/1
0 ?\TU/UnBatang.ttf(0)/b/n/10 ]: \TU/ptm/bx/it/10 We utilize theoretical

LaTeX Warning: Citation `3gpp-nr-coding' on page 10 undefined on input line 103
7.


LaTeX Warning: Citation `3gpp-nr-coding' on page 10 undefined on input line 103
7.


LaTeX Warning: Citation `3gpp-nr-coding' on page 10 undefined on input line 103
7.


LaTeX Warning: Citation `arikan-pac' on page 10 undefined on input line 1039.


LaTeX Warning: Citation `arikan-pac' on page 10 undefined on input line 1039.


LaTeX Warning: Citation `BOSS-URLLC' on page 10 undefined on input line 1041.


LaTeX Warning: Citation `BOSS-URLLC' on page 10 undefined on input line 1041.


LaTeX Warning: Reference `fig:BLER-PAC' on page 10 undefined on input line 1052
.

[10]

LaTeX Warning: Reference `fig:BLER-CA-Polar' on page 11 undefined on input line
 1074.


LaTeX Warning: Reference `fig:BLER-PAC-parallel' on page 11 undefined on input 
line 1078.


LaTeX Warning: Reference `fig:BLER-DP-vs-SCL' on page 11 undefined on input lin
e 1080.

[11]
Overfull \hbox (25.20154pt too wide) in paragraph at lines 1087--1088
 [][] 

Overfull \hbox (25.20154pt too wide) in paragraph at lines 1095--1096
 [][] 

Overfull \hbox (25.20154pt too wide) in paragraph at lines 1105--1106
 [][] 

LaTeX Warning: Reference `fig:BLER-BOSS' on page 12 undefined on input line 111
4.


Underfull \hbox (badness 3000) in paragraph at lines 1113--1115
\TU/ptm/bx/it/10 and CA-polar codes, at different code rates $\OML/cmm/m/it/10 
R \OMS/cmsy/m/n/10 2

Overfull \hbox (25.20154pt too wide) in paragraph at lines 1122--1123
 [][] 

Overfull \hbox (25.20154pt too wide) in paragraph at lines 1131--1132
 [][] 

Underfull \vbox (badness 10000) has occurred while \output is active [12]
No file 2308.03004_xelatex.bbl.

** Conference Paper **
Before submitting the final camera ready copy, remember to:

 1. Manually equalize the lengths of two columns on the last page
 of your paper;

 2. Ensure that any PostScript and/or PDF output post-processing
 uses only Type 1 fonts and that every step in the generation
 process uses the appropriate paper size.

[13]
(/Users/jovyntan/Desktop/work/fyp/exploration/diff_test_tex_engines/bin/compile
d_tex_pdf/2308.03004/2308.03004_xelatex.aux)

LaTeX Font Warning: Some font shapes were not available, defaults substituted.


LaTeX Warning: There were undefined references.


LaTeX Warning: Label(s) may have changed. Rerun to get cross-references right.

 )
(\end occurred when \iffalse on line 12 was incomplete)
(see the transcript file for additional information)
Output written on /Users/jovyntan/Desktop/work/fyp/exploration/diff_test_tex_en
gines/bin/compiled_tex_pdf/2308.03004/2308.03004_xelatex.pdf (13 pages).
Transcript written on /Users/jovyntan/Desktop/work/fyp/exploration/diff_test_te
x_engines/bin/compiled_tex_pdf/2308.03004/2308.03004_xelatex.log.
