This is LuaHBTeX, Version 1.13.0 (TeX Live 2021) 
 restricted system commands enabled.
(./main_final_0804.tex
LaTeX2e <2020-10-01> patch level 4
 L3 programming layer <2021-02-18>
(/usr/local/texlive/2021/texmf-dist/tex/latex/IEEEtran/IEEEtran.cls
Document Class: IEEEtran 2015/08/26 V1.8b by Michael Shell
-- See the "IEEEtran_HOWTO" manual for usage information.
-- http://www.michaelshell.org/tex/ieeetran/

LaTeX Font Warning: Font shape `TU/ptm/m/n' undefined
(Font)              using `TU/lmr/m/n' instead on input line 503.


-- Using 8.5in x 11in (letter) paper.
-- Using DVI output.
-- This is a 10 point document.

LaTeX Font Warning: Font shape `TU/ptm/bx/n' undefined
(Font)              using `TU/ptm/m/n' instead on input line 1090.


LaTeX Font Warning: Font shape `TU/ptm/m/it' undefined
(Font)              using `TU/ptm/m/n' instead on input line 1090.


LaTeX Font Warning: Font shape `TU/ptm/bx/it' undefined
(Font)              using `TU/ptm/bx/n' instead on input line 1090.

)
** ATTENTION: Overriding command lockouts (line 2).
(/usr/local/texlive/2021/texmf-dist/tex/latex/cjk-ko/kotex.sty
(/usr/local/texlive/2021/texmf-dist/tex/latex/kotex-utf/kotex.cfg)
(/usr/local/texlive/2021/texmf-dist/tex/luatex/luatexko/luatexko.sty
(/usr/local/texlive/2021/texmf-dist/tex/luatex/luatexbase/luatexbase.sty
(/usr/local/texlive/2021/texmf-dist/tex/luatex/ctablestack/ctablestack.sty))
(/usr/local/texlive/2021/texmf-dist/tex/latex/fontspec/fontspec.sty
(/usr/local/texlive/2021/texmf-dist/tex/latex/l3packages/xparse/xparse.sty
(/usr/local/texlive/2021/texmf-dist/tex/latex/l3kernel/expl3.sty
(/usr/local/texlive/2021/texmf-dist/tex/latex/l3backend/l3backend-luatex.def))
(/usr/local/texlive/2021/texmf-dist/tex/latex/l3packages/xparse/xparse-2020-10-
01.sty
(/usr/local/texlive/2021/texmf-dist/tex/latex/l3packages/xparse/xparse-generic.
tex)))
(/usr/local/texlive/2021/texmf-dist/tex/latex/fontspec/fontspec-luatex.sty
(/usr/local/texlive/2021/texmf-dist/tex/latex/base/fontenc.sty)
(/usr/local/texlive/2021/texmf-dist/tex/latex/fontspec/fontspec.cfg)))
(/usr/local/texlive/2021/texmf-dist/tex/latex/everysel/everysel.sty
(/usr/local/texlive/2021/texmf-dist/tex/latex/everysel/everysel-2011-10-28.sty)
) (/usr/local/texlive/2021/texmf-dist/tex/latex/cjk-ko/kolabels-utf.sty)))
(/usr/local/texlive/2021/texmf-dist/tex/latex/url/url.sty)
(/usr/local/texlive/2021/texmf-dist/tex/latex/cite/cite.sty)
(/usr/local/texlive/2021/texmf-dist/tex/latex/lipsum/lipsum.sty
(/usr/local/texlive/2021/texmf-dist/tex/latex/lipsum/lipsum.ltd.tex))
(/usr/local/texlive/2021/texmf-dist/tex/latex/graphics/graphicx.sty
(/usr/local/texlive/2021/texmf-dist/tex/latex/graphics/keyval.sty)
(/usr/local/texlive/2021/texmf-dist/tex/latex/graphics/graphics.sty
(/usr/local/texlive/2021/texmf-dist/tex/latex/graphics/trig.sty)
(/usr/local/texlive/2021/texmf-dist/tex/latex/graphics-cfg/graphics.cfg)
(/usr/local/texlive/2021/texmf-dist/tex/latex/graphics-def/luatex.def)))
(/usr/local/texlive/2021/texmf-dist/tex/latex/amsmath/amsmath.sty
For additional information on amsmath, use the `?' option.
(/usr/local/texlive/2021/texmf-dist/tex/latex/amsmath/amstext.sty
(/usr/local/texlive/2021/texmf-dist/tex/latex/amsmath/amsgen.sty))
(/usr/local/texlive/2021/texmf-dist/tex/latex/amsmath/amsbsy.sty)
(/usr/local/texlive/2021/texmf-dist/tex/latex/amsmath/amsopn.sty))
(/usr/local/texlive/2021/texmf-dist/tex/latex/amsfonts/amsfonts.sty)
(/usr/local/texlive/2021/texmf-dist/tex/latex/amsfonts/amssymb.sty)
(/usr/local/texlive/2021/texmf-dist/tex/latex/xcolor/xcolor.sty
(/usr/local/texlive/2021/texmf-dist/tex/latex/graphics-cfg/color.cfg))
(/usr/local/texlive/2021/texmf-dist/tex/latex/booktabs/booktabs.sty)
(/usr/local/texlive/2021/texmf-dist/tex/latex/multirow/multirow.sty)
(/usr/local/texlive/2021/texmf-dist/tex/latex/tools/array.sty)
(/usr/local/texlive/2021/texmf-dist/tex/latex/subfig/subfig.sty
(/usr/local/texlive/2021/texmf-dist/tex/latex/caption/caption3.sty))
(/usr/local/texlive/2021/texmf-dist/tex/latex/algorithm2e/algorithm2e.sty
(/usr/local/texlive/2021/texmf-dist/tex/latex/base/ifthen.sty)
(/usr/local/texlive/2021/texmf-dist/tex/latex/ifoddpage/ifoddpage.sty)
(/usr/local/texlive/2021/texmf-dist/tex/latex/tools/xspace.sty)
(/usr/local/texlive/2021/texmf-dist/tex/latex/relsize/relsize.sty))
(/usr/local/texlive/2021/texmf-dist/tex/latex/etoolbox/etoolbox.sty)
No file 2308.03004_lualatex.aux.
(/usr/local/texlive/2021/texmf-dist/tex/latex/base/ts1cmr.fd)
-- Lines per column: 56 (exact).
ABD: EverySelectfont initializing macros
(/usr/local/texlive/2021/texmf-dist/tex/context/base/mkii/supp-pdf.mkii
[Loading MPS to PDF converter (version 2006.09.02).]
) (/usr/local/texlive/2021/texmf-dist/tex/latex/epstopdf-pkg/epstopdf-base.sty
(/usr/local/texlive/2021/texmf-dist/tex/latex/latexconfig/epstopdf-sys.cfg))

LaTeX Font Warning: Font shape `TU/UnBatang(0)/m/it' undefined
(Font)              using `TU/UnBatang(0)/m/n' instead on input line 70.


Underfull \hbox (badness 10000) in paragraph at lines 70--70
[][][]\TU/lmr/m/n/8 Geon Choi is with the De-part-ment of Elec-tri-cal En-gi-

Underfull \hbox (badness 10000) in paragraph at lines 70--70
\TU/lmr/m/n/8 neer-ing\TU/UnBatang(0)/m/n/8 , \TU/lmr/m/n/8 POSTECH\TU/UnBatang
(0)/m/n/8 , \TU/lmr/m/n/8 Po-hang 37673\TU/UnBatang(0)/m/n/8 , \TU/lmr/m/n/8 So
uth Ko-rea \TU/UnBatang(0)/m/n/8 (\TU/lmr/m/n/8 e-mail\TU/UnBatang(0)/m/n/8 :

LaTeX Font Warning: Font shape `TU/UnBatang(0)/bx/it' undefined
(Font)              using `TU/UnBatang(0)/bx/n' instead on input line 72.


LaTeX Font Warning: Font shape `TU/UnBatang(0)/m/sc' undefined
(Font)              using `TU/UnBatang(0)/m/n' instead on input line 95.


LaTeX Warning: Citation `Wang-6G-Survey' on page 1 undefined on input line 96.


LaTeX Warning: Citation `tataria-6G-URLLC' on page 1 undefined on input line 96
.


LaTeX Warning: Citation `zhang-6G-URLLC' on page 1 undefined on input line 96.


LaTeX Warning: Citation `david-6G-URLLC' on page 1 undefined on input line 96.

(/usr/local/texlive/2021/texmf-dist/tex/latex/amsfonts/umsa.fd)
(/usr/local/texlive/2021/texmf-dist/tex/latex/amsfonts/umsb.fd)

LaTeX Warning: Citation `Chen-URLLC' on page 1 undefined on input line 96.


LaTeX Warning: Citation `shirvanimoghaddam19' on page 1 undefined on input line
 96.


LaTeX Warning: Citation `yue23' on page 1 undefined on input line 96.


LaTeX Warning: Citation `polyanskiy-finite' on page 1 undefined on input line 9
6.


LaTeX Warning: Citation `Yang-finite-mimo-fading' on page 1 undefined on input 
line 96.


LaTeX Warning: Citation `Makki-finite-HARQ' on page 1 undefined on input line 9
6.


LaTeX Warning: Citation `arikan-polar' on page 1 undefined on input line 103.


LaTeX Warning: Citation `arikan-polar' on page 1 undefined on input line 103.


LaTeX Warning: Citation `Hui-5G-coding-comparison' on page 1 undefined on input
 line 103.


LaTeX Warning: Citation `Tal-polar-SCL' on page 1 undefined on input line 103.


LaTeX Warning: Citation `Balatsoukas-SCL-log' on page 1 undefined on input line
 103.


LaTeX Warning: Citation `mondelli-urbanke-polar2RM' on page 1 undefined on inpu
t line 103.


LaTeX Warning: Citation `li-tse-rm-polar' on page 1 undefined on input line 103
.


LaTeX Warning: Citation `Abbe-Reed-Muller' on page 1 undefined on input line 10
3.


LaTeX Warning: Citation `Tal-polar-SCL' on page 1 undefined on input line 106.


LaTeX Warning: Citation `Niu-CA-polar' on page 1 undefined on input line 106.


LaTeX Warning: Citation `Wang-PCC-polar' on page 1 undefined on input line 106.



LaTeX Warning: Citation `Trifonov-polar-dynamic-frozen' on page 1 undefined on 
input line 106.


LaTeX Warning: Citation `Trifonov-polar-subcode' on page 1 undefined on input l
ine 106.


LaTeX Warning: Citation `Zhang-PC-polar-Huawei' on page 1 undefined on input li
ne 106.


LaTeX Warning: Citation `arikan-pac' on page 1 undefined on input line 106.


LaTeX Warning: Citation `arikan-pac' on page 1 undefined on input line 106.


LaTeX Warning: Citation `moradi-pac' on page 1 undefined on input line 106.


LaTeX Warning: Citation `vardy-pac' on page 1 undefined on input line 106.


LaTeX Warning: Citation `Moradi-PAC-Fano-metric' on page 1 undefined on input l
ine 106.


LaTeX Warning: Citation `Rowshan-PAC-Fano-metric' on page 1 undefined on input 
line 106.


LaTeX Warning: Citation `Liu-PAC-construction' on page 1 undefined on input lin
e 106.


LaTeX Warning: Citation `Rowshan-PAC-construction' on page 1 undefined on input
 line 106.


LaTeX Warning: Citation `Moradi-pac-monte-carlo' on page 1 undefined on input l
ine 106.


LaTeX Warning: Citation `Miloslavskaya-recursive-design' on page 1 undefined on
 input line 106.


LaTeX Warning: Citation `Chiu-PAC-consgruction' on page 1 undefined on input li
ne 106.


Underfull \hbox (badness 1735) in paragraph at lines 106--107
\TU/ptm/bx/it/10 codes [\TU/UnBatang(0)/bx/n/10 ?\TU/ptm/bx/it/10 ] lever-age c
on-vo-lu-tional pre-cod-ing as a pre-

Underfull \vbox (badness 1237) has occurred while \output is active [1
Non-PDF special ignored!{/usr/local/texlive/2021/texmf-var/fonts/map/pdftex/upd
map/pdftex.map}]

LaTeX Warning: Citation `li-pretransformed' on page 2 undefined on input line 1
10.


LaTeX Warning: Citation `li-pretransformed-average' on page 2 undefined on inpu
t line 110.


LaTeX Warning: Citation `Niu-CA-polar' on page 2 undefined on input line 110.


LaTeX Warning: Citation `Wang-PCC-polar' on page 2 undefined on input line 110.



LaTeX Warning: Citation `Trifonov-polar-dynamic-frozen' on page 2 undefined on 
input line 110.


LaTeX Warning: Citation `Trifonov-polar-subcode' on page 2 undefined on input l
ine 110.


LaTeX Warning: Citation `Zhang-PC-polar-Huawei' on page 2 undefined on input li
ne 110.


LaTeX Warning: Citation `arikan-pac' on page 2 undefined on input line 110.


LaTeX Warning: Citation `Zhou-segmented-CApolar-SCL' on page 2 undefined on inp
ut line 110.


LaTeX Warning: Citation `Liang-segmented-BCH-CApolar-SCL' on page 2 undefined o
n input line 110.


LaTeX Warning: Citation `Gelincik-polar-row-merging' on page 2 undefined on inp
ut line 110.


Underfull \hbox (badness 1354) in paragraph at lines 110--111
[]\TU/ptm/bx/it/10 A sig-nif-i-cant find-ing has re-cently emerged in pre-

Underfull \vbox (badness 2922) has occurred while \output is active [2]
Overfull \hbox (4.7195pt too wide) detected at line 269
[]

LaTeX Warning: Citation `costello-road2capacity' on page 3 undefined on input l
ine 284.


LaTeX Warning: Citation `arikan-polar' on page 3 undefined on input line 318.


LaTeX Warning: Citation `arikan-polar' on page 3 undefined on input line 326.


LaTeX Warning: Citation `Abbe-Reed-Muller' on page 3 undefined on input line 36
6.

[3]

LaTeX Warning: Citation `li-pretransformed' on page 4 undefined on input line 3
88.


LaTeX Warning: Reference `fig:encoder' on page 4 undefined on input line 452.


Underfull \hbox (badness 10000) in paragraph at lines 455--457
\TU/ptm/bx/it/10 The pri-mary fea-ture is that the pro-posed pre-
[4]

LaTeX Warning: Citation `Tal-polar-construction' on page 5 undefined on input l
ine 589.


LaTeX Warning: Citation `Trifnov-polar-construction' on page 5 undefined on inp
ut line 589.

[5<./Encoder.pdf>]
Underfull \hbox (badness 3701) in paragraph at lines 671--674
[]\TU/lmr/bx/n/10 Rate-compatibility\TU/UnBatang(0)/bx/n/10 : \TU/ptm/bx/it/10 
A de-sign of rate-compatible

Underfull \hbox (badness 3746) in paragraph at lines 671--674
\TU/ptm/bx/it/10 codes suit-able for hy-brid au-to-matic re-peat re-quest

LaTeX Warning: Reference `fig:rateprofiling' on page 6 undefined on input line 
699.


Overfull \hbox (8.73886pt too wide) detected at line 720
[]

LaTeX Warning: Reference `fig:rateprofiling' on page 6 undefined on input line 
721.

[6]
Overfull \hbox (35.0664pt too wide) in paragraph at lines 740--757
 [][] 

Overfull \hbox (8.73886pt too wide) detected at line 763
[]

LaTeX Warning: Reference `table:WD' on page 7 undefined on input line 794.


LaTeX Warning: Reference `fig:BLER_BEC' on page 7 undefined on input line 799.


LaTeX Warning: Reference `table:WD' on page 7 undefined on input line 799.

[7<./RateProfiling.pdf>]

LaTeX Warning: Reference `eq:encode' on page 8 undefined on input line 838.


LaTeX Warning: Reference `eqn:partial-inverse' on page 8 undefined on input lin
e 908.


LaTeX Warning: Float too large for page by 8.68271pt on input line 917.


LaTeX Warning: Reference `eqn:partial-inverse' on page 8 undefined on input lin
e 928.


LaTeX Warning: Reference `fig:decoder' on page 8 undefined on input line 928.


LaTeX Warning: Reference `alg:deep polar-SCL' on page 8 undefined on input line
 931.

[8<./BLER_BEC.pdf>]
Underfull \hbox (badness 1910) in paragraph at lines 933--934
[]\TU/ptm/bx/it/10 The pro-posed de-coder in-tro-duces an ex-tra de-cod-

LaTeX Warning: Reference `fig:BLER-PAC' on page 9 undefined on input line 976.


LaTeX Warning: Citation `3gpp-nr-coding' on page 9 undefined on input line 976.



Overfull \hbox (5.83777pt too wide) in paragraph at lines 976--976
 []|$\OT1/cmr/m/n/8 (128\OML/cmm/m/it/8 ; \OT1/cmr/m/n/8 19)$| 

LaTeX Warning: Reference `fig:BLER-PAC' on page 9 undefined on input line 977.


LaTeX Warning: Citation `3gpp-nr-coding' on page 9 undefined on input line 977.



Overfull \hbox (5.83777pt too wide) in paragraph at lines 977--977
 []|$\OT1/cmr/m/n/8 (128\OML/cmm/m/it/8 ; \OT1/cmr/m/n/8 51)$| 

Overfull \hbox (1.5877pt too wide) in paragraph at lines 977--977
 []|$\OT1/cmr/m/n/8 (16\OML/cmm/m/it/8 ; \OT1/cmr/m/n/8 13)$| 

LaTeX Warning: Reference `fig:BLER-PAC' on page 9 undefined on input line 978.


LaTeX Warning: Citation `3gpp-nr-coding' on page 9 undefined on input line 978.



Overfull \hbox (5.83777pt too wide) in paragraph at lines 978--978
 []|$\OT1/cmr/m/n/8 (128\OML/cmm/m/it/8 ; \OT1/cmr/m/n/8 67)$| 

LaTeX Warning: Reference `fig:BLER-CA-Polar' on page 9 undefined on input line 
980.


LaTeX Warning: Citation `3gpp-nr-coding' on page 9 undefined on input line 980.



Overfull \hbox (5.83777pt too wide) in paragraph at lines 980--980
 []|$\OT1/cmr/m/n/8 (128\OML/cmm/m/it/8 ; \OT1/cmr/m/n/8 21)$| 

LaTeX Warning: Reference `fig:BLER-CA-Polar' on page 9 undefined on input line 
981.


LaTeX Warning: Citation `3gpp-nr-coding' on page 9 undefined on input line 981.



Overfull \hbox (5.83777pt too wide) in paragraph at lines 981--981
 []|$\OT1/cmr/m/n/8 (128\OML/cmm/m/it/8 ; \OT1/cmr/m/n/8 52)$| 

LaTeX Warning: Reference `fig:BLER-CA-Polar' on page 9 undefined on input line 
982.


LaTeX Warning: Citation `3gpp-nr-coding' on page 9 undefined on input line 982.



Overfull \hbox (5.83777pt too wide) in paragraph at lines 982--982
 []|$\OT1/cmr/m/n/8 (128\OML/cmm/m/it/8 ; \OT1/cmr/m/n/8 94)$| 

LaTeX Warning: Reference `fig:BLER-PAC-parallel' on page 9 undefined on input l
ine 984.


LaTeX Warning: Reference `fig:BLER-DP-vs-SCL' on page 9 undefined on input line
 984.


Overfull \hbox (5.83777pt too wide) in paragraph at lines 984--984
 []|$\OT1/cmr/m/n/8 (128\OML/cmm/m/it/8 ; \OT1/cmr/m/n/8 24)$| 

LaTeX Warning: Reference `fig:BLER-PAC-parallel' on page 9 undefined on input l
ine 985.


LaTeX Warning: Reference `fig:BLER-DP-vs-SCL' on page 9 undefined on input line
 985.


Overfull \hbox (5.83777pt too wide) in paragraph at lines 985--985
 []|$\OT1/cmr/m/n/8 (128\OML/cmm/m/it/8 ; \OT1/cmr/m/n/8 59)$| 

LaTeX Warning: Reference `fig:BLER-BOSS' on page 9 undefined on input line 987.



LaTeX Warning: Citation `3gpp-nr-coding' on page 9 undefined on input line 987.



LaTeX Warning: Reference `fig:BLER-BOSS' on page 9 undefined on input line 988.



LaTeX Warning: Citation `3gpp-nr-coding' on page 9 undefined on input line 988.



Overfull \hbox (1.5877pt too wide) in paragraph at lines 988--988
 []|$\OT1/cmr/m/n/8 (128\OML/cmm/m/it/8 ; \OT1/cmr/m/n/8 6)$| 

LaTeX Warning: Reference `fig:BLER-BOSS' on page 9 undefined on input line 989.



LaTeX Warning: Citation `3gpp-nr-coding' on page 9 undefined on input line 989.



Overfull \hbox (1.5877pt too wide) in paragraph at lines 989--989
 []|$\OT1/cmr/m/n/8 (256\OML/cmm/m/it/8 ; \OT1/cmr/m/n/8 6)$| 

LaTeX Warning: Reference `fig:BLER-BOSS' on page 9 undefined on input line 990.



LaTeX Warning: Citation `3gpp-nr-coding' on page 9 undefined on input line 990.



Overfull \hbox (1.5877pt too wide) in paragraph at lines 990--990
 []|$\OT1/cmr/m/n/8 (64\OML/cmm/m/it/8 ; \OT1/cmr/m/n/8 11)$| 

Overfull \hbox (1.5877pt too wide) in paragraph at lines 990--990
 []|$\OT1/cmr/m/n/8 (16\OML/cmm/m/it/8 ; \OT1/cmr/m/n/8 11)$| 

LaTeX Warning: Reference `fig:BLER-BOSS' on page 9 undefined on input line 991.



LaTeX Warning: Citation `3gpp-nr-coding' on page 9 undefined on input line 991.



Overfull \hbox (5.83777pt too wide) in paragraph at lines 991--991
 []|$\OT1/cmr/m/n/8 (128\OML/cmm/m/it/8 ; \OT1/cmr/m/n/8 12)$| 

Overfull \hbox (1.5877pt too wide) in paragraph at lines 991--991
 []|$\OT1/cmr/m/n/8 (16\OML/cmm/m/it/8 ; \OT1/cmr/m/n/8 10)$| 

LaTeX Warning: Reference `fig:BLER-BOSS' on page 9 undefined on input line 992.



LaTeX Warning: Citation `3gpp-nr-coding' on page 9 undefined on input line 992.



Overfull \hbox (5.83777pt too wide) in paragraph at lines 992--992
 []|$\OT1/cmr/m/n/8 (256\OML/cmm/m/it/8 ; \OT1/cmr/m/n/8 13)$| 

LaTeX Warning: Reference `fig:BLER-PAC' on page 9 undefined on input line 994.


LaTeX Warning: Reference `fig:BLER-BOSS' on page 9 undefined on input line 994.



LaTeX Warning: Citation `3gpp-nr-coding' on page 9 undefined on input line 994.



LaTeX Warning: Reference `fig:BLER-PAC' on page 9 undefined on input line 996.


LaTeX Warning: Reference `fig:BLER-PAC-parallel' on page 9 undefined on input l
ine 996.


LaTeX Warning: Citation `arikan-pac' on page 9 undefined on input line 996.


LaTeX Warning: Reference `fig:BLER-PAC' on page 9 undefined on input line 997.


LaTeX Warning: Reference `fig:BLER-PAC-parallel' on page 9 undefined on input l
ine 997.


LaTeX Warning: Citation `arikan-pac' on page 9 undefined on input line 997.


LaTeX Warning: Citation `Trifnov-polar-construction' on page 9 undefined on inp
ut line 999.


Overfull \hbox (25.73363pt too wide) in paragraph at lines 970--1003
 [][] 

LaTeX Warning: Reference `table:simulation-parameters' on page 9 undefined on i
nput line 1015.


LaTeX Warning: Reference `table:simulation-parameters' on page 9 undefined on i
nput line 1018.

[9<./Decoder1.pdf>]

LaTeX Warning: Citation `polyanskiy-finite' on page 10 undefined on input line 
1035.


LaTeX Warning: Citation `polyanskiy-finite' on page 10 undefined on input line 
1035.


Underfull \hbox (badness 1721) in paragraph at lines 1035--1036
[]\TU/lmr/bx/n/10 The-o-ret-i-cal bounds [\TU/UnBatang(0)/bx/n/10 ?\TU/lmr/bx/n
/10 ]\TU/UnBatang(0)/bx/n/10 : \TU/ptm/bx/it/10 We uti-lize the-o-ret-i-cal

LaTeX Warning: Citation `3gpp-nr-coding' on page 10 undefined on input line 103
7.


LaTeX Warning: Citation `3gpp-nr-coding' on page 10 undefined on input line 103
7.


LaTeX Warning: Citation `3gpp-nr-coding' on page 10 undefined on input line 103
7.


LaTeX Warning: Citation `arikan-pac' on page 10 undefined on input line 1039.


LaTeX Warning: Citation `arikan-pac' on page 10 undefined on input line 1039.


LaTeX Warning: Citation `BOSS-URLLC' on page 10 undefined on input line 1041.


LaTeX Warning: Citation `BOSS-URLLC' on page 10 undefined on input line 1041.


LaTeX Warning: Reference `fig:BLER-PAC' on page 10 undefined on input line 1052
.

[10<./Decoder2.pdf>]

LaTeX Warning: Reference `fig:BLER-CA-Polar' on page 11 undefined on input line
 1074.


LaTeX Warning: Reference `fig:BLER-PAC-parallel' on page 11 undefined on input 
line 1078.


LaTeX Warning: Reference `fig:BLER-DP-vs-SCL' on page 11 undefined on input lin
e 1080.


Overfull \hbox (25.20154pt too wide) in paragraph at lines 1087--1088
 [][] 

Overfull \hbox (25.20154pt too wide) in paragraph at lines 1095--1096
 [][] 

Overfull \hbox (25.20154pt too wide) in paragraph at lines 1105--1106
 [][] 

LaTeX Warning: Reference `fig:BLER-BOSS' on page 11 undefined on input line 111
4.

[11]
Underfull \vbox (badness 1205) has occurred while \output is active
Overfull \hbox (25.20154pt too wide) in paragraph at lines 1122--1123
 [][] 

Overfull \hbox (25.20154pt too wide) in paragraph at lines 1131--1132
 [][] 
[12<./BLER_PAC_3.pdf><./BLER_CA_polar.pdf>]
Underfull \vbox (badness 1360) has occurred while \output is active
No file 2308.03004_lualatex.bbl.

** Conference Paper **
Before submitting the final camera ready copy, remember to:

 1. Manually equalize the lengths of two columns on the last page
 of your paper;

 2. Ensure that any PostScript and/or PDF output post-processing
 uses only Type 1 fonts and that every step in the generation
 process uses the appropriate paper size.

[13<./BLER_PAC_parallel.pdf><./BLER_DP_parallel_2.pdf><./BLER_BOSS.pdf>]
(/Users/jovyntan/Desktop/work/fyp/exploration/diff_test_tex_engines/bin/compile
d_tex_pdf/2308.03004/2308.03004_lualatex.aux)

LaTeX Font Warning: Some font shapes were not available, defaults substituted.


LaTeX Warning: There were undefined references.


LaTeX Warning: Label(s) may have changed. Rerun to get cross-references right.

)
(\end occurred when \iffalse on line 12 was incomplete)
(see the transcript file for additional information)
 1049 words of node memory still in use:
   7 hlist, 2 vlist, 2 rule, 4 glue, 4 kern, 41 sub_mlist, 1 glyph, 104 attribu
te, 75 glue_spec, 54 attribute_list, 1 write, 3 user_defined nodes
   avail lists: 1:2,2:4145,3:568,4:62,5:845,6:245,7:15827,8:63,9:2105,10:19,11:
1062
</usr/local/texlive/2021/texmf-dist/fonts/opentype/public/lm/lmroman6-regular.o
tf></usr/local/texlive/2021/texmf-dist/fonts/opentype/public/lm/lmmono10-regula
r.otf></usr/local/texlive/2021/texmf-dist/fonts/opentype/public/lm/lmroman5-reg
ular.otf></usr/local/texlive/2021/texmf-dist/fonts/opentype/public/lm/lmsans8-r
egular.otf></usr/local/texlive/2021/texmf-dist/fonts/opentype/public/lm/lmroman
7-regular.otf></usr/local/texlive/2021/texmf-dist/fonts/opentype/public/lm/lmsa
ns10-regular.otf></usr/local/texlive/2021/texmf-dist/fonts/opentype/public/lm/l
mroman10-bold.otf></usr/local/texlive/2021/texmf-dist/fonts/opentype/public/lm/
lmromandemi10-regular.otf></usr/local/texlive/2021/texmf-dist/fonts/opentype/pu
blic/lm/lmroman10-italic.otf></usr/local/texlive/2021/texmf-dist/fonts/opentype
/public/lm/lmroman8-regular.otf></usr/local/texlive/2021/texmf-dist/fonts/opent
ype/public/lm/lmroman10-regular.otf></usr/local/texlive/2021/texmf-dist/fonts/o
pentype/public/lm/lmromancaps10-regular.otf></usr/local/texlive/2021/texmf-dist
/fonts/truetype/public/unfonts-core/UnBatangBold.ttf></usr/local/texlive/2021/t
exmf-dist/fonts/opentype/public/lm/lmroman9-bold.otf></usr/local/texlive/2021/t
exmf-dist/fonts/opentype/public/lm/lmroman10-bolditalic.otf></usr/local/texlive
/2021/texmf-dist/fonts/opentype/public/lm/lmroman12-italic.otf></usr/local/texl
ive/2021/texmf-dist/fonts/truetype/public/unfonts-core/UnBatang.ttf></usr/local
/texlive/2021/texmf-dist/fonts/opentype/public/lm/lmroman12-regular.otf></usr/l
ocal/texlive/2021/texmf-dist/fonts/opentype/public/lm/lmroman17-regular.otf></u
sr/local/texlive/2021/texmf-dist/fonts/type1/public/amsfonts/cm/cmex10.pfb></us
r/local/texlive/2021/texmf-dist/fonts/type1/public/amsfonts/cmextra/cmex7.pfb><
/usr/local/texlive/2021/texmf-dist/fonts/type1/public/amsfonts/cm/cmmi10.pfb></
usr/local/texlive/2021/texmf-dist/fonts/type1/public/amsfonts/cm/cmmi5.pfb></us
r/local/texlive/2021/texmf-dist/fonts/type1/public/amsfonts/cm/cmmi6.pfb></usr/
local/texlive/2021/texmf-dist/fonts/type1/public/amsfonts/cm/cmmi7.pfb></usr/lo
cal/texlive/2021/texmf-dist/fonts/type1/public/amsfonts/cm/cmmi8.pfb></usr/loca
l/texlive/2021/texmf-dist/fonts/type1/public/amsfonts/cm/cmr10.pfb></usr/local/
texlive/2021/texmf-dist/fonts/type1/public/amsfonts/cm/cmr5.pfb></usr/local/tex
live/2021/texmf-dist/fonts/type1/public/amsfonts/cm/cmr6.pfb></usr/local/texliv
e/2021/texmf-dist/fonts/type1/public/amsfonts/cm/cmr7.pfb></usr/local/texlive/2
021/texmf-dist/fonts/type1/public/amsfonts/cm/cmr8.pfb></usr/local/texlive/2021
/texmf-dist/fonts/type1/public/amsfonts/cm/cmsy10.pfb></usr/local/texlive/2021/
texmf-dist/fonts/type1/public/amsfonts/cm/cmsy5.pfb></usr/local/texlive/2021/te
xmf-dist/fonts/type1/public/amsfonts/cm/cmsy7.pfb></usr/local/texlive/2021/texm
f-dist/fonts/type1/public/amsfonts/cm/cmsy8.pfb></usr/local/texlive/2021/texmf-
dist/fonts/type1/public/amsfonts/symbols/msbm10.pfb></usr/local/texlive/2021/te
xmf-dist/fonts/type1/public/amsfonts/symbols/msbm7.pfb>
Output written on 2308.03004_lualatex.pdf (13 pages, 3344952 bytes).
Transcript written on 2308.03004_lualatex.log.
