This is pdfTeX, Version 3.141592653-2.6-1.40.22 (TeX Live 2021) (preloaded format=pdflatex)
 restricted \write18 enabled.
entering extended mode
(./main-final.tex
LaTeX2e <2020-10-01> patch level 4
L3 programming layer <2021-02-18>
(/usr/local/texlive/2021/texmf-dist/tex/latex/IEEEtran/IEEEtran.cls
Document Class: IEEEtran 2015/08/26 V1.8b by Michael Shell
-- See the "IEEEtran_HOWTO" manual for usage information.
-- http://www.michaelshell.org/tex/ieeetran/
(/usr/local/texlive/2021/texmf-dist/tex/latex/psnfss/ot1ptm.fd)
-- Using 8.5in x 11in (letter) paper.
-- Using PDF output.
-- This is a 10 point document.
) (/usr/local/texlive/2021/texmf-dist/tex/latex/amsfonts/amsfonts.sty)
(/usr/local/texlive/2021/texmf-dist/tex/latex/tools/indentfirst.sty)
(/usr/local/texlive/2021/texmf-dist/tex/latex/float/float.sty)
(/usr/local/texlive/2021/texmf-dist/tex/latex/amsmath/amsmath.sty
For additional information on amsmath, use the `?' option.
(/usr/local/texlive/2021/texmf-dist/tex/latex/amsmath/amstext.sty
(/usr/local/texlive/2021/texmf-dist/tex/latex/amsmath/amsgen.sty))
(/usr/local/texlive/2021/texmf-dist/tex/latex/amsmath/amsbsy.sty)
(/usr/local/texlive/2021/texmf-dist/tex/latex/amsmath/amsopn.sty))
(/usr/local/texlive/2021/texmf-dist/tex/latex/amscls/amsthm.sty)
(/usr/local/texlive/2021/texmf-dist/tex/latex/mathtools/mathtools.sty
(/usr/local/texlive/2021/texmf-dist/tex/latex/graphics/keyval.sty)
(/usr/local/texlive/2021/texmf-dist/tex/latex/tools/calc.sty)
(/usr/local/texlive/2021/texmf-dist/tex/latex/mathtools/mhsetup.sty))
(/usr/local/texlive/2021/texmf-dist/tex/latex/amsfonts/amssymb.sty)
(/usr/local/texlive/2021/texmf-dist/tex/latex/graphics/color.sty
(/usr/local/texlive/2021/texmf-dist/tex/latex/graphics-cfg/color.cfg)
(/usr/local/texlive/2021/texmf-dist/tex/latex/graphics-def/pdftex.def))
(/usr/local/texlive/2021/texmf-dist/tex/latex/graphics/graphicx.sty
(/usr/local/texlive/2021/texmf-dist/tex/latex/graphics/graphics.sty
(/usr/local/texlive/2021/texmf-dist/tex/latex/graphics/trig.sty)
(/usr/local/texlive/2021/texmf-dist/tex/latex/graphics-cfg/graphics.cfg)))
(/usr/local/texlive/2021/texmf-dist/tex/latex/threeparttable/threeparttable.sty
) (/usr/local/texlive/2021/texmf-dist/tex/latex/multirow/multirow.sty)
(/usr/local/texlive/2021/texmf-dist/tex/latex/booktabs/booktabs.sty)
(/usr/local/texlive/2021/texmf-dist/tex/latex/tools/array.sty)
(/usr/local/texlive/2021/texmf-dist/tex/latex/caption/caption.sty
(/usr/local/texlive/2021/texmf-dist/tex/latex/caption/caption3.sty)

Package caption Warning: Unknown document class (or package),
(caption)                standard defaults will be used.
See the caption package documentation for explanation.

) (/usr/local/texlive/2021/texmf-dist/tex/latex/makecell/makecell.sty)
(/usr/local/texlive/2021/texmf-dist/tex/latex/tools/tabularx.sty)
(/usr/local/texlive/2021/texmf-dist/tex/latex/cite/cite.sty)
(/usr/local/texlive/2021/texmf-dist/tex/latex/doublestroke/dsfont.sty)
(/usr/local/texlive/2021/texmf-dist/tex/latex/stackengine/stackengine.sty
(/usr/local/texlive/2021/texmf-dist/tex/latex/etoolbox/etoolbox.sty)
(/usr/local/texlive/2021/texmf-dist/tex/generic/listofitems/listofitems.sty
(/usr/local/texlive/2021/texmf-dist/tex/generic/listofitems/listofitems.tex)))
(/usr/local/texlive/2021/texmf-dist/tex/latex/l3backend/l3backend-pdftex.def)
No file 2308.04837_pdflatex.aux.
-- Lines per column: 46 (approximate, difference = 12.00165pt).
(/usr/local/texlive/2021/texmf-dist/tex/context/base/mkii/supp-pdf.mkii
[Loading MPS to PDF converter (version 2006.09.02).]
) (/usr/local/texlive/2021/texmf-dist/tex/latex/epstopdf-pkg/epstopdf-base.sty
(/usr/local/texlive/2021/texmf-dist/tex/latex/latexconfig/epstopdf-sys.cfg))
Underfull \hbox (badness 2334) in paragraph at lines 97--99
\OT1/ptm/m/n/10 low cross-correlation, low cor-re-la-tion, Flo-ren-tine ar-rays
,

LaTeX Warning: Citation `Golomb2005SignalDF' on page 1 undefined on input line 
106.

(/usr/local/texlive/2021/texmf-dist/tex/latex/amsfonts/umsa.fd)
(/usr/local/texlive/2021/texmf-dist/tex/latex/amsfonts/umsb.fd)

LaTeX Warning: Citation `Welch' on page 1 undefined on input line 129.


LaTeX Warning: Citation `HellesethKumar' on page 1 undefined on input line 133.



LaTeX Warning: Citation `Garg2009' on page 1 undefined on input line 133.


LaTeX Warning: Citation `Sarwate' on page 1 undefined on input line 135.


LaTeX Warning: Citation `Sarwate' on page 1 undefined on input line 135.


LaTeX Warning: Citation `Alltop' on page 1 undefined on input line 135.


LaTeX Warning: Citation `Alltop1' on page 1 undefined on input line 135.


LaTeX Warning: Citation `Popovic2' on page 1 undefined on input line 135.


LaTeX Warning: Citation `Suehiro' on page 1 undefined on input line 135.


LaTeX Warning: Citation `chirplike' on page 1 undefined on input line 135.


LaTeX Warning: Citation `Gabidulin1993' on page 1 undefined on input line 135.


LaTeX Warning: Citation `MSong' on page 1 undefined on input line 135.


LaTeX Warning: Citation `Mow' on page 1 undefined on input line 135.


LaTeX Warning: Citation `KPark' on page 1 undefined on input line 135.


LaTeX Warning: Citation `DanISIT2020' on page 1 undefined on input line 135.


LaTeX Warning: Citation `DanTIT22' on page 1 undefined on input line 135.


LaTeX Warning: Citation `SSong22' on page 1 undefined on input line 135.


LaTeX Warning: Citation `Sarwate' on page 1 undefined on input line 135.


LaTeX Warning: Citation `Alltop' on page 1 undefined on input line 135.


LaTeX Warning: Citation `Alltop1' on page 1 undefined on input line 135.


LaTeX Warning: Citation `Popovic2' on page 1 undefined on input line 135.


LaTeX Warning: Citation `Suehiro' on page 1 undefined on input line 135.


LaTeX Warning: Citation `chirplike' on page 1 undefined on input line 135.


LaTeX Warning: Citation `Gabidulin1993' on page 1 undefined on input line 135.


LaTeX Warning: Citation `MSong' on page 1 undefined on input line 135.


LaTeX Warning: Citation `Mow' on page 1 undefined on input line 135.


LaTeX Warning: Citation `KPark' on page 1 undefined on input line 135.


LaTeX Warning: Citation `DanISIT2020' on page 1 undefined on input line 135.


LaTeX Warning: Citation `DanTIT22' on page 1 undefined on input line 135.


LaTeX Warning: Citation `SSong22' on page 1 undefined on input line 135.

[1{/usr/local/texlive/2021/texmf-var/fonts/map/pdftex/updmap/pdftex.map}]

LaTeX Warning: Reference `Listofwork' on page 2 undefined on input line 140.


LaTeX Warning: Citation `HSong' on page 2 undefined on input line 159.


LaTeX Warning: Citation `TAYLOR1991' on page 2 undefined on input line 168.


LaTeX Warning: Citation `Colbourn' on page 2 undefined on input line 181.


LaTeX Warning: Citation `Colbourn' on page 2 undefined on input line 181.


LaTeX Warning: Citation `TAYLOR1991' on page 2 undefined on input line 221.


LaTeX Warning: Citation `HYSong' on page 2 undefined on input line 221.


LaTeX Warning: Reference `FAtable' on page 2 undefined on input line 221.


LaTeX Warning: Citation `GolombT' on page 2 undefined on input line 221.


LaTeX Warning: Citation `Colbourn' on page 2 undefined on input line 221.


LaTeX Warning: Citation `Colbourn' on page 2 undefined on input line 226.


LaTeX Warning: Citation `Colbourn' on page 2 undefined on input line 226.

(/usr/local/texlive/2021/texmf-dist/tex/latex/doublestroke/Udsrom.fd) [2]

LaTeX Warning: Reference `Florentineexample' on page 3 undefined on input line 
288.


LaTeX Warning: Citation `Mow' on page 3 undefined on input line 298.


LaTeX Warning: Citation `Kumar' on page 3 undefined on input line 298.


LaTeX Warning: Citation `chirp-like' on page 3 undefined on input line 298.


LaTeX Warning: Citation `Milewski' on page 3 undefined on input line 298.


LaTeX Warning: Citation `Chung' on page 3 undefined on input line 298.


LaTeX Warning: Citation `Kumar' on page 3 undefined on input line 301.


LaTeX Warning: Citation `Frank' on page 3 undefined on input line 301.


LaTeX Warning: Citation `Heimiller' on page 3 undefined on input line 301.


Underfull \hbox (badness 3138) in paragraph at lines 301--306
[]\OT1/ptm/m/n/10 Generalized Frank se-quences are a class of per-fect

LaTeX Warning: Citation `Kumar' on page 3 undefined on input line 308.


LaTeX Warning: Reference `bent function' on page 3 undefined on input line 322.



LaTeX Warning: Reference `Listofwork' on page 3 undefined on input line 322.


LaTeX Warning: Reference `bent function' on page 3 undefined on input line 322.



LaTeX Warning: Citation `Mow' on page 3 undefined on input line 338.


LaTeX Warning: Citation `DanTIT22' on page 3 undefined on input line 338.


LaTeX Warning: Citation `SSong22' on page 3 undefined on input line 338.


LaTeX Warning: Citation `Sarwate' on page 3 undefined on input line 338.


LaTeX Warning: Citation `Alltop' on page 3 undefined on input line 338.


LaTeX Warning: Citation `Popovic2' on page 3 undefined on input line 338.


LaTeX Warning: Citation `Gabidulin1993' on page 3 undefined on input line 338.


LaTeX Warning: Citation `Alltop1' on page 3 undefined on input line 338.


LaTeX Warning: Citation `Suehiro' on page 3 undefined on input line 338.


LaTeX Warning: Citation `Gabidulin1993' on page 3 undefined on input line 338.


LaTeX Warning: Citation `KPark' on page 3 undefined on input line 338.


LaTeX Warning: Citation `MSong' on page 3 undefined on input line 338.


LaTeX Warning: Citation `DanTIT22' on page 3 undefined on input line 338.


LaTeX Warning: Citation `SSong22' on page 3 undefined on input line 338.


LaTeX Warning: Reference `Frankseq' on page 3 undefined on input line 379.


LaTeX Warning: Reference `bent function' on page 3 undefined on input line 384.


[3]

LaTeX Warning: Reference `NumbofSolequation' on page 4 undefined on input line 
411.


LaTeX Warning: Reference `Florentineexample' on page 4 undefined on input line 
418.


LaTeX Warning: Reference `maintheorem' on page 4 undefined on input line 430.


LaTeX Warning: Reference `Listofwork' on page 4 undefined on input line 433.


LaTeX Warning: Reference `FB' on page 4 undefined on input line 433.


LaTeX Warning: Reference `FAtable' on page 4 undefined on input line 433.

No file 2308.04837_pdflatex.bbl.
** WARNING: \IEEEbiographynophoto is locked out when in conference mode (line 4
61).

** Conference Paper **
Before submitting the final camera ready copy, remember to:

 1. Manually equalize the lengths of two columns on the last page
 of your paper;

 2. Ensure that any PostScript and/or PDF output post-processing
 uses only Type 1 fonts and that every step in the generation
 process uses the appropriate paper size.

[4]
(/Users/jovyntan/Desktop/work/fyp/exploration/diff_test_tex_engines/bin/compile
d_tex_pdf/2308.04837/2308.04837_pdflatex.aux)

LaTeX Warning: There were undefined references.


LaTeX Warning: Label(s) may have changed. Rerun to get cross-references right.

 )
(see the transcript file for additional information){/usr/local/texlive/2021/te
xmf-dist/fonts/enc/dvips/base/8r.enc}</usr/local/texlive/2021/texmf-dist/fonts/
type1/public/amsfonts/cm/cmbx10.pfb></usr/local/texlive/2021/texmf-dist/fonts/t
ype1/public/amsfonts/cm/cmbx7.pfb></usr/local/texlive/2021/texmf-dist/fonts/typ
e1/public/amsfonts/cm/cmex10.pfb></usr/local/texlive/2021/texmf-dist/fonts/type
1/public/amsfonts/cm/cmmi10.pfb></usr/local/texlive/2021/texmf-dist/fonts/type1
/public/amsfonts/cm/cmmi5.pfb></usr/local/texlive/2021/texmf-dist/fonts/type1/p
ublic/amsfonts/cm/cmmi6.pfb></usr/local/texlive/2021/texmf-dist/fonts/type1/pub
lic/amsfonts/cm/cmmi7.pfb></usr/local/texlive/2021/texmf-dist/fonts/type1/publi
c/amsfonts/cm/cmmi8.pfb></usr/local/texlive/2021/texmf-dist/fonts/type1/public/
amsfonts/cm/cmmi9.pfb></usr/local/texlive/2021/texmf-dist/fonts/type1/public/am
sfonts/cm/cmr10.pfb></usr/local/texlive/2021/texmf-dist/fonts/type1/public/amsf
onts/cm/cmr5.pfb></usr/local/texlive/2021/texmf-dist/fonts/type1/public/amsfont
s/cm/cmr6.pfb></usr/local/texlive/2021/texmf-dist/fonts/type1/public/amsfonts/c
m/cmr7.pfb></usr/local/texlive/2021/texmf-dist/fonts/type1/public/amsfonts/cm/c
mr8.pfb></usr/local/texlive/2021/texmf-dist/fonts/type1/public/amsfonts/cm/cmr9
.pfb></usr/local/texlive/2021/texmf-dist/fonts/type1/public/amsfonts/cm/cmsy10.
pfb></usr/local/texlive/2021/texmf-dist/fonts/type1/public/amsfonts/cm/cmsy6.pf
b></usr/local/texlive/2021/texmf-dist/fonts/type1/public/amsfonts/cm/cmsy7.pfb>
</usr/local/texlive/2021/texmf-dist/fonts/type1/public/amsfonts/cm/cmsy8.pfb></
usr/local/texlive/2021/texmf-dist/fonts/type1/public/amsfonts/cm/cmsy9.pfb></us
r/local/texlive/2021/texmf-dist/fonts/type1/public/doublestroke/dsrom10.pfb></u
sr/local/texlive/2021/texmf-dist/fonts/type1/public/amsfonts/symbols/msbm10.pfb
></usr/local/texlive/2021/texmf-dist/fonts/type1/urw/times/utmb8a.pfb></usr/loc
al/texlive/2021/texmf-dist/fonts/type1/urw/times/utmbi8a.pfb></usr/local/texliv
e/2021/texmf-dist/fonts/type1/urw/times/utmr8a.pfb></usr/local/texlive/2021/tex
mf-dist/fonts/type1/urw/times/utmri8a.pfb>
Output written on /Users/jovyntan/Desktop/work/fyp/exploration/diff_test_tex_en
gines/bin/compiled_tex_pdf/2308.04837/2308.04837_pdflatex.pdf (4 pages, 257099 
bytes).
Transcript written on /Users/jovyntan/Desktop/work/fyp/exploration/diff_test_te
x_engines/bin/compiled_tex_pdf/2308.04837/2308.04837_pdflatex.log.
