This is pdfTeX, Version 3.141592653-2.6-1.40.22 (TeX Live 2021) (preloaded format=pdflatex)
 restricted \write18 enabled.
entering extended mode
(./Main.tex
LaTeX2e <2020-10-01> patch level 4
L3 programming layer <2021-02-18>
(/usr/local/texlive/2021/texmf-dist/tex/latex/IEEEtran/IEEEtran.cls
Document Class: IEEEtran 2015/08/26 V1.8b by Michael Shell
-- See the "IEEEtran_HOWTO" manual for usage information.
-- http://www.michaelshell.org/tex/ieeetran/
(/usr/local/texlive/2021/texmf-dist/tex/latex/psnfss/ot1ptm.fd)
-- Using 8.5in x 11in (letter) paper.
-- Using PDF output.
-- This is a 10 point document.
) (/usr/local/texlive/2021/texmf-dist/tex/latex/amsmath/amsmath.sty
For additional information on amsmath, use the `?' option.
(/usr/local/texlive/2021/texmf-dist/tex/latex/amsmath/amstext.sty
(/usr/local/texlive/2021/texmf-dist/tex/latex/amsmath/amsgen.sty))
(/usr/local/texlive/2021/texmf-dist/tex/latex/amsmath/amsbsy.sty)
(/usr/local/texlive/2021/texmf-dist/tex/latex/amsmath/amsopn.sty))
(/usr/local/texlive/2021/texmf-dist/tex/latex/acronym/acronym.sty
(/usr/local/texlive/2021/texmf-dist/tex/latex/bigfoot/suffix.sty)
(/usr/local/texlive/2021/texmf-dist/tex/generic/xstring/xstring.sty
(/usr/local/texlive/2021/texmf-dist/tex/generic/xstring/xstring.tex)))
(/usr/local/texlive/2021/texmf-dist/tex/latex/etoolbox/etoolbox.sty)
(/usr/local/texlive/2021/texmf-dist/tex/latex/amscls/amsthm.sty)
(/usr/local/texlive/2021/texmf-dist/tex/latex/amsfonts/amsfonts.sty)
(/usr/local/texlive/2021/texmf-dist/tex/latex/jknapltx/mathrsfs.sty)
(/usr/local/texlive/2021/texmf-dist/tex/latex/graphics/graphicx.sty
(/usr/local/texlive/2021/texmf-dist/tex/latex/graphics/keyval.sty)
(/usr/local/texlive/2021/texmf-dist/tex/latex/graphics/graphics.sty
(/usr/local/texlive/2021/texmf-dist/tex/latex/graphics/trig.sty)
(/usr/local/texlive/2021/texmf-dist/tex/latex/graphics-cfg/graphics.cfg)
(/usr/local/texlive/2021/texmf-dist/tex/latex/graphics-def/pdftex.def)))
(/usr/local/texlive/2021/texmf-dist/tex/latex/doublestroke/dsfont.sty)
(/usr/local/texlive/2021/texmf-dist/tex/latex/enumitem/enumitem.sty)
(/usr/local/texlive/2021/texmf-dist/tex/latex/oberdiek/stackrel.sty
(/usr/local/texlive/2021/texmf-dist/tex/generic/etexcmds/etexcmds.sty
(/usr/local/texlive/2021/texmf-dist/tex/generic/infwarerr/infwarerr.sty)
(/usr/local/texlive/2021/texmf-dist/tex/generic/iftex/iftex.sty))
(/usr/local/texlive/2021/texmf-dist/tex/generic/pdftexcmds/pdftexcmds.sty
(/usr/local/texlive/2021/texmf-dist/tex/generic/ltxcmds/ltxcmds.sty)))
(/usr/local/texlive/2021/texmf-dist/tex/latex/graphics/color.sty
(/usr/local/texlive/2021/texmf-dist/tex/latex/graphics-cfg/color.cfg))
(/usr/local/texlive/2021/texmf-dist/tex/latex/mathtools/mathtools.sty
(/usr/local/texlive/2021/texmf-dist/tex/latex/tools/calc.sty)
(/usr/local/texlive/2021/texmf-dist/tex/latex/mathtools/mhsetup.sty))
(/usr/local/texlive/2021/texmf-dist/tex/latex/amsfonts/amssymb.sty)
(/usr/local/texlive/2021/texmf-dist/tex/latex/tools/bm.sty)
(/usr/local/texlive/2021/texmf-dist/tex/generic/mathabx/mathabx.sty
(/usr/local/texlive/2021/texmf-dist/tex/generic/mathabx/mathabx.dcl))
(/usr/local/texlive/2021/texmf-dist/tex/latex/tools/array.sty)
(/usr/local/texlive/2021/texmf-dist/tex/latex/algorithmicx/algorithmicx.sty
(/usr/local/texlive/2021/texmf-dist/tex/latex/base/ifthen.sty)
Document Style algorithmicx 1.2 - a greatly improved `algorithmic' style
) (/usr/local/texlive/2021/texmf-dist/tex/latex/algorithms/algorithm.sty
(/usr/local/texlive/2021/texmf-dist/tex/latex/float/float.sty))
(/usr/local/texlive/2021/texmf-dist/tex/latex/algorithmicx/algpseudocode.sty
Document Style - pseudocode environments for use with the `algorithmicx' style
) (/usr/local/texlive/2021/texmf-dist/tex/latex/algorithmicx/algpascal.sty
Document Style - pascal environments for the `algorithmicx' style
) (/usr/local/texlive/2021/texmf-dist/tex/latex/algorithmicx/algc.sty
Document Style - c/c++ environments for use with the `algorithmicx' style
) (/usr/local/texlive/2021/texmf-dist/tex/latex/subfigure/subfigure.sty
****************************************
* Local config file subfigure.cfg used *
****************************************
(/usr/local/texlive/2021/texmf-dist/tex/latex/subfigure/subfigure.cfg))
(/usr/local/texlive/2021/texmf-dist/tex/latex/caption/caption.sty
(/usr/local/texlive/2021/texmf-dist/tex/latex/caption/caption3.sty)

Package caption Warning: Unknown document class (or package),
(caption)                standard defaults will be used.
See the caption package documentation for explanation.

) (/usr/local/texlive/2021/texmf-dist/tex/latex/cases/cases.sty)
(/usr/local/texlive/2021/texmf-dist/tex/latex/pgfplots/pgfplots.sty
(/usr/local/texlive/2021/texmf-dist/tex/generic/pgfplots/pgfplots.revision.tex)
(/usr/local/texlive/2021/texmf-dist/tex/latex/pgf/frontendlayer/tikz.sty
(/usr/local/texlive/2021/texmf-dist/tex/latex/pgf/basiclayer/pgf.sty
(/usr/local/texlive/2021/texmf-dist/tex/latex/pgf/utilities/pgfrcs.sty
(/usr/local/texlive/2021/texmf-dist/tex/generic/pgf/utilities/pgfutil-common.te
x
(/usr/local/texlive/2021/texmf-dist/tex/generic/pgf/utilities/pgfutil-common-li
sts.tex))
(/usr/local/texlive/2021/texmf-dist/tex/generic/pgf/utilities/pgfutil-latex.def
) (/usr/local/texlive/2021/texmf-dist/tex/generic/pgf/utilities/pgfrcs.code.tex
(/usr/local/texlive/2021/texmf-dist/tex/generic/pgf/pgf.revision.tex)))
(/usr/local/texlive/2021/texmf-dist/tex/latex/pgf/basiclayer/pgfcore.sty
(/usr/local/texlive/2021/texmf-dist/tex/latex/pgf/systemlayer/pgfsys.sty
(/usr/local/texlive/2021/texmf-dist/tex/generic/pgf/systemlayer/pgfsys.code.tex
(/usr/local/texlive/2021/texmf-dist/tex/generic/pgf/utilities/pgfkeys.code.tex
(/usr/local/texlive/2021/texmf-dist/tex/generic/pgf/utilities/pgfkeysfiltered.c
ode.tex))
(/usr/local/texlive/2021/texmf-dist/tex/generic/pgf/systemlayer/pgf.cfg)
(/usr/local/texlive/2021/texmf-dist/tex/generic/pgf/systemlayer/pgfsys-pdftex.d
ef
(/usr/local/texlive/2021/texmf-dist/tex/generic/pgf/systemlayer/pgfsys-common-p
df.def)))
(/usr/local/texlive/2021/texmf-dist/tex/generic/pgf/systemlayer/pgfsyssoftpath.
code.tex)
(/usr/local/texlive/2021/texmf-dist/tex/generic/pgf/systemlayer/pgfsysprotocol.
code.tex)) (/usr/local/texlive/2021/texmf-dist/tex/latex/xcolor/xcolor.sty
(/usr/local/texlive/2021/texmf-dist/tex/latex/graphics-cfg/color.cfg))
(/usr/local/texlive/2021/texmf-dist/tex/generic/pgf/basiclayer/pgfcore.code.tex
(/usr/local/texlive/2021/texmf-dist/tex/generic/pgf/math/pgfmath.code.tex
(/usr/local/texlive/2021/texmf-dist/tex/generic/pgf/math/pgfmathcalc.code.tex
(/usr/local/texlive/2021/texmf-dist/tex/generic/pgf/math/pgfmathutil.code.tex)
(/usr/local/texlive/2021/texmf-dist/tex/generic/pgf/math/pgfmathparser.code.tex
)
(/usr/local/texlive/2021/texmf-dist/tex/generic/pgf/math/pgfmathfunctions.code.
tex
(/usr/local/texlive/2021/texmf-dist/tex/generic/pgf/math/pgfmathfunctions.basic
.code.tex)
(/usr/local/texlive/2021/texmf-dist/tex/generic/pgf/math/pgfmathfunctions.trigo
nometric.code.tex)
(/usr/local/texlive/2021/texmf-dist/tex/generic/pgf/math/pgfmathfunctions.rando
m.code.tex)
(/usr/local/texlive/2021/texmf-dist/tex/generic/pgf/math/pgfmathfunctions.compa
rison.code.tex)
(/usr/local/texlive/2021/texmf-dist/tex/generic/pgf/math/pgfmathfunctions.base.
code.tex)
(/usr/local/texlive/2021/texmf-dist/tex/generic/pgf/math/pgfmathfunctions.round
.code.tex)
(/usr/local/texlive/2021/texmf-dist/tex/generic/pgf/math/pgfmathfunctions.misc.
code.tex)
(/usr/local/texlive/2021/texmf-dist/tex/generic/pgf/math/pgfmathfunctions.integ
erarithmetics.code.tex)))
(/usr/local/texlive/2021/texmf-dist/tex/generic/pgf/math/pgfmathfloat.code.tex)
) (/usr/local/texlive/2021/texmf-dist/tex/generic/pgf/math/pgfint.code.tex)
(/usr/local/texlive/2021/texmf-dist/tex/generic/pgf/basiclayer/pgfcorepoints.co
de.tex)
(/usr/local/texlive/2021/texmf-dist/tex/generic/pgf/basiclayer/pgfcorepathconst
ruct.code.tex)
(/usr/local/texlive/2021/texmf-dist/tex/generic/pgf/basiclayer/pgfcorepathusage
.code.tex)
(/usr/local/texlive/2021/texmf-dist/tex/generic/pgf/basiclayer/pgfcorescopes.co
de.tex)
(/usr/local/texlive/2021/texmf-dist/tex/generic/pgf/basiclayer/pgfcoregraphicst
ate.code.tex)
(/usr/local/texlive/2021/texmf-dist/tex/generic/pgf/basiclayer/pgfcoretransform
ations.code.tex)
(/usr/local/texlive/2021/texmf-dist/tex/generic/pgf/basiclayer/pgfcorequick.cod
e.tex)
(/usr/local/texlive/2021/texmf-dist/tex/generic/pgf/basiclayer/pgfcoreobjects.c
ode.tex)
(/usr/local/texlive/2021/texmf-dist/tex/generic/pgf/basiclayer/pgfcorepathproce
ssing.code.tex)
(/usr/local/texlive/2021/texmf-dist/tex/generic/pgf/basiclayer/pgfcorearrows.co
de.tex)
(/usr/local/texlive/2021/texmf-dist/tex/generic/pgf/basiclayer/pgfcoreshade.cod
e.tex)
(/usr/local/texlive/2021/texmf-dist/tex/generic/pgf/basiclayer/pgfcoreimage.cod
e.tex
(/usr/local/texlive/2021/texmf-dist/tex/generic/pgf/basiclayer/pgfcoreexternal.
code.tex))
(/usr/local/texlive/2021/texmf-dist/tex/generic/pgf/basiclayer/pgfcorelayers.co
de.tex)
(/usr/local/texlive/2021/texmf-dist/tex/generic/pgf/basiclayer/pgfcoretranspare
ncy.code.tex)
(/usr/local/texlive/2021/texmf-dist/tex/generic/pgf/basiclayer/pgfcorepatterns.
code.tex)
(/usr/local/texlive/2021/texmf-dist/tex/generic/pgf/basiclayer/pgfcorerdf.code.
tex)))
(/usr/local/texlive/2021/texmf-dist/tex/generic/pgf/modules/pgfmoduleshapes.cod
e.tex)
(/usr/local/texlive/2021/texmf-dist/tex/generic/pgf/modules/pgfmoduleplot.code.
tex)
(/usr/local/texlive/2021/texmf-dist/tex/latex/pgf/compatibility/pgfcomp-version
-0-65.sty)
(/usr/local/texlive/2021/texmf-dist/tex/latex/pgf/compatibility/pgfcomp-version
-1-18.sty))
(/usr/local/texlive/2021/texmf-dist/tex/latex/pgf/utilities/pgffor.sty
(/usr/local/texlive/2021/texmf-dist/tex/latex/pgf/utilities/pgfkeys.sty
(/usr/local/texlive/2021/texmf-dist/tex/generic/pgf/utilities/pgfkeys.code.tex)
) (/usr/local/texlive/2021/texmf-dist/tex/latex/pgf/math/pgfmath.sty
(/usr/local/texlive/2021/texmf-dist/tex/generic/pgf/math/pgfmath.code.tex))
(/usr/local/texlive/2021/texmf-dist/tex/generic/pgf/utilities/pgffor.code.tex
(/usr/local/texlive/2021/texmf-dist/tex/generic/pgf/math/pgfmath.code.tex)))
(/usr/local/texlive/2021/texmf-dist/tex/generic/pgf/frontendlayer/tikz/tikz.cod
e.tex
(/usr/local/texlive/2021/texmf-dist/tex/generic/pgf/libraries/pgflibraryplothan
dlers.code.tex)
(/usr/local/texlive/2021/texmf-dist/tex/generic/pgf/modules/pgfmodulematrix.cod
e.tex)
(/usr/local/texlive/2021/texmf-dist/tex/generic/pgf/frontendlayer/tikz/librarie
s/tikzlibrarytopaths.code.tex)))
(/usr/local/texlive/2021/texmf-dist/tex/generic/pgfplots/pgfplots.code.tex
(/usr/local/texlive/2021/texmf-dist/tex/generic/pgfplots/pgfplotscore.code.tex
(/usr/local/texlive/2021/texmf-dist/tex/generic/pgfplots/sys/pgfplotssysgeneric
.code.tex))
(/usr/local/texlive/2021/texmf-dist/tex/generic/pgfplots/libs/pgfplotslibrary.c
ode.tex)
(/usr/local/texlive/2021/texmf-dist/tex/generic/pgfplots/oldpgfcompatib/pgfplot
soldpgfsupp_loader.code.tex
(/usr/local/texlive/2021/texmf-dist/tex/generic/pgf/libraries/pgflibraryfpu.cod
e.tex))
(/usr/local/texlive/2021/texmf-dist/tex/generic/pgfplots/util/pgfplotsutil.code
.tex
(/usr/local/texlive/2021/texmf-dist/tex/generic/pgfplots/liststructure/pgfplots
liststructure.code.tex)
(/usr/local/texlive/2021/texmf-dist/tex/generic/pgfplots/liststructure/pgfplots
liststructureext.code.tex)
(/usr/local/texlive/2021/texmf-dist/tex/generic/pgfplots/liststructure/pgfplots
array.code.tex)
(/usr/local/texlive/2021/texmf-dist/tex/generic/pgfplots/liststructure/pgfplots
matrix.code.tex)
(/usr/local/texlive/2021/texmf-dist/tex/generic/pgfplots/numtable/pgfplotstable
shared.code.tex)
(/usr/local/texlive/2021/texmf-dist/tex/generic/pgfplots/liststructure/pgfplots
deque.code.tex)
(/usr/local/texlive/2021/texmf-dist/tex/generic/pgfplots/util/pgfplotsbinary.co
de.tex
(/usr/local/texlive/2021/texmf-dist/tex/generic/pgfplots/util/pgfplotsbinary.da
ta.code.tex))
(/usr/local/texlive/2021/texmf-dist/tex/generic/pgfplots/util/pgfplotsutil.verb
.code.tex)
(/usr/local/texlive/2021/texmf-dist/tex/generic/pgfplots/libs/pgflibrarypgfplot
s.surfshading.code.tex
(/usr/local/texlive/2021/texmf-dist/tex/generic/pgfplots/sys/pgflibrarypgfplots
.surfshading.pgfsys-pdftex.def)))
(/usr/local/texlive/2021/texmf-dist/tex/generic/pgfplots/util/pgfplotscolormap.
code.tex
(/usr/local/texlive/2021/texmf-dist/tex/generic/pgfplots/util/pgfplotscolor.cod
e.tex))
(/usr/local/texlive/2021/texmf-dist/tex/generic/pgfplots/pgfplotsstackedplots.c
ode.tex)
(/usr/local/texlive/2021/texmf-dist/tex/generic/pgfplots/pgfplotsplothandlers.c
ode.tex
(/usr/local/texlive/2021/texmf-dist/tex/generic/pgfplots/pgfplotsmeshplothandle
r.code.tex
(/usr/local/texlive/2021/texmf-dist/tex/generic/pgfplots/pgfplotsmeshplotimage.
code.tex)))
(/usr/local/texlive/2021/texmf-dist/tex/generic/pgfplots/pgfplots.scaling.code.
tex)
(/usr/local/texlive/2021/texmf-dist/tex/generic/pgfplots/pgfplotscoordprocessin
g.code.tex)
(/usr/local/texlive/2021/texmf-dist/tex/generic/pgfplots/pgfplots.errorbars.cod
e.tex)
(/usr/local/texlive/2021/texmf-dist/tex/generic/pgfplots/pgfplots.markers.code.
tex)
(/usr/local/texlive/2021/texmf-dist/tex/generic/pgfplots/pgfplotsticks.code.tex
)
(/usr/local/texlive/2021/texmf-dist/tex/generic/pgfplots/pgfplots.paths.code.te
x)
(/usr/local/texlive/2021/texmf-dist/tex/generic/pgf/frontendlayer/tikz/librarie
s/tikzlibrarydecorations.code.tex
(/usr/local/texlive/2021/texmf-dist/tex/generic/pgf/modules/pgfmoduledecoration
s.code.tex))
(/usr/local/texlive/2021/texmf-dist/tex/generic/pgf/frontendlayer/tikz/librarie
s/tikzlibrarydecorations.pathmorphing.code.tex
(/usr/local/texlive/2021/texmf-dist/tex/generic/pgf/libraries/decorations/pgfli
brarydecorations.pathmorphing.code.tex))
(/usr/local/texlive/2021/texmf-dist/tex/generic/pgf/frontendlayer/tikz/librarie
s/tikzlibrarydecorations.pathreplacing.code.tex
(/usr/local/texlive/2021/texmf-dist/tex/generic/pgf/libraries/decorations/pgfli
brarydecorations.pathreplacing.code.tex)))
(/usr/local/texlive/2021/texmf-dist/tex/generic/pgf/frontendlayer/tikz/librarie
s/tikzlibraryplotmarks.code.tex
(/usr/local/texlive/2021/texmf-dist/tex/generic/pgf/libraries/pgflibraryplotmar
ks.code.tex)))
(/usr/local/texlive/2021/texmf-dist/tex/generic/pgf/frontendlayer/tikz/librarie
s/tikzlibraryspy.code.tex)
(/usr/local/texlive/2021/texmf-dist/tex/latex/accents/accents.sty)
(/usr/local/texlive/2021/texmf-dist/tex/latex/cite/cite.sty)
(/usr/local/texlive/2021/texmf-dist/tex/latex/l3backend/l3backend-pdftex.def)
No file 2308.03518_pdflatex.aux.
-- Lines per column: 56 (exact).
(/usr/local/texlive/2021/texmf-dist/tex/context/base/mkii/supp-pdf.mkii
[Loading MPS to PDF converter (version 2006.09.02).]
) (/usr/local/texlive/2021/texmf-dist/tex/latex/epstopdf-pkg/epstopdf-base.sty
(/usr/local/texlive/2021/texmf-dist/tex/latex/latexconfig/epstopdf-sys.cfg))
Package pgfplots notification 'compat/show suggested version=true': document ha
s been generated with the most recent feature set (\pgfplotsset{compat=1.17}).

(./acronyms.tex) (/usr/local/texlive/2021/texmf-dist/tex/latex/amsfonts/umsa.fd
) (/usr/local/texlive/2021/texmf-dist/tex/latex/amsfonts/umsb.fd)
(/usr/local/texlive/2021/texmf-dist/tex/latex/jknapltx/ursfs.fd)
(/usr/local/texlive/2021/texmf-dist/tex/latex/psnfss/omsptm.fd)
** WARNING: \thanks is locked out when in conference mode (line 130).

Package acronym Warning: Acronym `GB2D' is not defined on input line 134.


Package acronym Warning: Acronym `GB2D' is not defined on input line 134.


Package acronym Warning: Acronym `BS' is not defined on input line 134.


Package acronym Warning: Acronym `BS' is not defined on input line 134.


Package acronym Warning: Acronym `BS' is not defined on input line 134.


Package acronym Warning: Acronym `BS' is not defined on input line 134.


Package acronym Warning: Acronym `GB2D' is not defined on input line 134.


Package acronym Warning: Acronym `GB2D' is not defined on input line 134.


Package acronym Warning: Acronym `BS' is not defined on input line 134.


LaTeX Warning: Citation `fodor2023optimizing' on page 1 undefined on input line
 161.

(./Figures/Fig_System2.tex

Package acronym Warning: Acronym `GB2D' is not defined on input line 178.


Package acronym Warning: Acronym `GB2D' is not defined on input line 178.

)

Package acronym Warning: Acronym `BS' is not defined on input line 171.


LaTeX Warning: Citation `sayeed2010wireless' on page 1 undefined on input line 
171.


Package acronym Warning: Acronym `BS' is not defined on input line 171.


LaTeX Warning: Reference `fig:system' on page 1 undefined on input line 171.


Package acronym Warning: Acronym `BS' is not defined on input line 171.


LaTeX Warning: Citation `SaeedBlind2022' on page 1 undefined on input line 173.



LaTeX Warning: Citation `razavikia2023computing' on page 1 undefined on input l
ine 173.


LaTeX Warning: Citation `three-dimensionalsuper' on page 1 undefined on input l
ine 173.


LaTeX Warning: Citation `SaeedBinary2020' on page 1 undefined on input line 173
.


LaTeX Warning: Citation `razavikia2019sampling' on page 1 undefined on input li
ne 173.


LaTeX Warning: Citation `maskan2023demixing' on page 1 undefined on input line 
173.


LaTeX Warning: Citation `valiulahi2019two' on page 1 undefined on input line 17
3.


LaTeX Warning: Citation `jung2017blind' on page 1 undefined on input line 173.


LaTeX Warning: Citation `daei2023blind' on page 1 undefined on input line 173.


LaTeX Warning: Citation `vetterli2010multichannel' on page 1 undefined on input
 line 173.


LaTeX Warning: Citation `SayyariBlind2021' on page 1 undefined on input line 17
3.


LaTeX Warning: Citation `daei2023blinda' on page 1 undefined on input line 173.



LaTeX Warning: Citation `liu2020joint' on page 1 undefined on input line 173.


LaTeX Warning: Citation `seidi2022novel' on page 1 undefined on input line 173.



LaTeX Warning: Citation `safari2021off' on page 1 undefined on input line 173.


LaTeX Warning: Citation `jain2017non' on page 1 undefined on input line 179.


LaTeX Warning: Citation `ahmed2013blind' on page 1 undefined on input line 179.



LaTeX Warning: Citation `ling2015self' on page 1 undefined on input line 179.


LaTeX Warning: Citation `candes2013phaselift' on page 1 undefined on input line
 179.


LaTeX Warning: Citation `daei2019distribution' on page 1 undefined on input lin
e 179.


LaTeX Warning: Citation `chi2016guaranteed' on page 1 undefined on input line 1
79.

[1{/usr/local/texlive/2021/texmf-var/fonts/map/pdftex/updmap/pdftex.map}]

Package acronym Warning: Acronym `BS' is not defined on input line 181.


LaTeX Warning: Citation `Jacome2020DualBlind' on page 2 undefined on input line
 181.


LaTeX Warning: Citation `ke2020compressive' on page 2 undefined on input line 1
81.


Package acronym Warning: Acronym `GB2D' is not defined on input line 185.


Package acronym Warning: Acronym `GB2D' is not defined on input line 185.


Package acronym Warning: Acronym `GB2D' is not defined on input line 185.


Underfull \hbox (badness 2591) in paragraph at lines 185--186
[]\OT1/ptm/m/n/10 We pro-pose a novel op-ti-miza-tion frame-work, named

Package acronym Warning: Acronym `GB2D' is not defined on input line 190.


Package acronym Warning: Acronym `BS' is not defined on input line 190.


Package acronym Warning: Acronym `GB2D' is not defined on input line 193.


Package acronym Warning: Acronym `GB2D' is not defined on input line 194.


LaTeX Warning: Reference `sec.model' on page 2 undefined on input line 200.


LaTeX Warning: Reference `sec.proposed' on page 2 undefined on input line 200.


Package acronym Warning: Acronym `GB2D' is not defined on input line 200.


LaTeX Warning: Reference `sec.simulations' on page 2 undefined on input line 20
0.


Package acronym Warning: Acronym `GB2D' is not defined on input line 200.


LaTeX Warning: Reference `sec.conclusion' on page 2 undefined on input line 200
.


Underfull \vbox (badness 10000) has occurred while \output is active [2]

Package acronym Warning: Acronym `BS' is not defined on input line 226.


Package acronym Warning: Acronym `MAC' is not defined on input line 226.


Package acronym Warning: Acronym `MAC' is not defined on input line 226.


Package acronym Warning: Acronym `MAC' is not defined on input line 226.


Package acronym Warning: Acronym `BS' is not defined on input line 226.


Package acronym Warning: Acronym `BS' is not defined on input line 238.


LaTeX Warning: Reference `fig:system' on page 3 undefined on input line 238.


Package acronym Warning: Acronym `GB2D' is not defined on input line 238.


LaTeX Warning: Reference `eq:measure' on page 3 undefined on input line 250.


LaTeX Warning: Reference `eq:mymodel' on page 3 undefined on input line 260.


LaTeX Warning: Reference `eq.Yf' on page 3 undefined on input line 266.


LaTeX Warning: Reference `eq:innerVL' on page 3 undefined on input line 266.


LaTeX Warning: Reference `eq.Yf' on page 3 undefined on input line 272.


LaTeX Warning: Reference `eq.sampledmodel1' on page 3 undefined on input line 2
90.

[3]

Package acronym Warning: Acronym `GB2D' is not defined on input line 320.

(./Figures/Fig_daul.tex)

Package acronym Warning: Acronym `GB2D' is not defined on input line 329.


LaTeX Warning: Reference `eq.subspace_assumption' on page 4 undefined on input 
line 329.


LaTeX Warning: Citation `ling2015self' on page 4 undefined on input line 335.


LaTeX Warning: Reference `eq.sampledmodel3' on page 4 undefined on input line 3
35.


LaTeX Warning: Reference `eq.sampledmodel3' on page 4 undefined on input line 3
55.


LaTeX Warning: Citation `chandrasekaran2012convex' on page 4 undefined on input
 line 356.


LaTeX Warning: Reference `eq.primalprob' on page 4 undefined on input line 376.



LaTeX Warning: Reference `eq.primalprob' on page 4 undefined on input line 378.



LaTeX Warning: Reference `prop.optimality' on page 4 undefined on input line 37
8.

(./Figures/Fig_Polar.tex

Package acronym Warning: Acronym `GB2D' is not defined on input line 263.


LaTeX Warning: Reference `Fig(a):Circ' on page 4 undefined on input line 263.


LaTeX Warning: Reference `Fig(b):Circ' on page 4 undefined on input line 263.


Package acronym Warning: Acronym `GB2D' is not defined on input line 263.


LaTeX Warning: Reference `Fig(c):Circ' on page 4 undefined on input line 263.


Package acronym Warning: Acronym `GB2D' is not defined on input line 263.


Package acronym Warning: Acronym `GB2D' is not defined on input line 263.


LaTeX Warning: Reference `Fig(a):Circ' on page 4 undefined on input line 263.


LaTeX Warning: Reference `Fig(b):Circ' on page 4 undefined on input line 263.


Package acronym Warning: Acronym `GB2D' is not defined on input line 263.


LaTeX Warning: Reference `Fig(c):Circ' on page 4 undefined on input line 263.


Package acronym Warning: Acronym `GB2D' is not defined on input line 263.

)

LaTeX Warning: Reference `eq.primalprob' on page 4 undefined on input line 393.



LaTeX Warning: Reference `proof.optimality' on page 4 undefined on input line 4
09.


LaTeX Warning: Reference `eq.primalprob' on page 4 undefined on input line 416.


[4]

LaTeX Warning: Reference `eq.primalprob' on page 5 undefined on input line 431.



LaTeX Warning: Reference `eq.lagran1' on page 5 undefined on input line 439.


LaTeX Warning: Reference `eq.lagran2' on page 5 undefined on input line 466.


LaTeX Warning: Reference `prob.sdp' on page 5 undefined on input line 481.


LaTeX Warning: Citation `grant2014cvx' on page 5 undefined on input line 481.


LaTeX Warning: Reference `eq.lagran2' on page 5 undefined on input line 481.


LaTeX Warning: Reference `fig:Daul' on page 5 undefined on input line 482.


LaTeX Warning: Reference `eq.lagran2' on page 5 undefined on input line 525.


LaTeX Warning: Citation `grant2014cvx' on page 5 undefined on input line 525.


Package acronym Warning: Acronym `BS' is not defined on input line 526.


Package acronym Warning: Acronym `GB2D' is not defined on input line 526.

[5]

LaTeX Warning: Reference `Fig(a):Circ' on page 6 undefined on input line 530.


LaTeX Warning: Reference `Fig(a):Circ' on page 6 undefined on input line 530.


Package acronym Warning: Acronym `GB2D' is not defined on input line 530.


LaTeX Warning: Reference `Fig(b):Circ' on page 6 undefined on input line 530.

(./Figures/Fig_message.tex)

LaTeX Warning: Reference `Fig(c):Circ' on page 6 undefined on input line 535.


Package acronym Warning: Acronym `GB2D' is not defined on input line 535.


Package acronym Warning: Acronym `GB2D' is not defined on input line 537.


LaTeX Warning: Reference `fig:Mas' on page 6 undefined on input line 537.


LaTeX Warning: Reference `fig:Mas' on page 6 undefined on input line 537.


Package acronym Warning: Acronym `GB2D' is not defined on input line 537.


LaTeX Warning: Reference `fig:Mas' on page 6 undefined on input line 537.


Package acronym Warning: Acronym `GB2D' is not defined on input line 537.


Package acronym Warning: Acronym `BS' is not defined on input line 537.


Package acronym Warning: Acronym `GB2D' is not defined on input line 539.


Package acronym Warning: Acronym `BS' is not defined on input line 546.


Package acronym Warning: Acronym `GB2D' is not defined on input line 548.


Package acronym Warning: Acronym `GB2D' is not defined on input line 548.

** WARNING: Ignoring useless \section in Appendix (line 555).

LaTeX Warning: Reference `eq.supp_cond' on page 6 undefined on input line 557.


LaTeX Warning: Reference `eq.offsupp_cond' on page 6 undefined on input line 55
7.


LaTeX Warning: Reference `eq.lagran2' on page 6 undefined on input line 557.


LaTeX Warning: Reference `eq.Qi' on page 6 undefined on input line 567.


LaTeX Warning: Reference `eq.rel1' on page 6 undefined on input line 567.


LaTeX Warning: Reference `eq.supp_cond' on page 6 undefined on input line 567.


LaTeX Warning: Reference `eq.offsupp_cond' on page 6 undefined on input line 56
7.


LaTeX Warning: Reference `eq.atomic_def' on page 6 undefined on input line 575.



LaTeX Warning: Reference `eq.rel1' on page 6 undefined on input line 575.


LaTeX Warning: Reference `eq.rel2' on page 6 undefined on input line 575.


LaTeX Warning: Reference `eq.primalprob' on page 6 undefined on input line 576.



LaTeX Warning: Reference `eq.lagran2' on page 6 undefined on input line 576.


LaTeX Warning: Reference `eq.primalprob' on page 6 undefined on input line 576.


[6]

LaTeX Font Warning: Command \footnotesize invalid in math mode on input line 59
0.


LaTeX Font Warning: Command \footnotesize invalid in math mode on input line 59
0.


LaTeX Warning: Reference `eq.supp_cond' on page 7 undefined on input line 592.


LaTeX Warning: Reference `eq.offsupp_cond' on page 7 undefined on input line 59
2.


LaTeX Warning: Reference `eq.rel3' on page 7 undefined on input line 592.


LaTeX Warning: Reference `eq.primalprob' on page 7 undefined on input line 592.


No file 2308.03518_pdflatex.bbl.

** Conference Paper **
Before submitting the final camera ready copy, remember to:

 1. Manually equalize the lengths of two columns on the last page
 of your paper;

 2. Ensure that any PostScript and/or PDF output post-processing
 uses only Type 1 fonts and that every step in the generation
 process uses the appropriate paper size.

[7]
(/Users/jovyntan/Desktop/work/fyp/exploration/diff_test_tex_engines/bin/compile
d_tex_pdf/2308.03518/2308.03518_pdflatex.aux)

LaTeX Warning: There were undefined references.


LaTeX Warning: Label(s) may have changed. Rerun to get cross-references right.

 )
(see the transcript file for additional information){/usr/local/texlive/2021/te
xmf-dist/fonts/enc/dvips/base/8r.enc}</usr/local/texlive/2021/texmf-dist/fonts/
type1/public/amsfonts/cm/cmbsy10.pfb></usr/local/texlive/2021/texmf-dist/fonts/
type1/public/amsfonts/cmextra/cmbsy7.pfb></usr/local/texlive/2021/texmf-dist/fo
nts/type1/public/amsfonts/cm/cmbx10.pfb></usr/local/texlive/2021/texmf-dist/fon
ts/type1/public/amsfonts/cm/cmmi10.pfb></usr/local/texlive/2021/texmf-dist/font
s/type1/public/amsfonts/cm/cmmi5.pfb></usr/local/texlive/2021/texmf-dist/fonts/
type1/public/amsfonts/cm/cmmi6.pfb></usr/local/texlive/2021/texmf-dist/fonts/ty
pe1/public/amsfonts/cm/cmmi7.pfb></usr/local/texlive/2021/texmf-dist/fonts/type
1/public/amsfonts/cm/cmmi8.pfb></usr/local/texlive/2021/texmf-dist/fonts/type1/
public/amsfonts/cm/cmmib10.pfb></usr/local/texlive/2021/texmf-dist/fonts/type1/
public/amsfonts/cmextra/cmmib7.pfb></usr/local/texlive/2021/texmf-dist/fonts/ty
pe1/public/amsfonts/cmextra/cmmib8.pfb></usr/local/texlive/2021/texmf-dist/font
s/type1/public/amsfonts/cm/cmr10.pfb></usr/local/texlive/2021/texmf-dist/fonts/
type1/public/amsfonts/cm/cmr5.pfb></usr/local/texlive/2021/texmf-dist/fonts/typ
e1/public/amsfonts/cm/cmr6.pfb></usr/local/texlive/2021/texmf-dist/fonts/type1/
public/amsfonts/cm/cmr7.pfb></usr/local/texlive/2021/texmf-dist/fonts/type1/pub
lic/amsfonts/cm/cmr8.pfb></usr/local/texlive/2021/texmf-dist/fonts/type1/public
/amsfonts/cm/cmss8.pfb></usr/local/texlive/2021/texmf-dist/fonts/type1/public/a
msfonts/cm/cmsy10.pfb></usr/local/texlive/2021/texmf-dist/fonts/type1/public/am
sfonts/cm/cmsy5.pfb></usr/local/texlive/2021/texmf-dist/fonts/type1/public/amsf
onts/cm/cmsy7.pfb></usr/local/texlive/2021/texmf-dist/fonts/type1/public/mathab
x-type1/matha10.pfb></usr/local/texlive/2021/texmf-dist/fonts/type1/public/math
abx-type1/matha5.pfb></usr/local/texlive/2021/texmf-dist/fonts/type1/public/mat
habx-type1/matha6.pfb></usr/local/texlive/2021/texmf-dist/fonts/type1/public/ma
thabx-type1/matha7.pfb></usr/local/texlive/2021/texmf-dist/fonts/type1/public/m
athabx-type1/matha8.pfb></usr/local/texlive/2021/texmf-dist/fonts/type1/public/
mathabx-type1/mathb10.pfb></usr/local/texlive/2021/texmf-dist/fonts/type1/publi
c/mathabx-type1/mathx10.pfb></usr/local/texlive/2021/texmf-dist/fonts/type1/pub
lic/amsfonts/symbols/msam10.pfb></usr/local/texlive/2021/texmf-dist/fonts/type1
/public/amsfonts/symbols/msbm10.pfb></usr/local/texlive/2021/texmf-dist/fonts/t
ype1/public/amsfonts/symbols/msbm7.pfb></usr/local/texlive/2021/texmf-dist/font
s/type1/public/rsfs/rsfs10.pfb></usr/local/texlive/2021/texmf-dist/fonts/type1/
urw/times/utmb8a.pfb></usr/local/texlive/2021/texmf-dist/fonts/type1/urw/times/
utmbi8a.pfb></usr/local/texlive/2021/texmf-dist/fonts/type1/urw/times/utmr8a.pf
b></usr/local/texlive/2021/texmf-dist/fonts/type1/urw/times/utmri8a.pfb>
Output written on /Users/jovyntan/Desktop/work/fyp/exploration/diff_test_tex_en
gines/bin/compiled_tex_pdf/2308.03518/2308.03518_pdflatex.pdf (7 pages, 457363 
bytes).
Transcript written on /Users/jovyntan/Desktop/work/fyp/exploration/diff_test_te
x_engines/bin/compiled_tex_pdf/2308.03518/2308.03518_pdflatex.log.
