This is pdfTeX, Version 3.141592653-2.6-1.40.22 (TeX Live 2021) (preloaded format=pdflatex)
 restricted \write18 enabled.
entering extended mode
(./mainnew.tex
LaTeX2e <2020-10-01> patch level 4
L3 programming layer <2021-02-18>
(/usr/local/texlive/2021/texmf-dist/tex/latex/amscls/amsart.cls
Document Class: amsart 2020/05/29 v2.20.6
(/usr/local/texlive/2021/texmf-dist/tex/latex/amsmath/amsmath.sty
For additional information on amsmath, use the `?' option.
(/usr/local/texlive/2021/texmf-dist/tex/latex/amsmath/amstext.sty
(/usr/local/texlive/2021/texmf-dist/tex/latex/amsmath/amsgen.sty))
(/usr/local/texlive/2021/texmf-dist/tex/latex/amsmath/amsbsy.sty)
(/usr/local/texlive/2021/texmf-dist/tex/latex/amsmath/amsopn.sty))
(/usr/local/texlive/2021/texmf-dist/tex/latex/amsfonts/umsa.fd)
(/usr/local/texlive/2021/texmf-dist/tex/latex/amsfonts/amsfonts.sty))
(/usr/local/texlive/2021/texmf-dist/tex/latex/geometry/geometry.sty
(/usr/local/texlive/2021/texmf-dist/tex/latex/graphics/keyval.sty)
(/usr/local/texlive/2021/texmf-dist/tex/generic/iftex/ifvtex.sty
(/usr/local/texlive/2021/texmf-dist/tex/generic/iftex/iftex.sty)))
(/usr/local/texlive/2021/texmf-dist/tex/latex/tools/enumerate.sty)
(/usr/local/texlive/2021/texmf-dist/tex/latex/amsfonts/amssymb.sty)
(/usr/local/texlive/2021/texmf-dist/tex/latex/base/latexsym.sty)
(/usr/local/texlive/2021/texmf-dist/tex/latex/graphics/color.sty
(/usr/local/texlive/2021/texmf-dist/tex/latex/graphics-cfg/color.cfg)
(/usr/local/texlive/2021/texmf-dist/tex/latex/graphics-def/pdftex.def))
(/usr/local/texlive/2021/texmf-dist/tex/latex/xcolor/xcolor.sty
(/usr/local/texlive/2021/texmf-dist/tex/latex/graphics-cfg/color.cfg)
(/usr/local/texlive/2021/texmf-dist/tex/latex/graphics/dvipsnam.def))
(/usr/local/texlive/2021/texmf-dist/tex/latex/cancel/cancel.sty)
(/usr/local/texlive/2021/texmf-dist/tex/latex/graphics/graphicx.sty
(/usr/local/texlive/2021/texmf-dist/tex/latex/graphics/graphics.sty
(/usr/local/texlive/2021/texmf-dist/tex/latex/graphics/trig.sty)
(/usr/local/texlive/2021/texmf-dist/tex/latex/graphics-cfg/graphics.cfg)))
(/usr/local/texlive/2021/texmf-dist/tex/latex/cite/cite.sty)
(/usr/local/texlive/2021/texmf-dist/tex/latex/changes/changes.sty
*** changes package 2021/02/14 v4.0.1 ***
(/usr/local/texlive/2021/texmf-dist/tex/latex/xkeyval/xkeyval.sty
(/usr/local/texlive/2021/texmf-dist/tex/generic/xkeyval/xkeyval.tex
(/usr/local/texlive/2021/texmf-dist/tex/generic/xkeyval/xkvutils.tex)))
(/usr/local/texlive/2021/texmf-dist/tex/latex/etoolbox/etoolbox.sty)
(/usr/local/texlive/2021/texmf-dist/tex/generic/xstring/xstring.sty
(/usr/local/texlive/2021/texmf-dist/tex/generic/xstring/xstring.tex))
ulem-option 'normalem,normalbf', passed to package ulem
truncate-option 'breakall,fit', passed to package truncate
(/usr/local/texlive/2021/texmf-dist/tex/generic/ulem/ulem.sty)
(/usr/local/texlive/2021/texmf-dist/tex/latex/todonotes/todonotes.sty
(/usr/local/texlive/2021/texmf-dist/tex/latex/base/ifthen.sty)
(/usr/local/texlive/2021/texmf-dist/tex/latex/pgf/frontendlayer/tikz.sty
(/usr/local/texlive/2021/texmf-dist/tex/latex/pgf/basiclayer/pgf.sty
(/usr/local/texlive/2021/texmf-dist/tex/latex/pgf/utilities/pgfrcs.sty
(/usr/local/texlive/2021/texmf-dist/tex/generic/pgf/utilities/pgfutil-common.te
x
(/usr/local/texlive/2021/texmf-dist/tex/generic/pgf/utilities/pgfutil-common-li
sts.tex))
(/usr/local/texlive/2021/texmf-dist/tex/generic/pgf/utilities/pgfutil-latex.def
) (/usr/local/texlive/2021/texmf-dist/tex/generic/pgf/utilities/pgfrcs.code.tex
(/usr/local/texlive/2021/texmf-dist/tex/generic/pgf/pgf.revision.tex)))
(/usr/local/texlive/2021/texmf-dist/tex/latex/pgf/basiclayer/pgfcore.sty
(/usr/local/texlive/2021/texmf-dist/tex/latex/pgf/systemlayer/pgfsys.sty
(/usr/local/texlive/2021/texmf-dist/tex/generic/pgf/systemlayer/pgfsys.code.tex
(/usr/local/texlive/2021/texmf-dist/tex/generic/pgf/utilities/pgfkeys.code.tex
(/usr/local/texlive/2021/texmf-dist/tex/generic/pgf/utilities/pgfkeysfiltered.c
ode.tex))
(/usr/local/texlive/2021/texmf-dist/tex/generic/pgf/systemlayer/pgf.cfg)
(/usr/local/texlive/2021/texmf-dist/tex/generic/pgf/systemlayer/pgfsys-pdftex.d
ef
(/usr/local/texlive/2021/texmf-dist/tex/generic/pgf/systemlayer/pgfsys-common-p
df.def)))
(/usr/local/texlive/2021/texmf-dist/tex/generic/pgf/systemlayer/pgfsyssoftpath.
code.tex)
(/usr/local/texlive/2021/texmf-dist/tex/generic/pgf/systemlayer/pgfsysprotocol.
code.tex))
(/usr/local/texlive/2021/texmf-dist/tex/generic/pgf/basiclayer/pgfcore.code.tex
(/usr/local/texlive/2021/texmf-dist/tex/generic/pgf/math/pgfmath.code.tex
(/usr/local/texlive/2021/texmf-dist/tex/generic/pgf/math/pgfmathcalc.code.tex
(/usr/local/texlive/2021/texmf-dist/tex/generic/pgf/math/pgfmathutil.code.tex)
(/usr/local/texlive/2021/texmf-dist/tex/generic/pgf/math/pgfmathparser.code.tex
)
(/usr/local/texlive/2021/texmf-dist/tex/generic/pgf/math/pgfmathfunctions.code.
tex
(/usr/local/texlive/2021/texmf-dist/tex/generic/pgf/math/pgfmathfunctions.basic
.code.tex)
(/usr/local/texlive/2021/texmf-dist/tex/generic/pgf/math/pgfmathfunctions.trigo
nometric.code.tex)
(/usr/local/texlive/2021/texmf-dist/tex/generic/pgf/math/pgfmathfunctions.rando
m.code.tex)
(/usr/local/texlive/2021/texmf-dist/tex/generic/pgf/math/pgfmathfunctions.compa
rison.code.tex)
(/usr/local/texlive/2021/texmf-dist/tex/generic/pgf/math/pgfmathfunctions.base.
code.tex)
(/usr/local/texlive/2021/texmf-dist/tex/generic/pgf/math/pgfmathfunctions.round
.code.tex)
(/usr/local/texlive/2021/texmf-dist/tex/generic/pgf/math/pgfmathfunctions.misc.
code.tex)
(/usr/local/texlive/2021/texmf-dist/tex/generic/pgf/math/pgfmathfunctions.integ
erarithmetics.code.tex)))
(/usr/local/texlive/2021/texmf-dist/tex/generic/pgf/math/pgfmathfloat.code.tex)
) (/usr/local/texlive/2021/texmf-dist/tex/generic/pgf/math/pgfint.code.tex)
(/usr/local/texlive/2021/texmf-dist/tex/generic/pgf/basiclayer/pgfcorepoints.co
de.tex)
(/usr/local/texlive/2021/texmf-dist/tex/generic/pgf/basiclayer/pgfcorepathconst
ruct.code.tex)
(/usr/local/texlive/2021/texmf-dist/tex/generic/pgf/basiclayer/pgfcorepathusage
.code.tex)
(/usr/local/texlive/2021/texmf-dist/tex/generic/pgf/basiclayer/pgfcorescopes.co
de.tex)
(/usr/local/texlive/2021/texmf-dist/tex/generic/pgf/basiclayer/pgfcoregraphicst
ate.code.tex)
(/usr/local/texlive/2021/texmf-dist/tex/generic/pgf/basiclayer/pgfcoretransform
ations.code.tex)
(/usr/local/texlive/2021/texmf-dist/tex/generic/pgf/basiclayer/pgfcorequick.cod
e.tex)
(/usr/local/texlive/2021/texmf-dist/tex/generic/pgf/basiclayer/pgfcoreobjects.c
ode.tex)
(/usr/local/texlive/2021/texmf-dist/tex/generic/pgf/basiclayer/pgfcorepathproce
ssing.code.tex)
(/usr/local/texlive/2021/texmf-dist/tex/generic/pgf/basiclayer/pgfcorearrows.co
de.tex)
(/usr/local/texlive/2021/texmf-dist/tex/generic/pgf/basiclayer/pgfcoreshade.cod
e.tex)
(/usr/local/texlive/2021/texmf-dist/tex/generic/pgf/basiclayer/pgfcoreimage.cod
e.tex
(/usr/local/texlive/2021/texmf-dist/tex/generic/pgf/basiclayer/pgfcoreexternal.
code.tex))
(/usr/local/texlive/2021/texmf-dist/tex/generic/pgf/basiclayer/pgfcorelayers.co
de.tex)
(/usr/local/texlive/2021/texmf-dist/tex/generic/pgf/basiclayer/pgfcoretranspare
ncy.code.tex)
(/usr/local/texlive/2021/texmf-dist/tex/generic/pgf/basiclayer/pgfcorepatterns.
code.tex)
(/usr/local/texlive/2021/texmf-dist/tex/generic/pgf/basiclayer/pgfcorerdf.code.
tex)))
(/usr/local/texlive/2021/texmf-dist/tex/generic/pgf/modules/pgfmoduleshapes.cod
e.tex)
(/usr/local/texlive/2021/texmf-dist/tex/generic/pgf/modules/pgfmoduleplot.code.
tex)
(/usr/local/texlive/2021/texmf-dist/tex/latex/pgf/compatibility/pgfcomp-version
-0-65.sty)
(/usr/local/texlive/2021/texmf-dist/tex/latex/pgf/compatibility/pgfcomp-version
-1-18.sty))
(/usr/local/texlive/2021/texmf-dist/tex/latex/pgf/utilities/pgffor.sty
(/usr/local/texlive/2021/texmf-dist/tex/latex/pgf/utilities/pgfkeys.sty
(/usr/local/texlive/2021/texmf-dist/tex/generic/pgf/utilities/pgfkeys.code.tex)
) (/usr/local/texlive/2021/texmf-dist/tex/latex/pgf/math/pgfmath.sty
(/usr/local/texlive/2021/texmf-dist/tex/generic/pgf/math/pgfmath.code.tex))
(/usr/local/texlive/2021/texmf-dist/tex/generic/pgf/utilities/pgffor.code.tex
(/usr/local/texlive/2021/texmf-dist/tex/generic/pgf/math/pgfmath.code.tex)))
(/usr/local/texlive/2021/texmf-dist/tex/generic/pgf/frontendlayer/tikz/tikz.cod
e.tex
(/usr/local/texlive/2021/texmf-dist/tex/generic/pgf/libraries/pgflibraryplothan
dlers.code.tex)
(/usr/local/texlive/2021/texmf-dist/tex/generic/pgf/modules/pgfmodulematrix.cod
e.tex)
(/usr/local/texlive/2021/texmf-dist/tex/generic/pgf/frontendlayer/tikz/librarie
s/tikzlibrarytopaths.code.tex)))
(/usr/local/texlive/2021/texmf-dist/tex/generic/pgf/frontendlayer/tikz/librarie
s/tikzlibrarypositioning.code.tex)
(/usr/local/texlive/2021/texmf-dist/tex/generic/pgf/frontendlayer/tikz/librarie
s/tikzlibraryshadows.code.tex
(/usr/local/texlive/2021/texmf-dist/tex/generic/pgf/frontendlayer/tikz/librarie
s/tikzlibraryfadings.code.tex
(/usr/local/texlive/2021/texmf-dist/tex/generic/pgf/libraries/pgflibraryfadings
.code.tex))) (/usr/local/texlive/2021/texmf-dist/tex/latex/tools/calc.sty))
(/usr/local/texlive/2021/texmf-dist/tex/latex/truncate/truncate.sty))
(/usr/local/texlive/2021/texmf-dist/tex/latex/hyperref/hyperref.sty
(/usr/local/texlive/2021/texmf-dist/tex/generic/ltxcmds/ltxcmds.sty)
(/usr/local/texlive/2021/texmf-dist/tex/generic/pdftexcmds/pdftexcmds.sty
(/usr/local/texlive/2021/texmf-dist/tex/generic/infwarerr/infwarerr.sty))
(/usr/local/texlive/2021/texmf-dist/tex/generic/kvsetkeys/kvsetkeys.sty)
(/usr/local/texlive/2021/texmf-dist/tex/generic/kvdefinekeys/kvdefinekeys.sty)
(/usr/local/texlive/2021/texmf-dist/tex/generic/pdfescape/pdfescape.sty)
(/usr/local/texlive/2021/texmf-dist/tex/latex/hycolor/hycolor.sty)
(/usr/local/texlive/2021/texmf-dist/tex/latex/letltxmacro/letltxmacro.sty)
(/usr/local/texlive/2021/texmf-dist/tex/latex/auxhook/auxhook.sty)
(/usr/local/texlive/2021/texmf-dist/tex/latex/kvoptions/kvoptions.sty)
(/usr/local/texlive/2021/texmf-dist/tex/latex/hyperref/pd1enc.def)
(/usr/local/texlive/2021/texmf-dist/tex/latex/hyperref/hyperref-langpatches.def
) (/usr/local/texlive/2021/texmf-dist/tex/generic/intcalc/intcalc.sty)
(/usr/local/texlive/2021/texmf-dist/tex/generic/etexcmds/etexcmds.sty)
(/usr/local/texlive/2021/texmf-dist/tex/latex/hyperref/puenc.def)
(/usr/local/texlive/2021/texmf-dist/tex/latex/url/url.sty)
(/usr/local/texlive/2021/texmf-dist/tex/generic/bitset/bitset.sty
(/usr/local/texlive/2021/texmf-dist/tex/generic/bigintcalc/bigintcalc.sty))
(/usr/local/texlive/2021/texmf-dist/tex/latex/base/atbegshi-ltx.sty))
(/usr/local/texlive/2021/texmf-dist/tex/latex/hyperref/hpdftex.def
(/usr/local/texlive/2021/texmf-dist/tex/latex/base/atveryend-ltx.sty)
(/usr/local/texlive/2021/texmf-dist/tex/latex/rerunfilecheck/rerunfilecheck.sty

(/usr/local/texlive/2021/texmf-dist/tex/generic/uniquecounter/uniquecounter.sty
))) (/usr/local/texlive/2021/texmf-dist/tex/latex/comment/comment.sty
Excluding comment 'comment')
(/usr/local/texlive/2021/texmf-dist/tex/latex/amsmath/amscd.sty)
(/usr/local/texlive/2021/texmf-dist/tex/latex/mathtools/mathtools.sty
(/usr/local/texlive/2021/texmf-dist/tex/latex/mathtools/mhsetup.sty))
(/usr/local/texlive/2021/texmf-dist/tex/latex/l3backend/l3backend-pdftex.def)
No file 2308.00378_pdflatex.aux.
(/usr/local/texlive/2021/texmf-dist/tex/latex/amsfonts/umsa.fd)
(/usr/local/texlive/2021/texmf-dist/tex/latex/amsfonts/umsb.fd)
(/usr/local/texlive/2021/texmf-dist/tex/latex/base/ulasy.fd)
*geometry* driver: auto-detecting
*geometry* detected driver: pdftex
(/usr/local/texlive/2021/texmf-dist/tex/context/base/mkii/supp-pdf.mkii
[Loading MPS to PDF converter (version 2006.09.02).]
) (/usr/local/texlive/2021/texmf-dist/tex/latex/epstopdf-pkg/epstopdf-base.sty
(/usr/local/texlive/2021/texmf-dist/tex/latex/latexconfig/epstopdf-sys.cfg))
(/usr/local/texlive/2021/texmf-dist/tex/latex/hyperref/nameref.sty
(/usr/local/texlive/2021/texmf-dist/tex/latex/refcount/refcount.sty)
(/usr/local/texlive/2021/texmf-dist/tex/generic/gettitlestring/gettitlestring.s
ty))

Class amsart Warning: Abstract should precede \maketitle in AMS document classe
s; reported on input line 254.


LaTeX Warning: Citation `martinez2022survey' on page 1 undefined on input line 
274.


LaTeX Warning: Citation `guruswami2016explicit' on page 1 undefined on input li
ne 283.


LaTeX Warning: Citation `neri2023geometry' on page 1 undefined on input line 28
3.

[1{/usr/local/texlive/2021/texmf-var/fonts/map/pdftex/updmap/pdftex.map}]
[2]

LaTeX Warning: Citation `byrne2021fundamental' on page 3 undefined on input lin
e 328.


LaTeX Warning: Citation `Martinez2018skew' on page 3 undefined on input line 32
8.


LaTeX Warning: Reference `th:Singletonbound' on page 3 undefined on input line 
342.


LaTeX Warning: Citation `byrne2021fundamental' on page 3 undefined on input lin
e 360.


LaTeX Warning: Citation `martinez2019theory' on page 3 undefined on input line 
360.


LaTeX Warning: Citation `alfarano2021sum' on page 3 undefined on input line 373
.


LaTeX Warning: Citation `martinezpenas2021hamming' on page 3 undefined on input
 line 373.


LaTeX Warning: Citation `neri2023geometry' on page 3 undefined on input line 38
5.

[3] (/usr/local/texlive/2021/texmf-dist/tex/latex/amsfonts/ueuf.fd)

LaTeX Warning: Citation `Martinez2018skew' on page 4 undefined on input line 39
7.


LaTeX Warning: Citation `martinez2019theory' on page 4 undefined on input line 
397.


LaTeX Warning: Citation `neri2022twisted' on page 4 undefined on input line 397
.


LaTeX Warning: Citation `ott2021bounds' on page 4 undefined on input line 397.


LaTeX Warning: Citation `neri2023geometry' on page 4 undefined on input line 40
1.


LaTeX Warning: Citation `neri2023geometry' on page 4 undefined on input line 41
8.


LaTeX Warning: Reference `th:connection' on page 4 undefined on input line 437.



LaTeX Warning: Citation `neri2023geometry' on page 4 undefined on input line 44
4.

[4]

LaTeX Warning: Citation `neri2023geometry' on page 5 undefined on input line 45
6.


LaTeX Warning: Citation `Randrianarisoa2020ageometric' on page 5 undefined on i
nput line 457.


LaTeX Warning: Citation `alfarano2022linear' on page 5 undefined on input line 
457.


LaTeX Warning: Citation `vladut2007algebraic' on page 5 undefined on input line
 457.


LaTeX Warning: Citation `sheekeysurvey' on page 5 undefined on input line 457.


LaTeX Warning: Citation `Randrianarisoa2020ageometric' on page 5 undefined on i
nput line 457.


LaTeX Warning: Citation `alfarano2022linear' on page 5 undefined on input line 
457.


LaTeX Warning: Citation `santonastaso2022subspace' on page 5 undefined on input
 line 464.


LaTeX Warning: Reference `prop:charact_nondegenarate' on page 5 undefined on in
put line 466.


LaTeX Warning: Citation `neri2023geometry' on page 5 undefined on input line 49
0.


LaTeX Warning: Reference `th:Singletonbound' on page 5 undefined on input line 
496.


LaTeX Warning: Citation `byrne2021fundamental' on page 5 undefined on input lin
e 496.

[5]

LaTeX Warning: Citation `byrne2021fundamental' on page 6 undefined on input lin
e 500.


LaTeX Warning: Citation `neri2022twisted' on page 6 undefined on input line 500
.


Underfull \hbox (badness 10000) in paragraph at lines 500--501


LaTeX Warning: Citation `Martinez2018skew' on page 6 undefined on input line 50
5.


LaTeX Warning: Citation `neri2022twisted' on page 6 undefined on input line 505
.


Overfull \hbox (2.48683pt too wide) in paragraph at lines 505--507
 \OT1/cmr/m/n/10.95 2.4.\OT1/cmr/bx/n/10.95 Linearized and Twisted lin-earized 
Reed-solomon codes.[][] \OT1/cmr/m/n/10.95 The first con-struc-tion of MSRD

Underfull \hbox (badness 10000) in paragraph at lines 505--507


LaTeX Warning: Citation `ore1933theory' on page 6 undefined on input line 508.


LaTeX Warning: Citation `leroy1995pseudolinear' on page 6 undefined on input li
ne 533.


LaTeX Warning: Citation `Martinez2018skew' on page 6 undefined on input line 55
5.


LaTeX Warning: Citation `Martinez2018skew' on page 6 undefined on input line 55
7.

[6]

LaTeX Warning: Citation `Martinez2018skew' on page 7 undefined on input line 56
6.


LaTeX Warning: Citation `neri2022twisted' on page 7 undefined on input line 568
.


LaTeX Warning: Citation `sheekey2016new' on page 7 undefined on input line 579.



LaTeX Warning: Citation `lunardon2018generalized' on page 7 undefined on input 
line 579.


LaTeX Warning: Citation `beelen2017twisted' on page 7 undefined on input line 5
79.


LaTeX Warning: Citation `neri2022twisted' on page 7 undefined on input line 579
.


LaTeX Warning: Citation `byrne2021fundamental' on page 7 undefined on input lin
e 586.


LaTeX Warning: Citation `byrne2021fundamental' on page 7 undefined on input lin
e 597.

[7]

LaTeX Warning: Reference `def:linRScodes' on page 8 undefined on input line 613
.


LaTeX Warning: Reference `def:linRScodes' on page 8 undefined on input line 629
.


LaTeX Warning: Reference `eq:isometrymatrixvector' on page 8 undefined on input
 line 629.


LaTeX Warning: Reference `th:weightdistrMSRD' on page 8 undefined on input line
 629.


LaTeX Warning: Reference `lem:weightdistrreedsolomon' on page 8 undefined on in
put line 629.


LaTeX Warning: Reference `eq:isometrymatrixvector' on page 8 undefined on input
 line 638.


LaTeX Warning: Reference `prop:numberweightMSRD' on page 8 undefined on input l
ine 642.


LaTeX Warning: Citation `guruswami2016explicit' on page 8 undefined on input li
ne 658.


LaTeX Warning: Citation `guruswami2011linear' on page 8 undefined on input line
 658.


LaTeX Warning: Citation `guruswami2017optimal' on page 8 undefined on input lin
e 659.


LaTeX Warning: Citation `guruswami2021lossless' on page 8 undefined on input li
ne 659.

[8]

LaTeX Warning: Citation `pudlak2004pseudorandom' on page 9 undefined on input l
ine 668.


LaTeX Warning: Citation `dvir2012subspace' on page 9 undefined on input line 66
9.


LaTeX Warning: Citation `bartoli2021evasive' on page 9 undefined on input line 
669.


LaTeX Warning: Citation `guruswami2021lossless' on page 9 undefined on input li
ne 669.


LaTeX Warning: Citation `guruswami2016explicit' on page 9 undefined on input li
ne 669.


LaTeX Warning: Citation `santonastaso2022subspace' on page 9 undefined on input
 line 673.


LaTeX Warning: Citation `santonastaso2022subspace' on page 9 undefined on input
 line 683.


LaTeX Warning: Citation `blokhuis2000scattered' on page 9 undefined on input li
ne 689.


LaTeX Warning: Citation `lunardon2017mrd' on page 9 undefined on input line 690
.


LaTeX Warning: Citation `sheekeyVdV' on page 9 undefined on input line 690.


LaTeX Warning: Citation `csajbok2021generalising' on page 9 undefined on input 
line 690.


LaTeX Warning: Citation `polverino2020connections' on page 9 undefined on input
 line 691.


LaTeX Warning: Citation `marino2022evasive' on page 9 undefined on input line 6
91.


LaTeX Warning: Citation `sheekey2016new' on page 9 undefined on input line 691.



LaTeX Warning: Citation `zini2021scattered' on page 9 undefined on input line 6
91.


LaTeX Warning: Reference `prop:diminuzione' on page 9 undefined on input line 6
94.


LaTeX Warning: Citation `santonastaso2022subspace' on page 9 undefined on input
 line 699.


LaTeX Warning: Citation `santonastaso2022subspace' on page 9 undefined on input
 line 706.


LaTeX Warning: Citation `santonastaso2022subspace' on page 9 undefined on input
 line 715.

[9]
Overfull \hbox (4.9972pt too wide) detected at line 738
[][][]

LaTeX Warning: Citation `vladut2007algebraic' on page 10 undefined on input lin
e 740.


LaTeX Warning: Citation `martinez2019theory' on page 10 undefined on input line
 742.


LaTeX Warning: Citation `helleseth1977weight' on page 10 undefined on input lin
e 744.


LaTeX Warning: Citation `luo2005some' on page 10 undefined on input line 744.


LaTeX Warning: Citation `wei1991generalized' on page 10 undefined on input line
 744.


LaTeX Warning: Citation `kurihara2015relative' on page 10 undefined on input li
ne 744.


LaTeX Warning: Citation `oggier2012existence' on page 10 undefined on input lin
e 744.


LaTeX Warning: Citation `martinez2019theory' on page 10 undefined on input line
 746.


LaTeX Warning: Citation `martinez2019theory' on page 10 undefined on input line
 746.


LaTeX Warning: Reference `eq:generalizedhamming' on page 10 undefined on input 
line 766.


LaTeX Warning: Citation `Randrianarisoa2020ageometric' on page 10 undefined on 
input line 785.


LaTeX Warning: Citation `martinez2019theory' on page 10 undefined on input line
 792.


LaTeX Warning: Citation `martinez2019theory' on page 10 undefined on input line
 801.

[10]

LaTeX Warning: Reference `th:connection' on page 11 undefined on input line 812
.


LaTeX Warning: Citation `neri2023geometry' on page 11 undefined on input line 8
14.


LaTeX Warning: Citation `santonastaso2022subspace' on page 11 undefined on inpu
t line 814.


Overfull \hbox (26.59767pt too wide) detected at line 826
[] [] \OMS/cmsy/m/n/10.95 ^^T [] \OML/cmm/m/it/10.95 :

LaTeX Warning: Reference `teo:designMSRD' on page 11 undefined on input line 83
0.


LaTeX Warning: Citation `neri2023geometry' on page 11 undefined on input line 8
31.


LaTeX Warning: Citation `marino2022evasive' on page 11 undefined on input line 
839.


LaTeX Warning: Reference `prop:geogeneralizedweights' on page 11 undefined on i
nput line 851.


LaTeX Warning: Reference `prop:monotonweight' on page 11 undefined on input lin
e 851.


LaTeX Warning: Reference `th:weitype' on page 11 undefined on input line 851.


LaTeX Warning: Citation `marino2022evasive' on page 11 undefined on input line 
852.


LaTeX Warning: Reference `th:Singletonbound' on page 11 undefined on input line
 864.


LaTeX Warning: Reference `th:dualMSRD' on page 11 undefined on input line 864.


LaTeX Warning: Reference `th:connectiondesignweight' on page 11 undefined on in
put line 864.


LaTeX Warning: Reference `th:connectiondesignweight' on page 11 undefined on in
put line 865.


LaTeX Warning: Reference `th:Singletonbound' on page 11 undefined on input line
 865.

[11]

LaTeX Warning: Reference `Th:sdesignMSRD' on page 12 undefined on input line 87
7.


LaTeX Warning: Citation `santonastaso2022subspace' on page 12 undefined on inpu
t line 877.


LaTeX Warning: Citation `santonastaso2022subspace' on page 12 undefined on inpu
t line 877.


LaTeX Warning: Reference `Th:sdesignMSRD' on page 12 undefined on input line 88
9.


LaTeX Warning: Reference `teo:designMSRD' on page 12 undefined on input line 88
9.


LaTeX Warning: Reference `cor:numberweightMSRDvector' on page 12 undefined on i
nput line 893.


LaTeX Warning: Citation `santonastaso2022subspace' on page 12 undefined on inpu
t line 893.


LaTeX Warning: Reference `eq:numberweightrMSRD' on page 12 undefined on input l
ine 901.


LaTeX Warning: Reference `Th:sdesignMSRD' on page 12 undefined on input line 90
6.


LaTeX Warning: Reference `th:connection' on page 12 undefined on input line 906
.


LaTeX Warning: Reference `eq:intersectionhyperhdesign' on page 12 undefined on 
input line 906.


LaTeX Warning: Reference `th:weightdistrMSRD' on page 12 undefined on input lin
e 906.


LaTeX Warning: Reference `prop:numberweightMSRD' on page 12 undefined on input 
line 906.

[12]

LaTeX Warning: Citation `taylor1992geometry' on page 13 undefined on input line
 924.


LaTeX Warning: Citation `polverino2010linear' on page 13 undefined on input lin
e 924.


LaTeX Warning: Reference `eq:dualord' on page 13 undefined on input line 930.


LaTeX Warning: Citation `santonastaso2022subspace' on page 13 undefined on inpu
t line 932.


Overfull \hbox (5.15987pt too wide) in paragraph at lines 939--941
[][]\OT1/cmr/bx/n/10.95 Remark 3.22. []\OT1/cmr/m/n/10.95 Note that if $(\OMS/c
msy/m/n/10.95 U[]\OML/cmm/m/it/10.95 ; [] ; \OMS/cmsy/m/n/10.95 U[]\OT1/cmr/m/n
/10.95 )$ is an $[\OT1/cmr/bx/n/10.95 n\OML/cmm/m/it/10.95 ; k\OT1/cmr/m/n/10.9
5 ][]$ sys-tem then the dual sub-spaces $(\OMS/cmsy/m/n/10.95 U[]\OML/cmm/m/it/
10.95 ; [] ; \OMS/cmsy/m/n/10.95 U[]\OT1/cmr/m/n/10.95 )$

LaTeX Warning: Reference `prop:geogeneralizedweights' on page 13 undefined on i
nput line 945.


LaTeX Warning: Citation `borello2023geometric' on page 13 undefined on input li
ne 946.


LaTeX Warning: Reference `rk:geogenrank' on page 13 undefined on input line 950
.


LaTeX Warning: Citation `borello2023geometric' on page 13 undefined on input li
ne 950.


LaTeX Warning: Citation `borello2023geometric' on page 13 undefined on input li
ne 958.

[13]

LaTeX Warning: Reference `Cor:hdesignhyper' on page 14 undefined on input line 
971.


LaTeX Warning: Reference `th:orddual' on page 14 undefined on input line 971.


LaTeX Warning: Reference `th:numberhyperplaneshdesign' on page 14 undefined on 
input line 976.


LaTeX Warning: Citation `gruica2022generalised' on page 14 undefined on input l
ine 976.


LaTeX Warning: Reference `Th:sdesignMSRD' on page 14 undefined on input line 98
7.


LaTeX Warning: Reference `rk:hdesimpliesh'' on page 14 undefined on input line 
987.


LaTeX Warning: Reference `prop:geogeneralizedweights' on page 14 undefined on i
nput line 987.


LaTeX Warning: Reference `Th:sdesignMSRD' on page 14 undefined on input line 99
5.


LaTeX Warning: Reference `prop:geometricdualhdesign' on page 14 undefined on in
put line 995.


LaTeX Warning: Reference `teo:designMSRD' on page 14 undefined on input line 10
08.


LaTeX Warning: Reference `prop:geometricdualhdesign' on page 14 undefined on in
put line 1008.


LaTeX Warning: Reference `Th:sdesignMSRD' on page 14 undefined on input line 10
08.


LaTeX Warning: Reference `prop:diminuzione' on page 14 undefined on input line 
1009.


LaTeX Warning: Reference `rk:dualstrictlyhdesign' on page 14 undefined on input
 line 1009.

[14]

LaTeX Warning: Citation `lavrauw2015field' on page 15 undefined on input line 1
048.


LaTeX Warning: Citation `polverino2010linear' on page 15 undefined on input lin
e 1048.


LaTeX Warning: Citation `blokhuis2000scattered' on page 15 undefined on input l
ine 1055.


LaTeX Warning: Citation `bartoli2018maximum' on page 15 undefined on input line
 1055.


LaTeX Warning: Citation `csajbok2017maximum' on page 15 undefined on input line
 1055.


LaTeX Warning: Citation `bartoli2018maximum' on page 15 undefined on input line
 1060.


LaTeX Warning: Citation `bartoli2018maximum' on page 15 undefined on input line
 1077.

[15]

LaTeX Warning: Citation `bartoli2018maximum' on page 16 undefined on input line
 1094.


LaTeX Warning: Citation `csajbok2017maximum' on page 16 undefined on input line
 1110.


LaTeX Warning: Reference `eq:deffsab' on page 16 undefined on input line 1116.


LaTeX Warning: Citation `bartoli2018maximum' on page 16 undefined on input line
 1124.


LaTeX Warning: Citation `santonastaso2022subspace' on page 16 undefined on inpu
t line 1151.


LaTeX Warning: Citation `marino2007fq' on page 16 undefined on input line 1159.



LaTeX Warning: Citation `lavrauw2013scattered' on page 16 undefined on input li
ne 1159.


LaTeX Warning: Citation `lunardon2014maximum' on page 16 undefined on input lin
e 1159.


LaTeX Warning: Citation `hirschfeld1998projective' on page 16 undefined on inpu
t line 1163.


LaTeX Warning: Citation `santonastaso2022subspace' on page 16 undefined on inpu
t line 1163.

[16]

LaTeX Warning: Reference `th:masxcattkodd1' on page 17 undefined on input line 
1187.


LaTeX Warning: Reference `eq:disjointcondition1' on page 17 undefined on input 
line 1200.


LaTeX Warning: Reference `eq:disjointcondition2' on page 17 undefined on input 
line 1215.

[17]

LaTeX Warning: Reference `eq:disjointcondition4' on page 18 undefined on input 
line 1233.


LaTeX Warning: Reference `eq:disjointcondition3' on page 18 undefined on input 
line 1234.


LaTeX Warning: Reference `th:masxcattkodd2' on page 18 undefined on input line 
1281.


LaTeX Warning: Reference `th:constructiondisjoint2' on page 18 undefined on inp
ut line 1282.


LaTeX Warning: Reference `eq:disjointcondition2' on page 18 undefined on input 
line 1282.


LaTeX Warning: Reference `eq:disjointcondition3' on page 18 undefined on input 
line 1282.

[18]

LaTeX Warning: Reference `th:constructiondisjoint2' on page 19 undefined on inp
ut line 1298.


LaTeX Warning: Reference `th:constructiondisjoint2' on page 19 undefined on inp
ut line 1309.


LaTeX Warning: Reference `th:constructiondisjoint3' on page 19 undefined on inp
ut line 1309.


LaTeX Warning: Reference `eq:deffsab' on page 19 undefined on input line 1317.


LaTeX Warning: Reference `th:maximumscattered3' on page 19 undefined on input l
ine 1328.

[19]

LaTeX Warning: Reference `eq:disjoint2condition1' on page 20 undefined on input
 line 1341.


LaTeX Warning: Reference `eq:disjoint2condition2' on page 20 undefined on input
 line 1349.


LaTeX Warning: Citation `bartoli2018maximum' on page 20 undefined on input line
 1355.


LaTeX Warning: Reference `eq:disjoint2condition3' on page 20 undefined on input
 line 1357.


LaTeX Warning: Reference `prop:ex1desnorm' on page 20 undefined on input line 1
378.


LaTeX Warning: Reference `th:constructiondisjoint2' on page 20 undefined on inp
ut line 1378.


LaTeX Warning: Reference `th:constructiondisjoint3' on page 20 undefined on inp
ut line 1378.


LaTeX Warning: Reference `th:disjoint4' on page 20 undefined on input line 1379
.


LaTeX Warning: Reference `cor:directsum' on page 20 undefined on input line 137
9.


LaTeX Warning: Reference `lem:designdisjoint' on page 20 undefined on input lin
e 1379.


Package hyperref Warning: Token not allowed in a PDF string (Unicode):
(hyperref)                removing `math shift' on input line 1383.


Package hyperref Warning: Token not allowed in a PDF string (Unicode):
(hyperref)                removing `math shift' on input line 1383.


LaTeX Warning: Reference `th:existence1design' on page 20 undefined on input li
ne 1383.


LaTeX Warning: Citation `santonastaso2022subspace' on page 20 undefined on inpu
t line 1384.

[20]

LaTeX Warning: Citation `lavrauw2011finite' on page 21 undefined on input line 
1400.


LaTeX Warning: Reference `th:constructiondisjoint2' on page 21 undefined on inp
ut line 1420.


LaTeX Warning: Reference `eq:disjointcondition2' on page 21 undefined on input 
line 1420.


LaTeX Warning: Reference `eq:disjointcondition3' on page 21 undefined on input 
line 1420.


LaTeX Warning: Reference `lem:existence1designdouble' on page 21 undefined on i
nput line 1428.

[21]

LaTeX Warning: Citation `marino2011towards' on page 22 undefined on input line 
1464.


LaTeX Warning: Citation `lavrauw2011fq' on page 22 undefined on input line 1464
.


LaTeX Warning: Citation `lavrauw2011fq' on page 22 undefined on input line 1464
.


LaTeX Warning: Reference `eq:condsemifield1' on page 22 undefined on input line
 1476.


LaTeX Warning: Reference `eq:condsemifield2' on page 22 undefined on input line
 1476.


LaTeX Warning: Reference `th:constructiondisjoint2' on page 22 undefined on inp
ut line 1502.


LaTeX Warning: Reference `th:masxcattkodd1' on page 22 undefined on input line 
1502.

[22]

LaTeX Warning: Reference `cor:directsum' on page 23 undefined on input line 150
7.


LaTeX Warning: Reference `lem:existence1designdouble' on page 23 undefined on i
nput line 1531.


Overfull \hbox (5.80699pt too wide) in paragraph at lines 1531--1532
[]\OT1/cmr/m/n/10.95 For $\OML/cmm/m/it/10.95 q \OT1/cmr/m/n/10.95 = 2$, let $\
OML/cmm/m/it/10.95 a$ \OT1/cmr/m/n/10.95 be any el-e-ment of $\U/msb/m/n/10.95 
F[]$ \OT1/cmr/m/n/10.95 such that $\OML/cmm/m/it/10.95 N[]\OT1/cmr/m/n/10.95 (\
OML/cmm/m/it/10.95 a\OT1/cmr/m/n/10.95 ) [] \U/msb/m/n/10.95 F[]$\OT1/cmr/m/n/1
0.95 , and $\OML/cmm/m/it/10.95 b$ \OT1/cmr/m/n/10.95 such that $(\OML/cmm/m/it
/10.95 ab\OT1/cmr/m/n/10.95 )[]\OML/cmm/m/it/10.95 a[] \OT1/cmr/m/n/10.95 =

LaTeX Warning: Citation `santonastaso2022subspace' on page 23 undefined on inpu
t line 1548.


LaTeX Warning: Reference `th:existence1design' on page 23 undefined on input li
ne 1560.


LaTeX Warning: Citation `calderbank1986geometry' on page 23 undefined on input 
line 1567.

[23]

LaTeX Warning: Citation `santonastaso2022subspace' on page 24 undefined on inpu
t line 1579.


LaTeX Warning: Reference `th:existence1design' on page 24 undefined on input li
ne 1593.


LaTeX Warning: Reference `cor:srg' on page 24 undefined on input line 1596.


LaTeX Warning: Citation `vladut2007algebraic' on page 24 undefined on input lin
e 1604.


LaTeX Warning: Citation `santonastaso2022subspace' on page 24 undefined on inpu
t line 1607.

[24]

LaTeX Warning: Reference `th:existence1design' on page 25 undefined on input li
ne 1624.


LaTeX Warning: Reference `prop:parametertwoweightcodes' on page 25 undefined on
 input line 1629.


LaTeX Warning: Reference `subsec:maximum1designt>q-1' on page 25 undefined on i
nput line 1634.


LaTeX Warning: Citation `santonastaso2022subspace' on page 25 undefined on inpu
t line 1647.


LaTeX Warning: Citation `neri2023geometry' on page 25 undefined on input line 1
647.


LaTeX Warning: Citation `santonastaso2022subspace' on page 25 undefined on inpu
t line 1649.


LaTeX Warning: Citation `neri2023geometry' on page 25 undefined on input line 1
649.


LaTeX Warning: Reference `th:example2(n-1)des' on page 25 undefined on input li
ne 1663.


LaTeX Warning: Citation `neri2022twisted' on page 25 undefined on input line 16
64.

[25]

LaTeX Warning: Reference `th:example2(n-1)des' on page 26 undefined on input li
ne 1689.


LaTeX Warning: Reference `cor:optimalk-1design' on page 26 undefined on input l
ine 1700.


LaTeX Warning: Reference `prop:optimaldesignlargerblocks' on page 26 undefined 
on input line 1700.


LaTeX Warning: Reference `Th:sdesignMSRD' on page 26 undefined on input line 17
10.


LaTeX Warning: Reference `Th:sdesignMSRD' on page 26 undefined on input line 17
18.


LaTeX Warning: Reference `Th:sdesignMSRD' on page 26 undefined on input line 17
25.


LaTeX Warning: Reference `Th:sdesignMSRD' on page 26 undefined on input line 17
25.


LaTeX Warning: Citation `santonastaso2022subspace' on page 26 undefined on inpu
t line 1729.


LaTeX Warning: Reference `th:applincollamento' on page 26 undefined on input li
ne 1738.


LaTeX Warning: Reference `th:existence1design' on page 26 undefined on input li
ne 1742.


LaTeX Warning: Reference `cor:dualofmaximumdesign' on page 26 undefined on inpu
t line 1742.


LaTeX Warning: Reference `th:applincollamento' on page 26 undefined on input li
ne 1742.


LaTeX Warning: Reference `th:existence1design' on page 26 undefined on input li
ne 1745.


LaTeX Warning: Reference `Th:sdesignMSRD' on page 26 undefined on input line 17
45.


LaTeX Warning: Reference `cor:maximum1designt>q-1particular' on page 26 undefin
ed on input line 1750.


LaTeX Warning: Reference `Th:sdesignMSRD' on page 26 undefined on input line 17
50.

[26] Excluding 'comment' comment.
No file 2308.00378_pdflatex.bbl.
[27]
(/Users/jovyntan/Desktop/work/fyp/exploration/diff_test_tex_engines/bin/compile
d_tex_pdf/2308.00378/2308.00378_pdflatex.aux)

LaTeX Warning: There were undefined references.


LaTeX Warning: Label(s) may have changed. Rerun to get cross-references right.


Package rerunfilecheck Warning: File `2308.00378_pdflatex.out' has changed.
(rerunfilecheck)                Rerun to get outlines right
(rerunfilecheck)                or use package `bookmark'.

 )
(see the transcript file for additional information)</usr/local/texlive/2021/te
xmf-dist/fonts/type1/public/amsfonts/cm/cmbx10.pfb></usr/local/texlive/2021/tex
mf-dist/fonts/type1/public/amsfonts/cm/cmbx8.pfb></usr/local/texlive/2021/texmf
-dist/fonts/type1/public/amsfonts/cm/cmcsc10.pfb></usr/local/texlive/2021/texmf
-dist/fonts/type1/public/amsfonts/cm/cmex10.pfb></usr/local/texlive/2021/texmf-
dist/fonts/type1/public/amsfonts/cmextra/cmex8.pfb></usr/local/texlive/2021/tex
mf-dist/fonts/type1/public/amsfonts/cm/cmmi10.pfb></usr/local/texlive/2021/texm
f-dist/fonts/type1/public/amsfonts/cm/cmmi6.pfb></usr/local/texlive/2021/texmf-
dist/fonts/type1/public/amsfonts/cm/cmmi8.pfb></usr/local/texlive/2021/texmf-di
st/fonts/type1/public/amsfonts/cm/cmmi9.pfb></usr/local/texlive/2021/texmf-dist
/fonts/type1/public/amsfonts/cm/cmmib10.pfb></usr/local/texlive/2021/texmf-dist
/fonts/type1/public/amsfonts/cmextra/cmmib8.pfb></usr/local/texlive/2021/texmf-
dist/fonts/type1/public/amsfonts/cm/cmr10.pfb></usr/local/texlive/2021/texmf-di
st/fonts/type1/public/amsfonts/cm/cmr6.pfb></usr/local/texlive/2021/texmf-dist/
fonts/type1/public/amsfonts/cm/cmr8.pfb></usr/local/texlive/2021/texmf-dist/fon
ts/type1/public/amsfonts/cm/cmr9.pfb></usr/local/texlive/2021/texmf-dist/fonts/
type1/public/amsfonts/cm/cmsy10.pfb></usr/local/texlive/2021/texmf-dist/fonts/t
ype1/public/amsfonts/cm/cmsy6.pfb></usr/local/texlive/2021/texmf-dist/fonts/typ
e1/public/amsfonts/cm/cmsy8.pfb></usr/local/texlive/2021/texmf-dist/fonts/type1
/public/amsfonts/cm/cmti10.pfb></usr/local/texlive/2021/texmf-dist/fonts/type1/
public/amsfonts/cm/cmti9.pfb></usr/local/texlive/2021/texmf-dist/fonts/type1/pu
blic/amsfonts/cm/cmtt9.pfb></usr/local/texlive/2021/texmf-dist/fonts/type1/publ
ic/amsfonts/euler/eufm10.pfb></usr/local/texlive/2021/texmf-dist/fonts/type1/pu
blic/amsfonts/symbols/msam10.pfb></usr/local/texlive/2021/texmf-dist/fonts/type
1/public/amsfonts/symbols/msbm10.pfb>
Output written on /Users/jovyntan/Desktop/work/fyp/exploration/diff_test_tex_en
gines/bin/compiled_tex_pdf/2308.00378/2308.00378_pdflatex.pdf (27 pages, 420460
 bytes).
Transcript written on /Users/jovyntan/Desktop/work/fyp/exploration/diff_test_te
x_engines/bin/compiled_tex_pdf/2308.00378/2308.00378_pdflatex.log.
