This is pdfTeX, Version 3.141592653-2.6-1.40.22 (TeX Live 2021) (preloaded format=pdflatex 2021.12.5)  20 AUG 2023 02:14
entering extended mode
 restricted \write18 enabled.
 %&-line parsing enabled.
**macrodiversity.tex
(./macrodiversity.tex
LaTeX2e <2020-10-01> patch level 4
L3 programming layer <2021-02-18> (./IEEEtran.cls
Document Class: IEEEtran 2015/08/26 V1.8b by Michael Shell
-- See the "IEEEtran_HOWTO" manual for usage information.
-- http://www.michaelshell.org/tex/ieeetran/
\@IEEEtrantmpdimenA=\dimen138
\@IEEEtrantmpdimenB=\dimen139
\@IEEEtrantmpdimenC=\dimen140
\@IEEEtrantmpcountA=\count179
\@IEEEtrantmpcountB=\count180
\@IEEEtrantmpcountC=\count181
\@IEEEtrantmptoksA=\toks15
LaTeX Font Info:    Trying to load font information for OT1+ptm on input line 5
03.
(/usr/local/texlive/2021/texmf-dist/tex/latex/psnfss/ot1ptm.fd
File: ot1ptm.fd 2001/06/04 font definitions for OT1/ptm.
)
-- Using 210mm x 297mm (a4) paper.
-- Using PDF output.
\@IEEEnormalsizeunitybaselineskip=\dimen141
-- This is a 10 point document.
\CLASSINFOnormalsizebaselineskip=\dimen142
\CLASSINFOnormalsizeunitybaselineskip=\dimen143
\IEEEnormaljot=\dimen144
LaTeX Font Info:    Font shape `OT1/ptm/bx/n' in size <5> not available
(Font)              Font shape `OT1/ptm/b/n' tried instead on input line 1090.
LaTeX Font Info:    Font shape `OT1/ptm/bx/it' in size <5> not available
(Font)              Font shape `OT1/ptm/b/it' tried instead on input line 1090.

LaTeX Font Info:    Font shape `OT1/ptm/bx/n' in size <7> not available
(Font)              Font shape `OT1/ptm/b/n' tried instead on input line 1090.
LaTeX Font Info:    Font shape `OT1/ptm/bx/it' in size <7> not available
(Font)              Font shape `OT1/ptm/b/it' tried instead on input line 1090.

LaTeX Font Info:    Font shape `OT1/ptm/bx/n' in size <8> not available
(Font)              Font shape `OT1/ptm/b/n' tried instead on input line 1090.
LaTeX Font Info:    Font shape `OT1/ptm/bx/it' in size <8> not available
(Font)              Font shape `OT1/ptm/b/it' tried instead on input line 1090.

LaTeX Font Info:    Font shape `OT1/ptm/bx/n' in size <9> not available
(Font)              Font shape `OT1/ptm/b/n' tried instead on input line 1090.
LaTeX Font Info:    Font shape `OT1/ptm/bx/it' in size <9> not available
(Font)              Font shape `OT1/ptm/b/it' tried instead on input line 1090.

LaTeX Font Info:    Font shape `OT1/ptm/bx/n' in size <10> not available
(Font)              Font shape `OT1/ptm/b/n' tried instead on input line 1090.
LaTeX Font Info:    Font shape `OT1/ptm/bx/it' in size <10> not available
(Font)              Font shape `OT1/ptm/b/it' tried instead on input line 1090.

LaTeX Font Info:    Font shape `OT1/ptm/bx/n' in size <11> not available
(Font)              Font shape `OT1/ptm/b/n' tried instead on input line 1090.
LaTeX Font Info:    Font shape `OT1/ptm/bx/it' in size <11> not available
(Font)              Font shape `OT1/ptm/b/it' tried instead on input line 1090.

LaTeX Font Info:    Font shape `OT1/ptm/bx/n' in size <12> not available
(Font)              Font shape `OT1/ptm/b/n' tried instead on input line 1090.
LaTeX Font Info:    Font shape `OT1/ptm/bx/it' in size <12> not available
(Font)              Font shape `OT1/ptm/b/it' tried instead on input line 1090.

LaTeX Font Info:    Font shape `OT1/ptm/bx/n' in size <17> not available
(Font)              Font shape `OT1/ptm/b/n' tried instead on input line 1090.
LaTeX Font Info:    Font shape `OT1/ptm/bx/it' in size <17> not available
(Font)              Font shape `OT1/ptm/b/it' tried instead on input line 1090.

LaTeX Font Info:    Font shape `OT1/ptm/bx/n' in size <20> not available
(Font)              Font shape `OT1/ptm/b/n' tried instead on input line 1090.
LaTeX Font Info:    Font shape `OT1/ptm/bx/it' in size <20> not available
(Font)              Font shape `OT1/ptm/b/it' tried instead on input line 1090.

LaTeX Font Info:    Font shape `OT1/ptm/bx/n' in size <24> not available
(Font)              Font shape `OT1/ptm/b/n' tried instead on input line 1090.
LaTeX Font Info:    Font shape `OT1/ptm/bx/it' in size <24> not available
(Font)              Font shape `OT1/ptm/b/it' tried instead on input line 1090.

\IEEEquantizedlength=\dimen145
\IEEEquantizedlengthdiff=\dimen146
\IEEEquantizedtextheightdiff=\dimen147
\IEEEilabelindentA=\dimen148
\IEEEilabelindentB=\dimen149
\IEEEilabelindent=\dimen150
\IEEEelabelindent=\dimen151
\IEEEdlabelindent=\dimen152
\IEEElabelindent=\dimen153
\IEEEiednormlabelsep=\dimen154
\IEEEiedmathlabelsep=\dimen155
\IEEEiedtopsep=\skip47
\c@section=\count182
\c@subsection=\count183
\c@subsubsection=\count184
\c@paragraph=\count185
\c@IEEEsubequation=\count186
\abovecaptionskip=\skip48
\belowcaptionskip=\skip49
\c@figure=\count187
\c@table=\count188
\@IEEEeqnnumcols=\count189
\@IEEEeqncolcnt=\count190
\@IEEEsubeqnnumrollback=\count191
\@IEEEquantizeheightA=\dimen156
\@IEEEquantizeheightB=\dimen157
\@IEEEquantizeheightC=\dimen158
\@IEEEquantizeprevdepth=\dimen159
\@IEEEquantizemultiple=\count192
\@IEEEquantizeboxA=\box47
\@IEEEtmpitemindent=\dimen160
\IEEEPARstartletwidth=\dimen161
\c@IEEEbiography=\count193
\@IEEEtranrubishbin=\box48
) (/usr/local/texlive/2021/texmf-dist/tex/latex/base/inputenc.sty
Package: inputenc 2020/08/01 v1.3d Input encoding file
\inpenc@prehook=\toks16
\inpenc@posthook=\toks17
)
(/usr/local/texlive/2021/texmf-dist/tex/latex/amsmath/amsmath.sty
Package: amsmath 2020/09/23 v2.17i AMS math features
\@mathmargin=\skip50

For additional information on amsmath, use the `?' option.
(/usr/local/texlive/2021/texmf-dist/tex/latex/amsmath/amstext.sty
Package: amstext 2000/06/29 v2.01 AMS text

(/usr/local/texlive/2021/texmf-dist/tex/latex/amsmath/amsgen.sty
File: amsgen.sty 1999/11/30 v2.0 generic functions
\@emptytoks=\toks18
\ex@=\dimen162
))
(/usr/local/texlive/2021/texmf-dist/tex/latex/amsmath/amsbsy.sty
Package: amsbsy 1999/11/29 v1.2d Bold Symbols
\pmbraise@=\dimen163
)
(/usr/local/texlive/2021/texmf-dist/tex/latex/amsmath/amsopn.sty
Package: amsopn 2016/03/08 v2.02 operator names
)
\inf@bad=\count194
LaTeX Info: Redefining \frac on input line 234.
\uproot@=\count195
\leftroot@=\count196
LaTeX Info: Redefining \overline on input line 399.
\classnum@=\count197
\DOTSCASE@=\count198
LaTeX Info: Redefining \ldots on input line 496.
LaTeX Info: Redefining \dots on input line 499.
LaTeX Info: Redefining \cdots on input line 620.
\Mathstrutbox@=\box49
\strutbox@=\box50
\big@size=\dimen164
LaTeX Font Info:    Redeclaring font encoding OML on input line 743.
LaTeX Font Info:    Redeclaring font encoding OMS on input line 744.
\macc@depth=\count199
\c@MaxMatrixCols=\count266
\dotsspace@=\muskip16
\c@parentequation=\count267
\dspbrk@lvl=\count268
\tag@help=\toks19
\row@=\count269
\column@=\count270
\maxfields@=\count271
\andhelp@=\toks20
\eqnshift@=\dimen165
\alignsep@=\dimen166
\tagshift@=\dimen167
\tagwidth@=\dimen168
\totwidth@=\dimen169
\lineht@=\dimen170
\@envbody=\toks21
\multlinegap=\skip51
\multlinetaggap=\skip52
\mathdisplay@stack=\toks22
LaTeX Info: Redefining \[ on input line 2923.
LaTeX Info: Redefining \] on input line 2924.
)
(/usr/local/texlive/2021/texmf-dist/tex/latex/amsfonts/amsfonts.sty
Package: amsfonts 2013/01/14 v3.01 Basic AMSFonts support
\symAMSa=\mathgroup4
\symAMSb=\mathgroup5
LaTeX Font Info:    Redeclaring math symbol \hbar on input line 98.
LaTeX Font Info:    Overwriting math alphabet `\mathfrak' in version `bold'
(Font)                  U/euf/m/n --> U/euf/b/n on input line 106.
)
(/usr/local/texlive/2021/texmf-dist/tex/latex/amsfonts/amssymb.sty
Package: amssymb 2013/01/14 v3.01 AMS font symbols
)
(/usr/local/texlive/2021/texmf-dist/tex/latex/amscls/amsthm.sty
Package: amsthm 2020/05/29 v2.20.6
\thm@style=\toks23
\thm@bodyfont=\toks24
\thm@headfont=\toks25
\thm@notefont=\toks26
\thm@headpunct=\toks27
\thm@preskip=\skip53
\thm@postskip=\skip54
\thm@headsep=\skip55
\dth@everypar=\toks28
)
(/usr/local/texlive/2021/texmf-dist/tex/latex/tools/bm.sty
Package: bm 2019/07/24 v1.2d Bold Symbol Support (DPC/FMi)
\symboldoperators=\mathgroup6
\symboldletters=\mathgroup7
\symboldsymbols=\mathgroup8
LaTeX Font Info:    Redeclaring math alphabet \mathbf on input line 141.
LaTeX Info: Redefining \bm on input line 209.
)
(/usr/local/texlive/2021/texmf-dist/tex/latex/bbm-macros/bbm.sty
Package: bbm 1999/03/15 V 1.2 provides fonts for set symbols - TH
LaTeX Font Info:    Overwriting math alphabet `\mathbbm' in version `bold'
(Font)                  U/bbm/m/n --> U/bbm/bx/n on input line 33.
LaTeX Font Info:    Overwriting math alphabet `\mathbbmss' in version `bold'
(Font)                  U/bbmss/m/n --> U/bbmss/bx/n on input line 35.
)
(/usr/local/texlive/2021/texmf-dist/tex/latex/graphics/graphicx.sty
Package: graphicx 2020/09/09 v1.2b Enhanced LaTeX Graphics (DPC,SPQR)

(/usr/local/texlive/2021/texmf-dist/tex/latex/graphics/keyval.sty
Package: keyval 2014/10/28 v1.15 key=value parser (DPC)
\KV@toks@=\toks29
)
(/usr/local/texlive/2021/texmf-dist/tex/latex/graphics/graphics.sty
Package: graphics 2020/08/30 v1.4c Standard LaTeX Graphics (DPC,SPQR)

(/usr/local/texlive/2021/texmf-dist/tex/latex/graphics/trig.sty
Package: trig 2016/01/03 v1.10 sin cos tan (DPC)
)
(/usr/local/texlive/2021/texmf-dist/tex/latex/graphics-cfg/graphics.cfg
File: graphics.cfg 2016/06/04 v1.11 sample graphics configuration
)
Package graphics Info: Driver file: pdftex.def on input line 105.

(/usr/local/texlive/2021/texmf-dist/tex/latex/graphics-def/pdftex.def
File: pdftex.def 2020/10/05 v1.2a Graphics/color driver for pdftex
))
\Gin@req@height=\dimen171
\Gin@req@width=\dimen172
)
(/usr/local/texlive/2021/texmf-dist/tex/latex/subfigure/subfigure.sty
Package: subfigure 2002/03/15 v2.1.5 subfigure package
\subfigtopskip=\skip56
\subfigcapskip=\skip57
\subfigcaptopadj=\dimen173
\subfigbottomskip=\skip58
\subfigcapmargin=\dimen174
\subfiglabelskip=\skip59
\c@subfigure=\count272
\c@lofdepth=\count273
\c@subtable=\count274
\c@lotdepth=\count275

****************************************
* Local config file subfigure.cfg used *
****************************************
(/usr/local/texlive/2021/texmf-dist/tex/latex/subfigure/subfigure.cfg)
\subfig@top=\skip60
\subfig@bottom=\skip61
)
(/usr/local/texlive/2021/texmf-dist/tex/latex/tools/enumerate.sty
Package: enumerate 2015/07/23 v3.00 enumerate extensions (DPC)
\@enLab=\toks30
)
(/usr/local/texlive/2021/texmf-dist/tex/latex/cite/cite.sty
LaTeX Info: Redefining \cite on input line 302.
LaTeX Info: Redefining \nocite on input line 332.
Package: cite 2015/02/27  v 5.5
)
(/usr/local/texlive/2021/texmf-dist/tex/latex/hyperref/hyperref.sty
Package: hyperref 2021-02-27 v7.00k Hypertext links for LaTeX

(/usr/local/texlive/2021/texmf-dist/tex/generic/ltxcmds/ltxcmds.sty
Package: ltxcmds 2020-05-10 v1.25 LaTeX kernel commands for general use (HO)
)
(/usr/local/texlive/2021/texmf-dist/tex/generic/iftex/iftex.sty
Package: iftex 2020/03/06 v1.0d TeX engine tests
)
(/usr/local/texlive/2021/texmf-dist/tex/generic/pdftexcmds/pdftexcmds.sty
Package: pdftexcmds 2020-06-27 v0.33 Utility functions of pdfTeX for LuaTeX (HO
)

(/usr/local/texlive/2021/texmf-dist/tex/generic/infwarerr/infwarerr.sty
Package: infwarerr 2019/12/03 v1.5 Providing info/warning/error messages (HO)
)
Package pdftexcmds Info: \pdf@primitive is available.
Package pdftexcmds Info: \pdf@ifprimitive is available.
Package pdftexcmds Info: \pdfdraftmode found.
)
(/usr/local/texlive/2021/texmf-dist/tex/generic/kvsetkeys/kvsetkeys.sty
Package: kvsetkeys 2019/12/15 v1.18 Key value parser (HO)
)
(/usr/local/texlive/2021/texmf-dist/tex/generic/kvdefinekeys/kvdefinekeys.sty
Package: kvdefinekeys 2019-12-19 v1.6 Define keys (HO)
)
(/usr/local/texlive/2021/texmf-dist/tex/generic/pdfescape/pdfescape.sty
Package: pdfescape 2019/12/09 v1.15 Implements pdfTeX's escape features (HO)
)
(/usr/local/texlive/2021/texmf-dist/tex/latex/hycolor/hycolor.sty
Package: hycolor 2020-01-27 v1.10 Color options for hyperref/bookmark (HO)
)
(/usr/local/texlive/2021/texmf-dist/tex/latex/letltxmacro/letltxmacro.sty
Package: letltxmacro 2019/12/03 v1.6 Let assignment for LaTeX macros (HO)
)
(/usr/local/texlive/2021/texmf-dist/tex/latex/auxhook/auxhook.sty
Package: auxhook 2019-12-17 v1.6 Hooks for auxiliary files (HO)
)
(/usr/local/texlive/2021/texmf-dist/tex/latex/kvoptions/kvoptions.sty
Package: kvoptions 2020-10-07 v3.14 Key value format for package options (HO)
)
\@linkdim=\dimen175
\Hy@linkcounter=\count276
\Hy@pagecounter=\count277

(/usr/local/texlive/2021/texmf-dist/tex/latex/hyperref/pd1enc.def
File: pd1enc.def 2021-02-27 v7.00k Hyperref: PDFDocEncoding definition (HO)
Now handling font encoding PD1 ...
... no UTF-8 mapping file for font encoding PD1
)
(/usr/local/texlive/2021/texmf-dist/tex/latex/hyperref/hyperref-langpatches.def
File: hyperref-langpatches.def 2021-02-27 v7.00k Hyperref: patches for babel la
nguages
) (/usr/local/texlive/2021/texmf-dist/tex/generic/intcalc/intcalc.sty
Package: intcalc 2019/12/15 v1.3 Expandable calculations with integers (HO)
)
(/usr/local/texlive/2021/texmf-dist/tex/generic/etexcmds/etexcmds.sty
Package: etexcmds 2019/12/15 v1.7 Avoid name clashes with e-TeX commands (HO)
)
\Hy@SavedSpaceFactor=\count278

(/usr/local/texlive/2021/texmf-dist/tex/latex/hyperref/puenc.def
File: puenc.def 2021-02-27 v7.00k Hyperref: PDF Unicode definition (HO)
Now handling font encoding PU ...
... no UTF-8 mapping file for font encoding PU
)
Package hyperref Info: Hyper figures OFF on input line 4192.
Package hyperref Info: Link nesting OFF on input line 4197.
Package hyperref Info: Hyper index ON on input line 4200.
Package hyperref Info: Plain pages OFF on input line 4207.
Package hyperref Info: Backreferencing OFF on input line 4212.
Package hyperref Info: Implicit mode ON; LaTeX internals redefined.
Package hyperref Info: Bookmarks ON on input line 4445.
\c@Hy@tempcnt=\count279

(/usr/local/texlive/2021/texmf-dist/tex/latex/url/url.sty
\Urlmuskip=\muskip17
Package: url 2013/09/16  ver 3.4  Verb mode for urls, etc.
)
LaTeX Info: Redefining \url on input line 4804.
\XeTeXLinkMargin=\dimen176

(/usr/local/texlive/2021/texmf-dist/tex/generic/bitset/bitset.sty
Package: bitset 2019/12/09 v1.3 Handle bit-vector datatype (HO)

(/usr/local/texlive/2021/texmf-dist/tex/generic/bigintcalc/bigintcalc.sty
Package: bigintcalc 2019/12/15 v1.5 Expandable calculations on big integers (HO
)
))
\Fld@menulength=\count280
\Field@Width=\dimen177
\Fld@charsize=\dimen178
Package hyperref Info: Hyper figures OFF on input line 6075.
Package hyperref Info: Link nesting OFF on input line 6080.
Package hyperref Info: Hyper index ON on input line 6083.
Package hyperref Info: backreferencing OFF on input line 6090.
Package hyperref Info: Link coloring OFF on input line 6095.
Package hyperref Info: Link coloring with OCG OFF on input line 6100.
Package hyperref Info: PDF/A mode OFF on input line 6105.
LaTeX Info: Redefining \ref on input line 6145.
LaTeX Info: Redefining \pageref on input line 6149.

(/usr/local/texlive/2021/texmf-dist/tex/latex/base/atbegshi-ltx.sty
Package: atbegshi-ltx 2020/08/17 v1.0a Emulation of the original atbegshi packa
ge
with kernel methods
)
\Hy@abspage=\count281
\c@Item=\count282
\c@Hfootnote=\count283
)
Package hyperref Info: Driver (autodetected): hpdftex.

(/usr/local/texlive/2021/texmf-dist/tex/latex/hyperref/hpdftex.def
File: hpdftex.def 2021-02-27 v7.00k Hyperref driver for pdfTeX

(/usr/local/texlive/2021/texmf-dist/tex/latex/base/atveryend-ltx.sty
Package: atveryend-ltx 2020/08/19 v1.0a Emulation of the original atvery packag
e
with kernel methods
)
\Fld@listcount=\count284
\c@bookmark@seq@number=\count285

(/usr/local/texlive/2021/texmf-dist/tex/latex/rerunfilecheck/rerunfilecheck.sty
Package: rerunfilecheck 2019/12/05 v1.9 Rerun checks for auxiliary files (HO)

(/usr/local/texlive/2021/texmf-dist/tex/generic/uniquecounter/uniquecounter.sty
Package: uniquecounter 2019/12/15 v1.4 Provide unlimited unique counter (HO)
)
Package uniquecounter Info: New unique counter `rerunfilecheck' on input line 2
86.
)
\Hy@SectionHShift=\skip62
)
Package hyperref Info: Option `colorlinks' set `true' on input line 14.
\c@lemma=\count286
\c@definition=\count287
\c@property=\count288
\c@theorem=\count289
\c@proposition=\count290
\c@assumption=\count291
\c@remark=\count292
\c@corollary=\count293
\c@fact=\count294
\c@example=\count295

(/usr/local/texlive/2021/texmf-dist/tex/latex/l3backend/l3backend-pdftex.def
File: l3backend-pdftex.def 2021-03-18 L3 backend support: PDF output (pdfTeX)
\l__color_backend_stack_int=\count296
\l__pdf_internal_box=\box51
)
No file 2308.02324_pdflatex.aux.
\openout1 = `2308.02324_pdflatex.aux'.

LaTeX Font Info:    Checking defaults for OML/cmm/m/it on input line 60.
LaTeX Font Info:    ... okay on input line 60.
LaTeX Font Info:    Checking defaults for OMS/cmsy/m/n on input line 60.
LaTeX Font Info:    ... okay on input line 60.
LaTeX Font Info:    Checking defaults for OT1/cmr/m/n on input line 60.
LaTeX Font Info:    ... okay on input line 60.
LaTeX Font Info:    Checking defaults for T1/cmr/m/n on input line 60.
LaTeX Font Info:    ... okay on input line 60.
LaTeX Font Info:    Checking defaults for TS1/cmr/m/n on input line 60.
LaTeX Font Info:    ... okay on input line 60.
LaTeX Font Info:    Checking defaults for OMX/cmex/m/n on input line 60.
LaTeX Font Info:    ... okay on input line 60.
LaTeX Font Info:    Checking defaults for U/cmr/m/n on input line 60.
LaTeX Font Info:    ... okay on input line 60.
LaTeX Font Info:    Checking defaults for PD1/pdf/m/n on input line 60.
LaTeX Font Info:    ... okay on input line 60.
LaTeX Font Info:    Checking defaults for PU/pdf/m/n on input line 60.
LaTeX Font Info:    ... okay on input line 60.
-- Lines per column: 58 (exact).
(/usr/local/texlive/2021/texmf-dist/tex/context/base/mkii/supp-pdf.mkii
[Loading MPS to PDF converter (version 2006.09.02).]
\scratchcounter=\count297
\scratchdimen=\dimen179
\scratchbox=\box52
\nofMPsegments=\count298
\nofMParguments=\count299
\everyMPshowfont=\toks31
\MPscratchCnt=\count300
\MPscratchDim=\dimen180
\MPnumerator=\count301
\makeMPintoPDFobject=\count302
\everyMPtoPDFconversion=\toks32
) (/usr/local/texlive/2021/texmf-dist/tex/latex/epstopdf-pkg/epstopdf-base.sty
Package: epstopdf-base 2020-01-24 v2.11 Base part for package epstopdf
Package epstopdf-base Info: Redefining graphics rule for `.eps' on input line 4
85.

(/usr/local/texlive/2021/texmf-dist/tex/latex/latexconfig/epstopdf-sys.cfg
File: epstopdf-sys.cfg 2010/07/13 v1.3 Configuration of (r)epstopdf for TeX Liv
e
))
(/usr/local/texlive/2021/texmf-dist/tex/latex/graphics/color.sty
Package: color 2020/02/24 v1.2b Standard LaTeX Color (DPC)

(/usr/local/texlive/2021/texmf-dist/tex/latex/graphics-cfg/color.cfg
File: color.cfg 2016/01/02 v1.6 sample color configuration
)
Package color Info: Driver file: pdftex.def on input line 147.
)
Package hyperref Info: Link coloring ON on input line 60.

(/usr/local/texlive/2021/texmf-dist/tex/latex/hyperref/nameref.sty
Package: nameref 2021-04-02 v2.47 Cross-referencing by name of section

(/usr/local/texlive/2021/texmf-dist/tex/latex/refcount/refcount.sty
Package: refcount 2019/12/15 v3.6 Data extraction from label references (HO)
)
(/usr/local/texlive/2021/texmf-dist/tex/generic/gettitlestring/gettitlestring.s
ty
Package: gettitlestring 2019/12/15 v1.6 Cleanup title references (HO)
)
\c@section@level=\count303
)
LaTeX Info: Redefining \ref on input line 60.
LaTeX Info: Redefining \pageref on input line 60.
LaTeX Info: Redefining \nameref on input line 60.
\@outlinefile=\write3
\openout3 = `2308.02324_pdflatex.out'.

LaTeX Font Info:    Trying to load font information for OMS+ptm on input line 6
2.
 (/usr/local/texlive/2021/texmf-dist/tex/latex/psnfss/omsptm.fd
File: omsptm.fd 
)
LaTeX Font Info:    Font shape `OMS/ptm/m/n' in size <8> not available
(Font)              Font shape `OMS/cmsy/m/n' tried instead on input line 62.


LaTeX Warning: Citation `keusgen2016shadowing' on page 1 undefined on input lin
e 76.


LaTeX Warning: Citation `rappaport2017fading' on page 1 undefined on input line
 76.


LaTeX Warning: Citation `sundeep2018blockage' on page 1 undefined on input line
 76.


LaTeX Warning: Citation `rappaport2015wideband' on page 1 undefined on input li
ne 76.


LaTeX Warning: Citation `song2020fully' on page 1 undefined on input line 76.


LaTeX Warning: Citation `miretti2023little' on page 1 undefined on input line 7
6.


LaTeX Warning: Citation `rappaport2019diversity' on page 1 undefined on input l
ine 79.


LaTeX Warning: Citation `3gpp2020multiconnectivity' on page 1 undefined on inpu
t line 79.


LaTeX Warning: Citation `qualcomm2021comp' on page 1 undefined on input line 79
.


LaTeX Warning: Citation `ericsson2023concept' on page 1 undefined on input line
 79.


LaTeX Warning: Citation `jungnickel2019optical' on page 1 undefined on input li
ne 79.


LaTeX Warning: Citation `skouroumounis2017base' on page 1 undefined on input li
ne 79.


LaTeX Warning: Citation `giordani2018control' on page 1 undefined on input line
 79.


LaTeX Warning: Citation `gerasimenko2019capacity' on page 1 undefined on input 
line 79.


LaTeX Warning: Citation `fettweis2019reliable' on page 1 undefined on input lin
e 79.


LaTeX Warning: Citation `tuninetti2016coverage' on page 1 undefined on input li
ne 79.


LaTeX Warning: Citation `fettweis2020network' on page 1 undefined on input line
 79.


LaTeX Warning: Citation `tolli2021blockage' on page 1 undefined on input line 7
9.

<model.jpg, id=4, 772.38562pt x 777.65532pt>
File: model.jpg Graphic file (type jpg)
<use model.jpg>
Package pdftex.def Info: model.jpg  used on input line 82.
(pdftex.def)             Requested size: 176.39923pt x 177.59915pt.

LaTeX Warning: Citation `gesbert2010multicell' on page 1 undefined on input lin
e 92.


LaTeX Warning: Citation `tuninetti2016coverage' on page 1 undefined on input li
ne 92.


LaTeX Warning: Citation `fettweis2020network' on page 1 undefined on input line
 92.


LaTeX Warning: Citation `tolli2021blockage' on page 1 undefined on input line 9
2.

LaTeX Font Info:    Trying to load font information for U+msa on input line 93.

(/usr/local/texlive/2021/texmf-dist/tex/latex/amsfonts/umsa.fd
File: umsa.fd 2013/01/14 v3.01 AMS symbols A
)
LaTeX Font Info:    Trying to load font information for U+msb on input line 93.


(/usr/local/texlive/2021/texmf-dist/tex/latex/amsfonts/umsb.fd
File: umsb.fd 2013/01/14 v3.01 AMS symbols B
) [1{/usr/local/texlive/2021/texmf-var/fonts/map/pdftex/updmap/pdftex.map}


 <./model.jpg>]

LaTeX Warning: Citation `demir2021foundations' on page 2 undefined on input lin
e 94.


LaTeX Warning: Citation `alonzo2019energy' on page 2 undefined on input line 94
.


LaTeX Warning: Citation `garcia2020energy' on page 2 undefined on input line 94
.


LaTeX Warning: Citation `nguyen2022hybrid' on page 2 undefined on input line 94
.


LaTeX Warning: Citation `guo2023energy' on page 2 undefined on input line 94.


LaTeX Warning: Citation `ismath2021deep' on page 2 undefined on input line 94.


LaTeX Warning: Citation `dasilva2023energy' on page 2 undefined on input line 9
4.


LaTeX Warning: Citation `dandrea2021cell' on page 2 undefined on input line 94.



LaTeX Warning: Citation `zaher2022soft' on page 2 undefined on input line 94.


LaTeX Warning: Citation `pollin2021association' on page 2 undefined on input li
ne 94.


LaTeX Warning: Citation `eryani2022self' on page 2 undefined on input line 94.


LaTeX Warning: Citation `ismath2021deep' on page 2 undefined on input line 94.


LaTeX Warning: Citation `wang2022joint' on page 2 undefined on input line 94.


LaTeX Warning: Citation `kamiwatari2022rf' on page 2 undefined on input line 94
.


LaTeX Warning: Citation `femenias2019fronthaul' on page 2 undefined on input li
ne 94.


LaTeX Warning: Citation `buzzi2022beam' on page 2 undefined on input line 94.


LaTeX Warning: Citation `guo2021hybrid' on page 2 undefined on input line 94.


LaTeX Warning: Citation `bennis2022cellfree' on page 2 undefined on input line 
94.


LaTeX Warning: Citation `yetis2021analog' on page 2 undefined on input line 94.



LaTeX Warning: Citation `femenias2022wideband' on page 2 undefined on input lin
e 94.


LaTeX Warning: Citation `nguyen2022hybrid' on page 2 undefined on input line 94
.


LaTeX Warning: Citation `feng2022weighted' on page 2 undefined on input line 94
.


LaTeX Warning: Citation `zhang2020delay' on page 2 undefined on input line 94.


LaTeX Warning: Citation `pollin2021association' on page 2 undefined on input li
ne 94.


LaTeX Warning: Citation `jafri2023cooperative' on page 2 undefined on input lin
e 94.


LaTeX Warning: Citation `eryani2022self' on page 2 undefined on input line 94.


LaTeX Warning: Citation `ismath2021deep' on page 2 undefined on input line 94.


LaTeX Warning: Citation `wang2022joint' on page 2 undefined on input line 94.


LaTeX Warning: Citation `studer2022beam' on page 2 undefined on input line 94.


LaTeX Warning: Citation `kassam2022distributed' on page 2 undefined on input li
ne 94.


LaTeX Warning: Citation `kim2023beam' on page 2 undefined on input line 94.


LaTeX Warning: Citation `kamiwatari2022rf' on page 2 undefined on input line 94
.


LaTeX Warning: Citation `femenias2019fronthaul' on page 2 undefined on input li
ne 95.


LaTeX Warning: Citation `bennis2022cellfree' on page 2 undefined on input line 
95.


LaTeX Warning: Citation `wang2022joint' on page 2 undefined on input line 95.


LaTeX Warning: Citation `kassam2022distributed' on page 2 undefined on input li
ne 95.


LaTeX Warning: Citation `dandrea2021cell' on page 2 undefined on input line 95.



LaTeX Warning: Citation `femenias2022wideband' on page 2 undefined on input lin
e 95.


LaTeX Warning: Citation `bennis2022cellfree' on page 2 undefined on input line 
95.


LaTeX Warning: Citation `zaher2022soft' on page 2 undefined on input line 95.


LaTeX Warning: Citation `dasilva2023energy' on page 2 undefined on input line 9
5.


LaTeX Warning: Citation `ismath2021deep' on page 2 undefined on input line 95.


LaTeX Warning: Citation `studer2022beam' on page 2 undefined on input line 95.


LaTeX Warning: Citation `tuninetti2016coverage' on page 2 undefined on input li
ne 95.


LaTeX Warning: Citation `fettweis2020network' on page 2 undefined on input line
 95.


LaTeX Warning: Citation `alonzo2019energy' on page 2 undefined on input line 95
.


LaTeX Warning: Citation `femenias2019fronthaul' on page 2 undefined on input li
ne 95.


LaTeX Warning: Citation `dandrea2021cell' on page 2 undefined on input line 95.



LaTeX Warning: Citation `buzzi2022beam' on page 2 undefined on input line 95.


LaTeX Warning: Citation `guo2021hybrid' on page 2 undefined on input line 95.


LaTeX Warning: Citation `bennis2022cellfree' on page 2 undefined on input line 
95.


LaTeX Warning: Citation `yetis2021analog' on page 2 undefined on input line 95.



LaTeX Warning: Citation `femenias2022wideband' on page 2 undefined on input lin
e 95.


LaTeX Warning: Citation `nguyen2022hybrid' on page 2 undefined on input line 95
.


LaTeX Warning: Citation `feng2022weighted' on page 2 undefined on input line 95
.


LaTeX Warning: Citation `zhang2020delay' on page 2 undefined on input line 95.


LaTeX Warning: Citation `pollin2021association' on page 2 undefined on input li
ne 95.


LaTeX Warning: Citation `jafri2023cooperative' on page 2 undefined on input lin
e 95.


LaTeX Warning: Citation `guo2023energy' on page 2 undefined on input line 95.


LaTeX Warning: Citation `eryani2022self' on page 2 undefined on input line 95.


LaTeX Warning: Citation `ismath2021deep' on page 2 undefined on input line 95.


LaTeX Warning: Citation `wang2022joint' on page 2 undefined on input line 95.


LaTeX Warning: Citation `studer2022beam' on page 2 undefined on input line 95.


LaTeX Warning: Citation `kassam2022distributed' on page 2 undefined on input li
ne 95.


LaTeX Warning: Citation `kim2023beam' on page 2 undefined on input line 95.


LaTeX Warning: Citation `kamiwatari2022rf' on page 2 undefined on input line 95
.


LaTeX Warning: Citation `tuninetti2016coverage' on page 2 undefined on input li
ne 99.


LaTeX Warning: Citation `fettweis2020network' on page 2 undefined on input line
 99.


LaTeX Warning: Citation `irmer2011coordinated' on page 2 undefined on input lin
e 99.


LaTeX Warning: Citation `fettweis2020network' on page 2 undefined on input line
 99.


LaTeX Warning: Citation `tuninetti2016coverage' on page 2 undefined on input li
ne 101.


LaTeX Warning: Citation `dandrea2021cell' on page 2 undefined on input line 101
.


LaTeX Warning: Citation `buzzi2022beam' on page 2 undefined on input line 101.


LaTeX Warning: Citation `fettweis2020network' on page 2 undefined on input line
 101.


LaTeX Warning: Citation `tuninetti2016coverage' on page 2 undefined on input li
ne 101.


LaTeX Warning: Citation `dandrea2021cell' on page 2 undefined on input line 101
.


LaTeX Warning: Citation `buzzi2022beam' on page 2 undefined on input line 101.


LaTeX Warning: Citation `skouroumounis2017base' on page 2 undefined on input li
ne 101.


LaTeX Warning: Citation `giordani2018control' on page 2 undefined on input line
 101.


LaTeX Warning: Citation `gerasimenko2019capacity' on page 2 undefined on input 
line 101.


LaTeX Warning: Citation `fettweis2020network' on page 2 undefined on input line
 101.


LaTeX Warning: Citation `fettweis2020network' on page 2 undefined on input line
 101.


LaTeX Warning: Citation `fettweis2020network' on page 2 undefined on input line
 101.


LaTeX Warning: Citation `fettweis2020network' on page 2 undefined on input line
 101.


LaTeX Warning: Citation `fettweis2020network' on page 2 undefined on input line
 101.


LaTeX Warning: Citation `dammann2002low' on page 2 undefined on input line 108.



LaTeX Warning: Citation `alamouti1998' on page 2 undefined on input line 108.


LaTeX Warning: Citation `cover1982asynchronous' on page 2 undefined on input li
ne 108.


LaTeX Warning: Citation `blackwell1960capacities' on page 2 undefined on input 
line 108.


LaTeX Warning: Reference `sec:model' on page 2 undefined on input line 111.


LaTeX Warning: Reference `sec:schemes' on page 2 undefined on input line 111.


LaTeX Warning: Reference `sec:time' on page 2 undefined on input line 111.


LaTeX Warning: Reference `sec:conclusion' on page 2 undefined on input line 111
.

[2]
LaTeX Font Info:    Trying to load font information for U+bbmss on input line 1
13.
 (/usr/local/texlive/2021/texmf-dist/tex/latex/bbm-macros/ubbmss.fd
File: ubbmss.fd 1999/03/15 V 1.2 Font definition for bbmss font - TH
)

LaTeX Warning: Reference `fig:model' on page 3 undefined on input line 120.


LaTeX Warning: Citation `tuninetti2016coverage' on page 3 undefined on input li
ne 131.


LaTeX Warning: Citation `molish2022directionally' on page 3 undefined on input 
line 131.


LaTeX Warning: Citation `alper2023uniform' on page 3 undefined on input line 13
1.


LaTeX Warning: Citation `miretti2023little' on page 3 undefined on input line 1
31.


LaTeX Warning: Citation `miretti2023little' on page 3 undefined on input line 1
31.


LaTeX Warning: Citation `miretti2023little' on page 3 undefined on input line 1
32.


LaTeX Warning: Citation `tolli2021blockage' on page 3 undefined on input line 1
33.


LaTeX Warning: Citation `rappaport2017fading' on page 3 undefined on input line
 133.


LaTeX Warning: Citation `rappaport2019diversity' on page 3 undefined on input l
ine 133.


LaTeX Warning: Citation `tuninetti2016coverage' on page 3 undefined on input li
ne 134.


LaTeX Warning: Reference `sec:time' on page 3 undefined on input line 135.

[3]

LaTeX Warning: Citation `caire1999capacity' on page 4 undefined on input line 1
53.


LaTeX Warning: Reference `prop:C' on page 4 undefined on input line 191.


LaTeX Warning: Reference `eq:C' on page 4 undefined on input line 197.


LaTeX Warning: Reference `eq:tx_signal' on page 4 undefined on input line 197.


LaTeX Warning: Citation `fettweis2020network' on page 4 undefined on input line
 197.


LaTeX Warning: Reference `eq:C' on page 4 undefined on input line 197.


LaTeX Warning: Reference `eq:C' on page 4 undefined on input line 197.


LaTeX Warning: Citation `sesia2004incremental' on page 4 undefined on input lin
e 197.

<ccdf.png, id=45, 1922.68312pt x 867.99281pt>
File: ccdf.png Graphic file (type png)
<use ccdf.png>
Package pdftex.def Info: ccdf.png  used on input line 201.
(pdftex.def)             Requested size: 252.0pt x 113.7569pt.


pdfTeX warning: pdflatex (file ./C_vs_pB.pdf): PDF inclusion: found PDF version
 <1.7>, but at most version <1.5> allowed
<C_vs_pB.pdf, id=47, 361.35pt x 289.08pt>
File: C_vs_pB.pdf Graphic file (type pdf)
<use C_vs_pB.pdf>
Package pdftex.def Info: C_vs_pB.pdf  used on input line 214.
(pdftex.def)             Requested size: 180.67499pt x 144.53964pt.


pdfTeX warning: pdflatex (file ./C_vs_SNR.pdf): PDF inclusion: found PDF versio
n <1.7>, but at most version <1.5> allowed
<C_vs_SNR.pdf, id=48, 361.35pt x 289.08pt>
File: C_vs_SNR.pdf Graphic file (type pdf)
<use C_vs_SNR.pdf>
Package pdftex.def Info: C_vs_SNR.pdf  used on input line 214.
(pdftex.def)             Requested size: 180.67499pt x 144.53964pt.


pdfTeX warning: pdflatex (file ./C_vs_L.pdf): PDF inclusion: found PDF version 
<1.7>, but at most version <1.5> allowed
<C_vs_L.pdf, id=49, 361.35pt x 289.08pt>
File: C_vs_L.pdf Graphic file (type pdf)
<use C_vs_L.pdf>
Package pdftex.def Info: C_vs_L.pdf  used on input line 214.
(pdftex.def)             Requested size: 180.67499pt x 144.53964pt.
[4 <./ccdf.png>]
Underfull \hbox (badness 10000) in paragraph at lines 232--233
[]\OT1/ptm/m/n/10 The proof read-ily fol-lows by ob-serv-ing that
 []


LaTeX Warning: Reference `fig:ccdf' on page 5 undefined on input line 238.


LaTeX Warning: Reference `fig:capacity' on page 5 undefined on input line 238.


LaTeX Warning: Reference `eq:tx_signal' on page 5 undefined on input line 277.


LaTeX Warning: Reference `eq:tx_signal' on page 5 undefined on input line 289.


LaTeX Warning: Reference `fig:R_erg' on page 5 undefined on input line 295.


LaTeX Warning: Reference `app:monotonicity' on page 5 undefined on input line 3
07.


LaTeX Warning: Reference `eq:R_NCJT' on page 5 undefined on input line 311.

[5 <./C_vs_pB.pdf> <./C_vs_SNR.pdf> <./C_vs_L.pdf>]

LaTeX Warning: Reference `app:R_NCJT' on page 6 undefined on input line 319.


LaTeX Warning: Reference `fig:R_out' on page 6 undefined on input line 327.


LaTeX Warning: Reference `fig:R_erg' on page 6 undefined on input line 327.



pdfTeX warning: pdflatex (file ./ccdf_NCJT_phasediv.pdf): PDF inclusion: found 
PDF version <1.7>, but at most version <1.5> allowed
<ccdf_NCJT_phasediv.pdf, id=224, 433.62pt x 289.08pt>
File: ccdf_NCJT_phasediv.pdf Graphic file (type pdf)
<use ccdf_NCJT_phasediv.pdf>
Package pdftex.def Info: ccdf_NCJT_phasediv.pdf  used on input line 331.
(pdftex.def)             Requested size: 252.0pt x 168.00174pt.


pdfTeX warning: pdflatex (file ./R_out_vs_pB.pdf): PDF inclusion: found PDF ver
sion <1.7>, but at most version <1.5> allowed
<R_out_vs_pB.pdf, id=225, 361.35pt x 289.08pt>
File: R_out_vs_pB.pdf Graphic file (type pdf)
<use R_out_vs_pB.pdf>
Package pdftex.def Info: R_out_vs_pB.pdf  used on input line 344.
(pdftex.def)             Requested size: 180.67499pt x 144.53964pt.


pdfTeX warning: pdflatex (file ./R_out_vs_SNR.pdf): PDF inclusion: found PDF ve
rsion <1.7>, but at most version <1.5> allowed
<R_out_vs_SNR.pdf, id=226, 361.35pt x 289.08pt>
File: R_out_vs_SNR.pdf Graphic file (type pdf)
<use R_out_vs_SNR.pdf>
Package pdftex.def Info: R_out_vs_SNR.pdf  used on input line 344.
(pdftex.def)             Requested size: 180.67499pt x 144.53964pt.


pdfTeX warning: pdflatex (file ./R_out_vs_L.pdf): PDF inclusion: found PDF vers
ion <1.7>, but at most version <1.5> allowed
<R_out_vs_L.pdf, id=227, 361.35pt x 289.08pt>
File: R_out_vs_L.pdf Graphic file (type pdf)
<use R_out_vs_L.pdf>
Package pdftex.def Info: R_out_vs_L.pdf  used on input line 344.
(pdftex.def)             Requested size: 180.67499pt x 144.53964pt.


pdfTeX warning: pdflatex (file ./R_erg_vs_pB.pdf): PDF inclusion: found PDF ver
sion <1.7>, but at most version <1.5> allowed
<R_erg_vs_pB.pdf, id=228, 361.35pt x 289.08pt>
File: R_erg_vs_pB.pdf Graphic file (type pdf)
<use R_erg_vs_pB.pdf>
Package pdftex.def Info: R_erg_vs_pB.pdf  used on input line 357.
(pdftex.def)             Requested size: 180.67499pt x 144.53964pt.


pdfTeX warning: pdflatex (file ./R_erg_vs_SNR.pdf): PDF inclusion: found PDF ve
rsion <1.7>, but at most version <1.5> allowed
<R_erg_vs_SNR.pdf, id=229, 361.35pt x 289.08pt>
File: R_erg_vs_SNR.pdf Graphic file (type pdf)
<use R_erg_vs_SNR.pdf>
Package pdftex.def Info: R_erg_vs_SNR.pdf  used on input line 357.
(pdftex.def)             Requested size: 180.67499pt x 144.53964pt.


pdfTeX warning: pdflatex (file ./R_erg_vs_L.pdf): PDF inclusion: found PDF vers
ion <1.7>, but at most version <1.5> allowed
<R_erg_vs_L.pdf, id=230, 361.35pt x 289.08pt>
File: R_erg_vs_L.pdf Graphic file (type pdf)
<use R_erg_vs_L.pdf>
Package pdftex.def Info: R_erg_vs_L.pdf  used on input line 357.
(pdftex.def)             Requested size: 180.67499pt x 144.53964pt.

LaTeX Warning: Citation `dammann2002low' on page 6 undefined on input line 363.



LaTeX Warning: Reference `eq:barR' on page 6 undefined on input line 377.


LaTeX Warning: Reference `proof:lln' on page 6 undefined on input line 384.


LaTeX Warning: Reference `fig:ccdf_NCJT_phasediv' on page 6 undefined on input 
line 404.

[6 <./ccdf_NCJT_phasediv.pdf>]

LaTeX Warning: Reference `prop:C_out' on page 7 undefined on input line 414.


LaTeX Warning: Reference `fig:R_out' on page 7 undefined on input line 423.


LaTeX Warning: Reference `fig:R_erg' on page 7 undefined on input line 423.


LaTeX Warning: Citation `dammann2002low' on page 7 undefined on input line 432.



LaTeX Warning: Reference `eq:model_phase_div' on page 7 undefined on input line
 432.


LaTeX Warning: Citation `dammann2002low' on page 7 undefined on input line 432.



LaTeX Warning: Citation `alamouti1998' on page 7 undefined on input line 436.

[7 <./R_out_vs_pB.pdf> <./R_out_vs_SNR.pdf> <./R_out_vs_L.pdf> <./R_erg_vs_pB.p
df> <./R_erg_vs_SNR.pdf> <./R_erg_vs_L.pdf>]

LaTeX Warning: Citation `tarok1999space' on page 8 undefined on input line 441.



LaTeX Warning: Citation `papadias2003capacity' on page 8 undefined on input lin
e 441.


LaTeX Warning: Citation `hassibi2002linear' on page 8 undefined on input line 4
41.


LaTeX Warning: Reference `fig:R_erg' on page 8 undefined on input line 451.


LaTeX Warning: Reference `eq:model_phase_div' on page 8 undefined on input line
 454.


LaTeX Warning: Reference `eq:signal_phase_div' on page 8 undefined on input lin
e 454.


Underfull \vbox (badness 10000) has occurred while \output is active []



LaTeX Warning: Reference `prop:lln' on page 8 undefined on input line 490.


LaTeX Warning: Reference `fig:R_out' on page 8 undefined on input line 492.


LaTeX Warning: Reference `fig:R_erg' on page 8 undefined on input line 492.

[8]

LaTeX Warning: Citation `cover1982asynchronous' on page 9 undefined on input li
ne 531.


LaTeX Warning: Citation `blackwell1960capacities' on page 9 undefined on input 
line 531.


LaTeX Warning: Reference `prop:C' on page 9 undefined on input line 531.


LaTeX Warning: Reference `eq:C_worstcase_def' on page 9 undefined on input line
 539.


LaTeX Warning: Reference `eq:C_worstcase_def' on page 9 undefined on input line
 541.


LaTeX Warning: Reference `proof:C_worstcase' on page 9 undefined on input line 
551.


LaTeX Warning: Reference `eq:C_out_worstcase_def' on page 9 undefined on input 
line 567.


LaTeX Warning: Reference `prop:C_worstcase' on page 9 undefined on input line 5
80.


LaTeX Warning: Reference `prop:C_worstcase' on page 9 undefined on input line 5
83.


LaTeX Warning: Reference `prop:C_out_worstcase' on page 9 undefined on input li
ne 583.


LaTeX Warning: Reference `eq:R_worstcase_def' on page 9 undefined on input line
 596.


Overfull \hbox (1.3843pt too wide) detected at line 599
[]
 []

[9]

LaTeX Warning: Reference `proof:R_worstcase' on page 10 undefined on input line
 607.


Underfull \hbox (badness 1478) in paragraph at lines 619--621
\OT1/ptm/m/n/10 Similar to the syn-chronous case, we then ob-serve that
 []


LaTeX Warning: Reference `eq:R_inst_asynch' on page 10 undefined on input line 
622.


Underfull \hbox (badness 2318) in paragraph at lines 629--631
\OT1/ptm/m/it/10 i.e., the in-stan-ta-neous rate con-verges in prob-a-bil-ity t
o
 []


LaTeX Warning: Reference `proof:hoeffding' on page 10 undefined on input line 6
33.


Underfull \vbox (badness 2359) has occurred while \output is active []



LaTeX Warning: Reference `eq:R_out_worstcase_def' on page 10 undefined on input
 line 641.


LaTeX Warning: Reference `prop:R_worstcase' on page 10 undefined on input line 
661.


LaTeX Warning: Reference `sec:schemes' on page 10 undefined on input line 663.

[10]

LaTeX Warning: Reference `prop:monotonicity' on page 11 undefined on input line
 805.


Overfull \hbox (1.22635pt too wide) detected at line 827
[][] [] [] \OML/cmm/m/it/10 d^^R \OT1/cmr/m/n/10 = \OML/cmm/m/it/10 ^^Y [] [] ;
  \OMS/cmsy/m/n/10 j\OML/cmm/m/it/10 c\OMS/cmsy/m/n/10 j \OML/cmm/m/it/10 < \OT
1/cmr/m/n/10 1\OML/cmm/m/it/10 :
 []


LaTeX Warning: Reference `lem:closedform' on page 11 undefined on input line 84
7.


LaTeX Warning: Reference `lem:monotone' on page 11 undefined on input line 847.



LaTeX Warning: Reference `prop:R_NCJT' on page 11 undefined on input line 928.


LaTeX Warning: Reference `prop:monotonicity' on page 11 undefined on input line
 940.


LaTeX Warning: Reference `prop:monotonicity' on page 11 undefined on input line
 940.


LaTeX Warning: Reference `prop:monotonicity' on page 11 undefined on input line
 958.


LaTeX Warning: Reference `prop:lln' on page 11 undefined on input line 960.

[11]

LaTeX Warning: Reference `prop:C_worstcase' on page 12 undefined on input line 
973.


LaTeX Warning: Reference `lem:closedform' on page 12 undefined on input line 98
6.


LaTeX Warning: Reference `app:monotonicity' on page 12 undefined on input line 
986.


LaTeX Warning: Reference `prop:hoeffding' on page 12 undefined on input line 98
8.


LaTeX Warning: Citation `hoeffding1963' on page 12 undefined on input line 995.



LaTeX Warning: Reference `prop:R_worstcase' on page 12 undefined on input line 
1001.


LaTeX Warning: Reference `lem:closedform' on page 12 undefined on input line 10
09.


LaTeX Warning: Reference `lem:monotone' on page 12 undefined on input line 1009
.


LaTeX Warning: Reference `app:monotonicity' on page 12 undefined on input line 
1009.


LaTeX Warning: Reference `prop:C_worstcase' on page 12 undefined on input line 
1009.


LaTeX Warning: Reference `proof:C_worstcase' on page 12 undefined on input line
 1009.


LaTeX Warning: Reference `prop:C_worstcase' on page 12 undefined on input line 
1009.

No file 2308.02324_pdflatex.bbl.
[12]
(/Users/jovyntan/Desktop/work/fyp/exploration/diff_test_tex_engines/bin/compile
d_tex_pdf/2308.02324/2308.02324_pdflatex.aux)

LaTeX Warning: There were undefined references.


LaTeX Warning: Label(s) may have changed. Rerun to get cross-references right.


Package rerunfilecheck Warning: File `2308.02324_pdflatex.out' has changed.
(rerunfilecheck)                Rerun to get outlines right
(rerunfilecheck)                or use package `bookmark'.

Package rerunfilecheck Info: Checksums for `2308.02324_pdflatex.out':
(rerunfilecheck)             Before: <no file>
(rerunfilecheck)             After:  D80B559341DA36B2491D0A934A1ABA8A;5158.
 ) 
Here is how much of TeX's memory you used:
 10574 strings out of 478994
 158186 string characters out of 5858184
 480402 words of memory out of 5000000
 27798 multiletter control sequences out of 15000+600000
 447948 words of font info for 120 fonts, out of 8000000 for 9000
 1141 hyphenation exceptions out of 8191
 71i,18n,74p,2383b,482s stack positions out of 5000i,500n,10000p,200000b,80000s
 </Users/jovyntan/Library/texlive/2021/texmf-var/fonts/pk/ljfour/public/bbm/b
bmss10.600pk> </Users/jovyntan/Library/texlive/2021/texmf-var/fonts/pk/ljfour/p
ublic/bbm/bbmss8.525pk>{/usr/local/texlive/2021/texmf-dist/fonts/enc/dvips/base
/8r.enc}</usr/local/texlive/2021/texmf-dist/fonts/type1/public/amsfonts/cm/cmbx
10.pfb></usr/local/texlive/2021/texmf-dist/fonts/type1/public/amsfonts/cm/cmex1
0.pfb></usr/local/texlive/2021/texmf-dist/fonts/type1/public/amsfonts/cm/cmmi10
.pfb></usr/local/texlive/2021/texmf-dist/fonts/type1/public/amsfonts/cm/cmmi5.p
fb></usr/local/texlive/2021/texmf-dist/fonts/type1/public/amsfonts/cm/cmmi7.pfb
></usr/local/texlive/2021/texmf-dist/fonts/type1/public/amsfonts/cm/cmmib10.pfb
></usr/local/texlive/2021/texmf-dist/fonts/type1/public/amsfonts/cmextra/cmmib7
.pfb></usr/local/texlive/2021/texmf-dist/fonts/type1/public/amsfonts/cm/cmr10.p
fb></usr/local/texlive/2021/texmf-dist/fonts/type1/public/amsfonts/cm/cmr5.pfb>
</usr/local/texlive/2021/texmf-dist/fonts/type1/public/amsfonts/cm/cmr7.pfb></u
sr/local/texlive/2021/texmf-dist/fonts/type1/public/amsfonts/cm/cmss10.pfb></us
r/local/texlive/2021/texmf-dist/fonts/type1/public/amsfonts/cm/cmss8.pfb></usr/
local/texlive/2021/texmf-dist/fonts/type1/public/amsfonts/cm/cmsy10.pfb></usr/l
ocal/texlive/2021/texmf-dist/fonts/type1/public/amsfonts/cm/cmsy5.pfb></usr/loc
al/texlive/2021/texmf-dist/fonts/type1/public/amsfonts/cm/cmsy7.pfb></usr/local
/texlive/2021/texmf-dist/fonts/type1/public/amsfonts/cm/cmsy8.pfb></usr/local/t
exlive/2021/texmf-dist/fonts/type1/urw/times/utmb8a.pfb></usr/local/texlive/202
1/texmf-dist/fonts/type1/urw/times/utmbi8a.pfb></usr/local/texlive/2021/texmf-d
ist/fonts/type1/urw/times/utmr8a.pfb></usr/local/texlive/2021/texmf-dist/fonts/
type1/urw/times/utmri8a.pfb>
Output written on /Users/jovyntan/Desktop/work/fyp/exploration/diff_test_tex_en
gines/bin/compiled_tex_pdf/2308.02324/2308.02324_pdflatex.pdf (12 pages, 637206
 bytes).
PDF statistics:
 811 PDF objects out of 1000 (max. 8388607)
 289 compressed objects within 3 object streams
 88 named destinations out of 1000 (max. 500000)
 61 words of extra memory for PDF output out of 10000 (max. 10000000)

