This is XeTeX, Version 3.141592653-2.6-0.999993 (TeX Live 2021) (preloaded format=xelatex 2021.12.5)  20 AUG 2023 02:11
entering extended mode
 restricted \write18 enabled.
 %&-line parsing enabled.
**mainnew.tex
(./mainnew.tex
LaTeX2e <2020-10-01> patch level 4
L3 programming layer <2021-02-18>
(/usr/local/texlive/2021/texmf-dist/tex/latex/amscls/amsart.cls
Document Class: amsart 2020/05/29 v2.20.6
\linespacing=\dimen138
\normalparindent=\dimen139
\normaltopskip=\skip47
(/usr/local/texlive/2021/texmf-dist/tex/latex/amsmath/amsmath.sty
Package: amsmath 2020/09/23 v2.17i AMS math features
\@mathmargin=\skip48

For additional information on amsmath, use the `?' option.
(/usr/local/texlive/2021/texmf-dist/tex/latex/amsmath/amstext.sty
Package: amstext 2000/06/29 v2.01 AMS text

(/usr/local/texlive/2021/texmf-dist/tex/latex/amsmath/amsgen.sty
File: amsgen.sty 1999/11/30 v2.0 generic functions
\@emptytoks=\toks15
\ex@=\dimen140
))
(/usr/local/texlive/2021/texmf-dist/tex/latex/amsmath/amsbsy.sty
Package: amsbsy 1999/11/29 v1.2d Bold Symbols
\pmbraise@=\dimen141
)
(/usr/local/texlive/2021/texmf-dist/tex/latex/amsmath/amsopn.sty
Package: amsopn 2016/03/08 v2.02 operator names
)
\inf@bad=\count175
LaTeX Info: Redefining \frac on input line 234.
\uproot@=\count176
\leftroot@=\count177
LaTeX Info: Redefining \overline on input line 399.
\classnum@=\count178
\DOTSCASE@=\count179
LaTeX Info: Redefining \ldots on input line 496.
LaTeX Info: Redefining \dots on input line 499.
LaTeX Info: Redefining \cdots on input line 620.
\Mathstrutbox@=\box47
\strutbox@=\box48
\big@size=\dimen142
LaTeX Font Info:    Redeclaring font encoding OML on input line 743.
LaTeX Font Info:    Redeclaring font encoding OMS on input line 744.
\macc@depth=\count180
\c@MaxMatrixCols=\count181
\dotsspace@=\muskip16
\c@parentequation=\count182
\dspbrk@lvl=\count183
\tag@help=\toks16
\row@=\count184
\column@=\count185
\maxfields@=\count186
\andhelp@=\toks17
\eqnshift@=\dimen143
\alignsep@=\dimen144
\tagshift@=\dimen145
\tagwidth@=\dimen146
\totwidth@=\dimen147
\lineht@=\dimen148
\@envbody=\toks18
\multlinegap=\skip49
\multlinetaggap=\skip50
\mathdisplay@stack=\toks19
LaTeX Info: Redefining \[ on input line 2923.
LaTeX Info: Redefining \] on input line 2924.
)
LaTeX Font Info:    Trying to load font information for U+msa on input line 397
.

(/usr/local/texlive/2021/texmf-dist/tex/latex/amsfonts/umsa.fd
File: umsa.fd 2013/01/14 v3.01 AMS symbols A
)
(/usr/local/texlive/2021/texmf-dist/tex/latex/amsfonts/amsfonts.sty
Package: amsfonts 2013/01/14 v3.01 Basic AMSFonts support
\symAMSa=\mathgroup4
\symAMSb=\mathgroup5
LaTeX Font Info:    Redeclaring math symbol \hbar on input line 98.
LaTeX Font Info:    Overwriting math alphabet `\mathfrak' in version `bold'
(Font)                  U/euf/m/n --> U/euf/b/n on input line 106.
)
\copyins=\insert199
\abstractbox=\box49
\listisep=\skip51
\c@part=\count187
\c@section=\count188
\c@subsection=\count189
\c@subsubsection=\count190
\c@paragraph=\count191
\c@subparagraph=\count192
\c@figure=\count193
\c@table=\count194
\abovecaptionskip=\skip52
\belowcaptionskip=\skip53
\captionindent=\dimen149
\thm@style=\toks20
\thm@bodyfont=\toks21
\thm@headfont=\toks22
\thm@notefont=\toks23
\thm@headpunct=\toks24
\thm@preskip=\skip54
\thm@postskip=\skip55
\thm@headsep=\skip56
\dth@everypar=\toks25
)
(/usr/local/texlive/2021/texmf-dist/tex/latex/geometry/geometry.sty
Package: geometry 2020/01/02 v5.9 Page Geometry

(/usr/local/texlive/2021/texmf-dist/tex/latex/graphics/keyval.sty
Package: keyval 2014/10/28 v1.15 key=value parser (DPC)
\KV@toks@=\toks26
)
(/usr/local/texlive/2021/texmf-dist/tex/generic/iftex/ifvtex.sty
Package: ifvtex 2019/10/25 v1.7 ifvtex legacy package. Use iftex instead.

(/usr/local/texlive/2021/texmf-dist/tex/generic/iftex/iftex.sty
Package: iftex 2020/03/06 v1.0d TeX engine tests
))
\Gm@cnth=\count195
\Gm@cntv=\count196
\c@Gm@tempcnt=\count197
\Gm@bindingoffset=\dimen150
\Gm@wd@mp=\dimen151
\Gm@odd@mp=\dimen152
\Gm@even@mp=\dimen153
\Gm@layoutwidth=\dimen154
\Gm@layoutheight=\dimen155
\Gm@layouthoffset=\dimen156
\Gm@layoutvoffset=\dimen157
\Gm@dimlist=\toks27
)
(/usr/local/texlive/2021/texmf-dist/tex/latex/tools/enumerate.sty
Package: enumerate 2015/07/23 v3.00 enumerate extensions (DPC)
\@enLab=\toks28
)
(/usr/local/texlive/2021/texmf-dist/tex/latex/amsfonts/amssymb.sty
Package: amssymb 2013/01/14 v3.01 AMS font symbols
)
(/usr/local/texlive/2021/texmf-dist/tex/latex/base/latexsym.sty
Package: latexsym 1998/08/17 v2.2e Standard LaTeX package (lasy symbols)
\symlasy=\mathgroup6
LaTeX Font Info:    Overwriting symbol font `lasy' in version `bold'
(Font)                  U/lasy/m/n --> U/lasy/b/n on input line 52.
)
(/usr/local/texlive/2021/texmf-dist/tex/latex/graphics/color.sty
Package: color 2020/02/24 v1.2b Standard LaTeX Color (DPC)

(/usr/local/texlive/2021/texmf-dist/tex/latex/graphics-cfg/color.cfg
File: color.cfg 2016/01/02 v1.6 sample color configuration
)
Package color Info: Driver file: xetex.def on input line 147.

(/usr/local/texlive/2021/texmf-dist/tex/latex/graphics-def/xetex.def
File: xetex.def 2021/03/18 v5.0k Graphics/color driver for xetex
))
(/usr/local/texlive/2021/texmf-dist/tex/latex/xcolor/xcolor.sty
Package: xcolor 2016/05/11 v2.12 LaTeX color extensions (UK)

(/usr/local/texlive/2021/texmf-dist/tex/latex/graphics-cfg/color.cfg
File: color.cfg 2016/01/02 v1.6 sample color configuration
)
Package xcolor Info: Driver file: xetex.def on input line 225.
LaTeX Info: Redefining \color on input line 709.
Package xcolor Info: Model `cmy' substituted by `cmy0' on input line 1348.
Package xcolor Info: Model `RGB' extended on input line 1364.
Package xcolor Info: Model `HTML' substituted by `rgb' on input line 1366.
Package xcolor Info: Model `Hsb' substituted by `hsb' on input line 1367.
Package xcolor Info: Model `tHsb' substituted by `hsb' on input line 1368.
Package xcolor Info: Model `HSB' substituted by `hsb' on input line 1369.
Package xcolor Info: Model `Gray' substituted by `gray' on input line 1370.
Package xcolor Info: Model `wave' substituted by `hsb' on input line 1371.

(/usr/local/texlive/2021/texmf-dist/tex/latex/graphics/dvipsnam.def
File: dvipsnam.def 2016/06/17 v3.0m Driver-dependent file (DPC,SPQR)
))
(/usr/local/texlive/2021/texmf-dist/tex/latex/cancel/cancel.sty
Package: cancel 2013/04/12 v2.2 Cancel math terms
)
(/usr/local/texlive/2021/texmf-dist/tex/latex/graphics/graphicx.sty
Package: graphicx 2020/09/09 v1.2b Enhanced LaTeX Graphics (DPC,SPQR)

(/usr/local/texlive/2021/texmf-dist/tex/latex/graphics/graphics.sty
Package: graphics 2020/08/30 v1.4c Standard LaTeX Graphics (DPC,SPQR)

(/usr/local/texlive/2021/texmf-dist/tex/latex/graphics/trig.sty
Package: trig 2016/01/03 v1.10 sin cos tan (DPC)
)
(/usr/local/texlive/2021/texmf-dist/tex/latex/graphics-cfg/graphics.cfg
File: graphics.cfg 2016/06/04 v1.11 sample graphics configuration
)
Package graphics Info: Driver file: xetex.def on input line 105.
)
\Gin@req@height=\dimen158
\Gin@req@width=\dimen159
)
(/usr/local/texlive/2021/texmf-dist/tex/latex/cite/cite.sty
LaTeX Info: Redefining \cite on input line 302.
LaTeX Info: Redefining \nocite on input line 332.
Package: cite 2015/02/27  v 5.5
)
(/usr/local/texlive/2021/texmf-dist/tex/latex/changes/changes.sty
Package: changes 2021/02/14 v4.0.1 changes package

*** changes package 2021/02/14 v4.0.1 ***
(/usr/local/texlive/2021/texmf-dist/tex/latex/xkeyval/xkeyval.sty
Package: xkeyval 2020/11/20 v2.8 package option processing (HA)

(/usr/local/texlive/2021/texmf-dist/tex/generic/xkeyval/xkeyval.tex
(/usr/local/texlive/2021/texmf-dist/tex/generic/xkeyval/xkvutils.tex
\XKV@toks=\toks29
\XKV@tempa@toks=\toks30
)
\XKV@depth=\count198
File: xkeyval.tex 2014/12/03 v2.7a key=value parser (HA)
))
(/usr/local/texlive/2021/texmf-dist/tex/latex/etoolbox/etoolbox.sty
Package: etoolbox 2020/10/05 v2.5k e-TeX tools for LaTeX (JAW)
\etb@tempcnta=\count266
)
(/usr/local/texlive/2021/texmf-dist/tex/generic/xstring/xstring.sty
(/usr/local/texlive/2021/texmf-dist/tex/generic/xstring/xstring.tex
\integerpart=\count267
Invalid UTF-8 byte or sequence at line 35 replaced by U+FFFD.
\decimalpart=\count268
Invalid UTF-8 byte or sequence at line 79 replaced by U+FFFD.
Invalid UTF-8 byte or sequence at line 79 replaced by U+FFFD.
Invalid UTF-8 byte or sequence at line 83 replaced by U+FFFD.
Invalid UTF-8 byte or sequence at line 86 replaced by U+FFFD.
Invalid UTF-8 byte or sequence at line 102 replaced by U+FFFD.
Invalid UTF-8 byte or sequence at line 114 replaced by U+FFFD.
Invalid UTF-8 byte or sequence at line 120 replaced by U+FFFD.
Invalid UTF-8 byte or sequence at line 125 replaced by U+FFFD.
Invalid UTF-8 byte or sequence at line 147 replaced by U+FFFD.
Invalid UTF-8 byte or sequence at line 147 replaced by U+FFFD.
Invalid UTF-8 byte or sequence at line 147 replaced by U+FFFD.
Invalid UTF-8 byte or sequence at line 182 replaced by U+FFFD.
Invalid UTF-8 byte or sequence at line 182 replaced by U+FFFD.
Invalid UTF-8 byte or sequence at line 182 replaced by U+FFFD.
Invalid UTF-8 byte or sequence at line 183 replaced by U+FFFD.
Invalid UTF-8 byte or sequence at line 184 replaced by U+FFFD.
Invalid UTF-8 byte or sequence at line 185 replaced by U+FFFD.
Invalid UTF-8 byte or sequence at line 185 replaced by U+FFFD.
Invalid UTF-8 byte or sequence at line 185 replaced by U+FFFD.
Invalid UTF-8 byte or sequence at line 189 replaced by U+FFFD.
Invalid UTF-8 byte or sequence at line 189 replaced by U+FFFD.
Invalid UTF-8 byte or sequence at line 190 replaced by U+FFFD.
Invalid UTF-8 byte or sequence at line 190 replaced by U+FFFD.
Invalid UTF-8 byte or sequence at line 193 replaced by U+FFFD.
Invalid UTF-8 byte or sequence at line 208 replaced by U+FFFD.
Invalid UTF-8 byte or sequence at line 208 replaced by U+FFFD.
Invalid UTF-8 byte or sequence at line 208 replaced by U+FFFD.
Invalid UTF-8 byte or sequence at line 208 replaced by U+FFFD.
Invalid UTF-8 byte or sequence at line 208 replaced by U+FFFD.
Invalid UTF-8 byte or sequence at line 208 replaced by U+FFFD.
Invalid UTF-8 byte or sequence at line 221 replaced by U+FFFD.
Invalid UTF-8 byte or sequence at line 221 replaced by U+FFFD.
Invalid UTF-8 byte or sequence at line 241 replaced by U+FFFD.
Invalid UTF-8 byte or sequence at line 241 replaced by U+FFFD.
Invalid UTF-8 byte or sequence at line 241 replaced by U+FFFD.
Invalid UTF-8 byte or sequence at line 241 replaced by U+FFFD.
Invalid UTF-8 byte or sequence at line 266 replaced by U+FFFD.
Invalid UTF-8 byte or sequence at line 284 replaced by U+FFFD.
Invalid UTF-8 byte or sequence at line 295 replaced by U+FFFD.
Invalid UTF-8 byte or sequence at line 300 replaced by U+FFFD.
Invalid UTF-8 byte or sequence at line 300 replaced by U+FFFD.
Invalid UTF-8 byte or sequence at line 301 replaced by U+FFFD.
Invalid UTF-8 byte or sequence at line 301 replaced by U+FFFD.
Invalid UTF-8 byte or sequence at line 301 replaced by U+FFFD.
Invalid UTF-8 byte or sequence at line 302 replaced by U+FFFD.
Invalid UTF-8 byte or sequence at line 303 replaced by U+FFFD.
Invalid UTF-8 byte or sequence at line 332 replaced by U+FFFD.
Invalid UTF-8 byte or sequence at line 332 replaced by U+FFFD.
Invalid UTF-8 byte or sequence at line 332 replaced by U+FFFD.
Invalid UTF-8 byte or sequence at line 332 replaced by U+FFFD.
Invalid UTF-8 byte or sequence at line 333 replaced by U+FFFD.
Invalid UTF-8 byte or sequence at line 334 replaced by U+FFFD.
Invalid UTF-8 byte or sequence at line 334 replaced by U+FFFD.
Invalid UTF-8 byte or sequence at line 334 replaced by U+FFFD.
Invalid UTF-8 byte or sequence at line 406 replaced by U+FFFD.
Invalid UTF-8 byte or sequence at line 406 replaced by U+FFFD.
Invalid UTF-8 byte or sequence at line 409 replaced by U+FFFD.
Invalid UTF-8 byte or sequence at line 410 replaced by U+FFFD.
Invalid UTF-8 byte or sequence at line 428 replaced by U+FFFD.
Invalid UTF-8 byte or sequence at line 434 replaced by U+FFFD.
Invalid UTF-8 byte or sequence at line 457 replaced by U+FFFD.
Invalid UTF-8 byte or sequence at line 457 replaced by U+FFFD.
Invalid UTF-8 byte or sequence at line 464 replaced by U+FFFD.
Invalid UTF-8 byte or sequence at line 464 replaced by U+FFFD.
Invalid UTF-8 byte or sequence at line 466 replaced by U+FFFD.
Invalid UTF-8 byte or sequence at line 466 replaced by U+FFFD.
Invalid UTF-8 byte or sequence at line 541 replaced by U+FFFD.
Invalid UTF-8 byte or sequence at line 541 replaced by U+FFFD.
Invalid UTF-8 byte or sequence at line 541 replaced by U+FFFD.
Invalid UTF-8 byte or sequence at line 586 replaced by U+FFFD.
Invalid UTF-8 byte or sequence at line 586 replaced by U+FFFD.
Invalid UTF-8 byte or sequence at line 588 replaced by U+FFFD.
Invalid UTF-8 byte or sequence at line 588 replaced by U+FFFD.
Invalid UTF-8 byte or sequence at line 595 replaced by U+FFFD.
Invalid UTF-8 byte or sequence at line 597 replaced by U+FFFD.
Invalid UTF-8 byte or sequence at line 599 replaced by U+FFFD.
Invalid UTF-8 byte or sequence at line 602 replaced by U+FFFD.
Invalid UTF-8 byte or sequence at line 605 replaced by U+FFFD.
Invalid UTF-8 byte or sequence at line 605 replaced by U+FFFD.
Invalid UTF-8 byte or sequence at line 610 replaced by U+FFFD.
Invalid UTF-8 byte or sequence at line 615 replaced by U+FFFD.
Invalid UTF-8 byte or sequence at line 632 replaced by U+FFFD.
Invalid UTF-8 byte or sequence at line 632 replaced by U+FFFD.
Invalid UTF-8 byte or sequence at line 633 replaced by U+FFFD.
Invalid UTF-8 byte or sequence at line 635 replaced by U+FFFD.
Invalid UTF-8 byte or sequence at line 637 replaced by U+FFFD.
Invalid UTF-8 byte or sequence at line 647 replaced by U+FFFD.
Invalid UTF-8 byte or sequence at line 653 replaced by U+FFFD.
Invalid UTF-8 byte or sequence at line 678 replaced by U+FFFD.
Invalid UTF-8 byte or sequence at line 700 replaced by U+FFFD.
Invalid UTF-8 byte or sequence at line 705 replaced by U+FFFD.
Invalid UTF-8 byte or sequence at line 715 replaced by U+FFFD.
Invalid UTF-8 byte or sequence at line 715 replaced by U+FFFD.
Invalid UTF-8 byte or sequence at line 715 replaced by U+FFFD.
Invalid UTF-8 byte or sequence at line 719 replaced by U+FFFD.
Invalid UTF-8 byte or sequence at line 732 replaced by U+FFFD.
Invalid UTF-8 byte or sequence at line 732 replaced by U+FFFD.
Invalid UTF-8 byte or sequence at line 741 replaced by U+FFFD.
Invalid UTF-8 byte or sequence at line 741 replaced by U+FFFD.
Invalid UTF-8 byte or sequence at line 742 replaced by U+FFFD.
Invalid UTF-8 byte or sequence at line 742 replaced by U+FFFD.
Invalid UTF-8 byte or sequence at line 762 replaced by U+FFFD.
Invalid UTF-8 byte or sequence at line 773 replaced by U+FFFD.
Invalid UTF-8 byte or sequence at line 773 replaced by U+FFFD.
Invalid UTF-8 byte or sequence at line 774 replaced by U+FFFD.
Invalid UTF-8 byte or sequence at line 774 replaced by U+FFFD.
Invalid UTF-8 byte or sequence at line 774 replaced by U+FFFD.
Invalid UTF-8 byte or sequence at line 797 replaced by U+FFFD.
Invalid UTF-8 byte or sequence at line 797 replaced by U+FFFD.
Invalid UTF-8 byte or sequence at line 810 replaced by U+FFFD.
Invalid UTF-8 byte or sequence at line 824 replaced by U+FFFD.
Invalid UTF-8 byte or sequence at line 824 replaced by U+FFFD.
Invalid UTF-8 byte or sequence at line 831 replaced by U+FFFD.
Invalid UTF-8 byte or sequence at line 838 replaced by U+FFFD.
Invalid UTF-8 byte or sequence at line 838 replaced by U+FFFD.
Invalid UTF-8 byte or sequence at line 846 replaced by U+FFFD.
Invalid UTF-8 byte or sequence at line 846 replaced by U+FFFD.
Invalid UTF-8 byte or sequence at line 861 replaced by U+FFFD.
Invalid UTF-8 byte or sequence at line 862 replaced by U+FFFD.
Invalid UTF-8 byte or sequence at line 864 replaced by U+FFFD.
Invalid UTF-8 byte or sequence at line 864 replaced by U+FFFD.
Invalid UTF-8 byte or sequence at line 908 replaced by U+FFFD.
Invalid UTF-8 byte or sequence at line 909 replaced by U+FFFD.
Invalid UTF-8 byte or sequence at line 909 replaced by U+FFFD.
Invalid UTF-8 byte or sequence at line 934 replaced by U+FFFD.
Invalid UTF-8 byte or sequence at line 934 replaced by U+FFFD.
Invalid UTF-8 byte or sequence at line 936 replaced by U+FFFD.
Invalid UTF-8 byte or sequence at line 936 replaced by U+FFFD.
Invalid UTF-8 byte or sequence at line 940 replaced by U+FFFD.
Invalid UTF-8 byte or sequence at line 940 replaced by U+FFFD.
Invalid UTF-8 byte or sequence at line 962 replaced by U+FFFD.
Invalid UTF-8 byte or sequence at line 962 replaced by U+FFFD.
Invalid UTF-8 byte or sequence at line 964 replaced by U+FFFD.
Invalid UTF-8 byte or sequence at line 965 replaced by U+FFFD.
Invalid UTF-8 byte or sequence at line 1006 replaced by U+FFFD.
)
Package: xstring 2019/02/06 v1.83 String manipulations (CT)
)
ulem-option 'normalem,normalbf', passed to package ulem
truncate-option 'breakall,fit', passed to package truncate
(/usr/local/texlive/2021/texmf-dist/tex/generic/ulem/ulem.sty
\UL@box=\box50
\UL@hyphenbox=\box51
\UL@skip=\skip57
\UL@hook=\toks31
\UL@height=\dimen160
\UL@pe=\count269
\UL@pixel=\dimen161
\ULC@box=\box52
Package: ulem 2019/11/18
\ULdepth=\dimen162
)
(/usr/local/texlive/2021/texmf-dist/tex/latex/todonotes/todonotes.sty
Package: todonotes 2020/08/18 v1.1.3 Todonotes source and documentation.
Package: todonotes 2018/11/22

(/usr/local/texlive/2021/texmf-dist/tex/latex/base/ifthen.sty
Package: ifthen 2014/09/29 v1.1c Standard LaTeX ifthen package (DPC)
)
(/usr/local/texlive/2021/texmf-dist/tex/latex/pgf/frontendlayer/tikz.sty
(/usr/local/texlive/2021/texmf-dist/tex/latex/pgf/basiclayer/pgf.sty
(/usr/local/texlive/2021/texmf-dist/tex/latex/pgf/utilities/pgfrcs.sty
(/usr/local/texlive/2021/texmf-dist/tex/generic/pgf/utilities/pgfutil-common.te
x
\pgfutil@everybye=\toks32
\pgfutil@tempdima=\dimen163
\pgfutil@tempdimb=\dimen164

(/usr/local/texlive/2021/texmf-dist/tex/generic/pgf/utilities/pgfutil-common-li
sts.tex))
(/usr/local/texlive/2021/texmf-dist/tex/generic/pgf/utilities/pgfutil-latex.def
\pgfutil@abb=\box53
) (/usr/local/texlive/2021/texmf-dist/tex/generic/pgf/utilities/pgfrcs.code.tex
(/usr/local/texlive/2021/texmf-dist/tex/generic/pgf/pgf.revision.tex)
Package: pgfrcs 2020/12/27 v3.1.8b (3.1.8b)
))
Package: pgf 2020/12/27 v3.1.8b (3.1.8b)

(/usr/local/texlive/2021/texmf-dist/tex/latex/pgf/basiclayer/pgfcore.sty
(/usr/local/texlive/2021/texmf-dist/tex/latex/pgf/systemlayer/pgfsys.sty
(/usr/local/texlive/2021/texmf-dist/tex/generic/pgf/systemlayer/pgfsys.code.tex
Package: pgfsys 2020/12/27 v3.1.8b (3.1.8b)
(/usr/local/texlive/2021/texmf-dist/tex/generic/pgf/utilities/pgfkeys.code.tex
\pgfkeys@pathtoks=\toks33
\pgfkeys@temptoks=\toks34

(/usr/local/texlive/2021/texmf-dist/tex/generic/pgf/utilities/pgfkeysfiltered.c
ode.tex
\pgfkeys@tmptoks=\toks35
))
\pgf@x=\dimen165
\pgf@y=\dimen166
\pgf@xa=\dimen167
\pgf@ya=\dimen168
\pgf@xb=\dimen169
\pgf@yb=\dimen170
\pgf@xc=\dimen171
\pgf@yc=\dimen172
\pgf@xd=\dimen173
\pgf@yd=\dimen174
\w@pgf@writea=\write3
\r@pgf@reada=\read2
\c@pgf@counta=\count270
\c@pgf@countb=\count271
\c@pgf@countc=\count272
\c@pgf@countd=\count273
\t@pgf@toka=\toks36
\t@pgf@tokb=\toks37
\t@pgf@tokc=\toks38
\pgf@sys@id@count=\count274

(/usr/local/texlive/2021/texmf-dist/tex/generic/pgf/systemlayer/pgf.cfg
File: pgf.cfg 2020/12/27 v3.1.8b (3.1.8b)
)
Driver file for pgf: pgfsys-xetex.def

(/usr/local/texlive/2021/texmf-dist/tex/generic/pgf/systemlayer/pgfsys-xetex.de
f
File: pgfsys-xetex.def 2020/12/27 v3.1.8b (3.1.8b)

(/usr/local/texlive/2021/texmf-dist/tex/generic/pgf/systemlayer/pgfsys-dvipdfmx
.def
File: pgfsys-dvipdfmx.def 2020/12/27 v3.1.8b (3.1.8b)

(/usr/local/texlive/2021/texmf-dist/tex/generic/pgf/systemlayer/pgfsys-common-p
df.def
File: pgfsys-common-pdf.def 2020/12/27 v3.1.8b (3.1.8b)
)
\pgfsys@objnum=\count275
)))
(/usr/local/texlive/2021/texmf-dist/tex/generic/pgf/systemlayer/pgfsyssoftpath.
code.tex
File: pgfsyssoftpath.code.tex 2020/12/27 v3.1.8b (3.1.8b)
\pgfsyssoftpath@smallbuffer@items=\count276
\pgfsyssoftpath@bigbuffer@items=\count277
)
(/usr/local/texlive/2021/texmf-dist/tex/generic/pgf/systemlayer/pgfsysprotocol.
code.tex
File: pgfsysprotocol.code.tex 2020/12/27 v3.1.8b (3.1.8b)
))
(/usr/local/texlive/2021/texmf-dist/tex/generic/pgf/basiclayer/pgfcore.code.tex
Package: pgfcore 2020/12/27 v3.1.8b (3.1.8b)
(/usr/local/texlive/2021/texmf-dist/tex/generic/pgf/math/pgfmath.code.tex
(/usr/local/texlive/2021/texmf-dist/tex/generic/pgf/math/pgfmathcalc.code.tex
(/usr/local/texlive/2021/texmf-dist/tex/generic/pgf/math/pgfmathutil.code.tex)
(/usr/local/texlive/2021/texmf-dist/tex/generic/pgf/math/pgfmathparser.code.tex
\pgfmath@dimen=\dimen175
\pgfmath@count=\count278
\pgfmath@box=\box54
\pgfmath@toks=\toks39
\pgfmath@stack@operand=\toks40
\pgfmath@stack@operation=\toks41
)
(/usr/local/texlive/2021/texmf-dist/tex/generic/pgf/math/pgfmathfunctions.code.
tex
(/usr/local/texlive/2021/texmf-dist/tex/generic/pgf/math/pgfmathfunctions.basic
.code.tex)
(/usr/local/texlive/2021/texmf-dist/tex/generic/pgf/math/pgfmathfunctions.trigo
nometric.code.tex)
(/usr/local/texlive/2021/texmf-dist/tex/generic/pgf/math/pgfmathfunctions.rando
m.code.tex)
(/usr/local/texlive/2021/texmf-dist/tex/generic/pgf/math/pgfmathfunctions.compa
rison.code.tex)
(/usr/local/texlive/2021/texmf-dist/tex/generic/pgf/math/pgfmathfunctions.base.
code.tex)
(/usr/local/texlive/2021/texmf-dist/tex/generic/pgf/math/pgfmathfunctions.round
.code.tex)
(/usr/local/texlive/2021/texmf-dist/tex/generic/pgf/math/pgfmathfunctions.misc.
code.tex)
(/usr/local/texlive/2021/texmf-dist/tex/generic/pgf/math/pgfmathfunctions.integ
erarithmetics.code.tex)))
(/usr/local/texlive/2021/texmf-dist/tex/generic/pgf/math/pgfmathfloat.code.tex
\c@pgfmathroundto@lastzeros=\count279
)) (/usr/local/texlive/2021/texmf-dist/tex/generic/pgf/math/pgfint.code.tex)
(/usr/local/texlive/2021/texmf-dist/tex/generic/pgf/basiclayer/pgfcorepoints.co
de.tex
File: pgfcorepoints.code.tex 2020/12/27 v3.1.8b (3.1.8b)
\pgf@picminx=\dimen176
\pgf@picmaxx=\dimen177
\pgf@picminy=\dimen178
\pgf@picmaxy=\dimen179
\pgf@pathminx=\dimen180
\pgf@pathmaxx=\dimen181
\pgf@pathminy=\dimen182
\pgf@pathmaxy=\dimen183
\pgf@xx=\dimen184
\pgf@xy=\dimen185
\pgf@yx=\dimen186
\pgf@yy=\dimen187
\pgf@zx=\dimen188
\pgf@zy=\dimen189
)
(/usr/local/texlive/2021/texmf-dist/tex/generic/pgf/basiclayer/pgfcorepathconst
ruct.code.tex
File: pgfcorepathconstruct.code.tex 2020/12/27 v3.1.8b (3.1.8b)
\pgf@path@lastx=\dimen190
\pgf@path@lasty=\dimen191
)
(/usr/local/texlive/2021/texmf-dist/tex/generic/pgf/basiclayer/pgfcorepathusage
.code.tex
File: pgfcorepathusage.code.tex 2020/12/27 v3.1.8b (3.1.8b)
\pgf@shorten@end@additional=\dimen192
\pgf@shorten@start@additional=\dimen193
)
(/usr/local/texlive/2021/texmf-dist/tex/generic/pgf/basiclayer/pgfcorescopes.co
de.tex
File: pgfcorescopes.code.tex 2020/12/27 v3.1.8b (3.1.8b)
\pgfpic=\box55
\pgf@hbox=\box56
\pgf@layerbox@main=\box57
\pgf@picture@serial@count=\count280
)
(/usr/local/texlive/2021/texmf-dist/tex/generic/pgf/basiclayer/pgfcoregraphicst
ate.code.tex
File: pgfcoregraphicstate.code.tex 2020/12/27 v3.1.8b (3.1.8b)
\pgflinewidth=\dimen194
)
(/usr/local/texlive/2021/texmf-dist/tex/generic/pgf/basiclayer/pgfcoretransform
ations.code.tex
File: pgfcoretransformations.code.tex 2020/12/27 v3.1.8b (3.1.8b)
\pgf@pt@x=\dimen195
\pgf@pt@y=\dimen196
\pgf@pt@temp=\dimen197
)
(/usr/local/texlive/2021/texmf-dist/tex/generic/pgf/basiclayer/pgfcorequick.cod
e.tex
File: pgfcorequick.code.tex 2020/12/27 v3.1.8b (3.1.8b)
)
(/usr/local/texlive/2021/texmf-dist/tex/generic/pgf/basiclayer/pgfcoreobjects.c
ode.tex
File: pgfcoreobjects.code.tex 2020/12/27 v3.1.8b (3.1.8b)
)
(/usr/local/texlive/2021/texmf-dist/tex/generic/pgf/basiclayer/pgfcorepathproce
ssing.code.tex
File: pgfcorepathprocessing.code.tex 2020/12/27 v3.1.8b (3.1.8b)
)
(/usr/local/texlive/2021/texmf-dist/tex/generic/pgf/basiclayer/pgfcorearrows.co
de.tex
File: pgfcorearrows.code.tex 2020/12/27 v3.1.8b (3.1.8b)
\pgfarrowsep=\dimen198
)
(/usr/local/texlive/2021/texmf-dist/tex/generic/pgf/basiclayer/pgfcoreshade.cod
e.tex
File: pgfcoreshade.code.tex 2020/12/27 v3.1.8b (3.1.8b)
\pgf@max=\dimen256
\pgf@sys@shading@range@num=\count281
\pgf@shadingcount=\count282
)
(/usr/local/texlive/2021/texmf-dist/tex/generic/pgf/basiclayer/pgfcoreimage.cod
e.tex
File: pgfcoreimage.code.tex 2020/12/27 v3.1.8b (3.1.8b)

(/usr/local/texlive/2021/texmf-dist/tex/generic/pgf/basiclayer/pgfcoreexternal.
code.tex
File: pgfcoreexternal.code.tex 2020/12/27 v3.1.8b (3.1.8b)
\pgfexternal@startupbox=\box58
))
(/usr/local/texlive/2021/texmf-dist/tex/generic/pgf/basiclayer/pgfcorelayers.co
de.tex
File: pgfcorelayers.code.tex 2020/12/27 v3.1.8b (3.1.8b)
)
(/usr/local/texlive/2021/texmf-dist/tex/generic/pgf/basiclayer/pgfcoretranspare
ncy.code.tex
File: pgfcoretransparency.code.tex 2020/12/27 v3.1.8b (3.1.8b)
)
(/usr/local/texlive/2021/texmf-dist/tex/generic/pgf/basiclayer/pgfcorepatterns.
code.tex
File: pgfcorepatterns.code.tex 2020/12/27 v3.1.8b (3.1.8b)
)
(/usr/local/texlive/2021/texmf-dist/tex/generic/pgf/basiclayer/pgfcorerdf.code.
tex
File: pgfcorerdf.code.tex 2020/12/27 v3.1.8b (3.1.8b)
)))
(/usr/local/texlive/2021/texmf-dist/tex/generic/pgf/modules/pgfmoduleshapes.cod
e.tex
File: pgfmoduleshapes.code.tex 2020/12/27 v3.1.8b (3.1.8b)
\pgfnodeparttextbox=\box59
)
(/usr/local/texlive/2021/texmf-dist/tex/generic/pgf/modules/pgfmoduleplot.code.
tex
File: pgfmoduleplot.code.tex 2020/12/27 v3.1.8b (3.1.8b)
)
(/usr/local/texlive/2021/texmf-dist/tex/latex/pgf/compatibility/pgfcomp-version
-0-65.sty
Package: pgfcomp-version-0-65 2020/12/27 v3.1.8b (3.1.8b)
\pgf@nodesepstart=\dimen257
\pgf@nodesepend=\dimen258
)
(/usr/local/texlive/2021/texmf-dist/tex/latex/pgf/compatibility/pgfcomp-version
-1-18.sty
Package: pgfcomp-version-1-18 2020/12/27 v3.1.8b (3.1.8b)
))
(/usr/local/texlive/2021/texmf-dist/tex/latex/pgf/utilities/pgffor.sty
(/usr/local/texlive/2021/texmf-dist/tex/latex/pgf/utilities/pgfkeys.sty
(/usr/local/texlive/2021/texmf-dist/tex/generic/pgf/utilities/pgfkeys.code.tex)
) (/usr/local/texlive/2021/texmf-dist/tex/latex/pgf/math/pgfmath.sty
(/usr/local/texlive/2021/texmf-dist/tex/generic/pgf/math/pgfmath.code.tex))
(/usr/local/texlive/2021/texmf-dist/tex/generic/pgf/utilities/pgffor.code.tex
Package: pgffor 2020/12/27 v3.1.8b (3.1.8b)

(/usr/local/texlive/2021/texmf-dist/tex/generic/pgf/math/pgfmath.code.tex)
\pgffor@iter=\dimen259
\pgffor@skip=\dimen260
\pgffor@stack=\toks42
\pgffor@toks=\toks43
))
(/usr/local/texlive/2021/texmf-dist/tex/generic/pgf/frontendlayer/tikz/tikz.cod
e.tex
Package: tikz 2020/12/27 v3.1.8b (3.1.8b)

(/usr/local/texlive/2021/texmf-dist/tex/generic/pgf/libraries/pgflibraryplothan
dlers.code.tex
File: pgflibraryplothandlers.code.tex 2020/12/27 v3.1.8b (3.1.8b)
\pgf@plot@mark@count=\count283
\pgfplotmarksize=\dimen261
)
\tikz@lastx=\dimen262
\tikz@lasty=\dimen263
\tikz@lastxsaved=\dimen264
\tikz@lastysaved=\dimen265
\tikz@lastmovetox=\dimen266
\tikz@lastmovetoy=\dimen267
\tikzleveldistance=\dimen268
\tikzsiblingdistance=\dimen269
\tikz@figbox=\box60
\tikz@figbox@bg=\box61
\tikz@tempbox=\box62
\tikz@tempbox@bg=\box63
\tikztreelevel=\count284
\tikznumberofchildren=\count285
\tikznumberofcurrentchild=\count286
\tikz@fig@count=\count287

(/usr/local/texlive/2021/texmf-dist/tex/generic/pgf/modules/pgfmodulematrix.cod
e.tex
File: pgfmodulematrix.code.tex 2020/12/27 v3.1.8b (3.1.8b)
\pgfmatrixcurrentrow=\count288
\pgfmatrixcurrentcolumn=\count289
\pgf@matrix@numberofcolumns=\count290
)
\tikz@expandcount=\count291

(/usr/local/texlive/2021/texmf-dist/tex/generic/pgf/frontendlayer/tikz/librarie
s/tikzlibrarytopaths.code.tex
File: tikzlibrarytopaths.code.tex 2020/12/27 v3.1.8b (3.1.8b)
)))
(/usr/local/texlive/2021/texmf-dist/tex/generic/pgf/frontendlayer/tikz/librarie
s/tikzlibrarypositioning.code.tex
File: tikzlibrarypositioning.code.tex 2020/12/27 v3.1.8b (3.1.8b)
)
(/usr/local/texlive/2021/texmf-dist/tex/generic/pgf/frontendlayer/tikz/librarie
s/tikzlibraryshadows.code.tex
File: tikzlibraryshadows.code.tex 2020/12/27 v3.1.8b (3.1.8b)

(/usr/local/texlive/2021/texmf-dist/tex/generic/pgf/frontendlayer/tikz/librarie
s/tikzlibraryfadings.code.tex
File: tikzlibraryfadings.code.tex 2020/12/27 v3.1.8b (3.1.8b)

(/usr/local/texlive/2021/texmf-dist/tex/generic/pgf/libraries/pgflibraryfadings
.code.tex
File: pgflibraryfadings.code.tex 2020/12/27 v3.1.8b (3.1.8b)
))) (/usr/local/texlive/2021/texmf-dist/tex/latex/tools/calc.sty
Package: calc 2017/05/25 v4.3 Infix arithmetic (KKT,FJ)
\calc@Acount=\count292
\calc@Bcount=\count293
\calc@Adimen=\dimen270
\calc@Bdimen=\dimen271
\calc@Askip=\skip58
\calc@Bskip=\skip59
LaTeX Info: Redefining \setlength on input line 80.
LaTeX Info: Redefining \addtolength on input line 81.
\calc@Ccount=\count294
\calc@Cskip=\skip60
)
\c@@todonotes@numberoftodonotes=\count295
)
\c@Changes@AuthorCount=\count296
\c@Changes@Author=\count297
\c@Changes@addedCount=\count298
\c@Changes@deletedCount=\count299
\c@Changes@replacedCount=\count300
\c@Changes@highlightCount=\count301
\c@Changes@commentCount=\count302
\c@authorcommentcount=\count303

(/usr/local/texlive/2021/texmf-dist/tex/latex/truncate/truncate.sty
Package: truncate 2001/08/20  ver 3.6
\@Trunc@RestHyph=\toks44
)
\Changes@truncate@width=\skip61
\Changes@summary@width=\skip62
)
(/usr/local/texlive/2021/texmf-dist/tex/latex/hyperref/hyperref.sty
Package: hyperref 2021-02-27 v7.00k Hypertext links for LaTeX

(/usr/local/texlive/2021/texmf-dist/tex/generic/ltxcmds/ltxcmds.sty
Package: ltxcmds 2020-05-10 v1.25 LaTeX kernel commands for general use (HO)
)
(/usr/local/texlive/2021/texmf-dist/tex/generic/pdftexcmds/pdftexcmds.sty
Package: pdftexcmds 2020-06-27 v0.33 Utility functions of pdfTeX for LuaTeX (HO
)

(/usr/local/texlive/2021/texmf-dist/tex/generic/infwarerr/infwarerr.sty
Package: infwarerr 2019/12/03 v1.5 Providing info/warning/error messages (HO)
)
Package pdftexcmds Info: \pdf@primitive is available.
Package pdftexcmds Info: \pdf@ifprimitive is available.
Package pdftexcmds Info: \pdfdraftmode not found.
)
(/usr/local/texlive/2021/texmf-dist/tex/generic/kvsetkeys/kvsetkeys.sty
Package: kvsetkeys 2019/12/15 v1.18 Key value parser (HO)
)
(/usr/local/texlive/2021/texmf-dist/tex/generic/kvdefinekeys/kvdefinekeys.sty
Package: kvdefinekeys 2019-12-19 v1.6 Define keys (HO)
)
(/usr/local/texlive/2021/texmf-dist/tex/generic/pdfescape/pdfescape.sty
Package: pdfescape 2019/12/09 v1.15 Implements pdfTeX's escape features (HO)
)
(/usr/local/texlive/2021/texmf-dist/tex/latex/hycolor/hycolor.sty
Package: hycolor 2020-01-27 v1.10 Color options for hyperref/bookmark (HO)
)
(/usr/local/texlive/2021/texmf-dist/tex/latex/letltxmacro/letltxmacro.sty
Package: letltxmacro 2019/12/03 v1.6 Let assignment for LaTeX macros (HO)
)
(/usr/local/texlive/2021/texmf-dist/tex/latex/auxhook/auxhook.sty
Package: auxhook 2019-12-17 v1.6 Hooks for auxiliary files (HO)
)
(/usr/local/texlive/2021/texmf-dist/tex/latex/kvoptions/kvoptions.sty
Package: kvoptions 2020-10-07 v3.14 Key value format for package options (HO)
)
\@linkdim=\dimen272
\Hy@linkcounter=\count304
\Hy@pagecounter=\count305

(/usr/local/texlive/2021/texmf-dist/tex/latex/hyperref/pd1enc.def
File: pd1enc.def 2021-02-27 v7.00k Hyperref: PDFDocEncoding definition (HO)
)
(/usr/local/texlive/2021/texmf-dist/tex/latex/hyperref/hyperref-langpatches.def
File: hyperref-langpatches.def 2021-02-27 v7.00k Hyperref: patches for babel la
nguages
) (/usr/local/texlive/2021/texmf-dist/tex/generic/intcalc/intcalc.sty
Package: intcalc 2019/12/15 v1.3 Expandable calculations with integers (HO)
)
(/usr/local/texlive/2021/texmf-dist/tex/generic/etexcmds/etexcmds.sty
Package: etexcmds 2019/12/15 v1.7 Avoid name clashes with e-TeX commands (HO)
)
\Hy@SavedSpaceFactor=\count306

(/usr/local/texlive/2021/texmf-dist/tex/latex/hyperref/puenc.def
File: puenc.def 2021-02-27 v7.00k Hyperref: PDF Unicode definition (HO)
)
Package hyperref Info: Option `linktocpage' set `true' on input line 4073.
Package hyperref Info: Hyper figures OFF on input line 4192.
Package hyperref Info: Link nesting OFF on input line 4197.
Package hyperref Info: Hyper index ON on input line 4200.
Package hyperref Info: Plain pages OFF on input line 4207.
Package hyperref Info: Backreferencing OFF on input line 4212.
Package hyperref Info: Implicit mode ON; LaTeX internals redefined.
Package hyperref Info: Bookmarks ON on input line 4445.
\c@Hy@tempcnt=\count307

(/usr/local/texlive/2021/texmf-dist/tex/latex/url/url.sty
\Urlmuskip=\muskip17
Package: url 2013/09/16  ver 3.4  Verb mode for urls, etc.
)
LaTeX Info: Redefining \url on input line 4804.
\XeTeXLinkMargin=\dimen273

(/usr/local/texlive/2021/texmf-dist/tex/generic/bitset/bitset.sty
Package: bitset 2019/12/09 v1.3 Handle bit-vector datatype (HO)

(/usr/local/texlive/2021/texmf-dist/tex/generic/bigintcalc/bigintcalc.sty
Package: bigintcalc 2019/12/15 v1.5 Expandable calculations on big integers (HO
)
))
\Fld@menulength=\count308
\Field@Width=\dimen274
\Fld@charsize=\dimen275
Package hyperref Info: Hyper figures OFF on input line 6075.
Package hyperref Info: Link nesting OFF on input line 6080.
Package hyperref Info: Hyper index ON on input line 6083.
Package hyperref Info: backreferencing OFF on input line 6090.
Package hyperref Info: Link coloring OFF on input line 6095.
Package hyperref Info: Link coloring with OCG OFF on input line 6100.
Package hyperref Info: PDF/A mode OFF on input line 6105.
LaTeX Info: Redefining \ref on input line 6145.
LaTeX Info: Redefining \pageref on input line 6149.

(/usr/local/texlive/2021/texmf-dist/tex/latex/base/atbegshi-ltx.sty
Package: atbegshi-ltx 2020/08/17 v1.0a Emulation of the original atbegshi packa
ge
with kernel methods
)
\Hy@abspage=\count309
\c@Item=\count310
\c@Hfootnote=\count311
)
Package hyperref Info: Driver (autodetected): hxetex.

(/usr/local/texlive/2021/texmf-dist/tex/latex/hyperref/hxetex.def
File: hxetex.def 2021-02-27 v7.00k Hyperref driver for XeTeX

(/usr/local/texlive/2021/texmf-dist/tex/generic/stringenc/stringenc.sty
Package: stringenc 2019/11/29 v1.12 Convert strings between diff. encodings (HO
)
)
\pdfm@box=\box64
\c@Hy@AnnotLevel=\count312
\HyField@AnnotCount=\count313
\Fld@listcount=\count314
\c@bookmark@seq@number=\count315

(/usr/local/texlive/2021/texmf-dist/tex/latex/rerunfilecheck/rerunfilecheck.sty
Package: rerunfilecheck 2019/12/05 v1.9 Rerun checks for auxiliary files (HO)
(/usr/local/texlive/2021/texmf-dist/tex/latex/base/atveryend-ltx.sty
Package: atveryend-ltx 2020/08/19 v1.0a Emulation of the original atvery packag
e
with kernel methods
)
(/usr/local/texlive/2021/texmf-dist/tex/generic/uniquecounter/uniquecounter.sty
Package: uniquecounter 2019/12/15 v1.4 Provide unlimited unique counter (HO)
)
Package uniquecounter Info: New unique counter `rerunfilecheck' on input line 2
86.
)
\Hy@SectionHShift=\skip63
)
Package hyperref Info: Option `colorlinks' set `true' on input line 84.
 (/usr/local/texlive/2021/texmf-dist/tex/latex/comment/comment.sty
\CommentStream=\write4

Excluding comment 'comment')
(/usr/local/texlive/2021/texmf-dist/tex/latex/amsmath/amscd.sty
Package: amscd 2017/04/14 v2.1 AMS Commutative Diagrams
\athelp@=\toks45
\minaw@=\dimen276
\bigaw@=\dimen277
\minCDarrowwidth=\dimen278
)
(/usr/local/texlive/2021/texmf-dist/tex/latex/mathtools/mathtools.sty
Package: mathtools 2021/03/18 v1.25 mathematical typesetting tools

(/usr/local/texlive/2021/texmf-dist/tex/latex/mathtools/mhsetup.sty
Package: mhsetup 2021/03/18 v1.4 programming setup (MH)
)
LaTeX Info: Thecontrolsequence`\('isalreadyrobust on input line 130.
LaTeX Info: Thecontrolsequence`\)'isalreadyrobust on input line 130.
LaTeX Info: Thecontrolsequence`\['isalreadyrobust on input line 130.
LaTeX Info: Thecontrolsequence`\]'isalreadyrobust on input line 130.
\g_MT_multlinerow_int=\count316
\l_MT_multwidth_dim=\dimen279
\origjot=\skip64
\l_MT_shortvdotswithinadjustabove_dim=\dimen280
\l_MT_shortvdotswithinadjustbelow_dim=\dimen281
\l_MT_above_intertext_sep=\dimen282
\l_MT_below_intertext_sep=\dimen283
\l_MT_above_shortintertext_sep=\dimen284
\l_MT_below_shortintertext_sep=\dimen285
\xmathstrut@box=\box65
\xmathstrut@dim=\dimen286
)
\c@theorem=\count317

(/usr/local/texlive/2021/texmf-dist/tex/latex/l3backend/l3backend-xetex.def
File: l3backend-xetex.def 2021-03-18 L3 backend support: XeTeX

(|extractbb --version)
\c__kernel_sys_dvipdfmx_version_int=\count318
\l__color_backend_stack_int=\count319
\g__color_backend_stack_int=\count320
\g__graphics_track_int=\count321
\l__pdf_internal_box=\box66
\g__pdf_backend_object_int=\count322
\g__pdf_backend_annotation_int=\count323
\g__pdf_backend_link_int=\count324
)
No file 2308.00378_xelatex.aux.
\openout1 = `2308.00378_xelatex.aux'.

LaTeX Font Info:    Checking defaults for OML/cmm/m/it on input line 250.
LaTeX Font Info:    ... okay on input line 250.
LaTeX Font Info:    Checking defaults for OMS/cmsy/m/n on input line 250.
LaTeX Font Info:    ... okay on input line 250.
LaTeX Font Info:    Checking defaults for OT1/cmr/m/n on input line 250.
LaTeX Font Info:    ... okay on input line 250.
LaTeX Font Info:    Checking defaults for T1/cmr/m/n on input line 250.
LaTeX Font Info:    ... okay on input line 250.
LaTeX Font Info:    Checking defaults for TS1/cmr/m/n on input line 250.
LaTeX Font Info:    Trying to load font information for TS1+cmr on input line 2
50.
(/usr/local/texlive/2021/texmf-dist/tex/latex/base/ts1cmr.fd
File: ts1cmr.fd 2019/12/16 v2.5j Standard LaTeX font definitions
)
LaTeX Font Info:    ... okay on input line 250.
LaTeX Font Info:    Checking defaults for TU/lmr/m/n on input line 250.
LaTeX Font Info:    ... okay on input line 250.
LaTeX Font Info:    Checking defaults for OMX/cmex/m/n on input line 250.
LaTeX Font Info:    ... okay on input line 250.
LaTeX Font Info:    Checking defaults for U/cmr/m/n on input line 250.
LaTeX Font Info:    ... okay on input line 250.
LaTeX Font Info:    Checking defaults for PD1/pdf/m/n on input line 250.
LaTeX Font Info:    ... okay on input line 250.
LaTeX Font Info:    Checking defaults for PU/pdf/m/n on input line 250.
LaTeX Font Info:    ... okay on input line 250.
LaTeX Font Info:    Trying to load font information for U+msa on input line 250
.

(/usr/local/texlive/2021/texmf-dist/tex/latex/amsfonts/umsa.fd
File: umsa.fd 2013/01/14 v3.01 AMS symbols A
)
LaTeX Font Info:    Trying to load font information for U+msb on input line 250
.

(/usr/local/texlive/2021/texmf-dist/tex/latex/amsfonts/umsb.fd
File: umsb.fd 2013/01/14 v3.01 AMS symbols B
)
LaTeX Font Info:    Trying to load font information for U+lasy on input line 25
0.

(/usr/local/texlive/2021/texmf-dist/tex/latex/base/ulasy.fd
File: ulasy.fd 1998/08/17 v2.2e LaTeX symbol font definitions
)
*geometry* driver: auto-detecting
*geometry* detected driver: xetex
*geometry* verbose mode - [ preamble ] result:
* driver: xetex
* paper: <default>
* layout: <same size as paper>
* layoutoffset:(h,v)=(0.0pt,0.0pt)
* modes: twoside 
* h-part:(L,W,R)=(71.13188pt, 472.03123pt, 71.13188pt)
* v-part:(T,H,B)=(71.13188pt, 652.70622pt, 71.13188pt)
* \paperwidth=614.295pt
* \paperheight=794.96999pt
* \textwidth=472.03123pt
* \textheight=652.70622pt
* \oddsidemargin=-1.1381pt
* \evensidemargin=-1.1381pt
* \topmargin=-23.1381pt
* \headheight=8.0pt
* \headsep=14.0pt
* \topskip=10.0pt
* \footskip=12.0pt
* \marginparwidth=90.0pt
* \marginparsep=11.0pt
* \columnsep=10.0pt
* \skip\footins=7.0pt plus 11.0pt
* \hoffset=0.0pt
* \voffset=0.0pt
* \mag=1000
* \@twocolumnfalse
* \@twosidetrue
* \@mparswitchtrue
* \@reversemarginfalse
* (1in=72.27pt=25.4mm, 1cm=28.453pt)

Package hyperref Info: Link coloring ON on input line 250.
(/usr/local/texlive/2021/texmf-dist/tex/latex/hyperref/nameref.sty
Package: nameref 2021-04-02 v2.47 Cross-referencing by name of section

(/usr/local/texlive/2021/texmf-dist/tex/latex/refcount/refcount.sty
Package: refcount 2019/12/15 v3.6 Data extraction from label references (HO)
)
(/usr/local/texlive/2021/texmf-dist/tex/generic/gettitlestring/gettitlestring.s
ty
Package: gettitlestring 2019/12/15 v1.6 Cleanup title references (HO)
)
\c@section@level=\count325
)
LaTeX Info: Redefining \ref on input line 250.
LaTeX Info: Redefining \pageref on input line 250.
LaTeX Info: Redefining \nameref on input line 250.
\@outlinefile=\write5
\openout5 = `2308.00378_xelatex.out'.



Package hyperref Warning: Rerun to get /PageLabels entry.


Class amsart Warning: Abstract should precede \maketitle in AMS document classe
s; reported on input line 254.


LaTeX Warning: Citation `martinez2022survey' on page 1 undefined on input line 
274.


LaTeX Warning: Citation `guruswami2016explicit' on page 1 undefined on input li
ne 283.


LaTeX Warning: Citation `neri2023geometry' on page 1 undefined on input line 28
3.

[1] [2]

LaTeX Warning: Citation `byrne2021fundamental' on page 3 undefined on input lin
e 328.


LaTeX Warning: Citation `Martinez2018skew' on page 3 undefined on input line 32
8.


LaTeX Warning: Reference `th:Singletonbound' on page 3 undefined on input line 
342.


LaTeX Warning: Citation `byrne2021fundamental' on page 3 undefined on input lin
e 360.


LaTeX Warning: Citation `martinez2019theory' on page 3 undefined on input line 
360.


LaTeX Warning: Citation `alfarano2021sum' on page 3 undefined on input line 373
.


LaTeX Warning: Citation `martinezpenas2021hamming' on page 3 undefined on input
 line 373.


LaTeX Warning: Citation `neri2023geometry' on page 3 undefined on input line 38
5.

[3]
LaTeX Font Info:    Trying to load font information for U+euf on input line 394
.
 (/usr/local/texlive/2021/texmf-dist/tex/latex/amsfonts/ueuf.fd
File: ueuf.fd 2013/01/14 v3.01 Euler Fraktur
)

LaTeX Warning: Citation `Martinez2018skew' on page 4 undefined on input line 39
7.


LaTeX Warning: Citation `martinez2019theory' on page 4 undefined on input line 
397.


LaTeX Warning: Citation `neri2022twisted' on page 4 undefined on input line 397
.


LaTeX Warning: Citation `ott2021bounds' on page 4 undefined on input line 397.


LaTeX Warning: Citation `neri2023geometry' on page 4 undefined on input line 40
1.


LaTeX Warning: Citation `neri2023geometry' on page 4 undefined on input line 41
8.


LaTeX Warning: Reference `th:connection' on page 4 undefined on input line 437.



LaTeX Warning: Citation `neri2023geometry' on page 4 undefined on input line 44
4.

[4]

LaTeX Warning: Citation `neri2023geometry' on page 5 undefined on input line 45
6.


LaTeX Warning: Citation `Randrianarisoa2020ageometric' on page 5 undefined on i
nput line 457.


LaTeX Warning: Citation `alfarano2022linear' on page 5 undefined on input line 
457.


LaTeX Warning: Citation `vladut2007algebraic' on page 5 undefined on input line
 457.


LaTeX Warning: Citation `sheekeysurvey' on page 5 undefined on input line 457.


LaTeX Warning: Citation `Randrianarisoa2020ageometric' on page 5 undefined on i
nput line 457.


LaTeX Warning: Citation `alfarano2022linear' on page 5 undefined on input line 
457.


LaTeX Warning: Citation `santonastaso2022subspace' on page 5 undefined on input
 line 464.


LaTeX Warning: Reference `prop:charact_nondegenarate' on page 5 undefined on in
put line 466.


LaTeX Warning: Citation `neri2023geometry' on page 5 undefined on input line 49
0.


LaTeX Warning: Reference `th:Singletonbound' on page 5 undefined on input line 
496.


LaTeX Warning: Citation `byrne2021fundamental' on page 5 undefined on input lin
e 496.

[5]

LaTeX Warning: Citation `byrne2021fundamental' on page 6 undefined on input lin
e 500.


LaTeX Warning: Citation `neri2022twisted' on page 6 undefined on input line 500
.


Underfull \hbox (badness 10000) in paragraph at lines 500--501

 []


LaTeX Warning: Citation `Martinez2018skew' on page 6 undefined on input line 50
5.


LaTeX Warning: Citation `neri2022twisted' on page 6 undefined on input line 505
.


Overfull \hbox (1.43205pt too wide) in paragraph at lines 505--507
 \TU/lmr/m/n/10.95 2.4.\TU/lmr/bx/n/10.95 Linearized and Twisted linearized Ree
d-solomon codes.[][] \TU/lmr/m/n/10.95 The first construction of MSRD
 []


Underfull \hbox (badness 10000) in paragraph at lines 505--507

 []


LaTeX Warning: Citation `ore1933theory' on page 6 undefined on input line 508.


LaTeX Warning: Citation `leroy1995pseudolinear' on page 6 undefined on input li
ne 533.

LaTeX Font Info:    Font shape `U/lasy/b/n' in size <8> not available
(Font)              Font shape `U/lasy/m/n' tried instead on input line 543.
LaTeX Font Info:    Font shape `U/lasy/b/n' in size <6> not available
(Font)              Font shape `U/lasy/m/n' tried instead on input line 543.

LaTeX Warning: Citation `Martinez2018skew' on page 6 undefined on input line 55
5.


LaTeX Warning: Citation `Martinez2018skew' on page 6 undefined on input line 55
7.

[6]

LaTeX Warning: Citation `Martinez2018skew' on page 7 undefined on input line 56
6.


LaTeX Warning: Citation `neri2022twisted' on page 7 undefined on input line 568
.


LaTeX Warning: Citation `sheekey2016new' on page 7 undefined on input line 579.



LaTeX Warning: Citation `lunardon2018generalized' on page 7 undefined on input 
line 579.


LaTeX Warning: Citation `beelen2017twisted' on page 7 undefined on input line 5
79.


LaTeX Warning: Citation `neri2022twisted' on page 7 undefined on input line 579
.


LaTeX Warning: Citation `byrne2021fundamental' on page 7 undefined on input lin
e 586.


LaTeX Warning: Citation `byrne2021fundamental' on page 7 undefined on input lin
e 597.

[7]

LaTeX Warning: Reference `def:linRScodes' on page 8 undefined on input line 613
.


LaTeX Warning: Reference `def:linRScodes' on page 8 undefined on input line 629
.


LaTeX Warning: Reference `eq:isometrymatrixvector' on page 8 undefined on input
 line 629.


LaTeX Warning: Reference `th:weightdistrMSRD' on page 8 undefined on input line
 629.


LaTeX Warning: Reference `lem:weightdistrreedsolomon' on page 8 undefined on in
put line 629.


LaTeX Warning: Reference `eq:isometrymatrixvector' on page 8 undefined on input
 line 638.


LaTeX Warning: Reference `prop:numberweightMSRD' on page 8 undefined on input l
ine 642.


LaTeX Warning: Citation `guruswami2016explicit' on page 8 undefined on input li
ne 658.


LaTeX Warning: Citation `guruswami2011linear' on page 8 undefined on input line
 658.


LaTeX Warning: Citation `guruswami2017optimal' on page 8 undefined on input lin
e 659.


LaTeX Warning: Citation `guruswami2021lossless' on page 8 undefined on input li
ne 659.

[8]

LaTeX Warning: Citation `pudlak2004pseudorandom' on page 9 undefined on input l
ine 668.


LaTeX Warning: Citation `dvir2012subspace' on page 9 undefined on input line 66
9.


LaTeX Warning: Citation `bartoli2021evasive' on page 9 undefined on input line 
669.


LaTeX Warning: Citation `guruswami2021lossless' on page 9 undefined on input li
ne 669.


LaTeX Warning: Citation `guruswami2016explicit' on page 9 undefined on input li
ne 669.


LaTeX Warning: Citation `santonastaso2022subspace' on page 9 undefined on input
 line 673.


LaTeX Warning: Citation `santonastaso2022subspace' on page 9 undefined on input
 line 683.


LaTeX Warning: Citation `blokhuis2000scattered' on page 9 undefined on input li
ne 689.


LaTeX Warning: Citation `lunardon2017mrd' on page 9 undefined on input line 690
.


LaTeX Warning: Citation `sheekeyVdV' on page 9 undefined on input line 690.


LaTeX Warning: Citation `csajbok2021generalising' on page 9 undefined on input 
line 690.


LaTeX Warning: Citation `polverino2020connections' on page 9 undefined on input
 line 691.


LaTeX Warning: Citation `marino2022evasive' on page 9 undefined on input line 6
91.


LaTeX Warning: Citation `sheekey2016new' on page 9 undefined on input line 691.



LaTeX Warning: Citation `zini2021scattered' on page 9 undefined on input line 6
91.


LaTeX Warning: Reference `prop:diminuzione' on page 9 undefined on input line 6
94.


LaTeX Warning: Citation `santonastaso2022subspace' on page 9 undefined on input
 line 699.


LaTeX Warning: Citation `santonastaso2022subspace' on page 9 undefined on input
 line 706.


LaTeX Warning: Citation `santonastaso2022subspace' on page 9 undefined on input
 line 715.

[9]
Overfull \hbox (4.97394pt too wide) detected at line 738
[][][]
 []


LaTeX Warning: Citation `vladut2007algebraic' on page 10 undefined on input lin
e 740.


LaTeX Warning: Citation `martinez2019theory' on page 10 undefined on input line
 742.


LaTeX Warning: Citation `helleseth1977weight' on page 10 undefined on input lin
e 744.


LaTeX Warning: Citation `luo2005some' on page 10 undefined on input line 744.


LaTeX Warning: Citation `wei1991generalized' on page 10 undefined on input line
 744.


LaTeX Warning: Citation `kurihara2015relative' on page 10 undefined on input li
ne 744.


LaTeX Warning: Citation `oggier2012existence' on page 10 undefined on input lin
e 744.


LaTeX Warning: Citation `martinez2019theory' on page 10 undefined on input line
 746.


LaTeX Warning: Citation `martinez2019theory' on page 10 undefined on input line
 746.


LaTeX Warning: Reference `eq:generalizedhamming' on page 10 undefined on input 
line 766.


LaTeX Warning: Citation `Randrianarisoa2020ageometric' on page 10 undefined on 
input line 785.


LaTeX Warning: Citation `martinez2019theory' on page 10 undefined on input line
 792.


LaTeX Warning: Citation `martinez2019theory' on page 10 undefined on input line
 801.

[10]

LaTeX Warning: Reference `th:connection' on page 11 undefined on input line 812
.


LaTeX Warning: Citation `neri2023geometry' on page 11 undefined on input line 8
14.


LaTeX Warning: Citation `santonastaso2022subspace' on page 11 undefined on inpu
t line 814.


Overfull \hbox (26.60971pt too wide) detected at line 826
[] [] \OMS/cmsy/m/n/10.95 ^^T [] \OML/cmm/m/it/10.95 :
 []


LaTeX Warning: Reference `teo:designMSRD' on page 11 undefined on input line 83
0.


LaTeX Warning: Citation `neri2023geometry' on page 11 undefined on input line 8
31.


LaTeX Warning: Citation `marino2022evasive' on page 11 undefined on input line 
839.


LaTeX Warning: Reference `prop:geogeneralizedweights' on page 11 undefined on i
nput line 851.


LaTeX Warning: Reference `prop:monotonweight' on page 11 undefined on input lin
e 851.


LaTeX Warning: Reference `th:weitype' on page 11 undefined on input line 851.


LaTeX Warning: Citation `marino2022evasive' on page 11 undefined on input line 
852.


LaTeX Warning: Reference `th:Singletonbound' on page 11 undefined on input line
 864.


LaTeX Warning: Reference `th:dualMSRD' on page 11 undefined on input line 864.


LaTeX Warning: Reference `th:connectiondesignweight' on page 11 undefined on in
put line 864.


LaTeX Warning: Reference `th:connectiondesignweight' on page 11 undefined on in
put line 865.


LaTeX Warning: Reference `th:Singletonbound' on page 11 undefined on input line
 865.

[11]

LaTeX Warning: Reference `Th:sdesignMSRD' on page 12 undefined on input line 87
7.


LaTeX Warning: Citation `santonastaso2022subspace' on page 12 undefined on inpu
t line 877.


LaTeX Warning: Citation `santonastaso2022subspace' on page 12 undefined on inpu
t line 877.


LaTeX Warning: Reference `Th:sdesignMSRD' on page 12 undefined on input line 88
9.


LaTeX Warning: Reference `teo:designMSRD' on page 12 undefined on input line 88
9.


LaTeX Warning: Reference `cor:numberweightMSRDvector' on page 12 undefined on i
nput line 893.


LaTeX Warning: Citation `santonastaso2022subspace' on page 12 undefined on inpu
t line 893.


LaTeX Warning: Reference `eq:numberweightrMSRD' on page 12 undefined on input l
ine 901.


LaTeX Warning: Reference `Th:sdesignMSRD' on page 12 undefined on input line 90
6.


LaTeX Warning: Reference `th:connection' on page 12 undefined on input line 906
.


LaTeX Warning: Reference `eq:intersectionhyperhdesign' on page 12 undefined on 
input line 906.


LaTeX Warning: Reference `th:weightdistrMSRD' on page 12 undefined on input lin
e 906.


LaTeX Warning: Reference `prop:numberweightMSRD' on page 12 undefined on input 
line 906.

[12]

LaTeX Warning: Citation `taylor1992geometry' on page 13 undefined on input line
 924.


LaTeX Warning: Citation `polverino2010linear' on page 13 undefined on input lin
e 924.


LaTeX Warning: Reference `eq:dualord' on page 13 undefined on input line 930.


LaTeX Warning: Citation `santonastaso2022subspace' on page 13 undefined on inpu
t line 932.


Overfull \hbox (5.13268pt too wide) in paragraph at lines 939--941
[][]\TU/lmr/bx/n/10.95 Remark 3.22. []\TU/lmr/m/n/10.95 Note that if $\OT1/cmr/
m/n/10.95 (\OMS/cmsy/m/n/10.95 U[]\OML/cmm/m/it/10.95 ; [] ; \OMS/cmsy/m/n/10.9
5 U[]\OT1/cmr/m/n/10.95 )$ \TU/lmr/m/n/10.95 is an $\OT1/cmr/m/n/10.95 [\OT1/cm
r/bx/n/10.95 n\OML/cmm/m/it/10.95 ; k\OT1/cmr/m/n/10.95 ][]$ \TU/lmr/m/n/10.95 
system then the dual subspaces $\OT1/cmr/m/n/10.95 (\OMS/cmsy/m/n/10.95 U[]\OML
/cmm/m/it/10.95 ; [] ; \OMS/cmsy/m/n/10.95 U[]\OT1/cmr/m/n/10.95 )$
 []


LaTeX Warning: Reference `prop:geogeneralizedweights' on page 13 undefined on i
nput line 945.


LaTeX Warning: Citation `borello2023geometric' on page 13 undefined on input li
ne 946.


LaTeX Warning: Reference `rk:geogenrank' on page 13 undefined on input line 950
.


LaTeX Warning: Citation `borello2023geometric' on page 13 undefined on input li
ne 950.


LaTeX Warning: Citation `borello2023geometric' on page 13 undefined on input li
ne 958.

[13]

LaTeX Warning: Reference `Cor:hdesignhyper' on page 14 undefined on input line 
971.


LaTeX Warning: Reference `th:orddual' on page 14 undefined on input line 971.


LaTeX Warning: Reference `th:numberhyperplaneshdesign' on page 14 undefined on 
input line 976.


LaTeX Warning: Citation `gruica2022generalised' on page 14 undefined on input l
ine 976.


LaTeX Warning: Reference `Th:sdesignMSRD' on page 14 undefined on input line 98
7.


LaTeX Warning: Reference `rk:hdesimpliesh'' on page 14 undefined on input line 
987.


LaTeX Warning: Reference `prop:geogeneralizedweights' on page 14 undefined on i
nput line 987.


LaTeX Warning: Reference `Th:sdesignMSRD' on page 14 undefined on input line 99
5.


LaTeX Warning: Reference `prop:geometricdualhdesign' on page 14 undefined on in
put line 995.


LaTeX Warning: Reference `teo:designMSRD' on page 14 undefined on input line 10
08.


LaTeX Warning: Reference `prop:geometricdualhdesign' on page 14 undefined on in
put line 1008.


LaTeX Warning: Reference `Th:sdesignMSRD' on page 14 undefined on input line 10
08.


LaTeX Warning: Reference `prop:diminuzione' on page 14 undefined on input line 
1009.


LaTeX Warning: Reference `rk:dualstrictlyhdesign' on page 14 undefined on input
 line 1009.

[14]

LaTeX Warning: Citation `lavrauw2015field' on page 15 undefined on input line 1
048.


LaTeX Warning: Citation `polverino2010linear' on page 15 undefined on input lin
e 1048.


LaTeX Warning: Citation `blokhuis2000scattered' on page 15 undefined on input l
ine 1055.


LaTeX Warning: Citation `bartoli2018maximum' on page 15 undefined on input line
 1055.


LaTeX Warning: Citation `csajbok2017maximum' on page 15 undefined on input line
 1055.


LaTeX Warning: Citation `bartoli2018maximum' on page 15 undefined on input line
 1060.


LaTeX Warning: Citation `bartoli2018maximum' on page 15 undefined on input line
 1077.

[15]

LaTeX Warning: Citation `bartoli2018maximum' on page 16 undefined on input line
 1094.


LaTeX Warning: Citation `csajbok2017maximum' on page 16 undefined on input line
 1110.


LaTeX Warning: Reference `eq:deffsab' on page 16 undefined on input line 1116.


LaTeX Warning: Citation `bartoli2018maximum' on page 16 undefined on input line
 1124.


LaTeX Warning: Citation `santonastaso2022subspace' on page 16 undefined on inpu
t line 1151.


LaTeX Warning: Citation `marino2007fq' on page 16 undefined on input line 1159.



LaTeX Warning: Citation `lavrauw2013scattered' on page 16 undefined on input li
ne 1159.


LaTeX Warning: Citation `lunardon2014maximum' on page 16 undefined on input lin
e 1159.


LaTeX Warning: Citation `hirschfeld1998projective' on page 16 undefined on inpu
t line 1163.


LaTeX Warning: Citation `santonastaso2022subspace' on page 16 undefined on inpu
t line 1163.

[16]

LaTeX Warning: Reference `th:masxcattkodd1' on page 17 undefined on input line 
1187.


LaTeX Warning: Reference `eq:disjointcondition1' on page 17 undefined on input 
line 1200.


LaTeX Warning: Reference `eq:disjointcondition2' on page 17 undefined on input 
line 1215.

[17]

LaTeX Warning: Reference `eq:disjointcondition4' on page 18 undefined on input 
line 1233.


LaTeX Warning: Reference `eq:disjointcondition3' on page 18 undefined on input 
line 1234.


LaTeX Warning: Reference `th:masxcattkodd2' on page 18 undefined on input line 
1281.


LaTeX Warning: Reference `th:constructiondisjoint2' on page 18 undefined on inp
ut line 1282.


LaTeX Warning: Reference `eq:disjointcondition2' on page 18 undefined on input 
line 1282.


LaTeX Warning: Reference `eq:disjointcondition3' on page 18 undefined on input 
line 1282.

[18]

LaTeX Warning: Reference `th:constructiondisjoint2' on page 19 undefined on inp
ut line 1298.


LaTeX Warning: Reference `th:constructiondisjoint2' on page 19 undefined on inp
ut line 1309.


LaTeX Warning: Reference `th:constructiondisjoint3' on page 19 undefined on inp
ut line 1309.


LaTeX Warning: Reference `eq:deffsab' on page 19 undefined on input line 1317.


LaTeX Warning: Reference `th:maximumscattered3' on page 19 undefined on input l
ine 1328.

[19]

LaTeX Warning: Reference `eq:disjoint2condition1' on page 20 undefined on input
 line 1341.


LaTeX Warning: Reference `eq:disjoint2condition2' on page 20 undefined on input
 line 1349.


LaTeX Warning: Citation `bartoli2018maximum' on page 20 undefined on input line
 1355.


LaTeX Warning: Reference `eq:disjoint2condition3' on page 20 undefined on input
 line 1357.


LaTeX Warning: Reference `prop:ex1desnorm' on page 20 undefined on input line 1
378.


LaTeX Warning: Reference `th:constructiondisjoint2' on page 20 undefined on inp
ut line 1378.


LaTeX Warning: Reference `th:constructiondisjoint3' on page 20 undefined on inp
ut line 1378.


LaTeX Warning: Reference `th:disjoint4' on page 20 undefined on input line 1379
.


LaTeX Warning: Reference `cor:directsum' on page 20 undefined on input line 137
9.


LaTeX Warning: Reference `lem:designdisjoint' on page 20 undefined on input lin
e 1379.


Package hyperref Warning: Token not allowed in a PDF string (Unicode):
(hyperref)                removing `math shift' on input line 1383.


Package hyperref Warning: Token not allowed in a PDF string (Unicode):
(hyperref)                removing `math shift' on input line 1383.


LaTeX Warning: Reference `th:existence1design' on page 20 undefined on input li
ne 1383.


LaTeX Warning: Citation `santonastaso2022subspace' on page 20 undefined on inpu
t line 1384.

[20]

LaTeX Warning: Citation `lavrauw2011finite' on page 21 undefined on input line 
1400.


LaTeX Warning: Reference `th:constructiondisjoint2' on page 21 undefined on inp
ut line 1420.


LaTeX Warning: Reference `eq:disjointcondition2' on page 21 undefined on input 
line 1420.


LaTeX Warning: Reference `eq:disjointcondition3' on page 21 undefined on input 
line 1420.


LaTeX Warning: Reference `lem:existence1designdouble' on page 21 undefined on i
nput line 1428.

[21]

LaTeX Warning: Citation `marino2011towards' on page 22 undefined on input line 
1464.


LaTeX Warning: Citation `lavrauw2011fq' on page 22 undefined on input line 1464
.


LaTeX Warning: Citation `lavrauw2011fq' on page 22 undefined on input line 1464
.


LaTeX Warning: Reference `eq:condsemifield1' on page 22 undefined on input line
 1476.


LaTeX Warning: Reference `eq:condsemifield2' on page 22 undefined on input line
 1476.


LaTeX Warning: Reference `th:constructiondisjoint2' on page 22 undefined on inp
ut line 1502.


LaTeX Warning: Reference `th:masxcattkodd1' on page 22 undefined on input line 
1502.

[22]

LaTeX Warning: Reference `cor:directsum' on page 23 undefined on input line 150
7.


LaTeX Warning: Reference `lem:existence1designdouble' on page 23 undefined on i
nput line 1531.


Overfull \hbox (5.80774pt too wide) in paragraph at lines 1531--1532
[]\TU/lmr/m/n/10.95 For $\OML/cmm/m/it/10.95 q \OT1/cmr/m/n/10.95 = 2$\TU/lmr/m
/n/10.95 , let $\OML/cmm/m/it/10.95 a$ \TU/lmr/m/n/10.95 be any element of $\U/
msb/m/n/10.95 F[]$ \TU/lmr/m/n/10.95 such that $\OML/cmm/m/it/10.95 N[]\OT1/cmr
/m/n/10.95 (\OML/cmm/m/it/10.95 a\OT1/cmr/m/n/10.95 ) [] \U/msb/m/n/10.95 F[]$\
TU/lmr/m/n/10.95 , and $\OML/cmm/m/it/10.95 b$ \TU/lmr/m/n/10.95 such that $\OT
1/cmr/m/n/10.95 (\OML/cmm/m/it/10.95 ab\OT1/cmr/m/n/10.95 )[]\OML/cmm/m/it/10.9
5 a[] \OT1/cmr/m/n/10.95 =
 []


LaTeX Warning: Citation `santonastaso2022subspace' on page 23 undefined on inpu
t line 1548.


LaTeX Warning: Reference `th:existence1design' on page 23 undefined on input li
ne 1560.


LaTeX Warning: Citation `calderbank1986geometry' on page 23 undefined on input 
line 1567.

[23]

LaTeX Warning: Citation `santonastaso2022subspace' on page 24 undefined on inpu
t line 1579.


LaTeX Warning: Reference `th:existence1design' on page 24 undefined on input li
ne 1593.


LaTeX Warning: Reference `cor:srg' on page 24 undefined on input line 1596.


LaTeX Warning: Citation `vladut2007algebraic' on page 24 undefined on input lin
e 1604.


LaTeX Warning: Citation `santonastaso2022subspace' on page 24 undefined on inpu
t line 1607.

[24]

LaTeX Warning: Reference `th:existence1design' on page 25 undefined on input li
ne 1624.


LaTeX Warning: Reference `prop:parametertwoweightcodes' on page 25 undefined on
 input line 1629.


LaTeX Warning: Reference `subsec:maximum1designt>q-1' on page 25 undefined on i
nput line 1634.


LaTeX Warning: Citation `santonastaso2022subspace' on page 25 undefined on inpu
t line 1647.


LaTeX Warning: Citation `neri2023geometry' on page 25 undefined on input line 1
647.


LaTeX Warning: Citation `santonastaso2022subspace' on page 25 undefined on inpu
t line 1649.


LaTeX Warning: Citation `neri2023geometry' on page 25 undefined on input line 1
649.


LaTeX Warning: Reference `th:example2(n-1)des' on page 25 undefined on input li
ne 1663.


LaTeX Warning: Citation `neri2022twisted' on page 25 undefined on input line 16
64.

[25]

LaTeX Warning: Reference `th:example2(n-1)des' on page 26 undefined on input li
ne 1689.


LaTeX Warning: Reference `cor:optimalk-1design' on page 26 undefined on input l
ine 1700.


LaTeX Warning: Reference `prop:optimaldesignlargerblocks' on page 26 undefined 
on input line 1700.


LaTeX Warning: Reference `Th:sdesignMSRD' on page 26 undefined on input line 17
10.


LaTeX Warning: Reference `Th:sdesignMSRD' on page 26 undefined on input line 17
18.


LaTeX Warning: Reference `Th:sdesignMSRD' on page 26 undefined on input line 17
25.


LaTeX Warning: Reference `Th:sdesignMSRD' on page 26 undefined on input line 17
25.


LaTeX Warning: Citation `santonastaso2022subspace' on page 26 undefined on inpu
t line 1729.


LaTeX Warning: Reference `th:applincollamento' on page 26 undefined on input li
ne 1738.


LaTeX Warning: Reference `th:existence1design' on page 26 undefined on input li
ne 1742.


LaTeX Warning: Reference `cor:dualofmaximumdesign' on page 26 undefined on inpu
t line 1742.


LaTeX Warning: Reference `th:applincollamento' on page 26 undefined on input li
ne 1742.


LaTeX Warning: Reference `th:existence1design' on page 26 undefined on input li
ne 1745.


LaTeX Warning: Reference `Th:sdesignMSRD' on page 26 undefined on input line 17
45.


LaTeX Warning: Reference `cor:maximum1designt>q-1particular' on page 26 undefin
ed on input line 1750.


LaTeX Warning: Reference `Th:sdesignMSRD' on page 26 undefined on input line 17
50.

[26] Excluding 'comment' comment.
No file 2308.00378_xelatex.bbl.
\Changes@OutFile=\write6
\openout6 = `2308.00378_xelatex.soc'.

\tf@loc=\write7
\openout7 = `2308.00378_xelatex.loc'.

[27]
(/Users/jovyntan/Desktop/work/fyp/exploration/diff_test_tex_engines/bin/compile
d_tex_pdf/2308.00378/2308.00378_xelatex.aux)

LaTeX Warning: There were undefined references.


LaTeX Warning: Label(s) may have changed. Rerun to get cross-references right.


Package rerunfilecheck Warning: File `2308.00378_xelatex.out' has changed.
(rerunfilecheck)                Rerun to get outlines right
(rerunfilecheck)                or use package `bookmark'.

Package rerunfilecheck Info: Checksums for `2308.00378_xelatex.out':
(rerunfilecheck)             Before: <no file>
(rerunfilecheck)             After:  225EA35EFA73DC83BDEF73EE45D456D9;5529.
 ) 
Here is how much of TeX's memory you used:
 22651 strings out of 476919
 407901 string characters out of 5821840
 735286 words of memory out of 5000000
 42034 multiletter control sequences out of 15000+600000
 415375 words of font info for 86 fonts, out of 8000000 for 9000
 1509 hyphenation exceptions out of 8191
 117i,12n,116p,982b,494s stack positions out of 5000i,500n,10000p,200000b,80000s

Output written on /Users/jovyntan/Desktop/work/fyp/exploration/diff_test_tex_en
gines/bin/compiled_tex_pdf/2308.00378/2308.00378_xelatex.pdf (27 pages).
