This is pdfTeX, Version 3.141592653-2.6-1.40.22 (TeX Live 2021) (preloaded format=pdflatex)
 restricted \write18 enabled.
entering extended mode
(./MAIN_double.tex
LaTeX2e <2020-10-01> patch level 4
L3 programming layer <2021-02-18> (./IEEEtranTCOM.cls
Document Class: IEEEtranTCOM 2007/03/05 V1.7a by Michael Shell
-- See the "IEEEtran_HOWTO" manual for usage information.
-- http://www.michaelshell.org/tex/ieeetran/
(/usr/local/texlive/2021/texmf-dist/tex/latex/psnfss/ot1ptm.fd)
-- Using 8.5in x 11in (letter) paper.
-- Using PDF output.
-- This is a 10 point document.
) (/usr/local/texlive/2021/texmf-dist/tex/latex/booktabs/booktabs.sty)
(/usr/local/texlive/2021/texmf-dist/tex/latex/multirow/multirow.sty)
(/usr/local/texlive/2021/texmf-dist/tex/latex/fancyhdr/fancyhdr.sty)
(/usr/local/texlive/2021/texmf-dist/tex/latex/filecontents/filecontents.sty

Package filecontents Warning: This package is obsolete. Disabling it and
(filecontents)                passing control to the filecontents environment
(filecontents)                defined by the LaTeX kernel.

) (/usr/local/texlive/2021/texmf-dist/tex/latex/xcolor/xcolor.sty
(/usr/local/texlive/2021/texmf-dist/tex/latex/graphics-cfg/color.cfg)
(/usr/local/texlive/2021/texmf-dist/tex/latex/graphics-def/pdftex.def)
(/usr/local/texlive/2021/texmf-dist/tex/latex/graphics/dvipsnam.def))
(/usr/local/texlive/2021/texmf-dist/tex/latex/overpic/overpic.sty
(/usr/local/texlive/2021/texmf-dist/tex/latex/graphics/graphicx.sty
(/usr/local/texlive/2021/texmf-dist/tex/latex/graphics/keyval.sty)
(/usr/local/texlive/2021/texmf-dist/tex/latex/graphics/graphics.sty
(/usr/local/texlive/2021/texmf-dist/tex/latex/graphics/trig.sty)
(/usr/local/texlive/2021/texmf-dist/tex/latex/graphics-cfg/graphics.cfg)))
(/usr/local/texlive/2021/texmf-dist/tex/latex/eepic/epic.sty
Enhancements to Picture Environment. Version 1.2 - Released June 1, 1986
)) (/usr/local/texlive/2021/texmf-dist/tex/latex/tools/tabularx.sty
(/usr/local/texlive/2021/texmf-dist/tex/latex/tools/array.sty))
(/usr/local/texlive/2021/texmf-dist/tex/latex/arydshln/arydshln.sty)
(/usr/local/texlive/2021/texmf-dist/tex/latex/tools/verbatim.sty)
(/usr/local/texlive/2021/texmf-dist/tex/latex/was/gensymb.sty)
(/usr/local/texlive/2021/texmf-dist/tex/latex/sttools/stfloats.sty)
(/usr/local/texlive/2021/texmf-dist/tex/latex/jknapltx/mathrsfs.sty)
(/usr/local/texlive/2021/texmf-dist/tex/latex/amsmath/amsmath.sty
For additional information on amsmath, use the `?' option.
(/usr/local/texlive/2021/texmf-dist/tex/latex/amsmath/amstext.sty
(/usr/local/texlive/2021/texmf-dist/tex/latex/amsmath/amsgen.sty))
(/usr/local/texlive/2021/texmf-dist/tex/latex/amsmath/amsbsy.sty)
(/usr/local/texlive/2021/texmf-dist/tex/latex/amsmath/amsopn.sty))
(/usr/local/texlive/2021/texmf-dist/tex/latex/amsfonts/amssymb.sty
(/usr/local/texlive/2021/texmf-dist/tex/latex/amsfonts/amsfonts.sty))
(/usr/local/texlive/2021/texmf-dist/tex/latex/algorithms/algorithmic.sty
(/usr/local/texlive/2021/texmf-dist/tex/latex/base/ifthen.sty))
(/usr/local/texlive/2021/texmf-dist/tex/latex/units/nicefrac.sty)
(/usr/local/texlive/2021/texmf-dist/tex/latex/base/textcomp.sty)
(/usr/local/texlive/2021/texmf-dist/tex/latex/algorithm2e/algorithm2e.sty
(/usr/local/texlive/2021/texmf-dist/tex/latex/ifoddpage/ifoddpage.sty)
(/usr/local/texlive/2021/texmf-dist/tex/latex/tools/xspace.sty)
(/usr/local/texlive/2021/texmf-dist/tex/latex/relsize/relsize.sty))
(/usr/local/texlive/2021/texmf-dist/tex/generic/ulem/ulem.sty)
(/usr/local/texlive/2021/texmf-dist/tex/latex/setspace/setspace.sty)
(/usr/local/texlive/2021/texmf-dist/tex/latex/mathtools/mathtools.sty
(/usr/local/texlive/2021/texmf-dist/tex/latex/tools/calc.sty)
(/usr/local/texlive/2021/texmf-dist/tex/latex/mathtools/mhsetup.sty))
(/usr/local/texlive/2021/texmf-dist/tex/latex/mhchem/mhchem.sty
(/usr/local/texlive/2021/texmf-dist/tex/latex/l3kernel/expl3.sty
(/usr/local/texlive/2021/texmf-dist/tex/latex/l3backend/l3backend-pdftex.def))
(/usr/local/texlive/2021/texmf-dist/tex/latex/l3packages/l3keys2e/l3keys2e.sty)
 (/usr/local/texlive/2021/texmf-dist/tex/latex/chemgreek/chemgreek.sty
(/usr/local/texlive/2021/texmf-dist/tex/latex/l3packages/xparse/xparse.sty
(/usr/local/texlive/2021/texmf-dist/tex/latex/l3packages/xparse/xparse-2020-10-
01.sty
(/usr/local/texlive/2021/texmf-dist/tex/latex/l3packages/xparse/xparse-generic.
tex))))) (/usr/local/texlive/2021/texmf-dist/tex/latex/float/float.sty)
(/usr/local/texlive/2021/texmf-dist/tex/latex/stmaryrd/stmaryrd.sty)
(/usr/local/texlive/2021/texmf-dist/tex/generic/soul/soul.sty)
(/usr/local/texlive/2021/texmf-dist/tex/latex/oberdiek/stackrel.sty
(/usr/local/texlive/2021/texmf-dist/tex/generic/etexcmds/etexcmds.sty
(/usr/local/texlive/2021/texmf-dist/tex/generic/infwarerr/infwarerr.sty)
(/usr/local/texlive/2021/texmf-dist/tex/generic/iftex/iftex.sty))
(/usr/local/texlive/2021/texmf-dist/tex/generic/pdftexcmds/pdftexcmds.sty
(/usr/local/texlive/2021/texmf-dist/tex/generic/ltxcmds/ltxcmds.sty)))
(/usr/local/texlive/2021/texmf-dist/tex/latex/epstopdf-pkg/epstopdf.sty
(/usr/local/texlive/2021/texmf-dist/tex/latex/grfext/grfext.sty
(/usr/local/texlive/2021/texmf-dist/tex/generic/kvdefinekeys/kvdefinekeys.sty))
 (/usr/local/texlive/2021/texmf-dist/tex/latex/kvoptions/kvoptions.sty
(/usr/local/texlive/2021/texmf-dist/tex/generic/kvsetkeys/kvsetkeys.sty))
(/usr/local/texlive/2021/texmf-dist/tex/latex/epstopdf-pkg/epstopdf-base.sty
(/usr/local/texlive/2021/texmf-dist/tex/latex/latexconfig/epstopdf-sys.cfg)))
(/usr/local/texlive/2021/texmf-dist/tex/latex/cite/cite.sty)
(/usr/local/texlive/2021/texmf-dist/tex/latex/subfig/subfig.sty
(/usr/local/texlive/2021/texmf-dist/tex/latex/caption/caption.sty
(/usr/local/texlive/2021/texmf-dist/tex/latex/caption/caption3.sty)

Package caption Warning: Unknown document class (or package),
(caption)                standard defaults will be used.
See the caption package documentation for explanation.

)) (/usr/local/texlive/2021/texmf-dist/tex/latex/pgf/frontendlayer/tikz.sty
(/usr/local/texlive/2021/texmf-dist/tex/latex/pgf/basiclayer/pgf.sty
(/usr/local/texlive/2021/texmf-dist/tex/latex/pgf/utilities/pgfrcs.sty
(/usr/local/texlive/2021/texmf-dist/tex/generic/pgf/utilities/pgfutil-common.te
x
(/usr/local/texlive/2021/texmf-dist/tex/generic/pgf/utilities/pgfutil-common-li
sts.tex))
(/usr/local/texlive/2021/texmf-dist/tex/generic/pgf/utilities/pgfutil-latex.def
) (/usr/local/texlive/2021/texmf-dist/tex/generic/pgf/utilities/pgfrcs.code.tex
(/usr/local/texlive/2021/texmf-dist/tex/generic/pgf/pgf.revision.tex)))
(/usr/local/texlive/2021/texmf-dist/tex/latex/pgf/basiclayer/pgfcore.sty
(/usr/local/texlive/2021/texmf-dist/tex/latex/pgf/systemlayer/pgfsys.sty
(/usr/local/texlive/2021/texmf-dist/tex/generic/pgf/systemlayer/pgfsys.code.tex
(/usr/local/texlive/2021/texmf-dist/tex/generic/pgf/utilities/pgfkeys.code.tex
(/usr/local/texlive/2021/texmf-dist/tex/generic/pgf/utilities/pgfkeysfiltered.c
ode.tex))
(/usr/local/texlive/2021/texmf-dist/tex/generic/pgf/systemlayer/pgf.cfg)
(/usr/local/texlive/2021/texmf-dist/tex/generic/pgf/systemlayer/pgfsys-pdftex.d
ef
(/usr/local/texlive/2021/texmf-dist/tex/generic/pgf/systemlayer/pgfsys-common-p
df.def)))
(/usr/local/texlive/2021/texmf-dist/tex/generic/pgf/systemlayer/pgfsyssoftpath.
code.tex)
(/usr/local/texlive/2021/texmf-dist/tex/generic/pgf/systemlayer/pgfsysprotocol.
code.tex))
(/usr/local/texlive/2021/texmf-dist/tex/generic/pgf/basiclayer/pgfcore.code.tex
(/usr/local/texlive/2021/texmf-dist/tex/generic/pgf/math/pgfmath.code.tex
(/usr/local/texlive/2021/texmf-dist/tex/generic/pgf/math/pgfmathcalc.code.tex
(/usr/local/texlive/2021/texmf-dist/tex/generic/pgf/math/pgfmathutil.code.tex)
(/usr/local/texlive/2021/texmf-dist/tex/generic/pgf/math/pgfmathparser.code.tex
)
(/usr/local/texlive/2021/texmf-dist/tex/generic/pgf/math/pgfmathfunctions.code.
tex
(/usr/local/texlive/2021/texmf-dist/tex/generic/pgf/math/pgfmathfunctions.basic
.code.tex)
(/usr/local/texlive/2021/texmf-dist/tex/generic/pgf/math/pgfmathfunctions.trigo
nometric.code.tex)
(/usr/local/texlive/2021/texmf-dist/tex/generic/pgf/math/pgfmathfunctions.rando
m.code.tex)
(/usr/local/texlive/2021/texmf-dist/tex/generic/pgf/math/pgfmathfunctions.compa
rison.code.tex)
(/usr/local/texlive/2021/texmf-dist/tex/generic/pgf/math/pgfmathfunctions.base.
code.tex)
(/usr/local/texlive/2021/texmf-dist/tex/generic/pgf/math/pgfmathfunctions.round
.code.tex)
(/usr/local/texlive/2021/texmf-dist/tex/generic/pgf/math/pgfmathfunctions.misc.
code.tex)
(/usr/local/texlive/2021/texmf-dist/tex/generic/pgf/math/pgfmathfunctions.integ
erarithmetics.code.tex)))
(/usr/local/texlive/2021/texmf-dist/tex/generic/pgf/math/pgfmathfloat.code.tex)
) (/usr/local/texlive/2021/texmf-dist/tex/generic/pgf/math/pgfint.code.tex)
(/usr/local/texlive/2021/texmf-dist/tex/generic/pgf/basiclayer/pgfcorepoints.co
de.tex)
(/usr/local/texlive/2021/texmf-dist/tex/generic/pgf/basiclayer/pgfcorepathconst
ruct.code.tex)
(/usr/local/texlive/2021/texmf-dist/tex/generic/pgf/basiclayer/pgfcorepathusage
.code.tex)
(/usr/local/texlive/2021/texmf-dist/tex/generic/pgf/basiclayer/pgfcorescopes.co
de.tex)
(/usr/local/texlive/2021/texmf-dist/tex/generic/pgf/basiclayer/pgfcoregraphicst
ate.code.tex)
(/usr/local/texlive/2021/texmf-dist/tex/generic/pgf/basiclayer/pgfcoretransform
ations.code.tex)
(/usr/local/texlive/2021/texmf-dist/tex/generic/pgf/basiclayer/pgfcorequick.cod
e.tex)
(/usr/local/texlive/2021/texmf-dist/tex/generic/pgf/basiclayer/pgfcoreobjects.c
ode.tex)
(/usr/local/texlive/2021/texmf-dist/tex/generic/pgf/basiclayer/pgfcorepathproce
ssing.code.tex)
(/usr/local/texlive/2021/texmf-dist/tex/generic/pgf/basiclayer/pgfcorearrows.co
de.tex)
(/usr/local/texlive/2021/texmf-dist/tex/generic/pgf/basiclayer/pgfcoreshade.cod
e.tex)
(/usr/local/texlive/2021/texmf-dist/tex/generic/pgf/basiclayer/pgfcoreimage.cod
e.tex
(/usr/local/texlive/2021/texmf-dist/tex/generic/pgf/basiclayer/pgfcoreexternal.
code.tex))
(/usr/local/texlive/2021/texmf-dist/tex/generic/pgf/basiclayer/pgfcorelayers.co
de.tex)
(/usr/local/texlive/2021/texmf-dist/tex/generic/pgf/basiclayer/pgfcoretranspare
ncy.code.tex)
(/usr/local/texlive/2021/texmf-dist/tex/generic/pgf/basiclayer/pgfcorepatterns.
code.tex)
(/usr/local/texlive/2021/texmf-dist/tex/generic/pgf/basiclayer/pgfcorerdf.code.
tex)))
(/usr/local/texlive/2021/texmf-dist/tex/generic/pgf/modules/pgfmoduleshapes.cod
e.tex)
(/usr/local/texlive/2021/texmf-dist/tex/generic/pgf/modules/pgfmoduleplot.code.
tex)
(/usr/local/texlive/2021/texmf-dist/tex/latex/pgf/compatibility/pgfcomp-version
-0-65.sty)
(/usr/local/texlive/2021/texmf-dist/tex/latex/pgf/compatibility/pgfcomp-version
-1-18.sty))
(/usr/local/texlive/2021/texmf-dist/tex/latex/pgf/utilities/pgffor.sty
(/usr/local/texlive/2021/texmf-dist/tex/latex/pgf/utilities/pgfkeys.sty
(/usr/local/texlive/2021/texmf-dist/tex/generic/pgf/utilities/pgfkeys.code.tex)
) (/usr/local/texlive/2021/texmf-dist/tex/latex/pgf/math/pgfmath.sty
(/usr/local/texlive/2021/texmf-dist/tex/generic/pgf/math/pgfmath.code.tex))
(/usr/local/texlive/2021/texmf-dist/tex/generic/pgf/utilities/pgffor.code.tex
(/usr/local/texlive/2021/texmf-dist/tex/generic/pgf/math/pgfmath.code.tex)))
(/usr/local/texlive/2021/texmf-dist/tex/generic/pgf/frontendlayer/tikz/tikz.cod
e.tex
(/usr/local/texlive/2021/texmf-dist/tex/generic/pgf/libraries/pgflibraryplothan
dlers.code.tex)
(/usr/local/texlive/2021/texmf-dist/tex/generic/pgf/modules/pgfmodulematrix.cod
e.tex)
(/usr/local/texlive/2021/texmf-dist/tex/generic/pgf/frontendlayer/tikz/librarie
s/tikzlibrarytopaths.code.tex)))
(/usr/local/texlive/2021/texmf-dist/tex/generic/pgf/frontendlayer/tikz/librarie
s/tikzlibraryautomata.code.tex
(/usr/local/texlive/2021/texmf-dist/tex/generic/pgf/frontendlayer/tikz/librarie
s/tikzlibraryshapes.multipart.code.tex
(/usr/local/texlive/2021/texmf-dist/tex/generic/pgf/libraries/shapes/pgflibrary
shapes.multipart.code.tex)))
(/usr/local/texlive/2021/texmf-dist/tex/generic/pgf/frontendlayer/tikz/librarie
s/tikzlibraryarrows.code.tex
(/usr/local/texlive/2021/texmf-dist/tex/generic/pgf/libraries/pgflibraryarrows.
code.tex))
(/usr/local/texlive/2021/texmf-dist/tex/generic/pgf/frontendlayer/tikz/librarie
s/tikzlibrarypositioning.code.tex)
(/usr/local/texlive/2021/texmf-dist/tex/generic/pgf/frontendlayer/tikz/librarie
s/tikzlibrarycalc.code.tex)
(/usr/local/texlive/2021/texmf-dist/tex/latex/bigints/bigints.sty)
(/usr/local/texlive/2021/texmf-dist/tex/latex/bbm-macros/bbm.sty)
(/usr/local/texlive/2021/texmf-dist/tex/latex/doublestroke/dsfont.sty)
No file 2308.03042_pdflatex.aux.
(/usr/local/texlive/2021/texmf-dist/tex/context/base/mkii/supp-pdf.mkii
[Loading MPS to PDF converter (version 2006.09.02).]
)
Underfull \hbox (badness 10000) in paragraph at lines 153--153
[][][]\OT1/ptm/m/n/8 F. Vak-ilipoor, L. Bar-letta, S. Bregni, and M. Ma-g-a-rin
i are

Underfull \hbox (badness 10000) in paragraph at lines 153--153
\OT1/ptm/m/n/8 with the De-part-ment of Elec-tron-ics, In-for-ma-tion and Bio-e
ngi-

Underfull \hbox (badness 6792) in paragraph at lines 153--153
\OT1/ptm/m/n/8 neer-ing, Po-litec-nico di Mi-lano, I-20133, Mi-lan, Italy e-mai
l: far-

LaTeX Warning: Citation `zhao2021release' on page 1 undefined on input line 171
.


LaTeX Warning: Citation `rudsari2021targeted' on page 1 undefined on input line
 171.


LaTeX Warning: Citation `jamali2019channel' on page 1 undefined on input line 1
73.


LaTeX Warning: Citation `shannon1948mathematical' on page 1 undefined on input 
line 177.


LaTeX Warning: Citation `gohari2016information' on page 1 undefined on input li
ne 177.


LaTeX Warning: Citation `rose2016inscribed' on page 1 undefined on input line 1
79.


LaTeX Warning: Citation `farsad2018capacity' on page 1 undefined on input line 
179.


LaTeX Warning: Citation `farsad2020capacities' on page 1 undefined on input lin
e 181.


LaTeX Warning: Citation `pierobon2012capacity' on page 1 undefined on input lin
e 183.


LaTeX Warning: Citation `einolghozati2011capacity' on page 1 undefined on input
 line 185.


LaTeX Warning: Citation `tahmasbi2015capacity' on page 1 undefined on input lin
e 185.


LaTeX Warning: Citation `aminian2015capacity' on page 1 undefined on input line
 185.


LaTeX Warning: Citation `ghavami2015information' on page 1 undefined on input l
ine 187.


LaTeX Warning: Citation `ratti2020upper' on page 1 undefined on input line 187.


[1{/usr/local/texlive/2021/texmf-var/fonts/map/pdftex/updmap/pdftex.map}]

LaTeX Warning: Citation `ratti2021bounds' on page 2 undefined on input line 189
.


LaTeX Warning: Citation `liu2020channel' on page 2 undefined on input line 191.



LaTeX Warning: Citation `ghavami2015information' on page 2 undefined on input l
ine 197.


LaTeX Warning: Citation `mukherjee2002regulation' on page 2 undefined on input 
line 200.

(/usr/local/texlive/2021/texmf-dist/tex/latex/jknapltx/ursfs.fd)
(/usr/local/texlive/2021/texmf-dist/tex/latex/amsfonts/umsa.fd)
(/usr/local/texlive/2021/texmf-dist/tex/latex/amsfonts/umsb.fd)
(/usr/local/texlive/2021/texmf-dist/tex/latex/stmaryrd/Ustmry.fd)
(/usr/local/texlive/2021/texmf-dist/tex/latex/psnfss/ts1ptm.fd)

LaTeX Warning: Reference `sec:system_model' on page 2 undefined on input line 2
14.


LaTeX Warning: Reference `sec:capacity' on page 2 undefined on input line 214.


LaTeX Warning: Reference `sec:simulation_results' on page 2 undefined on input 
line 214.


LaTeX Warning: Reference `sec:conclusion' on page 2 undefined on input line 214
.


Underfull \vbox (badness 10000) has occurred while \output is active [2]

LaTeX Warning: Citation `upadhyay2019emerging' on page 3 undefined on input lin
e 236.


LaTeX Warning: Citation `tyrrell2013diffusion' on page 3 undefined on input lin
e 236.


LaTeX Warning: Citation `awan2017improving' on page 3 undefined on input line 2
38.


LaTeX Warning: Citation `crank1975mathematics' on page 3 undefined on input lin
e 242.


LaTeX Warning: Reference `eq:2nd Fick' on page 3 undefined on input line 251.


LaTeX Warning: Citation `schulten2000lectures' on page 3 undefined on input lin
e 251.


LaTeX Warning: Reference `eq:pi' on page 3 undefined on input line 269.


LaTeX Warning: Reference `eq:CNAP' on page 3 undefined on input line 269.

[3]

LaTeX Warning: Reference `eq:alpha_criterion' on page 4 undefined on input line
 279.


LaTeX Warning: Citation `conte2017elementary' on page 4 undefined on input line
 279.


LaTeX Warning: Reference `fig:CNAP' on page 4 undefined on input line 281.


LaTeX Warning: Reference `eq:CNAP' on page 4 undefined on input line 281.


LaTeX Warning: Reference `tab:param' on page 4 undefined on input line 281.


LaTeX Warning: Reference `tab:param' on page 4 undefined on input line 286.


LaTeX Warning: Reference `tab:param' on page 4 undefined on input line 286.


LaTeX Warning: Reference `fig:alpha_memory' on page 4 undefined on input line 2
90.


LaTeX Warning: Reference `eq:pi' on page 4 undefined on input line 290.


LaTeX Warning: Reference `eq:alpha_criterion' on page 4 undefined on input line
 290.


LaTeX Warning: Reference `eq:pi' on page 4 undefined on input line 298.


LaTeX Warning: Reference `eq:alpha_criterion' on page 4 undefined on input line
 298.


LaTeX Warning: Reference `eq:pi' on page 4 undefined on input line 298.


LaTeX Warning: Reference `eq:alpha_criterion' on page 4 undefined on input line
 298.


LaTeX Warning: Reference `eq:dominantDiag' on page 4 undefined on input line 32
1.

[4 <./Figures/CNAP-eps-converted-to.pdf>]
Underfull \hbox (badness 1577) in paragraph at lines 361--365
\OT1/ptm/m/n/10 Let the vec-tor $\OML/cmm/m/it/10 s[]$$ \OMS/cmsy/m/n/10 2 $$f\
OT1/cmr/m/n/10 0\OML/cmm/m/it/10 ; \OT1/cmr/m/n/10 1\OMS/cmsy/m/n/10 g[]$ \OT1/
ptm/m/n/10 be a re-al-iza-tion of

Underfull \vbox (badness 10000) has occurred while \output is active [5 <./Figu
res/pi_a-eps-converted-to.pdf> <./Figures/pi_b-eps-converted-to.pdf> <./Figures
/pi_c-eps-converted-to.pdf>]

LaTeX Warning: Reference `sec:system_model' on page 6 undefined on input line 4
33.


LaTeX Warning: Reference `fig:CNAP' on page 6 undefined on input line 433.


LaTeX Warning: Citation `arnold2003simulation' on page 6 undefined on input lin
e 445.


LaTeX Warning: Reference `eq:MIn' on page 6 undefined on input line 454.


LaTeX Warning: Reference `eq:Hs' on page 6 undefined on input line 463.

[6]

LaTeX Warning: Reference `eq:sourceH' on page 7 undefined on input line 534.


LaTeX Warning: Reference `eq:MIn' on page 7 undefined on input line 534.


LaTeX Warning: Reference `sec:system_model' on page 7 undefined on input line 5
76.


Underfull \vbox (badness 10000) has occurred while \output is active

LaTeX Warning: Reference `eq:PA|BC' on page 7 undefined on input line 597.


LaTeX Warning: Reference `FirstAppendix' on page 7 undefined on input line 597.



LaTeX Warning: Reference `eq:hatSJpreS' on page 7 undefined on input line 618.


LaTeX Warning: Reference `eq:MKVmat' on page 7 undefined on input line 618.


LaTeX Warning: Reference `eq:I_ISIA_CRR' on page 7 undefined on input line 625.



Underfull \vbox (badness 4752) has occurred while \output is active [7]

LaTeX Warning: Reference `eq:hatSGSi' on page 8 undefined on input line 695.


LaTeX Warning: Reference `eq:SiJhatS' on page 8 undefined on input line 695.


LaTeX Warning: Reference `eq:I_ISIU_CRR' on page 8 undefined on input line 714.



Overfull \hbox (2.16798pt too wide) detected at line 738
[]

Underfull \vbox (badness 10000) has occurred while \output is active

LaTeX Warning: Reference `eq:SGpreShatS' on page 8 undefined on input line 753.



LaTeX Warning: Reference `eq:hatSJpreS' on page 8 undefined on input line 753.


LaTeX Warning: Reference `eq:I_ISIA_IND' on page 8 undefined on input line 757.



LaTeX Warning: Reference `sec:2.1.2' on page 8 undefined on input line 789.


LaTeX Warning: Reference `eq:indSrc' on page 8 undefined on input line 789.


LaTeX Warning: Reference `eq:I_ISIU_IND' on page 8 undefined on input line 789.



LaTeX Warning: Reference `tab:param' on page 8 undefined on input line 824.


LaTeX Warning: Citation `vakilipoor2022asymptotic' on page 8 undefined on input
 line 824.


LaTeX Warning: Reference `eq:valid_apx' on page 8 undefined on input line 824.

[8]

LaTeX Warning: Reference `fig:Capacity' on page 9 undefined on input line 864.


LaTeX Warning: Reference `eq:capacity' on page 9 undefined on input line 864.


LaTeX Warning: Reference `fig:C_ISIA_CRR_Tsym3e-1' on page 9 undefined on input
 line 883.


LaTeX Warning: Reference `eq:pi0stationany' on page 9 undefined on input line 8
85.


LaTeX Warning: Reference `eq:pi1stationany' on page 9 undefined on input line 8
85.

[9]

LaTeX Warning: Reference `fig:C_ISIU_CRR_Tsym3e-1' on page 10 undefined on inpu
t line 896.


LaTeX Warning: Reference `fig:C_ISIA_CRR_Tsym3e-1' on page 10 undefined on inpu
t line 896.


LaTeX Warning: Reference `fig:C_ISIU_CRR_Tsym3e-1' on page 10 undefined on inpu
t line 896.


LaTeX Warning: Reference `fig:C_ISIA_CRR_Tsym7e-1' on page 10 undefined on inpu
t line 896.


LaTeX Warning: Reference `fig:C_ISIU_CRR_Tsym7e-1' on page 10 undefined on inpu
t line 896.


LaTeX Warning: Reference `fig:IND_AWARE' on page 10 undefined on input line 896
.


LaTeX Warning: Reference `fig:IND_UNAWARE' on page 10 undefined on input line 8
96.


LaTeX Warning: Reference `fig:C_ISIA_CRR_Tsym3e-1' on page 10 undefined on inpu
t line 900.

[10 <./Figures/OPTAIR_vs_Tsym-eps-converted-to.pdf> <./Figures/ISIA_CRR_Tsym3e-
1-eps-converted-to.pdf> <./Figures/ISIU_CRR_Tsym3e-1-eps-converted-to.pdf>]

LaTeX Warning: Reference `fig:C_ISIA_CRR_Tsym7e-1' on page 11 undefined on inpu
t line 911.


LaTeX Warning: Reference `fig:C_ISIA_CRR_Tsym3e-1' on page 11 undefined on inpu
t line 911.


LaTeX Warning: Reference `fig:C_ISIA_CRR_Tsym3e-1' on page 11 undefined on inpu
t line 913.


LaTeX Warning: Reference `fig:C_ISIA_CRR_Tsym7e-1' on page 11 undefined on inpu
t line 913.


LaTeX Warning: Reference `fig:C_ISIU_CRR_Tsym7e-1' on page 11 undefined on inpu
t line 924.


LaTeX Warning: Reference `fig:C_ISIU_CRR_Tsym3e-1' on page 11 undefined on inpu
t line 924.


LaTeX Warning: Reference `fig:C_ISIU_CRR_Tsym3e-1' on page 11 undefined on inpu
t line 926.


LaTeX Warning: Reference `fig:C_ISIU_CRR_Tsym3e-1' on page 11 undefined on inpu
t line 926.


LaTeX Warning: Reference `fig:C_ISIA_CRR_Tsym3e-1' on page 11 undefined on inpu
t line 933.


LaTeX Warning: Reference `fig:C_ISIU_CRR_Tsym3e-1' on page 11 undefined on inpu
t line 933.


LaTeX Warning: Reference `fig:C_ISIA_CRR_Tsym3e-1' on page 11 undefined on inpu
t line 933.


LaTeX Warning: Reference `fig:C_ISIU_CRR_Tsym3e-1' on page 11 undefined on inpu
t line 933.


LaTeX Warning: Reference `fig:Diff_C_ISI_CRR_Tsym3e-1' on page 11 undefined on 
input line 937.


LaTeX Warning: Reference `fig:C_ISIA_CRR_Tsym3e-1' on page 11 undefined on inpu
t line 937.


LaTeX Warning: Reference `fig:C_ISIU_CRR_Tsym3e-1' on page 11 undefined on inpu
t line 937.


LaTeX Warning: Reference `eq:ISIA<ISIU' on page 11 undefined on input line 937.



LaTeX Warning: Reference `fig:IND_AWARE' on page 11 undefined on input line 951
.


LaTeX Warning: Reference `fig:Capacity' on page 11 undefined on input line 951.



LaTeX Warning: Reference `fig:Cross_AIR_ISIA_Tsym' on page 11 undefined on inpu
t line 953.


LaTeX Warning: Reference `fig:IND_AWARE' on page 11 undefined on input line 953
.


Underfull \hbox (badness 10000) in paragraph at lines 958--958
[]\OT1/ptm/m/n/10 Fig. 10: |AIR val-ues cor-re-spond-ing to $\OML/cmm/m/it/10 T
[]$$ \OMS/cmsy/m/n/10 2

Underfull \hbox (badness 1377) in paragraph at lines 958--958
\OMS/cmsy/m/n/10 f\OT1/cmr/m/n/10 0\OML/cmm/m/it/10 :\OT1/cmr/m/n/10 30\OML/cmm
/m/it/10 ; \OT1/cmr/m/n/10 0\OML/cmm/m/it/10 :\OT1/cmr/m/n/10 45\OML/cmm/m/it/1
0 ; \OT1/cmr/m/n/10 0\OML/cmm/m/it/10 :\OT1/cmr/m/n/10 60\OML/cmm/m/it/10 ; \OT
1/cmr/m/n/10 0\OML/cmm/m/it/10 :\OT1/cmr/m/n/10 75\OML/cmm/m/it/10 ; \OT1/cmr/m
/n/10 0\OML/cmm/m/it/10 :\OT1/cmr/m/n/10 90\OMS/cmsy/m/n/10 g$\OT1/ptm/m/n/10 s
 when the source is of the
[11 <./Figures/ISIA_CRR_Tsym7e-1-eps-converted-to.pdf> <./Figures/ISIU_CRR_Tsym
7e-1-eps-converted-to.pdf> <./Figures/DIFF_ISI_CRR_Tsym3e-1-eps-converted-to.pd
f>]

LaTeX Warning: Reference `fig:IND_UNAWARE' on page 12 undefined on input line 9
72.


LaTeX Warning: Reference `fig:IND_AWARE' on page 12 undefined on input line 972
.


LaTeX Warning: Reference `fig:IND_AWARE' on page 12 undefined on input line 972
.


LaTeX Warning: Reference `fig:IND_UNAWARE' on page 12 undefined on input line 9
72.


LaTeX Warning: Reference `fig:Cross_IND_UNAWARE' on page 12 undefined on input 
line 972.


LaTeX Warning: Reference `fig:Cross_AIR_ISIA_Tsym' on page 12 undefined on inpu
t line 972.


LaTeX Warning: Reference `fig:Cross_AIR_ISIA_Tsym' on page 12 undefined on inpu
t line 972.


Underfull \hbox (badness 10000) in paragraph at lines 976--976
[]\OT1/ptm/m/n/10 Fig. 12: |AIR val-ues cor-re-spond-ing to $\OML/cmm/m/it/10 T
[]$$ \OMS/cmsy/m/n/10 2

Underfull \hbox (badness 1377) in paragraph at lines 976--976
\OMS/cmsy/m/n/10 f\OT1/cmr/m/n/10 0\OML/cmm/m/it/10 :\OT1/cmr/m/n/10 30\OML/cmm
/m/it/10 ; \OT1/cmr/m/n/10 0\OML/cmm/m/it/10 :\OT1/cmr/m/n/10 45\OML/cmm/m/it/1
0 ; \OT1/cmr/m/n/10 0\OML/cmm/m/it/10 :\OT1/cmr/m/n/10 60\OML/cmm/m/it/10 ; \OT
1/cmr/m/n/10 0\OML/cmm/m/it/10 :\OT1/cmr/m/n/10 75\OML/cmm/m/it/10 ; \OT1/cmr/m
/n/10 0\OML/cmm/m/it/10 :\OT1/cmr/m/n/10 90\OMS/cmsy/m/n/10 g$\OT1/ptm/m/n/10 s
 when the source is of the
[12 <./Figures/AIR_INDP_Aware-eps-converted-to.pdf> <./Figures/cross_AIR_IND_AW
ARE-eps-converted-to.pdf> <./Figures/AIR_INDP_Unaware-eps-converted-to.pdf> <./
Figures/cross_AIR_IND_UNAWARE-eps-converted-to.pdf>]
No file 2308.03042_pdflatex.bbl.
[13]
(/Users/jovyntan/Desktop/work/fyp/exploration/diff_test_tex_engines/bin/compile
d_tex_pdf/2308.03042/2308.03042_pdflatex.aux)

LaTeX Warning: There were undefined references.


LaTeX Warning: Label(s) may have changed. Rerun to get cross-references right.

 )
(see the transcript file for additional information){/usr/local/texlive/2021/te
xmf-dist/fonts/enc/dvips/base/8r.enc}</usr/local/texlive/2021/texmf-dist/fonts/
type1/public/amsfonts/cm/cmex10.pfb></usr/local/texlive/2021/texmf-dist/fonts/t
ype1/public/amsfonts/cm/cmmi10.pfb></usr/local/texlive/2021/texmf-dist/fonts/ty
pe1/public/amsfonts/cm/cmmi5.pfb></usr/local/texlive/2021/texmf-dist/fonts/type
1/public/amsfonts/cm/cmmi7.pfb></usr/local/texlive/2021/texmf-dist/fonts/type1/
public/amsfonts/cm/cmmi8.pfb></usr/local/texlive/2021/texmf-dist/fonts/type1/pu
blic/amsfonts/cm/cmr10.pfb></usr/local/texlive/2021/texmf-dist/fonts/type1/publ
ic/amsfonts/cm/cmr5.pfb></usr/local/texlive/2021/texmf-dist/fonts/type1/public/
amsfonts/cm/cmr7.pfb></usr/local/texlive/2021/texmf-dist/fonts/type1/public/ams
fonts/cm/cmr8.pfb></usr/local/texlive/2021/texmf-dist/fonts/type1/public/amsfon
ts/cm/cmsy10.pfb></usr/local/texlive/2021/texmf-dist/fonts/type1/public/amsfont
s/cm/cmsy5.pfb></usr/local/texlive/2021/texmf-dist/fonts/type1/public/amsfonts/
cm/cmsy7.pfb></usr/local/texlive/2021/texmf-dist/fonts/type1/public/amsfonts/cm
/cmtt10.pfb></usr/local/texlive/2021/texmf-dist/fonts/type1/public/amsfonts/cm/
cmtt8.pfb></usr/local/texlive/2021/texmf-dist/fonts/type1/public/amsfonts/symbo
ls/msam10.pfb></usr/local/texlive/2021/texmf-dist/fonts/type1/public/amsfonts/s
ymbols/msbm10.pfb></usr/local/texlive/2021/texmf-dist/fonts/type1/urw/times/utm
b8a.pfb></usr/local/texlive/2021/texmf-dist/fonts/type1/urw/times/utmbi8a.pfb><
/usr/local/texlive/2021/texmf-dist/fonts/type1/urw/times/utmr8a.pfb></usr/local
/texlive/2021/texmf-dist/fonts/type1/urw/times/utmri8a.pfb>
Output written on /Users/jovyntan/Desktop/work/fyp/exploration/diff_test_tex_en
gines/bin/compiled_tex_pdf/2308.03042/2308.03042_pdflatex.pdf (13 pages, 225546
5 bytes).
Transcript written on /Users/jovyntan/Desktop/work/fyp/exploration/diff_test_te
x_engines/bin/compiled_tex_pdf/2308.03042/2308.03042_pdflatex.log.
