This is pdfTeX, Version 3.141592653-2.6-1.40.22 (TeX Live 2021) (preloaded format=pdflatex 2021.12.5)  20 AUG 2023 02:11
entering extended mode
 restricted \write18 enabled.
 %&-line parsing enabled.
**conference_101719.tex
(./conference_101719.tex
LaTeX2e <2020-10-01> patch level 4
L3 programming layer <2021-02-18> (./IEEEtran.cls
Document Class: IEEEtran 2015/08/26 V1.8b by Michael Shell
-- See the "IEEEtran_HOWTO" manual for usage information.
-- http://www.michaelshell.org/tex/ieeetran/
\@IEEEtrantmpdimenA=\dimen138
\@IEEEtrantmpdimenB=\dimen139
\@IEEEtrantmpdimenC=\dimen140
\@IEEEtrantmpcountA=\count179
\@IEEEtrantmpcountB=\count180
\@IEEEtrantmpcountC=\count181
\@IEEEtrantmptoksA=\toks15
LaTeX Font Info:    Trying to load font information for OT1+ptm on input line 5
03.
(/usr/local/texlive/2021/texmf-dist/tex/latex/psnfss/ot1ptm.fd
File: ot1ptm.fd 2001/06/04 font definitions for OT1/ptm.
)
-- Using 8.5in x 11in (letter) paper.
-- Using PDF output.
\@IEEEnormalsizeunitybaselineskip=\dimen141
-- This is a 10 point document.
\CLASSINFOnormalsizebaselineskip=\dimen142
\CLASSINFOnormalsizeunitybaselineskip=\dimen143
\IEEEnormaljot=\dimen144
LaTeX Font Info:    Font shape `OT1/ptm/bx/n' in size <5> not available
(Font)              Font shape `OT1/ptm/b/n' tried instead on input line 1090.
LaTeX Font Info:    Font shape `OT1/ptm/bx/it' in size <5> not available
(Font)              Font shape `OT1/ptm/b/it' tried instead on input line 1090.

LaTeX Font Info:    Font shape `OT1/ptm/bx/n' in size <7> not available
(Font)              Font shape `OT1/ptm/b/n' tried instead on input line 1090.
LaTeX Font Info:    Font shape `OT1/ptm/bx/it' in size <7> not available
(Font)              Font shape `OT1/ptm/b/it' tried instead on input line 1090.

LaTeX Font Info:    Font shape `OT1/ptm/bx/n' in size <8> not available
(Font)              Font shape `OT1/ptm/b/n' tried instead on input line 1090.
LaTeX Font Info:    Font shape `OT1/ptm/bx/it' in size <8> not available
(Font)              Font shape `OT1/ptm/b/it' tried instead on input line 1090.

LaTeX Font Info:    Font shape `OT1/ptm/bx/n' in size <9> not available
(Font)              Font shape `OT1/ptm/b/n' tried instead on input line 1090.
LaTeX Font Info:    Font shape `OT1/ptm/bx/it' in size <9> not available
(Font)              Font shape `OT1/ptm/b/it' tried instead on input line 1090.

LaTeX Font Info:    Font shape `OT1/ptm/bx/n' in size <10> not available
(Font)              Font shape `OT1/ptm/b/n' tried instead on input line 1090.
LaTeX Font Info:    Font shape `OT1/ptm/bx/it' in size <10> not available
(Font)              Font shape `OT1/ptm/b/it' tried instead on input line 1090.

LaTeX Font Info:    Font shape `OT1/ptm/bx/n' in size <11> not available
(Font)              Font shape `OT1/ptm/b/n' tried instead on input line 1090.
LaTeX Font Info:    Font shape `OT1/ptm/bx/it' in size <11> not available
(Font)              Font shape `OT1/ptm/b/it' tried instead on input line 1090.

LaTeX Font Info:    Font shape `OT1/ptm/bx/n' in size <12> not available
(Font)              Font shape `OT1/ptm/b/n' tried instead on input line 1090.
LaTeX Font Info:    Font shape `OT1/ptm/bx/it' in size <12> not available
(Font)              Font shape `OT1/ptm/b/it' tried instead on input line 1090.

LaTeX Font Info:    Font shape `OT1/ptm/bx/n' in size <17> not available
(Font)              Font shape `OT1/ptm/b/n' tried instead on input line 1090.
LaTeX Font Info:    Font shape `OT1/ptm/bx/it' in size <17> not available
(Font)              Font shape `OT1/ptm/b/it' tried instead on input line 1090.

LaTeX Font Info:    Font shape `OT1/ptm/bx/n' in size <20> not available
(Font)              Font shape `OT1/ptm/b/n' tried instead on input line 1090.
LaTeX Font Info:    Font shape `OT1/ptm/bx/it' in size <20> not available
(Font)              Font shape `OT1/ptm/b/it' tried instead on input line 1090.

LaTeX Font Info:    Font shape `OT1/ptm/bx/n' in size <24> not available
(Font)              Font shape `OT1/ptm/b/n' tried instead on input line 1090.
LaTeX Font Info:    Font shape `OT1/ptm/bx/it' in size <24> not available
(Font)              Font shape `OT1/ptm/b/it' tried instead on input line 1090.

\IEEEquantizedlength=\dimen145
\IEEEquantizedlengthdiff=\dimen146
\IEEEquantizedtextheightdiff=\dimen147
\IEEEilabelindentA=\dimen148
\IEEEilabelindentB=\dimen149
\IEEEilabelindent=\dimen150
\IEEEelabelindent=\dimen151
\IEEEdlabelindent=\dimen152
\IEEElabelindent=\dimen153
\IEEEiednormlabelsep=\dimen154
\IEEEiedmathlabelsep=\dimen155
\IEEEiedtopsep=\skip47
\c@section=\count182
\c@subsection=\count183
\c@subsubsection=\count184
\c@paragraph=\count185
\c@IEEEsubequation=\count186
\abovecaptionskip=\skip48
\belowcaptionskip=\skip49
\c@figure=\count187
\c@table=\count188
\@IEEEeqnnumcols=\count189
\@IEEEeqncolcnt=\count190
\@IEEEsubeqnnumrollback=\count191
\@IEEEquantizeheightA=\dimen156
\@IEEEquantizeheightB=\dimen157
\@IEEEquantizeheightC=\dimen158
\@IEEEquantizeprevdepth=\dimen159
\@IEEEquantizemultiple=\count192
\@IEEEquantizeboxA=\box47
\@IEEEtmpitemindent=\dimen160
\IEEEPARstartletwidth=\dimen161
\c@IEEEbiography=\count193
\@IEEEtranrubishbin=\box48
)
** ATTENTION: Overriding command lockouts (line 2).
(/usr/local/texlive/2021/texmf-dist/tex/latex/cite/cite.sty
LaTeX Info: Redefining \cite on input line 302.
LaTeX Info: Redefining \nocite on input line 332.
Package: cite 2015/02/27  v 5.5
)
(/usr/local/texlive/2021/texmf-dist/tex/latex/amsmath/amsmath.sty
Package: amsmath 2020/09/23 v2.17i AMS math features
\@mathmargin=\skip50

For additional information on amsmath, use the `?' option.
(/usr/local/texlive/2021/texmf-dist/tex/latex/amsmath/amstext.sty
Package: amstext 2000/06/29 v2.01 AMS text

(/usr/local/texlive/2021/texmf-dist/tex/latex/amsmath/amsgen.sty
File: amsgen.sty 1999/11/30 v2.0 generic functions
\@emptytoks=\toks16
\ex@=\dimen162
))
(/usr/local/texlive/2021/texmf-dist/tex/latex/amsmath/amsbsy.sty
Package: amsbsy 1999/11/29 v1.2d Bold Symbols
\pmbraise@=\dimen163
)
(/usr/local/texlive/2021/texmf-dist/tex/latex/amsmath/amsopn.sty
Package: amsopn 2016/03/08 v2.02 operator names
)
\inf@bad=\count194
LaTeX Info: Redefining \frac on input line 234.
\uproot@=\count195
\leftroot@=\count196
LaTeX Info: Redefining \overline on input line 399.
\classnum@=\count197
\DOTSCASE@=\count198
LaTeX Info: Redefining \ldots on input line 496.
LaTeX Info: Redefining \dots on input line 499.
LaTeX Info: Redefining \cdots on input line 620.
\Mathstrutbox@=\box49
\strutbox@=\box50
\big@size=\dimen164
LaTeX Font Info:    Redeclaring font encoding OML on input line 743.
LaTeX Font Info:    Redeclaring font encoding OMS on input line 744.
\macc@depth=\count199
\c@MaxMatrixCols=\count266
\dotsspace@=\muskip16
\c@parentequation=\count267
\dspbrk@lvl=\count268
\tag@help=\toks17
\row@=\count269
\column@=\count270
\maxfields@=\count271
\andhelp@=\toks18
\eqnshift@=\dimen165
\alignsep@=\dimen166
\tagshift@=\dimen167
\tagwidth@=\dimen168
\totwidth@=\dimen169
\lineht@=\dimen170
\@envbody=\toks19
\multlinegap=\skip51
\multlinetaggap=\skip52
\mathdisplay@stack=\toks20
LaTeX Info: Redefining \[ on input line 2923.
LaTeX Info: Redefining \] on input line 2924.
)
(/usr/local/texlive/2021/texmf-dist/tex/latex/amsfonts/amssymb.sty
Package: amssymb 2013/01/14 v3.01 AMS font symbols

(/usr/local/texlive/2021/texmf-dist/tex/latex/amsfonts/amsfonts.sty
Package: amsfonts 2013/01/14 v3.01 Basic AMSFonts support
\symAMSa=\mathgroup4
\symAMSb=\mathgroup5
LaTeX Font Info:    Redeclaring math symbol \hbar on input line 98.
LaTeX Font Info:    Overwriting math alphabet `\mathfrak' in version `bold'
(Font)                  U/euf/m/n --> U/euf/b/n on input line 106.
))
(/usr/local/texlive/2021/texmf-dist/tex/latex/amscls/amsthm.sty
Package: amsthm 2020/05/29 v2.20.6
\thm@style=\toks21
\thm@bodyfont=\toks22
\thm@headfont=\toks23
\thm@notefont=\toks24
\thm@headpunct=\toks25
\thm@preskip=\skip53
\thm@postskip=\skip54
\thm@headsep=\skip55
\dth@everypar=\toks26
)
(/usr/local/texlive/2021/texmf-dist/tex/latex/algorithms/algorithmic.sty
Package: algorithmic 2009/08/24 v0.1 Document Style `algorithmic'

(/usr/local/texlive/2021/texmf-dist/tex/latex/base/ifthen.sty
Package: ifthen 2014/09/29 v1.1c Standard LaTeX ifthen package (DPC)
)
(/usr/local/texlive/2021/texmf-dist/tex/latex/graphics/keyval.sty
Package: keyval 2014/10/28 v1.15 key=value parser (DPC)
\KV@toks@=\toks27
)
\c@ALC@unique=\count272
\c@ALC@line=\count273
\c@ALC@rem=\count274
\c@ALC@depth=\count275
\ALC@tlm=\skip56
\algorithmicindent=\skip57
)
(/usr/local/texlive/2021/texmf-dist/tex/latex/graphics/graphicx.sty
Package: graphicx 2020/09/09 v1.2b Enhanced LaTeX Graphics (DPC,SPQR)

(/usr/local/texlive/2021/texmf-dist/tex/latex/graphics/graphics.sty
Package: graphics 2020/08/30 v1.4c Standard LaTeX Graphics (DPC,SPQR)

(/usr/local/texlive/2021/texmf-dist/tex/latex/graphics/trig.sty
Package: trig 2016/01/03 v1.10 sin cos tan (DPC)
)
(/usr/local/texlive/2021/texmf-dist/tex/latex/graphics-cfg/graphics.cfg
File: graphics.cfg 2016/06/04 v1.11 sample graphics configuration
)
Package graphics Info: Driver file: pdftex.def on input line 105.

(/usr/local/texlive/2021/texmf-dist/tex/latex/graphics-def/pdftex.def
File: pdftex.def 2020/10/05 v1.2a Graphics/color driver for pdftex
))
\Gin@req@height=\dimen171
\Gin@req@width=\dimen172
)
(/usr/local/texlive/2021/texmf-dist/tex/latex/base/textcomp.sty
Package: textcomp 2020/02/02 v2.0n Standard LaTeX package
)
(/usr/local/texlive/2021/texmf-dist/tex/latex/xcolor/xcolor.sty
Package: xcolor 2016/05/11 v2.12 LaTeX color extensions (UK)

(/usr/local/texlive/2021/texmf-dist/tex/latex/graphics-cfg/color.cfg
File: color.cfg 2016/01/02 v1.6 sample color configuration
)
Package xcolor Info: Driver file: pdftex.def on input line 225.
Package xcolor Info: Model `cmy' substituted by `cmy0' on input line 1348.
Package xcolor Info: Model `hsb' substituted by `rgb' on input line 1352.
Package xcolor Info: Model `RGB' extended on input line 1364.
Package xcolor Info: Model `HTML' substituted by `rgb' on input line 1366.
Package xcolor Info: Model `Hsb' substituted by `hsb' on input line 1367.
Package xcolor Info: Model `tHsb' substituted by `hsb' on input line 1368.
Package xcolor Info: Model `HSB' substituted by `hsb' on input line 1369.
Package xcolor Info: Model `Gray' substituted by `gray' on input line 1370.
Package xcolor Info: Model `wave' substituted by `hsb' on input line 1371.
)
\c@theorem=\count276
\c@corollary=\count277
\c@property=\count278
\c@lemma=\count279
\c@remark=\count280

(/usr/local/texlive/2021/texmf-dist/tex/latex/l3backend/l3backend-pdftex.def
File: l3backend-pdftex.def 2021-03-18 L3 backend support: PDF output (pdfTeX)
\l__color_backend_stack_int=\count281
\l__pdf_internal_box=\box51
)
No file 2308.02284_pdflatex.aux.
\openout1 = `2308.02284_pdflatex.aux'.

LaTeX Font Info:    Checking defaults for OML/cmm/m/it on input line 21.
LaTeX Font Info:    ... okay on input line 21.
LaTeX Font Info:    Checking defaults for OMS/cmsy/m/n on input line 21.
LaTeX Font Info:    ... okay on input line 21.
LaTeX Font Info:    Checking defaults for OT1/cmr/m/n on input line 21.
LaTeX Font Info:    ... okay on input line 21.
LaTeX Font Info:    Checking defaults for T1/cmr/m/n on input line 21.
LaTeX Font Info:    ... okay on input line 21.
LaTeX Font Info:    Checking defaults for TS1/cmr/m/n on input line 21.
LaTeX Font Info:    ... okay on input line 21.
LaTeX Font Info:    Checking defaults for OMX/cmex/m/n on input line 21.
LaTeX Font Info:    ... okay on input line 21.
LaTeX Font Info:    Checking defaults for U/cmr/m/n on input line 21.
LaTeX Font Info:    ... okay on input line 21.
-- Lines per column: 56 (exact).
(/usr/local/texlive/2021/texmf-dist/tex/context/base/mkii/supp-pdf.mkii
[Loading MPS to PDF converter (version 2006.09.02).]
\scratchcounter=\count282
\scratchdimen=\dimen173
\scratchbox=\box52
\nofMPsegments=\count283
\nofMParguments=\count284
\everyMPshowfont=\toks28
\MPscratchCnt=\count285
\MPscratchDim=\dimen174
\MPnumerator=\count286
\makeMPintoPDFobject=\count287
\everyMPtoPDFconversion=\toks29
) (/usr/local/texlive/2021/texmf-dist/tex/latex/epstopdf-pkg/epstopdf-base.sty
Package: epstopdf-base 2020-01-24 v2.11 Base part for package epstopdf
Package epstopdf-base Info: Redefining graphics rule for `.eps' on input line 4
85.

(/usr/local/texlive/2021/texmf-dist/tex/latex/latexconfig/epstopdf-sys.cfg
File: epstopdf-sys.cfg 2010/07/13 v1.3 Configuration of (r)epstopdf for TeX Liv
e
))
LaTeX Font Info:    Calculating math sizes for size <11> on input line 34.
LaTeX Font Info:    Trying to load font information for U+msa on input line 34.


(/usr/local/texlive/2021/texmf-dist/tex/latex/amsfonts/umsa.fd
File: umsa.fd 2013/01/14 v3.01 AMS symbols A
)
LaTeX Font Info:    Trying to load font information for U+msb on input line 34.


(/usr/local/texlive/2021/texmf-dist/tex/latex/amsfonts/umsb.fd
File: umsb.fd 2013/01/14 v3.01 AMS symbols B
)
LaTeX Font Info:    Trying to load font information for TS1+ptm on input line 3
4.

(/usr/local/texlive/2021/texmf-dist/tex/latex/psnfss/ts1ptm.fd
File: ts1ptm.fd 2001/06/04 font definitions for TS1/ptm.
)
LaTeX Font Info:    Trying to load font information for OMS+ptm on input line 3
4.

(/usr/local/texlive/2021/texmf-dist/tex/latex/psnfss/omsptm.fd
File: omsptm.fd 
)
LaTeX Font Info:    Font shape `OMS/ptm/m/n' in size <10> not available
(Font)              Font shape `OMS/cmsy/m/n' tried instead on input line 34.


LaTeX Warning: Citation `Intro_short' on page 1 undefined on input line 45.


LaTeX Warning: Citation `Covert' on page 1 undefined on input line 45.


LaTeX Warning: Citation `Covert' on page 1 undefined on input line 47.


LaTeX Warning: Citation `Gaussian' on page 1 undefined on input line 47.


LaTeX Warning: Citation `AWGN3' on page 1 undefined on input line 47.


LaTeX Warning: Citation `Fading3' on page 1 undefined on input line 47.


LaTeX Warning: Citation `Nmin' on page 1 undefined on input line 47.


LaTeX Warning: Citation `ECT2' on page 1 undefined on input line 47.


LaTeX Warning: Citation `Fading4' on page 1 undefined on input line 47.


LaTeX Warning: Citation `UAV' on page 1 undefined on input line 47.


Underfull \hbox (badness 2080) in paragraph at lines 47--48
[]\OT1/ptm/m/n/10 The fun-da-men-tal work for covert com-mu-ni-ca-tion [\OT1/pt
m/b/n/10 ?\OT1/ptm/m/n/10 ]
 []


LaTeX Warning: Citation `Active1' on page 1 undefined on input line 49.


LaTeX Warning: Citation `Active2' on page 1 undefined on input line 49.


LaTeX Warning: Citation `Active3' on page 1 undefined on input line 49.


LaTeX Warning: Citation `Active1' on page 1 undefined on input line 51.


LaTeX Warning: Citation `Active2' on page 1 undefined on input line 51.


LaTeX Warning: Citation `Active3' on page 1 undefined on input line 51.


LaTeX Warning: Citation `Fading3' on page 1 undefined on input line 51.


LaTeX Warning: Citation `Nmin' on page 1 undefined on input line 51.


LaTeX Warning: Citation `ECT2' on page 1 undefined on input line 51.


LaTeX Warning: Citation `Fading4' on page 1 undefined on input line 51.


LaTeX Warning: Citation `UAV' on page 1 undefined on input line 51.

[1{/usr/local/texlive/2021/texmf-var/fonts/map/pdftex/updmap/pdftex.map}


]
Package epstopdf Info: Source file: <figure/system.eps>
(epstopdf)                    date: 2023-08-04 20:13:57
(epstopdf)                    size: 1282052 bytes
(epstopdf)             Output file: <figure/system-eps-converted-to.pdf>
(epstopdf)                    date: 2022-10-17 09:29:06
(epstopdf)                    size: 63857 bytes
(epstopdf)             Command: <repstopdf --outfile=figure/system-eps-converte
d-to.pdf figure/system.eps>
(epstopdf)             \includegraphics on input line 61.
runsystem(repstopdf --outfile=figure/system-eps-converted-to.pdf figure/system.
eps)...executed safely (allowed).

Package epstopdf Info: Result file: <figure/system-eps-converted-to.pdf>
(epstopdf)                    date: 2023-08-20 02:11:01
(epstopdf)                    size: 63796 bytes.
<figure/system-eps-converted-to.pdf, id=13, 139.52126pt x 123.46124pt>
File: figure/system-eps-converted-to.pdf Graphic file (type pdf)
<use figure/system-eps-converted-to.pdf>
Package pdftex.def Info: figure/system-eps-converted-to.pdf  used on input line
 61.
(pdftex.def)             Requested size: 163.79846pt x 144.94827pt.


LaTeX Warning: Citation `Active3' on page 2 undefined on input line 65.


LaTeX Warning: Citation `Gaussian' on page 2 undefined on input line 67.


LaTeX Warning: Citation `DF' on page 2 undefined on input line 69.


LaTeX Warning: Citation `statistical_CSI' on page 2 undefined on input line 69.



LaTeX Warning: Citation `Active2' on page 2 undefined on input line 78.


LaTeX Warning: Citation `Active3' on page 2 undefined on input line 78.


LaTeX Warning: Citation `Gaussian' on page 2 undefined on input line 80.


LaTeX Warning: Citation `Nmin' on page 2 undefined on input line 87.


LaTeX Warning: Citation `Active2' on page 2 undefined on input line 87.


LaTeX Warning: Citation `Active3' on page 2 undefined on input line 87.


LaTeX Warning: Citation `DF' on page 2 undefined on input line 87.


LaTeX Warning: Reference `y_b' on page 2 undefined on input line 106.


LaTeX Warning: Citation `ECT2' on page 2 undefined on input line 106.

[2 <./figure/system-eps-converted-to.pdf>]

LaTeX Warning: Reference `Pout' on page 3 undefined on input line 114.


LaTeX Warning: Citation `ECT2' on page 3 undefined on input line 114.


LaTeX Warning: Citation `Gaussian' on page 3 undefined on input line 123.


LaTeX Warning: Citation `Gaussian' on page 3 undefined on input line 129.


LaTeX Warning: Citation `Fading3' on page 3 undefined on input line 134.


LaTeX Warning: Reference `opt_threshold' on page 3 undefined on input line 149.



LaTeX Warning: Reference `ori' on page 3 undefined on input line 149.


LaTeX Warning: Reference `equ_proof1' on page 3 undefined on input line 157.


LaTeX Warning: Citation `Quadrature' on page 3 undefined on input line 157.


LaTeX Warning: Reference `ave_Pd' on page 3 undefined on input line 157.


LaTeX Warning: Reference `ave_Pd' on page 3 undefined on input line 160.


LaTeX Warning: Reference `proof_theorem2' on page 3 undefined on input line 170
.


LaTeX Warning: Reference `app1' on page 3 undefined on input line 174.


LaTeX Warning: Reference `proof_corollary1' on page 3 undefined on input line 1
74.


LaTeX Warning: Citation `ECT2' on page 3 undefined on input line 174.


LaTeX Warning: Citation `DF' on page 3 undefined on input line 174.


LaTeX Warning: Reference `proof_corollary1' on page 3 undefined on input line 1
74.


LaTeX Warning: Citation `Gaussian' on page 3 undefined on input line 176.


LaTeX Warning: Citation `ECT2' on page 3 undefined on input line 176.


LaTeX Warning: Citation `ECT2' on page 3 undefined on input line 176.


LaTeX Warning: Citation `Nmin' on page 3 undefined on input line 176.


LaTeX Warning: Reference `ave_Pd' on page 3 undefined on input line 186.


LaTeX Warning: Reference `ave_Pd_app1' on page 3 undefined on input line 186.


LaTeX Warning: Reference `app1' on page 3 undefined on input line 186.


LaTeX Warning: Reference `proof_corollary1' on page 3 undefined on input line 1
86.

[3]

LaTeX Warning: Citation `ECT2' on page 4 undefined on input line 201.


Underfull \hbox (badness 10000) in paragraph at lines 207--209
\OT1/ptm/m/n/10 where $\OML/cmm/m/it/10   \OT1/cmr/m/n/10 =  []  \OMS/cmsy/m/n
/10 ^^@  \OT1/cmr/m/n/10 1$\OT1/ptm/m/n/10 , $\OML/cmm/m/it/10 ^^L  \OT1/cmr/m/
n/10 =  []$ \OT1/ptm/m/n/10 and
 []


Underfull \hbox (badness 2653) in paragraph at lines 207--209
\OML/cmm/m/it/10 g\OT1/cmr/m/n/10 (\OML/cmm/m/it/10 x\OT1/cmr/m/n/10 ) = [][] [
] +
 []


LaTeX Warning: Citation `jammer' on page 4 undefined on input line 231.


LaTeX Warning: Reference `con2' on page 4 undefined on input line 231.


LaTeX Warning: Reference `con1' on page 4 undefined on input line 233.


LaTeX Warning: Reference `con2' on page 4 undefined on input line 233.

Package epstopdf Info: Source file: <figure/figure2.eps>
(epstopdf)                    date: 2023-08-04 20:13:57
(epstopdf)                    size: 214536 bytes
(epstopdf)             Output file: <figure/figure2-eps-converted-to.pdf>
(epstopdf)                    date: 2023-03-30 08:35:50
(epstopdf)                    size: 104845 bytes
(epstopdf)             Command: <repstopdf --outfile=figure/figure2-eps-convert
ed-to.pdf figure/figure2.eps>
(epstopdf)             \includegraphics on input line 241.
runsystem(repstopdf --outfile=figure/figure2-eps-converted-to.pdf figure/figure
2.eps)...executed safely (allowed).

Package epstopdf Info: Result file: <figure/figure2-eps-converted-to.pdf>
(epstopdf)                    date: 2023-08-20 02:11:01
(epstopdf)                    size: 104520 bytes.
<figure/figure2-eps-converted-to.pdf, id=72, 640.3925pt x 515.9275pt>
File: figure/figure2-eps-converted-to.pdf Graphic file (type pdf)
<use figure/figure2-eps-converted-to.pdf>
Package pdftex.def Info: figure/figure2-eps-converted-to.pdf  used on input lin
e 241.
(pdftex.def)             Requested size: 214.20154pt x 172.56322pt.

LaTeX Warning: Reference `ave_Pd' on page 4 undefined on input line 246.


LaTeX Warning: Reference `ave_Pd_app1' on page 4 undefined on input line 246.


LaTeX Warning: Reference `KL_app' on page 4 undefined on input line 246.


LaTeX Warning: Reference `ave_Pd' on page 4 undefined on input line 246.


LaTeX Warning: Reference `ave_Pd_app1' on page 4 undefined on input line 246.


LaTeX Warning: Reference `ave_Pd_app1' on page 4 undefined on input line 246.

Package epstopdf Info: Source file: <figure/fig3_re.eps>
(epstopdf)                    date: 2023-08-04 20:13:57
(epstopdf)                    size: 161450 bytes
(epstopdf)             Output file: <figure/fig3_re-eps-converted-to.pdf>
(epstopdf)                    date: 2023-04-05 23:35:48
(epstopdf)                    size: 75112 bytes
(epstopdf)             Command: <repstopdf --outfile=figure/fig3_re-eps-convert
ed-to.pdf figure/fig3_re.eps>
(epstopdf)             \includegraphics on input line 250.
runsystem(repstopdf --outfile=figure/fig3_re-eps-converted-to.pdf figure/fig3_r
e.eps)...executed safely (allowed).

Package epstopdf Info: Result file: <figure/fig3_re-eps-converted-to.pdf>
(epstopdf)                    date: 2023-08-20 02:11:02
(epstopdf)                    size: 74787 bytes.
<figure/fig3_re-eps-converted-to.pdf, id=73, 610.28pt x 516.93124pt>
File: figure/fig3_re-eps-converted-to.pdf Graphic file (type pdf)
<use figure/fig3_re-eps-converted-to.pdf>
Package pdftex.def Info: figure/fig3_re-eps-converted-to.pdf  used on input lin
e 250.
(pdftex.def)             Requested size: 214.20154pt x 181.43346pt.
[4]
Package epstopdf Info: Source file: <figure/figure3.eps>
(epstopdf)                    date: 2023-08-04 20:13:57
(epstopdf)                    size: 158041 bytes
(epstopdf)             Output file: <figure/figure3-eps-converted-to.pdf>
(epstopdf)                    date: 2023-04-06 03:31:52
(epstopdf)                    size: 68591 bytes
(epstopdf)             Command: <repstopdf --outfile=figure/figure3-eps-convert
ed-to.pdf figure/figure3.eps>
(epstopdf)             \includegraphics on input line 260.
runsystem(repstopdf --outfile=figure/figure3-eps-converted-to.pdf figure/figure
3.eps)...executed safely (allowed).

Package epstopdf Info: Result file: <figure/figure3-eps-converted-to.pdf>
(epstopdf)                    date: 2023-08-20 02:11:02
(epstopdf)                    size: 68261 bytes.
<figure/figure3-eps-converted-to.pdf, id=77, 610.28pt x 516.93124pt>
File: figure/figure3-eps-converted-to.pdf Graphic file (type pdf)
<use figure/figure3-eps-converted-to.pdf>
Package pdftex.def Info: figure/figure3-eps-converted-to.pdf  used on input lin
e 260.
(pdftex.def)             Requested size: 214.20154pt x 181.43346pt.


LaTeX Warning: Reference `app1' on page 5 undefined on input line 274.

[5 <./figure/figure2-eps-converted-to.pdf> <./figure/fig3_re-eps-converted-to.p
df> <./figure/figure3-eps-converted-to.pdf>]

LaTeX Warning: Reference `app1' on page 6 undefined on input line 276.


LaTeX Warning: Reference `ori' on page 6 undefined on input line 276.


Underfull \hbox (badness 1478) in paragraph at lines 280--282
[] \OML/cmm/m/it/10 < \OT1/cmr/m/n/10 0$\OT1/ptm/m/n/10 . Thus, the first-order

 []


LaTeX Warning: Citation `ECT2' on page 6 undefined on input line 286.


LaTeX Warning: Citation `DF' on page 6 undefined on input line 286.


LaTeX Warning: Reference `app1' on page 6 undefined on input line 292.


Underfull \hbox (badness 1584) in paragraph at lines 296--297
[]\OT1/ptm/m/n/10 By de-not-ing $\OML/cmm/m/it/10 M[]\OT1/cmr/m/n/10 (\OML/cmm/
m/it/10 n\OT1/cmr/m/n/10 ) = []$\OT1/ptm/m/n/10 , we can ob-tain
 []


Underfull \hbox (badness 2875) in paragraph at lines 298--299
\OT1/cmr/m/n/10 0$ \OT1/ptm/m/n/10 and $\OML/cmm/m/it/10 f[]\OT1/cmr/m/n/10 (\O
ML/cmm/m/it/10 x\OT1/cmr/m/n/10 )$ \OT1/ptm/m/n/10 is larger than 0 in the in-t
er-val $[]$
 []


Underfull \hbox (badness 1755) in paragraph at lines 298--299
\OT1/ptm/m/n/10 the so-lu-tion to $ \OMS/cmsy/m/n/10 ^^@ \OT1/cmr/m/n/10 2[][][
]\OML/cmm/m/it/10 x [] x  \OT1/cmr/m/n/10 +  \OML/cmm/m/it/10 x    \OT1/cmr/m/n
/10 =    1$ \OT1/ptm/m/n/10 ex-
 []


Underfull \hbox (badness 1527) in paragraph at lines 298--299
\OT1/ptm/m/n/10 cept 1. Futher-more, $\OML/cmm/m/it/10 f[]\OT1/cmr/m/n/10 (\OML
/cmm/m/it/10 x\OT1/cmr/m/n/10 )$ \OT1/ptm/m/n/10 in-creases in $[]$ and de-
 []

No file 2308.02284_pdflatex.bbl.

** Conference Paper **
Before submitting the final camera ready copy, remember to:

 1. Manually equalize the lengths of two columns on the last page
 of your paper;

 2. Ensure that any PostScript and/or PDF output post-processing
 uses only Type 1 fonts and that every step in the generation
 process uses the appropriate paper size.

[6]
(/Users/jovyntan/Desktop/work/fyp/exploration/diff_test_tex_engines/bin/compile
d_tex_pdf/2308.02284/2308.02284_pdflatex.aux)

LaTeX Warning: There were undefined references.


LaTeX Warning: Label(s) may have changed. Rerun to get cross-references right.

 ) 
Here is how much of TeX's memory you used:
 4126 strings out of 478994
 60511 string characters out of 5858184
 385986 words of memory out of 5000000
 21564 multiletter control sequences out of 15000+600000
 444829 words of font info for 113 fonts, out of 8000000 for 9000
 1141 hyphenation exceptions out of 8191
 68i,18n,74p,1897b,350s stack positions out of 5000i,500n,10000p,200000b,80000s
{/usr/local/texlive/2021/texmf-dist/fonts/enc/dvips/base/8r.enc}</usr/local/t
exlive/2021/texmf-dist/fonts/type1/public/amsfonts/cm/cmex10.pfb></usr/local/te
xlive/2021/texmf-dist/fonts/type1/public/amsfonts/cm/cmmi10.pfb></usr/local/tex
live/2021/texmf-dist/fonts/type1/public/amsfonts/cm/cmmi5.pfb></usr/local/texli
ve/2021/texmf-dist/fonts/type1/public/amsfonts/cm/cmmi7.pfb></usr/local/texlive
/2021/texmf-dist/fonts/type1/public/amsfonts/cm/cmmi8.pfb></usr/local/texlive/2
021/texmf-dist/fonts/type1/public/amsfonts/cm/cmr10.pfb></usr/local/texlive/202
1/texmf-dist/fonts/type1/public/amsfonts/cm/cmr5.pfb></usr/local/texlive/2021/t
exmf-dist/fonts/type1/public/amsfonts/cm/cmr7.pfb></usr/local/texlive/2021/texm
f-dist/fonts/type1/public/amsfonts/cm/cmsy10.pfb></usr/local/texlive/2021/texmf
-dist/fonts/type1/public/amsfonts/cm/cmsy5.pfb></usr/local/texlive/2021/texmf-d
ist/fonts/type1/public/amsfonts/cm/cmsy7.pfb></usr/local/texlive/2021/texmf-dis
t/fonts/type1/public/amsfonts/symbols/msam10.pfb></usr/local/texlive/2021/texmf
-dist/fonts/type1/public/amsfonts/symbols/msbm10.pfb></usr/local/texlive/2021/t
exmf-dist/fonts/type1/urw/times/utmb8a.pfb></usr/local/texlive/2021/texmf-dist/
fonts/type1/urw/times/utmbi8a.pfb></usr/local/texlive/2021/texmf-dist/fonts/typ
e1/urw/times/utmr8a.pfb></usr/local/texlive/2021/texmf-dist/fonts/type1/urw/tim
es/utmri8a.pfb>
Output written on /Users/jovyntan/Desktop/work/fyp/exploration/diff_test_tex_en
gines/bin/compiled_tex_pdf/2308.02284/2308.02284_pdflatex.pdf (6 pages, 522407 
bytes).
PDF statistics:
 151 PDF objects out of 1000 (max. 8388607)
 97 compressed objects within 1 object stream
 0 named destinations out of 1000 (max. 500000)
 21 words of extra memory for PDF output out of 10000 (max. 10000000)

