This is LuaHBTeX, Version 1.13.0 (TeX Live 2021) 
 restricted system commands enabled.
(./2308.00642
LaTeX2e <2020-10-01> patch level 4
 L3 programming layer <2021-02-18>
(/usr/local/texlive/2021/texmf-dist/tex/latex/base/article.cls
Document Class: article 2020/04/10 v1.4m Standard LaTeX document class
(/usr/local/texlive/2021/texmf-dist/tex/latex/base/size10.clo))
(/usr/local/texlive/2021/texmf-dist/tex/latex/mathtools/mathtools.sty
(/usr/local/texlive/2021/texmf-dist/tex/latex/graphics/keyval.sty)
(/usr/local/texlive/2021/texmf-dist/tex/latex/tools/calc.sty)
(/usr/local/texlive/2021/texmf-dist/tex/latex/mathtools/mhsetup.sty)
(/usr/local/texlive/2021/texmf-dist/tex/latex/amsmath/amsmath.sty
For additional information on amsmath, use the `?' option.
(/usr/local/texlive/2021/texmf-dist/tex/latex/amsmath/amstext.sty
(/usr/local/texlive/2021/texmf-dist/tex/latex/amsmath/amsgen.sty))
(/usr/local/texlive/2021/texmf-dist/tex/latex/amsmath/amsbsy.sty)
(/usr/local/texlive/2021/texmf-dist/tex/latex/amsmath/amsopn.sty)))
(/usr/local/texlive/2021/texmf-dist/tex/latex/graphics/graphicx.sty
(/usr/local/texlive/2021/texmf-dist/tex/latex/graphics/graphics.sty
(/usr/local/texlive/2021/texmf-dist/tex/latex/graphics/trig.sty)
(/usr/local/texlive/2021/texmf-dist/tex/latex/graphics-cfg/graphics.cfg)
(/usr/local/texlive/2021/texmf-dist/tex/latex/graphics-def/luatex.def)))
(/usr/local/texlive/2021/texmf-dist/tex/latex/amsfonts/amssymb.sty
(/usr/local/texlive/2021/texmf-dist/tex/latex/amsfonts/amsfonts.sty))
(/usr/local/texlive/2021/texmf-dist/tex/latex/amscls/amsthm.sty)
(/usr/local/texlive/2021/texmf-dist/tex/generic/iftex/iftex.sty)
(/usr/local/texlive/2021/texmf-dist/tex/latex/lm/lmodern.sty)
(/usr/local/texlive/2021/texmf-dist/tex/latex/base/textcomp.sty)
(/usr/local/texlive/2021/texmf-dist/tex/latex/multirow/multirow.sty)
(/usr/local/texlive/2021/texmf-dist/tex/latex/footmisc/footmisc.sty)

Package amsthm Warning: Unknown theoremstyle `thmstyleone' on input line 13.

(/usr/local/texlive/2021/texmf-dist/tex/latex/l3backend/l3backend-luatex.def)
No file 2308.00642_lualatex.aux.
(/usr/local/texlive/2021/texmf-dist/tex/latex/base/ts1cmr.fd)
(/usr/local/texlive/2021/texmf-dist/tex/context/base/mkii/supp-pdf.mkii
[Loading MPS to PDF converter (version 2006.09.02).]
) (/usr/local/texlive/2021/texmf-dist/tex/latex/epstopdf-pkg/epstopdf-base.sty
(/usr/local/texlive/2021/texmf-dist/tex/generic/infwarerr/infwarerr.sty)
(/usr/local/texlive/2021/texmf-dist/tex/latex/grfext/grfext.sty
(/usr/local/texlive/2021/texmf-dist/tex/generic/kvdefinekeys/kvdefinekeys.sty))
 (/usr/local/texlive/2021/texmf-dist/tex/latex/kvoptions/kvoptions.sty
(/usr/local/texlive/2021/texmf-dist/tex/generic/ltxcmds/ltxcmds.sty)
(/usr/local/texlive/2021/texmf-dist/tex/generic/kvsetkeys/kvsetkeys.sty))
(/usr/local/texlive/2021/texmf-dist/tex/generic/pdftexcmds/pdftexcmds.sty)
(/usr/local/texlive/2021/texmf-dist/tex/latex/latexconfig/epstopdf-sys.cfg))
(/usr/local/texlive/2021/texmf-dist/tex/latex/lm/ot1lmr.fd)
(/usr/local/texlive/2021/texmf-dist/tex/latex/lm/omllmm.fd)
(/usr/local/texlive/2021/texmf-dist/tex/latex/lm/omslmsy.fd)
(/usr/local/texlive/2021/texmf-dist/tex/latex/lm/omxlmex.fd)
(/usr/local/texlive/2021/texmf-dist/tex/latex/amsfonts/umsa.fd)
(/usr/local/texlive/2021/texmf-dist/tex/latex/amsfonts/umsb.fd)
Underfull \hbox (badness 10000) in paragraph at lines 41--42


Underfull \hbox (badness 10000) in paragraph at lines 41--42


Underfull \hbox (badness 10000) in paragraph at lines 43--44


LaTeX Warning: Citation `1' on page 1 undefined on input line 50.


LaTeX Warning: Citation `2' on page 1 undefined on input line 50.


LaTeX Warning: Citation `3' on page 1 undefined on input line 50.


LaTeX Warning: Citation `4' on page 1 undefined on input line 50.


LaTeX Warning: Citation `5' on page 1 undefined on input line 50.


LaTeX Warning: Citation `6' on page 1 undefined on input line 50.


LaTeX Warning: Citation `7' on page 1 undefined on input line 50.


LaTeX Warning: Citation `8' on page 1 undefined on input line 50.


LaTeX Warning: Citation `9' on page 1 undefined on input line 50.


LaTeX Warning: Citation `10' on page 1 undefined on input line 50.


LaTeX Warning: Citation `11' on page 1 undefined on input line 50.


LaTeX Warning: Citation `12' on page 1 undefined on input line 50.


LaTeX Warning: Citation `13' on page 1 undefined on input line 50.


LaTeX Warning: Citation `6' on page 1 undefined on input line 50.


LaTeX Warning: Citation `6' on page 1 undefined on input line 52.


LaTeX Warning: Citation `6' on page 1 undefined on input line 61.

[1{/usr/local/texlive/2021/texmf-var/fonts/map/pdftex/updmap/pdftex.map}]

LaTeX Warning: Citation `5' on page 2 undefined on input line 70.


LaTeX Warning: Citation `14' on page 2 undefined on input line 70.


LaTeX Warning: Citation `5' on page 2 undefined on input line 70.


LaTeX Warning: Citation `14' on page 2 undefined on input line 75.


Overfull \hbox (37.80408pt too wide) in paragraph at lines 75--77
\TU/lmr/bx/n/10 The-o-rem 3.1. \TU/lmr/m/it/10 ([[]]) Sup-pose $\OML/lmm/m/it/1
0 C$ \TU/lmr/m/it/10 is a cyclic code over $\OML/lmm/m/it/10 R$ \TU/lmr/m/it/10
 and $\OML/lmm/m/it/10 S \OT1/lmr/m/n/10 = \OMS/lmsy/m/n/10 f\OML/lmm/m/it/10 f
[]\OT1/lmr/m/n/10 (\OML/lmm/m/it/10 z\OT1/lmr/m/n/10 )\OML/lmm/m/it/10 ; f[]\OT
1/lmr/m/n/10 (\OML/lmm/m/it/10 z\OT1/lmr/m/n/10 )\OML/lmm/m/it/10 ; []  ; f[]\O
T1/lmr/m/n/10 (\OML/lmm/m/it/10 z\OT1/lmr/m/n/10 )\OMS/lmsy/m/n/10 g\OML/lmm/m/
it/10 ;$

LaTeX Warning: Citation `5' on page 2 undefined on input line 85.

[2] [3] [4] [5] [6]
(/Users/jovyntan/Desktop/work/fyp/exploration/diff_test_tex_engines/bin/compile
d_tex_pdf/2308.00642/2308.00642_lualatex.aux)

LaTeX Warning: There were undefined references.


LaTeX Warning: Label(s) may have changed. Rerun to get cross-references right.

)
(see the transcript file for additional information)
 708 words of node memory still in use:
   6 hlist, 2 vlist, 2 rule, 2 glue, 4 kern, 1 glyph, 57 attribute, 56 glue_spe
c, 57 attribute_list, 1 write nodes
   avail lists: 2:1132,3:239,4:30,5:647,6:28,7:6517,8:151,9:1042,10:18,11:388
</usr/local/texlive/2021/texmf-dist/fonts/opentype/public/lm/lmroman10-italic.o
tf>{/usr/local/texlive/2021/texmf-dist/fonts/enc/dvips/lm/lm-mathex.enc}{/usr/l
ocal/texlive/2021/texmf-dist/fonts/enc/dvips/lm/lm-mathsy.enc}{/usr/local/texli
ve/2021/texmf-dist/fonts/enc/dvips/lm/lm-mathit.enc}</usr/local/texlive/2021/te
xmf-dist/fonts/opentype/public/lm/lmroman10-bold.otf>{/usr/local/texlive/2021/t
exmf-dist/fonts/enc/dvips/lm/lm-rm.enc}</usr/local/texlive/2021/texmf-dist/font
s/opentype/public/lm/lmroman10-regular.otf></usr/local/texlive/2021/texmf-dist/
fonts/opentype/public/lm/lmroman12-bold.otf></usr/local/texlive/2021/texmf-dist
/fonts/type1/public/lm/lmex10.pfb></usr/local/texlive/2021/texmf-dist/fonts/typ
e1/public/lm/lmmi10.pfb></usr/local/texlive/2021/texmf-dist/fonts/type1/public/
lm/lmmi5.pfb></usr/local/texlive/2021/texmf-dist/fonts/type1/public/lm/lmmi7.pf
b></usr/local/texlive/2021/texmf-dist/fonts/type1/public/lm/lmr10.pfb></usr/loc
al/texlive/2021/texmf-dist/fonts/type1/public/lm/lmr5.pfb></usr/local/texlive/2
021/texmf-dist/fonts/type1/public/lm/lmr7.pfb></usr/local/texlive/2021/texmf-di
st/fonts/type1/public/lm/lmsy10.pfb></usr/local/texlive/2021/texmf-dist/fonts/t
ype1/public/lm/lmsy5.pfb></usr/local/texlive/2021/texmf-dist/fonts/type1/public
/lm/lmsy7.pfb>
Output written on 2308.00642_lualatex.pdf (6 pages, 144682 bytes).
Transcript written on 2308.00642_lualatex.log.
