\BOOKMARK [1][-]{section.1}{\376\377\000I\000n\000t\000r\000o\000d\000u\000c\000t\000i\000o\000n}{}% 1
\BOOKMARK [1][-]{section.2}{\376\377\000D\000o\000F\000s\000\040\000A\000c\000h\000i\000e\000v\000e\000d\000\040\000i\000n\000\040\000S\000P\000D\000-\000M\000I\000M\000O}{}% 2
\BOOKMARK [2][-]{subsection.2.1}{\376\377\000C\000a\000l\000c\000u\000l\000a\000t\000i\000o\000n\000\040\000o\000f\000\040\000t\000h\000e\000\040\000D\000o\000F}{section.2}% 3
\BOOKMARK [3][-]{subsubsection.2.1.1}{\376\377\000D\000o\000F}{subsection.2.1}% 4
\BOOKMARK [3][-]{subsubsection.2.1.2}{\376\377\000E\000D\000o\000F\0001}{subsection.2.1}% 5
\BOOKMARK [2][-]{subsection.2.2}{\376\377\000E\000x\000p\000l\000o\000i\000t\000a\000t\000i\000o\000n\000\040\000o\000f\000\040\000t\000h\000e\000\040\000D\000o\000F}{section.2}% 6
\BOOKMARK [2][-]{subsection.2.3}{\376\377\000D\000i\000s\000c\000u\000s\000s\000i\000o\000n\000\040\000a\000n\000d\000\040\000O\000u\000t\000l\000o\000o\000k}{section.2}% 7
\BOOKMARK [3][-]{subsubsection.2.3.1}{\376\377\000M\000I\000M\000O\000\040\000N\000L\000o\000S\000\040\000C\000h\000a\000n\000n\000e\000l}{subsection.2.3}% 8
\BOOKMARK [3][-]{subsubsection.2.3.2}{\376\377\000E\000D\000o\000F\0002}{subsection.2.3}% 9
\BOOKMARK [3][-]{subsubsection.2.3.3}{\376\377\000E\000D\000o\000F\0003}{subsection.2.3}% 10
\BOOKMARK [3][-]{subsubsection.2.3.4}{\376\377\000S\000u\000m\000m\000a\000r\000y\000\040\000a\000n\000d\000\040\000O\000u\000t\000l\000o\000o\000k}{subsection.2.3}% 11
\BOOKMARK [1][-]{section.3}{\376\377\000D\000o\000F\000s\000\040\000A\000c\000h\000i\000e\000v\000e\000d\000\040\000i\000n\000\040\000C\000A\000P\000-\000M\000I\000M\000O}{}% 12
\BOOKMARK [2][-]{subsection.3.1}{\376\377\000C\000a\000l\000c\000u\000l\000a\000t\000i\000o\000n\000\040\000o\000f\000\040\000t\000h\000e\000\040\000D\000o\000F}{section.3}% 13
\BOOKMARK [3][-]{subsubsection.3.1.1}{\376\377\000D\000o\000F}{subsection.3.1}% 14
\BOOKMARK [3][-]{subsubsection.3.1.2}{\376\377\000E\000D\000o\000F\0001}{subsection.3.1}% 15
\BOOKMARK [2][-]{subsection.3.2}{\376\377\000E\000x\000p\000l\000o\000i\000t\000a\000t\000i\000o\000n\000\040\000o\000f\000\040\000t\000h\000e\000\040\000D\000o\000F}{section.3}% 16
\BOOKMARK [2][-]{subsection.3.3}{\376\377\000D\000i\000s\000c\000u\000s\000s\000i\000o\000n\000\040\000a\000n\000d\000\040\000O\000u\000t\000l\000o\000o\000k}{section.3}% 17
\BOOKMARK [3][-]{subsubsection.3.3.1}{\376\377\000M\000I\000M\000O\000\040\000N\000L\000o\000S\000\040\000C\000h\000a\000n\000n\000e\000l}{subsection.3.3}% 18
\BOOKMARK [3][-]{subsubsection.3.3.2}{\376\377\000E\000D\000o\000F\0002}{subsection.3.3}% 19
\BOOKMARK [3][-]{subsubsection.3.3.3}{\376\377\000E\000D\000o\000F\0003}{subsection.3.3}% 20
\BOOKMARK [3][-]{subsubsection.3.3.4}{\376\377\000S\000u\000m\000m\000a\000r\000y\000\040\000a\000n\000d\000\040\000O\000u\000t\000l\000o\000o\000k}{subsection.3.3}% 21
\BOOKMARK [1][-]{section.4}{\376\377\000N\000u\000m\000e\000r\000i\000c\000a\000l\000\040\000R\000e\000s\000u\000l\000t\000s}{}% 22
\BOOKMARK [2][-]{subsection.4.1}{\376\377\000S\000P\000D\000-\000M\000I\000M\000O}{section.4}% 23
\BOOKMARK [2][-]{subsection.4.2}{\376\377\000C\000A\000P\000-\000M\000I\000M\000O}{section.4}% 24
\BOOKMARK [1][-]{section.5}{\376\377\000C\000o\000n\000c\000l\000u\000s\000i\000o\000n\000\040\000a\000n\000d\000\040\000P\000r\000o\000m\000i\000s\000i\000n\000g\000\040\000R\000e\000s\000e\000a\000r\000c\000h\000\040\000D\000i\000r\000e\000c\000t\000i\000o\000n\000s}{}% 25
\BOOKMARK [1][-]{section*.9}{\376\377\000R\000e\000f\000e\000r\000e\000n\000c\000e\000s}{}% 26
