This is XeTeX, Version 3.141592653-2.6-0.999993 (TeX Live 2021) (preloaded format=xelatex)
 restricted \write18 enabled.
entering extended mode
(./conference_101719.tex
LaTeX2e <2020-10-01> patch level 4
L3 programming layer <2021-02-18> (./IEEEtran.cls
Document Class: IEEEtran 2015/08/26 V1.8b by Michael Shell
-- See the "IEEEtran_HOWTO" manual for usage information.
-- http://www.michaelshell.org/tex/ieeetran/

LaTeX Font Warning: Font shape `TU/ptm/m/n' undefined
(Font)              using `TU/lmr/m/n' instead on input line 503.

-- Using 8.5in x 11in (letter) paper.
-- Using DVI output.
-- This is a 10 point document.

LaTeX Font Warning: Font shape `TU/ptm/bx/n' undefined
(Font)              using `TU/ptm/m/n' instead on input line 1090.


LaTeX Font Warning: Font shape `TU/ptm/m/it' undefined
(Font)              using `TU/ptm/m/n' instead on input line 1090.


LaTeX Font Warning: Font shape `TU/ptm/bx/it' undefined
(Font)              using `TU/ptm/bx/n' instead on input line 1090.

)
** ATTENTION: Overriding command lockouts (line 2).
(/usr/local/texlive/2021/texmf-dist/tex/latex/cite/cite.sty)
(/usr/local/texlive/2021/texmf-dist/tex/latex/amsmath/amsmath.sty
For additional information on amsmath, use the `?' option.
(/usr/local/texlive/2021/texmf-dist/tex/latex/amsmath/amstext.sty
(/usr/local/texlive/2021/texmf-dist/tex/latex/amsmath/amsgen.sty))
(/usr/local/texlive/2021/texmf-dist/tex/latex/amsmath/amsbsy.sty)
(/usr/local/texlive/2021/texmf-dist/tex/latex/amsmath/amsopn.sty))
(/usr/local/texlive/2021/texmf-dist/tex/latex/amsfonts/amssymb.sty
(/usr/local/texlive/2021/texmf-dist/tex/latex/amsfonts/amsfonts.sty))
(/usr/local/texlive/2021/texmf-dist/tex/latex/amscls/amsthm.sty)
(/usr/local/texlive/2021/texmf-dist/tex/latex/algorithms/algorithmic.sty
(/usr/local/texlive/2021/texmf-dist/tex/latex/base/ifthen.sty)
(/usr/local/texlive/2021/texmf-dist/tex/latex/graphics/keyval.sty))
(/usr/local/texlive/2021/texmf-dist/tex/latex/graphics/graphicx.sty
(/usr/local/texlive/2021/texmf-dist/tex/latex/graphics/graphics.sty
(/usr/local/texlive/2021/texmf-dist/tex/latex/graphics/trig.sty)
(/usr/local/texlive/2021/texmf-dist/tex/latex/graphics-cfg/graphics.cfg)
(/usr/local/texlive/2021/texmf-dist/tex/latex/graphics-def/xetex.def)))
(/usr/local/texlive/2021/texmf-dist/tex/latex/base/textcomp.sty)
(/usr/local/texlive/2021/texmf-dist/tex/latex/xcolor/xcolor.sty
(/usr/local/texlive/2021/texmf-dist/tex/latex/graphics-cfg/color.cfg))
(/usr/local/texlive/2021/texmf-dist/tex/latex/tools/longtable.sty)
(/usr/local/texlive/2021/texmf-dist/tex/latex/graphics/rotating.sty)
(/usr/local/texlive/2021/texmf-dist/tex/latex/multirow/multirow.sty)
(/usr/local/texlive/2021/texmf-dist/tex/latex/makecell/makecell.sty
(/usr/local/texlive/2021/texmf-dist/tex/latex/tools/array.sty))
(/usr/local/texlive/2021/texmf-dist/tex/latex/l3backend/l3backend-xetex.def
(|extractbb --version))
No file 2308.02295_xelatex.aux.
(/usr/local/texlive/2021/texmf-dist/tex/latex/base/ts1cmr.fd)

LaTeX Font Warning: Font shape `TU/ptm/b/n' undefined
(Font)              using `TU/ptm/bx/n' instead on input line 36.


LaTeX Font Warning: Font shape `TU/ptm/b/it' undefined
(Font)              using `TU/ptm/bx/it' instead on input line 36.


LaTeX Font Warning: Font shape `TU/ptm/b/n' undefined
(Font)              using `TU/ptm/bx/n' instead on input line 36.


LaTeX Font Warning: Font shape `TU/ptm/b/it' undefined
(Font)              using `TU/ptm/bx/it' instead on input line 36.


LaTeX Font Warning: Font shape `TU/ptm/b/n' undefined
(Font)              using `TU/ptm/bx/n' instead on input line 36.


LaTeX Font Warning: Font shape `TU/ptm/b/it' undefined
(Font)              using `TU/ptm/bx/it' instead on input line 36.


LaTeX Font Warning: Font shape `TU/ptm/b/n' undefined
(Font)              using `TU/ptm/bx/n' instead on input line 36.


LaTeX Font Warning: Font shape `TU/ptm/b/it' undefined
(Font)              using `TU/ptm/bx/it' instead on input line 36.


LaTeX Font Warning: Font shape `TU/ptm/b/n' undefined
(Font)              using `TU/ptm/bx/n' instead on input line 36.


LaTeX Font Warning: Font shape `TU/ptm/b/it' undefined
(Font)              using `TU/ptm/bx/it' instead on input line 36.


LaTeX Font Warning: Font shape `TU/ptm/b/n' undefined
(Font)              using `TU/ptm/bx/n' instead on input line 36.


LaTeX Font Warning: Font shape `TU/ptm/b/it' undefined
(Font)              using `TU/ptm/bx/it' instead on input line 36.


LaTeX Font Warning: Font shape `TU/ptm/b/n' undefined
(Font)              using `TU/ptm/bx/n' instead on input line 36.


LaTeX Font Warning: Font shape `TU/ptm/b/it' undefined
(Font)              using `TU/ptm/bx/it' instead on input line 36.


LaTeX Font Warning: Font shape `TU/ptm/b/n' undefined
(Font)              using `TU/ptm/bx/n' instead on input line 36.


LaTeX Font Warning: Font shape `TU/ptm/b/it' undefined
(Font)              using `TU/ptm/bx/it' instead on input line 36.


LaTeX Font Warning: Font shape `TU/ptm/b/n' undefined
(Font)              using `TU/ptm/bx/n' instead on input line 36.


LaTeX Font Warning: Font shape `TU/ptm/b/it' undefined
(Font)              using `TU/ptm/bx/it' instead on input line 36.


LaTeX Font Warning: Font shape `TU/ptm/b/n' undefined
(Font)              using `TU/ptm/bx/n' instead on input line 36.


LaTeX Font Warning: Font shape `TU/ptm/b/it' undefined
(Font)              using `TU/ptm/bx/it' instead on input line 36.

-- Lines per column: 56 (exact).
(/usr/local/texlive/2021/texmf-dist/tex/latex/amsfonts/umsa.fd)
(/usr/local/texlive/2021/texmf-dist/tex/latex/amsfonts/umsb.fd)

LaTeX Font Warning: Font shape `TU/ptm/b/n' undefined
(Font)              using `TU/ptm/bx/n' instead on input line 48.


LaTeX Font Warning: Font shape `TU/ptm/b/n' undefined
(Font)              using `TU/ptm/bx/n' instead on input line 52.


LaTeX Font Warning: Font shape `TU/ptm/m/sc' undefined
(Font)              using `TU/ptm/m/n' instead on input line 56.


LaTeX Font Warning: Font shape `TU/ptm/b/n' undefined
(Font)              using `TU/ptm/bx/n' instead on input line 57.


LaTeX Warning: Citation `intro_short1' on page 1 undefined on input line 57.


LaTeX Font Warning: Font shape `TU/ptm/b/n' undefined
(Font)              using `TU/ptm/bx/n' instead on input line 59.


LaTeX Warning: Citation `intro_covert' on page 1 undefined on input line 59.


LaTeX Font Warning: Font shape `TU/ptm/b/n' undefined
(Font)              using `TU/ptm/bx/n' instead on input line 59.


LaTeX Warning: Citation `intro_covert' on page 1 undefined on input line 59.


LaTeX Font Warning: Font shape `TU/ptm/b/n' undefined
(Font)              using `TU/ptm/bx/n' instead on input line 59.


LaTeX Warning: Citation `intro_IRS1' on page 1 undefined on input line 59.


LaTeX Font Warning: Font shape `TU/ptm/b/n' undefined
(Font)              using `TU/ptm/bx/n' instead on input line 61.


LaTeX Warning: Citation `IRS3' on page 1 undefined on input line 61.


LaTeX Font Warning: Font shape `TU/ptm/b/n' undefined
(Font)              using `TU/ptm/bx/n' instead on input line 61.


LaTeX Warning: Citation `IRS_single10' on page 1 undefined on input line 61.


LaTeX Font Warning: Font shape `TU/ptm/b/n' undefined
(Font)              using `TU/ptm/bx/n' instead on input line 61.


LaTeX Warning: Citation `IRS_single8' on page 1 undefined on input line 61.


LaTeX Font Warning: Font shape `TU/ptm/b/n' undefined
(Font)              using `TU/ptm/bx/n' instead on input line 61.


LaTeX Warning: Citation `IRS_single7' on page 1 undefined on input line 61.


LaTeX Font Warning: Font shape `TU/ptm/b/n' undefined
(Font)              using `TU/ptm/bx/n' instead on input line 61.


LaTeX Warning: Citation `IRS1' on page 1 undefined on input line 61.


LaTeX Font Warning: Font shape `TU/ptm/b/n' undefined
(Font)              using `TU/ptm/bx/n' instead on input line 61.


LaTeX Warning: Citation `IRS_single2' on page 1 undefined on input line 61.


LaTeX Font Warning: Font shape `TU/ptm/b/n' undefined
(Font)              using `TU/ptm/bx/n' instead on input line 61.


LaTeX Warning: Citation `IRS_UAV1' on page 1 undefined on input line 61.


LaTeX Font Warning: Font shape `TU/ptm/b/n' undefined
(Font)              using `TU/ptm/bx/n' instead on input line 63.


LaTeX Warning: Citation `IRS3' on page 1 undefined on input line 63.


LaTeX Font Warning: Font shape `TU/ptm/b/n' undefined
(Font)              using `TU/ptm/bx/n' instead on input line 63.


LaTeX Warning: Citation `IRS_single8' on page 1 undefined on input line 63.


LaTeX Font Warning: Font shape `TU/ptm/b/n' undefined
(Font)              using `TU/ptm/bx/n' instead on input line 63.


LaTeX Warning: Citation `IRS_single10' on page 1 undefined on input line 63.


LaTeX Font Warning: Font shape `TU/ptm/b/n' undefined
(Font)              using `TU/ptm/bx/n' instead on input line 63.


LaTeX Warning: Citation `IRS_single7' on page 1 undefined on input line 63.


LaTeX Font Warning: Font shape `TU/ptm/b/n' undefined
(Font)              using `TU/ptm/bx/n' instead on input line 63.


LaTeX Warning: Citation `IRS_single2' on page 1 undefined on input line 63.


LaTeX Font Warning: Font shape `TU/ptm/b/n' undefined
(Font)              using `TU/ptm/bx/n' instead on input line 63.


LaTeX Warning: Citation `IRS_UAV1' on page 1 undefined on input line 63.


LaTeX Font Warning: Font shape `TU/ptm/b/n' undefined
(Font)              using `TU/ptm/bx/n' instead on input line 63.


LaTeX Warning: Citation `IRS1' on page 1 undefined on input line 63.

[1]

LaTeX Font Warning: Font shape `TU/ptm/b/n' undefined
(Font)              using `TU/ptm/bx/n' instead on input line 84.


LaTeX Warning: Citation `IRS1' on page 2 undefined on input line 84.


LaTeX Font Warning: Font shape `TU/ptm/b/n' undefined
(Font)              using `TU/ptm/bx/n' instead on input line 84.


LaTeX Warning: Citation `channel_estimation' on page 2 undefined on input line 
84.


LaTeX Font Warning: Font shape `TU/ptm/b/n' undefined
(Font)              using `TU/ptm/bx/n' instead on input line 84.


LaTeX Warning: Citation `Willie_CSI3' on page 2 undefined on input line 84.


LaTeX Font Warning: Font shape `TU/ptm/b/n' undefined
(Font)              using `TU/ptm/bx/n' instead on input line 93.


LaTeX Warning: Citation `multi_antenna' on page 2 undefined on input line 93.


LaTeX Font Warning: Font shape `TU/ptm/b/n' undefined
(Font)              using `TU/ptm/bx/n' instead on input line 97.


LaTeX Warning: Citation `multi_antenna' on page 2 undefined on input line 97.


LaTeX Font Warning: Font shape `TU/ptm/b/n' undefined
(Font)              using `TU/ptm/bx/n' instead on input line 97.


LaTeX Warning: Citation `hardware' on page 2 undefined on input line 97.


LaTeX Font Warning: Font shape `TU/ptm/b/n' undefined
(Font)              using `TU/ptm/bx/n' instead on input line 102.


LaTeX Warning: Citation `self3' on page 2 undefined on input line 102.


LaTeX Font Warning: Font shape `TU/ptm/b/n' undefined
(Font)              using `TU/ptm/bx/n' instead on input line 102.


LaTeX Warning: Citation `linear' on page 2 undefined on input line 102.

[2]

LaTeX Font Warning: Font shape `TU/ptm/b/n' undefined
(Font)              using `TU/ptm/bx/n' instead on input line 113.


LaTeX Font Warning: Font shape `TU/ptm/b/n' undefined
(Font)              using `TU/ptm/bx/n' instead on input line 126.


LaTeX Warning: Citation `IRS_single2' on page 3 undefined on input line 126.


LaTeX Font Warning: Font shape `TU/ptm/b/n' undefined
(Font)              using `TU/ptm/bx/n' instead on input line 126.


LaTeX Warning: Citation `IRS_single2' on page 3 undefined on input line 126.


LaTeX Font Warning: Font shape `TU/ptm/b/n' undefined
(Font)              using `TU/ptm/bx/n' instead on input line 126.


LaTeX Warning: Citation `multi_exp' on page 3 undefined on input line 126.


LaTeX Font Warning: Font shape `TU/ptm/b/n' undefined
(Font)              using `TU/ptm/bx/n' instead on input line 126.


LaTeX Warning: Reference `optimal_threshold1' on page 3 undefined on input line
 126.


LaTeX Font Warning: Font shape `TU/ptm/b/n' undefined
(Font)              using `TU/ptm/bx/n' instead on input line 126.


LaTeX Warning: Reference `Pd1' on page 3 undefined on input line 126.


LaTeX Font Warning: Font shape `TU/ptm/b/n' undefined
(Font)              using `TU/ptm/bx/n' instead on input line 133.


LaTeX Warning: Reference `Pd1_int' on page 3 undefined on input line 133.


LaTeX Font Warning: Font shape `TU/ptm/b/n' undefined
(Font)              using `TU/ptm/bx/n' instead on input line 133.


LaTeX Warning: Citation `Quadrature' on page 3 undefined on input line 133.


LaTeX Font Warning: Font shape `TU/ptm/b/n' undefined
(Font)              using `TU/ptm/bx/n' instead on input line 133.


LaTeX Warning: Reference `ave_Pd1' on page 3 undefined on input line 133.


LaTeX Font Warning: Font shape `TU/ptm/b/n' undefined
(Font)              using `TU/ptm/bx/n' instead on input line 136.


LaTeX Warning: Reference `ave_Pd1' on page 3 undefined on input line 136.


LaTeX Font Warning: Font shape `TU/ptm/b/n' undefined
(Font)              using `TU/ptm/bx/n' instead on input line 139.


LaTeX Font Warning: Font shape `TU/ptm/b/n' undefined
(Font)              using `TU/ptm/bx/n' instead on input line 145.


LaTeX Warning: Reference `Pd1' on page 3 undefined on input line 145.


LaTeX Font Warning: Font shape `TU/ptm/b/n' undefined
(Font)              using `TU/ptm/bx/n' instead on input line 149.


LaTeX Warning: Citation `linear' on page 3 undefined on input line 149.


LaTeX Font Warning: Font shape `TU/ptm/b/n' undefined
(Font)              using `TU/ptm/bx/n' instead on input line 158.


LaTeX Warning: Reference `ave_Pd2' on page 3 undefined on input line 158.


LaTeX Font Warning: Font shape `TU/ptm/b/n' undefined
(Font)              using `TU/ptm/bx/n' instead on input line 158.


LaTeX Warning: Reference `ave_Pd2' on page 3 undefined on input line 158.


LaTeX Font Warning: Font shape `TU/ptm/b/n' undefined
(Font)              using `TU/ptm/bx/n' instead on input line 166.


LaTeX Warning: Reference `y_b' on page 3 undefined on input line 166.


LaTeX Font Warning: Font shape `TU/ptm/b/n' undefined
(Font)              using `TU/ptm/bx/n' instead on input line 166.


LaTeX Warning: Citation `Q_app' on page 3 undefined on input line 166.


LaTeX Font Warning: Font shape `TU/ptm/b/n' undefined
(Font)              using `TU/ptm/bx/n' instead on input line 174.


LaTeX Warning: Reference `Pout' on page 3 undefined on input line 174.


LaTeX Font Warning: Font shape `TU/ptm/b/n' undefined
(Font)              using `TU/ptm/bx/n' instead on input line 179.


LaTeX Warning: Citation `short_IRS2' on page 3 undefined on input line 179.

[3]

LaTeX Font Warning: Font shape `TU/ptm/b/n' undefined
(Font)              using `TU/ptm/bx/n' instead on input line 206.


LaTeX Warning: Citation `Q_app' on page 4 undefined on input line 206.


Underfull \hbox (badness 3657) in paragraph at lines 204--207
 \TU/ptm/m/sc/10 where step $\OT1/cmr/m/n/10 (\OML/cmm/m/it/10 a\OT1/cmr/m/n/10
 )$ \TU/ptm/m/sc/10 is due to linear approximation

Underfull \hbox (badness 2119) in paragraph at lines 204--207
\TU/ptm/m/sc/10 of Q-function [?], $\OML/cmm/m/it/10 $  \OT1/cmr/m/n/10 =  []  
\OMS/cmsy/m/n/10 ^^@  \OT1/cmr/m/n/10 1$\TU/ptm/m/sc/10 , $\OML/cmm/m/it/10 ^^W
  \OT1/cmr/m/n/10 =  []$\TU/ptm/m/sc/10 ,

Underfull \hbox (badness 10000) in paragraph at lines 204--207
[] [] \OT1/cmr/m/n/10 = []\OML/cmm/m/it/10 ^^M []$ \TU/ptm/m/sc/10 and $\OML/cm
m/m/it/10 g\OT1/cmr/m/n/10 (\OML/cmm/m/it/10 t\OT1/cmr/m/n/10 ) =

LaTeX Font Warning: Font shape `TU/ptm/b/n' undefined
(Font)              using `TU/ptm/bx/n' instead on input line 210.


LaTeX Warning: Reference `ave_Pd2' on page 4 undefined on input line 210.


LaTeX Font Warning: Font shape `TU/ptm/b/n' undefined
(Font)              using `TU/ptm/bx/n' instead on input line 210.


LaTeX Warning: Reference `Pout1' on page 4 undefined on input line 210.


LaTeX Font Warning: Font shape `TU/ptm/b/n' undefined
(Font)              using `TU/ptm/bx/n' instead on input line 214.


LaTeX Font Warning: Font shape `TU/ptm/b/n' undefined
(Font)              using `TU/ptm/bx/n' instead on input line 224.


LaTeX Warning: Reference `proof_theorem5' on page 4 undefined on input line 224
.


LaTeX Font Warning: Font shape `TU/ptm/b/n' undefined
(Font)              using `TU/ptm/bx/n' instead on input line 229.


LaTeX Warning: Reference `ave_Pd2' on page 4 undefined on input line 229.


LaTeX Font Warning: Font shape `TU/ptm/b/n' undefined
(Font)              using `TU/ptm/bx/n' instead on input line 229.


LaTeX Warning: Reference `Pout1' on page 4 undefined on input line 229.


LaTeX Font Warning: Font shape `TU/ptm/b/n' undefined
(Font)              using `TU/ptm/bx/n' instead on input line 239.


LaTeX Warning: Reference `tradeoff' on page 4 undefined on input line 239.


LaTeX Font Warning: Font shape `TU/ptm/b/n' undefined
(Font)              using `TU/ptm/bx/n' instead on input line 243.


LaTeX Warning: Reference `Pout1' on page 4 undefined on input line 243.


Overfull \hbox (0.78015pt too wide) in paragraph at lines 235--246
 [] 

LaTeX Font Warning: Font shape `TU/ptm/b/n' undefined
(Font)              using `TU/ptm/bx/n' instead on input line 259.


LaTeX Warning: Reference `ave_Pd1' on page 4 undefined on input line 259.


LaTeX Font Warning: Font shape `TU/ptm/b/n' undefined
(Font)              using `TU/ptm/bx/n' instead on input line 259.


LaTeX Warning: Reference `ave_Pd2' on page 4 undefined on input line 259.


LaTeX Font Warning: Font shape `TU/ptm/b/n' undefined
(Font)              using `TU/ptm/bx/n' instead on input line 259.


LaTeX Warning: Reference `Pout1' on page 4 undefined on input line 259.


LaTeX Font Warning: Font shape `TU/ptm/b/n' undefined
(Font)              using `TU/ptm/bx/n' instead on input line 259.


LaTeX Warning: Reference `ave_Pd2' on page 4 undefined on input line 259.


LaTeX Font Warning: Font shape `TU/ptm/b/n' undefined
(Font)              using `TU/ptm/bx/n' instead on input line 259.


LaTeX Warning: Reference `Pout1' on page 4 undefined on input line 259.

[4]

LaTeX Font Warning: Font shape `TU/ptm/b/n' undefined
(Font)              using `TU/ptm/bx/n' instead on input line 266.


LaTeX Warning: Reference `Pout1' on page 5 undefined on input line 266.


LaTeX Font Warning: Font shape `TU/ptm/b/n' undefined
(Font)              using `TU/ptm/bx/n' instead on input line 266.


LaTeX Warning: Reference `Pout1' on page 5 undefined on input line 266.


LaTeX Font Warning: Font shape `TU/ptm/b/n' undefined
(Font)              using `TU/ptm/bx/n' instead on input line 266.


LaTeX Warning: Reference `tradeoff' on page 5 undefined on input line 266.


LaTeX Font Warning: Font shape `TU/ptm/b/n' undefined
(Font)              using `TU/ptm/bx/n' instead on input line 274.


LaTeX Warning: Reference `Pout1' on page 5 undefined on input line 274.


LaTeX Font Warning: Font shape `TU/ptm/b/n' undefined
(Font)              using `TU/ptm/bx/n' instead on input line 274.


LaTeX Warning: Reference `tradeoff' on page 5 undefined on input line 274.

[5]

LaTeX Font Warning: Font shape `TU/ptm/b/n' undefined
(Font)              using `TU/ptm/bx/n' instead on input line 284.


LaTeX Warning: Reference `Pout1' on page 6 undefined on input line 284.


LaTeX Font Warning: Font shape `TU/ptm/b/n' undefined
(Font)              using `TU/ptm/bx/n' instead on input line 304.


LaTeX Warning: Citation `gamma_asy' on page 6 undefined on input line 304.


LaTeX Font Warning: Font shape `TU/ptm/b/n' undefined
(Font)              using `TU/ptm/bx/n' instead on input line 310.


LaTeX Warning: Citation `gamma_resurg' on page 6 undefined on input line 310.


LaTeX Font Warning: Font shape `TU/ptm/b/n' undefined
(Font)              using `TU/ptm/bx/n' instead on input line 310.


LaTeX Warning: Citation `gamma_asy' on page 6 undefined on input line 310.


LaTeX Font Warning: Font shape `TU/ptm/b/n' undefined
(Font)              using `TU/ptm/bx/n' instead on input line 324.


LaTeX Warning: Reference `theorem_Pe_asy' on page 6 undefined on input line 324
.


Underfull \hbox (badness 10000) in paragraph at lines 324--325
[]\TU/ptm/m/sc/10 By substituting $\OML/cmm/m/it/10 x  \OT1/cmr/m/n/10 =  []$ \
TU/ptm/m/sc/10 and $\OML/cmm/m/it/10 r  \OT1/cmr/m/n/10 =
No file 2308.02295_xelatex.bbl.

** Conference Paper **
Before submitting the final camera ready copy, remember to:

 1. Manually equalize the lengths of two columns on the last page
 of your paper;

 2. Ensure that any PostScript and/or PDF output post-processing
 uses only Type 1 fonts and that every step in the generation
 process uses the appropriate paper size.

[6]
(/Users/jovyntan/Desktop/work/fyp/exploration/diff_test_tex_engines/bin/compile
d_tex_pdf/2308.02295/2308.02295_xelatex.aux)

LaTeX Font Warning: Some font shapes were not available, defaults substituted.


LaTeX Warning: There were undefined references.


LaTeX Warning: Label(s) may have changed. Rerun to get cross-references right.

 )
(see the transcript file for additional information)
Output written on /Users/jovyntan/Desktop/work/fyp/exploration/diff_test_tex_en
gines/bin/compiled_tex_pdf/2308.02295/2308.02295_xelatex.pdf (6 pages).
Transcript written on /Users/jovyntan/Desktop/work/fyp/exploration/diff_test_te
x_engines/bin/compiled_tex_pdf/2308.02295/2308.02295_xelatex.log.
