This is pdfTeX, Version 3.141592653-2.6-1.40.22 (TeX Live 2021) (preloaded format=pdflatex)
 restricted \write18 enabled.
entering extended mode
(./conference_101719.tex
LaTeX2e <2020-10-01> patch level 4
L3 programming layer <2021-02-18> (./IEEEtran.cls
Document Class: IEEEtran 2015/08/26 V1.8b by Michael Shell
-- See the "IEEEtran_HOWTO" manual for usage information.
-- http://www.michaelshell.org/tex/ieeetran/
(/usr/local/texlive/2021/texmf-dist/tex/latex/psnfss/ot1ptm.fd)
-- Using 8.5in x 11in (letter) paper.
-- Using PDF output.
-- This is a 10 point document.
)
** ATTENTION: Overriding command lockouts (line 2).
(/usr/local/texlive/2021/texmf-dist/tex/latex/cite/cite.sty)
(/usr/local/texlive/2021/texmf-dist/tex/latex/amsmath/amsmath.sty
For additional information on amsmath, use the `?' option.
(/usr/local/texlive/2021/texmf-dist/tex/latex/amsmath/amstext.sty
(/usr/local/texlive/2021/texmf-dist/tex/latex/amsmath/amsgen.sty))
(/usr/local/texlive/2021/texmf-dist/tex/latex/amsmath/amsbsy.sty)
(/usr/local/texlive/2021/texmf-dist/tex/latex/amsmath/amsopn.sty))
(/usr/local/texlive/2021/texmf-dist/tex/latex/amsfonts/amssymb.sty
(/usr/local/texlive/2021/texmf-dist/tex/latex/amsfonts/amsfonts.sty))
(/usr/local/texlive/2021/texmf-dist/tex/latex/amscls/amsthm.sty)
(/usr/local/texlive/2021/texmf-dist/tex/latex/algorithms/algorithmic.sty
(/usr/local/texlive/2021/texmf-dist/tex/latex/base/ifthen.sty)
(/usr/local/texlive/2021/texmf-dist/tex/latex/graphics/keyval.sty))
(/usr/local/texlive/2021/texmf-dist/tex/latex/graphics/graphicx.sty
(/usr/local/texlive/2021/texmf-dist/tex/latex/graphics/graphics.sty
(/usr/local/texlive/2021/texmf-dist/tex/latex/graphics/trig.sty)
(/usr/local/texlive/2021/texmf-dist/tex/latex/graphics-cfg/graphics.cfg)
(/usr/local/texlive/2021/texmf-dist/tex/latex/graphics-def/pdftex.def)))
(/usr/local/texlive/2021/texmf-dist/tex/latex/base/textcomp.sty)
(/usr/local/texlive/2021/texmf-dist/tex/latex/xcolor/xcolor.sty
(/usr/local/texlive/2021/texmf-dist/tex/latex/graphics-cfg/color.cfg))
(/usr/local/texlive/2021/texmf-dist/tex/latex/tools/longtable.sty)
(/usr/local/texlive/2021/texmf-dist/tex/latex/graphics/rotating.sty)
(/usr/local/texlive/2021/texmf-dist/tex/latex/multirow/multirow.sty)
(/usr/local/texlive/2021/texmf-dist/tex/latex/makecell/makecell.sty
(/usr/local/texlive/2021/texmf-dist/tex/latex/tools/array.sty))
(/usr/local/texlive/2021/texmf-dist/tex/latex/l3backend/l3backend-pdftex.def)
No file 2308.02295_pdflatex.aux.
-- Lines per column: 56 (exact).
(/usr/local/texlive/2021/texmf-dist/tex/context/base/mkii/supp-pdf.mkii
[Loading MPS to PDF converter (version 2006.09.02).]
) (/usr/local/texlive/2021/texmf-dist/tex/latex/epstopdf-pkg/epstopdf-base.sty
(/usr/local/texlive/2021/texmf-dist/tex/latex/latexconfig/epstopdf-sys.cfg))
(/usr/local/texlive/2021/texmf-dist/tex/latex/amsfonts/umsa.fd)
(/usr/local/texlive/2021/texmf-dist/tex/latex/amsfonts/umsb.fd)
(/usr/local/texlive/2021/texmf-dist/tex/latex/psnfss/ts1ptm.fd)
(/usr/local/texlive/2021/texmf-dist/tex/latex/psnfss/omsptm.fd)

LaTeX Warning: Citation `intro_short1' on page 1 undefined on input line 57.


LaTeX Warning: Citation `intro_covert' on page 1 undefined on input line 59.


LaTeX Warning: Citation `intro_covert' on page 1 undefined on input line 59.


LaTeX Warning: Citation `intro_IRS1' on page 1 undefined on input line 59.


LaTeX Warning: Citation `IRS3' on page 1 undefined on input line 61.


LaTeX Warning: Citation `IRS_single10' on page 1 undefined on input line 61.


LaTeX Warning: Citation `IRS_single8' on page 1 undefined on input line 61.


LaTeX Warning: Citation `IRS_single7' on page 1 undefined on input line 61.


LaTeX Warning: Citation `IRS1' on page 1 undefined on input line 61.


LaTeX Warning: Citation `IRS_single2' on page 1 undefined on input line 61.


LaTeX Warning: Citation `IRS_UAV1' on page 1 undefined on input line 61.


LaTeX Warning: Citation `IRS3' on page 1 undefined on input line 63.


LaTeX Warning: Citation `IRS_single8' on page 1 undefined on input line 63.


LaTeX Warning: Citation `IRS_single10' on page 1 undefined on input line 63.


LaTeX Warning: Citation `IRS_single7' on page 1 undefined on input line 63.


LaTeX Warning: Citation `IRS_single2' on page 1 undefined on input line 63.


LaTeX Warning: Citation `IRS_UAV1' on page 1 undefined on input line 63.


LaTeX Warning: Citation `IRS1' on page 1 undefined on input line 63.

[1{/usr/local/texlive/2021/texmf-var/fonts/map/pdftex/updmap/pdftex.map}]

LaTeX Warning: Citation `IRS1' on page 2 undefined on input line 84.


LaTeX Warning: Citation `channel_estimation' on page 2 undefined on input line 
84.


LaTeX Warning: Citation `Willie_CSI3' on page 2 undefined on input line 84.


LaTeX Warning: Citation `multi_antenna' on page 2 undefined on input line 93.


LaTeX Warning: Citation `multi_antenna' on page 2 undefined on input line 97.


LaTeX Warning: Citation `hardware' on page 2 undefined on input line 97.


LaTeX Warning: Citation `self3' on page 2 undefined on input line 102.


LaTeX Warning: Citation `linear' on page 2 undefined on input line 102.

[2 <./figure/system-eps-converted-to.pdf>]

LaTeX Warning: Citation `IRS_single2' on page 3 undefined on input line 126.


LaTeX Warning: Citation `IRS_single2' on page 3 undefined on input line 126.


LaTeX Warning: Citation `multi_exp' on page 3 undefined on input line 126.


LaTeX Warning: Reference `optimal_threshold1' on page 3 undefined on input line
 126.


LaTeX Warning: Reference `Pd1' on page 3 undefined on input line 126.


Underfull \hbox (badness 1852) in paragraph at lines 126--127
\OT1/ptm/m/n/10 fol-lows the com-plex Gaus-sian dis-tri-bu-tion, i.e., $[] \OMS
/cmsy/m/n/10 ^^X

LaTeX Warning: Reference `Pd1_int' on page 3 undefined on input line 133.


LaTeX Warning: Citation `Quadrature' on page 3 undefined on input line 133.


LaTeX Warning: Reference `ave_Pd1' on page 3 undefined on input line 133.


LaTeX Warning: Reference `ave_Pd1' on page 3 undefined on input line 136.


LaTeX Warning: Reference `Pd1' on page 3 undefined on input line 145.


LaTeX Warning: Citation `linear' on page 3 undefined on input line 149.


LaTeX Warning: Reference `ave_Pd2' on page 3 undefined on input line 158.


LaTeX Warning: Reference `ave_Pd2' on page 3 undefined on input line 158.


LaTeX Warning: Reference `y_b' on page 3 undefined on input line 166.


LaTeX Warning: Citation `Q_app' on page 3 undefined on input line 166.


LaTeX Warning: Reference `Pout' on page 3 undefined on input line 174.


LaTeX Warning: Citation `short_IRS2' on page 3 undefined on input line 179.


LaTeX Warning: Citation `Q_app' on page 3 undefined on input line 206.


Underfull \hbox (badness 10000) in paragraph at lines 204--207
 \OT1/ptm/m/n/10 where step $\OT1/cmr/m/n/10 (\OML/cmm/m/it/10 a\OT1/cmr/m/n/10
 )$ \OT1/ptm/m/n/10 is due to lin-ear ap-prox-i-ma-tion

Underfull \hbox (badness 2922) in paragraph at lines 204--207
\OT1/ptm/m/n/10 of Q-function [\OT1/ptm/b/n/10 ?\OT1/ptm/m/n/10 ], $\OML/cmm/m/
it/10 $  \OT1/cmr/m/n/10 =  []  \OMS/cmsy/m/n/10 ^^@  \OT1/cmr/m/n/10 1$\OT1/pt
m/m/n/10 , $\OML/cmm/m/it/10 ^^W  \OT1/cmr/m/n/10 =  []$\OT1/ptm/m/n/10 ,

Underfull \hbox (badness 10000) in paragraph at lines 204--207
[] [] \OT1/cmr/m/n/10 = []\OML/cmm/m/it/10 ^^M []$ \OT1/ptm/m/n/10 and $\OML/cm
m/m/it/10 g\OT1/cmr/m/n/10 (\OML/cmm/m/it/10 t\OT1/cmr/m/n/10 ) =
[3]

LaTeX Warning: Reference `ave_Pd2' on page 4 undefined on input line 210.


LaTeX Warning: Reference `Pout1' on page 4 undefined on input line 210.


LaTeX Warning: Reference `proof_theorem5' on page 4 undefined on input line 224
.


LaTeX Warning: Reference `ave_Pd2' on page 4 undefined on input line 229.


LaTeX Warning: Reference `Pout1' on page 4 undefined on input line 229.


LaTeX Warning: Reference `tradeoff' on page 4 undefined on input line 239.


LaTeX Warning: Reference `Pout1' on page 4 undefined on input line 243.


LaTeX Warning: Reference `ave_Pd1' on page 4 undefined on input line 259.


LaTeX Warning: Reference `ave_Pd2' on page 4 undefined on input line 259.


LaTeX Warning: Reference `Pout1' on page 4 undefined on input line 259.


LaTeX Warning: Reference `ave_Pd2' on page 4 undefined on input line 259.


LaTeX Warning: Reference `Pout1' on page 4 undefined on input line 259.


LaTeX Warning: Reference `Pout1' on page 4 undefined on input line 266.


LaTeX Warning: Reference `Pout1' on page 4 undefined on input line 266.


LaTeX Warning: Reference `tradeoff' on page 4 undefined on input line 266.

[4 <./figure/fig2_re-eps-converted-to.pdf>]

LaTeX Warning: Reference `Pout1' on page 5 undefined on input line 274.


LaTeX Warning: Reference `tradeoff' on page 5 undefined on input line 274.


LaTeX Warning: Reference `Pout1' on page 5 undefined on input line 284.


LaTeX Warning: Citation `gamma_asy' on page 5 undefined on input line 304.

[5 <./figure/fig3_re-eps-converted-to.pdf> <./figure/fig4_re-eps-converted-to.p
df>]

LaTeX Warning: Citation `gamma_resurg' on page 6 undefined on input line 310.


LaTeX Warning: Citation `gamma_asy' on page 6 undefined on input line 310.


LaTeX Warning: Reference `theorem_Pe_asy' on page 6 undefined on input line 324
.


Underfull \hbox (badness 10000) in paragraph at lines 324--325
[]\OT1/ptm/m/n/10 By sub-sti-tut-ing $\OML/cmm/m/it/10 x  \OT1/cmr/m/n/10 =  []
$ \OT1/ptm/m/n/10 and $\OML/cmm/m/it/10 r  \OT1/cmr/m/n/10 =
No file 2308.02295_pdflatex.bbl.

** Conference Paper **
Before submitting the final camera ready copy, remember to:

 1. Manually equalize the lengths of two columns on the last page
 of your paper;

 2. Ensure that any PostScript and/or PDF output post-processing
 uses only Type 1 fonts and that every step in the generation
 process uses the appropriate paper size.

[6]
(/Users/jovyntan/Desktop/work/fyp/exploration/diff_test_tex_engines/bin/compile
d_tex_pdf/2308.02295/2308.02295_pdflatex.aux)

LaTeX Warning: There were undefined references.


LaTeX Warning: Label(s) may have changed. Rerun to get cross-references right.

 )
(see the transcript file for additional information){/usr/local/texlive/2021/te
xmf-dist/fonts/enc/dvips/base/8r.enc}</usr/local/texlive/2021/texmf-dist/fonts/
type1/public/amsfonts/cm/cmbx10.pfb></usr/local/texlive/2021/texmf-dist/fonts/t
ype1/public/amsfonts/cm/cmex10.pfb></usr/local/texlive/2021/texmf-dist/fonts/ty
pe1/public/amsfonts/cmextra/cmex7.pfb></usr/local/texlive/2021/texmf-dist/fonts
/type1/public/amsfonts/cmextra/cmex9.pfb></usr/local/texlive/2021/texmf-dist/fo
nts/type1/public/amsfonts/cm/cmmi10.pfb></usr/local/texlive/2021/texmf-dist/fon
ts/type1/public/amsfonts/cm/cmmi5.pfb></usr/local/texlive/2021/texmf-dist/fonts
/type1/public/amsfonts/cm/cmmi6.pfb></usr/local/texlive/2021/texmf-dist/fonts/t
ype1/public/amsfonts/cm/cmmi7.pfb></usr/local/texlive/2021/texmf-dist/fonts/typ
e1/public/amsfonts/cm/cmmi8.pfb></usr/local/texlive/2021/texmf-dist/fonts/type1
/public/amsfonts/cm/cmmi9.pfb></usr/local/texlive/2021/texmf-dist/fonts/type1/p
ublic/amsfonts/cm/cmr10.pfb></usr/local/texlive/2021/texmf-dist/fonts/type1/pub
lic/amsfonts/cm/cmr5.pfb></usr/local/texlive/2021/texmf-dist/fonts/type1/public
/amsfonts/cm/cmr6.pfb></usr/local/texlive/2021/texmf-dist/fonts/type1/public/am
sfonts/cm/cmr7.pfb></usr/local/texlive/2021/texmf-dist/fonts/type1/public/amsfo
nts/cm/cmr8.pfb></usr/local/texlive/2021/texmf-dist/fonts/type1/public/amsfonts
/cm/cmr9.pfb></usr/local/texlive/2021/texmf-dist/fonts/type1/public/amsfonts/cm
/cmsy10.pfb></usr/local/texlive/2021/texmf-dist/fonts/type1/public/amsfonts/cm/
cmsy5.pfb></usr/local/texlive/2021/texmf-dist/fonts/type1/public/amsfonts/cm/cm
sy6.pfb></usr/local/texlive/2021/texmf-dist/fonts/type1/public/amsfonts/cm/cmsy
7.pfb></usr/local/texlive/2021/texmf-dist/fonts/type1/public/amsfonts/cm/cmsy8.
pfb></usr/local/texlive/2021/texmf-dist/fonts/type1/public/amsfonts/cm/cmsy9.pf
b></usr/local/texlive/2021/texmf-dist/fonts/type1/public/amsfonts/symbols/msam1
0.pfb></usr/local/texlive/2021/texmf-dist/fonts/type1/urw/times/utmb8a.pfb></us
r/local/texlive/2021/texmf-dist/fonts/type1/urw/times/utmbi8a.pfb></usr/local/t
exlive/2021/texmf-dist/fonts/type1/urw/times/utmr8a.pfb></usr/local/texlive/202
1/texmf-dist/fonts/type1/urw/times/utmri8a.pfb>
Output written on /Users/jovyntan/Desktop/work/fyp/exploration/diff_test_tex_en
gines/bin/compiled_tex_pdf/2308.02295/2308.02295_pdflatex.pdf (6 pages, 741765 
bytes).
Transcript written on /Users/jovyntan/Desktop/work/fyp/exploration/diff_test_te
x_engines/bin/compiled_tex_pdf/2308.02295/2308.02295_pdflatex.log.
