This is pdfTeX, Version 3.141592653-2.6-1.40.22 (TeX Live 2021) (preloaded format=pdflatex)
 restricted \write18 enabled.
entering extended mode
(./CoMP_NOMA_downlink.tex
LaTeX2e <2020-10-01> patch level 4
L3 programming layer <2021-02-18> (./IEEEtran.cls
Document Class: IEEEtran 2015/08/26 V1.8b by Michael Shell
-- See the "IEEEtran_HOWTO" manual for usage information.
-- http://www.michaelshell.org/tex/ieeetran/
(/usr/local/texlive/2021/texmf-dist/tex/latex/psnfss/ot1ptm.fd)
-- Using 8.5in x 11in (letter) paper.
-- Using PDF output.
-- This is a 10 point document.
) (/usr/local/texlive/2021/texmf-dist/tex/latex/graphics/graphicx.sty
(/usr/local/texlive/2021/texmf-dist/tex/latex/graphics/keyval.sty)
(/usr/local/texlive/2021/texmf-dist/tex/latex/graphics/graphics.sty
(/usr/local/texlive/2021/texmf-dist/tex/latex/graphics/trig.sty)
(/usr/local/texlive/2021/texmf-dist/tex/latex/graphics-cfg/graphics.cfg)
(/usr/local/texlive/2021/texmf-dist/tex/latex/graphics-def/pdftex.def)))
(/usr/local/texlive/2021/texmf-dist/tex/latex/caption/caption.sty
(/usr/local/texlive/2021/texmf-dist/tex/latex/caption/caption3.sty)

Package caption Warning: Unknown document class (or package),
(caption)                standard defaults will be used.
See the caption package documentation for explanation.

) (/usr/local/texlive/2021/texmf-dist/tex/latex/algorithm2e/algorithm2e.sty
(/usr/local/texlive/2021/texmf-dist/tex/latex/base/ifthen.sty)
(/usr/local/texlive/2021/texmf-dist/tex/latex/ifoddpage/ifoddpage.sty)
(/usr/local/texlive/2021/texmf-dist/tex/latex/tools/xspace.sty)
(/usr/local/texlive/2021/texmf-dist/tex/latex/relsize/relsize.sty))
(/usr/local/texlive/2021/texmf-dist/tex/latex/subfig/subfig.sty)
(/usr/local/texlive/2021/texmf-dist/tex/latex/tools/indentfirst.sty)
(/usr/local/texlive/2021/texmf-dist/tex/latex/amsmath/amsmath.sty
For additional information on amsmath, use the `?' option.
(/usr/local/texlive/2021/texmf-dist/tex/latex/amsmath/amstext.sty
(/usr/local/texlive/2021/texmf-dist/tex/latex/amsmath/amsgen.sty))
(/usr/local/texlive/2021/texmf-dist/tex/latex/amsmath/amsbsy.sty)
(/usr/local/texlive/2021/texmf-dist/tex/latex/amsmath/amsopn.sty))
(/usr/local/texlive/2021/texmf-dist/tex/latex/amsfonts/amssymb.sty
(/usr/local/texlive/2021/texmf-dist/tex/latex/amsfonts/amsfonts.sty))
(/usr/local/texlive/2021/texmf-dist/tex/latex/psnfss/times.sty)
(/usr/local/texlive/2021/texmf-dist/tex/latex/mathtools/mathtools.sty
(/usr/local/texlive/2021/texmf-dist/tex/latex/tools/calc.sty)
(/usr/local/texlive/2021/texmf-dist/tex/latex/mathtools/mhsetup.sty))
(/usr/local/texlive/2021/texmf-dist/tex/latex/psfrag/psfrag.sty)
(/usr/local/texlive/2021/texmf-dist/tex/latex/cite/cite.sty)
(/usr/local/texlive/2021/texmf-dist/tex/latex/lastpage/lastpage.sty)
(/usr/local/texlive/2021/texmf-dist/tex/latex/fancyhdr/fancyhdr.sty)
(/usr/local/texlive/2021/texmf-dist/tex/latex/graphics/color.sty
(/usr/local/texlive/2021/texmf-dist/tex/latex/graphics-cfg/color.cfg))
(/usr/local/texlive/2021/texmf-dist/tex/latex/amscls/amsthm.sty)
(/usr/local/texlive/2021/texmf-dist/tex/latex/bigints/bigints.sty)
(/usr/local/texlive/2021/texmf-dist/tex/latex/l3backend/l3backend-pdftex.def)

LaTeX Warning: Unused global option(s):
    [doublecolumn].

No file 2308.00499_pdflatex.aux.
-- Lines per column: 58 (exact).
(/usr/local/texlive/2021/texmf-dist/tex/context/base/mkii/supp-pdf.mkii
[Loading MPS to PDF converter (version 2006.09.02).]
) (/usr/local/texlive/2021/texmf-dist/tex/latex/epstopdf-pkg/epstopdf-base.sty
(/usr/local/texlive/2021/texmf-dist/tex/latex/latexconfig/epstopdf-sys.cfg))
(/usr/local/texlive/2021/texmf-dist/tex/latex/psnfss/omsptm.fd)

LaTeX Warning: Citation `irmer2011coordinated' on page 1 undefined on input lin
e 98.


LaTeX Warning: Citation `maccartney2019millimeter' on page 1 undefined on input
 line 98.


LaTeX Warning: Citation `choi2014non' on page 1 undefined on input line 100.


LaTeX Warning: Citation `ali2018downlink' on page 1 undefined on input line 100
.


LaTeX Warning: Citation `sys2017nnomafeasibility' on page 1 undefined on input 
line 100.


LaTeX Warning: Citation `elhattab2022joint' on page 1 undefined on input line 1
03.


LaTeX Warning: Citation `elhattab2022ris' on page 1 undefined on input line 103
.


LaTeX Warning: Citation `wang2020power' on page 1 undefined on input line 103.


LaTeX Warning: Citation `elhattab2020joint' on page 1 undefined on input line 1
03.


LaTeX Warning: Citation `haenggi2012stochastic' on page 1 undefined on input li
ne 103.


LaTeX Warning: Citation `sys2019PCP' on page 1 undefined on input line 103.


LaTeX Warning: Citation `zhang2020performance' on page 1 undefined on input lin
e 103.


LaTeX Warning: Citation `sun2021outage' on page 1 undefined on input line 103.


LaTeX Warning: Citation `elhattab2020comp' on page 1 undefined on input line 10
4.


LaTeX Warning: Citation `zhang2020performance' on page 1 undefined on input lin
e 106.


LaTeX Warning: Citation `sun2021outage' on page 1 undefined on input line 106.


LaTeX Warning: Citation `elhattab2020comp' on page 1 undefined on input line 10
6.


LaTeX Warning: Citation `tanbourgi2014tractable' on page 1 undefined on input l
ine 108.

(/usr/local/texlive/2021/texmf-dist/tex/latex/amsfonts/umsa.fd)
(/usr/local/texlive/2021/texmf-dist/tex/latex/amsfonts/umsb.fd)

LaTeX Warning: Citation `zhang2020performance' on page 1 undefined on input lin
e 110.


LaTeX Warning: Citation `sun2021outage' on page 1 undefined on input line 110.


LaTeX Warning: Citation `elhattab2020comp' on page 1 undefined on input line 11
0.


LaTeX Warning: Reference `system_model' on page 1 undefined on input line 117.


LaTeX Warning: Citation `haenggi2012stochastic' on page 1 undefined on input li
ne 118.


LaTeX Warning: Reference `system_model' on page 1 undefined on input line 120.

[1
Non-PDF special ignored!
<special> header=psfrag.pro
{/usr/local/texlive/2021/texmf-var/fonts/map/pdftex/updmap/pdftex.map}]

LaTeX Warning: Citation `tanbourgi2014tractable' on page 2 undefined on input l
ine 151.


LaTeX Warning: Citation `tanbourgi2014tractable' on page 2 undefined on input l
ine 159.


LaTeX Warning: Reference `receive_0' on page 2 undefined on input line 160.


LaTeX Warning: Citation `tanbourgi2014tractable' on page 2 undefined on input l
ine 162.


LaTeX Warning: Citation `tanbourgi2014tractable' on page 2 undefined on input l
ine 162.

[2 <./system_model-eps-converted-to.pdf>]

LaTeX Warning: Citation `sys2022QD' on page 3 undefined on input line 185.


LaTeX Warning: Citation `hildebrand1987introduction' on page 3 undefined on inp
ut line 194.


LaTeX Warning: Reference `sum_exp' on page 3 undefined on input line 207.


LaTeX Warning: Citation `sys2019PCP' on page 3 undefined on input line 207.


LaTeX Warning: Citation `sys2019PCP' on page 3 undefined on input line 207.


LaTeX Warning: Reference `sum_exp' on page 3 undefined on input line 207.


LaTeX Warning: Citation `haenggi2012stochastic' on page 3 undefined on input li
ne 209.


LaTeX Warning: Citation `ding2018coexistence' on page 3 undefined on input line
 210.


Package amsmath Warning: Foreign command \atopwithdelims;
(amsmath)                \frac or \genfrac should be used instead
(amsmath)                 on input line 216.


Overfull \hbox (2.46341pt too wide) detected at line 236
[]

Overfull \hbox (5.59004pt too wide) detected at line 252
[]
[3]

LaTeX Warning: Citation `haenggi2012stochastic' on page 4 undefined on input li
ne 257.


LaTeX Warning: Reference `G_M_pdf' on page 4 undefined on input line 268.


LaTeX Warning: Reference `F_G_M' on page 4 undefined on input line 277.


LaTeX Warning: Reference `gamma_sum' on page 4 undefined on input line 292.


LaTeX Warning: Citation `sysmmwave2018' on page 4 undefined on input line 292.


Overfull \hbox (5.98868pt too wide) detected at line 324
[]

LaTeX Warning: Reference `sum_exp' on page 4 undefined on input line 337.


LaTeX Warning: Reference `SINRi0' on page 4 undefined on input line 343.


LaTeX Warning: Reference `SINRiii' on page 4 undefined on input line 343.


LaTeX Warning: Reference `Def_P_i' on page 4 undefined on input line 343.


Overfull \hbox (0.55556pt too wide) detected at line 350
[]

LaTeX Warning: Reference `F_z_ik' on page 4 undefined on input line 356.

[4]
Overfull \hbox (5.39424pt too wide) detected at line 379
[]

LaTeX Warning: Citation `sys2019PCP' on page 5 undefined on input line 380.


LaTeX Warning: Reference `NOMA_outage_Pro' on page 5 undefined on input line 38
6.


LaTeX Warning: Citation `hildebrand1987introduction' on page 5 undefined on inp
ut line 387.


LaTeX Warning: Reference `accuracy_CoMP' on page 5 undefined on input line 403.



LaTeX Warning: Reference `accuracy_NOMA' on page 5 undefined on input line 406.



LaTeX Warning: Reference `impact_beta' on page 5 undefined on input line 428.


LaTeX Warning: Reference `Def_P_i' on page 5 undefined on input line 429.


LaTeX Warning: Reference `compare' on page 5 undefined on input line 465.


LaTeX Warning: Reference `compare' on page 5 undefined on input line 465.


LaTeX Warning: Reference `compare' on page 5 undefined on input line 465.


LaTeX Warning: Reference `compare' on page 5 undefined on input line 468.


LaTeX Warning: Reference `compare' on page 5 undefined on input line 469.

[5 <./accuracy_CoMP-eps-converted-to.pdf> <./accuracy_NOMA-eps-converted-to.pdf
> <./impact_beta-eps-converted-to.pdf>]
No file 2308.00499_pdflatex.bbl.

Package lastpage Warning: Rerun to get the references right on input line 479.


AED: lastpage setting LastPage
[6 <./compare_rate-eps-converted-to.pdf> <./compare_rate_outages-eps-converted-
to.pdf>]
(/Users/jovyntan/Desktop/work/fyp/exploration/diff_test_tex_engines/bin/compile
d_tex_pdf/2308.00499/2308.00499_pdflatex.aux)

LaTeX Warning: There were undefined references.


LaTeX Warning: Label(s) may have changed. Rerun to get cross-references right.

 )
(see the transcript file for additional information){/usr/local/texlive/2021/te
xmf-dist/fonts/enc/dvips/base/8r.enc}</usr/local/texlive/2021/texmf-dist/fonts/
type1/public/amsfonts/cm/cmex10.pfb></usr/local/texlive/2021/texmf-dist/fonts/t
ype1/public/amsfonts/cm/cmmi10.pfb></usr/local/texlive/2021/texmf-dist/fonts/ty
pe1/public/amsfonts/cm/cmmi5.pfb></usr/local/texlive/2021/texmf-dist/fonts/type
1/public/amsfonts/cm/cmmi6.pfb></usr/local/texlive/2021/texmf-dist/fonts/type1/
public/amsfonts/cm/cmmi7.pfb></usr/local/texlive/2021/texmf-dist/fonts/type1/pu
blic/amsfonts/cm/cmmi8.pfb></usr/local/texlive/2021/texmf-dist/fonts/type1/publ
ic/amsfonts/cm/cmr10.pfb></usr/local/texlive/2021/texmf-dist/fonts/type1/public
/amsfonts/cm/cmr5.pfb></usr/local/texlive/2021/texmf-dist/fonts/type1/public/am
sfonts/cm/cmr7.pfb></usr/local/texlive/2021/texmf-dist/fonts/type1/public/amsfo
nts/cm/cmsy10.pfb></usr/local/texlive/2021/texmf-dist/fonts/type1/public/amsfon
ts/cm/cmsy5.pfb></usr/local/texlive/2021/texmf-dist/fonts/type1/public/amsfonts
/cm/cmsy7.pfb></usr/local/texlive/2021/texmf-dist/fonts/type1/public/amsfonts/c
m/cmsy8.pfb></usr/local/texlive/2021/texmf-dist/fonts/type1/public/amsfonts/sym
bols/msbm10.pfb></usr/local/texlive/2021/texmf-dist/fonts/type1/urw/times/utmb8
a.pfb></usr/local/texlive/2021/texmf-dist/fonts/type1/urw/times/utmbi8a.pfb></u
sr/local/texlive/2021/texmf-dist/fonts/type1/urw/times/utmr8a.pfb></usr/local/t
exlive/2021/texmf-dist/fonts/type1/urw/times/utmri8a.pfb>
Output written on /Users/jovyntan/Desktop/work/fyp/exploration/diff_test_tex_en
gines/bin/compiled_tex_pdf/2308.00499/2308.00499_pdflatex.pdf (6 pages, 497291 
bytes).
Transcript written on /Users/jovyntan/Desktop/work/fyp/exploration/diff_test_te
x_engines/bin/compiled_tex_pdf/2308.00499/2308.00499_pdflatex.log.
