This is pdfTeX, Version 3.141592653-2.6-1.40.22 (TeX Live 2021) (preloaded format=pdflatex 2021.12.5)  20 AUG 2023 02:08
entering extended mode
 restricted \write18 enabled.
 %&-line parsing enabled.
**main_final_0804.tex
(./main_final_0804.tex
LaTeX2e <2020-10-01> patch level 4
L3 programming layer <2021-02-18>
(/usr/local/texlive/2021/texmf-dist/tex/latex/IEEEtran/IEEEtran.cls
Document Class: IEEEtran 2015/08/26 V1.8b by Michael Shell
-- See the "IEEEtran_HOWTO" manual for usage information.
-- http://www.michaelshell.org/tex/ieeetran/
\@IEEEtrantmpdimenA=\dimen138
\@IEEEtrantmpdimenB=\dimen139
\@IEEEtrantmpdimenC=\dimen140
\@IEEEtrantmpcountA=\count179
\@IEEEtrantmpcountB=\count180
\@IEEEtrantmpcountC=\count181
\@IEEEtrantmptoksA=\toks15
LaTeX Font Info:    Trying to load font information for OT1+ptm on input line 5
03.
(/usr/local/texlive/2021/texmf-dist/tex/latex/psnfss/ot1ptm.fd
File: ot1ptm.fd 2001/06/04 font definitions for OT1/ptm.
)
-- Using 8.5in x 11in (letter) paper.
-- Using PDF output.
\@IEEEnormalsizeunitybaselineskip=\dimen141
-- This is a 10 point document.
\CLASSINFOnormalsizebaselineskip=\dimen142
\CLASSINFOnormalsizeunitybaselineskip=\dimen143
\IEEEnormaljot=\dimen144
LaTeX Font Info:    Font shape `OT1/ptm/bx/n' in size <5> not available
(Font)              Font shape `OT1/ptm/b/n' tried instead on input line 1090.
LaTeX Font Info:    Font shape `OT1/ptm/bx/it' in size <5> not available
(Font)              Font shape `OT1/ptm/b/it' tried instead on input line 1090.

LaTeX Font Info:    Font shape `OT1/ptm/bx/n' in size <7> not available
(Font)              Font shape `OT1/ptm/b/n' tried instead on input line 1090.
LaTeX Font Info:    Font shape `OT1/ptm/bx/it' in size <7> not available
(Font)              Font shape `OT1/ptm/b/it' tried instead on input line 1090.

LaTeX Font Info:    Font shape `OT1/ptm/bx/n' in size <8> not available
(Font)              Font shape `OT1/ptm/b/n' tried instead on input line 1090.
LaTeX Font Info:    Font shape `OT1/ptm/bx/it' in size <8> not available
(Font)              Font shape `OT1/ptm/b/it' tried instead on input line 1090.

LaTeX Font Info:    Font shape `OT1/ptm/bx/n' in size <9> not available
(Font)              Font shape `OT1/ptm/b/n' tried instead on input line 1090.
LaTeX Font Info:    Font shape `OT1/ptm/bx/it' in size <9> not available
(Font)              Font shape `OT1/ptm/b/it' tried instead on input line 1090.

LaTeX Font Info:    Font shape `OT1/ptm/bx/n' in size <10> not available
(Font)              Font shape `OT1/ptm/b/n' tried instead on input line 1090.
LaTeX Font Info:    Font shape `OT1/ptm/bx/it' in size <10> not available
(Font)              Font shape `OT1/ptm/b/it' tried instead on input line 1090.

LaTeX Font Info:    Font shape `OT1/ptm/bx/n' in size <11> not available
(Font)              Font shape `OT1/ptm/b/n' tried instead on input line 1090.
LaTeX Font Info:    Font shape `OT1/ptm/bx/it' in size <11> not available
(Font)              Font shape `OT1/ptm/b/it' tried instead on input line 1090.

LaTeX Font Info:    Font shape `OT1/ptm/bx/n' in size <12> not available
(Font)              Font shape `OT1/ptm/b/n' tried instead on input line 1090.
LaTeX Font Info:    Font shape `OT1/ptm/bx/it' in size <12> not available
(Font)              Font shape `OT1/ptm/b/it' tried instead on input line 1090.

LaTeX Font Info:    Font shape `OT1/ptm/bx/n' in size <17> not available
(Font)              Font shape `OT1/ptm/b/n' tried instead on input line 1090.
LaTeX Font Info:    Font shape `OT1/ptm/bx/it' in size <17> not available
(Font)              Font shape `OT1/ptm/b/it' tried instead on input line 1090.

LaTeX Font Info:    Font shape `OT1/ptm/bx/n' in size <20> not available
(Font)              Font shape `OT1/ptm/b/n' tried instead on input line 1090.
LaTeX Font Info:    Font shape `OT1/ptm/bx/it' in size <20> not available
(Font)              Font shape `OT1/ptm/b/it' tried instead on input line 1090.

LaTeX Font Info:    Font shape `OT1/ptm/bx/n' in size <24> not available
(Font)              Font shape `OT1/ptm/b/n' tried instead on input line 1090.
LaTeX Font Info:    Font shape `OT1/ptm/bx/it' in size <24> not available
(Font)              Font shape `OT1/ptm/b/it' tried instead on input line 1090.

\IEEEquantizedlength=\dimen145
\IEEEquantizedlengthdiff=\dimen146
\IEEEquantizedtextheightdiff=\dimen147
\IEEEilabelindentA=\dimen148
\IEEEilabelindentB=\dimen149
\IEEEilabelindent=\dimen150
\IEEEelabelindent=\dimen151
\IEEEdlabelindent=\dimen152
\IEEElabelindent=\dimen153
\IEEEiednormlabelsep=\dimen154
\IEEEiedmathlabelsep=\dimen155
\IEEEiedtopsep=\skip47
\c@section=\count182
\c@subsection=\count183
\c@subsubsection=\count184
\c@paragraph=\count185
\c@IEEEsubequation=\count186
\abovecaptionskip=\skip48
\belowcaptionskip=\skip49
\c@figure=\count187
\c@table=\count188
\@IEEEeqnnumcols=\count189
\@IEEEeqncolcnt=\count190
\@IEEEsubeqnnumrollback=\count191
\@IEEEquantizeheightA=\dimen156
\@IEEEquantizeheightB=\dimen157
\@IEEEquantizeheightC=\dimen158
\@IEEEquantizeprevdepth=\dimen159
\@IEEEquantizemultiple=\count192
\@IEEEquantizeboxA=\box47
\@IEEEtmpitemindent=\dimen160
\IEEEPARstartletwidth=\dimen161
\c@IEEEbiography=\count193
\@IEEEtranrubishbin=\box48
)
** ATTENTION: Overriding command lockouts (line 2).
(/usr/local/texlive/2021/texmf-dist/tex/latex/cjk-ko/kotex.sty
Package: kotex 2015/04/19 v1.6 Korean TeX (ko.TeX)

(/usr/local/texlive/2021/texmf-dist/tex/latex/kotex-utf/kotex.cfg)
(/usr/local/texlive/2021/texmf-dist/tex/latex/kotex-utf/kotexutf.sty
Package: kotexutf 2015/07/18 v2.1.1 typesetting UTF-8 Korean documents

(/usr/local/texlive/2021/texmf-dist/tex/latex/base/inputenc.sty
Package: inputenc 2020/08/01 v1.3d Input encoding file
\inpenc@prehook=\toks16
\inpenc@posthook=\toks17
)
(/usr/local/texlive/2021/texmf-dist/tex/plain/kotex-plain/kotexutf-core.tex
\unih@ngulpoint=\count194
\dhucs@emph@raise=\dimen162
)
Now handling font encoding LUC ...
... processing UTF-8 mapping file for font encoding LUC

(/usr/local/texlive/2021/texmf-dist/tex/latex/kotex-utf/lucenc.dfu
File: lucenc.dfu 2007/09/05 UTF-8 support for dhucs
   defining Unicode char U+00B7 (decimal 183)
   defining Unicode char U+2018 (decimal 8216)
   defining Unicode char U+2019 (decimal 8217)
   defining Unicode char U+201C (decimal 8220)
   defining Unicode char U+201D (decimal 8221)
   defining Unicode char U+3001 (decimal 12289)
   defining Unicode char U+3002 (decimal 12290)
   defining Unicode char U+3008 (decimal 12296)
   defining Unicode char U+3009 (decimal 12297)
   defining Unicode char U+300A (decimal 12298)
   defining Unicode char U+300B (decimal 12299)
   defining Unicode char U+300C (decimal 12300)
   defining Unicode char U+300D (decimal 12301)
   defining Unicode char U+300E (decimal 12302)
   defining Unicode char U+300F (decimal 12303)
   defining Unicode char U+3010 (decimal 12304)
   defining Unicode char U+3011 (decimal 12305)
   defining Unicode char U+3014 (decimal 12308)
   defining Unicode char U+3015 (decimal 12309)
   defining Unicode char U+3016 (decimal 12310)
   defining Unicode char U+3017 (decimal 12311)
   defining Unicode char U+3018 (decimal 12312)
   defining Unicode char U+3019 (decimal 12313)
   defining Unicode char U+301A (decimal 12314)
   defining Unicode char U+301B (decimal 12315)
   defining Unicode char U+FF01 (decimal 65281)
   defining Unicode char U+FF08 (decimal 65288)
   defining Unicode char U+FF09 (decimal 65289)
   defining Unicode char U+FF0C (decimal 65292)
   defining Unicode char U+FF0E (decimal 65294)
   defining Unicode char U+FF1A (decimal 65306)
   defining Unicode char U+FF1B (decimal 65307)
   defining Unicode char U+FF1C (decimal 65308)
   defining Unicode char U+FF1D (decimal 65309)
   defining Unicode char U+FF1E (decimal 65310)
   defining Unicode char U+FF1F (decimal 65311)
   defining Unicode char U+FF3B (decimal 65339)
   defining Unicode char U+FF3D (decimal 65341)
   defining Unicode char U+FF5B (decimal 65371)
   defining Unicode char U+FF5D (decimal 65373)
   defining Unicode char U+FF61 (decimal 65377)
   defining Unicode char U+FF62 (decimal 65378)
   defining Unicode char U+FF63 (decimal 65379)
   defining Unicode char U+FF64 (decimal 65380)
   defining Unicode char U+FF65 (decimal 65381)
)
\@josa=\count195
\josatoks=\toks18

(/usr/local/texlive/2021/texmf-dist/tex/latex/cjk-ko/kolabels-utf.sty
Package: kolabels-utf 2015/03/20 v1.5 UTF-8 Hangul item labels
)))
(/usr/local/texlive/2021/texmf-dist/tex/latex/url/url.sty
\Urlmuskip=\muskip16
Package: url 2013/09/16  ver 3.4  Verb mode for urls, etc.
)
(/usr/local/texlive/2021/texmf-dist/tex/latex/cite/cite.sty
LaTeX Info: Redefining \cite on input line 302.
LaTeX Info: Redefining \nocite on input line 332.
Package: cite 2015/02/27  v 5.5
)
(/usr/local/texlive/2021/texmf-dist/tex/latex/lipsum/lipsum.sty
(/usr/local/texlive/2021/texmf-dist/tex/latex/l3kernel/expl3.sty
Package: expl3 2021-02-18 L3 programming layer (loader) 

(/usr/local/texlive/2021/texmf-dist/tex/latex/l3backend/l3backend-pdftex.def
File: l3backend-pdftex.def 2021-03-18 L3 backend support: PDF output (pdfTeX)
\l__color_backend_stack_int=\count196
\l__pdf_internal_box=\box49
))
(/usr/local/texlive/2021/texmf-dist/tex/latex/l3packages/xparse/xparse.sty
(/usr/local/texlive/2021/texmf-dist/tex/latex/l3packages/xparse/xparse-2020-10-
01.sty
(/usr/local/texlive/2021/texmf-dist/tex/latex/l3packages/xparse/xparse-generic.
tex)))
Package: lipsum 2021-03-03 v2.3 150 paragraphs of Lorem Ipsum dummy text
 (/usr/local/texlive/2021/texmf-dist/tex/latex/lipsum/lipsum.ltd.tex
File: lipsum.ltd.tex 2021-03-03 v2.3 The Lorem ipsum dummy text
))
(/usr/local/texlive/2021/texmf-dist/tex/latex/graphics/graphicx.sty
Package: graphicx 2020/09/09 v1.2b Enhanced LaTeX Graphics (DPC,SPQR)

(/usr/local/texlive/2021/texmf-dist/tex/latex/graphics/keyval.sty
Package: keyval 2014/10/28 v1.15 key=value parser (DPC)
\KV@toks@=\toks19
)
(/usr/local/texlive/2021/texmf-dist/tex/latex/graphics/graphics.sty
Package: graphics 2020/08/30 v1.4c Standard LaTeX Graphics (DPC,SPQR)

(/usr/local/texlive/2021/texmf-dist/tex/latex/graphics/trig.sty
Package: trig 2016/01/03 v1.10 sin cos tan (DPC)
)
(/usr/local/texlive/2021/texmf-dist/tex/latex/graphics-cfg/graphics.cfg
File: graphics.cfg 2016/06/04 v1.11 sample graphics configuration
)
Package graphics Info: Driver file: pdftex.def on input line 105.

(/usr/local/texlive/2021/texmf-dist/tex/latex/graphics-def/pdftex.def
File: pdftex.def 2020/10/05 v1.2a Graphics/color driver for pdftex
))
\Gin@req@height=\dimen163
\Gin@req@width=\dimen164
)
(/usr/local/texlive/2021/texmf-dist/tex/latex/amsmath/amsmath.sty
Package: amsmath 2020/09/23 v2.17i AMS math features
\@mathmargin=\skip50

For additional information on amsmath, use the `?' option.
(/usr/local/texlive/2021/texmf-dist/tex/latex/amsmath/amstext.sty
Package: amstext 2000/06/29 v2.01 AMS text

(/usr/local/texlive/2021/texmf-dist/tex/latex/amsmath/amsgen.sty
File: amsgen.sty 1999/11/30 v2.0 generic functions
\@emptytoks=\toks20
\ex@=\dimen165
))
(/usr/local/texlive/2021/texmf-dist/tex/latex/amsmath/amsbsy.sty
Package: amsbsy 1999/11/29 v1.2d Bold Symbols
\pmbraise@=\dimen166
)
(/usr/local/texlive/2021/texmf-dist/tex/latex/amsmath/amsopn.sty
Package: amsopn 2016/03/08 v2.02 operator names
)
\inf@bad=\count197
LaTeX Info: Redefining \frac on input line 234.
\uproot@=\count198
\leftroot@=\count199
LaTeX Info: Redefining \overline on input line 399.
\classnum@=\count266
\DOTSCASE@=\count267
LaTeX Info: Redefining \ldots on input line 496.
LaTeX Info: Redefining \dots on input line 499.
LaTeX Info: Redefining \cdots on input line 620.
\Mathstrutbox@=\box50
\strutbox@=\box51
\big@size=\dimen167
LaTeX Font Info:    Redeclaring font encoding OML on input line 743.
LaTeX Font Info:    Redeclaring font encoding OMS on input line 744.
\macc@depth=\count268
\c@MaxMatrixCols=\count269
\dotsspace@=\muskip17
\c@parentequation=\count270
\dspbrk@lvl=\count271
\tag@help=\toks21
\row@=\count272
\column@=\count273
\maxfields@=\count274
\andhelp@=\toks22
\eqnshift@=\dimen168
\alignsep@=\dimen169
\tagshift@=\dimen170
\tagwidth@=\dimen171
\totwidth@=\dimen172
\lineht@=\dimen173
\@envbody=\toks23
\multlinegap=\skip51
\multlinetaggap=\skip52
\mathdisplay@stack=\toks24
LaTeX Info: Redefining \[ on input line 2923.
LaTeX Info: Redefining \] on input line 2924.
)
(/usr/local/texlive/2021/texmf-dist/tex/latex/amsfonts/amsfonts.sty
Package: amsfonts 2013/01/14 v3.01 Basic AMSFonts support
\symAMSa=\mathgroup4
\symAMSb=\mathgroup5
LaTeX Font Info:    Redeclaring math symbol \hbar on input line 98.
LaTeX Font Info:    Overwriting math alphabet `\mathfrak' in version `bold'
(Font)                  U/euf/m/n --> U/euf/b/n on input line 106.
)
(/usr/local/texlive/2021/texmf-dist/tex/latex/amsfonts/amssymb.sty
Package: amssymb 2013/01/14 v3.01 AMS font symbols
)
(/usr/local/texlive/2021/texmf-dist/tex/latex/xcolor/xcolor.sty
Package: xcolor 2016/05/11 v2.12 LaTeX color extensions (UK)

(/usr/local/texlive/2021/texmf-dist/tex/latex/graphics-cfg/color.cfg
File: color.cfg 2016/01/02 v1.6 sample color configuration
)
Package xcolor Info: Driver file: pdftex.def on input line 225.
Package xcolor Info: Model `cmy' substituted by `cmy0' on input line 1348.
Package xcolor Info: Model `hsb' substituted by `rgb' on input line 1352.
Package xcolor Info: Model `RGB' extended on input line 1364.
Package xcolor Info: Model `HTML' substituted by `rgb' on input line 1366.
Package xcolor Info: Model `Hsb' substituted by `hsb' on input line 1367.
Package xcolor Info: Model `tHsb' substituted by `hsb' on input line 1368.
Package xcolor Info: Model `HSB' substituted by `hsb' on input line 1369.
Package xcolor Info: Model `Gray' substituted by `gray' on input line 1370.
Package xcolor Info: Model `wave' substituted by `hsb' on input line 1371.
)
(/usr/local/texlive/2021/texmf-dist/tex/latex/booktabs/booktabs.sty
Package: booktabs 2020/01/12 v1.61803398 Publication quality tables
\heavyrulewidth=\dimen174
\lightrulewidth=\dimen175
\cmidrulewidth=\dimen176
\belowrulesep=\dimen177
\belowbottomsep=\dimen178
\aboverulesep=\dimen179
\abovetopsep=\dimen180
\cmidrulesep=\dimen181
\cmidrulekern=\dimen182
\defaultaddspace=\dimen183
\@cmidla=\count275
\@cmidlb=\count276
\@aboverulesep=\dimen184
\@belowrulesep=\dimen185
\@thisruleclass=\count277
\@lastruleclass=\count278
\@thisrulewidth=\dimen186
)
(/usr/local/texlive/2021/texmf-dist/tex/latex/multirow/multirow.sty
Package: multirow 2021/03/15 v2.8 Span multiple rows of a table
\multirow@colwidth=\skip53
\multirow@cntb=\count279
\multirow@dima=\skip54
\bigstrutjot=\dimen187
)
(/usr/local/texlive/2021/texmf-dist/tex/latex/tools/array.sty
Package: array 2020/10/01 v2.5c Tabular extension package (FMi)
\col@sep=\dimen188
\ar@mcellbox=\box52
\extrarowheight=\dimen189
\NC@list=\toks25
\extratabsurround=\skip55
\backup@length=\skip56
\ar@cellbox=\box53
)
(/usr/local/texlive/2021/texmf-dist/tex/latex/subfig/subfig.sty
Package: subfig 2005/06/28 ver: 1.3 subfig package

(/usr/local/texlive/2021/texmf-dist/tex/latex/caption/caption3.sty
Package: caption3 2020/10/21 v2.2e caption3 kernel (AR)
\captionmargin=\dimen190
\captionmargin@=\dimen191
\captionwidth=\dimen192
\caption@tempdima=\dimen193
\caption@indent=\dimen194
\caption@parindent=\dimen195
\caption@hangindent=\dimen196
Package caption Info: Unknown document class (or package),
(caption)             standard defaults will be used.
Package caption Info: \@makecaption = \long macro:#1#2->\ifx \@captype \@IEEEta
blestring \footnotesize \bgroup \par \centering \@IEEEtabletopskipstrut {\norma
lfont \footnotesize #1}\\{\normalfont \footnotesize \scshape #2}\par \addvspace
 {0.5\baselineskip }\egroup \@IEEEtablecaptionsepspace \else \@IEEEfigurecaptio
nsepspace \setbox \@tempboxa \hbox {\normalfont \footnotesize {#1.}\nobreakspac
e \nobreakspace #2}\ifdim \wd \@tempboxa >\hsize \setbox \@tempboxa \hbox {\nor
malfont \footnotesize {#1.}\nobreakspace \nobreakspace }\parbox [t]{\hsize }{\n
ormalfont \footnotesize \noindent \unhbox \@tempboxa #2}\else \ifCLASSOPTIONcon
ference \hbox to\hsize {\normalfont \footnotesize \hfil \box \@tempboxa \hfil }
\else \hbox to\hsize {\normalfont \footnotesize \box \@tempboxa \hfil }\fi \fi 
\fi  on input line 1139.
)
\c@KVtest=\count280
\sf@farskip=\skip57
\sf@captopadj=\dimen197
\sf@capskip=\skip58
\sf@nearskip=\skip59
\c@subfigure=\count281
\c@subfigure@save=\count282
\c@lofdepth=\count283
\c@subtable=\count284
\c@subtable@save=\count285
\c@lotdepth=\count286
\sf@top=\skip60
\sf@bottom=\skip61
)
(/usr/local/texlive/2021/texmf-dist/tex/latex/algorithm2e/algorithm2e.sty
Package: algorithm2e 2017/07/18 v5.2 algorithms environments
\c@AlgoLine=\count287

(/usr/local/texlive/2021/texmf-dist/tex/latex/base/ifthen.sty
Package: ifthen 2014/09/29 v1.1c Standard LaTeX ifthen package (DPC)
)
\algocf@hangindent=\skip62

(/usr/local/texlive/2021/texmf-dist/tex/latex/ifoddpage/ifoddpage.sty
Package: ifoddpage 2016/04/23 v1.1 Conditionals for odd/even page detection
\c@checkoddpage=\count288
)
(/usr/local/texlive/2021/texmf-dist/tex/latex/tools/xspace.sty
Package: xspace 2014/10/28 v1.13 Space after command names (DPC,MH)
)
(/usr/local/texlive/2021/texmf-dist/tex/latex/relsize/relsize.sty
Package: relsize 2013/03/29 ver 4.1
)
\skiptotal=\skip63
\skiplinenumber=\skip64
\skiprule=\skip65
\skiphlne=\skip66
\skiptext=\skip67
\skiplength=\skip68
\algomargin=\skip69
\skipalgocfslide=\skip70
\algowidth=\dimen198
\inoutsize=\dimen199
\inoutindent=\dimen256
\interspacetitleruled=\dimen257
\interspacealgoruled=\dimen258
\interspacetitleboxruled=\dimen259
\algocf@ruledwidth=\skip71
\algocf@inoutbox=\box54
\algocf@inputbox=\box55
\AlCapSkip=\skip72
\AlCapHSkip=\skip73
\algoskipindent=\skip74
\algocf@nlbox=\box56
\algocf@hangingbox=\box57
\algocf@untilbox=\box58
\algocf@skipuntil=\skip75
\algocf@capbox=\box59
\algocf@lcaptionbox=\skip76
\algoheightruledefault=\skip77
\algoheightrule=\skip78
\algotitleheightruledefault=\skip79
\algotitleheightrule=\skip80
\c@algocfline=\count289
\c@algocfproc=\count290
\c@algocf=\count291
\algocf@algoframe=\box60
\algocf@algobox=\box61
)
(/usr/local/texlive/2021/texmf-dist/tex/latex/etoolbox/etoolbox.sty
Package: etoolbox 2020/10/05 v2.5k e-TeX tools for LaTeX (JAW)
\etb@tempcnta=\count292
)
\c@theorem=\count293
\c@proposition=\count294
\c@lemma=\count295
\c@remark=\count296
\c@corollary=\count297
\c@definition=\count298

No file 2308.03004_pdflatex.aux.
\openout1 = `2308.03004_pdflatex.aux'.

LaTeX Font Info:    Checking defaults for OML/cmm/m/it on input line 40.
LaTeX Font Info:    ... okay on input line 40.
LaTeX Font Info:    Checking defaults for OMS/cmsy/m/n on input line 40.
LaTeX Font Info:    ... okay on input line 40.
LaTeX Font Info:    Checking defaults for OT1/cmr/m/n on input line 40.
LaTeX Font Info:    ... okay on input line 40.
LaTeX Font Info:    Checking defaults for T1/cmr/m/n on input line 40.
LaTeX Font Info:    ... okay on input line 40.
LaTeX Font Info:    Checking defaults for TS1/cmr/m/n on input line 40.
LaTeX Font Info:    ... okay on input line 40.
LaTeX Font Info:    Checking defaults for OMX/cmex/m/n on input line 40.
LaTeX Font Info:    ... okay on input line 40.
LaTeX Font Info:    Checking defaults for U/cmr/m/n on input line 40.
LaTeX Font Info:    ... okay on input line 40.
LaTeX Font Info:    Checking defaults for LUC/nanummj/m/n on input line 40.
LaTeX Font Info:    Trying to load font information for LUC+nanummj on input li
ne 40.
(/usr/local/texlive/2021/texmf-dist/tex/latex/nanumtype1/lucnanummj.fd
File: lucnanummj.fd 2013/02/12 v0.1 Nanum Myeongjo font definitions
)
LaTeX Font Info:    ... okay on input line 40.

-- Lines per column: 56 (exact).
(/usr/local/texlive/2021/texmf-dist/tex/context/base/mkii/supp-pdf.mkii
[Loading MPS to PDF converter (version 2006.09.02).]
\scratchcounter=\count299
\scratchdimen=\dimen260
\scratchbox=\box62
\nofMPsegments=\count300
\nofMParguments=\count301
\everyMPshowfont=\toks26
\MPscratchCnt=\count302
\MPscratchDim=\dimen261
\MPnumerator=\count303
\makeMPintoPDFobject=\count304
\everyMPtoPDFconversion=\toks27
) (/usr/local/texlive/2021/texmf-dist/tex/latex/epstopdf-pkg/epstopdf-base.sty
Package: epstopdf-base 2020-01-24 v2.11 Base part for package epstopdf
Package epstopdf-base Info: Redefining graphics rule for `.eps' on input line 4
85.

(/usr/local/texlive/2021/texmf-dist/tex/latex/latexconfig/epstopdf-sys.cfg
File: epstopdf-sys.cfg 2010/07/13 v1.3 Configuration of (r)epstopdf for TeX Liv
e
))
Package caption Info: Begin \AtBeginDocument code.
Package caption Info: subfig package v1.3 is loaded.
Package caption Info: End \AtBeginDocument code.


LaTeX Warning: Citation `Wang-6G-Survey' on page 1 undefined on input line 96.


LaTeX Warning: Citation `tataria-6G-URLLC' on page 1 undefined on input line 96
.


LaTeX Warning: Citation `zhang-6G-URLLC' on page 1 undefined on input line 96.


LaTeX Warning: Citation `david-6G-URLLC' on page 1 undefined on input line 96.

LaTeX Font Info:    Trying to load font information for U+msa on input line 96.

(/usr/local/texlive/2021/texmf-dist/tex/latex/amsfonts/umsa.fd
File: umsa.fd 2013/01/14 v3.01 AMS symbols A
)
LaTeX Font Info:    Trying to load font information for U+msb on input line 96.


(/usr/local/texlive/2021/texmf-dist/tex/latex/amsfonts/umsb.fd
File: umsb.fd 2013/01/14 v3.01 AMS symbols B
)

LaTeX Warning: Citation `Chen-URLLC' on page 1 undefined on input line 96.


LaTeX Warning: Citation `shirvanimoghaddam19' on page 1 undefined on input line
 96.


LaTeX Warning: Citation `yue23' on page 1 undefined on input line 96.


LaTeX Warning: Citation `polyanskiy-finite' on page 1 undefined on input line 9
6.


LaTeX Warning: Citation `Yang-finite-mimo-fading' on page 1 undefined on input 
line 96.


LaTeX Warning: Citation `Makki-finite-HARQ' on page 1 undefined on input line 9
6.


LaTeX Warning: Citation `arikan-polar' on page 1 undefined on input line 103.


LaTeX Warning: Citation `arikan-polar' on page 1 undefined on input line 103.


LaTeX Warning: Citation `Hui-5G-coding-comparison' on page 1 undefined on input
 line 103.


LaTeX Warning: Citation `Tal-polar-SCL' on page 1 undefined on input line 103.


LaTeX Warning: Citation `Balatsoukas-SCL-log' on page 1 undefined on input line
 103.


LaTeX Warning: Citation `mondelli-urbanke-polar2RM' on page 1 undefined on inpu
t line 103.


LaTeX Warning: Citation `li-tse-rm-polar' on page 1 undefined on input line 103
.


LaTeX Warning: Citation `Abbe-Reed-Muller' on page 1 undefined on input line 10
3.


LaTeX Warning: Citation `Tal-polar-SCL' on page 1 undefined on input line 106.


LaTeX Warning: Citation `Niu-CA-polar' on page 1 undefined on input line 106.


LaTeX Warning: Citation `Wang-PCC-polar' on page 1 undefined on input line 106.



LaTeX Warning: Citation `Trifonov-polar-dynamic-frozen' on page 1 undefined on 
input line 106.


LaTeX Warning: Citation `Trifonov-polar-subcode' on page 1 undefined on input l
ine 106.


LaTeX Warning: Citation `Zhang-PC-polar-Huawei' on page 1 undefined on input li
ne 106.


LaTeX Warning: Citation `arikan-pac' on page 1 undefined on input line 106.


LaTeX Warning: Citation `arikan-pac' on page 1 undefined on input line 106.


LaTeX Warning: Citation `moradi-pac' on page 1 undefined on input line 106.


LaTeX Warning: Citation `vardy-pac' on page 1 undefined on input line 106.


LaTeX Warning: Citation `Moradi-PAC-Fano-metric' on page 1 undefined on input l
ine 106.


LaTeX Warning: Citation `Rowshan-PAC-Fano-metric' on page 1 undefined on input 
line 106.


LaTeX Warning: Citation `Liu-PAC-construction' on page 1 undefined on input lin
e 106.


LaTeX Warning: Citation `Rowshan-PAC-construction' on page 1 undefined on input
 line 106.


LaTeX Warning: Citation `Moradi-pac-monte-carlo' on page 1 undefined on input l
ine 106.


LaTeX Warning: Citation `Miloslavskaya-recursive-design' on page 1 undefined on
 input line 106.


LaTeX Warning: Citation `Chiu-PAC-consgruction' on page 1 undefined on input li
ne 106.


LaTeX Warning: Citation `li-pretransformed' on page 1 undefined on input line 1
10.


LaTeX Warning: Citation `li-pretransformed-average' on page 1 undefined on inpu
t line 110.


LaTeX Warning: Citation `Niu-CA-polar' on page 1 undefined on input line 110.


LaTeX Warning: Citation `Wang-PCC-polar' on page 1 undefined on input line 110.



LaTeX Warning: Citation `Trifonov-polar-dynamic-frozen' on page 1 undefined on 
input line 110.


LaTeX Warning: Citation `Trifonov-polar-subcode' on page 1 undefined on input l
ine 110.


LaTeX Warning: Citation `Zhang-PC-polar-Huawei' on page 1 undefined on input li
ne 110.


LaTeX Warning: Citation `arikan-pac' on page 1 undefined on input line 110.


LaTeX Warning: Citation `Zhou-segmented-CApolar-SCL' on page 1 undefined on inp
ut line 110.


LaTeX Warning: Citation `Liang-segmented-BCH-CApolar-SCL' on page 1 undefined o
n input line 110.


LaTeX Warning: Citation `Gelincik-polar-row-merging' on page 1 undefined on inp
ut line 110.


Underfull \hbox (badness 4229) in paragraph at lines 110--111
[]\OT1/ptm/m/n/10 A sig-nif-i-cant find-ing has re-cently emerged in pre-
 []


Underfull \hbox (badness 1997) in paragraph at lines 110--111
\OT1/ptm/m/n/10 transformed po-lar codes, demon-strat-ing that any upper-
 []

[1{/usr/local/texlive/2021/texmf-var/fonts/map/pdftex/updmap/pdftex.map}


]
Overfull \hbox (4.85619pt too wide) detected at line 269
[]
 []

[2]

LaTeX Warning: Citation `costello-road2capacity' on page 3 undefined on input l
ine 284.


LaTeX Warning: Citation `arikan-polar' on page 3 undefined on input line 318.


LaTeX Warning: Citation `arikan-polar' on page 3 undefined on input line 326.


LaTeX Warning: Citation `Abbe-Reed-Muller' on page 3 undefined on input line 36
6.


LaTeX Warning: Citation `li-pretransformed' on page 3 undefined on input line 3
88.

[3]
<Encoder.pdf, id=32, 1053.9375pt x 346.29375pt>
File: Encoder.pdf Graphic file (type pdf)
<use Encoder.pdf>
Package pdftex.def Info: Encoder.pdf  used on input line 427.
(pdftex.def)             Requested size: 428.39923pt x 140.76074pt.


LaTeX Warning: Reference `fig:encoder' on page 4 undefined on input line 452.

[4]

LaTeX Warning: Citation `Tal-polar-construction' on page 5 undefined on input l
ine 589.


LaTeX Warning: Citation `Trifnov-polar-construction' on page 5 undefined on inp
ut line 589.

[5 <./Encoder.pdf>]

LaTeX Warning: Reference `fig:rateprofiling' on page 6 undefined on input line 
699.

<RateProfiling.pdf, id=252, 562.1pt x 421.575pt>
File: RateProfiling.pdf Graphic file (type pdf)
<use RateProfiling.pdf>
Package pdftex.def Info: RateProfiling.pdf  used on input line 706.
(pdftex.def)             Requested size: 252.0pt x 188.99939pt.

Overfull \hbox (8.73886pt too wide) detected at line 720
[]
 []


LaTeX Warning: Reference `fig:rateprofiling' on page 6 undefined on input line 
721.

[6 <./RateProfiling.pdf>]
Overfull \hbox (11.28947pt too wide) in paragraph at lines 740--757
 [][] 
 []


Underfull \hbox (badness 4913) in paragraph at lines 761--761
[]\OT1/ptm/m/n/10 We present an ad-di-tional ex-am-ple to con-struct an
 []


Overfull \hbox (8.73886pt too wide) detected at line 763
[]
 []


LaTeX Warning: Reference `table:WD' on page 7 undefined on input line 794.


LaTeX Warning: Reference `fig:BLER_BEC' on page 7 undefined on input line 799.


LaTeX Warning: Reference `table:WD' on page 7 undefined on input line 799.

<BLER_BEC.pdf, id=265, 562.1pt x 421.575pt>
File: BLER_BEC.pdf Graphic file (type pdf)
<use BLER_BEC.pdf>
Package pdftex.def Info: BLER_BEC.pdf  used on input line 806.
(pdftex.def)             Requested size: 226.79846pt x 170.1001pt.
[7 <./BLER_BEC.pdf>]

LaTeX Warning: Reference `eq:encode' on page 8 undefined on input line 838.

<Decoder1.pdf, id=278, 818.05624pt x 169.63374pt>
File: Decoder1.pdf Graphic file (type pdf)
<use Decoder1.pdf>
Package pdftex.def Info: Decoder1.pdf  used on input line 853.
(pdftex.def)             Requested size: 403.20154pt x 83.61046pt.
LaTeX Font Info:    Trying to load font information for OT1+pcr on input line 9
08.
(/usr/local/texlive/2021/texmf-dist/tex/latex/psnfss/ot1pcr.fd
File: ot1pcr.fd 2001/06/04 font definitions for OT1/pcr.
)

LaTeX Warning: Reference `eqn:partial-inverse' on page 8 undefined on input lin
e 908.

[8]

LaTeX Warning: Reference `eqn:partial-inverse' on page 9 undefined on input lin
e 928.


LaTeX Warning: Reference `fig:decoder' on page 9 undefined on input line 928.


LaTeX Warning: Reference `alg:deep polar-SCL' on page 9 undefined on input line
 931.

<Decoder2.pdf, id=283, 1069.9975pt x 389.455pt>
File: Decoder2.pdf Graphic file (type pdf)
<use Decoder2.pdf>
Package pdftex.def Info: Decoder2.pdf  used on input line 946.
(pdftex.def)             Requested size: 428.39923pt x 155.9278pt.

Overfull \hbox (2.19794pt too wide) in paragraph at lines 974--974
 []|\OT1/ptm/m/n/8 Estimate| 
 []


LaTeX Warning: Reference `fig:BLER-PAC' on page 9 undefined on input line 976.


LaTeX Warning: Citation `3gpp-nr-coding' on page 9 undefined on input line 976.



Overfull \hbox (5.83777pt too wide) in paragraph at lines 976--976
 []|$\OT1/cmr/m/n/8 (128\OML/cmm/m/it/8 ; \OT1/cmr/m/n/8 19)$| 
 []


LaTeX Warning: Reference `fig:BLER-PAC' on page 9 undefined on input line 977.


LaTeX Warning: Citation `3gpp-nr-coding' on page 9 undefined on input line 977.



Overfull \hbox (5.83777pt too wide) in paragraph at lines 977--977
 []|$\OT1/cmr/m/n/8 (128\OML/cmm/m/it/8 ; \OT1/cmr/m/n/8 51)$| 
 []


Overfull \hbox (1.5877pt too wide) in paragraph at lines 977--977
 []|$\OT1/cmr/m/n/8 (16\OML/cmm/m/it/8 ; \OT1/cmr/m/n/8 13)$| 
 []


LaTeX Warning: Reference `fig:BLER-PAC' on page 9 undefined on input line 978.


LaTeX Warning: Citation `3gpp-nr-coding' on page 9 undefined on input line 978.



Overfull \hbox (5.83777pt too wide) in paragraph at lines 978--978
 []|$\OT1/cmr/m/n/8 (128\OML/cmm/m/it/8 ; \OT1/cmr/m/n/8 67)$| 
 []


LaTeX Warning: Reference `fig:BLER-CA-Polar' on page 9 undefined on input line 
980.


LaTeX Warning: Citation `3gpp-nr-coding' on page 9 undefined on input line 980.



Overfull \hbox (5.83777pt too wide) in paragraph at lines 980--980
 []|$\OT1/cmr/m/n/8 (128\OML/cmm/m/it/8 ; \OT1/cmr/m/n/8 21)$| 
 []


LaTeX Warning: Reference `fig:BLER-CA-Polar' on page 9 undefined on input line 
981.


LaTeX Warning: Citation `3gpp-nr-coding' on page 9 undefined on input line 981.



Overfull \hbox (5.83777pt too wide) in paragraph at lines 981--981
 []|$\OT1/cmr/m/n/8 (128\OML/cmm/m/it/8 ; \OT1/cmr/m/n/8 52)$| 
 []


LaTeX Warning: Reference `fig:BLER-CA-Polar' on page 9 undefined on input line 
982.


LaTeX Warning: Citation `3gpp-nr-coding' on page 9 undefined on input line 982.



Overfull \hbox (5.83777pt too wide) in paragraph at lines 982--982
 []|$\OT1/cmr/m/n/8 (128\OML/cmm/m/it/8 ; \OT1/cmr/m/n/8 94)$| 
 []


LaTeX Warning: Reference `fig:BLER-PAC-parallel' on page 9 undefined on input l
ine 984.


LaTeX Warning: Reference `fig:BLER-DP-vs-SCL' on page 9 undefined on input line
 984.


Overfull \hbox (5.83777pt too wide) in paragraph at lines 984--984
 []|$\OT1/cmr/m/n/8 (128\OML/cmm/m/it/8 ; \OT1/cmr/m/n/8 24)$| 
 []


LaTeX Warning: Reference `fig:BLER-PAC-parallel' on page 9 undefined on input l
ine 985.


LaTeX Warning: Reference `fig:BLER-DP-vs-SCL' on page 9 undefined on input line
 985.


Overfull \hbox (5.83777pt too wide) in paragraph at lines 985--985
 []|$\OT1/cmr/m/n/8 (128\OML/cmm/m/it/8 ; \OT1/cmr/m/n/8 59)$| 
 []


LaTeX Warning: Reference `fig:BLER-BOSS' on page 9 undefined on input line 987.



LaTeX Warning: Citation `3gpp-nr-coding' on page 9 undefined on input line 987.



LaTeX Warning: Reference `fig:BLER-BOSS' on page 9 undefined on input line 988.



LaTeX Warning: Citation `3gpp-nr-coding' on page 9 undefined on input line 988.



Overfull \hbox (1.5877pt too wide) in paragraph at lines 988--988
 []|$\OT1/cmr/m/n/8 (128\OML/cmm/m/it/8 ; \OT1/cmr/m/n/8 6)$| 
 []


LaTeX Warning: Reference `fig:BLER-BOSS' on page 9 undefined on input line 989.



LaTeX Warning: Citation `3gpp-nr-coding' on page 9 undefined on input line 989.



Overfull \hbox (1.5877pt too wide) in paragraph at lines 989--989
 []|$\OT1/cmr/m/n/8 (256\OML/cmm/m/it/8 ; \OT1/cmr/m/n/8 6)$| 
 []


LaTeX Warning: Reference `fig:BLER-BOSS' on page 9 undefined on input line 990.



LaTeX Warning: Citation `3gpp-nr-coding' on page 9 undefined on input line 990.



Overfull \hbox (1.5877pt too wide) in paragraph at lines 990--990
 []|$\OT1/cmr/m/n/8 (64\OML/cmm/m/it/8 ; \OT1/cmr/m/n/8 11)$| 
 []


Overfull \hbox (1.5877pt too wide) in paragraph at lines 990--990
 []|$\OT1/cmr/m/n/8 (16\OML/cmm/m/it/8 ; \OT1/cmr/m/n/8 11)$| 
 []


LaTeX Warning: Reference `fig:BLER-BOSS' on page 9 undefined on input line 991.



LaTeX Warning: Citation `3gpp-nr-coding' on page 9 undefined on input line 991.



Overfull \hbox (5.83777pt too wide) in paragraph at lines 991--991
 []|$\OT1/cmr/m/n/8 (128\OML/cmm/m/it/8 ; \OT1/cmr/m/n/8 12)$| 
 []


Overfull \hbox (1.5877pt too wide) in paragraph at lines 991--991
 []|$\OT1/cmr/m/n/8 (16\OML/cmm/m/it/8 ; \OT1/cmr/m/n/8 10)$| 
 []


LaTeX Warning: Reference `fig:BLER-BOSS' on page 9 undefined on input line 992.



LaTeX Warning: Citation `3gpp-nr-coding' on page 9 undefined on input line 992.



Overfull \hbox (5.83777pt too wide) in paragraph at lines 992--992
 []|$\OT1/cmr/m/n/8 (256\OML/cmm/m/it/8 ; \OT1/cmr/m/n/8 13)$| 
 []


LaTeX Warning: Reference `fig:BLER-PAC' on page 9 undefined on input line 994.


LaTeX Warning: Reference `fig:BLER-BOSS' on page 9 undefined on input line 994.



LaTeX Warning: Citation `3gpp-nr-coding' on page 9 undefined on input line 994.



LaTeX Warning: Reference `fig:BLER-PAC' on page 9 undefined on input line 996.


LaTeX Warning: Reference `fig:BLER-PAC-parallel' on page 9 undefined on input l
ine 996.


LaTeX Warning: Citation `arikan-pac' on page 9 undefined on input line 996.


LaTeX Warning: Reference `fig:BLER-PAC' on page 9 undefined on input line 997.


LaTeX Warning: Reference `fig:BLER-PAC-parallel' on page 9 undefined on input l
ine 997.


LaTeX Warning: Citation `arikan-pac' on page 9 undefined on input line 997.


LaTeX Warning: Citation `Trifnov-polar-construction' on page 9 undefined on inp
ut line 999.


Overfull \hbox (10.04445pt too wide) in paragraph at lines 970--1003
 [][] 
 []

[9 <./Decoder1.pdf>]

LaTeX Warning: Reference `table:simulation-parameters' on page 10 undefined on 
input line 1015.


LaTeX Warning: Reference `table:simulation-parameters' on page 10 undefined on 
input line 1018.


LaTeX Warning: Citation `polyanskiy-finite' on page 10 undefined on input line 
1035.


LaTeX Warning: Citation `polyanskiy-finite' on page 10 undefined on input line 
1035.


LaTeX Warning: Citation `3gpp-nr-coding' on page 10 undefined on input line 103
7.


LaTeX Warning: Citation `3gpp-nr-coding' on page 10 undefined on input line 103
7.


LaTeX Warning: Citation `3gpp-nr-coding' on page 10 undefined on input line 103
7.


LaTeX Warning: Citation `arikan-pac' on page 10 undefined on input line 1039.


LaTeX Warning: Citation `arikan-pac' on page 10 undefined on input line 1039.


LaTeX Warning: Citation `BOSS-URLLC' on page 10 undefined on input line 1041.


LaTeX Warning: Citation `BOSS-URLLC' on page 10 undefined on input line 1041.

[10 <./Decoder2.pdf>]

LaTeX Warning: Reference `fig:BLER-PAC' on page 11 undefined on input line 1052
.


LaTeX Warning: Reference `fig:BLER-CA-Polar' on page 11 undefined on input line
 1074.


LaTeX Warning: Reference `fig:BLER-PAC-parallel' on page 11 undefined on input 
line 1078.


LaTeX Warning: Reference `fig:BLER-DP-vs-SCL' on page 11 undefined on input lin
e 1080.

<BLER_PAC_3.pdf, id=816, 562.1pt x 421.575pt>
File: BLER_PAC_3.pdf Graphic file (type pdf)
<use BLER_PAC_3.pdf>
Package pdftex.def Info: BLER_PAC_3.pdf  used on input line 1087.
(pdftex.def)             Requested size: 277.20154pt x 207.89868pt.

Overfull \hbox (25.20154pt too wide) in paragraph at lines 1087--1088
 [][] 
 []

<BLER_CA_polar.pdf, id=817, 562.1pt x 421.575pt>
File: BLER_CA_polar.pdf Graphic file (type pdf)
<use BLER_CA_polar.pdf>
Package pdftex.def Info: BLER_CA_polar.pdf  used on input line 1095.
(pdftex.def)             Requested size: 277.20154pt x 207.89868pt.

Overfull \hbox (25.20154pt too wide) in paragraph at lines 1095--1096
 [][] 
 []

LaTeX Font Info:    Trying to load font information for OMS+ptm on input line 1
096.
(/usr/local/texlive/2021/texmf-dist/tex/latex/psnfss/omsptm.fd
File: omsptm.fd 
)
LaTeX Font Info:    Font shape `OMS/ptm/m/n' in size <8> not available
(Font)              Font shape `OMS/cmsy/m/n' tried instead on input line 1096.

<BLER_PAC_parallel.pdf, id=818, 562.1pt x 421.575pt>
File: BLER_PAC_parallel.pdf Graphic file (type pdf)
<use BLER_PAC_parallel.pdf>
Package pdftex.def Info: BLER_PAC_parallel.pdf  used on input line 1105.
(pdftex.def)             Requested size: 277.20154pt x 207.89868pt.

Overfull \hbox (25.20154pt too wide) in paragraph at lines 1105--1106
 [][] 
 []


LaTeX Warning: Reference `fig:BLER-BOSS' on page 11 undefined on input line 111
4.

[11]
<BLER_DP_parallel_2.pdf, id=825, 562.1pt x 421.575pt>
File: BLER_DP_parallel_2.pdf Graphic file (type pdf)
<use BLER_DP_parallel_2.pdf>
Package pdftex.def Info: BLER_DP_parallel_2.pdf  used on input line 1122.
(pdftex.def)             Requested size: 277.20154pt x 207.89868pt.

Overfull \hbox (25.20154pt too wide) in paragraph at lines 1122--1123
 [][] 
 []

<BLER_BOSS.pdf, id=826, 562.1pt x 421.575pt>
File: BLER_BOSS.pdf Graphic file (type pdf)
<use BLER_BOSS.pdf>
Package pdftex.def Info: BLER_BOSS.pdf  used on input line 1131.
(pdftex.def)             Requested size: 277.20154pt x 207.89868pt.

Overfull \hbox (25.20154pt too wide) in paragraph at lines 1131--1132
 [][] 
 []

[12 <./BLER_PAC_3.pdf> <./BLER_CA_polar.pdf> <./BLER_PAC_parallel.pdf> <./BLER_
DP_parallel_2.pdf>]
No file 2308.03004_pdflatex.bbl.

** Conference Paper **
Before submitting the final camera ready copy, remember to:

 1. Manually equalize the lengths of two columns on the last page
 of your paper;

 2. Ensure that any PostScript and/or PDF output post-processing
 uses only Type 1 fonts and that every step in the generation
 process uses the appropriate paper size.

[13

 <./BLER_BOSS.pdf>]
(/Users/jovyntan/Desktop/work/fyp/exploration/diff_test_tex_engines/bin/compile
d_tex_pdf/2308.03004/2308.03004_pdflatex.aux)

LaTeX Warning: There were undefined references.


LaTeX Warning: Label(s) may have changed. Rerun to get cross-references right.

 )
(\end occurred when \iffalse on line 12 was incomplete) 
Here is how much of TeX's memory you used:
 7061 strings out of 478994
 112928 string characters out of 5858184
 554819 words of memory out of 5000000
 24409 multiletter control sequences out of 15000+600000
 446238 words of font info for 112 fonts, out of 8000000 for 9000
 1141 hyphenation exceptions out of 8191
 71i,21n,75p,1881b,472s stack positions out of 5000i,500n,10000p,200000b,80000s
{/usr/local/texlive/2021
/texmf-dist/fonts/enc/dvips/base/8r.enc}</usr/local/texlive/2021/texmf-dist/fon
ts/type1/public/amsfonts/cm/cmbx10.pfb></usr/local/texlive/2021/texmf-dist/font
s/type1/public/amsfonts/cm/cmbx7.pfb></usr/local/texlive/2021/texmf-dist/fonts/
type1/public/amsfonts/cm/cmbx8.pfb></usr/local/texlive/2021/texmf-dist/fonts/ty
pe1/public/amsfonts/cm/cmex10.pfb></usr/local/texlive/2021/texmf-dist/fonts/typ
e1/public/amsfonts/cmextra/cmex7.pfb></usr/local/texlive/2021/texmf-dist/fonts/
type1/public/amsfonts/cm/cmmi10.pfb></usr/local/texlive/2021/texmf-dist/fonts/t
ype1/public/amsfonts/cm/cmmi5.pfb></usr/local/texlive/2021/texmf-dist/fonts/typ
e1/public/amsfonts/cm/cmmi6.pfb></usr/local/texlive/2021/texmf-dist/fonts/type1
/public/amsfonts/cm/cmmi7.pfb></usr/local/texlive/2021/texmf-dist/fonts/type1/p
ublic/amsfonts/cm/cmmi8.pfb></usr/local/texlive/2021/texmf-dist/fonts/type1/pub
lic/amsfonts/cm/cmr10.pfb></usr/local/texlive/2021/texmf-dist/fonts/type1/publi
c/amsfonts/cm/cmr5.pfb></usr/local/texlive/2021/texmf-dist/fonts/type1/public/a
msfonts/cm/cmr6.pfb></usr/local/texlive/2021/texmf-dist/fonts/type1/public/amsf
onts/cm/cmr7.pfb></usr/local/texlive/2021/texmf-dist/fonts/type1/public/amsfont
s/cm/cmr8.pfb></usr/local/texlive/2021/texmf-dist/fonts/type1/public/amsfonts/c
m/cmss10.pfb></usr/local/texlive/2021/texmf-dist/fonts/type1/public/amsfonts/cm
/cmss8.pfb></usr/local/texlive/2021/texmf-dist/fonts/type1/public/amsfonts/cm/c
msy10.pfb></usr/local/texlive/2021/texmf-dist/fonts/type1/public/amsfonts/cm/cm
sy5.pfb></usr/local/texlive/2021/texmf-dist/fonts/type1/public/amsfonts/cm/cmsy
7.pfb></usr/local/texlive/2021/texmf-dist/fonts/type1/public/amsfonts/cm/cmsy8.
pfb></usr/local/texlive/2021/texmf-dist/fonts/type1/public/amsfonts/symbols/msb
m10.pfb></usr/local/texlive/2021/texmf-dist/fonts/type1/public/amsfonts/symbols
/msbm7.pfb></usr/local/texlive/2021/texmf-dist/fonts/type1/urw/courier/ucrr8a.p
fb></usr/local/texlive/2021/texmf-dist/fonts/type1/urw/times/utmb8a.pfb></usr/l
ocal/texlive/2021/texmf-dist/fonts/type1/urw/times/utmbi8a.pfb></usr/local/texl
ive/2021/texmf-dist/fonts/type1/urw/times/utmr8a.pfb></usr/local/texlive/2021/t
exmf-dist/fonts/type1/urw/times/utmri8a.pfb>
Output written on /Users/jovyntan/Desktop/work/fyp/exploration/diff_test_tex_en
gines/bin/compiled_tex_pdf/2308.03004/2308.03004_pdflatex.pdf (13 pages, 173286
6 bytes).
PDF statistics:
 947 PDF objects out of 1000 (max. 8388607)
 762 compressed objects within 8 object streams
 0 named destinations out of 1000 (max. 500000)
 51 words of extra memory for PDF output out of 10000 (max. 10000000)

