This is XeTeX, Version 3.141592653-2.6-0.999993 (TeX Live 2021) (preloaded format=xelatex 2021.12.5)  20 AUG 2023 02:08
entering extended mode
 restricted \write18 enabled.
 %&-line parsing enabled.
**main_final_0804.tex
(./main_final_0804.tex
LaTeX2e <2020-10-01> patch level 4
L3 programming layer <2021-02-18>
(/usr/local/texlive/2021/texmf-dist/tex/latex/IEEEtran/IEEEtran.cls
Document Class: IEEEtran 2015/08/26 V1.8b by Michael Shell
-- See the "IEEEtran_HOWTO" manual for usage information.
-- http://www.michaelshell.org/tex/ieeetran/
\@IEEEtrantmpdimenA=\dimen138
\@IEEEtrantmpdimenB=\dimen139
\@IEEEtrantmpdimenC=\dimen140
\@IEEEtrantmpcountA=\count175
\@IEEEtrantmpcountB=\count176
\@IEEEtrantmpcountC=\count177
\@IEEEtrantmptoksA=\toks15
LaTeX Font Info:    Trying to load font information for TU+ptm on input line 50
3.
LaTeX Font Info:    No file TUptm.fd. on input line 503.

LaTeX Font Warning: Font shape `TU/ptm/m/n' undefined
(Font)              using `TU/lmr/m/n' instead on input line 503.

-- Using 8.5in x 11in (letter) paper.
-- Using DVI output.
\@IEEEnormalsizeunitybaselineskip=\dimen141
-- This is a 10 point document.
\CLASSINFOnormalsizebaselineskip=\dimen142
\CLASSINFOnormalsizeunitybaselineskip=\dimen143
\IEEEnormaljot=\dimen144

LaTeX Font Warning: Font shape `TU/ptm/bx/n' undefined
(Font)              using `TU/ptm/m/n' instead on input line 1090.


LaTeX Font Warning: Font shape `TU/ptm/m/it' undefined
(Font)              using `TU/ptm/m/n' instead on input line 1090.


LaTeX Font Warning: Font shape `TU/ptm/bx/it' undefined
(Font)              using `TU/ptm/bx/n' instead on input line 1090.

\IEEEquantizedlength=\dimen145
\IEEEquantizedlengthdiff=\dimen146
\IEEEquantizedtextheightdiff=\dimen147
\IEEEilabelindentA=\dimen148
\IEEEilabelindentB=\dimen149
\IEEEilabelindent=\dimen150
\IEEEelabelindent=\dimen151
\IEEEdlabelindent=\dimen152
\IEEElabelindent=\dimen153
\IEEEiednormlabelsep=\dimen154
\IEEEiedmathlabelsep=\dimen155
\IEEEiedtopsep=\skip47
\c@section=\count178
\c@subsection=\count179
\c@subsubsection=\count180
\c@paragraph=\count181
\c@IEEEsubequation=\count182
\abovecaptionskip=\skip48
\belowcaptionskip=\skip49
\c@figure=\count183
\c@table=\count184
\@IEEEeqnnumcols=\count185
\@IEEEeqncolcnt=\count186
\@IEEEsubeqnnumrollback=\count187
\@IEEEquantizeheightA=\dimen156
\@IEEEquantizeheightB=\dimen157
\@IEEEquantizeheightC=\dimen158
\@IEEEquantizeprevdepth=\dimen159
\@IEEEquantizemultiple=\count188
\@IEEEquantizeboxA=\box47
\@IEEEtmpitemindent=\dimen160
\IEEEPARstartletwidth=\dimen161
\c@IEEEbiography=\count189
\@IEEEtranrubishbin=\box48
)
** ATTENTION: Overriding command lockouts (line 2).
(/usr/local/texlive/2021/texmf-dist/tex/latex/cjk-ko/kotex.sty
Package: kotex 2015/04/19 v1.6 Korean TeX (ko.TeX)

(/usr/local/texlive/2021/texmf-dist/tex/latex/kotex-utf/kotex.cfg)
(/usr/local/texlive/2021/texmf-dist/tex/xetex/xetexko/xetexko.sty
Package: xetexko 2021/03/22 v3.1 typesetting Korean with XeTeX
\XeTeXcharclassID=\XeTeXcharclass1
\XeTeXcharclassCJ=\XeTeXcharclass2
\XeTeXcharclassOP=\XeTeXcharclass3
\XeTeXcharclassCL=\XeTeXcharclass4
\XeTeXcharclassEX=\XeTeXcharclass5
\XeTeXcharclassCM=\XeTeXcharclass6

(/usr/local/texlive/2021/texmf-dist/tex/generic/unicode-data/load-unicode-xetex
-classes.tex 
load-unicode-xetex-classes.tex v1.14 (2020-10-24)
Reading Unicode east Asian character class data
# LineBreak-13.0.0.txt 
# Date: 2020-02-17, 07:43:02 GMT [KW, LI] 
# EastAsianWidth-13.0.0.txt 
# Date: 2029-01-21, 18:14:00 GMT [KW, LI] 
)
\XeTeXcharclassHG=\XeTeXcharclass7
\XeTeXcharclassJJ=\XeTeXcharclass8
\XeTeXcharclassMD=\XeTeXcharclass9
\XeTeXcharclassFS=\XeTeXcharclass10
\XeTeXcharclassLD=\XeTeXcharclass11
\XeTeXcharclassSY=\XeTeXcharclass12
\XeTeXcharclassAO=\XeTeXcharclass13
\XeTeXcharclassAC=\XeTeXcharclass14
\XeTeXcharclassAM=\XeTeXcharclass15
\XeTeXcharclassAH=\XeTeXcharclass16
\XeTeXcharclassAP=\XeTeXcharclass17
\XeTeXcharclassVC=\XeTeXcharclass18
\XeKo@toks@=\toks16
\XeKo@toks@ii=\toks17
\XeKo@skip@=\skip50
\XeKo@count@=\count190
\XeKo@dimen@=\dimen162
\XeKo@box@=\box49
\XeKo@dotemph@box=\box50
 (/usr/local/texlive/2021/texmf-dist/tex/latex/fontspec/fontspec.sty
(/usr/local/texlive/2021/texmf-dist/tex/latex/l3packages/xparse/xparse.sty
(/usr/local/texlive/2021/texmf-dist/tex/latex/l3kernel/expl3.sty
Package: expl3 2021-02-18 L3 programming layer (loader) 

(/usr/local/texlive/2021/texmf-dist/tex/latex/l3backend/l3backend-xetex.def
File: l3backend-xetex.def 2021-03-18 L3 backend support: XeTeX

(|extractbb --version)
\c__kernel_sys_dvipdfmx_version_int=\count191
\l__color_backend_stack_int=\count192
\g__color_backend_stack_int=\count193
\g__graphics_track_int=\count194
\l__pdf_internal_box=\box51
\g__pdf_backend_object_int=\count195
\g__pdf_backend_annotation_int=\count196
\g__pdf_backend_link_int=\count197
))
(/usr/local/texlive/2021/texmf-dist/tex/latex/l3packages/xparse/xparse-2020-10-
01.sty
(/usr/local/texlive/2021/texmf-dist/tex/latex/l3packages/xparse/xparse-generic.
tex)))
Package: fontspec 2020/02/21 v2.7i Font selection for XeLaTeX and LuaLaTeX

(/usr/local/texlive/2021/texmf-dist/tex/latex/fontspec/fontspec-xetex.sty
Package: fontspec-xetex 2020/02/21 v2.7i Font selection for XeLaTeX and LuaLaTe
X
\l__fontspec_script_int=\count198
\l__fontspec_language_int=\count199
\l__fontspec_strnum_int=\count266
\l__fontspec_tmp_int=\count267
\l__fontspec_tmpa_int=\count268
\l__fontspec_tmpb_int=\count269
\l__fontspec_tmpc_int=\count270
\l__fontspec_em_int=\count271
\l__fontspec_emdef_int=\count272
\l__fontspec_strong_int=\count273
\l__fontspec_strongdef_int=\count274
\l__fontspec_tmpa_dim=\dimen163
\l__fontspec_tmpb_dim=\dimen164
\l__fontspec_tmpc_dim=\dimen165

(/usr/local/texlive/2021/texmf-dist/tex/latex/base/fontenc.sty
Package: fontenc 2020/08/10 v2.0s Standard LaTeX package
)
(/usr/local/texlive/2021/texmf-dist/tex/latex/fontspec/fontspec.cfg)))
(/usr/local/texlive/2021/texmf-dist/tex/latex/everysel/everysel.sty
Package: everysel 2021/01/20 v2.1 EverySelectfont Package (MS)

(/usr/local/texlive/2021/texmf-dist/tex/latex/everysel/everysel-2011-10-28.sty)
) (/usr/local/texlive/2021/texmf-dist/tex/latex/cjk-ko/kolabels-utf.sty
Package: kolabels-utf 2015/03/20 v1.5 UTF-8 Hangul item labels
)))
(/usr/local/texlive/2021/texmf-dist/tex/latex/url/url.sty
\Urlmuskip=\muskip16
Package: url 2013/09/16  ver 3.4  Verb mode for urls, etc.
)
(/usr/local/texlive/2021/texmf-dist/tex/latex/cite/cite.sty
LaTeX Info: Redefining \cite on input line 302.
LaTeX Info: Redefining \nocite on input line 332.
Package: cite 2015/02/27  v 5.5
)
(/usr/local/texlive/2021/texmf-dist/tex/latex/lipsum/lipsum.sty
Package: lipsum 2021-03-03 v2.3 150 paragraphs of Lorem Ipsum dummy text

(/usr/local/texlive/2021/texmf-dist/tex/latex/lipsum/lipsum.ltd.tex
File: lipsum.ltd.tex 2021-03-03 v2.3 The Lorem ipsum dummy text
))
(/usr/local/texlive/2021/texmf-dist/tex/latex/graphics/graphicx.sty
Package: graphicx 2020/09/09 v1.2b Enhanced LaTeX Graphics (DPC,SPQR)

(/usr/local/texlive/2021/texmf-dist/tex/latex/graphics/keyval.sty
Package: keyval 2014/10/28 v1.15 key=value parser (DPC)
\KV@toks@=\toks18
)
(/usr/local/texlive/2021/texmf-dist/tex/latex/graphics/graphics.sty
Package: graphics 2020/08/30 v1.4c Standard LaTeX Graphics (DPC,SPQR)

(/usr/local/texlive/2021/texmf-dist/tex/latex/graphics/trig.sty
Package: trig 2016/01/03 v1.10 sin cos tan (DPC)
)
(/usr/local/texlive/2021/texmf-dist/tex/latex/graphics-cfg/graphics.cfg
File: graphics.cfg 2016/06/04 v1.11 sample graphics configuration
)
Package graphics Info: Driver file: xetex.def on input line 105.

(/usr/local/texlive/2021/texmf-dist/tex/latex/graphics-def/xetex.def
File: xetex.def 2021/03/18 v5.0k Graphics/color driver for xetex
))
\Gin@req@height=\dimen166
\Gin@req@width=\dimen167
)
(/usr/local/texlive/2021/texmf-dist/tex/latex/amsmath/amsmath.sty
Package: amsmath 2020/09/23 v2.17i AMS math features
\@mathmargin=\skip51

For additional information on amsmath, use the `?' option.
(/usr/local/texlive/2021/texmf-dist/tex/latex/amsmath/amstext.sty
Package: amstext 2000/06/29 v2.01 AMS text

(/usr/local/texlive/2021/texmf-dist/tex/latex/amsmath/amsgen.sty
File: amsgen.sty 1999/11/30 v2.0 generic functions
\@emptytoks=\toks19
\ex@=\dimen168
))
(/usr/local/texlive/2021/texmf-dist/tex/latex/amsmath/amsbsy.sty
Package: amsbsy 1999/11/29 v1.2d Bold Symbols
\pmbraise@=\dimen169
)
(/usr/local/texlive/2021/texmf-dist/tex/latex/amsmath/amsopn.sty
Package: amsopn 2016/03/08 v2.02 operator names
)
\inf@bad=\count275
LaTeX Info: Redefining \frac on input line 234.
\uproot@=\count276
\leftroot@=\count277
LaTeX Info: Redefining \overline on input line 399.
\classnum@=\count278
\DOTSCASE@=\count279
LaTeX Info: Redefining \ldots on input line 496.
LaTeX Info: Redefining \dots on input line 499.
LaTeX Info: Redefining \cdots on input line 620.
\Mathstrutbox@=\box52
\strutbox@=\box53
\big@size=\dimen170
LaTeX Font Info:    Redeclaring font encoding OML on input line 743.
LaTeX Font Info:    Redeclaring font encoding OMS on input line 744.
\macc@depth=\count280
\c@MaxMatrixCols=\count281
\dotsspace@=\muskip17
\c@parentequation=\count282
\dspbrk@lvl=\count283
\tag@help=\toks20
\row@=\count284
\column@=\count285
\maxfields@=\count286
\andhelp@=\toks21
\eqnshift@=\dimen171
\alignsep@=\dimen172
\tagshift@=\dimen173
\tagwidth@=\dimen174
\totwidth@=\dimen175
\lineht@=\dimen176
\@envbody=\toks22
\multlinegap=\skip52
\multlinetaggap=\skip53
\mathdisplay@stack=\toks23
LaTeX Info: Redefining \[ on input line 2923.
LaTeX Info: Redefining \] on input line 2924.
)
(/usr/local/texlive/2021/texmf-dist/tex/latex/amsfonts/amsfonts.sty
Package: amsfonts 2013/01/14 v3.01 Basic AMSFonts support
\symAMSa=\mathgroup4
\symAMSb=\mathgroup5
LaTeX Font Info:    Redeclaring math symbol \hbar on input line 98.
LaTeX Font Info:    Overwriting math alphabet `\mathfrak' in version `bold'
(Font)                  U/euf/m/n --> U/euf/b/n on input line 106.
)
(/usr/local/texlive/2021/texmf-dist/tex/latex/amsfonts/amssymb.sty
Package: amssymb 2013/01/14 v3.01 AMS font symbols
)
(/usr/local/texlive/2021/texmf-dist/tex/latex/xcolor/xcolor.sty
Package: xcolor 2016/05/11 v2.12 LaTeX color extensions (UK)

(/usr/local/texlive/2021/texmf-dist/tex/latex/graphics-cfg/color.cfg
File: color.cfg 2016/01/02 v1.6 sample color configuration
)
Package xcolor Info: Driver file: xetex.def on input line 225.
Package xcolor Info: Model `cmy' substituted by `cmy0' on input line 1348.
Package xcolor Info: Model `RGB' extended on input line 1364.
Package xcolor Info: Model `HTML' substituted by `rgb' on input line 1366.
Package xcolor Info: Model `Hsb' substituted by `hsb' on input line 1367.
Package xcolor Info: Model `tHsb' substituted by `hsb' on input line 1368.
Package xcolor Info: Model `HSB' substituted by `hsb' on input line 1369.
Package xcolor Info: Model `Gray' substituted by `gray' on input line 1370.
Package xcolor Info: Model `wave' substituted by `hsb' on input line 1371.
)
(/usr/local/texlive/2021/texmf-dist/tex/latex/booktabs/booktabs.sty
Package: booktabs 2020/01/12 v1.61803398 Publication quality tables
\heavyrulewidth=\dimen177
\lightrulewidth=\dimen178
\cmidrulewidth=\dimen179
\belowrulesep=\dimen180
\belowbottomsep=\dimen181
\aboverulesep=\dimen182
\abovetopsep=\dimen183
\cmidrulesep=\dimen184
\cmidrulekern=\dimen185
\defaultaddspace=\dimen186
\@cmidla=\count287
\@cmidlb=\count288
\@aboverulesep=\dimen187
\@belowrulesep=\dimen188
\@thisruleclass=\count289
\@lastruleclass=\count290
\@thisrulewidth=\dimen189
)
(/usr/local/texlive/2021/texmf-dist/tex/latex/multirow/multirow.sty
Package: multirow 2021/03/15 v2.8 Span multiple rows of a table
\multirow@colwidth=\skip54
\multirow@cntb=\count291
\multirow@dima=\skip55
\bigstrutjot=\dimen190
)
(/usr/local/texlive/2021/texmf-dist/tex/latex/tools/array.sty
Package: array 2020/10/01 v2.5c Tabular extension package (FMi)
\col@sep=\dimen191
\ar@mcellbox=\box54
\extrarowheight=\dimen192
\NC@list=\toks24
\extratabsurround=\skip56
\backup@length=\skip57
\ar@cellbox=\box55
)
(/usr/local/texlive/2021/texmf-dist/tex/latex/subfig/subfig.sty
Package: subfig 2005/06/28 ver: 1.3 subfig package

(/usr/local/texlive/2021/texmf-dist/tex/latex/caption/caption3.sty
Package: caption3 2020/10/21 v2.2e caption3 kernel (AR)
\captionmargin=\dimen193
\captionmargin@=\dimen194
\captionwidth=\dimen195
\caption@tempdima=\dimen196
\caption@indent=\dimen197
\caption@parindent=\dimen198
\caption@hangindent=\dimen199
Package caption Info: Unknown document class (or package),
(caption)             standard defaults will be used.
Package caption Info: \@makecaption = \long macro:#1#2->\ifx \@captype \@IEEEta
blestring \footnotesize \bgroup \par \centering \@IEEEtabletopskipstrut {\norma
lfont \footnotesize #1}\\{\normalfont \footnotesize \scshape #2}\par \addvspace
 {0.5\baselineskip }\egroup \@IEEEtablecaptionsepspace \else \@IEEEfigurecaptio
nsepspace \setbox \@tempboxa \hbox {\normalfont \footnotesize {#1.}\nobreakspac
e \nobreakspace #2}\ifdim \wd \@tempboxa >\hsize \setbox \@tempboxa \hbox {\nor
malfont \footnotesize {#1.}\nobreakspace \nobreakspace }\parbox [t]{\hsize }{\n
ormalfont \footnotesize \noindent \unhbox \@tempboxa #2}\else \ifCLASSOPTIONcon
ference \hbox to\hsize {\normalfont \footnotesize \hfil \box \@tempboxa \hfil }
\else \hbox to\hsize {\normalfont \footnotesize \box \@tempboxa \hfil }\fi \fi 
\fi  on input line 1139.
)
\c@KVtest=\count292
\sf@farskip=\skip58
\sf@captopadj=\dimen256
\sf@capskip=\skip59
\sf@nearskip=\skip60
\c@subfigure=\count293
\c@subfigure@save=\count294
\c@lofdepth=\count295
\c@subtable=\count296
\c@subtable@save=\count297
\c@lotdepth=\count298
\sf@top=\skip61
\sf@bottom=\skip62
)
(/usr/local/texlive/2021/texmf-dist/tex/latex/algorithm2e/algorithm2e.sty
Invalid UTF-8 byte or sequence at line 284 replaced by U+FFFD.
Invalid UTF-8 byte or sequence at line 299 replaced by U+FFFD.
Invalid UTF-8 byte or sequence at line 550 replaced by U+FFFD.
Package: algorithm2e 2017/07/18 v5.2 algorithms environments
\c@AlgoLine=\count299

(/usr/local/texlive/2021/texmf-dist/tex/latex/base/ifthen.sty
Package: ifthen 2014/09/29 v1.1c Standard LaTeX ifthen package (DPC)
)
\algocf@hangindent=\skip63

(/usr/local/texlive/2021/texmf-dist/tex/latex/ifoddpage/ifoddpage.sty
Package: ifoddpage 2016/04/23 v1.1 Conditionals for odd/even page detection
\c@checkoddpage=\count300
)
(/usr/local/texlive/2021/texmf-dist/tex/latex/tools/xspace.sty
Package: xspace 2014/10/28 v1.13 Space after command names (DPC,MH)
)
(/usr/local/texlive/2021/texmf-dist/tex/latex/relsize/relsize.sty
Package: relsize 2013/03/29 ver 4.1
)
\skiptotal=\skip64
\skiplinenumber=\skip65
\skiprule=\skip66
\skiphlne=\skip67
\skiptext=\skip68
\skiplength=\skip69
\algomargin=\skip70
\skipalgocfslide=\skip71
\algowidth=\dimen257
\inoutsize=\dimen258
\inoutindent=\dimen259
\interspacetitleruled=\dimen260
\interspacealgoruled=\dimen261
\interspacetitleboxruled=\dimen262
\algocf@ruledwidth=\skip72
\algocf@inoutbox=\box56
\algocf@inputbox=\box57
\AlCapSkip=\skip73
\AlCapHSkip=\skip74
\algoskipindent=\skip75
\algocf@nlbox=\box58
\algocf@hangingbox=\box59
\algocf@untilbox=\box60
\algocf@skipuntil=\skip76
\algocf@capbox=\box61
\algocf@lcaptionbox=\skip77
\algoheightruledefault=\skip78
\algoheightrule=\skip79
\algotitleheightruledefault=\skip80
\algotitleheightrule=\skip81
\c@algocfline=\count301
\c@algocfproc=\count302
\c@algocf=\count303
\algocf@algoframe=\box62
\algocf@algobox=\box63
)
(/usr/local/texlive/2021/texmf-dist/tex/latex/etoolbox/etoolbox.sty
Package: etoolbox 2020/10/05 v2.5k e-TeX tools for LaTeX (JAW)
\etb@tempcnta=\count304
)
\c@theorem=\count305
\c@proposition=\count306
\c@lemma=\count307
\c@remark=\count308
\c@corollary=\count309
\c@definition=\count310

No file 2308.03004_xelatex.aux.
\openout1 = `2308.03004_xelatex.aux'.

LaTeX Font Info:    Checking defaults for OML/cmm/m/it on input line 40.
LaTeX Font Info:    ... okay on input line 40.
LaTeX Font Info:    Checking defaults for OMS/cmsy/m/n on input line 40.
LaTeX Font Info:    ... okay on input line 40.
LaTeX Font Info:    Checking defaults for OT1/cmr/m/n on input line 40.
LaTeX Font Info:    ... okay on input line 40.
LaTeX Font Info:    Checking defaults for T1/cmr/m/n on input line 40.
LaTeX Font Info:    ... okay on input line 40.
LaTeX Font Info:    Checking defaults for TS1/cmr/m/n on input line 40.
LaTeX Font Info:    Trying to load font information for TS1+cmr on input line 4
0.
(/usr/local/texlive/2021/texmf-dist/tex/latex/base/ts1cmr.fd
File: ts1cmr.fd 2019/12/16 v2.5j Standard LaTeX font definitions
)
LaTeX Font Info:    ... okay on input line 40.
LaTeX Font Info:    Checking defaults for TU/lmr/m/n on input line 40.
LaTeX Font Info:    ... okay on input line 40.
LaTeX Font Info:    Checking defaults for OMX/cmex/m/n on input line 40.
LaTeX Font Info:    ... okay on input line 40.
LaTeX Font Info:    Checking defaults for U/cmr/m/n on input line 40.
LaTeX Font Info:    ... okay on input line 40.

-- Lines per column: 56 (exact).

Package fontspec Info: Adjusting the maths setup (use [no-math] to avoid
(fontspec)             this).

\symlegacymaths=\mathgroup6
LaTeX Font Info:    Overwriting symbol font `legacymaths' in version `bold'
(Font)                  OT1/cmr/m/n --> OT1/cmr/bx/n on input line 40.
LaTeX Font Info:    Redeclaring math accent \acute on input line 40.
LaTeX Font Info:    Redeclaring math accent \grave on input line 40.
LaTeX Font Info:    Redeclaring math accent \ddot on input line 40.
LaTeX Font Info:    Redeclaring math accent \tilde on input line 40.
LaTeX Font Info:    Redeclaring math accent \bar on input line 40.
LaTeX Font Info:    Redeclaring math accent \breve on input line 40.
LaTeX Font Info:    Redeclaring math accent \check on input line 40.
LaTeX Font Info:    Redeclaring math accent \hat on input line 40.
LaTeX Font Info:    Redeclaring math accent \dot on input line 40.
LaTeX Font Info:    Redeclaring math accent \mathring on input line 40.
LaTeX Font Info:    Redeclaring math symbol \Gamma on input line 40.
LaTeX Font Info:    Redeclaring math symbol \Delta on input line 40.
LaTeX Font Info:    Redeclaring math symbol \Theta on input line 40.
LaTeX Font Info:    Redeclaring math symbol \Lambda on input line 40.
LaTeX Font Info:    Redeclaring math symbol \Xi on input line 40.
LaTeX Font Info:    Redeclaring math symbol \Pi on input line 40.
LaTeX Font Info:    Redeclaring math symbol \Sigma on input line 40.
LaTeX Font Info:    Redeclaring math symbol \Upsilon on input line 40.
LaTeX Font Info:    Redeclaring math symbol \Phi on input line 40.
LaTeX Font Info:    Redeclaring math symbol \Psi on input line 40.
LaTeX Font Info:    Redeclaring math symbol \Omega on input line 40.
LaTeX Font Info:    Redeclaring math symbol \mathdollar on input line 40.
LaTeX Font Info:    Redeclaring symbol font `operators' on input line 40.
LaTeX Font Info:    Encoding `OT1' has changed to `TU' for symbol font
(Font)              `operators' in the math version `normal' on input line 40.
LaTeX Font Info:    Overwriting symbol font `operators' in version `normal'
(Font)                  OT1/cmr/m/n --> TU/lmr/m/n on input line 40.
LaTeX Font Info:    Encoding `OT1' has changed to `TU' for symbol font
(Font)              `operators' in the math version `bold' on input line 40.
LaTeX Font Info:    Overwriting symbol font `operators' in version `bold'
(Font)                  OT1/cmr/bx/n --> TU/lmr/m/n on input line 40.
LaTeX Font Info:    Overwriting symbol font `operators' in version `normal'
(Font)                  TU/lmr/m/n --> TU/lmr/m/n on input line 40.
LaTeX Font Info:    Overwriting math alphabet `\mathit' in version `normal'
(Font)                  OT1/cmr/m/it --> TU/lmr/m/it on input line 40.
LaTeX Font Info:    Overwriting math alphabet `\mathbf' in version `normal'
(Font)                  OT1/cmr/bx/n --> TU/lmr/b/n on input line 40.
LaTeX Font Info:    Overwriting math alphabet `\mathsf' in version `normal'
(Font)                  OT1/cmss/m/n --> TU/lmss/m/n on input line 40.
LaTeX Font Info:    Overwriting math alphabet `\mathtt' in version `normal'
(Font)                  OT1/cmtt/m/n --> TU/lmtt/m/n on input line 40.
LaTeX Font Info:    Overwriting symbol font `operators' in version `bold'
(Font)                  TU/lmr/m/n --> TU/lmr/b/n on input line 40.
LaTeX Font Info:    Overwriting math alphabet `\mathit' in version `bold'
(Font)                  OT1/cmr/bx/it --> TU/lmr/b/it on input line 40.
LaTeX Font Info:    Overwriting math alphabet `\mathsf' in version `bold'
(Font)                  OT1/cmss/bx/n --> TU/lmss/b/n on input line 40.
LaTeX Font Info:    Overwriting math alphabet `\mathtt' in version `bold'
(Font)                  OT1/cmtt/m/n --> TU/lmtt/b/n on input line 40.
ABD: EverySelectfont initializing macros
LaTeX Info: Redefining \selectfont on input line 40.

Package fontspec Info: Font family 'UnBatang.ttf(0)' created for font
(fontspec)             'UnBatang.ttf' with options
(fontspec)             [Ligatures=TeX,BoldFont={UnBatangBold.ttf},Script={Hangu
l},Language={Korean}].
(fontspec)              
(fontspec)              This font family consists of the following NFSS
(fontspec)             series/shapes:
(fontspec)              
(fontspec)             - 'normal' (m/n) with NFSS spec.:
(fontspec)             <->"[UnBatang.ttf]/OT:script=hang;language=KOR;mapping=t
ex-text;"
(fontspec)             - 'small caps'  (m/sc) with NFSS spec.: 
(fontspec)             - 'bold' (b/n) with NFSS spec.:
(fontspec)             <->"[UnBatangBold.ttf]/OT:script=hang;language=KOR;mappi
ng=tex-text;"
(fontspec)             - 'bold small caps'  (b/sc) with NFSS spec.: 


Package fontspec Info: Font family 'UnDotum.ttf(0)' created for font
(fontspec)             'UnDotum.ttf' with options
(fontspec)             [Ligatures=TeX,BoldFont={UnDotumBold.ttf}].
(fontspec)              
(fontspec)              This font family consists of the following NFSS
(fontspec)             series/shapes:
(fontspec)              
(fontspec)             - 'normal' (m/n) with NFSS spec.:
(fontspec)             <->"[UnDotum.ttf]/OT:language=dflt;mapping=tex-text;"
(fontspec)             - 'small caps'  (m/sc) with NFSS spec.: 
(fontspec)             - 'bold' (b/n) with NFSS spec.:
(fontspec)             <->"[UnDotumBold.ttf]/OT:language=dflt;mapping=tex-text;
"
(fontspec)             - 'bold small caps'  (b/sc) with NFSS spec.: 


Package fontspec Info: Font family 'UnDotum.ttf(1)' created for font
(fontspec)             'UnDotum.ttf' with options
(fontspec)             [Ligatures=TeX,BoldFont={UnDotumBold.ttf},UprightFeature
s={SizeFeatures={{Size={-8.5},
(fontspec)             FakeStretch=1.062}, {Size={8.5-11}, FakeStretch=1.05 },
(fontspec)             {Size={11-}, FakeStretch=1.03
(fontspec)             }}},BoldFeatures={SizeFeatures={{Size={-},
(fontspec)             FakeStretch=1.05 }}},WordSpace={1.66667,0,0}].
(fontspec)              
(fontspec)              This font family consists of the following NFSS
(fontspec)             series/shapes:
(fontspec)              
(fontspec)             - 'normal' (m/n) with NFSS spec.:
(fontspec)             <-8.5>"[UnDotum.ttf]/OT:language=dflt;extend=1.062;mappi
ng=tex-text;"<8.5-11>"[UnDotum.ttf]/OT:language=dflt;extend=1.05;mapping=tex-te
xt;"<11->"[UnDotum.ttf]/OT:language=dflt;extend=1.03;mapping=tex-text;"
(fontspec)             - 'small caps'  (m/sc) with NFSS spec.: 
(fontspec)             and font adjustment code:
(fontspec)             \fontdimen 2\font =1.66667\fontdimen 2\font \fontdimen
(fontspec)             3\font =0\fontdimen 3\font \fontdimen 4\font
(fontspec)             =0\fontdimen 4\font 
(fontspec)             - 'bold' (b/n) with NFSS spec.:
(fontspec)             <->"[UnDotumBold.ttf]/OT:language=dflt;extend=1.05;mappi
ng=tex-text;"
(fontspec)             - 'bold small caps'  (b/sc) with NFSS spec.: 
(fontspec)             and font adjustment code:
(fontspec)             \fontdimen 2\font =1.66667\fontdimen 2\font \fontdimen
(fontspec)             3\font =0\fontdimen 3\font \fontdimen 4\font
(fontspec)             =0\fontdimen 4\font 

Package caption Info: Begin \AtBeginDocument code.
Package caption Info: subfig package v1.3 is loaded.
Package caption Info: End \AtBeginDocument code.


LaTeX Font Warning: Font shape `TU/UnBatang.ttf(0)/m/it' undefined
(Font)              using `TU/UnBatang.ttf(0)/m/n' instead on input line 70.


Underfull \hbox (badness 10000) in paragraph at lines 70--70
[][][]\TU/lmr/m/n/8 Geon Choi is with the Department of Electrical Engi-
 []


Underfull \hbox (badness 10000) in paragraph at lines 70--70
\TU/lmr/m/n/8 neering, POSTECH, Pohang 37673, South Korea \TU/UnBatang.ttf(0)/m
/n/8 (\TU/lmr/m/n/8 e-mail:
 []

LaTeX Font Info:    Font shape `TU/UnBatang.ttf(0)/bx/n' in size <9> not availa
ble
(Font)              Font shape `TU/UnBatang.ttf(0)/b/n' tried instead on input 
line 72.

LaTeX Font Warning: Font shape `TU/UnBatang.ttf(0)/bx/it' undefined
(Font)              using `TU/UnBatang.ttf(0)/bx/n' instead on input line 72.

LaTeX Font Info:    Font shape `TU/UnBatang.ttf(0)/bx/it' in size <9> not avail
able
(Font)              Font shape `TU/UnBatang.ttf(0)/b/n' tried instead on input 
line 72.

LaTeX Font Warning: Font shape `TU/UnBatang.ttf(0)/m/sc' undefined
(Font)              using `TU/UnBatang.ttf(0)/m/n' instead on input line 95.

LaTeX Font Info:    Font shape `TU/UnBatang.ttf(0)/bx/n' in size <10> not avail
able
(Font)              Font shape `TU/UnBatang.ttf(0)/b/n' tried instead on input 
line 96.

LaTeX Warning: Citation `Wang-6G-Survey' on page 1 undefined on input line 96.


LaTeX Warning: Citation `tataria-6G-URLLC' on page 1 undefined on input line 96
.


LaTeX Warning: Citation `zhang-6G-URLLC' on page 1 undefined on input line 96.


LaTeX Warning: Citation `david-6G-URLLC' on page 1 undefined on input line 96.

LaTeX Font Info:    Trying to load font information for U+msa on input line 96.

(/usr/local/texlive/2021/texmf-dist/tex/latex/amsfonts/umsa.fd
File: umsa.fd 2013/01/14 v3.01 AMS symbols A
)
LaTeX Font Info:    Trying to load font information for U+msb on input line 96.


(/usr/local/texlive/2021/texmf-dist/tex/latex/amsfonts/umsb.fd
File: umsb.fd 2013/01/14 v3.01 AMS symbols B
)

LaTeX Warning: Citation `Chen-URLLC' on page 1 undefined on input line 96.


LaTeX Warning: Citation `shirvanimoghaddam19' on page 1 undefined on input line
 96.


LaTeX Warning: Citation `yue23' on page 1 undefined on input line 96.


LaTeX Warning: Citation `polyanskiy-finite' on page 1 undefined on input line 9
6.


LaTeX Warning: Citation `Yang-finite-mimo-fading' on page 1 undefined on input 
line 96.


LaTeX Warning: Citation `Makki-finite-HARQ' on page 1 undefined on input line 9
6.


LaTeX Warning: Citation `arikan-polar' on page 1 undefined on input line 103.


LaTeX Warning: Citation `arikan-polar' on page 1 undefined on input line 103.


LaTeX Warning: Citation `Hui-5G-coding-comparison' on page 1 undefined on input
 line 103.


LaTeX Warning: Citation `Tal-polar-SCL' on page 1 undefined on input line 103.


LaTeX Warning: Citation `Balatsoukas-SCL-log' on page 1 undefined on input line
 103.


LaTeX Warning: Citation `mondelli-urbanke-polar2RM' on page 1 undefined on inpu
t line 103.


LaTeX Warning: Citation `li-tse-rm-polar' on page 1 undefined on input line 103
.


LaTeX Warning: Citation `Abbe-Reed-Muller' on page 1 undefined on input line 10
3.


LaTeX Warning: Citation `Tal-polar-SCL' on page 1 undefined on input line 106.


LaTeX Warning: Citation `Niu-CA-polar' on page 1 undefined on input line 106.


LaTeX Warning: Citation `Wang-PCC-polar' on page 1 undefined on input line 106.



LaTeX Warning: Citation `Trifonov-polar-dynamic-frozen' on page 1 undefined on 
input line 106.


LaTeX Warning: Citation `Trifonov-polar-subcode' on page 1 undefined on input l
ine 106.


LaTeX Warning: Citation `Zhang-PC-polar-Huawei' on page 1 undefined on input li
ne 106.


LaTeX Warning: Citation `arikan-pac' on page 1 undefined on input line 106.


LaTeX Warning: Citation `arikan-pac' on page 1 undefined on input line 106.


LaTeX Warning: Citation `moradi-pac' on page 1 undefined on input line 106.


LaTeX Warning: Citation `vardy-pac' on page 1 undefined on input line 106.


LaTeX Warning: Citation `Moradi-PAC-Fano-metric' on page 1 undefined on input l
ine 106.


LaTeX Warning: Citation `Rowshan-PAC-Fano-metric' on page 1 undefined on input 
line 106.


LaTeX Warning: Citation `Liu-PAC-construction' on page 1 undefined on input lin
e 106.


LaTeX Warning: Citation `Rowshan-PAC-construction' on page 1 undefined on input
 line 106.


LaTeX Warning: Citation `Moradi-pac-monte-carlo' on page 1 undefined on input l
ine 106.


LaTeX Warning: Citation `Miloslavskaya-recursive-design' on page 1 undefined on
 input line 106.


LaTeX Warning: Citation `Chiu-PAC-consgruction' on page 1 undefined on input li
ne 106.


Underfull \hbox (badness 1735) in paragraph at lines 106--107
\TU/ptm/bx/it/10 codes \TU/UnBatang.ttf(0)/m/it/10 [\TU/lmr/bx/n/10 ?\TU/UnBata
ng.ttf(0)/m/it/10 ] \TU/ptm/bx/it/10 leverage convolutional precoding as a pre-

 []


Underfull \vbox (badness 1237) has occurred while \output is active []

 [1


]

LaTeX Warning: Citation `li-pretransformed' on page 2 undefined on input line 1
10.


LaTeX Warning: Citation `li-pretransformed-average' on page 2 undefined on inpu
t line 110.


LaTeX Warning: Citation `Niu-CA-polar' on page 2 undefined on input line 110.


LaTeX Warning: Citation `Wang-PCC-polar' on page 2 undefined on input line 110.



LaTeX Warning: Citation `Trifonov-polar-dynamic-frozen' on page 2 undefined on 
input line 110.


LaTeX Warning: Citation `Trifonov-polar-subcode' on page 2 undefined on input l
ine 110.


LaTeX Warning: Citation `Zhang-PC-polar-Huawei' on page 2 undefined on input li
ne 110.


LaTeX Warning: Citation `arikan-pac' on page 2 undefined on input line 110.


LaTeX Warning: Citation `Zhou-segmented-CApolar-SCL' on page 2 undefined on inp
ut line 110.


LaTeX Warning: Citation `Liang-segmented-BCH-CApolar-SCL' on page 2 undefined o
n input line 110.


LaTeX Warning: Citation `Gelincik-polar-row-merging' on page 2 undefined on inp
ut line 110.


Underfull \hbox (badness 1354) in paragraph at lines 110--111
[]\TU/ptm/bx/it/10 A significant finding has recently emerged in pre-
 []


Underfull \vbox (badness 2922) has occurred while \output is active []

 [2]
Overfull \hbox (4.7195pt too wide) detected at line 269
[]
 []


LaTeX Warning: Citation `costello-road2capacity' on page 3 undefined on input l
ine 284.


LaTeX Warning: Citation `arikan-polar' on page 3 undefined on input line 318.


LaTeX Warning: Citation `arikan-polar' on page 3 undefined on input line 326.


LaTeX Warning: Citation `Abbe-Reed-Muller' on page 3 undefined on input line 36
6.

[3]

LaTeX Warning: Citation `li-pretransformed' on page 4 undefined on input line 3
88.

File: Encoder.pdf Graphic file (type pdf)
<use Encoder.pdf>

LaTeX Warning: Reference `fig:encoder' on page 4 undefined on input line 452.


Underfull \hbox (badness 10000) in paragraph at lines 455--457
\TU/ptm/bx/it/10 The primary feature is that the proposed pre-
 []

[4]

LaTeX Warning: Citation `Tal-polar-construction' on page 5 undefined on input l
ine 589.


LaTeX Warning: Citation `Trifnov-polar-construction' on page 5 undefined on inp
ut line 589.

[5]
Underfull \hbox (badness 3460) in paragraph at lines 671--674
[]\TU/lmr/bx/n/10 Rate-compatibility: \TU/ptm/bx/it/10 A design of rate-compati
ble
 []


Underfull \hbox (badness 3746) in paragraph at lines 671--674
\TU/ptm/bx/it/10 codes suitable for hybrid automatic repeat request
 []


LaTeX Warning: Reference `fig:rateprofiling' on page 6 undefined on input line 
699.

File: RateProfiling.pdf Graphic file (type pdf)
<use RateProfiling.pdf>

Overfull \hbox (8.73886pt too wide) detected at line 720
[]
 []


LaTeX Warning: Reference `fig:rateprofiling' on page 6 undefined on input line 
721.

[6]
Overfull \hbox (35.06644pt too wide) in paragraph at lines 740--757
 [][] 
 []


Overfull \hbox (8.73886pt too wide) detected at line 763
[]
 []


LaTeX Warning: Reference `table:WD' on page 7 undefined on input line 794.


LaTeX Warning: Reference `fig:BLER_BEC' on page 7 undefined on input line 799.


LaTeX Warning: Reference `table:WD' on page 7 undefined on input line 799.

[7]
File: BLER_BEC.pdf Graphic file (type pdf)
<use BLER_BEC.pdf>


LaTeX Warning: Reference `eq:encode' on page 8 undefined on input line 838.

File: Decoder1.pdf Graphic file (type pdf)
<use Decoder1.pdf>

LaTeX Warning: Reference `eqn:partial-inverse' on page 8 undefined on input lin
e 908.


LaTeX Warning: Float too large for page by 8.6827pt on input line 917.


LaTeX Warning: Reference `eqn:partial-inverse' on page 8 undefined on input lin
e 928.


LaTeX Warning: Reference `fig:decoder' on page 8 undefined on input line 928.


LaTeX Warning: Reference `alg:deep polar-SCL' on page 8 undefined on input line
 931.

[8]
Underfull \hbox (badness 1910) in paragraph at lines 933--934
[]\TU/ptm/bx/it/10 The proposed decoder introduces an extra decod-
 []

File: Decoder2.pdf Graphic file (type pdf)
<use Decoder2.pdf>

Overfull \hbox (7.40643pt too wide) in paragraph at lines 974--974
 []|\TU/lmr/m/n/8 Estimate| 
 []

LaTeX Font Info:    Font shape `TU/UnBatang.ttf(0)/bx/n' in size <8> not availa
ble
(Font)              Font shape `TU/UnBatang.ttf(0)/b/n' tried instead on input 
line 976.

LaTeX Warning: Reference `fig:BLER-PAC' on page 9 undefined on input line 976.


LaTeX Warning: Citation `3gpp-nr-coding' on page 9 undefined on input line 976.



Overfull \hbox (5.83777pt too wide) in paragraph at lines 976--976
 []|$\OT1/cmr/m/n/8 (128\OML/cmm/m/it/8 ; \OT1/cmr/m/n/8 19)$| 
 []


LaTeX Warning: Reference `fig:BLER-PAC' on page 9 undefined on input line 977.


LaTeX Warning: Citation `3gpp-nr-coding' on page 9 undefined on input line 977.



Overfull \hbox (5.83777pt too wide) in paragraph at lines 977--977
 []|$\OT1/cmr/m/n/8 (128\OML/cmm/m/it/8 ; \OT1/cmr/m/n/8 51)$| 
 []


Overfull \hbox (1.5877pt too wide) in paragraph at lines 977--977
 []|$\OT1/cmr/m/n/8 (16\OML/cmm/m/it/8 ; \OT1/cmr/m/n/8 13)$| 
 []


LaTeX Warning: Reference `fig:BLER-PAC' on page 9 undefined on input line 978.


LaTeX Warning: Citation `3gpp-nr-coding' on page 9 undefined on input line 978.



Overfull \hbox (5.83777pt too wide) in paragraph at lines 978--978
 []|$\OT1/cmr/m/n/8 (128\OML/cmm/m/it/8 ; \OT1/cmr/m/n/8 67)$| 
 []


LaTeX Warning: Reference `fig:BLER-CA-Polar' on page 9 undefined on input line 
980.


LaTeX Warning: Citation `3gpp-nr-coding' on page 9 undefined on input line 980.



Overfull \hbox (5.83777pt too wide) in paragraph at lines 980--980
 []|$\OT1/cmr/m/n/8 (128\OML/cmm/m/it/8 ; \OT1/cmr/m/n/8 21)$| 
 []


LaTeX Warning: Reference `fig:BLER-CA-Polar' on page 9 undefined on input line 
981.


LaTeX Warning: Citation `3gpp-nr-coding' on page 9 undefined on input line 981.



Overfull \hbox (5.83777pt too wide) in paragraph at lines 981--981
 []|$\OT1/cmr/m/n/8 (128\OML/cmm/m/it/8 ; \OT1/cmr/m/n/8 52)$| 
 []


LaTeX Warning: Reference `fig:BLER-CA-Polar' on page 9 undefined on input line 
982.


LaTeX Warning: Citation `3gpp-nr-coding' on page 9 undefined on input line 982.



Overfull \hbox (5.83777pt too wide) in paragraph at lines 982--982
 []|$\OT1/cmr/m/n/8 (128\OML/cmm/m/it/8 ; \OT1/cmr/m/n/8 94)$| 
 []


LaTeX Warning: Reference `fig:BLER-PAC-parallel' on page 9 undefined on input l
ine 984.


LaTeX Warning: Reference `fig:BLER-DP-vs-SCL' on page 9 undefined on input line
 984.


Overfull \hbox (5.83777pt too wide) in paragraph at lines 984--984
 []|$\OT1/cmr/m/n/8 (128\OML/cmm/m/it/8 ; \OT1/cmr/m/n/8 24)$| 
 []


LaTeX Warning: Reference `fig:BLER-PAC-parallel' on page 9 undefined on input l
ine 985.


LaTeX Warning: Reference `fig:BLER-DP-vs-SCL' on page 9 undefined on input line
 985.


Overfull \hbox (5.83777pt too wide) in paragraph at lines 985--985
 []|$\OT1/cmr/m/n/8 (128\OML/cmm/m/it/8 ; \OT1/cmr/m/n/8 59)$| 
 []


LaTeX Warning: Reference `fig:BLER-BOSS' on page 9 undefined on input line 987.



LaTeX Warning: Citation `3gpp-nr-coding' on page 9 undefined on input line 987.



LaTeX Warning: Reference `fig:BLER-BOSS' on page 9 undefined on input line 988.



LaTeX Warning: Citation `3gpp-nr-coding' on page 9 undefined on input line 988.



Overfull \hbox (1.5877pt too wide) in paragraph at lines 988--988
 []|$\OT1/cmr/m/n/8 (128\OML/cmm/m/it/8 ; \OT1/cmr/m/n/8 6)$| 
 []


LaTeX Warning: Reference `fig:BLER-BOSS' on page 9 undefined on input line 989.



LaTeX Warning: Citation `3gpp-nr-coding' on page 9 undefined on input line 989.



Overfull \hbox (1.5877pt too wide) in paragraph at lines 989--989
 []|$\OT1/cmr/m/n/8 (256\OML/cmm/m/it/8 ; \OT1/cmr/m/n/8 6)$| 
 []


LaTeX Warning: Reference `fig:BLER-BOSS' on page 9 undefined on input line 990.



LaTeX Warning: Citation `3gpp-nr-coding' on page 9 undefined on input line 990.



Overfull \hbox (1.5877pt too wide) in paragraph at lines 990--990
 []|$\OT1/cmr/m/n/8 (64\OML/cmm/m/it/8 ; \OT1/cmr/m/n/8 11)$| 
 []


Overfull \hbox (1.5877pt too wide) in paragraph at lines 990--990
 []|$\OT1/cmr/m/n/8 (16\OML/cmm/m/it/8 ; \OT1/cmr/m/n/8 11)$| 
 []


LaTeX Warning: Reference `fig:BLER-BOSS' on page 9 undefined on input line 991.



LaTeX Warning: Citation `3gpp-nr-coding' on page 9 undefined on input line 991.



Overfull \hbox (5.83777pt too wide) in paragraph at lines 991--991
 []|$\OT1/cmr/m/n/8 (128\OML/cmm/m/it/8 ; \OT1/cmr/m/n/8 12)$| 
 []


Overfull \hbox (1.5877pt too wide) in paragraph at lines 991--991
 []|$\OT1/cmr/m/n/8 (16\OML/cmm/m/it/8 ; \OT1/cmr/m/n/8 10)$| 
 []


LaTeX Warning: Reference `fig:BLER-BOSS' on page 9 undefined on input line 992.



LaTeX Warning: Citation `3gpp-nr-coding' on page 9 undefined on input line 992.



Overfull \hbox (5.83777pt too wide) in paragraph at lines 992--992
 []|$\OT1/cmr/m/n/8 (256\OML/cmm/m/it/8 ; \OT1/cmr/m/n/8 13)$| 
 []


LaTeX Warning: Reference `fig:BLER-PAC' on page 9 undefined on input line 994.


LaTeX Warning: Reference `fig:BLER-BOSS' on page 9 undefined on input line 994.



LaTeX Warning: Citation `3gpp-nr-coding' on page 9 undefined on input line 994.



LaTeX Warning: Reference `fig:BLER-PAC' on page 9 undefined on input line 996.


LaTeX Warning: Reference `fig:BLER-PAC-parallel' on page 9 undefined on input l
ine 996.


LaTeX Warning: Citation `arikan-pac' on page 9 undefined on input line 996.


LaTeX Warning: Reference `fig:BLER-PAC' on page 9 undefined on input line 997.


LaTeX Warning: Reference `fig:BLER-PAC-parallel' on page 9 undefined on input l
ine 997.


LaTeX Warning: Citation `arikan-pac' on page 9 undefined on input line 997.


LaTeX Warning: Citation `Trifnov-polar-construction' on page 9 undefined on inp
ut line 999.


Overfull \hbox (28.40915pt too wide) in paragraph at lines 970--1003
 [][] 
 []


LaTeX Warning: Reference `table:simulation-parameters' on page 9 undefined on i
nput line 1015.

[9]

LaTeX Warning: Reference `table:simulation-parameters' on page 10 undefined on 
input line 1018.


LaTeX Warning: Citation `polyanskiy-finite' on page 10 undefined on input line 
1035.


LaTeX Warning: Citation `polyanskiy-finite' on page 10 undefined on input line 
1035.


Underfull \hbox (badness 1354) in paragraph at lines 1035--1036
[]\TU/lmr/bx/n/10 Theoretical bounds \TU/UnBatang.ttf(0)/b/n/10 [\TU/lmr/bx/n/1
0 ?\TU/UnBatang.ttf(0)/b/n/10 ]: \TU/ptm/bx/it/10 We utilize theoretical
 []


LaTeX Warning: Citation `3gpp-nr-coding' on page 10 undefined on input line 103
7.


LaTeX Warning: Citation `3gpp-nr-coding' on page 10 undefined on input line 103
7.


LaTeX Warning: Citation `3gpp-nr-coding' on page 10 undefined on input line 103
7.


LaTeX Warning: Citation `arikan-pac' on page 10 undefined on input line 1039.


LaTeX Warning: Citation `arikan-pac' on page 10 undefined on input line 1039.


LaTeX Warning: Citation `BOSS-URLLC' on page 10 undefined on input line 1041.


LaTeX Warning: Citation `BOSS-URLLC' on page 10 undefined on input line 1041.


LaTeX Warning: Reference `fig:BLER-PAC' on page 10 undefined on input line 1052
.

[10]

LaTeX Warning: Reference `fig:BLER-CA-Polar' on page 11 undefined on input line
 1074.


LaTeX Warning: Reference `fig:BLER-PAC-parallel' on page 11 undefined on input 
line 1078.


LaTeX Warning: Reference `fig:BLER-DP-vs-SCL' on page 11 undefined on input lin
e 1080.

[11]
File: BLER_PAC_3.pdf Graphic file (type pdf)
<use BLER_PAC_3.pdf>

Overfull \hbox (25.20154pt too wide) in paragraph at lines 1087--1088
 [][] 
 []

File: BLER_CA_polar.pdf Graphic file (type pdf)
<use BLER_CA_polar.pdf>

Overfull \hbox (25.20154pt too wide) in paragraph at lines 1095--1096
 [][] 
 []

File: BLER_PAC_parallel.pdf Graphic file (type pdf)
<use BLER_PAC_parallel.pdf>

Overfull \hbox (25.20154pt too wide) in paragraph at lines 1105--1106
 [][] 
 []


LaTeX Warning: Reference `fig:BLER-BOSS' on page 12 undefined on input line 111
4.


Underfull \hbox (badness 3000) in paragraph at lines 1113--1115
\TU/ptm/bx/it/10 and CA-polar codes, at different code rates $\OML/cmm/m/it/10 
R \OMS/cmsy/m/n/10 2
 []

File: BLER_DP_parallel_2.pdf Graphic file (type pdf)
<use BLER_DP_parallel_2.pdf>

Overfull \hbox (25.20154pt too wide) in paragraph at lines 1122--1123
 [][] 
 []

File: BLER_BOSS.pdf Graphic file (type pdf)
<use BLER_BOSS.pdf>

Overfull \hbox (25.20154pt too wide) in paragraph at lines 1131--1132
 [][] 
 []


Underfull \vbox (badness 10000) has occurred while \output is active []

 [12]
No file 2308.03004_xelatex.bbl.

** Conference Paper **
Before submitting the final camera ready copy, remember to:

 1. Manually equalize the lengths of two columns on the last page
 of your paper;

 2. Ensure that any PostScript and/or PDF output post-processing
 uses only Type 1 fonts and that every step in the generation
 process uses the appropriate paper size.

[13]
(/Users/jovyntan/Desktop/work/fyp/exploration/diff_test_tex_engines/bin/compile
d_tex_pdf/2308.03004/2308.03004_xelatex.aux)

LaTeX Font Warning: Some font shapes were not available, defaults substituted.


LaTeX Warning: There were undefined references.


LaTeX Warning: Label(s) may have changed. Rerun to get cross-references right.

 )
(\end occurred when \iffalse on line 12 was incomplete) 
Here is how much of TeX's memory you used:
 11750 strings out of 476919
 217809 string characters out of 5821840
 694447 words of memory out of 5000000
 31535 multiletter control sequences out of 15000+600000
 408813 words of font info for 120 fonts, out of 8000000 for 9000
 1348 hyphenation exceptions out of 8191
 110i,21n,117p,1881b,2585s stack positions out of 5000i,500n,10000p,200000b,80000s

Output written on /Users/jovyntan/Desktop/work/fyp/exploration/diff_test_tex_en
gines/bin/compiled_tex_pdf/2308.03004/2308.03004_xelatex.pdf (13 pages).
