This is pdfTeX, Version 3.141592653-2.6-1.40.22 (TeX Live 2021) (preloaded format=pdflatex 2021.12.5)  20 AUG 2023 02:07
entering extended mode
 restricted \write18 enabled.
 %&-line parsing enabled.
**Main-Sharing_V1.2.tex
(./Main-Sharing_V1.2.tex
LaTeX2e <2020-10-01> patch level 4
L3 programming layer <2021-02-18>
(/usr/local/texlive/2021/texmf-dist/tex/latex/IEEEtran/IEEEtran.cls
Document Class: IEEEtran 2015/08/26 V1.8b by Michael Shell
-- See the "IEEEtran_HOWTO" manual for usage information.
-- http://www.michaelshell.org/tex/ieeetran/
\@IEEEtrantmpdimenA=\dimen138
\@IEEEtrantmpdimenB=\dimen139
\@IEEEtrantmpdimenC=\dimen140
\@IEEEtrantmpcountA=\count179
\@IEEEtrantmpcountB=\count180
\@IEEEtrantmpcountC=\count181
\@IEEEtrantmptoksA=\toks15
LaTeX Font Info:    Trying to load font information for OT1+ptm on input line 5
03.
(/usr/local/texlive/2021/texmf-dist/tex/latex/psnfss/ot1ptm.fd
File: ot1ptm.fd 2001/06/04 font definitions for OT1/ptm.
)
-- Using 210mm x 297mm (a4) paper.
-- Using PDF output.
\@IEEEnormalsizeunitybaselineskip=\dimen141
-- This is a 10 point document.
\CLASSINFOnormalsizebaselineskip=\dimen142
\CLASSINFOnormalsizeunitybaselineskip=\dimen143
\IEEEnormaljot=\dimen144
LaTeX Font Info:    Font shape `OT1/ptm/bx/n' in size <5> not available
(Font)              Font shape `OT1/ptm/b/n' tried instead on input line 1090.
LaTeX Font Info:    Font shape `OT1/ptm/bx/it' in size <5> not available
(Font)              Font shape `OT1/ptm/b/it' tried instead on input line 1090.

LaTeX Font Info:    Font shape `OT1/ptm/bx/n' in size <7> not available
(Font)              Font shape `OT1/ptm/b/n' tried instead on input line 1090.
LaTeX Font Info:    Font shape `OT1/ptm/bx/it' in size <7> not available
(Font)              Font shape `OT1/ptm/b/it' tried instead on input line 1090.

LaTeX Font Info:    Font shape `OT1/ptm/bx/n' in size <8> not available
(Font)              Font shape `OT1/ptm/b/n' tried instead on input line 1090.
LaTeX Font Info:    Font shape `OT1/ptm/bx/it' in size <8> not available
(Font)              Font shape `OT1/ptm/b/it' tried instead on input line 1090.

LaTeX Font Info:    Font shape `OT1/ptm/bx/n' in size <9> not available
(Font)              Font shape `OT1/ptm/b/n' tried instead on input line 1090.
LaTeX Font Info:    Font shape `OT1/ptm/bx/it' in size <9> not available
(Font)              Font shape `OT1/ptm/b/it' tried instead on input line 1090.

LaTeX Font Info:    Font shape `OT1/ptm/bx/n' in size <10> not available
(Font)              Font shape `OT1/ptm/b/n' tried instead on input line 1090.
LaTeX Font Info:    Font shape `OT1/ptm/bx/it' in size <10> not available
(Font)              Font shape `OT1/ptm/b/it' tried instead on input line 1090.

LaTeX Font Info:    Font shape `OT1/ptm/bx/n' in size <11> not available
(Font)              Font shape `OT1/ptm/b/n' tried instead on input line 1090.
LaTeX Font Info:    Font shape `OT1/ptm/bx/it' in size <11> not available
(Font)              Font shape `OT1/ptm/b/it' tried instead on input line 1090.

LaTeX Font Info:    Font shape `OT1/ptm/bx/n' in size <12> not available
(Font)              Font shape `OT1/ptm/b/n' tried instead on input line 1090.
LaTeX Font Info:    Font shape `OT1/ptm/bx/it' in size <12> not available
(Font)              Font shape `OT1/ptm/b/it' tried instead on input line 1090.

LaTeX Font Info:    Font shape `OT1/ptm/bx/n' in size <17> not available
(Font)              Font shape `OT1/ptm/b/n' tried instead on input line 1090.
LaTeX Font Info:    Font shape `OT1/ptm/bx/it' in size <17> not available
(Font)              Font shape `OT1/ptm/b/it' tried instead on input line 1090.

LaTeX Font Info:    Font shape `OT1/ptm/bx/n' in size <20> not available
(Font)              Font shape `OT1/ptm/b/n' tried instead on input line 1090.
LaTeX Font Info:    Font shape `OT1/ptm/bx/it' in size <20> not available
(Font)              Font shape `OT1/ptm/b/it' tried instead on input line 1090.

LaTeX Font Info:    Font shape `OT1/ptm/bx/n' in size <24> not available
(Font)              Font shape `OT1/ptm/b/n' tried instead on input line 1090.
LaTeX Font Info:    Font shape `OT1/ptm/bx/it' in size <24> not available
(Font)              Font shape `OT1/ptm/b/it' tried instead on input line 1090.

\IEEEquantizedlength=\dimen145
\IEEEquantizedlengthdiff=\dimen146
\IEEEquantizedtextheightdiff=\dimen147
\IEEEilabelindentA=\dimen148
\IEEEilabelindentB=\dimen149
\IEEEilabelindent=\dimen150
\IEEEelabelindent=\dimen151
\IEEEdlabelindent=\dimen152
\IEEElabelindent=\dimen153
\IEEEiednormlabelsep=\dimen154
\IEEEiedmathlabelsep=\dimen155
\IEEEiedtopsep=\skip47
\c@section=\count182
\c@subsection=\count183
\c@subsubsection=\count184
\c@paragraph=\count185
\c@IEEEsubequation=\count186
\abovecaptionskip=\skip48
\belowcaptionskip=\skip49
\c@figure=\count187
\c@table=\count188
\@IEEEeqnnumcols=\count189
\@IEEEeqncolcnt=\count190
\@IEEEsubeqnnumrollback=\count191
\@IEEEquantizeheightA=\dimen156
\@IEEEquantizeheightB=\dimen157
\@IEEEquantizeheightC=\dimen158
\@IEEEquantizeprevdepth=\dimen159
\@IEEEquantizemultiple=\count192
\@IEEEquantizeboxA=\box47
\@IEEEtmpitemindent=\dimen160
\IEEEPARstartletwidth=\dimen161
\c@IEEEbiography=\count193
\@IEEEtranrubishbin=\box48
) (/usr/local/texlive/2021/texmf-dist/tex/latex/amsmath/amsmath.sty
Package: amsmath 2020/09/23 v2.17i AMS math features
\@mathmargin=\skip50

For additional information on amsmath, use the `?' option.
(/usr/local/texlive/2021/texmf-dist/tex/latex/amsmath/amstext.sty
Package: amstext 2000/06/29 v2.01 AMS text

(/usr/local/texlive/2021/texmf-dist/tex/latex/amsmath/amsgen.sty
File: amsgen.sty 1999/11/30 v2.0 generic functions
\@emptytoks=\toks16
\ex@=\dimen162
))
(/usr/local/texlive/2021/texmf-dist/tex/latex/amsmath/amsbsy.sty
Package: amsbsy 1999/11/29 v1.2d Bold Symbols
\pmbraise@=\dimen163
)
(/usr/local/texlive/2021/texmf-dist/tex/latex/amsmath/amsopn.sty
Package: amsopn 2016/03/08 v2.02 operator names
)
\inf@bad=\count194
LaTeX Info: Redefining \frac on input line 234.
\uproot@=\count195
\leftroot@=\count196
LaTeX Info: Redefining \overline on input line 399.
\classnum@=\count197
\DOTSCASE@=\count198
LaTeX Info: Redefining \ldots on input line 496.
LaTeX Info: Redefining \dots on input line 499.
LaTeX Info: Redefining \cdots on input line 620.
\Mathstrutbox@=\box49
\strutbox@=\box50
\big@size=\dimen164
LaTeX Font Info:    Redeclaring font encoding OML on input line 743.
LaTeX Font Info:    Redeclaring font encoding OMS on input line 744.
\macc@depth=\count199
\c@MaxMatrixCols=\count266
\dotsspace@=\muskip16
\c@parentequation=\count267
\dspbrk@lvl=\count268
\tag@help=\toks17
\row@=\count269
\column@=\count270
\maxfields@=\count271
\andhelp@=\toks18
\eqnshift@=\dimen165
\alignsep@=\dimen166
\tagshift@=\dimen167
\tagwidth@=\dimen168
\totwidth@=\dimen169
\lineht@=\dimen170
\@envbody=\toks19
\multlinegap=\skip51
\multlinetaggap=\skip52
\mathdisplay@stack=\toks20
LaTeX Info: Redefining \[ on input line 2923.
LaTeX Info: Redefining \] on input line 2924.
)
(/usr/local/texlive/2021/texmf-dist/tex/latex/amsfonts/amsfonts.sty
Package: amsfonts 2013/01/14 v3.01 Basic AMSFonts support
\symAMSa=\mathgroup4
\symAMSb=\mathgroup5
LaTeX Font Info:    Redeclaring math symbol \hbar on input line 98.
LaTeX Font Info:    Overwriting math alphabet `\mathfrak' in version `bold'
(Font)                  U/euf/m/n --> U/euf/b/n on input line 106.
)
(/usr/local/texlive/2021/texmf-dist/tex/latex/algorithms/algorithmic.sty
Package: algorithmic 2009/08/24 v0.1 Document Style `algorithmic'

(/usr/local/texlive/2021/texmf-dist/tex/latex/base/ifthen.sty
Package: ifthen 2014/09/29 v1.1c Standard LaTeX ifthen package (DPC)
)
(/usr/local/texlive/2021/texmf-dist/tex/latex/graphics/keyval.sty
Package: keyval 2014/10/28 v1.15 key=value parser (DPC)
\KV@toks@=\toks21
)
\c@ALC@unique=\count272
\c@ALC@line=\count273
\c@ALC@rem=\count274
\c@ALC@depth=\count275
\ALC@tlm=\skip53
\algorithmicindent=\skip54
)
(/usr/local/texlive/2021/texmf-dist/tex/latex/algorithms/algorithm.sty
Package: algorithm 2009/08/24 v0.1 Document Style `algorithm' - floating enviro
nment

(/usr/local/texlive/2021/texmf-dist/tex/latex/float/float.sty
Package: float 2001/11/08 v1.3d Float enhancements (AL)
\c@float@type=\count276
\float@exts=\toks22
\float@box=\box51
\@float@everytoks=\toks23
\@floatcapt=\box52
)
\@float@every@algorithm=\toks24
\c@algorithm=\count277
)
(/usr/local/texlive/2021/texmf-dist/tex/latex/tools/array.sty
Package: array 2020/10/01 v2.5c Tabular extension package (FMi)
\col@sep=\dimen171
\ar@mcellbox=\box53
\extrarowheight=\dimen172
\NC@list=\toks25
\extratabsurround=\skip55
\backup@length=\skip56
\ar@cellbox=\box54
)
(/usr/local/texlive/2021/texmf-dist/tex/latex/subfig/subfig.sty
Package: subfig 2005/06/28 ver: 1.3 subfig package

(/usr/local/texlive/2021/texmf-dist/tex/latex/caption/caption3.sty
Package: caption3 2020/10/21 v2.2e caption3 kernel (AR)
\captionmargin=\dimen173
\captionmargin@=\dimen174
\captionwidth=\dimen175
\caption@tempdima=\dimen176
\caption@indent=\dimen177
\caption@parindent=\dimen178
\caption@hangindent=\dimen179
Package caption Info: Unknown document class (or package),
(caption)             standard defaults will be used.
Package caption Info: \@makecaption = \long macro:#1#2->\ifx \@captype \@IEEEta
blestring \footnotesize \bgroup \par \centering \@IEEEtabletopskipstrut {\norma
lfont \footnotesize #1}\\{\normalfont \footnotesize \scshape #2}\par \addvspace
 {0.5\baselineskip }\egroup \@IEEEtablecaptionsepspace \else \@IEEEfigurecaptio
nsepspace \setbox \@tempboxa \hbox {\normalfont \footnotesize {#1.}\nobreakspac
e \nobreakspace #2}\ifdim \wd \@tempboxa >\hsize \setbox \@tempboxa \hbox {\nor
malfont \footnotesize {#1.}\nobreakspace \nobreakspace }\parbox [t]{\hsize }{\n
ormalfont \footnotesize \noindent \unhbox \@tempboxa #2}\else \ifCLASSOPTIONcon
ference \hbox to\hsize {\normalfont \footnotesize \hfil \box \@tempboxa \hfil }
\else \hbox to\hsize {\normalfont \footnotesize \box \@tempboxa \hfil }\fi \fi 
\fi  on input line 1139.
)
\c@KVtest=\count278
\sf@farskip=\skip57
\sf@captopadj=\dimen180
\sf@capskip=\skip58
\sf@nearskip=\skip59
\c@subfigure=\count279
\c@subfigure@save=\count280
\c@lofdepth=\count281
\c@subtable=\count282
\c@subtable@save=\count283
\c@lotdepth=\count284
\sf@top=\skip60
\sf@bottom=\skip61
)
(/usr/local/texlive/2021/texmf-dist/tex/latex/sttools/stfloats.sty
Package: stfloats 2017/03/27 v3.3 Improve float mechanism and baselineskip sett
ings
\@dblbotnum=\count285
\c@dblbotnumber=\count286
)
(/usr/local/texlive/2021/texmf-dist/tex/latex/url/url.sty
\Urlmuskip=\muskip17
Package: url 2013/09/16  ver 3.4  Verb mode for urls, etc.
)
(/usr/local/texlive/2021/texmf-dist/tex/latex/tools/verbatim.sty
Package: verbatim 2020-07-07 v1.5u LaTeX2e package for verbatim enhancements
\every@verbatim=\toks26
\verbatim@line=\toks27
\verbatim@in@stream=\read2
)
(/usr/local/texlive/2021/texmf-dist/tex/latex/graphics/graphicx.sty
Package: graphicx 2020/09/09 v1.2b Enhanced LaTeX Graphics (DPC,SPQR)

(/usr/local/texlive/2021/texmf-dist/tex/latex/graphics/graphics.sty
Package: graphics 2020/08/30 v1.4c Standard LaTeX Graphics (DPC,SPQR)

(/usr/local/texlive/2021/texmf-dist/tex/latex/graphics/trig.sty
Package: trig 2016/01/03 v1.10 sin cos tan (DPC)
)
(/usr/local/texlive/2021/texmf-dist/tex/latex/graphics-cfg/graphics.cfg
File: graphics.cfg 2016/06/04 v1.11 sample graphics configuration
)
Package graphics Info: Driver file: pdftex.def on input line 105.

(/usr/local/texlive/2021/texmf-dist/tex/latex/graphics-def/pdftex.def
File: pdftex.def 2020/10/05 v1.2a Graphics/color driver for pdftex
))
\Gin@req@height=\dimen181
\Gin@req@width=\dimen182
)
(/usr/local/texlive/2021/texmf-dist/tex/latex/cite/cite.sty
LaTeX Info: Redefining \cite on input line 302.
LaTeX Info: Redefining \nocite on input line 332.
Package: cite 2015/02/27  v 5.5
)
(/usr/local/texlive/2021/texmf-dist/tex/latex/graphics/color.sty
Package: color 2020/02/24 v1.2b Standard LaTeX Color (DPC)

(/usr/local/texlive/2021/texmf-dist/tex/latex/graphics-cfg/color.cfg
File: color.cfg 2016/01/02 v1.6 sample color configuration
)
Package color Info: Driver file: pdftex.def on input line 147.
)
(/usr/local/texlive/2021/texmf-dist/tex/latex/amsfonts/amssymb.sty
Package: amssymb 2013/01/14 v3.01 AMS font symbols
)
(/usr/local/texlive/2021/texmf-dist/tex/latex/setspace/setspace.sty
Package: setspace 2011/12/19 v6.7a set line spacing
)
(/usr/local/texlive/2021/texmf-dist/tex/latex/booktabs/booktabs.sty
Package: booktabs 2020/01/12 v1.61803398 Publication quality tables
\heavyrulewidth=\dimen183
\lightrulewidth=\dimen184
\cmidrulewidth=\dimen185
\belowrulesep=\dimen186
\belowbottomsep=\dimen187
\aboverulesep=\dimen188
\abovetopsep=\dimen189
\cmidrulesep=\dimen190
\cmidrulekern=\dimen191
\defaultaddspace=\dimen192
\@cmidla=\count287
\@cmidlb=\count288
\@aboverulesep=\dimen193
\@belowrulesep=\dimen194
\@thisruleclass=\count289
\@lastruleclass=\count290
\@thisrulewidth=\dimen195
)
(/usr/local/texlive/2021/texmf-dist/tex/latex/tools/bm.sty
Package: bm 2019/07/24 v1.2d Bold Symbol Support (DPC/FMi)
\symboldoperators=\mathgroup6
\symboldletters=\mathgroup7
\symboldsymbols=\mathgroup8
LaTeX Font Info:    Redeclaring math alphabet \mathbf on input line 141.
LaTeX Info: Redefining \bm on input line 209.
)
(/usr/local/texlive/2021/texmf-dist/tex/latex/multirow/multirow.sty
Package: multirow 2021/03/15 v2.8 Span multiple rows of a table
\multirow@colwidth=\skip62
\multirow@cntb=\count291
\multirow@dima=\skip63
\bigstrutjot=\dimen196
)
(/usr/local/texlive/2021/texmf-dist/tex/latex/makecell/makecell.sty
Package: makecell 2009/08/03 V0.1e Managing of Tab Column Heads and Cells
\rotheadsize=\dimen197
\c@nlinenum=\count292
\TeXr@lab=\toks28
)
\c@proposition=\count293
\c@tempEqCounter=\count294

(/usr/local/texlive/2021/texmf-dist/tex/latex/l3backend/l3backend-pdftex.def
File: l3backend-pdftex.def 2021-03-18 L3 backend support: PDF output (pdfTeX)
\l__color_backend_stack_int=\count295
\l__pdf_internal_box=\box55
)
No file 2308.02298_pdflatex.aux.
\openout1 = `2308.02298_pdflatex.aux'.

LaTeX Font Info:    Checking defaults for OML/cmm/m/it on input line 32.
LaTeX Font Info:    ... okay on input line 32.
LaTeX Font Info:    Checking defaults for OMS/cmsy/m/n on input line 32.
LaTeX Font Info:    ... okay on input line 32.
LaTeX Font Info:    Checking defaults for OT1/cmr/m/n on input line 32.
LaTeX Font Info:    ... okay on input line 32.
LaTeX Font Info:    Checking defaults for T1/cmr/m/n on input line 32.
LaTeX Font Info:    ... okay on input line 32.
LaTeX Font Info:    Checking defaults for TS1/cmr/m/n on input line 32.
LaTeX Font Info:    ... okay on input line 32.
LaTeX Font Info:    Checking defaults for OMX/cmex/m/n on input line 32.
LaTeX Font Info:    ... okay on input line 32.
LaTeX Font Info:    Checking defaults for U/cmr/m/n on input line 32.
LaTeX Font Info:    ... okay on input line 32.
-- Lines per column: 58 (exact).
Package caption Info: Begin \AtBeginDocument code.
Package caption Info: subfig package v1.3 is loaded.
Package caption Info: End \AtBeginDocument code.
(/usr/local/texlive/2021/texmf-dist/tex/context/base/mkii/supp-pdf.mkii
[Loading MPS to PDF converter (version 2006.09.02).]
\scratchcounter=\count296
\scratchdimen=\dimen198
\scratchbox=\box56
\nofMPsegments=\count297
\nofMParguments=\count298
\everyMPshowfont=\toks29
\MPscratchCnt=\count299
\MPscratchDim=\dimen199
\MPnumerator=\count300
\makeMPintoPDFobject=\count301
\everyMPtoPDFconversion=\toks30
) (/usr/local/texlive/2021/texmf-dist/tex/latex/epstopdf-pkg/epstopdf-base.sty
Package: epstopdf-base 2020-01-24 v2.11 Base part for package epstopdf
Package epstopdf-base Info: Redefining graphics rule for `.eps' on input line 4
85.

(/usr/local/texlive/2021/texmf-dist/tex/latex/latexconfig/epstopdf-sys.cfg
File: epstopdf-sys.cfg 2010/07/13 v1.3 Configuration of (r)epstopdf for TeX Liv
e
))

LaTeX Warning: Citation `hassanien2019dual' on page 1 undefined on input line 5
5.


LaTeX Warning: Citation `huang2015radar' on page 1 undefined on input line 55.


LaTeX Warning: Citation `cui2021integrating' on page 1 undefined on input line 
55.


LaTeX Warning: Citation `liu2018mu' on page 1 undefined on input line 55.


LaTeX Warning: Citation `9729765' on page 1 undefined on input line 55.


LaTeX Warning: Citation `9921194' on page 1 undefined on input line 55.


LaTeX Warning: Citation `10136774' on page 1 undefined on input line 55.


LaTeX Warning: Citation `aubry2015new' on page 1 undefined on input line 64.


LaTeX Warning: Citation `de2021joint' on page 1 undefined on input line 64.


LaTeX Warning: Citation `liu2018mimo' on page 1 undefined on input line 64.


LaTeX Warning: Citation `nartasilpa2018communications' on page 1 undefined on i
nput line 64.


LaTeX Warning: Citation `wang2019power' on page 1 undefined on input line 64.


LaTeX Warning: Citation `li2017joint' on page 1 undefined on input line 64.


LaTeX Warning: Citation `zheng2017joint' on page 1 undefined on input line 64.


LaTeX Warning: Citation `wang2019joint' on page 1 undefined on input line 64.


LaTeX Warning: Citation `yxtit2023' on page 1 undefined on input line 64.

LaTeX Font Info:    Trying to load font information for U+msa on input line 71.

(/usr/local/texlive/2021/texmf-dist/tex/latex/amsfonts/umsa.fd
File: umsa.fd 2013/01/14 v3.01 AMS symbols A
)
LaTeX Font Info:    Trying to load font information for U+msb on input line 71.


(/usr/local/texlive/2021/texmf-dist/tex/latex/amsfonts/umsb.fd
File: umsb.fd 2013/01/14 v3.01 AMS symbols B
)

LaTeX Warning: Reference `Sec:System Descriptions' on page 1 undefined on input
 line 76.


LaTeX Warning: Reference `sec:Allocation Design for Sum Rate' on page 1 undefin
ed on input line 76.


LaTeX Warning: Reference `sec:Simulations Results' on page 1 undefined on input
 line 76.


LaTeX Warning: Reference `sec:Conclusions' on page 1 undefined on input line 76
.

<Figure/Sharing.jpg, id=1, 4536.95pt x 2011.515pt>
File: Figure/Sharing.jpg Graphic file (type jpg)
<use Figure/Sharing.jpg>
Package pdftex.def Info: Figure/Sharing.jpg  used on input line 84.
(pdftex.def)             Requested size: 252.0pt x 111.72327pt.

LaTeX Warning: Reference `fig-1' on page 1 undefined on input line 88.

[1{/usr/local/texlive/2021/texmf-var/fonts/map/pdftex/updmap/pdftex.map}


]
Underfull \vbox (badness 5008) has occurred while \output is active []



LaTeX Warning: Reference `O-1' on page 2 undefined on input line 138.


LaTeX Warning: Reference `O-2' on page 2 undefined on input line 138.


LaTeX Warning: Reference `SINR-Constraint' on page 2 undefined on input line 13
8.


LaTeX Warning: Reference `O-4' on page 2 undefined on input line 138.


LaTeX Warning: Reference `O-5' on page 2 undefined on input line 138.


LaTeX Warning: Reference `O-4' on page 2 undefined on input line 138.


LaTeX Warning: Reference `O-5' on page 2 undefined on input line 138.


LaTeX Warning: Reference `O-6' on page 2 undefined on input line 138.


LaTeX Warning: Reference `O-7' on page 2 undefined on input line 138.


LaTeX Warning: Citation `Sen_Tang_Nehorai_2010' on page 2 undefined on input li
ne 138.


LaTeX Warning: Citation `Sit_Nuss_Zwick_2017' on page 2 undefined on input line
 138.


LaTeX Warning: Citation `Papandreou_Antonakopoulos_2007' on page 2 undefined on
 input line 138.


LaTeX Warning: Reference `Optimization Problem' on page 2 undefined on input li
ne 140.


LaTeX Warning: Reference `O-main' on page 2 undefined on input line 141.


LaTeX Warning: Reference `SINR-Constraint' on page 2 undefined on input line 14
1.


LaTeX Warning: Reference `O-1' on page 2 undefined on input line 141.


LaTeX Warning: Reference `Optimization Problem' on page 2 undefined on input li
ne 142.

[2 <./Figure/Sharing.jpg>]

LaTeX Warning: Reference `Optimization Problem' on page 3 undefined on input li
ne 145.


LaTeX Warning: Citation `shen2018fractional' on page 3 undefined on input line 
145.


LaTeX Warning: Reference `Optimization Problem' on page 3 undefined on input li
ne 145.


LaTeX Warning: Reference `Optimization Problem' on page 3 undefined on input li
ne 145.


LaTeX Warning: Reference `subcarrier-rate-n' on page 3 undefined on input line 
148.


LaTeX Warning: Reference `O-1' on page 3 undefined on input line 154.


LaTeX Warning: Reference `O-2' on page 3 undefined on input line 154.


LaTeX Warning: Reference `Optimization Problem' on page 3 undefined on input li
ne 156.


LaTeX Warning: Reference `Optimization Problem re' on page 3 undefined on input
 line 156.


LaTeX Warning: Reference `subcarrier-rate-n' on page 3 undefined on input line 
171.


LaTeX Warning: Reference `11' on page 3 undefined on input line 185.


LaTeX Warning: Reference `10' on page 3 undefined on input line 185.


LaTeX Warning: Reference `10' on page 3 undefined on input line 187.


LaTeX Warning: Reference `18' on page 3 undefined on input line 187.


LaTeX Warning: Reference `leq' on page 3 undefined on input line 189.


LaTeX Warning: Reference `11' on page 3 undefined on input line 199.


LaTeX Warning: Reference `20' on page 3 undefined on input line 212.


LaTeX Warning: Reference `21' on page 3 undefined on input line 212.


LaTeX Warning: Reference `21' on page 3 undefined on input line 214.


LaTeX Warning: Reference `20' on page 3 undefined on input line 219.

[3]

LaTeX Warning: Reference `Optimization Problem' on page 4 undefined on input li
ne 223.


LaTeX Warning: Reference `Optimization Problem re' on page 4 undefined on input
 line 223.


LaTeX Warning: Reference `Optimization Problem re' on page 4 undefined on input
 line 261.


LaTeX Warning: Reference `Optimization Problem re' on page 4 undefined on input
 line 262.


LaTeX Warning: Citation `WangPowerAllocation' on page 4 undefined on input line
 262.


LaTeX Warning: Reference `subcarrier-rate-n-1' on page 4 undefined on input lin
e 264.


LaTeX Warning: Reference `SINR' on page 4 undefined on input line 264.


Underfull \hbox (badness 4441) in paragraph at lines 264--267
[]\OML/cmm/b/it/10 e[]$\OT1/ptm/m/n/10 , $\OML/cmm/b/it/10 ^^L[] \OT1/cmr/m/n/1
0 = []\OML/cmm/b/it/10 e[]$\OT1/ptm/m/n/10 , $\OML/cmm/b/it/10 ^^X[] \OT1/cmr/m
/n/10 = []\OML/cmm/b/it/10 e[]$\OT1/ptm/m/n/10 , $\OML/cmm/b/it/10 ^^M[] \OT1/c
mr/m/n/10 =
 []


LaTeX Warning: Reference `Optimization Problem re' on page 4 undefined on input
 line 274.


LaTeX Warning: Reference `SINR-Re' on page 4 undefined on input line 279.


LaTeX Warning: Reference `O-re-2' on page 4 undefined on input line 279.


LaTeX Warning: Reference `O-re-5' on page 4 undefined on input line 279.


LaTeX Warning: Reference `SINR-Re' on page 4 undefined on input line 279.


LaTeX Warning: Reference `O-re-2' on page 4 undefined on input line 279.


LaTeX Warning: Reference `O-re-5' on page 4 undefined on input line 279.


LaTeX Warning: Reference `OP1' on page 4 undefined on input line 282.


LaTeX Warning: Citation `shen2018fractional' on page 4 undefined on input line 
282.


LaTeX Warning: Reference `SINR-Re' on page 4 undefined on input line 289.


LaTeX Warning: Reference `O-re-2' on page 4 undefined on input line 289.


LaTeX Warning: Reference `O-re-5' on page 4 undefined on input line 289.


LaTeX Warning: Reference `SINR-Re' on page 4 undefined on input line 289.


LaTeX Warning: Reference `O-re-2' on page 4 undefined on input line 289.


LaTeX Warning: Reference `O-re-5' on page 4 undefined on input line 289.


Underfull \vbox (badness 10000) has occurred while \output is active []

 [4]

LaTeX Warning: Reference `y' on page 5 undefined on input line 322.


LaTeX Warning: Reference `OP2' on page 5 undefined on input line 325.


Underfull \hbox (badness 10000) in alignment at lines 307--329
[] 
 []


LaTeX Warning: Citation `bultitude20074' on page 5 undefined on input line 361.


<Figure/0.jpg, id=42, 616.2222pt x 417.7206pt>
File: Figure/0.jpg Graphic file (type jpg)
<use Figure/0.jpg>
Package pdftex.def Info: Figure/0.jpg  used on input line 366.
(pdftex.def)             Requested size: 214.20154pt x 145.19731pt.

LaTeX Warning: Reference `fig-2' on page 5 undefined on input line 372.


LaTeX Warning: Reference `fig-3' on page 5 undefined on input line 372.

<Figure/1.jpg, id=43, 616.704pt x 426.1521pt>
File: Figure/1.jpg Graphic file (type jpg)
<use Figure/1.jpg>
Package pdftex.def Info: Figure/1.jpg  used on input line 377.
(pdftex.def)             Requested size: 214.20154pt x 148.01752pt.

LaTeX Warning: Reference `fig-3' on page 5 undefined on input line 383.

<Figure/2.jpg, id=44, 613.3314pt x 418.6842pt>
File: Figure/2.jpg Graphic file (type jpg)
<use Figure/2.jpg>
Package pdftex.def Info: Figure/2.jpg  used on input line 387.
(pdftex.def)             Requested size: 214.20154pt x 146.22223pt.

LaTeX Warning: Reference `fig-4' on page 5 undefined on input line 393.


LaTeX Warning: Reference `fig-4' on page 5 undefined on input line 393.

[5 <./Figure/0.jpg> <./Figure/1.jpg> <./Figure/2.jpg>]
<Figure/3.jpg, id=49, 613.5723pt x 420.6114pt>
File: Figure/3.jpg Graphic file (type jpg)
<use Figure/3.jpg>
Package pdftex.def Info: Figure/3.jpg  used on input line 397.
(pdftex.def)             Requested size: 214.20154pt x 146.83752pt.


LaTeX Warning: Reference `fig-4' on page 6 undefined on input line 403.


LaTeX Warning: Reference `fig-5' on page 6 undefined on input line 403.

No file 2308.02298_pdflatex.bbl.
[6

 <./Figure/3.jpg>]
(/Users/jovyntan/Desktop/work/fyp/exploration/diff_test_tex_engines/bin/compile
d_tex_pdf/2308.02298/2308.02298_pdflatex.aux)

LaTeX Warning: There were undefined references.


LaTeX Warning: Label(s) may have changed. Rerun to get cross-references right.

 ) 
Here is how much of TeX's memory you used:
 5230 strings out of 478994
 82042 string characters out of 5858184
 402143 words of memory out of 5000000
 22608 multiletter control sequences out of 15000+600000
 450791 words of font info for 125 fonts, out of 8000000 for 9000
 1145 hyphenation exceptions out of 8191
 68i,19n,74p,1143b,264s stack positions out of 5000i,500n,10000p,200000b,80000s
{/usr/local/texlive/2021/texmf-dist/fonts/enc/dvips/base/8r.enc}</usr/local/t
exlive/2021/texmf-dist/fonts/type1/public/amsfonts/cm/cmbx10.pfb></usr/local/te
xlive/2021/texmf-dist/fonts/type1/public/amsfonts/cm/cmex10.pfb></usr/local/tex
live/2021/texmf-dist/fonts/type1/public/amsfonts/cmextra/cmex7.pfb></usr/local/
texlive/2021/texmf-dist/fonts/type1/public/amsfonts/cmextra/cmex9.pfb></usr/loc
al/texlive/2021/texmf-dist/fonts/type1/public/amsfonts/cm/cmmi10.pfb></usr/loca
l/texlive/2021/texmf-dist/fonts/type1/public/amsfonts/cm/cmmi5.pfb></usr/local/
texlive/2021/texmf-dist/fonts/type1/public/amsfonts/cm/cmmi6.pfb></usr/local/te
xlive/2021/texmf-dist/fonts/type1/public/amsfonts/cm/cmmi7.pfb></usr/local/texl
ive/2021/texmf-dist/fonts/type1/public/amsfonts/cm/cmmi8.pfb></usr/local/texliv
e/2021/texmf-dist/fonts/type1/public/amsfonts/cm/cmmi9.pfb></usr/local/texlive/
2021/texmf-dist/fonts/type1/public/amsfonts/cm/cmmib10.pfb></usr/local/texlive/
2021/texmf-dist/fonts/type1/public/amsfonts/cmextra/cmmib7.pfb></usr/local/texl
ive/2021/texmf-dist/fonts/type1/public/amsfonts/cmextra/cmmib9.pfb></usr/local/
texlive/2021/texmf-dist/fonts/type1/public/amsfonts/cm/cmr10.pfb></usr/local/te
xlive/2021/texmf-dist/fonts/type1/public/amsfonts/cm/cmr5.pfb></usr/local/texli
ve/2021/texmf-dist/fonts/type1/public/amsfonts/cm/cmr6.pfb></usr/local/texlive/
2021/texmf-dist/fonts/type1/public/amsfonts/cm/cmr7.pfb></usr/local/texlive/202
1/texmf-dist/fonts/type1/public/amsfonts/cm/cmr9.pfb></usr/local/texlive/2021/t
exmf-dist/fonts/type1/public/amsfonts/cm/cmsy10.pfb></usr/local/texlive/2021/te
xmf-dist/fonts/type1/public/amsfonts/cm/cmsy6.pfb></usr/local/texlive/2021/texm
f-dist/fonts/type1/public/amsfonts/cm/cmsy7.pfb></usr/local/texlive/2021/texmf-
dist/fonts/type1/public/amsfonts/cm/cmsy9.pfb></usr/local/texlive/2021/texmf-di
st/fonts/type1/public/amsfonts/symbols/msam10.pfb></usr/local/texlive/2021/texm
f-dist/fonts/type1/urw/times/utmb8a.pfb></usr/local/texlive/2021/texmf-dist/fon
ts/type1/urw/times/utmbi8a.pfb></usr/local/texlive/2021/texmf-dist/fonts/type1/
urw/times/utmr8a.pfb></usr/local/texlive/2021/texmf-dist/fonts/type1/urw/times/
utmri8a.pfb>
Output written on /Users/jovyntan/Desktop/work/fyp/exploration/diff_test_tex_en
gines/bin/compiled_tex_pdf/2308.02298/2308.02298_pdflatex.pdf (6 pages, 2373226
 bytes).
PDF statistics:
 137 PDF objects out of 1000 (max. 8388607)
 96 compressed objects within 1 object stream
 0 named destinations out of 1000 (max. 500000)
 26 words of extra memory for PDF output out of 10000 (max. 10000000)

